#
# There is insufficient memory for the Java Runtime Environment to continue.
# Native memory allocation (malloc) failed to allocate 452336 bytes for Chunk::new
# Possible reasons:
#   The system is out of physical RAM or swap space
#   The process is running with CompressedOops enabled, and the Java Heap may be blocking the growth of the native heap
# Possible solutions:
#   Reduce memory load on the system
#   Increase physical memory or swap space
#   Check if swap backing store is full
#   Decrease Java heap size (-Xmx/-Xms)
#   Decrease number of Java threads
#   Decrease Java thread stack sizes (-Xss)
#   Set larger code cache with -XX:ReservedCodeCacheSize=
#   JVM is running with Unscaled Compressed Oops mode in which the Java heap is
#     placed in the first 4GB address space. The Java Heap base address is the
#     maximum limit for the native heap growth. Please use -XX:HeapBaseMinAddress
#     to set the Java Heap base and to place the Java Heap above 4GB virtual address.
# This output file may be truncated or incomplete.
#
#  Out of Memory Error (arena.cpp:189), pid=8680, tid=2872
#
# JRE version: Java(TM) SE Runtime Environment (17.0.8+9) (build 17.0.8+9-LTS-211)
# Java VM: Java HotSpot(TM) 64-Bit Server VM (17.0.8+9-LTS-211, mixed mode, sharing, tiered, compressed oops, compressed class ptrs, g1 gc, windows-amd64)
# No core dump will be written. Minidumps are not enabled by default on client versions of Windows
#

---------------  S U M M A R Y ------------

Command Line: -Xmx64m -Xms64m -Dorg.gradle.appname=gradlew org.gradle.wrapper.GradleWrapperMain bootRun

Host: Intel(R) Core(TM) i3-10110U CPU @ 2.10GHz, 4 cores, 3G,  Windows 11 , 64 bit Build 22621 (10.0.22621.3374)
Time: Mon Apr 29 20:04:31 2024 SE Asia Standard Time elapsed time: 0.716098 seconds (0d 0h 0m 0s)

---------------  T H R E A D  ---------------

Current thread (0x000001d0d07acff0):  JavaThread "C2 CompilerThread0" daemon [_thread_in_native, id=2872, stack(0x0000002ab9400000,0x0000002ab9500000)]


Current CompileTask:
C2:    716  654 %     4       java.util.zip.ZipFile$Source::initCEN @ 240 (591 bytes)

Stack: [0x0000002ab9400000,0x0000002ab9500000]
Native frames: (J=compiled Java code, j=interpreted, Vv=VM code, C=native code)
V  [jvm.dll+0x677d0a]
V  [jvm.dll+0x7d8c54]
V  [jvm.dll+0x7da3fe]
V  [jvm.dll+0x7daa63]
V  [jvm.dll+0x245c5f]
V  [jvm.dll+0xaaa6b]
V  [jvm.dll+0xab00c]
V  [jvm.dll+0x361e3f]
V  [jvm.dll+0x32c551]
V  [jvm.dll+0x32b9ea]
V  [jvm.dll+0x217fff]
V  [jvm.dll+0x217431]
V  [jvm.dll+0x1a3af0]
V  [jvm.dll+0x2270be]
V  [jvm.dll+0x22535b]
V  [jvm.dll+0x78e7bc]
V  [jvm.dll+0x788bba]
V  [jvm.dll+0x676b35]
C  [ucrtbase.dll+0x29333]
C  [KERNEL32.DLL+0x1257d]
C  [ntdll.dll+0x5aa48]


---------------  P R O C E S S  ---------------

Threads class SMR info:
_java_thread_list=0x000001d0d09b38d0, length=12, elements={
0x000001d0b59267b0, 0x000001d0d078a010, 0x000001d0d078ae80, 0x000001d0d079e700,
0x000001d0d07a11c0, 0x000001d0d07a2380, 0x000001d0d07a4d40, 0x000001d0d07acff0,
0x000001d0d07b5ea0, 0x000001d0d07c7050, 0x000001d0d09fa6f0, 0x000001d0d09fba20
}

Java Threads: ( => current thread )
  0x000001d0b59267b0 JavaThread "main" [_thread_in_Java, id=23436, stack(0x0000002ab8700000,0x0000002ab8800000)]
  0x000001d0d078a010 JavaThread "Reference Handler" daemon [_thread_blocked, id=16304, stack(0x0000002ab8e00000,0x0000002ab8f00000)]
  0x000001d0d078ae80 JavaThread "Finalizer" daemon [_thread_blocked, id=19364, stack(0x0000002ab8f00000,0x0000002ab9000000)]
  0x000001d0d079e700 JavaThread "Signal Dispatcher" daemon [_thread_blocked, id=19008, stack(0x0000002ab9000000,0x0000002ab9100000)]
  0x000001d0d07a11c0 JavaThread "Attach Listener" daemon [_thread_blocked, id=11844, stack(0x0000002ab9100000,0x0000002ab9200000)]
  0x000001d0d07a2380 JavaThread "Service Thread" daemon [_thread_blocked, id=22092, stack(0x0000002ab9200000,0x0000002ab9300000)]
  0x000001d0d07a4d40 JavaThread "Monitor Deflation Thread" daemon [_thread_blocked, id=17468, stack(0x0000002ab9300000,0x0000002ab9400000)]
=>0x000001d0d07acff0 JavaThread "C2 CompilerThread0" daemon [_thread_in_native, id=2872, stack(0x0000002ab9400000,0x0000002ab9500000)]
  0x000001d0d07b5ea0 JavaThread "C1 CompilerThread0" daemon [_thread_in_native, id=2356, stack(0x0000002ab9500000,0x0000002ab9600000)]
  0x000001d0d07c7050 JavaThread "Sweeper thread" daemon [_thread_blocked, id=23524, stack(0x0000002ab9600000,0x0000002ab9700000)]
  0x000001d0d09fa6f0 JavaThread "Notification Thread" daemon [_thread_blocked, id=11620, stack(0x0000002ab9700000,0x0000002ab9800000)]
  0x000001d0d09fba20 JavaThread "Common-Cleaner" daemon [_thread_blocked, id=19632, stack(0x0000002ab9900000,0x0000002ab9a00000)]

Other Threads:
  0x000001d0d07835f0 VMThread "VM Thread" [stack: 0x0000002ab8d00000,0x0000002ab8e00000] [id=17032]
  0x000001d0d09fb3d0 WatcherThread [stack: 0x0000002ab9800000,0x0000002ab9900000] [id=1396]
  0x000001d0b5942280 GCTaskThread "GC Thread#0" [stack: 0x0000002ab8800000,0x0000002ab8900000] [id=17264]
  0x000001d11607cae0 GCTaskThread "GC Thread#1" [stack: 0x0000002ab9a00000,0x0000002ab9b00000] [id=3788]
  0x000001d0d0d98880 GCTaskThread "GC Thread#2" [stack: 0x0000002ab9b00000,0x0000002ab9c00000] [id=2540]
  0x000001d0d0d15cc0 GCTaskThread "GC Thread#3" [stack: 0x0000002ab9c00000,0x0000002ab9d00000] [id=9608]
  0x000001d0b59439c0 ConcurrentGCThread "G1 Main Marker" [stack: 0x0000002ab8900000,0x0000002ab8a00000] [id=21368]
  0x000001d0b59443d0 ConcurrentGCThread "G1 Conc#0" [stack: 0x0000002ab8a00000,0x0000002ab8b00000] [id=10600]
  0x000001d0b59936e0 ConcurrentGCThread "G1 Refine#0" [stack: 0x0000002ab8b00000,0x0000002ab8c00000] [id=19812]
  0x000001d0b5994100 ConcurrentGCThread "G1 Service" [stack: 0x0000002ab8c00000,0x0000002ab8d00000] [id=9724]

Threads with active compile tasks:
C2 CompilerThread0      759  654 %     4       java.util.zip.ZipFile$Source::initCEN @ 240 (591 bytes)
C1 CompilerThread0      759  716       3       sun.invoke.util.VerifyAccess::isTypeVisible (118 bytes)

VM state: not at safepoint (normal execution)

VM Mutex/Monitor currently owned by a thread: None

Heap address: 0x00000000fc000000, size: 64 MB, Compressed Oops mode: 32-bit

CDS archive(s) mapped at: [0x000001d0d1000000-0x000001d0d1bd0000-0x000001d0d1bd0000), size 12386304, SharedBaseAddress: 0x000001d0d1000000, ArchiveRelocationMode: 1.
Compressed class space mapped at: 0x000001d0d2000000-0x000001d112000000, reserved size: 1073741824
Narrow klass base: 0x000001d0d1000000, Narrow klass shift: 0, Narrow klass range: 0x100000000

GC Precious Log:
 CPUs: 4 total, 4 available
 Memory: 3919M
 Large Page Support: Disabled
 NUMA Support: Disabled
 Compressed Oops: Enabled (32-bit)
 Heap Region Size: 1M
 Heap Min Capacity: 64M
 Heap Initial Capacity: 64M
 Heap Max Capacity: 64M
 Pre-touch: Disabled
 Parallel Workers: 4
 Concurrent Workers: 1
 Concurrent Refinement Workers: 4
 Periodic GC: Disabled

Heap:
 garbage-first heap   total 65536K, used 13612K [0x00000000fc000000, 0x0000000100000000)
  region size 1024K, 9 young (9216K), 2 survivors (2048K)
 Metaspace       used 2635K, committed 2880K, reserved 1114112K
  class space    used 281K, committed 384K, reserved 1048576K

Heap Regions: E=young(eden), S=young(survivor), O=old, HS=humongous(starts), HC=humongous(continues), CS=collection set, F=free, OA=open archive, CA=closed archive, TAMS=top-at-mark-start (previous, next)
|   0|0x00000000fc000000, 0x00000000fc100000, 0x00000000fc100000|100%| O|  |TAMS 0x00000000fc000000, 0x00000000fc000000| Untracked 
|   1|0x00000000fc100000, 0x00000000fc14b200, 0x00000000fc200000| 29%| O|  |TAMS 0x00000000fc100000, 0x00000000fc100000| Untracked 
|   2|0x00000000fc200000, 0x00000000fc300000, 0x00000000fc300000|100%|HS|  |TAMS 0x00000000fc200000, 0x00000000fc200000| Complete 
|   3|0x00000000fc300000, 0x00000000fc400000, 0x00000000fc400000|100%|HC|  |TAMS 0x00000000fc300000, 0x00000000fc300000| Complete 
|   4|0x00000000fc400000, 0x00000000fc500000, 0x00000000fc500000|100%|HC|  |TAMS 0x00000000fc400000, 0x00000000fc400000| Complete 
|   5|0x00000000fc500000, 0x00000000fc600000, 0x00000000fc600000|100%|HC|  |TAMS 0x00000000fc500000, 0x00000000fc500000| Complete 
|   6|0x00000000fc600000, 0x00000000fc600000, 0x00000000fc700000|  0%| F|  |TAMS 0x00000000fc600000, 0x00000000fc600000| Untracked 
|   7|0x00000000fc700000, 0x00000000fc700000, 0x00000000fc800000|  0%| F|  |TAMS 0x00000000fc700000, 0x00000000fc700000| Untracked 
|   8|0x00000000fc800000, 0x00000000fc800000, 0x00000000fc900000|  0%| F|  |TAMS 0x00000000fc800000, 0x00000000fc800000| Untracked 
|   9|0x00000000fc900000, 0x00000000fc900000, 0x00000000fca00000|  0%| F|  |TAMS 0x00000000fc900000, 0x00000000fc900000| Untracked 
|  10|0x00000000fca00000, 0x00000000fca00000, 0x00000000fcb00000|  0%| F|  |TAMS 0x00000000fca00000, 0x00000000fca00000| Untracked 
|  11|0x00000000fcb00000, 0x00000000fcb00000, 0x00000000fcc00000|  0%| F|  |TAMS 0x00000000fcb00000, 0x00000000fcb00000| Untracked 
|  12|0x00000000fcc00000, 0x00000000fcc00000, 0x00000000fcd00000|  0%| F|  |TAMS 0x00000000fcc00000, 0x00000000fcc00000| Untracked 
|  13|0x00000000fcd00000, 0x00000000fcd00000, 0x00000000fce00000|  0%| F|  |TAMS 0x00000000fcd00000, 0x00000000fcd00000| Untracked 
|  14|0x00000000fce00000, 0x00000000fce00000, 0x00000000fcf00000|  0%| F|  |TAMS 0x00000000fce00000, 0x00000000fce00000| Untracked 
|  15|0x00000000fcf00000, 0x00000000fcf00000, 0x00000000fd000000|  0%| F|  |TAMS 0x00000000fcf00000, 0x00000000fcf00000| Untracked 
|  16|0x00000000fd000000, 0x00000000fd000000, 0x00000000fd100000|  0%| F|  |TAMS 0x00000000fd000000, 0x00000000fd000000| Untracked 
|  17|0x00000000fd100000, 0x00000000fd100000, 0x00000000fd200000|  0%| F|  |TAMS 0x00000000fd100000, 0x00000000fd100000| Untracked 
|  18|0x00000000fd200000, 0x00000000fd200000, 0x00000000fd300000|  0%| F|  |TAMS 0x00000000fd200000, 0x00000000fd200000| Untracked 
|  19|0x00000000fd300000, 0x00000000fd300000, 0x00000000fd400000|  0%| F|  |TAMS 0x00000000fd300000, 0x00000000fd300000| Untracked 
|  20|0x00000000fd400000, 0x00000000fd400000, 0x00000000fd500000|  0%| F|  |TAMS 0x00000000fd400000, 0x00000000fd400000| Untracked 
|  21|0x00000000fd500000, 0x00000000fd500000, 0x00000000fd600000|  0%| F|  |TAMS 0x00000000fd500000, 0x00000000fd500000| Untracked 
|  22|0x00000000fd600000, 0x00000000fd600000, 0x00000000fd700000|  0%| F|  |TAMS 0x00000000fd600000, 0x00000000fd600000| Untracked 
|  23|0x00000000fd700000, 0x00000000fd700000, 0x00000000fd800000|  0%| F|  |TAMS 0x00000000fd700000, 0x00000000fd700000| Untracked 
|  24|0x00000000fd800000, 0x00000000fd800000, 0x00000000fd900000|  0%| F|  |TAMS 0x00000000fd800000, 0x00000000fd800000| Untracked 
|  25|0x00000000fd900000, 0x00000000fd900000, 0x00000000fda00000|  0%| F|  |TAMS 0x00000000fd900000, 0x00000000fd900000| Untracked 
|  26|0x00000000fda00000, 0x00000000fda00000, 0x00000000fdb00000|  0%| F|  |TAMS 0x00000000fda00000, 0x00000000fda00000| Untracked 
|  27|0x00000000fdb00000, 0x00000000fdb00000, 0x00000000fdc00000|  0%| F|  |TAMS 0x00000000fdb00000, 0x00000000fdb00000| Untracked 
|  28|0x00000000fdc00000, 0x00000000fdc00000, 0x00000000fdd00000|  0%| F|  |TAMS 0x00000000fdc00000, 0x00000000fdc00000| Untracked 
|  29|0x00000000fdd00000, 0x00000000fdd00000, 0x00000000fde00000|  0%| F|  |TAMS 0x00000000fdd00000, 0x00000000fdd00000| Untracked 
|  30|0x00000000fde00000, 0x00000000fde00000, 0x00000000fdf00000|  0%| F|  |TAMS 0x00000000fde00000, 0x00000000fde00000| Untracked 
|  31|0x00000000fdf00000, 0x00000000fdf00000, 0x00000000fe000000|  0%| F|  |TAMS 0x00000000fdf00000, 0x00000000fdf00000| Untracked 
|  32|0x00000000fe000000, 0x00000000fe000000, 0x00000000fe100000|  0%| F|  |TAMS 0x00000000fe000000, 0x00000000fe000000| Untracked 
|  33|0x00000000fe100000, 0x00000000fe100000, 0x00000000fe200000|  0%| F|  |TAMS 0x00000000fe100000, 0x00000000fe100000| Untracked 
|  34|0x00000000fe200000, 0x00000000fe200000, 0x00000000fe300000|  0%| F|  |TAMS 0x00000000fe200000, 0x00000000fe200000| Untracked 
|  35|0x00000000fe300000, 0x00000000fe300000, 0x00000000fe400000|  0%| F|  |TAMS 0x00000000fe300000, 0x00000000fe300000| Untracked 
|  36|0x00000000fe400000, 0x00000000fe400000, 0x00000000fe500000|  0%| F|  |TAMS 0x00000000fe400000, 0x00000000fe400000| Untracked 
|  37|0x00000000fe500000, 0x00000000fe500000, 0x00000000fe600000|  0%| F|  |TAMS 0x00000000fe500000, 0x00000000fe500000| Untracked 
|  38|0x00000000fe600000, 0x00000000fe600000, 0x00000000fe700000|  0%| F|  |TAMS 0x00000000fe600000, 0x00000000fe600000| Untracked 
|  39|0x00000000fe700000, 0x00000000fe700000, 0x00000000fe800000|  0%| F|  |TAMS 0x00000000fe700000, 0x00000000fe700000| Untracked 
|  40|0x00000000fe800000, 0x00000000fe800000, 0x00000000fe900000|  0%| F|  |TAMS 0x00000000fe800000, 0x00000000fe800000| Untracked 
|  41|0x00000000fe900000, 0x00000000fe900000, 0x00000000fea00000|  0%| F|  |TAMS 0x00000000fe900000, 0x00000000fe900000| Untracked 
|  42|0x00000000fea00000, 0x00000000fea00000, 0x00000000feb00000|  0%| F|  |TAMS 0x00000000fea00000, 0x00000000fea00000| Untracked 
|  43|0x00000000feb00000, 0x00000000feb00000, 0x00000000fec00000|  0%| F|  |TAMS 0x00000000feb00000, 0x00000000feb00000| Untracked 
|  44|0x00000000fec00000, 0x00000000fec00000, 0x00000000fed00000|  0%| F|  |TAMS 0x00000000fec00000, 0x00000000fec00000| Untracked 
|  45|0x00000000fed00000, 0x00000000fed00000, 0x00000000fee00000|  0%| F|  |TAMS 0x00000000fed00000, 0x00000000fed00000| Untracked 
|  46|0x00000000fee00000, 0x00000000fee00000, 0x00000000fef00000|  0%| F|  |TAMS 0x00000000fee00000, 0x00000000fee00000| Untracked 
|  47|0x00000000fef00000, 0x00000000fef00000, 0x00000000ff000000|  0%| F|  |TAMS 0x00000000fef00000, 0x00000000fef00000| Untracked 
|  48|0x00000000ff000000, 0x00000000ff000000, 0x00000000ff100000|  0%| F|  |TAMS 0x00000000ff000000, 0x00000000ff000000| Untracked 
|  49|0x00000000ff100000, 0x00000000ff200000, 0x00000000ff200000|100%| S|CS|TAMS 0x00000000ff100000, 0x00000000ff100000| Complete 
|  50|0x00000000ff200000, 0x00000000ff300000, 0x00000000ff300000|100%| S|CS|TAMS 0x00000000ff200000, 0x00000000ff200000| Complete 
|  51|0x00000000ff300000, 0x00000000ff300000, 0x00000000ff400000|  0%| F|  |TAMS 0x00000000ff300000, 0x00000000ff300000| Untracked 
|  52|0x00000000ff400000, 0x00000000ff400000, 0x00000000ff500000|  0%| F|  |TAMS 0x00000000ff400000, 0x00000000ff400000| Untracked 
|  53|0x00000000ff500000, 0x00000000ff500000, 0x00000000ff600000|  0%| F|  |TAMS 0x00000000ff500000, 0x00000000ff500000| Untracked 
|  54|0x00000000ff600000, 0x00000000ff600000, 0x00000000ff700000|  0%| F|  |TAMS 0x00000000ff600000, 0x00000000ff600000| Untracked 
|  55|0x00000000ff700000, 0x00000000ff700000, 0x00000000ff800000|  0%| F|  |TAMS 0x00000000ff700000, 0x00000000ff700000| Untracked 
|  56|0x00000000ff800000, 0x00000000ff800000, 0x00000000ff900000|  0%| F|  |TAMS 0x00000000ff800000, 0x00000000ff800000| Untracked 
|  57|0x00000000ff900000, 0x00000000ff94b850, 0x00000000ffa00000| 29%| E|  |TAMS 0x00000000ff900000, 0x00000000ff900000| Complete 
|  58|0x00000000ffa00000, 0x00000000ffb00000, 0x00000000ffb00000|100%| E|CS|TAMS 0x00000000ffa00000, 0x00000000ffa00000| Complete 
|  59|0x00000000ffb00000, 0x00000000ffc00000, 0x00000000ffc00000|100%| E|CS|TAMS 0x00000000ffb00000, 0x00000000ffb00000| Complete 
|  60|0x00000000ffc00000, 0x00000000ffd00000, 0x00000000ffd00000|100%| E|CS|TAMS 0x00000000ffc00000, 0x00000000ffc00000| Complete 
|  61|0x00000000ffd00000, 0x00000000ffe00000, 0x00000000ffe00000|100%| E|CS|TAMS 0x00000000ffd00000, 0x00000000ffd00000| Complete 
|  62|0x00000000ffe00000, 0x00000000fff00000, 0x00000000fff00000|100%| E|CS|TAMS 0x00000000ffe00000, 0x00000000ffe00000| Complete 
|  63|0x00000000fff00000, 0x0000000100000000, 0x0000000100000000|100%| E|CS|TAMS 0x00000000fff00000, 0x00000000fff00000| Complete 

Card table byte_map: [0x000001d0cdff0000,0x000001d0ce010000] _byte_map_base: 0x000001d0cd810000

Marking Bits (Prev, Next): (CMBitMap*) 0x000001d0b5942890, (CMBitMap*) 0x000001d0b59428d0
 Prev Bits: [0x000001d0ce030000, 0x000001d0ce130000)
 Next Bits: [0x000001d0ce130000, 0x000001d0ce230000)

Polling page: 0x000001d0b59f0000

Metaspace:

Usage:
  Non-class:      2.30 MB used.
      Class:    281.43 KB used.
       Both:      2.58 MB used.

Virtual space:
  Non-class space:       64.00 MB reserved,       2.44 MB (  4%) committed,  1 nodes.
      Class space:        1.00 GB reserved,     384.00 KB ( <1%) committed,  1 nodes.
             Both:        1.06 GB reserved,       2.81 MB ( <1%) committed. 

Chunk freelists:
   Non-Class:  11.30 MB
       Class:  15.59 MB
        Both:  26.89 MB

MaxMetaspaceSize: unlimited
CompressedClassSpaceSize: 1.00 GB
Initial GC threshold: 21.00 MB
Current GC threshold: 21.00 MB
CDS: on
MetaspaceReclaimPolicy: balanced
 - commit_granule_bytes: 65536.
 - commit_granule_words: 8192.
 - virtual_space_node_default_size: 8388608.
 - enlarge_chunks_in_place: 1.
 - new_chunks_are_fully_committed: 0.
 - uncommit_free_chunks: 1.
 - use_allocation_guard: 0.
 - handle_deallocations: 1.


Internal statistics:

num_allocs_failed_limit: 0.
num_arena_births: 16.
num_arena_deaths: 0.
num_vsnodes_births: 2.
num_vsnodes_deaths: 0.
num_space_committed: 45.
num_space_uncommitted: 0.
num_chunks_returned_to_freelist: 0.
num_chunks_taken_from_freelist: 65.
num_chunk_merges: 0.
num_chunk_splits: 44.
num_chunks_enlarged: 38.
num_purges: 0.
num_inconsistent_stats: 0.

CodeHeap 'non-profiled nmethods': size=120000Kb used=233Kb max_used=233Kb free=119766Kb
 bounds [0x000001d0c6480000, 0x000001d0c66f0000, 0x000001d0cd9b0000]
CodeHeap 'profiled nmethods': size=120000Kb used=1350Kb max_used=1350Kb free=118649Kb
 bounds [0x000001d0be9b0000, 0x000001d0bec20000, 0x000001d0c5ee0000]
CodeHeap 'non-nmethods': size=5760Kb used=1122Kb max_used=1146Kb free=4637Kb
 bounds [0x000001d0c5ee0000, 0x000001d0c6150000, 0x000001d0c6480000]
 total_blobs=1125 nmethods=721 adapters=317
 compilation: enabled
              stopped_count=0, restarted_count=0
 full_count=0

Compilation events (20 events):
Event: 0.702 Thread 0x000001d0d07b5ea0 nmethod 683 0x000001d0c64b7790 code [0x000001d0c64b7920, 0x000001d0c64b79f8]
Event: 0.702 Thread 0x000001d0d07b5ea0  684       3       java.lang.invoke.MethodType$ConcurrentWeakInternSet::get (47 bytes)
Event: 0.703 Thread 0x000001d0d07b5ea0 nmethod 684 0x000001d0beaeb590 code [0x000001d0beaeb7c0, 0x000001d0beaec118]
Event: 0.704 Thread 0x000001d0d07b5ea0  685       3       java.lang.invoke.MemberName::initResolved (53 bytes)
Event: 0.704 Thread 0x000001d0d07b5ea0 nmethod 685 0x000001d0beaec490 code [0x000001d0beaec620, 0x000001d0beaec7d8]
Event: 0.704 Thread 0x000001d0d07b5ea0  686       1       java.lang.invoke.MethodHandles$Lookup::lookupClass (5 bytes)
Event: 0.704 Thread 0x000001d0d07b5ea0 nmethod 686 0x000001d0c64b7a90 code [0x000001d0c64b7c20, 0x000001d0c64b7cf8]
Event: 0.704 Thread 0x000001d0d07b5ea0  687       3       java.util.ImmutableCollections$Set12$1::next (95 bytes)
Event: 0.704 Thread 0x000001d0d07b5ea0 nmethod 687 0x000001d0beaec890 code [0x000001d0beaeca60, 0x000001d0beaecd48]
Event: 0.705 Thread 0x000001d0d07b5ea0  688   !   3       java.lang.invoke.MemberName::getMethodType (211 bytes)
Event: 0.707 Thread 0x000001d0d07b5ea0 nmethod 688 0x000001d0beaece90 code [0x000001d0beaed180, 0x000001d0beaee758]
Event: 0.707 Thread 0x000001d0d07b5ea0  689       3       jdk.internal.org.objectweb.asm.Symbol::<init> (38 bytes)
Event: 0.707 Thread 0x000001d0d07b5ea0 nmethod 689 0x000001d0beaeed10 code [0x000001d0beaeeec0, 0x000001d0beaef158]
Event: 0.707 Thread 0x000001d0d07b5ea0  690       3       jdk.internal.org.objectweb.asm.SymbolTable::put (150 bytes)
Event: 0.707 Thread 0x000001d0d07b5ea0 nmethod 690 0x000001d0beaef210 code [0x000001d0beaef400, 0x000001d0beaefc98]
Event: 0.707 Thread 0x000001d0d07b5ea0  692       3       java.lang.invoke.MethodType::equals (56 bytes)
Event: 0.708 Thread 0x000001d0d07b5ea0 nmethod 692 0x000001d0beaeff90 code [0x000001d0beaf01c0, 0x000001d0beaf0d58]
Event: 0.708 Thread 0x000001d0d07b5ea0  693       3       jdk.internal.org.objectweb.asm.ByteVector::put12 (64 bytes)
Event: 0.709 Thread 0x000001d0d07b5ea0 nmethod 693 0x000001d0beaf0f10 code [0x000001d0beaf10c0, 0x000001d0beaf12e8]
Event: 0.710 Thread 0x000001d0d07b5ea0  694       3       java.lang.StringConcatHelper::newString (67 bytes)

GC Heap History (2 events):
Event: 0.541 GC heap before
{Heap before GC invocations=0 (full 0):
 garbage-first heap   total 65536K, used 12288K [0x00000000fc000000, 0x0000000100000000)
  region size 1024K, 13 young (13312K), 0 survivors (0K)
 Metaspace       used 1768K, committed 1856K, reserved 1114112K
  class space    used 161K, committed 192K, reserved 1048576K
}
Event: 0.546 GC heap after
{Heap after GC invocations=1 (full 0):
 garbage-first heap   total 65536K, used 3372K [0x00000000fc000000, 0x0000000100000000)
  region size 1024K, 2 young (2048K), 2 survivors (2048K)
 Metaspace       used 1768K, committed 1856K, reserved 1114112K
  class space    used 161K, committed 192K, reserved 1048576K
}

Deoptimization events (20 events):
Event: 0.559 Thread 0x000001d0b59267b0 DEOPT PACKING pc=0x000001d0c64a7dc8 sp=0x0000002ab87f9bd0
Event: 0.559 Thread 0x000001d0b59267b0 DEOPT UNPACKING pc=0x000001d0c5f323a3 sp=0x0000002ab87f9b60 mode 2
Event: 0.560 Thread 0x000001d0b59267b0 Uncommon trap: trap_request=0xffffffde fr.pc=0x000001d0c64a7d1c relative=0x0000000000000f1c
Event: 0.560 Thread 0x000001d0b59267b0 Uncommon trap: reason=class_check action=maybe_recompile pc=0x000001d0c64a7d1c method=java.util.HashMap.putVal(ILjava/lang/Object;Ljava/lang/Object;ZZ)Ljava/lang/Object; @ 91 c2
Event: 0.560 Thread 0x000001d0b59267b0 DEOPT PACKING pc=0x000001d0c64a7d1c sp=0x0000002ab87f9bd0
Event: 0.560 Thread 0x000001d0b59267b0 DEOPT UNPACKING pc=0x000001d0c5f323a3 sp=0x0000002ab87f9b60 mode 2
Event: 0.580 Thread 0x000001d0b59267b0 DEOPT PACKING pc=0x000001d0be9e72f7 sp=0x0000002ab87f7480
Event: 0.580 Thread 0x000001d0b59267b0 DEOPT UNPACKING pc=0x000001d0c5f32b43 sp=0x0000002ab87f6940 mode 0
Event: 0.620 Thread 0x000001d0b59267b0 Uncommon trap: trap_request=0xffffffde fr.pc=0x000001d0c64a7d1c relative=0x0000000000000f1c
Event: 0.620 Thread 0x000001d0b59267b0 Uncommon trap: reason=class_check action=maybe_recompile pc=0x000001d0c64a7d1c method=java.util.HashMap.putVal(ILjava/lang/Object;Ljava/lang/Object;ZZ)Ljava/lang/Object; @ 91 c2
Event: 0.620 Thread 0x000001d0b59267b0 DEOPT PACKING pc=0x000001d0c64a7d1c sp=0x0000002ab87fc1d0
Event: 0.620 Thread 0x000001d0b59267b0 DEOPT UNPACKING pc=0x000001d0c5f323a3 sp=0x0000002ab87fc160 mode 2
Event: 0.653 Thread 0x000001d0b59267b0 Uncommon trap: trap_request=0xffffff45 fr.pc=0x000001d0c64ac428 relative=0x0000000000000468
Event: 0.653 Thread 0x000001d0b59267b0 Uncommon trap: reason=unstable_if action=reinterpret pc=0x000001d0c64ac428 method=java.util.zip.ZipCoder$UTF8ZipCoder.checkedHash([BII)I @ 27 c2
Event: 0.653 Thread 0x000001d0b59267b0 DEOPT PACKING pc=0x000001d0c64ac428 sp=0x0000002ab87fb880
Event: 0.653 Thread 0x000001d0b59267b0 DEOPT UNPACKING pc=0x000001d0c5f323a3 sp=0x0000002ab87fb748 mode 2
Event: 0.653 Thread 0x000001d0b59267b0 Uncommon trap: trap_request=0xffffff45 fr.pc=0x000001d0c6488b50 relative=0x00000000000001d0
Event: 0.653 Thread 0x000001d0b59267b0 Uncommon trap: reason=unstable_if action=reinterpret pc=0x000001d0c6488b50 method=java.lang.String.hashCode()I @ 20 c2
Event: 0.653 Thread 0x000001d0b59267b0 DEOPT PACKING pc=0x000001d0c6488b50 sp=0x0000002ab87fb680
Event: 0.653 Thread 0x000001d0b59267b0 DEOPT UNPACKING pc=0x000001d0c5f323a3 sp=0x0000002ab87fb610 mode 2

Classes unloaded (0 events):
No events

Classes redefined (0 events):
No events

Internal exceptions (1 events):
Event: 0.180 Thread 0x000001d0b59267b0 Exception <a 'java/lang/NoSuchMethodError'{0x00000000ffdf0338}: 'int java.lang.invoke.DirectMethodHandle$Holder.invokeStaticInit(java.lang.Object, java.lang.Object)'> (0x00000000ffdf0338) 
thrown [s\open\src\hotspot\share\interpreter\linkResolver.cpp, line 759]

VM Operations (4 events):
Event: 0.077 Executing VM operation: HandshakeAllThreads
Event: 0.077 Executing VM operation: HandshakeAllThreads done
Event: 0.541 Executing VM operation: G1CollectForAllocation
Event: 0.546 Executing VM operation: G1CollectForAllocation done

Events (20 events):
Event: 0.702 loading class java/lang/WeakPairMap$Pair$Weak
Event: 0.702 loading class java/lang/WeakPairMap$WeakRefPeer
Event: 0.702 loading class java/lang/WeakPairMap$WeakRefPeer done
Event: 0.702 loading class java/lang/WeakPairMap$Pair$Weak done
Event: 0.702 loading class java/lang/WeakPairMap$Pair$Weak$1
Event: 0.702 loading class java/lang/WeakPairMap$Pair$Weak$1 done
Event: 0.704 loading class java/lang/reflect/ProxyGenerator
Event: 0.704 loading class java/lang/reflect/ProxyGenerator done
Event: 0.704 loading class java/lang/reflect/ProxyGenerator$ProxyMethod
Event: 0.705 loading class java/lang/reflect/ProxyGenerator$ProxyMethod done
Event: 0.707 loading class java/lang/reflect/ProxyGenerator$PrimitiveTypeInfo
Event: 0.707 loading class java/lang/reflect/ProxyGenerator$PrimitiveTypeInfo done
Event: 0.707 loading class jdk/internal/org/objectweb/asm/Edge
Event: 0.707 loading class jdk/internal/org/objectweb/asm/Edge done
Event: 0.709 loading class java/lang/IllegalAccessException
Event: 0.709 loading class java/lang/IllegalAccessException done
Event: 0.709 loading class java/lang/reflect/UndeclaredThrowableException
Event: 0.709 loading class java/lang/reflect/UndeclaredThrowableException done
Event: 0.709 loading class java/lang/reflect/Proxy$ProxyBuilder$1
Event: 0.709 loading class java/lang/reflect/Proxy$ProxyBuilder$1 done


Dynamic libraries:
0x00007ff6a6180000 - 0x00007ff6a6190000 	D:\APAP JAVA\Java\jdk-17\bin\java.exe
0x00007ffccf470000 - 0x00007ffccf686000 	C:\WINDOWS\SYSTEM32\ntdll.dll
0x00007ffcceb50000 - 0x00007ffccec14000 	C:\WINDOWS\System32\KERNEL32.DLL
0x00007ffcccc10000 - 0x00007ffcccfb7000 	C:\WINDOWS\System32\KERNELBASE.dll
0x00007ffccd080000 - 0x00007ffccd191000 	C:\WINDOWS\System32\ucrtbase.dll
0x00007ffcb3160000 - 0x00007ffcb317b000 	D:\APAP JAVA\Java\jdk-17\bin\VCRUNTIME140.dll
0x00007ffcc6770000 - 0x00007ffcc6789000 	D:\APAP JAVA\Java\jdk-17\bin\jli.dll
0x00007ffccd280000 - 0x00007ffccd332000 	C:\WINDOWS\System32\ADVAPI32.dll
0x00007ffcce1b0000 - 0x00007ffcce257000 	C:\WINDOWS\System32\msvcrt.dll
0x00007ffcce450000 - 0x00007ffcce4f8000 	C:\WINDOWS\System32\sechost.dll
0x00007ffccc830000 - 0x00007ffccc858000 	C:\WINDOWS\System32\bcrypt.dll
0x00007ffccdd00000 - 0x00007ffccde15000 	C:\WINDOWS\System32\RPCRT4.dll
0x00007ffcce000000 - 0x00007ffcce1ae000 	C:\WINDOWS\System32\USER32.dll
0x00007ffcccbe0000 - 0x00007ffcccc06000 	C:\WINDOWS\System32\win32u.dll
0x00007ffcb41e0000 - 0x00007ffcb4473000 	C:\WINDOWS\WinSxS\amd64_microsoft.windows.common-controls_6595b64144ccf1df_6.0.22621.3235_none_270f74e173860f98\COMCTL32.dll
0x00007ffccdcb0000 - 0x00007ffccdcd9000 	C:\WINDOWS\System32\GDI32.dll
0x00007ffccc9d0000 - 0x00007ffcccae9000 	C:\WINDOWS\System32\gdi32full.dll
0x00007ffccc790000 - 0x00007ffccc82a000 	C:\WINDOWS\System32\msvcp_win.dll
0x00007ffcc2cd0000 - 0x00007ffcc2cda000 	C:\WINDOWS\SYSTEM32\VERSION.dll
0x00007ffcce400000 - 0x00007ffcce431000 	C:\WINDOWS\System32\IMM32.DLL
0x00007ffcbd390000 - 0x00007ffcbd39c000 	D:\APAP JAVA\Java\jdk-17\bin\vcruntime140_1.dll
0x00007ffc926f0000 - 0x00007ffc9277e000 	D:\APAP JAVA\Java\jdk-17\bin\msvcp140.dll
0x00007ffc87fd0000 - 0x00007ffc88bae000 	D:\APAP JAVA\Java\jdk-17\bin\server\jvm.dll
0x00007ffcce440000 - 0x00007ffcce448000 	C:\WINDOWS\System32\PSAPI.DLL
0x00007ffca9c30000 - 0x00007ffca9c39000 	C:\WINDOWS\SYSTEM32\WSOCK32.dll
0x00007ffcc41d0000 - 0x00007ffcc4204000 	C:\WINDOWS\SYSTEM32\WINMM.dll
0x00007ffccdc30000 - 0x00007ffccdca1000 	C:\WINDOWS\System32\WS2_32.dll
0x00007ffccb880000 - 0x00007ffccb898000 	C:\WINDOWS\SYSTEM32\kernel.appcore.dll
0x00007ffcb3360000 - 0x00007ffcb336a000 	D:\APAP JAVA\Java\jdk-17\bin\jimage.dll
0x00007ffcc9fe0000 - 0x00007ffcca213000 	C:\WINDOWS\SYSTEM32\DBGHELP.DLL
0x00007ffccec20000 - 0x00007ffccefa8000 	C:\WINDOWS\System32\combase.dll
0x00007ffccd1a0000 - 0x00007ffccd277000 	C:\WINDOWS\System32\OLEAUT32.dll
0x00007ffca69b0000 - 0x00007ffca69e2000 	C:\WINDOWS\SYSTEM32\dbgcore.DLL
0x00007ffcccb60000 - 0x00007ffcccbd9000 	C:\WINDOWS\System32\bcryptPrimitives.dll
0x00007ffcb0cd0000 - 0x00007ffcb0cf5000 	D:\APAP JAVA\Java\jdk-17\bin\java.dll
0x00007ffc89570000 - 0x00007ffc89647000 	D:\APAP JAVA\Java\jdk-17\bin\jsvml.dll
0x00007ffccd340000 - 0x00007ffccdb9c000 	C:\WINDOWS\System32\SHELL32.dll
0x00007ffcca6b0000 - 0x00007ffccafa9000 	C:\WINDOWS\SYSTEM32\windows.storage.dll
0x00007ffcca570000 - 0x00007ffcca6ae000 	C:\WINDOWS\SYSTEM32\wintypes.dll
0x00007ffcce300000 - 0x00007ffcce3f3000 	C:\WINDOWS\System32\SHCORE.dll
0x00007ffccde20000 - 0x00007ffccde7e000 	C:\WINDOWS\System32\shlwapi.dll
0x00007ffccc6c0000 - 0x00007ffccc6e1000 	C:\WINDOWS\SYSTEM32\profapi.dll
0x00007ffcb0c90000 - 0x00007ffcb0ca9000 	D:\APAP JAVA\Java\jdk-17\bin\net.dll
0x00007ffcc35c0000 - 0x00007ffcc36f6000 	C:\WINDOWS\SYSTEM32\WINHTTP.dll
0x00007ffccbcf0000 - 0x00007ffccbd59000 	C:\WINDOWS\system32\mswsock.dll
0x00007ffcaa7b0000 - 0x00007ffcaa7c6000 	D:\APAP JAVA\Java\jdk-17\bin\nio.dll
0x00007ffca6ea0000 - 0x00007ffca6eb8000 	D:\APAP JAVA\Java\jdk-17\bin\zip.dll
0x00007ffcb0cc0000 - 0x00007ffcb0cd0000 	D:\APAP JAVA\Java\jdk-17\bin\verify.dll

dbghelp: loaded successfully - version: 4.0.5 - missing functions: none
symbol engine: initialized successfully - sym options: 0x614 - pdb path: .;D:\APAP JAVA\Java\jdk-17\bin;C:\WINDOWS\SYSTEM32;C:\WINDOWS\WinSxS\amd64_microsoft.windows.common-controls_6595b64144ccf1df_6.0.22621.3235_none_270f74e173860f98;D:\APAP JAVA\Java\jdk-17\bin\server

VM Arguments:
jvm_args: -Xmx64m -Xms64m -Dorg.gradle.appname=gradlew 
java_command: org.gradle.wrapper.GradleWrapperMain bootRun
java_class_path (initial): D:\pindahan\COOLYEAH\Semester 6\Propensi\TK\d02-rtx\smail\\gradle\wrapper\gradle-wrapper.jar
Launcher Type: SUN_STANDARD

[Global flags]
     intx CICompilerCount                          = 3                                         {product} {ergonomic}
     uint ConcGCThreads                            = 1                                         {product} {ergonomic}
     uint G1ConcRefinementThreads                  = 4                                         {product} {ergonomic}
   size_t G1HeapRegionSize                         = 1048576                                   {product} {ergonomic}
    uintx GCDrainStackTargetSize                   = 64                                        {product} {ergonomic}
   size_t InitialHeapSize                          = 67108864                                  {product} {command line}
   size_t MarkStackSize                            = 4194304                                   {product} {ergonomic}
   size_t MaxHeapSize                              = 67108864                                  {product} {command line}
   size_t MaxNewSize                               = 39845888                                  {product} {ergonomic}
   size_t MinHeapDeltaBytes                        = 1048576                                   {product} {ergonomic}
   size_t MinHeapSize                              = 67108864                                  {product} {command line}
    uintx NonNMethodCodeHeapSize                   = 5832780                                {pd product} {ergonomic}
    uintx NonProfiledCodeHeapSize                  = 122912730                              {pd product} {ergonomic}
    uintx ProfiledCodeHeapSize                     = 122912730                              {pd product} {ergonomic}
    uintx ReservedCodeCacheSize                    = 251658240                              {pd product} {ergonomic}
     bool SegmentedCodeCache                       = true                                      {product} {ergonomic}
   size_t SoftMaxHeapSize                          = 67108864                               {manageable} {ergonomic}
     bool UseCompressedClassPointers               = true                           {product lp64_product} {ergonomic}
     bool UseCompressedOops                        = true                           {product lp64_product} {ergonomic}
     bool UseG1GC                                  = true                                      {product} {ergonomic}
     bool UseLargePagesIndividualAllocation        = false                                  {pd product} {ergonomic}

Logging:
Log output configuration:
 #0: stdout all=warning uptime,level,tags
 #1: stderr all=off uptime,level,tags

Environment Variables:
JAVA_HOME=D:\APAP JAVA\Java\jdk-17
CLASSPATH=D:\pindahan\COOLYEAH\Semester 6\Propensi\TK\d02-rtx\smail\\gradle\wrapper\gradle-wrapper.jar
PATH=C:\Python312\Scripts\;C:\Python312\;C:\Program Files\Common Files\Oracle\Java\javapath;C:\Program Files (x86)\Common Files\Oracle\Java\javapath;C:\WINDOWS\system32;C:\WINDOWS;C:\WINDOWS\System32\Wbem;C:\WINDOWS\System32\WindowsPowerShell\v1.0\;C:\WINDOWS\System32\OpenSSH\;C:\Users\Ron\AppData\Local\Programs\Python\Python39;C:\Users\Ron\AppData\Local\Programs\Python\Python39\Scripts;C:\Users\HP\AppData\Local\Programs\Python\Python310\;C:\Users\HP\AppData\Local\Programs\Python\Python310\\Scripts;D:\PuTTY\;D:\Git\cmd;C:\Program Files\Docker\Docker\resources\bin;D:\APAP JAVA\Java\jdk-17\bin;D:\NODE JS\;C:\ProgramData\chocolatey\bin;C:\Users\HP\AppData\Local\Programs\Python\Python310\Scripts\;C:\Users\HP\AppData\Local\Programs\Python\Python310\;C:\Users\Ron\AppData\Local\Programs\Python\Python39;C:\Users\Ron\AppData\Local\Programs\Python\Python39\Scripts;C:\Users\HP\AppData\Local\Programs\Microsoft VS Code\bin;C:\Users\HP\Documents\COOLYEAH\Semester 3\PBP\FLUTTER\bin;C:\Users\HP\Documents\COOLYEAH\Semester 3\PBP\FLUTTER\flutter\bin;C:\Users\HP\AppData\Local\Microsoft\WindowsApps;D:\FLUTTER\bin;C:\Users\HP\AppData\Roaming\npm
USERNAME=HP
LANG=en_US.UTF-8
OS=Windows_NT
PROCESSOR_IDENTIFIER=Intel64 Family 6 Model 142 Stepping 12, GenuineIntel



---------------  S Y S T E M  ---------------

OS:
 Windows 11 , 64 bit Build 22621 (10.0.22621.3374)
OS uptime: 0 days 23:31 hours
Hyper-V role detected

CPU: total 4 (initial active 4) (2 cores per cpu, 2 threads per core) family 6 model 142 stepping 12 microcode 0xec, cx8, cmov, fxsr, ht, mmx, 3dnowpref, sse, sse2, sse3, ssse3, sse4.1, sse4.2, popcnt, lzcnt, tsc, tscinvbit, avx, avx2, aes, erms, clmul, bmi1, bmi2, adx, fma, vzeroupper, clflush, clflushopt, hv

Memory: 4k page, system-wide physical 3919M (240M free)
TotalPageFile size 15695M (AvailPageFile size 0M)
current process WorkingSet (physical memory assigned to process): 65M, peak: 65M
current process commit charge ("private bytes"): 146M, peak: 146M

vm_info: Java HotSpot(TM) 64-Bit Server VM (17.0.8+9-LTS-211) for windows-amd64 JRE (17.0.8+9-LTS-211), built on Jun 14 2023 10:34:31 by "mach5one" with MS VC++ 17.1 (VS2022)

END.
