#
# There is insufficient memory for the Java Runtime Environment to continue.
# Native memory allocation (malloc) failed to allocate 499728 bytes for Chunk::new
# Possible reasons:
#   The system is out of physical RAM or swap space
#   The process is running with CompressedOops enabled, and the Java Heap may be blocking the growth of the native heap
# Possible solutions:
#   Reduce memory load on the system
#   Increase physical memory or swap space
#   Check if swap backing store is full
#   Decrease Java heap size (-Xmx/-Xms)
#   Decrease number of Java threads
#   Decrease Java thread stack sizes (-Xss)
#   Set larger code cache with -XX:ReservedCodeCacheSize=
#   JVM is running with Unscaled Compressed Oops mode in which the Java heap is
#     placed in the first 4GB address space. The Java Heap base address is the
#     maximum limit for the native heap growth. Please use -XX:HeapBaseMinAddress
#     to set the Java Heap base and to place the Java Heap above 4GB virtual address.
# This output file may be truncated or incomplete.
#
#  Out of Memory Error (arena.cpp:189), pid=10432, tid=5188
#
# JRE version: Java(TM) SE Runtime Environment (17.0.8+9) (build 17.0.8+9-LTS-211)
# Java VM: Java HotSpot(TM) 64-Bit Server VM (17.0.8+9-LTS-211, mixed mode, sharing, tiered, compressed oops, compressed class ptrs, g1 gc, windows-amd64)
# No core dump will be written. Minidumps are not enabled by default on client versions of Windows
#

---------------  S U M M A R Y ------------

Command Line: -Xmx64m -Xms64m -Dorg.gradle.appname=gradlew org.gradle.wrapper.GradleWrapperMain bootRun

Host: AMD 3020e with Radeon Graphics                 , 2 cores, 5G,  Windows 11 , 64 bit Build 22621 (10.0.22621.3085)
Time: Sat Mar  9 14:18:07 2024 SE Asia Standard Time elapsed time: 570.856670 seconds (0d 0h 9m 30s)

---------------  T H R E A D  ---------------

Current thread (0x0000027e29e87970):  JavaThread "C2 CompilerThread0" daemon [_thread_in_native, id=5188, stack(0x000000c687a00000,0x000000c687b00000)]


Current CompileTask:
C2: 570857 1827       4       org.gradle.internal.logging.console.WorkInProgressRenderer::renderNow (351 bytes)

Stack: [0x000000c687a00000,0x000000c687b00000]
Native frames: (J=compiled Java code, j=interpreted, Vv=VM code, C=native code)
V  [jvm.dll+0x677d0a]
V  [jvm.dll+0x7d8c54]
V  [jvm.dll+0x7da3fe]
V  [jvm.dll+0x7daa63]
V  [jvm.dll+0x245c5f]
V  [jvm.dll+0xaaa6b]
V  [jvm.dll+0xab00c]
V  [jvm.dll+0x11d534]
V  [jvm.dll+0x60b7b3]
V  [jvm.dll+0x609e74]
V  [jvm.dll+0x217e7e]
V  [jvm.dll+0x217431]
V  [jvm.dll+0x1a3af0]
V  [jvm.dll+0x2270be]
V  [jvm.dll+0x22535b]
V  [jvm.dll+0x78e7bc]
V  [jvm.dll+0x788bba]
V  [jvm.dll+0x676b35]
C  [ucrtbase.dll+0x29363]
C  [KERNEL32.DLL+0x1257d]
C  [ntdll.dll+0x5aa58]


---------------  P R O C E S S  ---------------

Threads class SMR info:
_java_thread_list=0x0000027e6fadb940, length=15, elements={
0x0000027e0f4914d0, 0x0000027e0f55d820, 0x0000027e29e6efe0, 0x0000027e29e82dc0,
0x0000027e29e85880, 0x0000027e29e86230, 0x0000027e29e86be0, 0x0000027e29e87970,
0x0000027e29ef1ee0, 0x0000027e29ef4c90, 0x0000027e29f52ab0, 0x0000027e6f134630,
0x0000027e6fa70620, 0x0000027e6fa165a0, 0x0000027e6fa16a70
}

Java Threads: ( => current thread )
  0x0000027e0f4914d0 JavaThread "main" [_thread_in_native, id=27228, stack(0x000000c686c00000,0x000000c686d00000)]
  0x0000027e0f55d820 JavaThread "Reference Handler" daemon [_thread_blocked, id=18104, stack(0x000000c687400000,0x000000c687500000)]
  0x0000027e29e6efe0 JavaThread "Finalizer" daemon [_thread_blocked, id=22780, stack(0x000000c687500000,0x000000c687600000)]
  0x0000027e29e82dc0 JavaThread "Signal Dispatcher" daemon [_thread_blocked, id=11956, stack(0x000000c687600000,0x000000c687700000)]
  0x0000027e29e85880 JavaThread "Attach Listener" daemon [_thread_blocked, id=1752, stack(0x000000c687700000,0x000000c687800000)]
  0x0000027e29e86230 JavaThread "Service Thread" daemon [_thread_blocked, id=12364, stack(0x000000c687800000,0x000000c687900000)]
  0x0000027e29e86be0 JavaThread "Monitor Deflation Thread" daemon [_thread_blocked, id=9980, stack(0x000000c687900000,0x000000c687a00000)]
=>0x0000027e29e87970 JavaThread "C2 CompilerThread0" daemon [_thread_in_native, id=5188, stack(0x000000c687a00000,0x000000c687b00000)]
  0x0000027e29ef1ee0 JavaThread "C1 CompilerThread0" daemon [_thread_blocked, id=23600, stack(0x000000c687b00000,0x000000c687c00000)]
  0x0000027e29ef4c90 JavaThread "Sweeper thread" daemon [_thread_blocked, id=8592, stack(0x000000c687c00000,0x000000c687d00000)]
  0x0000027e29f52ab0 JavaThread "Notification Thread" daemon [_thread_blocked, id=18848, stack(0x000000c687d00000,0x000000c687e00000)]
  0x0000027e6f134630 JavaThread "Common-Cleaner" daemon [_thread_blocked, id=16504, stack(0x000000c687f00000,0x000000c688000000)]
  0x0000027e6fa70620 JavaThread "pool-1-thread-1" [_thread_blocked, id=26304, stack(0x000000c688100000,0x000000c688200000)]
  0x0000027e6fa165a0 JavaThread "DisconnectableInputStream source reader" daemon [_thread_in_native, id=21536, stack(0x000000c688300000,0x000000c688400000)]
  0x0000027e6fa16a70 JavaThread "Forward input" [_thread_blocked, id=9568, stack(0x000000c688400000,0x000000c688500000)]

Other Threads:
  0x0000027e0f559490 VMThread "VM Thread" [stack: 0x000000c687300000,0x000000c687400000] [id=12600]
  0x0000027e6f130390 WatcherThread [stack: 0x000000c687e00000,0x000000c687f00000] [id=21444]
  0x0000027e0f4b0940 GCTaskThread "GC Thread#0" [stack: 0x000000c686e00000,0x000000c686f00000] [id=7048]
  0x0000027e6f2bb8b0 GCTaskThread "GC Thread#1" [stack: 0x000000c688000000,0x000000c688100000] [id=6844]
  0x0000027e0f4b2080 ConcurrentGCThread "G1 Main Marker" [stack: 0x000000c686f00000,0x000000c687000000] [id=3756]
  0x0000027e0f4b3aa0 ConcurrentGCThread "G1 Conc#0" [stack: 0x000000c687000000,0x000000c687100000] [id=11540]
  0x0000027e0f4f75f0 ConcurrentGCThread "G1 Refine#0" [stack: 0x000000c687100000,0x000000c687200000] [id=4212]
  0x0000027e0f4f8010 ConcurrentGCThread "G1 Service" [stack: 0x000000c687200000,0x000000c687300000] [id=29928]

Threads with active compile tasks:
C2 CompilerThread0   570952 1827       4       org.gradle.internal.logging.console.WorkInProgressRenderer::renderNow (351 bytes)

VM state: not at safepoint (normal execution)

VM Mutex/Monitor currently owned by a thread: None

Heap address: 0x00000000fc000000, size: 64 MB, Compressed Oops mode: 32-bit

CDS archive(s) mapped at: [0x0000027e2a000000-0x0000027e2abd0000-0x0000027e2abd0000), size 12386304, SharedBaseAddress: 0x0000027e2a000000, ArchiveRelocationMode: 1.
Compressed class space mapped at: 0x0000027e2b000000-0x0000027e6b000000, reserved size: 1073741824
Narrow klass base: 0x0000027e2a000000, Narrow klass shift: 0, Narrow klass range: 0x100000000

GC Precious Log:
 CPUs: 2 total, 2 available
 Memory: 6020M
 Large Page Support: Disabled
 NUMA Support: Disabled
 Compressed Oops: Enabled (32-bit)
 Heap Region Size: 1M
 Heap Min Capacity: 64M
 Heap Initial Capacity: 64M
 Heap Max Capacity: 64M
 Pre-touch: Disabled
 Parallel Workers: 2
 Concurrent Workers: 1
 Concurrent Refinement Workers: 2
 Periodic GC: Disabled

Heap:
 garbage-first heap   total 65536K, used 22842K [0x00000000fc000000, 0x0000000100000000)
  region size 1024K, 13 young (13312K), 1 survivors (1024K)
 Metaspace       used 9183K, committed 9344K, reserved 1114112K
  class space    used 1196K, committed 1280K, reserved 1048576K

Heap Regions: E=young(eden), S=young(survivor), O=old, HS=humongous(starts), HC=humongous(continues), CS=collection set, F=free, OA=open archive, CA=closed archive, TAMS=top-at-mark-start (previous, next)
|   0|0x00000000fc000000, 0x00000000fc100000, 0x00000000fc100000|100%| O|  |TAMS 0x00000000fc000000, 0x00000000fc000000| Untracked 
|   1|0x00000000fc100000, 0x00000000fc200000, 0x00000000fc200000|100%| O|  |TAMS 0x00000000fc100000, 0x00000000fc100000| Untracked 
|   2|0x00000000fc200000, 0x00000000fc300000, 0x00000000fc300000|100%|HS|  |TAMS 0x00000000fc200000, 0x00000000fc200000| Complete 
|   3|0x00000000fc300000, 0x00000000fc400000, 0x00000000fc400000|100%|HC|  |TAMS 0x00000000fc300000, 0x00000000fc300000| Complete 
|   4|0x00000000fc400000, 0x00000000fc500000, 0x00000000fc500000|100%|HC|  |TAMS 0x00000000fc400000, 0x00000000fc400000| Complete 
|   5|0x00000000fc500000, 0x00000000fc600000, 0x00000000fc600000|100%|HC|  |TAMS 0x00000000fc500000, 0x00000000fc500000| Complete 
|   6|0x00000000fc600000, 0x00000000fc700000, 0x00000000fc700000|100%| O|  |TAMS 0x00000000fc600000, 0x00000000fc600000| Untracked 
|   7|0x00000000fc700000, 0x00000000fc800000, 0x00000000fc800000|100%| O|  |TAMS 0x00000000fc700000, 0x00000000fc700000| Untracked 
|   8|0x00000000fc800000, 0x00000000fc900000, 0x00000000fc900000|100%| O|  |TAMS 0x00000000fc800000, 0x00000000fc800000| Untracked 
|   9|0x00000000fc900000, 0x00000000fca00000, 0x00000000fca00000|100%| O|  |TAMS 0x00000000fc900000, 0x00000000fc900000| Untracked 
|  10|0x00000000fca00000, 0x00000000fca80c00, 0x00000000fcb00000| 50%| O|  |TAMS 0x00000000fca00000, 0x00000000fca00000| Untracked 
|  11|0x00000000fcb00000, 0x00000000fcb00000, 0x00000000fcc00000|  0%| F|  |TAMS 0x00000000fcb00000, 0x00000000fcb00000| Untracked 
|  12|0x00000000fcc00000, 0x00000000fcc00000, 0x00000000fcd00000|  0%| F|  |TAMS 0x00000000fcc00000, 0x00000000fcc00000| Untracked 
|  13|0x00000000fcd00000, 0x00000000fcd00000, 0x00000000fce00000|  0%| F|  |TAMS 0x00000000fcd00000, 0x00000000fcd00000| Untracked 
|  14|0x00000000fce00000, 0x00000000fce00000, 0x00000000fcf00000|  0%| F|  |TAMS 0x00000000fce00000, 0x00000000fce00000| Untracked 
|  15|0x00000000fcf00000, 0x00000000fcf00000, 0x00000000fd000000|  0%| F|  |TAMS 0x00000000fcf00000, 0x00000000fcf00000| Untracked 
|  16|0x00000000fd000000, 0x00000000fd000000, 0x00000000fd100000|  0%| F|  |TAMS 0x00000000fd000000, 0x00000000fd000000| Untracked 
|  17|0x00000000fd100000, 0x00000000fd100000, 0x00000000fd200000|  0%| F|  |TAMS 0x00000000fd100000, 0x00000000fd100000| Untracked 
|  18|0x00000000fd200000, 0x00000000fd200000, 0x00000000fd300000|  0%| F|  |TAMS 0x00000000fd200000, 0x00000000fd200000| Untracked 
|  19|0x00000000fd300000, 0x00000000fd300000, 0x00000000fd400000|  0%| F|  |TAMS 0x00000000fd300000, 0x00000000fd300000| Untracked 
|  20|0x00000000fd400000, 0x00000000fd400000, 0x00000000fd500000|  0%| F|  |TAMS 0x00000000fd400000, 0x00000000fd400000| Untracked 
|  21|0x00000000fd500000, 0x00000000fd500000, 0x00000000fd600000|  0%| F|  |TAMS 0x00000000fd500000, 0x00000000fd500000| Untracked 
|  22|0x00000000fd600000, 0x00000000fd600000, 0x00000000fd700000|  0%| F|  |TAMS 0x00000000fd600000, 0x00000000fd600000| Untracked 
|  23|0x00000000fd700000, 0x00000000fd700000, 0x00000000fd800000|  0%| F|  |TAMS 0x00000000fd700000, 0x00000000fd700000| Untracked 
|  24|0x00000000fd800000, 0x00000000fd800000, 0x00000000fd900000|  0%| F|  |TAMS 0x00000000fd800000, 0x00000000fd800000| Untracked 
|  25|0x00000000fd900000, 0x00000000fd900000, 0x00000000fda00000|  0%| F|  |TAMS 0x00000000fd900000, 0x00000000fd900000| Untracked 
|  26|0x00000000fda00000, 0x00000000fda00000, 0x00000000fdb00000|  0%| F|  |TAMS 0x00000000fda00000, 0x00000000fda00000| Untracked 
|  27|0x00000000fdb00000, 0x00000000fdb00000, 0x00000000fdc00000|  0%| F|  |TAMS 0x00000000fdb00000, 0x00000000fdb00000| Untracked 
|  28|0x00000000fdc00000, 0x00000000fdc00000, 0x00000000fdd00000|  0%| F|  |TAMS 0x00000000fdc00000, 0x00000000fdc00000| Untracked 
|  29|0x00000000fdd00000, 0x00000000fdd00000, 0x00000000fde00000|  0%| F|  |TAMS 0x00000000fdd00000, 0x00000000fdd00000| Untracked 
|  30|0x00000000fde00000, 0x00000000fde00000, 0x00000000fdf00000|  0%| F|  |TAMS 0x00000000fde00000, 0x00000000fde00000| Untracked 
|  31|0x00000000fdf00000, 0x00000000fdf00000, 0x00000000fe000000|  0%| F|  |TAMS 0x00000000fdf00000, 0x00000000fdf00000| Untracked 
|  32|0x00000000fe000000, 0x00000000fe000000, 0x00000000fe100000|  0%| F|  |TAMS 0x00000000fe000000, 0x00000000fe000000| Untracked 
|  33|0x00000000fe100000, 0x00000000fe100000, 0x00000000fe200000|  0%| F|  |TAMS 0x00000000fe100000, 0x00000000fe100000| Untracked 
|  34|0x00000000fe200000, 0x00000000fe200000, 0x00000000fe300000|  0%| F|  |TAMS 0x00000000fe200000, 0x00000000fe200000| Untracked 
|  35|0x00000000fe300000, 0x00000000fe300000, 0x00000000fe400000|  0%| F|  |TAMS 0x00000000fe300000, 0x00000000fe300000| Untracked 
|  36|0x00000000fe400000, 0x00000000fe400000, 0x00000000fe500000|  0%| F|  |TAMS 0x00000000fe400000, 0x00000000fe400000| Untracked 
|  37|0x00000000fe500000, 0x00000000fe500000, 0x00000000fe600000|  0%| F|  |TAMS 0x00000000fe500000, 0x00000000fe500000| Untracked 
|  38|0x00000000fe600000, 0x00000000fe600000, 0x00000000fe700000|  0%| F|  |TAMS 0x00000000fe600000, 0x00000000fe600000| Untracked 
|  39|0x00000000fe700000, 0x00000000fe700000, 0x00000000fe800000|  0%| F|  |TAMS 0x00000000fe700000, 0x00000000fe700000| Untracked 
|  40|0x00000000fe800000, 0x00000000fe800000, 0x00000000fe900000|  0%| F|  |TAMS 0x00000000fe800000, 0x00000000fe800000| Untracked 
|  41|0x00000000fe900000, 0x00000000fe900000, 0x00000000fea00000|  0%| F|  |TAMS 0x00000000fe900000, 0x00000000fe900000| Untracked 
|  42|0x00000000fea00000, 0x00000000fea00000, 0x00000000feb00000|  0%| F|  |TAMS 0x00000000fea00000, 0x00000000fea00000| Untracked 
|  43|0x00000000feb00000, 0x00000000feb00000, 0x00000000fec00000|  0%| F|  |TAMS 0x00000000feb00000, 0x00000000feb00000| Untracked 
|  44|0x00000000fec00000, 0x00000000fec00000, 0x00000000fed00000|  0%| F|  |TAMS 0x00000000fec00000, 0x00000000fec00000| Untracked 
|  45|0x00000000fed00000, 0x00000000fed00000, 0x00000000fee00000|  0%| F|  |TAMS 0x00000000fed00000, 0x00000000fed00000| Untracked 
|  46|0x00000000fee00000, 0x00000000fee00000, 0x00000000fef00000|  0%| F|  |TAMS 0x00000000fee00000, 0x00000000fee00000| Untracked 
|  47|0x00000000fef00000, 0x00000000fef00000, 0x00000000ff000000|  0%| F|  |TAMS 0x00000000fef00000, 0x00000000fef00000| Untracked 
|  48|0x00000000ff000000, 0x00000000ff0cddf0, 0x00000000ff100000| 80%| S|CS|TAMS 0x00000000ff000000, 0x00000000ff000000| Complete 
|  49|0x00000000ff100000, 0x00000000ff100000, 0x00000000ff200000|  0%| F|  |TAMS 0x00000000ff100000, 0x00000000ff100000| Untracked 
|  50|0x00000000ff200000, 0x00000000ff200000, 0x00000000ff300000|  0%| F|  |TAMS 0x00000000ff200000, 0x00000000ff200000| Untracked 
|  51|0x00000000ff300000, 0x00000000ff300000, 0x00000000ff400000|  0%| F|  |TAMS 0x00000000ff300000, 0x00000000ff300000| Untracked 
|  52|0x00000000ff400000, 0x00000000ff44a9f8, 0x00000000ff500000| 29%| E|  |TAMS 0x00000000ff400000, 0x00000000ff400000| Complete 
|  53|0x00000000ff500000, 0x00000000ff600000, 0x00000000ff600000|100%| E|CS|TAMS 0x00000000ff500000, 0x00000000ff500000| Complete 
|  54|0x00000000ff600000, 0x00000000ff700000, 0x00000000ff700000|100%| E|CS|TAMS 0x00000000ff600000, 0x00000000ff600000| Complete 
|  55|0x00000000ff700000, 0x00000000ff800000, 0x00000000ff800000|100%| E|CS|TAMS 0x00000000ff700000, 0x00000000ff700000| Complete 
|  56|0x00000000ff800000, 0x00000000ff900000, 0x00000000ff900000|100%| E|CS|TAMS 0x00000000ff800000, 0x00000000ff800000| Complete 
|  57|0x00000000ff900000, 0x00000000ffa00000, 0x00000000ffa00000|100%| E|CS|TAMS 0x00000000ff900000, 0x00000000ff900000| Complete 
|  58|0x00000000ffa00000, 0x00000000ffb00000, 0x00000000ffb00000|100%| E|CS|TAMS 0x00000000ffa00000, 0x00000000ffa00000| Complete 
|  59|0x00000000ffb00000, 0x00000000ffc00000, 0x00000000ffc00000|100%| E|CS|TAMS 0x00000000ffb00000, 0x00000000ffb00000| Complete 
|  60|0x00000000ffc00000, 0x00000000ffd00000, 0x00000000ffd00000|100%| E|CS|TAMS 0x00000000ffc00000, 0x00000000ffc00000| Complete 
|  61|0x00000000ffd00000, 0x00000000ffe00000, 0x00000000ffe00000|100%| E|CS|TAMS 0x00000000ffd00000, 0x00000000ffd00000| Complete 
|  62|0x00000000ffe00000, 0x00000000fff00000, 0x00000000fff00000|100%| E|CS|TAMS 0x00000000ffe00000, 0x00000000ffe00000| Complete 
|  63|0x00000000fff00000, 0x0000000100000000, 0x0000000100000000|100%| E|CS|TAMS 0x00000000fff00000, 0x00000000fff00000| Complete 

Card table byte_map: [0x0000027e0f580000,0x0000027e0f5a0000] _byte_map_base: 0x0000027e0eda0000

Marking Bits (Prev, Next): (CMBitMap*) 0x0000027e0f4b0f50, (CMBitMap*) 0x0000027e0f4b0f90
 Prev Bits: [0x0000027e27940000, 0x0000027e27a40000)
 Next Bits: [0x0000027e27a40000, 0x0000027e27b40000)

Polling page: 0x0000027e0f320000

Metaspace:

Usage:
  Non-class:      7.80 MB used.
      Class:      1.17 MB used.
       Both:      8.97 MB used.

Virtual space:
  Non-class space:       64.00 MB reserved,       7.88 MB ( 12%) committed,  1 nodes.
      Class space:        1.00 GB reserved,       1.25 MB ( <1%) committed,  1 nodes.
             Both:        1.06 GB reserved,       9.12 MB ( <1%) committed. 

Chunk freelists:
   Non-Class:  7.75 MB
       Class:  14.61 MB
        Both:  22.36 MB

MaxMetaspaceSize: unlimited
CompressedClassSpaceSize: 1.00 GB
Initial GC threshold: 21.00 MB
Current GC threshold: 21.00 MB
CDS: on
MetaspaceReclaimPolicy: balanced
 - commit_granule_bytes: 65536.
 - commit_granule_words: 8192.
 - virtual_space_node_default_size: 8388608.
 - enlarge_chunks_in_place: 1.
 - new_chunks_are_fully_committed: 0.
 - uncommit_free_chunks: 1.
 - use_allocation_guard: 0.
 - handle_deallocations: 1.


Internal statistics:

num_allocs_failed_limit: 0.
num_arena_births: 76.
num_arena_deaths: 0.
num_vsnodes_births: 2.
num_vsnodes_deaths: 0.
num_space_committed: 146.
num_space_uncommitted: 0.
num_chunks_returned_to_freelist: 0.
num_chunks_taken_from_freelist: 312.
num_chunk_merges: 0.
num_chunk_splits: 223.
num_chunks_enlarged: 189.
num_purges: 0.
num_inconsistent_stats: 0.

CodeHeap 'non-profiled nmethods': size=120064Kb used=764Kb max_used=764Kb free=119299Kb
 bounds [0x0000027e1ffe0000, 0x0000027e20250000, 0x0000027e27520000]
CodeHeap 'profiled nmethods': size=120000Kb used=3413Kb max_used=3413Kb free=116586Kb
 bounds [0x0000027e18520000, 0x0000027e18880000, 0x0000027e1fa50000]
CodeHeap 'non-nmethods': size=5696Kb used=1170Kb max_used=1214Kb free=4525Kb
 bounds [0x0000027e1fa50000, 0x0000027e1fcc0000, 0x0000027e1ffe0000]
 total_blobs=2282 nmethods=1814 adapters=381
 compilation: enabled
              stopped_count=0, restarted_count=0
 full_count=0

Compilation events (20 events):
Event: 524.866 Thread 0x0000027e29e87970 nmethod 1817 0x0000027e2009bb10 code [0x0000027e2009bc80, 0x0000027e2009bd78]
Event: 532.875 Thread 0x0000027e29e87970 1818       4       com.google.common.collect.TransformedIterator::hasNext (10 bytes)
Event: 532.904 Thread 0x0000027e29e87970 nmethod 1818 0x0000027e2009be10 code [0x0000027e2009bfc0, 0x0000027e2009c898]
Event: 544.167 Thread 0x0000027e29e87970 1819       4       java.lang.Integer::getChars (131 bytes)
Event: 544.177 Thread 0x0000027e29e87970 nmethod 1819 0x0000027e2009cc10 code [0x0000027e2009cda0, 0x0000027e2009d1b8]
Event: 560.863 Thread 0x0000027e29e87970 1820       4       org.gradle.internal.logging.console.DefaultAnsiExecutor$AnsiContextImpl::cursorAt (14 bytes)
Event: 560.867 Thread 0x0000027e29e87970 nmethod 1820 0x0000027e2009d410 code [0x0000027e2009d5c0, 0x0000027e2009d868]
Event: 565.685 Thread 0x0000027e29e87970 1821       4       java.util.ArrayDeque$DeqIterator::hasNext (13 bytes)
Event: 565.686 Thread 0x0000027e29e87970 nmethod 1821 0x0000027e2009db10 code [0x0000027e2009dc80, 0x0000027e2009dd18]
Event: 567.175 Thread 0x0000027e29e87970 1822       4       java.lang.Integer::valueOf (32 bytes)
Event: 567.185 Thread 0x0000027e29e87970 nmethod 1822 0x0000027e2009de10 code [0x0000027e2009dfa0, 0x0000027e2009e078]
Event: 568.366 Thread 0x0000027e29e87970 1823       4       java.util.concurrent.locks.AbstractQueuedSynchronizer::acquire (20 bytes)
Event: 568.370 Thread 0x0000027e29e87970 nmethod 1823 0x0000027e2009e110 code [0x0000027e2009e280, 0x0000027e2009e418]
Event: 569.466 Thread 0x0000027e29e87970 1824       4       java.util.HashMap::values (25 bytes)
Event: 569.466 Thread 0x0000027e29e87970 nmethod 1824 0x0000027e2009e510 code [0x0000027e2009e680, 0x0000027e2009e718]
Event: 569.764 Thread 0x0000027e29e87970 1825       4       java.util.HashMap$Values::iterator (12 bytes)
Event: 569.771 Thread 0x0000027e29e87970 nmethod 1825 0x0000027e2009e810 code [0x0000027e2009e9a0, 0x0000027e2009ec18]
Event: 570.065 Thread 0x0000027e29e87970 1826       4       java.util.ArrayDeque::iterator (9 bytes)
Event: 570.067 Thread 0x0000027e29e87970 nmethod 1826 0x0000027e2009ee10 code [0x0000027e2009efa0, 0x0000027e2009f0b8]
Event: 570.562 Thread 0x0000027e29e87970 1827       4       org.gradle.internal.logging.console.WorkInProgressRenderer::renderNow (351 bytes)

GC Heap History (8 events):
Event: 9.950 GC heap before
{Heap before GC invocations=0 (full 0):
 garbage-first heap   total 65536K, used 6144K [0x00000000fc000000, 0x0000000100000000)
  region size 1024K, 6 young (6144K), 0 survivors (0K)
 Metaspace       used 1620K, committed 1792K, reserved 1114112K
  class space    used 156K, committed 192K, reserved 1048576K
}
Event: 10.652 GC heap after
{Heap after GC invocations=1 (full 0):
 garbage-first heap   total 65536K, used 1644K [0x00000000fc000000, 0x0000000100000000)
  region size 1024K, 1 young (1024K), 1 survivors (1024K)
 Metaspace       used 1620K, committed 1792K, reserved 1114112K
  class space    used 156K, committed 192K, reserved 1048576K
}
Event: 19.015 GC heap before
{Heap before GC invocations=1 (full 0):
 garbage-first heap   total 65536K, used 6764K [0x00000000fc000000, 0x0000000100000000)
  region size 1024K, 6 young (6144K), 1 survivors (1024K)
 Metaspace       used 1685K, committed 1792K, reserved 1114112K
  class space    used 158K, committed 192K, reserved 1048576K
}
Event: 19.018 GC heap after
{Heap after GC invocations=2 (full 0):
 garbage-first heap   total 65536K, used 2066K [0x00000000fc000000, 0x0000000100000000)
  region size 1024K, 1 young (1024K), 1 survivors (1024K)
 Metaspace       used 1685K, committed 1792K, reserved 1114112K
  class space    used 158K, committed 192K, reserved 1048576K
}
Event: 32.502 GC heap before
{Heap before GC invocations=2 (full 0):
 garbage-first heap   total 65536K, used 17426K [0x00000000fc000000, 0x0000000100000000)
  region size 1024K, 13 young (13312K), 1 survivors (1024K)
 Metaspace       used 3773K, committed 3904K, reserved 1114112K
  class space    used 472K, committed 512K, reserved 1048576K
}
Event: 32.510 GC heap after
{Heap after GC invocations=3 (full 0):
 garbage-first heap   total 65536K, used 10711K [0x00000000fc000000, 0x0000000100000000)
  region size 1024K, 2 young (2048K), 2 survivors (2048K)
 Metaspace       used 3773K, committed 3904K, reserved 1114112K
  class space    used 472K, committed 512K, reserved 1048576K
}
Event: 56.785 GC heap before
{Heap before GC invocations=3 (full 0):
 garbage-first heap   total 65536K, used 24023K [0x00000000fc000000, 0x0000000100000000)
  region size 1024K, 15 young (15360K), 2 survivors (2048K)
 Metaspace       used 7454K, committed 7616K, reserved 1114112K
  class space    used 1007K, committed 1088K, reserved 1048576K
}
Event: 56.792 GC heap after
{Heap after GC invocations=4 (full 0):
 garbage-first heap   total 65536K, used 11578K [0x00000000fc000000, 0x0000000100000000)
  region size 1024K, 1 young (1024K), 1 survivors (1024K)
 Metaspace       used 7454K, committed 7616K, reserved 1114112K
  class space    used 1007K, committed 1088K, reserved 1048576K
}

Deoptimization events (20 events):
Event: 37.390 Thread 0x0000027e0f4914d0 DEOPT PACKING pc=0x0000027e20021204 sp=0x000000c686cfcfa0
Event: 37.390 Thread 0x0000027e0f4914d0 DEOPT UNPACKING pc=0x0000027e1faa23a3 sp=0x000000c686cfceb8 mode 2
Event: 38.553 Thread 0x0000027e0f4914d0 Uncommon trap: trap_request=0xffffff45 fr.pc=0x0000027e200126d0 relative=0x0000000000001030
Event: 38.553 Thread 0x0000027e0f4914d0 Uncommon trap: reason=unstable_if action=reinterpret pc=0x0000027e200126d0 method=java.util.HashMap.putVal(ILjava/lang/Object;Ljava/lang/Object;ZZ)Ljava/lang/Object; @ 236 c2
Event: 38.553 Thread 0x0000027e0f4914d0 DEOPT PACKING pc=0x0000027e200126d0 sp=0x000000c686cfc390
Event: 38.553 Thread 0x0000027e0f4914d0 DEOPT UNPACKING pc=0x0000027e1faa23a3 sp=0x000000c686cfc358 mode 2
Event: 40.642 Thread 0x0000027e0f4914d0 DEOPT PACKING pc=0x0000027e186230b8 sp=0x000000c686cf6c70
Event: 40.642 Thread 0x0000027e0f4914d0 DEOPT UNPACKING pc=0x0000027e1faa2b43 sp=0x000000c686cf6188 mode 0
Event: 56.781 Thread 0x0000027e0f4914d0 Uncommon trap: trap_request=0xffffff45 fr.pc=0x0000027e20055f84 relative=0x0000000000000084
Event: 56.781 Thread 0x0000027e0f4914d0 Uncommon trap: reason=unstable_if action=reinterpret pc=0x0000027e20055f84 method=java.lang.invoke.VarForm.getMemberNameOrNull(I)Ljava/lang/invoke/MemberName; @ 8 c2
Event: 56.781 Thread 0x0000027e0f4914d0 DEOPT PACKING pc=0x0000027e20055f84 sp=0x000000c686cfbdf0
Event: 56.781 Thread 0x0000027e0f4914d0 DEOPT UNPACKING pc=0x0000027e1faa23a3 sp=0x000000c686cfbd18 mode 2
Event: 56.897 Thread 0x0000027e0f4914d0 Uncommon trap: trap_request=0xffffff45 fr.pc=0x0000027e20017358 relative=0x0000000000000618
Event: 56.897 Thread 0x0000027e0f4914d0 Uncommon trap: reason=unstable_if action=reinterpret pc=0x0000027e20017358 method=java.lang.AbstractStringBuilder.append(Ljava/lang/String;)Ljava/lang/AbstractStringBuilder; @ 1 c2
Event: 56.897 Thread 0x0000027e0f4914d0 DEOPT PACKING pc=0x0000027e20017358 sp=0x000000c686cfcba0
Event: 56.897 Thread 0x0000027e0f4914d0 DEOPT UNPACKING pc=0x0000027e1faa23a3 sp=0x000000c686cfcb20 mode 2
Event: 56.897 Thread 0x0000027e0f4914d0 Uncommon trap: trap_request=0xffffff45 fr.pc=0x0000027e20020368 relative=0x0000000000000628
Event: 56.897 Thread 0x0000027e0f4914d0 Uncommon trap: reason=unstable_if action=reinterpret pc=0x0000027e20020368 method=java.lang.AbstractStringBuilder.append(Ljava/lang/String;)Ljava/lang/AbstractStringBuilder; @ 1 c2
Event: 56.897 Thread 0x0000027e0f4914d0 DEOPT PACKING pc=0x0000027e20020368 sp=0x000000c686cfcb40
Event: 56.897 Thread 0x0000027e0f4914d0 DEOPT UNPACKING pc=0x0000027e1faa23a3 sp=0x000000c686cfcb28 mode 2

Classes unloaded (0 events):
No events

Classes redefined (0 events):
No events

Internal exceptions (18 events):
Event: 5.521 Thread 0x0000027e0f4914d0 Exception <a 'java/lang/NoSuchMethodError'{0x00000000ffdf8e18}: 'int java.lang.invoke.DirectMethodHandle$Holder.invokeStaticInit(java.lang.Object, java.lang.Object)'> (0x00000000ffdf8e18) 
thrown [s\open\src\hotspot\share\interpreter\linkResolver.cpp, line 759]
Event: 32.176 Thread 0x0000027e0f4914d0 Exception <a 'java/lang/NoSuchMethodError'{0x00000000ff3003d0}: 'void java.lang.invoke.DirectMethodHandle$Holder.invokeStatic(java.lang.Object, java.lang.Object)'> (0x00000000ff3003d0) 
thrown [s\open\src\hotspot\share\interpreter\linkResolver.cpp, line 759]
Event: 32.324 Thread 0x0000027e0f4914d0 Exception <a 'java/lang/NoClassDefFoundError'{0x00000000ff36ab88}: org/slf4j/impl/StaticMarkerBinder> (0x00000000ff36ab88) 
thrown [s\open\src\hotspot\share\classfile\systemDictionary.cpp, line 245]
Event: 32.521 Thread 0x0000027e0f4914d0 Exception <a 'java/lang/NoSuchMethodError'{0x00000000fff0c7d8}: 'java.lang.Object java.lang.invoke.DirectMethodHandle$Holder.invokeVirtual(java.lang.Object, java.lang.Object, java.lang.Object, java.lang.Object, java.lang.Object, java.lang.Object, java.lang.Object)'> (0x00000000fff0c7d8) 
thrown [s\open\src\hotspot\share\interpreter\linkResolver.cpp, line 759]
Event: 32.526 Thread 0x0000027e0f4914d0 Exception <a 'java/lang/NoSuchMethodError'{0x00000000fff1dd98}: 'java.lang.Object java.lang.invoke.Invokers$Holder.invoker(java.lang.Object, java.lang.Object, java.lang.Object)'> (0x00000000fff1dd98) 
thrown [s\open\src\hotspot\share\interpreter\linkResolver.cpp, line 759]
Event: 32.534 Thread 0x0000027e0f4914d0 Exception <a 'java/lang/NoSuchMethodError'{0x00000000fff26f70}: 'java.lang.Object java.lang.invoke.DirectMethodHandle$Holder.invokeStatic(java.lang.Object, java.lang.Object, int)'> (0x00000000fff26f70) 
thrown [s\open\src\hotspot\share\interpreter\linkResolver.cpp, line 759]
Event: 32.537 Thread 0x0000027e0f4914d0 Exception <a 'java/lang/NoSuchMethodError'{0x00000000fff32c60}: 'void java.lang.invoke.DelegatingMethodHandle$Holder.delegate(java.lang.Object, java.lang.Object, int, java.lang.Object)'> (0x00000000fff32c60) 
thrown [s\open\src\hotspot\share\interpreter\linkResolver.cpp, line 759]
Event: 32.538 Thread 0x0000027e0f4914d0 Exception <a 'java/lang/NoSuchMethodError'{0x00000000fff36e28}: 'int java.lang.invoke.DirectMethodHandle$Holder.invokeSpecial(java.lang.Object, java.lang.Object, java.lang.Object)'> (0x00000000fff36e28) 
thrown [s\open\src\hotspot\share\interpreter\linkResolver.cpp, line 759]
Event: 32.551 Thread 0x0000027e0f4914d0 Exception <a 'java/lang/NoSuchMethodError'{0x00000000fff58520}: 'java.lang.Object java.lang.invoke.Invokers$Holder.invokeExact_MT(java.lang.Object, java.lang.Object, java.lang.Object, java.lang.Object)'> (0x00000000fff58520) 
thrown [s\open\src\hotspot\share\interpreter\linkResolver.cpp, line 759]
Event: 36.134 Thread 0x0000027e0f4914d0 Exception <a 'java/lang/NoSuchMethodError'{0x00000000ff9b31d8}: 'void java.lang.invoke.DirectMethodHandle$Holder.invokeSpecial(java.lang.Object, java.lang.Object, java.lang.Object)'> (0x00000000ff9b31d8) 
thrown [s\open\src\hotspot\share\interpreter\linkResolver.cpp, line 759]
Event: 37.390 Thread 0x0000027e0f4914d0 Implicit null exception at 0x0000027e2003380c to 0x0000027e20033d50
Event: 37.390 Thread 0x0000027e0f4914d0 Implicit null exception at 0x0000027e20020c8f to 0x0000027e200211e4
Event: 37.936 Thread 0x0000027e0f4914d0 Exception <a 'java/lang/NoSuchMethodError'{0x00000000ff71b978}: 'java.lang.Object java.lang.invoke.DirectMethodHandle$Holder.invokeStaticInit(java.lang.Object)'> (0x00000000ff71b978) 
thrown [s\open\src\hotspot\share\interpreter\linkResolver.cpp, line 759]
Event: 42.088 Thread 0x0000027e0f4914d0 Exception <a 'java/lang/NoSuchMethodError'{0x00000000ff4dcdb8}: 'java.lang.Object java.lang.invoke.DirectMethodHandle$Holder.invokeStaticInit(java.lang.Object, int, int, int, int)'> (0x00000000ff4dcdb8) 
thrown [s\open\src\hotspot\share\interpreter\linkResolver.cpp, line 759]
Event: 48.206 Thread 0x0000027e0f4914d0 Exception <a 'java/lang/NoSuchMethodError'{0x00000000ff3c3990}: 'java.lang.Object java.lang.invoke.DirectMethodHandle$Holder.invokeStaticInit(java.lang.Object, java.lang.Object, int, int, int, int)'> (0x00000000ff3c3990) 
thrown [s\open\src\hotspot\share\interpreter\linkResolver.cpp, line 759]
Event: 56.773 Thread 0x0000027e0f4914d0 Exception <a 'java/lang/NoSuchMethodError'{0x00000000ff3f2410}: 'void java.lang.invoke.DirectMethodHandle$Holder.invokeStatic(java.lang.Object, java.lang.Object, java.lang.Object)'> (0x00000000ff3f2410) 
thrown [s\open\src\hotspot\share\interpreter\linkResolver.cpp, line 759]
Event: 56.897 Thread 0x0000027e0f4914d0 Implicit null exception at 0x0000027e20016d72 to 0x0000027e20017340
Event: 56.897 Thread 0x0000027e0f4914d0 Implicit null exception at 0x0000027e2001fd72 to 0x0000027e20020350

VM Operations (20 events):
Event: 469.577 Executing VM operation: Cleanup
Event: 469.577 Executing VM operation: Cleanup done
Event: 473.622 Executing VM operation: Cleanup
Event: 473.622 Executing VM operation: Cleanup done
Event: 484.842 Executing VM operation: Cleanup
Event: 484.842 Executing VM operation: Cleanup done
Event: 485.850 Executing VM operation: Cleanup
Event: 485.850 Executing VM operation: Cleanup done
Event: 494.972 Executing VM operation: Cleanup
Event: 494.972 Executing VM operation: Cleanup done
Event: 513.187 Executing VM operation: Cleanup
Event: 513.187 Executing VM operation: Cleanup done
Event: 517.239 Executing VM operation: Cleanup
Event: 517.239 Executing VM operation: Cleanup done
Event: 533.332 Executing VM operation: Cleanup
Event: 533.332 Executing VM operation: Cleanup done
Event: 565.801 Executing VM operation: Cleanup
Event: 565.801 Executing VM operation: Cleanup done
Event: 569.892 Executing VM operation: Cleanup
Event: 569.892 Executing VM operation: Cleanup done

Events (20 events):
Event: 70.507 loading class jdk/internal/reflect/ByteVectorImpl
Event: 70.507 loading class jdk/internal/reflect/ByteVector
Event: 70.508 loading class jdk/internal/reflect/ByteVector done
Event: 70.508 loading class jdk/internal/reflect/ByteVectorImpl done
Event: 70.508 loading class jdk/internal/reflect/ClassFileAssembler
Event: 70.508 loading class jdk/internal/reflect/ClassFileAssembler done
Event: 70.508 loading class jdk/internal/reflect/UTF8
Event: 70.508 loading class jdk/internal/reflect/UTF8 done
Event: 70.515 loading class jdk/internal/reflect/Label
Event: 70.517 loading class jdk/internal/reflect/Label done
Event: 70.517 loading class jdk/internal/reflect/Label$PatchInfo
Event: 70.517 loading class jdk/internal/reflect/Label$PatchInfo done
Event: 70.517 loading class jdk/internal/reflect/MethodAccessorGenerator$1
Event: 70.518 loading class jdk/internal/reflect/MethodAccessorGenerator$1 done
Event: 70.518 loading class jdk/internal/reflect/ClassDefiner
Event: 70.518 loading class jdk/internal/reflect/ClassDefiner done
Event: 70.518 loading class jdk/internal/reflect/ClassDefiner$1
Event: 70.518 loading class jdk/internal/reflect/ClassDefiner$1 done
Event: 79.525 loading class java/util/ArrayList$ListItr
Event: 79.530 loading class java/util/ArrayList$ListItr done


Dynamic libraries:
0x00007ff736040000 - 0x00007ff736050000 	C:\Program Files\Java\jdk-17\bin\java.exe
0x00007ffa81570000 - 0x00007ffa81787000 	C:\WINDOWS\SYSTEM32\ntdll.dll
0x00007ffa80260000 - 0x00007ffa80324000 	C:\WINDOWS\System32\KERNEL32.DLL
0x00007ffa7e8e0000 - 0x00007ffa7ec86000 	C:\WINDOWS\System32\KERNELBASE.dll
0x00007ffa7ed10000 - 0x00007ffa7ee21000 	C:\WINDOWS\System32\ucrtbase.dll
0x00007ffa549b0000 - 0x00007ffa549c9000 	C:\Program Files\Java\jdk-17\bin\jli.dll
0x00007ffa810f0000 - 0x00007ffa811a3000 	C:\WINDOWS\System32\ADVAPI32.dll
0x00007ffa7fb20000 - 0x00007ffa7fbc7000 	C:\WINDOWS\System32\msvcrt.dll
0x00007ffa80630000 - 0x00007ffa806d8000 	C:\WINDOWS\System32\sechost.dll
0x00007ffa7e8b0000 - 0x00007ffa7e8d8000 	C:\WINDOWS\System32\bcrypt.dll
0x00007ffa80fd0000 - 0x00007ffa810e7000 	C:\WINDOWS\System32\RPCRT4.dll
0x00007ffa7fbd0000 - 0x00007ffa7fd7e000 	C:\WINDOWS\System32\USER32.dll
0x00007ffa7f000000 - 0x00007ffa7f026000 	C:\WINDOWS\System32\win32u.dll
0x00007ffa805a0000 - 0x00007ffa805c9000 	C:\WINDOWS\System32\GDI32.dll
0x00007ffa7f030000 - 0x00007ffa7f148000 	C:\WINDOWS\System32\gdi32full.dll
0x00007ffa7eef0000 - 0x00007ffa7ef8a000 	C:\WINDOWS\System32\msvcp_win.dll
0x00007ffa4f630000 - 0x00007ffa4f64b000 	C:\Program Files\Java\jdk-17\bin\VCRUNTIME140.dll
0x00007ffa67dc0000 - 0x00007ffa68053000 	C:\WINDOWS\WinSxS\amd64_microsoft.windows.common-controls_6595b64144ccf1df_6.0.22621.2506_none_270c5ae97388e100\COMCTL32.dll
0x00007ffa76bd0000 - 0x00007ffa76bda000 	C:\WINDOWS\SYSTEM32\VERSION.dll
0x00007ffa814f0000 - 0x00007ffa81521000 	C:\WINDOWS\System32\IMM32.DLL
0x00007ffa71100000 - 0x00007ffa7110c000 	C:\Program Files\Java\jdk-17\bin\vcruntime140_1.dll
0x00007ffa401b0000 - 0x00007ffa4023e000 	C:\Program Files\Java\jdk-17\bin\msvcp140.dll
0x00007ff9ddbf0000 - 0x00007ff9de7ce000 	C:\Program Files\Java\jdk-17\bin\server\jvm.dll
0x00007ffa80780000 - 0x00007ffa80788000 	C:\WINDOWS\System32\PSAPI.DLL
0x00007ffa76e90000 - 0x00007ffa76e99000 	C:\WINDOWS\SYSTEM32\WSOCK32.dll
0x00007ffa80ad0000 - 0x00007ffa80b41000 	C:\WINDOWS\System32\WS2_32.dll
0x00007ffa769a0000 - 0x00007ffa769d4000 	C:\WINDOWS\SYSTEM32\WINMM.dll
0x00007ffa7d8c0000 - 0x00007ffa7d8d8000 	C:\WINDOWS\SYSTEM32\kernel.appcore.dll
0x00007ffa71040000 - 0x00007ffa7104a000 	C:\Program Files\Java\jdk-17\bin\jimage.dll
0x00007ffa7c320000 - 0x00007ffa7c553000 	C:\WINDOWS\SYSTEM32\DBGHELP.DLL
0x00007ffa80be0000 - 0x00007ffa80f69000 	C:\WINDOWS\System32\combase.dll
0x00007ffa81410000 - 0x00007ffa814e7000 	C:\WINDOWS\System32\OLEAUT32.dll
0x00007ffa75250000 - 0x00007ffa75282000 	C:\WINDOWS\SYSTEM32\dbgcore.DLL
0x00007ffa7ec90000 - 0x00007ffa7ed0a000 	C:\WINDOWS\System32\bcryptPrimitives.dll
0x00007ffa4bba0000 - 0x00007ffa4bbc5000 	C:\Program Files\Java\jdk-17\bin\java.dll
0x00007ffa3fdd0000 - 0x00007ffa3fea7000 	C:\Program Files\Java\jdk-17\bin\jsvml.dll
0x00007ffa7f2c0000 - 0x00007ffa7fb1b000 	C:\WINDOWS\System32\SHELL32.dll
0x00007ffa7c6a0000 - 0x00007ffa7cf96000 	C:\WINDOWS\SYSTEM32\windows.storage.dll
0x00007ffa7c560000 - 0x00007ffa7c69e000 	C:\WINDOWS\SYSTEM32\wintypes.dll
0x00007ffa81310000 - 0x00007ffa81403000 	C:\WINDOWS\System32\SHCORE.dll
0x00007ffa80890000 - 0x00007ffa808ee000 	C:\WINDOWS\System32\shlwapi.dll
0x00007ffa7e7e0000 - 0x00007ffa7e806000 	C:\WINDOWS\SYSTEM32\profapi.dll
0x00007ffa4e4c0000 - 0x00007ffa4e4d9000 	C:\Program Files\Java\jdk-17\bin\net.dll
0x00007ffa748a0000 - 0x00007ffa749d7000 	C:\WINDOWS\SYSTEM32\WINHTTP.dll
0x00007ffa7dd70000 - 0x00007ffa7ddd9000 	C:\WINDOWS\system32\mswsock.dll
0x00007ffa4c5e0000 - 0x00007ffa4c5f6000 	C:\Program Files\Java\jdk-17\bin\nio.dll
0x00007ffa4bb80000 - 0x00007ffa4bb98000 	C:\Program Files\Java\jdk-17\bin\zip.dll
0x00007ffa65770000 - 0x00007ffa65780000 	C:\Program Files\Java\jdk-17\bin\verify.dll
0x00007ffa4a740000 - 0x00007ffa4a767000 	C:\Users\LENOVO\.gradle\native\c067742578af261105cb4f569cf0c3c89f3d7b1fecec35dd04571415982c5e48\windows-amd64\native-platform.dll
0x00007ffa7b530000 - 0x00007ffa7b53a000 	C:\Users\LENOVO\.gradle\native\jansi\1.18\windows64\jansi.dll
0x00007ffa52590000 - 0x00007ffa5259a000 	C:\Program Files\Java\jdk-17\bin\management.dll
0x00007ffa4d7b0000 - 0x00007ffa4d7bb000 	C:\Program Files\Java\jdk-17\bin\management_ext.dll
0x00007ffa7dfc0000 - 0x00007ffa7dfdb000 	C:\WINDOWS\SYSTEM32\CRYPTSP.dll
0x00007ffa7d820000 - 0x00007ffa7d855000 	C:\WINDOWS\system32\rsaenh.dll
0x00007ffa7de60000 - 0x00007ffa7de8c000 	C:\WINDOWS\SYSTEM32\USERENV.dll
0x00007ffa7dfe0000 - 0x00007ffa7dfec000 	C:\WINDOWS\SYSTEM32\CRYPTBASE.dll
0x00007ffa7d3b0000 - 0x00007ffa7d3dd000 	C:\WINDOWS\SYSTEM32\IPHLPAPI.DLL
0x00007ffa808f0000 - 0x00007ffa808f9000 	C:\WINDOWS\System32\NSI.dll
0x00007ffa76980000 - 0x00007ffa76999000 	C:\WINDOWS\SYSTEM32\dhcpcsvc6.DLL
0x00007ffa76960000 - 0x00007ffa7697f000 	C:\WINDOWS\SYSTEM32\dhcpcsvc.DLL
0x00007ffa7d3e0000 - 0x00007ffa7d4d9000 	C:\WINDOWS\SYSTEM32\DNSAPI.dll
0x00007ffa4ce60000 - 0x00007ffa4ce6e000 	C:\Program Files\Java\jdk-17\bin\sunmscapi.dll
0x00007ffa7f150000 - 0x00007ffa7f2b6000 	C:\WINDOWS\System32\CRYPT32.dll
0x00007ffa7e160000 - 0x00007ffa7e18e000 	C:\WINDOWS\SYSTEM32\ncrypt.dll
0x00007ffa7e120000 - 0x00007ffa7e157000 	C:\WINDOWS\SYSTEM32\NTASN1.dll
0x00007ffa49bd0000 - 0x00007ffa49bd8000 	C:\WINDOWS\system32\wshunix.dll

dbghelp: loaded successfully - version: 4.0.5 - missing functions: none
symbol engine: initialized successfully - sym options: 0x614 - pdb path: .;C:\Program Files\Java\jdk-17\bin;C:\WINDOWS\SYSTEM32;C:\WINDOWS\WinSxS\amd64_microsoft.windows.common-controls_6595b64144ccf1df_6.0.22621.2506_none_270c5ae97388e100;C:\Program Files\Java\jdk-17\bin\server;C:\Users\LENOVO\.gradle\native\c067742578af261105cb4f569cf0c3c89f3d7b1fecec35dd04571415982c5e48\windows-amd64;C:\Users\LENOVO\.gradle\native\jansi\1.18\windows64

VM Arguments:
jvm_args: -Xmx64m -Xms64m -Dorg.gradle.appname=gradlew 
java_command: org.gradle.wrapper.GradleWrapperMain bootRun
java_class_path (initial): D:\BELLA THINGS\UI\semester 6\propensi\d02-rtx\smail\\gradle\wrapper\gradle-wrapper.jar
Launcher Type: SUN_STANDARD

[Global flags]
     intx CICompilerCount                          = 2                                         {product} {ergonomic}
     uint ConcGCThreads                            = 1                                         {product} {ergonomic}
     uint G1ConcRefinementThreads                  = 2                                         {product} {ergonomic}
   size_t G1HeapRegionSize                         = 1048576                                   {product} {ergonomic}
    uintx GCDrainStackTargetSize                   = 64                                        {product} {ergonomic}
   size_t InitialHeapSize                          = 67108864                                  {product} {command line}
   size_t MarkStackSize                            = 4194304                                   {product} {ergonomic}
   size_t MaxHeapSize                              = 67108864                                  {product} {command line}
   size_t MaxNewSize                               = 39845888                                  {product} {ergonomic}
   size_t MinHeapDeltaBytes                        = 1048576                                   {product} {ergonomic}
   size_t MinHeapSize                              = 67108864                                  {product} {command line}
    uintx NonNMethodCodeHeapSize                   = 5826188                                {pd product} {ergonomic}
    uintx NonProfiledCodeHeapSize                  = 122916026                              {pd product} {ergonomic}
    uintx ProfiledCodeHeapSize                     = 122916026                              {pd product} {ergonomic}
    uintx ReservedCodeCacheSize                    = 251658240                              {pd product} {ergonomic}
     bool SegmentedCodeCache                       = true                                      {product} {ergonomic}
   size_t SoftMaxHeapSize                          = 67108864                               {manageable} {ergonomic}
     bool UseCompressedClassPointers               = true                           {product lp64_product} {ergonomic}
     bool UseCompressedOops                        = true                           {product lp64_product} {ergonomic}
     bool UseG1GC                                  = true                                      {product} {ergonomic}
     bool UseLargePagesIndividualAllocation        = false                                  {pd product} {ergonomic}

Logging:
Log output configuration:
 #0: stdout all=warning uptime,level,tags
 #1: stderr all=off uptime,level,tags

Environment Variables:
JAVA_HOME=C:\Program Files\Java\jdk-17
CLASSPATH=D:\BELLA THINGS\UI\semester 6\propensi\d02-rtx\smail\\gradle\wrapper\gradle-wrapper.jar
PATH=D:\PINDAHAN C\jdk-17_windows-x64_bin (1).exe;C:\Program Files\Common Files\Oracle\Java\javapath;C:\Program Files (x86)\Common Files\Oracle\Java\javapath;C:\Program Files (x86)\Common Files\Intel\Shared Files\cpp\bin\Intel64;C:\WINDOWS\system32;C:\WINDOWS;C:\WINDOWS\System32\Wbem;C:\WINDOWS\System32\WindowsPowerShell\v1.0\;C:\WINDOWS\System32\OpenSSH\;C:\Users\LENOVO\MinGW\bin;D:\PINDAHAN C\PuTTY\;C:\Program Files\Git\cmd;;C:\Program Files\Docker\Docker\resources\bin;C:\Program Files\nodejs\;C:\Users\LENOVO\AppData\Local\Programs\Python\Python39\Scripts\;C:\Users\LENOVO\AppData\Local\Programs\Python\Python39\;C:\Users\LENOVO\AppData\Local\Microsoft\WindowsApps;C:\Users\LENOVO\AppData\Local\Programs\Microsoft VS Code\bin;C:\Users\LENOVO\MinGW\bin;C:\Users\LENOVO\flutter\bin;;C:\Users\LENOVO\AppData\Local\Programs\oh-my-posh\bin;D:\PINDAHAN C\IntelliJ IDEA 2023.2.1\bin;;D:\PINDAHAN C\IntelliJ IDEA Educational Edition 2022.2.2\bin;;C:\Users\LENOVO\AppData\Roaming\npm
USERNAME=LENOVO
LANG=en_US.UTF-8
OS=Windows_NT
PROCESSOR_IDENTIFIER=AMD64 Family 23 Model 32 Stepping 1, AuthenticAMD



---------------  S Y S T E M  ---------------

OS:
 Windows 11 , 64 bit Build 22621 (10.0.22621.3085)
OS uptime: 2 days 13:16 hours
Hyper-V role detected

CPU: total 2 (initial active 2) (2 cores per cpu, 1 threads per core) family 23 model 32 stepping 1 microcode 0x0, cx8, cmov, fxsr, mmx, 3dnowpref, sse, sse2, sse3, ssse3, sse4a, sse4.1, sse4.2, popcnt, lzcnt, tsc, tscinvbit, avx, avx2, aes, clmul, bmi1, bmi2, adx, sha, fma, vzeroupper, clflush, clflushopt, hv

Memory: 4k page, system-wide physical 6020M (131M free)
TotalPageFile size 24452M (AvailPageFile size 5M)
current process WorkingSet (physical memory assigned to process): 34M, peak: 81M
current process commit charge ("private bytes"): 162M, peak: 173M

vm_info: Java HotSpot(TM) 64-Bit Server VM (17.0.8+9-LTS-211) for windows-amd64 JRE (17.0.8+9-LTS-211), built on Jun 14 2023 10:34:31 by "mach5one" with MS VC++ 17.1 (VS2022)

END.
