#
# There is insufficient memory for the Java Runtime Environment to continue.
# Native memory allocation (malloc) failed to allocate 2403056 bytes for Chunk::new
# Possible reasons:
#   The system is out of physical RAM or swap space
#   The process is running with CompressedOops enabled, and the Java Heap may be blocking the growth of the native heap
# Possible solutions:
#   Reduce memory load on the system
#   Increase physical memory or swap space
#   Check if swap backing store is full
#   Decrease Java heap size (-Xmx/-Xms)
#   Decrease number of Java threads
#   Decrease Java thread stack sizes (-Xss)
#   Set larger code cache with -XX:ReservedCodeCacheSize=
#   JVM is running with Unscaled Compressed Oops mode in which the Java heap is
#     placed in the first 4GB address space. The Java Heap base address is the
#     maximum limit for the native heap growth. Please use -XX:HeapBaseMinAddress
#     to set the Java Heap base and to place the Java Heap above 4GB virtual address.
# This output file may be truncated or incomplete.
#
#  Out of Memory Error (arena.cpp:191), pid=23292, tid=12944
#
# JRE version: OpenJDK Runtime Environment Temurin-17.0.10+7 (17.0.10+7) (build 17.0.10+7)
# Java VM: OpenJDK 64-Bit Server VM Temurin-17.0.10+7 (17.0.10+7, mixed mode, tiered, compressed oops, compressed class ptrs, parallel gc, windows-amd64)
# No core dump will be written. Minidumps are not enabled by default on client versions of Windows
#

---------------  S U M M A R Y ------------

Command Line: --add-modules=ALL-SYSTEM --add-opens=java.base/java.util=ALL-UNNAMED --add-opens=java.base/java.lang=ALL-UNNAMED --add-opens=java.base/sun.nio.fs=ALL-UNNAMED -Declipse.application=org.eclipse.jdt.ls.core.id1 -Dosgi.bundles.defaultStartLevel=4 -Declipse.product=org.eclipse.jdt.ls.core.product -Djava.import.generatesMetadataFilesAtProjectRoot=false -DDetectVMInstallationsJob.disabled=true -Dfile.encoding=utf8 -XX:+UseParallelGC -XX:GCTimeRatio=4 -XX:AdaptiveSizePolicyWeight=90 -Dsun.zip.disableMemoryMapping=true -Xmx1G -Xms100m -Xlog:disable -javaagent:c:\Users\HP\.vscode\extensions\redhat.java-1.29.0-win32-x64\lombok\lombok-1.18.32.jar -XX:+HeapDumpOnOutOfMemoryError -XX:HeapDumpPath=c:\Users\HP\AppData\Roaming\Code\User\workspaceStorage\0d828789c167c72f6f5361a28a300af2\redhat.java -Daether.dependencyCollector.impl=bf c:\Users\HP\.vscode\extensions\redhat.java-1.29.0-win32-x64\server\plugins\org.eclipse.equinox.launcher_1.6.800.v20240304-1850.jar -configuration c:\Users\HP\AppData\Roaming\Code\User\globalStorage\redhat.java\1.29.0\config_win -data c:\Users\HP\AppData\Roaming\Code\User\workspaceStorage\0d828789c167c72f6f5361a28a300af2\redhat.java\jdt_ws --stdio

Host: Intel(R) Core(TM) i3-10110U CPU @ 2.10GHz, 4 cores, 3G,  Windows 11 , 64 bit Build 22621 (10.0.22621.3374)
Time: Sat Apr 20 14:52:31 2024 SE Asia Standard Time elapsed time: 61.449281 seconds (0d 0h 1m 1s)

---------------  T H R E A D  ---------------

Current thread (0x000001cd63aa2060):  JavaThread "C2 CompilerThread0" daemon [_thread_in_native, id=12944, stack(0x00000093fc500000,0x00000093fc600000)]


Current CompileTask:
C2:  61449 7314   !   4       org.eclipse.jdt.internal.core.search.indexing.BinaryIndexer::indexDocument (1157 bytes)

Stack: [0x00000093fc500000,0x00000093fc600000]
Native frames: (J=compiled Java code, j=interpreted, Vv=VM code, C=native code)
V  [jvm.dll+0x67d2c9]
V  [jvm.dll+0x834afa]
V  [jvm.dll+0x8365be]
V  [jvm.dll+0x836c23]
V  [jvm.dll+0x2477ff]
V  [jvm.dll+0xac514]
V  [jvm.dll+0xacb5c]
V  [jvm.dll+0x366782]
V  [jvm.dll+0x1bcf72]
V  [jvm.dll+0x21a049]
V  [jvm.dll+0x219311]
V  [jvm.dll+0x1a502d]
V  [jvm.dll+0x2290de]
V  [jvm.dll+0x2272ac]
V  [jvm.dll+0x7e9bb7]
V  [jvm.dll+0x7e3fba]
V  [jvm.dll+0x67c1b5]
C  [ucrtbase.dll+0x29333]
C  [KERNEL32.DLL+0x1257d]
C  [ntdll.dll+0x5aa48]


---------------  P R O C E S S  ---------------

Threads class SMR info:
_java_thread_list=0x000001cd69761730, length=29, elements={
0x000001cd4fc2f630, 0x000001cd63a6f010, 0x000001cd63a71380, 0x000001cd63a9ef20,
0x000001cd63a9f9f0, 0x000001cd63aa05b0, 0x000001cd63aa1170, 0x000001cd63aa2060,
0x000001cd63abe980, 0x000001cd68cfa710, 0x000001cd68d9c390, 0x000001cd68ff5c40,
0x000001cd69453260, 0x000001cd69489000, 0x000001cd69638150, 0x000001cd698a9a70,
0x000001cd69409530, 0x000001cd69a394c0, 0x000001cd69a3a900, 0x000001cd69a38fb0,
0x000001cd69a3ae10, 0x000001cd69a3a3f0, 0x000001cd69a3b320, 0x000001cd69a38080,
0x000001cd69a399d0, 0x000001cd69a39ee0, 0x000001cd6abcd860, 0x000001cd6abd00e0,
0x000001cd6abcdd70
}

Java Threads: ( => current thread )
  0x000001cd4fc2f630 JavaThread "main" [_thread_blocked, id=23028, stack(0x00000093fbc00000,0x00000093fbd00000)]
  0x000001cd63a6f010 JavaThread "Reference Handler" daemon [_thread_blocked, id=29532, stack(0x00000093fbf00000,0x00000093fc000000)]
  0x000001cd63a71380 JavaThread "Finalizer" daemon [_thread_blocked, id=7280, stack(0x00000093fc000000,0x00000093fc100000)]
  0x000001cd63a9ef20 JavaThread "Signal Dispatcher" daemon [_thread_blocked, id=27084, stack(0x00000093fc100000,0x00000093fc200000)]
  0x000001cd63a9f9f0 JavaThread "Attach Listener" daemon [_thread_blocked, id=16584, stack(0x00000093fc200000,0x00000093fc300000)]
  0x000001cd63aa05b0 JavaThread "Service Thread" daemon [_thread_blocked, id=30568, stack(0x00000093fc300000,0x00000093fc400000)]
  0x000001cd63aa1170 JavaThread "Monitor Deflation Thread" daemon [_thread_blocked, id=20532, stack(0x00000093fc400000,0x00000093fc500000)]
=>0x000001cd63aa2060 JavaThread "C2 CompilerThread0" daemon [_thread_in_native, id=12944, stack(0x00000093fc500000,0x00000093fc600000)]
  0x000001cd63abe980 JavaThread "C1 CompilerThread0" daemon [_thread_blocked, id=88, stack(0x00000093fc600000,0x00000093fc700000)]
  0x000001cd68cfa710 JavaThread "Sweeper thread" daemon [_thread_blocked, id=24520, stack(0x00000093fc700000,0x00000093fc800000)]
  0x000001cd68d9c390 JavaThread "Common-Cleaner" daemon [_thread_blocked, id=9700, stack(0x00000093fc800000,0x00000093fc900000)]
  0x000001cd68ff5c40 JavaThread "Notification Thread" daemon [_thread_blocked, id=27108, stack(0x00000093fc900000,0x00000093fca00000)]
  0x000001cd69453260 JavaThread "Active Thread: Equinox Container: 2e48ae32-99d0-4f46-8eb1-c0e0e674b937" [_thread_blocked, id=9364, stack(0x00000093fce00000,0x00000093fcf00000)]
  0x000001cd69489000 JavaThread "Framework Event Dispatcher: Equinox Container: 2e48ae32-99d0-4f46-8eb1-c0e0e674b937" daemon [_thread_blocked, id=14380, stack(0x00000093fcf00000,0x00000093fd000000)]
  0x000001cd69638150 JavaThread "Start Level: Equinox Container: 2e48ae32-99d0-4f46-8eb1-c0e0e674b937" daemon [_thread_blocked, id=7156, stack(0x00000093fd000000,0x00000093fd100000)]
  0x000001cd698a9a70 JavaThread "Bundle File Closer" daemon [_thread_blocked, id=28520, stack(0x00000093fd100000,0x00000093fd200000)]
  0x000001cd69409530 JavaThread "SCR Component Actor" daemon [_thread_blocked, id=16176, stack(0x00000093fd200000,0x00000093fd300000)]
  0x000001cd69a394c0 JavaThread "Worker-JM" [_thread_blocked, id=15932, stack(0x00000093fd400000,0x00000093fd500000)]
  0x000001cd69a3a900 JavaThread "Worker-0" [_thread_blocked, id=30096, stack(0x00000093fd500000,0x00000093fd600000)]
  0x000001cd69a38fb0 JavaThread "Worker-1: Initialize Workspace" [_thread_blocked, id=21220, stack(0x00000093fd600000,0x00000093fd700000)]
  0x000001cd69a3ae10 JavaThread "Worker-2" [_thread_blocked, id=18036, stack(0x00000093fd700000,0x00000093fd800000)]
  0x000001cd69a3a3f0 JavaThread "Worker-3: Java indexing... " [_thread_blocked, id=4244, stack(0x00000093fd800000,0x00000093fd900000)]
  0x000001cd69a3b320 JavaThread "Java indexing" daemon [_thread_in_Java, id=23908, stack(0x00000093fd900000,0x00000093fda00000)]
  0x000001cd69a38080 JavaThread "JNA Cleaner" daemon [_thread_blocked, id=22384, stack(0x00000093fd300000,0x00000093fd400000)]
  0x000001cd69a399d0 JavaThread "pool-2-thread-1" [_thread_blocked, id=3944, stack(0x00000093fda00000,0x00000093fdb00000)]
  0x000001cd69a39ee0 JavaThread "WorkspaceEventsHandler" [_thread_blocked, id=16708, stack(0x00000093fdb00000,0x00000093fdc00000)]
  0x000001cd6abcd860 JavaThread "pool-1-thread-1" [_thread_blocked, id=21728, stack(0x00000093fdc00000,0x00000093fdd00000)]
  0x000001cd6abd00e0 JavaThread "Worker-4" [_thread_blocked, id=16268, stack(0x00000093fdd00000,0x00000093fde00000)]
  0x000001cd6abcdd70 JavaThread "pool-3-thread-1" [_thread_blocked, id=24620, stack(0x00000093fde00000,0x00000093fdf00000)]

Other Threads:
  0x000001cd639a7990 VMThread "VM Thread" [stack: 0x00000093fbe00000,0x00000093fbf00000] [id=23872]
  0x000001cd68ff7390 WatcherThread [stack: 0x00000093fca00000,0x00000093fcb00000] [id=10124]
  0x000001cd4fc44d70 GCTaskThread "GC Thread#0" [stack: 0x00000093fbd00000,0x00000093fbe00000] [id=17832]
  0x000001cd693ca050 GCTaskThread "GC Thread#1" [stack: 0x00000093fcb00000,0x00000093fcc00000] [id=21680]
  0x000001cd6941dc40 GCTaskThread "GC Thread#2" [stack: 0x00000093fcc00000,0x00000093fcd00000] [id=25988]
  0x000001cd6941df00 GCTaskThread "GC Thread#3" [stack: 0x00000093fcd00000,0x00000093fce00000] [id=28928]

Threads with active compile tasks:
C2 CompilerThread0    61512 7314   !   4       org.eclipse.jdt.internal.core.search.indexing.BinaryIndexer::indexDocument (1157 bytes)

VM state: not at safepoint (normal execution)

VM Mutex/Monitor currently owned by a thread: None

Heap address: 0x00000000c0000000, size: 1024 MB, Compressed Oops mode: 32-bit

CDS archive(s) not mapped
Compressed class space mapped at: 0x0000000100000000-0x0000000140000000, reserved size: 1073741824
Narrow klass base: 0x0000000000000000, Narrow klass shift: 3, Narrow klass range: 0x140000000

GC Precious Log:
 CPUs: 4 total, 4 available
 Memory: 3919M
 Large Page Support: Disabled
 NUMA Support: Disabled
 Compressed Oops: Enabled (32-bit)
 Alignments: Space 512K, Generation 512K, Heap 2M
 Heap Min Capacity: 100M
 Heap Initial Capacity: 100M
 Heap Max Capacity: 1G
 Pre-touch: Disabled
 Parallel Workers: 4

Heap:
 PSYoungGen      total 6656K, used 5146K [0x00000000eab00000, 0x00000000eb600000, 0x0000000100000000)
  eden space 5120K, 80% used [0x00000000eab00000,0x00000000eaf01788,0x00000000eb000000)
  from space 1536K, 67% used [0x00000000eb000000,0x00000000eb105080,0x00000000eb180000)
  to   space 2560K, 0% used [0x00000000eb380000,0x00000000eb380000,0x00000000eb600000)
 ParOldGen       total 294400K, used 270569K [0x00000000c0000000, 0x00000000d1f80000, 0x00000000eab00000)
  object space 294400K, 91% used [0x00000000c0000000,0x00000000d083a6e8,0x00000000d1f80000)
 Metaspace       used 54892K, committed 55872K, reserved 1114112K
  class space    used 5850K, committed 6272K, reserved 1048576K

Card table byte_map: [0x000001cd4f5f0000,0x000001cd4f800000] _byte_map_base: 0x000001cd4eff0000

Marking Bits: (ParMarkBitMap*) 0x00007ffa2de5d7d0
 Begin Bits: [0x000001cd618c0000, 0x000001cd628c0000)
 End Bits:   [0x000001cd628c0000, 0x000001cd638c0000)

Polling page: 0x000001cd4f3e0000

Metaspace:

Usage:
  Non-class:     47.89 MB used.
      Class:      5.71 MB used.
       Both:     53.61 MB used.

Virtual space:
  Non-class space:       64.00 MB reserved,      48.44 MB ( 76%) committed,  1 nodes.
      Class space:        1.00 GB reserved,       6.12 MB ( <1%) committed,  1 nodes.
             Both:        1.06 GB reserved,      54.56 MB (  5%) committed. 

Chunk freelists:
   Non-Class:  15.50 MB
       Class:  9.78 MB
        Both:  25.28 MB

MaxMetaspaceSize: unlimited
CompressedClassSpaceSize: 1.00 GB
Initial GC threshold: 21.00 MB
Current GC threshold: 90.94 MB
CDS: off
MetaspaceReclaimPolicy: balanced
 - commit_granule_bytes: 65536.
 - commit_granule_words: 8192.
 - virtual_space_node_default_size: 8388608.
 - enlarge_chunks_in_place: 1.
 - new_chunks_are_fully_committed: 0.
 - uncommit_free_chunks: 1.
 - use_allocation_guard: 0.
 - handle_deallocations: 1.


Internal statistics:

num_allocs_failed_limit: 6.
num_arena_births: 582.
num_arena_deaths: 14.
num_vsnodes_births: 2.
num_vsnodes_deaths: 0.
num_space_committed: 873.
num_space_uncommitted: 0.
num_chunks_returned_to_freelist: 20.
num_chunks_taken_from_freelist: 2656.
num_chunk_merges: 11.
num_chunk_splits: 1650.
num_chunks_enlarged: 996.
num_inconsistent_stats: 0.

CodeHeap 'non-profiled nmethods': size=120000Kb used=4132Kb max_used=4796Kb free=115867Kb
 bounds [0x000001cd5a390000, 0x000001cd5a840000, 0x000001cd618c0000]
CodeHeap 'profiled nmethods': size=120000Kb used=12569Kb max_used=14137Kb free=107430Kb
 bounds [0x000001cd528c0000, 0x000001cd53690000, 0x000001cd59df0000]
CodeHeap 'non-nmethods': size=5760Kb used=1309Kb max_used=1392Kb free=4450Kb
 bounds [0x000001cd59df0000, 0x000001cd5a060000, 0x000001cd5a390000]
 total_blobs=6674 nmethods=6030 adapters=558
 compilation: enabled
              stopped_count=0, restarted_count=0
 full_count=0

Compilation events (20 events):
Event: 61.133 Thread 0x000001cd63abe980 7323       3       org.eclipse.jdt.internal.core.index.DiskIndex::writeStreamChars (285 bytes)
Event: 61.136 Thread 0x000001cd63abe980 nmethod 7323 0x000001cd52904c90 code [0x000001cd52904e60, 0x000001cd529052b8]
Event: 61.136 Thread 0x000001cd63abe980 7324       3       org.eclipse.jdt.internal.core.index.DiskIndex::writeStreamChars (220 bytes)
Event: 61.136 Thread 0x000001cd63abe980 nmethod 7324 0x000001cd5297d390 code [0x000001cd5297d5a0, 0x000001cd5297db68]
Event: 61.139 Thread 0x000001cd63abe980 7325 %     3       org.eclipse.jdt.internal.core.index.DiskIndex::writeAllDocumentNames @ 300 (512 bytes)
Event: 61.144 Thread 0x000001cd63abe980 nmethod 7325% 0x000001cd53516890 code [0x000001cd53516d80, 0x000001cd53519ce8]
Event: 61.144 Thread 0x000001cd63abe980 7326 %     3       org.eclipse.jdt.internal.core.index.DiskIndex::writeAllDocumentNames @ 251 (512 bytes)
Event: 61.154 Thread 0x000001cd63abe980 nmethod 7326% 0x000001cd535f7e10 code [0x000001cd535f8300, 0x000001cd535fb188]
Event: 61.254 Thread 0x000001cd63abe980 7330       3       org.eclipse.jdt.internal.compiler.util.HashtableOfObject::putUnsafely (78 bytes)
Event: 61.255 Thread 0x000001cd63abe980 nmethod 7330 0x000001cd52c15210 code [0x000001cd52c15400, 0x000001cd52c15a18]
Event: 61.255 Thread 0x000001cd63abe980 7331       3       org.eclipse.jdt.internal.compiler.util.HashtableOfObject::get (56 bytes)
Event: 61.255 Thread 0x000001cd63abe980 nmethod 7331 0x000001cd528c9510 code [0x000001cd528c9700, 0x000001cd528c9b58]
Event: 61.255 Thread 0x000001cd63abe980 7332       3       org.eclipse.jdt.internal.compiler.util.HashtableOfObject::rehash (84 bytes)
Event: 61.256 Thread 0x000001cd63abe980 nmethod 7332 0x000001cd529f6b90 code [0x000001cd529f6d60, 0x000001cd529f7128]
Event: 61.256 Thread 0x000001cd63abe980 7333       3       org.eclipse.jdt.internal.core.index.DiskIndex$IntList::add (67 bytes)
Event: 61.256 Thread 0x000001cd63abe980 nmethod 7333 0x000001cd528e2490 code [0x000001cd528e2640, 0x000001cd528e2988]
Event: 61.258 Thread 0x000001cd63abe980 7334       3       org.eclipse.jdt.internal.core.index.DiskIndex$IntList::<init> (16 bytes)
Event: 61.258 Thread 0x000001cd63abe980 nmethod 7334 0x000001cd52b72410 code [0x000001cd52b725a0, 0x000001cd52b72738]
Event: 61.289 Thread 0x000001cd63abe980 7336       3       org.eclipse.jdt.internal.core.index.DiskIndex::copyQueryResults (221 bytes)
Event: 61.291 Thread 0x000001cd63abe980 nmethod 7336 0x000001cd52e4ea10 code [0x000001cd52e4eca0, 0x000001cd52e4fab8]

GC Heap History (20 events):
Event: 60.259 GC heap before
{Heap before GC invocations=167 (full 10):
 PSYoungGen      total 11264K, used 10877K [0x00000000eab00000, 0x00000000ebc80000, 0x0000000100000000)
  eden space 6656K, 99% used [0x00000000eab00000,0x00000000eb17a638,0x00000000eb180000)
  from space 4608K, 92% used [0x00000000eb180000,0x00000000eb5a5150,0x00000000eb600000)
  to   space 5120K, 0% used [0x00000000eb780000,0x00000000eb780000,0x00000000ebc80000)
 ParOldGen       total 263680K, used 249300K [0x00000000c0000000, 0x00000000d0180000, 0x00000000eab00000)
  object space 263680K, 94% used [0x00000000c0000000,0x00000000cf375310,0x00000000d0180000)
 Metaspace       used 54880K, committed 55872K, reserved 1114112K
  class space    used 5850K, committed 6272K, reserved 1048576K
}
Event: 60.263 GC heap after
{Heap after GC invocations=167 (full 10):
 PSYoungGen      total 10752K, used 5112K [0x00000000eab00000, 0x00000000ec080000, 0x0000000100000000)
  eden space 5632K, 0% used [0x00000000eab00000,0x00000000eab00000,0x00000000eb080000)
  from space 5120K, 99% used [0x00000000eb780000,0x00000000ebc7e260,0x00000000ebc80000)
  to   space 7168K, 0% used [0x00000000eb080000,0x00000000eb080000,0x00000000eb780000)
 ParOldGen       total 263680K, used 250836K [0x00000000c0000000, 0x00000000d0180000, 0x00000000eab00000)
  object space 263680K, 95% used [0x00000000c0000000,0x00000000cf4f51e8,0x00000000d0180000)
 Metaspace       used 54880K, committed 55872K, reserved 1114112K
  class space    used 5850K, committed 6272K, reserved 1048576K
}
Event: 60.308 GC heap before
{Heap before GC invocations=168 (full 10):
 PSYoungGen      total 10752K, used 10682K [0x00000000eab00000, 0x00000000ec080000, 0x0000000100000000)
  eden space 5632K, 98% used [0x00000000eab00000,0x00000000eb0707b0,0x00000000eb080000)
  from space 5120K, 99% used [0x00000000eb780000,0x00000000ebc7e260,0x00000000ebc80000)
  to   space 7168K, 0% used [0x00000000eb080000,0x00000000eb080000,0x00000000eb780000)
 ParOldGen       total 263680K, used 250836K [0x00000000c0000000, 0x00000000d0180000, 0x00000000eab00000)
  object space 263680K, 95% used [0x00000000c0000000,0x00000000cf4f51e8,0x00000000d0180000)
 Metaspace       used 54880K, committed 55872K, reserved 1114112K
  class space    used 5850K, committed 6272K, reserved 1048576K
}
Event: 60.313 GC heap after
{Heap after GC invocations=168 (full 10):
 PSYoungGen      total 10240K, used 4104K [0x00000000eab00000, 0x00000000ebb80000, 0x0000000100000000)
  eden space 5632K, 0% used [0x00000000eab00000,0x00000000eab00000,0x00000000eb080000)
  from space 4608K, 89% used [0x00000000eb080000,0x00000000eb482158,0x00000000eb500000)
  to   space 5120K, 0% used [0x00000000eb680000,0x00000000eb680000,0x00000000ebb80000)
 ParOldGen       total 263680K, used 253909K [0x00000000c0000000, 0x00000000d0180000, 0x00000000eab00000)
  object space 263680K, 96% used [0x00000000c0000000,0x00000000cf7f5560,0x00000000d0180000)
 Metaspace       used 54880K, committed 55872K, reserved 1114112K
  class space    used 5850K, committed 6272K, reserved 1048576K
}
Event: 60.327 GC heap before
{Heap before GC invocations=169 (full 10):
 PSYoungGen      total 10240K, used 9724K [0x00000000eab00000, 0x00000000ebb80000, 0x0000000100000000)
  eden space 5632K, 99% used [0x00000000eab00000,0x00000000eb07cf98,0x00000000eb080000)
  from space 4608K, 89% used [0x00000000eb080000,0x00000000eb482158,0x00000000eb500000)
  to   space 5120K, 0% used [0x00000000eb680000,0x00000000eb680000,0x00000000ebb80000)
 ParOldGen       total 263680K, used 253909K [0x00000000c0000000, 0x00000000d0180000, 0x00000000eab00000)
  object space 263680K, 96% used [0x00000000c0000000,0x00000000cf7f5560,0x00000000d0180000)
 Metaspace       used 54880K, committed 55872K, reserved 1114112K
  class space    used 5850K, committed 6272K, reserved 1048576K
}
Event: 60.332 GC heap after
{Heap after GC invocations=169 (full 10):
 PSYoungGen      total 10240K, used 5119K [0x00000000eab00000, 0x00000000ebe80000, 0x0000000100000000)
  eden space 5120K, 0% used [0x00000000eab00000,0x00000000eab00000,0x00000000eb000000)
  from space 5120K, 99% used [0x00000000eb680000,0x00000000ebb7fe18,0x00000000ebb80000)
  to   space 6656K, 0% used [0x00000000eb000000,0x00000000eb000000,0x00000000eb680000)
 ParOldGen       total 263680K, used 254910K [0x00000000c0000000, 0x00000000d0180000, 0x00000000eab00000)
  object space 263680K, 96% used [0x00000000c0000000,0x00000000cf8ef850,0x00000000d0180000)
 Metaspace       used 54880K, committed 55872K, reserved 1114112K
  class space    used 5850K, committed 6272K, reserved 1048576K
}
Event: 60.342 GC heap before
{Heap before GC invocations=170 (full 10):
 PSYoungGen      total 10240K, used 10239K [0x00000000eab00000, 0x00000000ebe80000, 0x0000000100000000)
  eden space 5120K, 100% used [0x00000000eab00000,0x00000000eb000000,0x00000000eb000000)
  from space 5120K, 99% used [0x00000000eb680000,0x00000000ebb7fe18,0x00000000ebb80000)
  to   space 6656K, 0% used [0x00000000eb000000,0x00000000eb000000,0x00000000eb680000)
 ParOldGen       total 263680K, used 254910K [0x00000000c0000000, 0x00000000d0180000, 0x00000000eab00000)
  object space 263680K, 96% used [0x00000000c0000000,0x00000000cf8ef850,0x00000000d0180000)
 Metaspace       used 54880K, committed 55872K, reserved 1114112K
  class space    used 5850K, committed 6272K, reserved 1048576K
}
Event: 60.346 GC heap after
{Heap after GC invocations=170 (full 10):
 PSYoungGen      total 9216K, used 3983K [0x00000000eab00000, 0x00000000ebb00000, 0x0000000100000000)
  eden space 5120K, 0% used [0x00000000eab00000,0x00000000eab00000,0x00000000eb000000)
  from space 4096K, 97% used [0x00000000eb000000,0x00000000eb3e3c60,0x00000000eb400000)
  to   space 5120K, 0% used [0x00000000eb600000,0x00000000eb600000,0x00000000ebb00000)
 ParOldGen       total 263680K, used 258180K [0x00000000c0000000, 0x00000000d0180000, 0x00000000eab00000)
  object space 263680K, 97% used [0x00000000c0000000,0x00000000cfc21298,0x00000000d0180000)
 Metaspace       used 54880K, committed 55872K, reserved 1114112K
  class space    used 5850K, committed 6272K, reserved 1048576K
}
Event: 60.355 GC heap before
{Heap before GC invocations=171 (full 10):
 PSYoungGen      total 9216K, used 9103K [0x00000000eab00000, 0x00000000ebb00000, 0x0000000100000000)
  eden space 5120K, 100% used [0x00000000eab00000,0x00000000eb000000,0x00000000eb000000)
  from space 4096K, 97% used [0x00000000eb000000,0x00000000eb3e3c60,0x00000000eb400000)
  to   space 5120K, 0% used [0x00000000eb600000,0x00000000eb600000,0x00000000ebb00000)
 ParOldGen       total 263680K, used 258180K [0x00000000c0000000, 0x00000000d0180000, 0x00000000eab00000)
  object space 263680K, 97% used [0x00000000c0000000,0x00000000cfc21298,0x00000000d0180000)
 Metaspace       used 54880K, committed 55872K, reserved 1114112K
  class space    used 5850K, committed 6272K, reserved 1048576K
}
Event: 60.359 GC heap after
{Heap after GC invocations=171 (full 10):
 PSYoungGen      total 8192K, used 2039K [0x00000000eab00000, 0x00000000eb800000, 0x0000000100000000)
  eden space 6144K, 0% used [0x00000000eab00000,0x00000000eab00000,0x00000000eb100000)
  from space 2048K, 99% used [0x00000000eb600000,0x00000000eb7fdcf8,0x00000000eb800000)
  to   space 3072K, 0% used [0x00000000eb200000,0x00000000eb200000,0x00000000eb500000)
 ParOldGen       total 263680K, used 262075K [0x00000000c0000000, 0x00000000d0180000, 0x00000000eab00000)
  object space 263680K, 99% used [0x00000000c0000000,0x00000000cffeef08,0x00000000d0180000)
 Metaspace       used 54880K, committed 55872K, reserved 1114112K
  class space    used 5850K, committed 6272K, reserved 1048576K
}
Event: 60.360 GC heap before
{Heap before GC invocations=172 (full 11):
 PSYoungGen      total 8192K, used 2039K [0x00000000eab00000, 0x00000000eb800000, 0x0000000100000000)
  eden space 6144K, 0% used [0x00000000eab00000,0x00000000eab00000,0x00000000eb100000)
  from space 2048K, 99% used [0x00000000eb600000,0x00000000eb7fdcf8,0x00000000eb800000)
  to   space 3072K, 0% used [0x00000000eb200000,0x00000000eb200000,0x00000000eb500000)
 ParOldGen       total 263680K, used 262075K [0x00000000c0000000, 0x00000000d0180000, 0x00000000eab00000)
  object space 263680K, 99% used [0x00000000c0000000,0x00000000cffeef08,0x00000000d0180000)
 Metaspace       used 54880K, committed 55872K, reserved 1114112K
  class space    used 5850K, committed 6272K, reserved 1048576K
}
Event: 60.646 GC heap after
{Heap after GC invocations=172 (full 11):
 PSYoungGen      total 10240K, used 0K [0x00000000eab00000, 0x00000000eb800000, 0x0000000100000000)
  eden space 7168K, 0% used [0x00000000eab00000,0x00000000eab00000,0x00000000eb200000)
  from space 3072K, 0% used [0x00000000eb200000,0x00000000eb200000,0x00000000eb500000)
  to   space 3072K, 0% used [0x00000000eb500000,0x00000000eb500000,0x00000000eb800000)
 ParOldGen       total 294400K, used 262656K [0x00000000c0000000, 0x00000000d1f80000, 0x00000000eab00000)
  object space 294400K, 89% used [0x00000000c0000000,0x00000000d0080040,0x00000000d1f80000)
 Metaspace       used 54880K, committed 55872K, reserved 1114112K
  class space    used 5850K, committed 6272K, reserved 1048576K
}
Event: 60.794 GC heap before
{Heap before GC invocations=173 (full 11):
 PSYoungGen      total 10240K, used 7168K [0x00000000eab00000, 0x00000000eb800000, 0x0000000100000000)
  eden space 7168K, 100% used [0x00000000eab00000,0x00000000eb200000,0x00000000eb200000)
  from space 3072K, 0% used [0x00000000eb200000,0x00000000eb200000,0x00000000eb500000)
  to   space 3072K, 0% used [0x00000000eb500000,0x00000000eb500000,0x00000000eb800000)
 ParOldGen       total 294400K, used 262656K [0x00000000c0000000, 0x00000000d1f80000, 0x00000000eab00000)
  object space 294400K, 89% used [0x00000000c0000000,0x00000000d0080040,0x00000000d1f80000)
 Metaspace       used 54880K, committed 55872K, reserved 1114112K
  class space    used 5850K, committed 6272K, reserved 1048576K
}
Event: 60.797 GC heap after
{Heap after GC invocations=173 (full 11):
 PSYoungGen      total 9728K, used 2947K [0x00000000eab00000, 0x00000000eba00000, 0x0000000100000000)
  eden space 6656K, 0% used [0x00000000eab00000,0x00000000eab00000,0x00000000eb180000)
  from space 3072K, 95% used [0x00000000eb500000,0x00000000eb7e0e18,0x00000000eb800000)
  to   space 3584K, 0% used [0x00000000eb180000,0x00000000eb180000,0x00000000eb500000)
 ParOldGen       total 294400K, used 262656K [0x00000000c0000000, 0x00000000d1f80000, 0x00000000eab00000)
  object space 294400K, 89% used [0x00000000c0000000,0x00000000d0080040,0x00000000d1f80000)
 Metaspace       used 54880K, committed 55872K, reserved 1114112K
  class space    used 5850K, committed 6272K, reserved 1048576K
}
Event: 60.886 GC heap before
{Heap before GC invocations=174 (full 11):
 PSYoungGen      total 9728K, used 9603K [0x00000000eab00000, 0x00000000eba00000, 0x0000000100000000)
  eden space 6656K, 100% used [0x00000000eab00000,0x00000000eb180000,0x00000000eb180000)
  from space 3072K, 95% used [0x00000000eb500000,0x00000000eb7e0e18,0x00000000eb800000)
  to   space 3584K, 0% used [0x00000000eb180000,0x00000000eb180000,0x00000000eb500000)
 ParOldGen       total 294400K, used 262656K [0x00000000c0000000, 0x00000000d1f80000, 0x00000000eab00000)
  object space 294400K, 89% used [0x00000000c0000000,0x00000000d0080040,0x00000000d1f80000)
 Metaspace       used 54880K, committed 55872K, reserved 1114112K
  class space    used 5850K, committed 6272K, reserved 1048576K
}
Event: 60.889 GC heap after
{Heap after GC invocations=174 (full 11):
 PSYoungGen      total 10240K, used 2532K [0x00000000eab00000, 0x00000000eb880000, 0x0000000100000000)
  eden space 6656K, 0% used [0x00000000eab00000,0x00000000eab00000,0x00000000eb180000)
  from space 3584K, 70% used [0x00000000eb180000,0x00000000eb3f90b0,0x00000000eb500000)
  to   space 3072K, 0% used [0x00000000eb580000,0x00000000eb580000,0x00000000eb880000)
 ParOldGen       total 294400K, used 265576K [0x00000000c0000000, 0x00000000d1f80000, 0x00000000eab00000)
  object space 294400K, 90% used [0x00000000c0000000,0x00000000d035a038,0x00000000d1f80000)
 Metaspace       used 54880K, committed 55872K, reserved 1114112K
  class space    used 5850K, committed 6272K, reserved 1048576K
}
Event: 61.147 GC heap before
{Heap before GC invocations=175 (full 11):
 PSYoungGen      total 10240K, used 9188K [0x00000000eab00000, 0x00000000eb880000, 0x0000000100000000)
  eden space 6656K, 100% used [0x00000000eab00000,0x00000000eb180000,0x00000000eb180000)
  from space 3584K, 70% used [0x00000000eb180000,0x00000000eb3f90b0,0x00000000eb500000)
  to   space 3072K, 0% used [0x00000000eb580000,0x00000000eb580000,0x00000000eb880000)
 ParOldGen       total 294400K, used 265576K [0x00000000c0000000, 0x00000000d1f80000, 0x00000000eab00000)
  object space 294400K, 90% used [0x00000000c0000000,0x00000000d035a038,0x00000000d1f80000)
 Metaspace       used 54888K, committed 55872K, reserved 1114112K
  class space    used 5850K, committed 6272K, reserved 1048576K
}
Event: 61.153 GC heap after
{Heap after GC invocations=175 (full 11):
 PSYoungGen      total 8192K, used 3061K [0x00000000eab00000, 0x00000000ebd80000, 0x0000000100000000)
  eden space 5120K, 0% used [0x00000000eab00000,0x00000000eab00000,0x00000000eb000000)
  from space 3072K, 99% used [0x00000000eb580000,0x00000000eb87d778,0x00000000eb880000)
  to   space 5632K, 0% used [0x00000000eb000000,0x00000000eb000000,0x00000000eb580000)
 ParOldGen       total 294400K, used 267630K [0x00000000c0000000, 0x00000000d1f80000, 0x00000000eab00000)
  object space 294400K, 90% used [0x00000000c0000000,0x00000000d055b800,0x00000000d1f80000)
 Metaspace       used 54888K, committed 55872K, reserved 1114112K
  class space    used 5850K, committed 6272K, reserved 1048576K
}
Event: 61.329 GC heap before
{Heap before GC invocations=176 (full 11):
 PSYoungGen      total 8192K, used 8175K [0x00000000eab00000, 0x00000000ebd80000, 0x0000000100000000)
  eden space 5120K, 99% used [0x00000000eab00000,0x00000000eaffe7c8,0x00000000eb000000)
  from space 3072K, 99% used [0x00000000eb580000,0x00000000eb87d778,0x00000000eb880000)
  to   space 5632K, 0% used [0x00000000eb000000,0x00000000eb000000,0x00000000eb580000)
 ParOldGen       total 294400K, used 267630K [0x00000000c0000000, 0x00000000d1f80000, 0x00000000eab00000)
  object space 294400K, 90% used [0x00000000c0000000,0x00000000d055b800,0x00000000d1f80000)
 Metaspace       used 54892K, committed 55872K, reserved 1114112K
  class space    used 5850K, committed 6272K, reserved 1048576K
}
Event: 61.333 GC heap after
{Heap after GC invocations=176 (full 11):
 PSYoungGen      total 6656K, used 1044K [0x00000000eab00000, 0x00000000eb600000, 0x0000000100000000)
  eden space 5120K, 0% used [0x00000000eab00000,0x00000000eab00000,0x00000000eb000000)
  from space 1536K, 67% used [0x00000000eb000000,0x00000000eb105080,0x00000000eb180000)
  to   space 2560K, 0% used [0x00000000eb380000,0x00000000eb380000,0x00000000eb600000)
 ParOldGen       total 294400K, used 270569K [0x00000000c0000000, 0x00000000d1f80000, 0x00000000eab00000)
  object space 294400K, 91% used [0x00000000c0000000,0x00000000d083a6e8,0x00000000d1f80000)
 Metaspace       used 54892K, committed 55872K, reserved 1114112K
  class space    used 5850K, committed 6272K, reserved 1048576K
}

Dll operation events (10 events):
Event: 0.074 Loaded shared library c:\Users\HP\.vscode\extensions\redhat.java-1.29.0-win32-x64\jre\17.0.10-win32-x86_64\bin\java.dll
Event: 1.499 Loaded shared library c:\Users\HP\.vscode\extensions\redhat.java-1.29.0-win32-x64\jre\17.0.10-win32-x86_64\bin\zip.dll
Event: 1.522 Loaded shared library C:\Users\HP\.vscode\extensions\redhat.java-1.29.0-win32-x64\jre\17.0.10-win32-x86_64\bin\instrument.dll
Event: 1.820 Loaded shared library C:\Users\HP\.vscode\extensions\redhat.java-1.29.0-win32-x64\jre\17.0.10-win32-x86_64\bin\net.dll
Event: 1.824 Loaded shared library C:\Users\HP\.vscode\extensions\redhat.java-1.29.0-win32-x64\jre\17.0.10-win32-x86_64\bin\nio.dll
Event: 1.865 Loaded shared library C:\Users\HP\.vscode\extensions\redhat.java-1.29.0-win32-x64\jre\17.0.10-win32-x86_64\bin\zip.dll
Event: 1.917 Loaded shared library C:\Users\HP\.vscode\extensions\redhat.java-1.29.0-win32-x64\jre\17.0.10-win32-x86_64\bin\jimage.dll
Event: 2.301 Loaded shared library c:\Users\HP\.vscode\extensions\redhat.java-1.29.0-win32-x64\jre\17.0.10-win32-x86_64\bin\verify.dll
Event: 6.824 Loaded shared library C:\Users\HP\AppData\Roaming\Code\User\globalStorage\redhat.java\1.29.0\config_win\org.eclipse.equinox.launcher\org.eclipse.equinox.launcher.win32.win32.x86_64_1.2.900.v20240213-1244\eclipse_11900.dll
Event: 20.110 Loaded shared library C:\Users\HP\AppData\Local\Temp\jna-2312\jna2330872216956059752.dll

Deoptimization events (20 events):
Event: 60.939 Thread 0x000001cd69a3b320 Uncommon trap: trap_request=0xffffffc6 fr.pc=0x000001cd5a70769c relative=0x0000000000000f5c
Event: 60.939 Thread 0x000001cd69a3b320 Uncommon trap: reason=bimorphic_or_optimized_type_check action=maybe_recompile pc=0x000001cd5a70769c method=java.util.concurrent.ConcurrentHashMap.computeIfAbsent(Ljava/lang/Object;Ljava/util/function/Function;)Ljava/lang/Object; @ 323 c2
Event: 60.939 Thread 0x000001cd69a3b320 DEOPT PACKING pc=0x000001cd5a70769c sp=0x00000093fd9febd0
Event: 60.939 Thread 0x000001cd69a3b320 DEOPT UNPACKING pc=0x000001cd59e466a3 sp=0x00000093fd9feb30 mode 2
Event: 60.940 Thread 0x000001cd69a3b320 Uncommon trap: trap_request=0xffffffc6 fr.pc=0x000001cd5a70769c relative=0x0000000000000f5c
Event: 60.940 Thread 0x000001cd69a3b320 Uncommon trap: reason=bimorphic_or_optimized_type_check action=maybe_recompile pc=0x000001cd5a70769c method=java.util.concurrent.ConcurrentHashMap.computeIfAbsent(Ljava/lang/Object;Ljava/util/function/Function;)Ljava/lang/Object; @ 323 c2
Event: 60.940 Thread 0x000001cd69a3b320 DEOPT PACKING pc=0x000001cd5a70769c sp=0x00000093fd9febd0
Event: 60.940 Thread 0x000001cd69a3b320 DEOPT UNPACKING pc=0x000001cd59e466a3 sp=0x00000093fd9feb30 mode 2
Event: 61.222 Thread 0x000001cd69a3b320 Uncommon trap: trap_request=0xffffff45 fr.pc=0x000001cd5a7123c8 relative=0x00000000000002a8
Event: 61.222 Thread 0x000001cd69a3b320 Uncommon trap: reason=unstable_if action=reinterpret pc=0x000001cd5a7123c8 method=org.eclipse.jdt.internal.compiler.util.HashtableOfObject.putUnsafely([CLjava/lang/Object;)V @ 70 c2
Event: 61.222 Thread 0x000001cd69a3b320 DEOPT PACKING pc=0x000001cd5a7123c8 sp=0x00000093fd9feef0
Event: 61.222 Thread 0x000001cd69a3b320 DEOPT UNPACKING pc=0x000001cd59e466a3 sp=0x00000093fd9fee98 mode 2
Event: 61.222 Thread 0x000001cd69a3b320 Uncommon trap: trap_request=0xffffff45 fr.pc=0x000001cd5a68fc94 relative=0x00000000000003f4
Event: 61.222 Thread 0x000001cd69a3b320 Uncommon trap: reason=unstable_if action=reinterpret pc=0x000001cd5a68fc94 method=org.eclipse.jdt.internal.compiler.util.HashtableOfObject.get([C)Ljava/lang/Object; @ 37 c2
Event: 61.222 Thread 0x000001cd69a3b320 DEOPT PACKING pc=0x000001cd5a68fc94 sp=0x00000093fd9fef10
Event: 61.222 Thread 0x000001cd69a3b320 DEOPT UNPACKING pc=0x000001cd59e466a3 sp=0x00000093fd9feea0 mode 2
Event: 61.255 Thread 0x000001cd69a3b320 Uncommon trap: trap_request=0xffffff45 fr.pc=0x000001cd5a757e0c relative=0x00000000000007ac
Event: 61.255 Thread 0x000001cd69a3b320 Uncommon trap: reason=unstable_if action=reinterpret pc=0x000001cd5a757e0c method=org.eclipse.jdt.internal.compiler.util.HashtableOfObject.putUnsafely([CLjava/lang/Object;)V @ 23 c2
Event: 61.255 Thread 0x000001cd69a3b320 DEOPT PACKING pc=0x000001cd5a757e0c sp=0x00000093fd9fee70
Event: 61.255 Thread 0x000001cd69a3b320 DEOPT UNPACKING pc=0x000001cd59e466a3 sp=0x00000093fd9fed98 mode 2

Classes unloaded (7 events):
Event: 11.738 Thread 0x000001cd639a7990 Unloading class 0x000000010024a400 'java/lang/invoke/LambdaForm$MH+0x000000010024a400'
Event: 11.738 Thread 0x000001cd639a7990 Unloading class 0x000000010024a000 'java/lang/invoke/LambdaForm$MH+0x000000010024a000'
Event: 11.738 Thread 0x000001cd639a7990 Unloading class 0x0000000100249c00 'java/lang/invoke/LambdaForm$MH+0x0000000100249c00'
Event: 11.738 Thread 0x000001cd639a7990 Unloading class 0x0000000100249800 'java/lang/invoke/LambdaForm$MH+0x0000000100249800'
Event: 11.738 Thread 0x000001cd639a7990 Unloading class 0x0000000100249400 'java/lang/invoke/LambdaForm$BMH+0x0000000100249400'
Event: 11.738 Thread 0x000001cd639a7990 Unloading class 0x0000000100249000 'java/lang/invoke/LambdaForm$DMH+0x0000000100249000'
Event: 11.738 Thread 0x000001cd639a7990 Unloading class 0x0000000100244400 'java/lang/invoke/LambdaForm$DMH+0x0000000100244400'

Classes redefined (0 events):
No events

Internal exceptions (20 events):
Event: 28.803 Thread 0x000001cd69a38fb0 Exception <a 'sun/nio/fs/WindowsException'{0x00000000eacdccd8}> (0x00000000eacdccd8) 
thrown [s\src\hotspot\share\prims\jni.cpp, line 516]
Event: 28.808 Thread 0x000001cd69a38fb0 Exception <a 'sun/nio/fs/WindowsException'{0x00000000eace0e40}> (0x00000000eace0e40) 
thrown [s\src\hotspot\share\prims\jni.cpp, line 516]
Event: 28.812 Thread 0x000001cd69a38fb0 Exception <a 'sun/nio/fs/WindowsException'{0x00000000eace7288}> (0x00000000eace7288) 
thrown [s\src\hotspot\share\prims\jni.cpp, line 516]
Event: 28.814 Thread 0x000001cd69a38fb0 Exception <a 'sun/nio/fs/WindowsException'{0x00000000eacea800}> (0x00000000eacea800) 
thrown [s\src\hotspot\share\prims\jni.cpp, line 516]
Event: 28.816 Thread 0x000001cd69a38fb0 Exception <a 'sun/nio/fs/WindowsException'{0x00000000eacf38a0}> (0x00000000eacf38a0) 
thrown [s\src\hotspot\share\prims\jni.cpp, line 516]
Event: 28.818 Thread 0x000001cd69a38fb0 Exception <a 'sun/nio/fs/WindowsException'{0x00000000eacf6d98}> (0x00000000eacf6d98) 
thrown [s\src\hotspot\share\prims\jni.cpp, line 516]
Event: 28.819 Thread 0x000001cd69a38fb0 Exception <a 'sun/nio/fs/WindowsException'{0x00000000eacfa4a8}> (0x00000000eacfa4a8) 
thrown [s\src\hotspot\share\prims\jni.cpp, line 516]
Event: 28.936 Thread 0x000001cd69a38fb0 Exception <a 'sun/nio/fs/WindowsException'{0x00000000ead21560}> (0x00000000ead21560) 
thrown [s\src\hotspot\share\prims\jni.cpp, line 516]
Event: 28.939 Thread 0x000001cd69a38fb0 Exception <a 'sun/nio/fs/WindowsException'{0x00000000ead24fd8}> (0x00000000ead24fd8) 
thrown [s\src\hotspot\share\prims\jni.cpp, line 516]
Event: 28.942 Thread 0x000001cd69a38fb0 Exception <a 'sun/nio/fs/WindowsException'{0x00000000ead29660}> (0x00000000ead29660) 
thrown [s\src\hotspot\share\prims\jni.cpp, line 516]
Event: 28.962 Thread 0x000001cd69a38fb0 Exception <a 'sun/nio/fs/WindowsException'{0x00000000ead2dcd8}> (0x00000000ead2dcd8) 
thrown [s\src\hotspot\share\prims\jni.cpp, line 516]
Event: 28.972 Thread 0x000001cd69a38fb0 Exception <a 'sun/nio/fs/WindowsException'{0x00000000ead3be50}> (0x00000000ead3be50) 
thrown [s\src\hotspot\share\prims\jni.cpp, line 516]
Event: 28.972 Thread 0x000001cd69a38fb0 Exception <a 'sun/nio/fs/WindowsException'{0x00000000ead3f560}> (0x00000000ead3f560) 
thrown [s\src\hotspot\share\prims\jni.cpp, line 516]
Event: 28.973 Thread 0x000001cd69a38fb0 Exception <a 'sun/nio/fs/WindowsException'{0x00000000ead42f28}> (0x00000000ead42f28) 
thrown [s\src\hotspot\share\prims\jni.cpp, line 516]
Event: 29.196 Thread 0x000001cd69a38fb0 Exception <a 'java/lang/NoSuchMethodError'{0x00000000ead6a7c0}: 'void java.lang.invoke.DirectMethodHandle$Holder.invokeStatic(java.lang.Object, long)'> (0x00000000ead6a7c0) 
thrown [s\src\hotspot\share\interpreter\linkResolver.cpp, line 759]
Event: 29.197 Thread 0x000001cd69a38fb0 Exception <a 'java/lang/NoSuchMethodError'{0x00000000eada3820}: 'java.lang.Object java.lang.invoke.DirectMethodHandle$Holder.newInvokeSpecial(java.lang.Object, long)'> (0x00000000eada3820) 
thrown [s\src\hotspot\share\interpreter\linkResolver.cpp, line 759]
Event: 32.940 Thread 0x000001cd69a3b320 Implicit null exception at 0x000001cd5a6990ac to 0x000001cd5a6991c4
Event: 36.421 Thread 0x000001cd69453260 Implicit null exception at 0x000001cd5a601e0e to 0x000001cd5a602158
Event: 40.403 Thread 0x000001cd69a3b320 Implicit null exception at 0x000001cd5a749640 to 0x000001cd5a74ef34
Event: 41.357 Thread 0x000001cd69a3b320 Implicit null exception at 0x000001cd5a75e000 to 0x000001cd5a763e1c

VM Operations (20 events):
Event: 60.136 Executing VM operation: ParallelGCFailedAllocation
Event: 60.142 Executing VM operation: ParallelGCFailedAllocation done
Event: 60.259 Executing VM operation: ParallelGCFailedAllocation
Event: 60.263 Executing VM operation: ParallelGCFailedAllocation done
Event: 60.308 Executing VM operation: ParallelGCFailedAllocation
Event: 60.313 Executing VM operation: ParallelGCFailedAllocation done
Event: 60.327 Executing VM operation: ParallelGCFailedAllocation
Event: 60.332 Executing VM operation: ParallelGCFailedAllocation done
Event: 60.342 Executing VM operation: ParallelGCFailedAllocation
Event: 60.346 Executing VM operation: ParallelGCFailedAllocation done
Event: 60.355 Executing VM operation: ParallelGCFailedAllocation
Event: 60.647 Executing VM operation: ParallelGCFailedAllocation done
Event: 60.794 Executing VM operation: ParallelGCFailedAllocation
Event: 60.797 Executing VM operation: ParallelGCFailedAllocation done
Event: 60.886 Executing VM operation: ParallelGCFailedAllocation
Event: 60.889 Executing VM operation: ParallelGCFailedAllocation done
Event: 61.147 Executing VM operation: ParallelGCFailedAllocation
Event: 61.153 Executing VM operation: ParallelGCFailedAllocation done
Event: 61.329 Executing VM operation: ParallelGCFailedAllocation
Event: 61.334 Executing VM operation: ParallelGCFailedAllocation done

Events (20 events):
Event: 51.315 Thread 0x000001cd68cfa710 flushing nmethod 0x000001cd535f7e10
Event: 51.315 Thread 0x000001cd68cfa710 flushing nmethod 0x000001cd535f9a10
Event: 51.316 Thread 0x000001cd68cfa710 flushing nmethod 0x000001cd535fb110
Event: 51.316 Thread 0x000001cd68cfa710 flushing nmethod 0x000001cd535fb590
Event: 51.316 Thread 0x000001cd68cfa710 flushing nmethod 0x000001cd53604b10
Event: 51.316 Thread 0x000001cd68cfa710 flushing nmethod 0x000001cd53616790
Event: 51.316 Thread 0x000001cd68cfa710 flushing nmethod 0x000001cd53617190
Event: 51.316 Thread 0x000001cd68cfa710 flushing nmethod 0x000001cd53627f10
Event: 51.316 Thread 0x000001cd68cfa710 flushing nmethod 0x000001cd53629890
Event: 51.316 Thread 0x000001cd68cfa710 flushing nmethod 0x000001cd5362c190
Event: 51.316 Thread 0x000001cd68cfa710 flushing nmethod 0x000001cd5362d790
Event: 51.316 Thread 0x000001cd68cfa710 flushing nmethod 0x000001cd5362e890
Event: 51.316 Thread 0x000001cd68cfa710 flushing nmethod 0x000001cd53634990
Event: 51.316 Thread 0x000001cd68cfa710 flushing nmethod 0x000001cd53638190
Event: 51.316 Thread 0x000001cd68cfa710 flushing nmethod 0x000001cd53638590
Event: 51.316 Thread 0x000001cd68cfa710 flushing nmethod 0x000001cd53649f10
Event: 51.316 Thread 0x000001cd68cfa710 flushing nmethod 0x000001cd53658c10
Event: 51.316 Thread 0x000001cd68cfa710 flushing nmethod 0x000001cd53662190
Event: 51.316 Thread 0x000001cd68cfa710 flushing nmethod 0x000001cd53672b10
Event: 51.316 Thread 0x000001cd68cfa710 flushing nmethod 0x000001cd53676d10


Dynamic libraries:
0x00007ff65e810000 - 0x00007ff65e81e000 	c:\Users\HP\.vscode\extensions\redhat.java-1.29.0-win32-x64\jre\17.0.10-win32-x86_64\bin\java.exe
0x00007ffaa5fd0000 - 0x00007ffaa61e6000 	C:\WINDOWS\SYSTEM32\ntdll.dll
0x00007ffaa5ec0000 - 0x00007ffaa5f84000 	C:\WINDOWS\System32\KERNEL32.DLL
0x00007ffaa3920000 - 0x00007ffaa3cc7000 	C:\WINDOWS\System32\KERNELBASE.dll
0x00007ffaa35c0000 - 0x00007ffaa36d1000 	C:\WINDOWS\System32\ucrtbase.dll
0x00007ffa7ef70000 - 0x00007ffa7ef8b000 	c:\Users\HP\.vscode\extensions\redhat.java-1.29.0-win32-x64\jre\17.0.10-win32-x86_64\bin\VCRUNTIME140.dll
0x00007ffa7f620000 - 0x00007ffa7f637000 	c:\Users\HP\.vscode\extensions\redhat.java-1.29.0-win32-x64\jre\17.0.10-win32-x86_64\bin\jli.dll
0x00007ffaa54c0000 - 0x00007ffaa566e000 	C:\WINDOWS\System32\USER32.dll
0x00007ffaa36e0000 - 0x00007ffaa3706000 	C:\WINDOWS\System32\win32u.dll
0x00007ffaa4520000 - 0x00007ffaa4549000 	C:\WINDOWS\System32\GDI32.dll
0x00007ffaa32f0000 - 0x00007ffaa3409000 	C:\WINDOWS\System32\gdi32full.dll
0x00007ffaa3880000 - 0x00007ffaa391a000 	C:\WINDOWS\System32\msvcp_win.dll
0x00007ffa8bb40000 - 0x00007ffa8bdd3000 	C:\WINDOWS\WinSxS\amd64_microsoft.windows.common-controls_6595b64144ccf1df_6.0.22621.3235_none_270f74e173860f98\COMCTL32.dll
0x00007ffaa5670000 - 0x00007ffaa5717000 	C:\WINDOWS\System32\msvcrt.dll
0x00007ffaa3f70000 - 0x00007ffaa3fa1000 	C:\WINDOWS\System32\IMM32.DLL
0x00007ffa8e210000 - 0x00007ffa8e21c000 	c:\Users\HP\.vscode\extensions\redhat.java-1.29.0-win32-x64\jre\17.0.10-win32-x86_64\bin\vcruntime140_1.dll
0x00007ffa56c80000 - 0x00007ffa56d0d000 	c:\Users\HP\.vscode\extensions\redhat.java-1.29.0-win32-x64\jre\17.0.10-win32-x86_64\bin\msvcp140.dll
0x00007ffa2d2c0000 - 0x00007ffa2df22000 	c:\Users\HP\.vscode\extensions\redhat.java-1.29.0-win32-x64\jre\17.0.10-win32-x86_64\bin\server\jvm.dll
0x00007ffaa5400000 - 0x00007ffaa54b2000 	C:\WINDOWS\System32\ADVAPI32.dll
0x00007ffaa3eb0000 - 0x00007ffaa3f58000 	C:\WINDOWS\System32\sechost.dll
0x00007ffaa3cd0000 - 0x00007ffaa3cf8000 	C:\WINDOWS\System32\bcrypt.dll
0x00007ffaa57f0000 - 0x00007ffaa5905000 	C:\WINDOWS\System32\RPCRT4.dll
0x00007ffaa31c0000 - 0x00007ffaa320d000 	C:\WINDOWS\SYSTEM32\POWRPROF.dll
0x00007ffa7ef60000 - 0x00007ffa7ef69000 	C:\WINDOWS\SYSTEM32\WSOCK32.dll
0x00007ffaa5240000 - 0x00007ffaa52b1000 	C:\WINDOWS\System32\WS2_32.dll
0x00007ffa9a000000 - 0x00007ffa9a034000 	C:\WINDOWS\SYSTEM32\WINMM.dll
0x00007ffa95120000 - 0x00007ffa9512a000 	C:\WINDOWS\SYSTEM32\VERSION.dll
0x00007ffaa30f0000 - 0x00007ffaa3103000 	C:\WINDOWS\SYSTEM32\UMPDC.dll
0x00007ffaa22f0000 - 0x00007ffaa2308000 	C:\WINDOWS\SYSTEM32\kernel.appcore.dll
0x00007ffa8be10000 - 0x00007ffa8be1a000 	c:\Users\HP\.vscode\extensions\redhat.java-1.29.0-win32-x64\jre\17.0.10-win32-x86_64\bin\jimage.dll
0x00007ffaa0b30000 - 0x00007ffaa0d63000 	C:\WINDOWS\SYSTEM32\DBGHELP.DLL
0x00007ffaa3fb0000 - 0x00007ffaa4338000 	C:\WINDOWS\System32\combase.dll
0x00007ffaa4340000 - 0x00007ffaa4417000 	C:\WINDOWS\System32\OLEAUT32.dll
0x00007ffa7f260000 - 0x00007ffa7f292000 	C:\WINDOWS\SYSTEM32\dbgcore.DLL
0x00007ffaa34d0000 - 0x00007ffaa3549000 	C:\WINDOWS\System32\bcryptPrimitives.dll
0x00007ffa8a8d0000 - 0x00007ffa8a8de000 	c:\Users\HP\.vscode\extensions\redhat.java-1.29.0-win32-x64\jre\17.0.10-win32-x86_64\bin\instrument.dll
0x00007ffa6cdc0000 - 0x00007ffa6cde5000 	c:\Users\HP\.vscode\extensions\redhat.java-1.29.0-win32-x64\jre\17.0.10-win32-x86_64\bin\java.dll
0x00007ffa72500000 - 0x00007ffa72518000 	c:\Users\HP\.vscode\extensions\redhat.java-1.29.0-win32-x64\jre\17.0.10-win32-x86_64\bin\zip.dll
0x00007ffaa4550000 - 0x00007ffaa4dac000 	C:\WINDOWS\System32\SHELL32.dll
0x00007ffaa1200000 - 0x00007ffaa1af9000 	C:\WINDOWS\SYSTEM32\windows.storage.dll
0x00007ffaa10c0000 - 0x00007ffaa11fe000 	C:\WINDOWS\SYSTEM32\wintypes.dll
0x00007ffaa5a70000 - 0x00007ffaa5b63000 	C:\WINDOWS\System32\SHCORE.dll
0x00007ffaa5720000 - 0x00007ffaa577e000 	C:\WINDOWS\System32\shlwapi.dll
0x00007ffaa3220000 - 0x00007ffaa3241000 	C:\WINDOWS\SYSTEM32\profapi.dll
0x00007ffa71cb0000 - 0x00007ffa71cc9000 	C:\Users\HP\.vscode\extensions\redhat.java-1.29.0-win32-x64\jre\17.0.10-win32-x86_64\bin\net.dll
0x00007ffa9ad90000 - 0x00007ffa9aec6000 	C:\WINDOWS\SYSTEM32\WINHTTP.dll
0x00007ffaa2760000 - 0x00007ffaa27c9000 	C:\WINDOWS\system32\mswsock.dll
0x00007ffa6cda0000 - 0x00007ffa6cdb6000 	C:\Users\HP\.vscode\extensions\redhat.java-1.29.0-win32-x64\jre\17.0.10-win32-x86_64\bin\nio.dll
0x00007ffa8a6c0000 - 0x00007ffa8a6d0000 	c:\Users\HP\.vscode\extensions\redhat.java-1.29.0-win32-x64\jre\17.0.10-win32-x86_64\bin\verify.dll
0x00007ffa5a7c0000 - 0x00007ffa5a7fe000 	C:\Users\HP\AppData\Roaming\Code\User\globalStorage\redhat.java\1.29.0\config_win\org.eclipse.equinox.launcher\org.eclipse.equinox.launcher.win32.win32.x86_64_1.2.900.v20240213-1244\eclipse_11900.dll
0x00007ffaa3d00000 - 0x00007ffaa3ea5000 	C:\WINDOWS\System32\ole32.dll
0x00007ffaa29a0000 - 0x00007ffaa29bb000 	C:\WINDOWS\SYSTEM32\CRYPTSP.dll
0x00007ffaa2250000 - 0x00007ffaa2285000 	C:\WINDOWS\system32\rsaenh.dll
0x00007ffaa2820000 - 0x00007ffaa2848000 	C:\WINDOWS\SYSTEM32\USERENV.dll
0x00007ffaa29c0000 - 0x00007ffaa29cc000 	C:\WINDOWS\SYSTEM32\CRYPTBASE.dll
0x00007ffaa1d60000 - 0x00007ffaa1d8d000 	C:\WINDOWS\SYSTEM32\IPHLPAPI.DLL
0x00007ffaa4db0000 - 0x00007ffaa4db9000 	C:\WINDOWS\System32\NSI.dll
0x00007ffa9ad20000 - 0x00007ffa9ad39000 	C:\WINDOWS\SYSTEM32\dhcpcsvc6.DLL
0x00007ffa9ad00000 - 0x00007ffa9ad1f000 	C:\WINDOWS\SYSTEM32\dhcpcsvc.DLL
0x00007ffaa1e20000 - 0x00007ffaa1f19000 	C:\WINDOWS\SYSTEM32\DNSAPI.dll
0x00007ffa57a10000 - 0x00007ffa57a55000 	C:\Users\HP\AppData\Local\Temp\jna-2312\jna2330872216956059752.dll
0x00007ffaa5eb0000 - 0x00007ffaa5eb8000 	C:\WINDOWS\System32\PSAPI.DLL

dbghelp: loaded successfully - version: 4.0.5 - missing functions: none
symbol engine: initialized successfully - sym options: 0x614 - pdb path: .;c:\Users\HP\.vscode\extensions\redhat.java-1.29.0-win32-x64\jre\17.0.10-win32-x86_64\bin;C:\WINDOWS\SYSTEM32;C:\WINDOWS\WinSxS\amd64_microsoft.windows.common-controls_6595b64144ccf1df_6.0.22621.3235_none_270f74e173860f98;c:\Users\HP\.vscode\extensions\redhat.java-1.29.0-win32-x64\jre\17.0.10-win32-x86_64\bin\server;C:\Users\HP\AppData\Roaming\Code\User\globalStorage\redhat.java\1.29.0\config_win\org.eclipse.equinox.launcher\org.eclipse.equinox.launcher.win32.win32.x86_64_1.2.900.v20240213-1244;C:\Users\HP\AppData\Local\Temp\jna-2312

VM Arguments:
jvm_args: --add-modules=ALL-SYSTEM --add-opens=java.base/java.util=ALL-UNNAMED --add-opens=java.base/java.lang=ALL-UNNAMED --add-opens=java.base/sun.nio.fs=ALL-UNNAMED -Declipse.application=org.eclipse.jdt.ls.core.id1 -Dosgi.bundles.defaultStartLevel=4 -Declipse.product=org.eclipse.jdt.ls.core.product -Djava.import.generatesMetadataFilesAtProjectRoot=false -DDetectVMInstallationsJob.disabled=true -Dfile.encoding=utf8 -XX:+UseParallelGC -XX:GCTimeRatio=4 -XX:AdaptiveSizePolicyWeight=90 -Dsun.zip.disableMemoryMapping=true -Xmx1G -Xms100m -Xlog:disable -javaagent:c:\Users\HP\.vscode\extensions\redhat.java-1.29.0-win32-x64\lombok\lombok-1.18.32.jar -XX:+HeapDumpOnOutOfMemoryError -XX:HeapDumpPath=c:\Users\HP\AppData\Roaming\Code\User\workspaceStorage\0d828789c167c72f6f5361a28a300af2\redhat.java -Daether.dependencyCollector.impl=bf 
java_command: c:\Users\HP\.vscode\extensions\redhat.java-1.29.0-win32-x64\server\plugins\org.eclipse.equinox.launcher_1.6.800.v20240304-1850.jar -configuration c:\Users\HP\AppData\Roaming\Code\User\globalStorage\redhat.java\1.29.0\config_win -data c:\Users\HP\AppData\Roaming\Code\User\workspaceStorage\0d828789c167c72f6f5361a28a300af2\redhat.java\jdt_ws --stdio
java_class_path (initial): c:\Users\HP\.vscode\extensions\redhat.java-1.29.0-win32-x64\server\plugins\org.eclipse.equinox.launcher_1.6.800.v20240304-1850.jar
Launcher Type: SUN_STANDARD

[Global flags]
    uintx AdaptiveSizePolicyWeight                 = 90                                        {product} {command line}
     intx CICompilerCount                          = 3                                         {product} {ergonomic}
    uintx GCTimeRatio                              = 4                                         {product} {command line}
     bool HeapDumpOnOutOfMemoryError               = true                                   {manageable} {command line}
    ccstr HeapDumpPath                             = c:\Users\HP\AppData\Roaming\Code\User\workspaceStorage\0d828789c167c72f6f5361a28a300af2\redhat.java         {manageable} {command line}
   size_t InitialHeapSize                          = 104857600                                 {product} {command line}
   size_t MaxHeapSize                              = 1073741824                                {product} {command line}
   size_t MaxNewSize                               = 357564416                                 {product} {ergonomic}
   size_t MinHeapDeltaBytes                        = 524288                                    {product} {ergonomic}
   size_t MinHeapSize                              = 104857600                                 {product} {command line}
   size_t NewSize                                  = 34603008                                  {product} {ergonomic}
    uintx NonNMethodCodeHeapSize                   = 5832780                                {pd product} {ergonomic}
    uintx NonProfiledCodeHeapSize                  = 122912730                              {pd product} {ergonomic}
   size_t OldSize                                  = 70254592                                  {product} {ergonomic}
    uintx ProfiledCodeHeapSize                     = 122912730                              {pd product} {ergonomic}
    uintx ReservedCodeCacheSize                    = 251658240                              {pd product} {ergonomic}
     bool SegmentedCodeCache                       = true                                      {product} {ergonomic}
   size_t SoftMaxHeapSize                          = 1073741824                             {manageable} {ergonomic}
     bool UseCompressedClassPointers               = true                           {product lp64_product} {ergonomic}
     bool UseCompressedOops                        = true                           {product lp64_product} {ergonomic}
     bool UseLargePagesIndividualAllocation        = false                                  {pd product} {ergonomic}
     bool UseParallelGC                            = true                                      {product} {command line}

Logging:
Log output configuration:
 #0: stdout all=off uptime,level,tags
 #1: stderr all=off uptime,level,tags

Environment Variables:
JAVA_HOME=D:\APAP JAVA\Java\jdk-17
PATH=C:\Python312\Scripts\;C:\Python312\;C:\Program Files\Common Files\Oracle\Java\javapath;C:\Program Files (x86)\Common Files\Oracle\Java\javapath;C:\WINDOWS\system32;C:\WINDOWS;C:\WINDOWS\System32\Wbem;C:\WINDOWS\System32\WindowsPowerShell\v1.0\;C:\WINDOWS\System32\OpenSSH\;C:\Users\Ron\AppData\Local\Programs\Python\Python39;C:\Users\Ron\AppData\Local\Programs\Python\Python39\Scripts;C:\Users\HP\AppData\Local\Programs\Python\Python310\;C:\Users\HP\AppData\Local\Programs\Python\Python310\\Scripts;D:\PuTTY\;D:\Git\cmd;C:\Program Files\Docker\Docker\resources\bin;D:\APAP JAVA\Java\jdk-17\bin;D:\NODE JS\;C:\ProgramData\chocolatey\bin;C:\Users\HP\AppData\Local\Programs\Python\Python310\Scripts\;C:\Users\HP\AppData\Local\Programs\Python\Python310\;C:\Users\Ron\AppData\Local\Programs\Python\Python39;C:\Users\Ron\AppData\Local\Programs\Python\Python39\Scripts;C:\Users\HP\AppData\Local\Programs\Microsoft VS Code\bin;C:\Users\HP\Documents\COOLYEAH\Semester 3\PBP\FLUTTER\bin;C:\Users\HP\Documents\COOLYEAH\Semester 3\PBP\FLUTTER\flutter\bin;C:\Users\HP\AppData\Local\Microsoft\WindowsApps;D:\FLUTTER\bin;C:\Users\HP\AppData\Roaming\npm
USERNAME=HP
OS=Windows_NT
PROCESSOR_IDENTIFIER=Intel64 Family 6 Model 142 Stepping 12, GenuineIntel
TMP=C:\Users\HP\AppData\Local\Temp
TEMP=C:\Users\HP\AppData\Local\Temp



Periodic native trim disabled


---------------  S Y S T E M  ---------------

OS:
 Windows 11 , 64 bit Build 22621 (10.0.22621.3374)
OS uptime: 4 days 17:13 hours
Hyper-V role detected

CPU: total 4 (initial active 4) (2 cores per cpu, 2 threads per core) family 6 model 142 stepping 12 microcode 0xec, cx8, cmov, fxsr, ht, mmx, 3dnowpref, sse, sse2, sse3, ssse3, sse4.1, sse4.2, popcnt, lzcnt, tsc, tscinvbit, avx, avx2, aes, erms, clmul, bmi1, bmi2, adx, fma, vzeroupper, clflush, clflushopt, hv
Processor Information for all 4 processors :
  Max Mhz: 2592, Current Mhz: 2093, Mhz Limit: 2073

Memory: 4k page, system-wide physical 3919M (167M free)
TotalPageFile size 15695M (AvailPageFile size 5M)
current process WorkingSet (physical memory assigned to process): 398M, peak: 404M
current process commit charge ("private bytes"): 496M, peak: 505M

vm_info: OpenJDK 64-Bit Server VM (17.0.10+7) for windows-amd64 JRE (17.0.10+7), built on Jan 16 2024 23:25:11 by "admin" with MS VC++ 16.10 / 16.11 (VS2019)

END.
