#
# There is insufficient memory for the Java Runtime Environment to continue.
# Native memory allocation (mmap) failed to map 133169152 bytes for G1 virtual space
# Possible reasons:
#   The system is out of physical RAM or swap space
#   The process is running with CompressedOops enabled, and the Java Heap may be blocking the growth of the native heap
# Possible solutions:
#   Reduce memory load on the system
#   Increase physical memory or swap space
#   Check if swap backing store is full
#   Decrease Java heap size (-Xmx/-Xms)
#   Decrease number of Java threads
#   Decrease Java thread stack sizes (-Xss)
#   Set larger code cache with -XX:ReservedCodeCacheSize=
#   JVM is running with Unscaled Compressed Oops mode in which the Java heap is
#     placed in the first 4GB address space. The Java Heap base address is the
#     maximum limit for the native heap growth. Please use -XX:HeapBaseMinAddress
#     to set the Java Heap base and to place the Java Heap above 4GB virtual address.
# This output file may be truncated or incomplete.
#
#  Out of Memory Error (os_windows.cpp:3550), pid=2664, tid=9100
#
# JRE version: Java(TM) SE Runtime Environment (17.0.8+9) (build 17.0.8+9-LTS-211)
# Java VM: Java HotSpot(TM) 64-Bit Server VM (17.0.8+9-LTS-211, mixed mode, emulated-client, sharing, tiered, compressed oops, compressed class ptrs, g1 gc, windows-amd64)
# No core dump will be written. Minidumps are not enabled by default on client versions of Windows
#

---------------  S U M M A R Y ------------

Command Line: -XX:TieredStopAtLevel=1 -Dfile.encoding=windows-1252 -Duser.country=ID -Duser.language=en -Duser.variant propensi.smail.SmailApplication

Host: Intel(R) Core(TM) i3-10110U CPU @ 2.10GHz, 4 cores, 3G,  Windows 11 , 64 bit Build 22621 (10.0.22621.3235)
Time: Fri Apr 12 23:01:10 2024 SE Asia Standard Time elapsed time: 69.218928 seconds (0d 0h 1m 9s)

---------------  T H R E A D  ---------------

Current thread (0x000001c4e8111800):  VMThread "VM Thread" [stack: 0x0000001964d00000,0x0000001964e00000] [id=9100]

Stack: [0x0000001964d00000,0x0000001964e00000]
Native frames: (J=compiled Java code, j=interpreted, Vv=VM code, C=native code)
V  [jvm.dll+0x677d0a]
V  [jvm.dll+0x7d8c54]
V  [jvm.dll+0x7da3fe]
V  [jvm.dll+0x7daa63]
V  [jvm.dll+0x245c5f]
V  [jvm.dll+0x674bb9]
V  [jvm.dll+0x6694f2]
V  [jvm.dll+0x3031d6]
V  [jvm.dll+0x30a756]
V  [jvm.dll+0x359f9e]
V  [jvm.dll+0x35a1cf]
V  [jvm.dll+0x2da3e8]
V  [jvm.dll+0x2d87f5]
V  [jvm.dll+0x2d7dfc]
V  [jvm.dll+0x31b4cb]
V  [jvm.dll+0x7df26b]
V  [jvm.dll+0x7dffa4]
V  [jvm.dll+0x7e04bd]
V  [jvm.dll+0x7e0894]
V  [jvm.dll+0x7e0960]
V  [jvm.dll+0x788bba]
V  [jvm.dll+0x676b35]
C  [ucrtbase.dll+0x29363]
C  [KERNEL32.DLL+0x1257d]
C  [ntdll.dll+0x5aa58]

VM_Operation (0x0000001966cf8f10): G1CollectForAllocation, mode: safepoint, requested by thread 0x000001c4ef1e23c0


---------------  P R O C E S S  ---------------

Threads class SMR info:
_java_thread_list=0x000001c4ef050de0, length=31, elements={
0x000001c4e8118bb0, 0x000001c4e8119a20, 0x000001c4e8130ca0, 0x000001c4e8131b10,
0x000001c4e8133c70, 0x000001c4e8135dd0, 0x000001c4e813c4e0, 0x000001c4e8162f00,
0x000001c4e8378190, 0x000001c4e8380820, 0x000001c4edd709d0, 0x000001c4ed936840,
0x000001c4e89cad40, 0x000001c4e81ebc70, 0x000001c4e81ec140, 0x000001c4ee0343d0,
0x000001c4ee033090, 0x000001c4ee033a30, 0x000001c4ef1e4570, 0x000001c4ef1e3700,
0x000001c4ef1e53e0, 0x000001c4ef1e3230, 0x000001c4ef1e23c0, 0x000001c4ef1e58b0,
0x000001c4ef1e88d0, 0x000001c4ef1e4f10, 0x000001c4ef1e5d80, 0x000001c4ef1e7a60,
0x000001c4ef1e3bd0, 0x000001c4ef1e2890, 0x000001c4ef1e6250
}

Java Threads: ( => current thread )
  0x000001c4e8118bb0 JavaThread "Reference Handler" daemon [_thread_blocked, id=6740, stack(0x0000001964e00000,0x0000001964f00000)]
  0x000001c4e8119a20 JavaThread "Finalizer" daemon [_thread_blocked, id=19776, stack(0x0000001964f00000,0x0000001965000000)]
  0x000001c4e8130ca0 JavaThread "Signal Dispatcher" daemon [_thread_blocked, id=8660, stack(0x0000001965000000,0x0000001965100000)]
  0x000001c4e8131b10 JavaThread "Attach Listener" daemon [_thread_blocked, id=16584, stack(0x0000001965100000,0x0000001965200000)]
  0x000001c4e8133c70 JavaThread "Service Thread" daemon [_thread_blocked, id=25388, stack(0x0000001965200000,0x0000001965300000)]
  0x000001c4e8135dd0 JavaThread "Monitor Deflation Thread" daemon [_thread_blocked, id=12456, stack(0x0000001965300000,0x0000001965400000)]
  0x000001c4e813c4e0 JavaThread "C1 CompilerThread0" daemon [_thread_blocked, id=13024, stack(0x0000001965400000,0x0000001965500000)]
  0x000001c4e8162f00 JavaThread "Sweeper thread" daemon [_thread_blocked, id=8700, stack(0x0000001965500000,0x0000001965600000)]
  0x000001c4e8378190 JavaThread "Notification Thread" daemon [_thread_blocked, id=17944, stack(0x0000001965600000,0x0000001965700000)]
  0x000001c4e8380820 JavaThread "Common-Cleaner" daemon [_thread_blocked, id=17376, stack(0x0000001965800000,0x0000001965900000)]
  0x000001c4edd709d0 JavaThread "Catalina-utility-1" [_thread_blocked, id=1528, stack(0x0000001965e00000,0x0000001965f00000)]
  0x000001c4ed936840 JavaThread "Catalina-utility-2" [_thread_blocked, id=23244, stack(0x0000001965f00000,0x0000001966000000)]
  0x000001c4e89cad40 JavaThread "container-0" [_thread_blocked, id=28384, stack(0x0000001966000000,0x0000001966100000)]
  0x000001c4e81ebc70 JavaThread "PostgreSQL-JDBC-Cleaner" daemon [_thread_blocked, id=5508, stack(0x0000001966200000,0x0000001966300000)]
  0x000001c4e81ec140 JavaThread "HikariPool-1 housekeeper" daemon [_thread_blocked, id=30456, stack(0x0000001966300000,0x0000001966400000)]
  0x000001c4ee0343d0 JavaThread "File Watcher" daemon [_thread_blocked, id=26496, stack(0x0000001966400000,0x0000001966500000)]
  0x000001c4ee033090 JavaThread "Live Reload Server" daemon [_thread_in_native, id=3956, stack(0x0000001966700000,0x0000001966800000)]
  0x000001c4ee033a30 JavaThread "http-nio-8080-exec-1" daemon [_thread_blocked, id=30672, stack(0x0000001966600000,0x0000001966700000)]
  0x000001c4ef1e4570 JavaThread "http-nio-8080-exec-2" daemon [_thread_blocked, id=21760, stack(0x0000001966800000,0x0000001966900000)]
  0x000001c4ef1e3700 JavaThread "http-nio-8080-exec-3" daemon [_thread_blocked, id=27100, stack(0x0000001966900000,0x0000001966a00000)]
  0x000001c4ef1e53e0 JavaThread "http-nio-8080-exec-4" daemon [_thread_blocked, id=26652, stack(0x0000001966a00000,0x0000001966b00000)]
  0x000001c4ef1e3230 JavaThread "http-nio-8080-exec-5" daemon [_thread_blocked, id=27528, stack(0x0000001966b00000,0x0000001966c00000)]
  0x000001c4ef1e23c0 JavaThread "http-nio-8080-exec-6" daemon [_thread_blocked, id=29120, stack(0x0000001966c00000,0x0000001966d00000)]
  0x000001c4ef1e58b0 JavaThread "http-nio-8080-exec-7" daemon [_thread_blocked, id=12968, stack(0x0000001966d00000,0x0000001966e00000)]
  0x000001c4ef1e88d0 JavaThread "http-nio-8080-exec-8" daemon [_thread_blocked, id=10216, stack(0x0000001966e00000,0x0000001966f00000)]
  0x000001c4ef1e4f10 JavaThread "http-nio-8080-exec-9" daemon [_thread_blocked, id=14452, stack(0x0000001966f00000,0x0000001967000000)]
  0x000001c4ef1e5d80 JavaThread "http-nio-8080-exec-10" daemon [_thread_blocked, id=340, stack(0x0000001967000000,0x0000001967100000)]
  0x000001c4ef1e7a60 JavaThread "http-nio-8080-Poller" daemon [_thread_in_native, id=30216, stack(0x0000001967100000,0x0000001967200000)]
  0x000001c4ef1e3bd0 JavaThread "http-nio-8080-Acceptor" daemon [_thread_in_native, id=25996, stack(0x0000001967200000,0x0000001967300000)]
  0x000001c4ef1e2890 JavaThread "DestroyJavaVM" [_thread_blocked, id=16792, stack(0x0000001964700000,0x0000001964800000)]
  0x000001c4ef1e6250 JavaThread "Keep-Alive-Timer" daemon [_thread_blocked, id=16732, stack(0x0000001964400000,0x0000001964500000)]

Other Threads:
=>0x000001c4e8111800 VMThread "VM Thread" [stack: 0x0000001964d00000,0x0000001964e00000] [id=9100]
  0x000001c4d91da590 WatcherThread [stack: 0x0000001965700000,0x0000001965800000] [id=7932]
  0x000001c4d91ca9d0 GCTaskThread "GC Thread#0" [stack: 0x0000001964800000,0x0000001964900000] [id=26928]
  0x000001c4e8b14fc0 GCTaskThread "GC Thread#1" [stack: 0x0000001965900000,0x0000001965a00000] [id=12048]
  0x000001c4e8b35440 GCTaskThread "GC Thread#2" [stack: 0x0000001965a00000,0x0000001965b00000] [id=28172]
  0x000001c4e8b39700 GCTaskThread "GC Thread#3" [stack: 0x0000001965b00000,0x0000001965c00000] [id=4784]
  0x000001c4d91d3390 ConcurrentGCThread "G1 Main Marker" [stack: 0x0000001964900000,0x0000001964a00000] [id=13372]
  0x000001c4d91d4540 ConcurrentGCThread "G1 Conc#0" [stack: 0x0000001964a00000,0x0000001964b00000] [id=30484]
  0x000001c4d92121d0 ConcurrentGCThread "G1 Refine#0" [stack: 0x0000001964b00000,0x0000001964c00000] [id=22440]
  0x000001c4d9212bf0 ConcurrentGCThread "G1 Service" [stack: 0x0000001964c00000,0x0000001964d00000] [id=11592]

Threads with active compile tasks:

VM state: at safepoint (normal execution)

VM Mutex/Monitor currently owned by a thread:  ([mutex/lock_event])
[0x000001c4d70bbe30] Threads_lock - owner thread: 0x000001c4e8111800
[0x000001c4d70bb0b0] Heap_lock - owner thread: 0x000001c4ef1e23c0

Heap address: 0x00000000c2c00000, size: 980 MB, Compressed Oops mode: 32-bit

CDS archive(s) mapped at: [0x000001c480000000-0x000001c480bd0000-0x000001c480bd0000), size 12386304, SharedBaseAddress: 0x000001c480000000, ArchiveRelocationMode: 1.
Compressed class space mapped at: 0x000001c481000000-0x000001c4c1000000, reserved size: 1073741824
Narrow klass base: 0x000001c480000000, Narrow klass shift: 0, Narrow klass range: 0x100000000

GC Precious Log:
 CPUs: 4 total, 4 available
 Memory: 3919M
 Large Page Support: Disabled
 NUMA Support: Disabled
 Compressed Oops: Enabled (32-bit)
 Heap Region Size: 1M
 Heap Min Capacity: 8M
 Heap Initial Capacity: 62M
 Heap Max Capacity: 980M
 Pre-touch: Disabled
 Parallel Workers: 4
 Concurrent Workers: 1
 Concurrent Refinement Workers: 4
 Periodic GC: Disabled

Heap:
 garbage-first heap   total 75776K, used 43307K [0x00000000c2c00000, 0x0000000100000000)
  region size 1024K, 3 young (3072K), 3 survivors (3072K)
 Metaspace       used 81919K, committed 82432K, reserved 1179648K
  class space    used 12196K, committed 12416K, reserved 1048576K

Heap Regions: E=young(eden), S=young(survivor), O=old, HS=humongous(starts), HC=humongous(continues), CS=collection set, F=free, OA=open archive, CA=closed archive, TAMS=top-at-mark-start (previous, next)
|   0|0x00000000c2c00000, 0x00000000c2d00000, 0x00000000c2d00000|100%|HS|  |TAMS 0x00000000c2d00000, 0x00000000c2d00000| Complete 
|   1|0x00000000c2d00000, 0x00000000c2e00000, 0x00000000c2e00000|100%| O|  |TAMS 0x00000000c2e00000, 0x00000000c2e00000| Untracked 
|   2|0x00000000c2e00000, 0x00000000c2f00000, 0x00000000c2f00000|100%| O|  |TAMS 0x00000000c2f00000, 0x00000000c2f00000| Untracked 
|   3|0x00000000c2f00000, 0x00000000c3000000, 0x00000000c3000000|100%| O|  |TAMS 0x00000000c3000000, 0x00000000c3000000| Untracked 
|   4|0x00000000c3000000, 0x00000000c3100000, 0x00000000c3100000|100%| O|  |TAMS 0x00000000c3100000, 0x00000000c3100000| Untracked 
|   5|0x00000000c3100000, 0x00000000c3200000, 0x00000000c3200000|100%| O|  |TAMS 0x00000000c3200000, 0x00000000c3200000| Untracked 
|   6|0x00000000c3200000, 0x00000000c3300000, 0x00000000c3300000|100%| O|  |TAMS 0x00000000c3300000, 0x00000000c3300000| Untracked 
|   7|0x00000000c3300000, 0x00000000c3400000, 0x00000000c3400000|100%| O|  |TAMS 0x00000000c3400000, 0x00000000c3400000| Untracked 
|   8|0x00000000c3400000, 0x00000000c3500000, 0x00000000c3500000|100%| O|  |TAMS 0x00000000c3500000, 0x00000000c3500000| Untracked 
|   9|0x00000000c3500000, 0x00000000c3600000, 0x00000000c3600000|100%| O|  |TAMS 0x00000000c3600000, 0x00000000c3600000| Untracked 
|  10|0x00000000c3600000, 0x00000000c3700000, 0x00000000c3700000|100%| O|  |TAMS 0x00000000c3700000, 0x00000000c3700000| Untracked 
|  11|0x00000000c3700000, 0x00000000c374ac00, 0x00000000c3800000| 29%| O|  |TAMS 0x00000000c3700000, 0x00000000c3700000| Untracked 
|  12|0x00000000c3800000, 0x00000000c3900000, 0x00000000c3900000|100%| O|  |TAMS 0x00000000c3900000, 0x00000000c3900000| Untracked 
|  13|0x00000000c3900000, 0x00000000c3a00000, 0x00000000c3a00000|100%| O|  |TAMS 0x00000000c3a00000, 0x00000000c3a00000| Untracked 
|  14|0x00000000c3a00000, 0x00000000c3a00000, 0x00000000c3b00000|  0%| F|  |TAMS 0x00000000c3a00000, 0x00000000c3a00000| Untracked 
|  15|0x00000000c3b00000, 0x00000000c3c00000, 0x00000000c3c00000|100%| O|  |TAMS 0x00000000c3c00000, 0x00000000c3c00000| Untracked 
|  16|0x00000000c3c00000, 0x00000000c3d00000, 0x00000000c3d00000|100%| O|  |TAMS 0x00000000c3d00000, 0x00000000c3d00000| Untracked 
|  17|0x00000000c3d00000, 0x00000000c3d00000, 0x00000000c3e00000|  0%| F|  |TAMS 0x00000000c3d00000, 0x00000000c3d00000| Untracked 
|  18|0x00000000c3e00000, 0x00000000c3f00000, 0x00000000c3f00000|100%| O|  |TAMS 0x00000000c3f00000, 0x00000000c3f00000| Untracked 
|  19|0x00000000c3f00000, 0x00000000c3f00000, 0x00000000c4000000|  0%| F|  |TAMS 0x00000000c3f00000, 0x00000000c3f00000| Untracked 
|  20|0x00000000c4000000, 0x00000000c4100000, 0x00000000c4100000|100%| O|  |TAMS 0x00000000c4100000, 0x00000000c4100000| Untracked 
|  21|0x00000000c4100000, 0x00000000c4200000, 0x00000000c4200000|100%| O|  |TAMS 0x00000000c4200000, 0x00000000c4200000| Untracked 
|  22|0x00000000c4200000, 0x00000000c4300000, 0x00000000c4300000|100%| O|  |TAMS 0x00000000c4300000, 0x00000000c4300000| Untracked 
|  23|0x00000000c4300000, 0x00000000c4400000, 0x00000000c4400000|100%| O|  |TAMS 0x00000000c4400000, 0x00000000c4400000| Untracked 
|  24|0x00000000c4400000, 0x00000000c4500000, 0x00000000c4500000|100%| O|  |TAMS 0x00000000c4500000, 0x00000000c4500000| Untracked 
|  25|0x00000000c4500000, 0x00000000c4600000, 0x00000000c4600000|100%| O|  |TAMS 0x00000000c4600000, 0x00000000c4600000| Untracked 
|  26|0x00000000c4600000, 0x00000000c4700000, 0x00000000c4700000|100%| O|  |TAMS 0x00000000c4700000, 0x00000000c4700000| Untracked 
|  27|0x00000000c4700000, 0x00000000c4700000, 0x00000000c4800000|  0%| F|  |TAMS 0x00000000c4700000, 0x00000000c4700000| Untracked 
|  28|0x00000000c4800000, 0x00000000c4800000, 0x00000000c4900000|  0%| F|  |TAMS 0x00000000c4800000, 0x00000000c4800000| Untracked 
|  29|0x00000000c4900000, 0x00000000c4a00000, 0x00000000c4a00000|100%| O|  |TAMS 0x00000000c4a00000, 0x00000000c4a00000| Untracked 
|  30|0x00000000c4a00000, 0x00000000c4b00000, 0x00000000c4b00000|100%| O|  |TAMS 0x00000000c4b00000, 0x00000000c4b00000| Untracked 
|  31|0x00000000c4b00000, 0x00000000c4b00000, 0x00000000c4c00000|  0%| F|  |TAMS 0x00000000c4b00000, 0x00000000c4b00000| Untracked 
|  32|0x00000000c4c00000, 0x00000000c4d00000, 0x00000000c4d00000|100%| O|  |TAMS 0x00000000c4d00000, 0x00000000c4d00000| Untracked 
|  33|0x00000000c4d00000, 0x00000000c4e00000, 0x00000000c4e00000|100%| O|  |TAMS 0x00000000c4e00000, 0x00000000c4e00000| Untracked 
|  34|0x00000000c4e00000, 0x00000000c4e00000, 0x00000000c4f00000|  0%| F|  |TAMS 0x00000000c4e00000, 0x00000000c4e00000| Untracked 
|  35|0x00000000c4f00000, 0x00000000c5000000, 0x00000000c5000000|100%| O|  |TAMS 0x00000000c4f79000, 0x00000000c5000000| Untracked 
|  36|0x00000000c5000000, 0x00000000c5100000, 0x00000000c5100000|100%| O|  |TAMS 0x00000000c5000000, 0x00000000c5100000| Untracked 
|  37|0x00000000c5100000, 0x00000000c5200000, 0x00000000c5200000|100%| O|  |TAMS 0x00000000c5100000, 0x00000000c5200000| Untracked 
|  38|0x00000000c5200000, 0x00000000c5300000, 0x00000000c5300000|100%| O|  |TAMS 0x00000000c5200000, 0x00000000c5300000| Untracked 
|  39|0x00000000c5300000, 0x00000000c5400000, 0x00000000c5400000|100%| O|  |TAMS 0x00000000c5300000, 0x00000000c5400000| Untracked 
|  40|0x00000000c5400000, 0x00000000c5500000, 0x00000000c5500000|100%| O|  |TAMS 0x00000000c5400000, 0x00000000c5500000| Untracked 
|  41|0x00000000c5500000, 0x00000000c5600000, 0x00000000c5600000|100%| O|  |TAMS 0x00000000c5500000, 0x00000000c5600000| Untracked 
|  42|0x00000000c5600000, 0x00000000c5700000, 0x00000000c5700000|100%| O|  |TAMS 0x00000000c5600000, 0x00000000c5700000| Untracked 
|  43|0x00000000c5700000, 0x00000000c5800000, 0x00000000c5800000|100%| O|  |TAMS 0x00000000c5700000, 0x00000000c5800000| Untracked 
|  44|0x00000000c5800000, 0x00000000c5900000, 0x00000000c5900000|100%| O|  |TAMS 0x00000000c5800000, 0x00000000c5900000| Untracked 
|  45|0x00000000c5900000, 0x00000000c5a00000, 0x00000000c5a00000|100%| O|  |TAMS 0x00000000c5900000, 0x00000000c5a00000| Untracked 
|  46|0x00000000c5a00000, 0x00000000c5b00000, 0x00000000c5b00000|100%| O|  |TAMS 0x00000000c5a00000, 0x00000000c5a18200| Untracked 
|  47|0x00000000c5b00000, 0x00000000c5b00000, 0x00000000c5c00000|  0%| F|  |TAMS 0x00000000c5b00000, 0x00000000c5b00000| Untracked 
|  48|0x00000000c5c00000, 0x00000000c5c00000, 0x00000000c5d00000|  0%| F|  |TAMS 0x00000000c5c00000, 0x00000000c5c00000| Untracked 
|  49|0x00000000c5d00000, 0x00000000c5d00000, 0x00000000c5e00000|  0%| F|  |TAMS 0x00000000c5d00000, 0x00000000c5d00000| Untracked 
|  50|0x00000000c5e00000, 0x00000000c5e00000, 0x00000000c5f00000|  0%| F|  |TAMS 0x00000000c5e00000, 0x00000000c5e00000| Untracked 
|  51|0x00000000c5f00000, 0x00000000c6000000, 0x00000000c6000000|100%| S|CS|TAMS 0x00000000c5f00000, 0x00000000c5f00000| Complete 
|  52|0x00000000c6000000, 0x00000000c6100000, 0x00000000c6100000|100%| S|CS|TAMS 0x00000000c6000000, 0x00000000c6000000| Complete 
|  53|0x00000000c6100000, 0x00000000c6200000, 0x00000000c6200000|100%| S|CS|TAMS 0x00000000c6100000, 0x00000000c6100000| Complete 
|  54|0x00000000c6200000, 0x00000000c6200000, 0x00000000c6300000|  0%| F|  |TAMS 0x00000000c6200000, 0x00000000c6200000| Untracked 
|  55|0x00000000c6300000, 0x00000000c6300000, 0x00000000c6400000|  0%| F|  |TAMS 0x00000000c6300000, 0x00000000c6300000| Untracked 
|  56|0x00000000c6400000, 0x00000000c6400000, 0x00000000c6500000|  0%| F|  |TAMS 0x00000000c6400000, 0x00000000c6400000| Untracked 
|  57|0x00000000c6500000, 0x00000000c6500000, 0x00000000c6600000|  0%| F|  |TAMS 0x00000000c6500000, 0x00000000c6500000| Untracked 
|  58|0x00000000c6600000, 0x00000000c6600000, 0x00000000c6700000|  0%| F|  |TAMS 0x00000000c6600000, 0x00000000c6600000| Untracked 
|  59|0x00000000c6700000, 0x00000000c6700000, 0x00000000c6800000|  0%| F|  |TAMS 0x00000000c6700000, 0x00000000c6700000| Untracked 
|  60|0x00000000c6800000, 0x00000000c6800000, 0x00000000c6900000|  0%| F|  |TAMS 0x00000000c6800000, 0x00000000c6800000| Untracked 
|  61|0x00000000c6900000, 0x00000000c6900000, 0x00000000c6a00000|  0%| F|  |TAMS 0x00000000c6900000, 0x00000000c6900000| Untracked 
|  62|0x00000000c6a00000, 0x00000000c6a00000, 0x00000000c6b00000|  0%| F|  |TAMS 0x00000000c6a00000, 0x00000000c6a00000| Untracked 
|  63|0x00000000c6b00000, 0x00000000c6b00000, 0x00000000c6c00000|  0%| F|  |TAMS 0x00000000c6b00000, 0x00000000c6b00000| Untracked 
|  64|0x00000000c6c00000, 0x00000000c6c00000, 0x00000000c6d00000|  0%| F|  |TAMS 0x00000000c6c00000, 0x00000000c6c00000| Untracked 
|  65|0x00000000c6d00000, 0x00000000c6d00000, 0x00000000c6e00000|  0%| F|  |TAMS 0x00000000c6d00000, 0x00000000c6d00000| Untracked 
|  66|0x00000000c6e00000, 0x00000000c6e00000, 0x00000000c6f00000|  0%| F|  |TAMS 0x00000000c6e00000, 0x00000000c6e00000| Untracked 
|  67|0x00000000c6f00000, 0x00000000c6f00000, 0x00000000c7000000|  0%| F|  |TAMS 0x00000000c6f00000, 0x00000000c6f00000| Untracked 
|  68|0x00000000c7000000, 0x00000000c7000000, 0x00000000c7100000|  0%| F|  |TAMS 0x00000000c7000000, 0x00000000c7000000| Untracked 
|  69|0x00000000c7100000, 0x00000000c7100000, 0x00000000c7200000|  0%| F|  |TAMS 0x00000000c7100000, 0x00000000c7100000| Untracked 
|  70|0x00000000c7200000, 0x00000000c7200000, 0x00000000c7300000|  0%| F|  |TAMS 0x00000000c7200000, 0x00000000c7200000| Untracked 
|  71|0x00000000c7300000, 0x00000000c7300000, 0x00000000c7400000|  0%| F|  |TAMS 0x00000000c7300000, 0x00000000c7300000| Untracked 
|  72|0x00000000c7400000, 0x00000000c7400000, 0x00000000c7500000|  0%| F|  |TAMS 0x00000000c7400000, 0x00000000c7400000| Untracked 
|  73|0x00000000c7500000, 0x00000000c7500000, 0x00000000c7600000|  0%| F|  |TAMS 0x00000000c7500000, 0x00000000c7500000| Untracked 

Card table byte_map: [0x000001c4e3a10000,0x000001c4e3c00000] _byte_map_base: 0x000001c4e33fa000

Marking Bits (Prev, Next): (CMBitMap*) 0x000001c4d91cb020, (CMBitMap*) 0x000001c4d91cafe0
 Prev Bits: [0x000001c4e4d40000, 0x000001c4e5c90000)
 Next Bits: [0x000001c4e3df0000, 0x000001c4e4d40000)

Polling page: 0x000001c4d6fb0000

Metaspace:

Usage:
  Non-class:     68.09 MB used.
      Class:     11.91 MB used.
       Both:     80.00 MB used.

Virtual space:
  Non-class space:      128.00 MB reserved,      68.38 MB ( 53%) committed,  2 nodes.
      Class space:        1.00 GB reserved,      12.12 MB (  1%) committed,  1 nodes.
             Both:        1.12 GB reserved,      80.50 MB (  7%) committed. 

Chunk freelists:
   Non-Class:  11.53 MB
       Class:  3.81 MB
        Both:  15.34 MB

MaxMetaspaceSize: unlimited
CompressedClassSpaceSize: 1.00 GB
Initial GC threshold: 21.00 MB
Current GC threshold: 123.56 MB
CDS: on
MetaspaceReclaimPolicy: balanced
 - commit_granule_bytes: 65536.
 - commit_granule_words: 8192.
 - virtual_space_node_default_size: 8388608.
 - enlarge_chunks_in_place: 1.
 - new_chunks_are_fully_committed: 0.
 - uncommit_free_chunks: 1.
 - use_allocation_guard: 0.
 - handle_deallocations: 1.


Internal statistics:

num_allocs_failed_limit: 12.
num_arena_births: 868.
num_arena_deaths: 242.
num_vsnodes_births: 3.
num_vsnodes_deaths: 0.
num_space_committed: 1288.
num_space_uncommitted: 0.
num_chunks_returned_to_freelist: 283.
num_chunks_taken_from_freelist: 3936.
num_chunk_merges: 100.
num_chunk_splits: 2800.
num_chunks_enlarged: 2231.
num_purges: 2.
num_inconsistent_stats: 0.

CodeCache: size=49152Kb used=13066Kb max_used=13066Kb free=36086Kb
 bounds [0x000001c4e0a10000, 0x000001c4e16e0000, 0x000001c4e3a10000]
 total_blobs=8394 nmethods=7670 adapters=650
 compilation: enabled
              stopped_count=0, restarted_count=0
 full_count=0

Compilation events (20 events):
Event: 69.111 Thread 0x000001c4e813c4e0 7661       1       org.attoparser.HtmlElements$HtmlElementRepository::binarySearch (97 bytes)
Event: 69.111 Thread 0x000001c4e813c4e0 nmethod 7661 0x000001c4e16cfb90 code [0x000001c4e16cfd60, 0x000001c4e16cff88]
Event: 69.111 Thread 0x000001c4e813c4e0 7662       1       org.attoparser.MarkupEventProcessorHandler::peekFromStack (24 bytes)
Event: 69.111 Thread 0x000001c4e813c4e0 nmethod 7662 0x000001c4e16d0110 code [0x000001c4e16d02a0, 0x000001c4e16d03d8]
Event: 69.112 Thread 0x000001c4e813c4e0 7663       1       org.attoparser.AbstractChainedMarkupHandler::handleInnerWhiteSpace (17 bytes)
Event: 69.112 Thread 0x000001c4e813c4e0 nmethod 7663 0x000001c4e16d0490 code [0x000001c4e16d0620, 0x000001c4e16d0708]
Event: 69.112 Thread 0x000001c4e813c4e0 7664       1       org.attoparser.ParsingMarkupUtil::findNextStructureStart (89 bytes)
Event: 69.112 Thread 0x000001c4e813c4e0 nmethod 7664 0x000001c4e16d0790 code [0x000001c4e16d0940, 0x000001c4e16d0b38]
Event: 69.112 Thread 0x000001c4e813c4e0 7665       1       org.attoparser.select.MarkupSelectorItem::anyLevel (5 bytes)
Event: 69.112 Thread 0x000001c4e813c4e0 nmethod 7665 0x000001c4e16d0d10 code [0x000001c4e16d0ea0, 0x000001c4e16d0f78]
Event: 69.112 Thread 0x000001c4e813c4e0 7666       1       org.thymeleaf.engine.AbstractTemplateEvent::<init> (20 bytes)
Event: 69.112 Thread 0x000001c4e813c4e0 nmethod 7666 0x000001c4e16d1010 code [0x000001c4e16d11a0, 0x000001c4e16d12b8]
Event: 69.113 Thread 0x000001c4e813c4e0 7667       1       org.thymeleaf.standard.expression.ExpressionParsingState::hasExpressionAt (28 bytes)
Event: 69.113 Thread 0x000001c4e813c4e0 nmethod 7667 0x000001c4e16d1310 code [0x000001c4e16d14c0, 0x000001c4e16d1688]
Event: 69.113 Thread 0x000001c4e813c4e0 7668       1       org.thymeleaf.standard.expression.ExpressionParsingNode::isExpression (13 bytes)
Event: 69.113 Thread 0x000001c4e813c4e0 nmethod 7668 0x000001c4e16d1810 code [0x000001c4e16d19a0, 0x000001c4e16d1a78]
Event: 69.113 Thread 0x000001c4e813c4e0 7669       1       jakarta.servlet.ServletRequestWrapper::getAttribute (11 bytes)
Event: 69.113 Thread 0x000001c4e813c4e0 nmethod 7669 0x000001c4e16d1b10 code [0x000001c4e16d1ca0, 0x000001c4e16d1d88]
Event: 69.113 Thread 0x000001c4e813c4e0 7670       1       java.util.regex.Pattern::curly (66 bytes)
Event: 69.114 Thread 0x000001c4e813c4e0 nmethod 7670 0x000001c4e16d1e10 code [0x000001c4e16d2000, 0x000001c4e16d26a8]

GC Heap History (20 events):
Event: 14.919 GC heap after
{Heap after GC invocations=18 (full 0):
 garbage-first heap   total 73728K, used 28842K [0x00000000c2c00000, 0x0000000100000000)
  region size 1024K, 5 young (5120K), 5 survivors (5120K)
 Metaspace       used 59033K, committed 59648K, reserved 1114112K
  class space    used 8710K, committed 9024K, reserved 1048576K
}
Event: 15.079 GC heap before
{Heap before GC invocations=18 (full 0):
 garbage-first heap   total 73728K, used 39082K [0x00000000c2c00000, 0x0000000100000000)
  region size 1024K, 16 young (16384K), 5 survivors (5120K)
 Metaspace       used 59962K, committed 60480K, reserved 1114112K
  class space    used 8870K, committed 9152K, reserved 1048576K
}
Event: 15.085 GC heap after
{Heap after GC invocations=19 (full 0):
 garbage-first heap   total 73728K, used 29580K [0x00000000c2c00000, 0x0000000100000000)
  region size 1024K, 3 young (3072K), 3 survivors (3072K)
 Metaspace       used 59962K, committed 60480K, reserved 1114112K
  class space    used 8870K, committed 9152K, reserved 1048576K
}
Event: 15.332 GC heap before
{Heap before GC invocations=20 (full 0):
 garbage-first heap   total 73728K, used 58252K [0x00000000c2c00000, 0x0000000100000000)
  region size 1024K, 31 young (31744K), 3 survivors (3072K)
 Metaspace       used 61694K, committed 62272K, reserved 1114112K
  class space    used 9365K, committed 9664K, reserved 1048576K
}
Event: 15.338 GC heap after
{Heap after GC invocations=21 (full 0):
 garbage-first heap   total 73728K, used 31703K [0x00000000c2c00000, 0x0000000100000000)
  region size 1024K, 3 young (3072K), 3 survivors (3072K)
 Metaspace       used 61694K, committed 62272K, reserved 1114112K
  class space    used 9365K, committed 9664K, reserved 1048576K
}
Event: 15.542 GC heap before
{Heap before GC invocations=22 (full 0):
 garbage-first heap   total 73728K, used 57303K [0x00000000c2c00000, 0x0000000100000000)
  region size 1024K, 29 young (29696K), 3 survivors (3072K)
 Metaspace       used 63246K, committed 63808K, reserved 1114112K
  class space    used 9622K, committed 9920K, reserved 1048576K
}
Event: 15.546 GC heap after
{Heap after GC invocations=23 (full 0):
 garbage-first heap   total 73728K, used 32476K [0x00000000c2c00000, 0x0000000100000000)
  region size 1024K, 3 young (3072K), 3 survivors (3072K)
 Metaspace       used 63246K, committed 63808K, reserved 1114112K
  class space    used 9622K, committed 9920K, reserved 1048576K
}
Event: 15.875 GC heap before
{Heap before GC invocations=23 (full 0):
 garbage-first heap   total 73728K, used 59100K [0x00000000c2c00000, 0x0000000100000000)
  region size 1024K, 29 young (29696K), 3 survivors (3072K)
 Metaspace       used 65089K, committed 65664K, reserved 1114112K
  class space    used 9928K, committed 10240K, reserved 1048576K
}
Event: 15.882 GC heap after
{Heap after GC invocations=24 (full 0):
 garbage-first heap   total 73728K, used 34324K [0x00000000c2c00000, 0x0000000100000000)
  region size 1024K, 3 young (3072K), 3 survivors (3072K)
 Metaspace       used 65089K, committed 65664K, reserved 1114112K
  class space    used 9928K, committed 10240K, reserved 1048576K
}
Event: 16.413 GC heap before
{Heap before GC invocations=24 (full 0):
 garbage-first heap   total 73728K, used 58900K [0x00000000c2c00000, 0x0000000100000000)
  region size 1024K, 27 young (27648K), 3 survivors (3072K)
 Metaspace       used 67612K, committed 68224K, reserved 1114112K
  class space    used 10317K, committed 10624K, reserved 1048576K
}
Event: 16.419 GC heap after
{Heap after GC invocations=25 (full 0):
 garbage-first heap   total 73728K, used 36584K [0x00000000c2c00000, 0x0000000100000000)
  region size 1024K, 4 young (4096K), 4 survivors (4096K)
 Metaspace       used 67612K, committed 68224K, reserved 1114112K
  class space    used 10317K, committed 10624K, reserved 1048576K
}
Event: 16.846 GC heap before
{Heap before GC invocations=25 (full 0):
 garbage-first heap   total 73728K, used 60136K [0x00000000c2c00000, 0x0000000100000000)
  region size 1024K, 27 young (27648K), 4 survivors (4096K)
 Metaspace       used 70216K, committed 70784K, reserved 1114112K
  class space    used 10685K, committed 10944K, reserved 1048576K
}
Event: 16.857 GC heap after
{Heap after GC invocations=26 (full 0):
 garbage-first heap   total 73728K, used 38041K [0x00000000c2c00000, 0x0000000100000000)
  region size 1024K, 2 young (2048K), 2 survivors (2048K)
 Metaspace       used 70216K, committed 70784K, reserved 1114112K
  class space    used 10685K, committed 10944K, reserved 1048576K
}
Event: 65.993 GC heap before
{Heap before GC invocations=26 (full 0):
 garbage-first heap   total 73728K, used 59545K [0x00000000c2c00000, 0x0000000100000000)
  region size 1024K, 23 young (23552K), 2 survivors (2048K)
 Metaspace       used 73358K, committed 74048K, reserved 1114112K
  class space    used 11050K, committed 11392K, reserved 1048576K
}
Event: 66.037 GC heap after
{Heap after GC invocations=27 (full 0):
 garbage-first heap   total 73728K, used 39382K [0x00000000c2c00000, 0x0000000100000000)
  region size 1024K, 2 young (2048K), 2 survivors (2048K)
 Metaspace       used 73358K, committed 74048K, reserved 1114112K
  class space    used 11050K, committed 11392K, reserved 1048576K
}
Event: 67.806 GC heap before
{Heap before GC invocations=28 (full 0):
 garbage-first heap   total 75776K, used 57814K [0x00000000c2c00000, 0x0000000100000000)
  region size 1024K, 21 young (21504K), 2 survivors (2048K)
 Metaspace       used 78467K, committed 78976K, reserved 1179648K
  class space    used 11719K, committed 11968K, reserved 1048576K
}
Event: 67.815 GC heap after
{Heap after GC invocations=29 (full 0):
 garbage-first heap   total 75776K, used 41939K [0x00000000c2c00000, 0x0000000100000000)
  region size 1024K, 3 young (3072K), 3 survivors (3072K)
 Metaspace       used 78467K, committed 78976K, reserved 1179648K
  class space    used 11719K, committed 11968K, reserved 1048576K
}
Event: 67.820 GC heap before
{Heap before GC invocations=29 (full 0):
 garbage-first heap   total 75776K, used 42963K [0x00000000c2c00000, 0x0000000100000000)
  region size 1024K, 4 young (4096K), 3 survivors (3072K)
 Metaspace       used 78467K, committed 78976K, reserved 1179648K
  class space    used 11719K, committed 11968K, reserved 1048576K
}
Event: 67.853 GC heap after
{Heap after GC invocations=30 (full 0):
 garbage-first heap   total 75776K, used 39983K [0x00000000c2c00000, 0x0000000100000000)
  region size 1024K, 1 young (1024K), 1 survivors (1024K)
 Metaspace       used 78467K, committed 78976K, reserved 1179648K
  class space    used 11719K, committed 11968K, reserved 1048576K
}
Event: 69.116 GC heap before
{Heap before GC invocations=30 (full 0):
 garbage-first heap   total 75776K, used 58415K [0x00000000c2c00000, 0x0000000100000000)
  region size 1024K, 20 young (20480K), 1 survivors (1024K)
 Metaspace       used 81919K, committed 82432K, reserved 1179648K
  class space    used 12196K, committed 12416K, reserved 1048576K
}

Deoptimization events (16 events):
Event: 2.364 Thread 0x000001c4e8c45ef0 DEOPT PACKING pc=0x000001c4e0d8e219 sp=0x0000001965dfc890
Event: 2.364 Thread 0x000001c4e8c45ef0 DEOPT UNPACKING pc=0x000001c4e0a62b43 sp=0x0000001965dfbd70 mode 3
Event: 2.773 Thread 0x000001c4e8c45ef0 DEOPT PACKING pc=0x000001c4e0de6dd5 sp=0x0000001965dfcfc0
Event: 2.773 Thread 0x000001c4e8c45ef0 DEOPT UNPACKING pc=0x000001c4e0a62b43 sp=0x0000001965dfc468 mode 3
Event: 6.564 Thread 0x000001c4e8c45ef0 DEOPT PACKING pc=0x000001c4e10fbd9d sp=0x0000001965dfbca0
Event: 6.564 Thread 0x000001c4e8c45ef0 DEOPT UNPACKING pc=0x000001c4e0a62b43 sp=0x0000001965dfb208 mode 3
Event: 6.606 Thread 0x000001c4edd709d0 DEOPT PACKING pc=0x000001c4e0da6c81 sp=0x0000001965efecf0
Event: 6.606 Thread 0x000001c4edd709d0 DEOPT UNPACKING pc=0x000001c4e0a62b43 sp=0x0000001965efe180 mode 3
Event: 6.608 Thread 0x000001c4edd709d0 DEOPT PACKING pc=0x000001c4e0d87f17 sp=0x0000001965efebe0
Event: 6.608 Thread 0x000001c4edd709d0 DEOPT UNPACKING pc=0x000001c4e0a62b43 sp=0x0000001965efe038 mode 3
Event: 14.497 Thread 0x000001c4e8c45ef0 DEOPT PACKING pc=0x000001c4e0e74c22 sp=0x0000001965dfc1c0
Event: 14.497 Thread 0x000001c4e8c45ef0 DEOPT UNPACKING pc=0x000001c4e0a62b43 sp=0x0000001965dfb6c8 mode 3
Event: 14.620 Thread 0x000001c4e8c45ef0 DEOPT PACKING pc=0x000001c4e0d992a4 sp=0x0000001965dfc620
Event: 14.620 Thread 0x000001c4e8c45ef0 DEOPT UNPACKING pc=0x000001c4e0a62b43 sp=0x0000001965dfbb78 mode 0
Event: 15.521 Thread 0x000001c4e8c45ef0 DEOPT PACKING pc=0x000001c4e153fc99 sp=0x0000001965dfb990
Event: 15.521 Thread 0x000001c4e8c45ef0 DEOPT UNPACKING pc=0x000001c4e0a62b43 sp=0x0000001965dfae70 mode 3

Classes unloaded (20 events):
Event: 66.280 Thread 0x000001c4e8111800 Unloading class 0x000001c481114400 'java/lang/invoke/LambdaForm$MH+0x000001c481114400'
Event: 66.280 Thread 0x000001c4e8111800 Unloading class 0x000001c481114000 'java/lang/invoke/LambdaForm$MH+0x000001c481114000'
Event: 66.280 Thread 0x000001c4e8111800 Unloading class 0x000001c481039400 'java/lang/invoke/LambdaForm$MH+0x000001c481039400'
Event: 66.280 Thread 0x000001c4e8111800 Unloading class 0x000001c481039000 'java/lang/invoke/LambdaForm$MH+0x000001c481039000'
Event: 66.280 Thread 0x000001c4e8111800 Unloading class 0x000001c481038c00 'java/lang/invoke/LambdaForm$MH+0x000001c481038c00'
Event: 66.280 Thread 0x000001c4e8111800 Unloading class 0x000001c481038800 'java/lang/invoke/LambdaForm$MH+0x000001c481038800'
Event: 66.280 Thread 0x000001c4e8111800 Unloading class 0x000001c481038400 'java/lang/invoke/LambdaForm$MH+0x000001c481038400'
Event: 66.280 Thread 0x000001c4e8111800 Unloading class 0x000001c481038000 'java/lang/invoke/LambdaForm$MH+0x000001c481038000'
Event: 66.280 Thread 0x000001c4e8111800 Unloading class 0x000001c481018800 'java/lang/invoke/LambdaForm$MH+0x000001c481018800'
Event: 66.280 Thread 0x000001c4e8111800 Unloading class 0x000001c481018400 'java/lang/invoke/LambdaForm$MH+0x000001c481018400'
Event: 66.281 Thread 0x000001c4e8111800 Unloading class 0x000001c481017c00 'java/lang/invoke/LambdaForm$MH+0x000001c481017c00'
Event: 66.281 Thread 0x000001c4e8111800 Unloading class 0x000001c481017800 'java/lang/invoke/LambdaForm$MH+0x000001c481017800'
Event: 66.281 Thread 0x000001c4e8111800 Unloading class 0x000001c481016800 'java/lang/invoke/LambdaForm$MH+0x000001c481016800'
Event: 66.281 Thread 0x000001c4e8111800 Unloading class 0x000001c481016000 'java/lang/invoke/LambdaForm$MH+0x000001c481016000'
Event: 66.281 Thread 0x000001c4e8111800 Unloading class 0x000001c481015c00 'java/lang/invoke/LambdaForm$MH+0x000001c481015c00'
Event: 66.281 Thread 0x000001c4e8111800 Unloading class 0x000001c481015800 'java/lang/invoke/LambdaForm$MH+0x000001c481015800'
Event: 66.281 Thread 0x000001c4e8111800 Unloading class 0x000001c481015400 'java/lang/invoke/LambdaForm$MH+0x000001c481015400'
Event: 66.281 Thread 0x000001c4e8111800 Unloading class 0x000001c481015000 'java/lang/invoke/LambdaForm$MH+0x000001c481015000'
Event: 66.281 Thread 0x000001c4e8111800 Unloading class 0x000001c481014800 'java/lang/invoke/LambdaForm$MH+0x000001c481014800'
Event: 66.281 Thread 0x000001c4e8111800 Unloading class 0x000001c481014000 'java/lang/invoke/LambdaForm$MH+0x000001c481014000'

Classes redefined (0 events):
No events

Internal exceptions (20 events):
Event: 15.511 Thread 0x000001c4e8c45ef0 Exception <a 'java/lang/reflect/InvocationTargetException'{0x00000000c5fc5ca0}> (0x00000000c5fc5ca0) 
thrown [s\open\src\hotspot\share\runtime\reflection.cpp, line 1121]
Event: 15.552 Thread 0x000001c4e8c45ef0 Exception <a 'java/lang/reflect/InvocationTargetException'{0x00000000c7145f50}> (0x00000000c7145f50) 
thrown [s\open\src\hotspot\share\runtime\reflection.cpp, line 1121]
Event: 15.553 Thread 0x000001c4e8c45ef0 Exception <a 'java/lang/reflect/InvocationTargetException'{0x00000000c71517a0}> (0x00000000c71517a0) 
thrown [s\open\src\hotspot\share\runtime\reflection.cpp, line 1121]
Event: 15.579 Thread 0x000001c4e8c45ef0 Exception <a 'java/lang/reflect/InvocationTargetException'{0x00000000c693df18}> (0x00000000c693df18) 
thrown [s\open\src\hotspot\share\runtime\reflection.cpp, line 1121]
Event: 15.580 Thread 0x000001c4e8c45ef0 Exception <a 'java/lang/reflect/InvocationTargetException'{0x00000000c69495e8}> (0x00000000c69495e8) 
thrown [s\open\src\hotspot\share\runtime\reflection.cpp, line 1121]
Event: 15.580 Thread 0x000001c4e8c45ef0 Exception <a 'java/lang/reflect/InvocationTargetException'{0x00000000c6954e20}> (0x00000000c6954e20) 
thrown [s\open\src\hotspot\share\runtime\reflection.cpp, line 1121]
Event: 16.004 Thread 0x000001c4e8c45ef0 Exception <a 'sun/nio/fs/WindowsException'{0x00000000c6ea6120}> (0x00000000c6ea6120) 
thrown [s\open\src\hotspot\share\prims\jni.cpp, line 516]
Event: 16.056 Thread 0x000001c4e8c45ef0 Exception <a 'java/lang/IncompatibleClassChangeError'{0x00000000c6a9b0b8}: Found class java.lang.Object, but interface was expected> (0x00000000c6a9b0b8) 
thrown [s\open\src\hotspot\share\interpreter\linkResolver.cpp, line 826]
Event: 16.224 Thread 0x000001c4e8c45ef0 Exception <a 'java/lang/IncompatibleClassChangeError'{0x00000000c63f5888}: Found class java.lang.Object, but interface was expected> (0x00000000c63f5888) 
thrown [s\open\src\hotspot\share\interpreter\linkResolver.cpp, line 826]
Event: 16.260 Thread 0x000001c4e8c45ef0 Exception <a 'java/lang/NoSuchMethodError'{0x00000000c6113cf0}: 'java.lang.Object java.lang.invoke.DirectMethodHandle$Holder.invokeInterface(java.lang.Object, java.lang.Object, java.lang.Object, java.lang.Object)'> (0x00000000c6113cf0) 
thrown [s\open\src\hotspot\share\interpreter\linkResolver.cpp, line 759]
Event: 16.361 Thread 0x000001c4e8c45ef0 Exception <a 'java/lang/NoSuchMethodError'{0x00000000c5fcde90}: 'void java.lang.invoke.DirectMethodHandle$Holder.invokeVirtual(java.lang.Object, java.lang.Object, long)'> (0x00000000c5fcde90) 
thrown [s\open\src\hotspot\share\interpreter\linkResolver.cpp, line 759]
Event: 16.588 Thread 0x000001c4e8c45ef0 Exception <a 'java/lang/IncompatibleClassChangeError'{0x00000000c653ae58}: Found class java.lang.Object, but interface was expected> (0x00000000c653ae58) 
thrown [s\open\src\hotspot\share\interpreter\linkResolver.cpp, line 826]
Event: 16.668 Thread 0x000001c4e8c45ef0 Exception <a 'java/lang/NoSuchMethodError'{0x00000000c6399338}: 'java.lang.Object java.lang.invoke.DirectMethodHandle$Holder.newInvokeSpecial(java.lang.Object, java.lang.Object, int, java.lang.Object, java.lang.Object)'> (0x00000000c6399338) 
thrown [s\open\src\hotspot\share\interpreter\linkResolver.cpp, line 759]
Event: 16.669 Thread 0x000001c4e8c45ef0 Exception <a 'java/lang/NoSuchMethodError'{0x00000000c63a45d0}: 'java.lang.Object java.lang.invoke.DirectMethodHandle$Holder.invokeSpecial(java.lang.Object, java.lang.Object, int, java.lang.Object, int, java.lang.Object)'> (0x00000000c63a45d0) 
thrown [s\open\src\hotspot\share\interpreter\linkResolver.cpp, line 759]
Event: 16.669 Thread 0x000001c4e8c45ef0 Exception <a 'java/lang/NoSuchMethodError'{0x00000000c63ac5f0}: 'java.lang.Object java.lang.invoke.DirectMethodHandle$Holder.newInvokeSpecial(java.lang.Object, java.lang.Object, int, java.lang.Object, int)'> (0x00000000c63ac5f0) 
thrown [s\open\src\hotspot\share\interpreter\linkResolver.cpp, line 759]
Event: 16.669 Thread 0x000001c4e8c45ef0 Exception <a 'java/lang/NoSuchMethodError'{0x00000000c63b06f0}: 'java.lang.Object java.lang.invoke.DirectMethodHandle$Holder.invokeSpecial(java.lang.Object, java.lang.Object, java.lang.Object, int, java.lang.Object, int)'> (0x00000000c63b06f0) 
thrown [s\open\src\hotspot\share\interpreter\linkResolver.cpp, line 759]
Event: 16.770 Thread 0x000001c4e8c45ef0 Exception <a 'java/lang/NoSuchMethodError'{0x00000000c5f61600}: 'void java.lang.invoke.DirectMethodHandle$Holder.invokeSpecialIFC(java.lang.Object, java.lang.Object, int, java.lang.Object, java.lang.Object, java.lang.Object, java.lang.Object)'> (0x00000000c5f61600) 
thrown [s\open\src\hotspot\share\interpreter\linkResolver.cpp, line 759]
Event: 61.002 Thread 0x000001c4ef1e4570 Exception <a 'java/lang/NoSuchMethodError'{0x00000000c6763198}: 'java.lang.Object java.lang.invoke.DirectMethodHandle$Holder.invokeSpecial(java.lang.Object, java.lang.Object, java.lang.Object, java.lang.Object, java.lang.Object, long)'> (0x00000000c6763198) 
thrown [s\open\src\hotspot\share\interpreter\linkResolver.cpp, line 759]
Event: 61.003 Thread 0x000001c4ef1e4570 Exception <a 'java/lang/NoSuchMethodError'{0x00000000c6766bd8}: 'java.lang.Object java.lang.invoke.Invokers$Holder.linkToTargetMethod(java.lang.Object, java.lang.Object, java.lang.Object, long, java.lang.Object)'> (0x00000000c6766bd8) 
thrown [s\open\src\hotspot\share\interpreter\linkResolver.cpp, line 759]
Event: 61.652 Thread 0x000001c4ee033a30 Exception <a 'java/lang/NoSuchMethodError'{0x00000000c63cb640}: 'java.lang.Object java.lang.invoke.DirectMethodHandle$Holder.invokeStatic(java.lang.Object, int, int)'> (0x00000000c63cb640) 
thrown [s\open\src\hotspot\share\interpreter\linkResolver.cpp, line 759]

VM Operations (20 events):
Event: 66.726 Executing VM operation: G1Concurrent done
Event: 67.285 Executing VM operation: HandshakeAllThreads
Event: 67.285 Executing VM operation: HandshakeAllThreads done
Event: 67.530 Executing VM operation: HandshakeAllThreads
Event: 67.530 Executing VM operation: HandshakeAllThreads done
Event: 67.806 Executing VM operation: G1CollectForAllocation
Event: 67.817 Executing VM operation: G1CollectForAllocation done
Event: 67.820 Executing VM operation: G1CollectForAllocation
Event: 67.853 Executing VM operation: G1CollectForAllocation done
Event: 67.923 Executing VM operation: HandshakeAllThreads
Event: 67.923 Executing VM operation: HandshakeAllThreads done
Event: 67.951 Executing VM operation: HandshakeAllThreads
Event: 67.951 Executing VM operation: HandshakeAllThreads done
Event: 68.490 Executing VM operation: HandshakeAllThreads
Event: 68.490 Executing VM operation: HandshakeAllThreads done
Event: 68.570 Executing VM operation: HandshakeAllThreads
Event: 68.570 Executing VM operation: HandshakeAllThreads done
Event: 68.591 Executing VM operation: HandshakeAllThreads
Event: 68.591 Executing VM operation: HandshakeAllThreads done
Event: 69.115 Executing VM operation: G1CollectForAllocation

Events (20 events):
Event: 67.294 loading class sun/net/www/http/ClientVector
Event: 67.294 loading class sun/net/www/http/ClientVector done
Event: 67.294 loading class sun/net/www/http/KeepAliveEntry
Event: 67.295 loading class sun/net/www/http/KeepAliveEntry done
Event: 67.391 loading class java/time/Duration$1
Event: 67.392 loading class java/time/Duration$1 done
Event: 67.455 loading class java/util/concurrent/atomic/AtomicIntegerArray
Event: 67.463 loading class java/util/concurrent/atomic/AtomicIntegerArray done
Event: 67.596 loading class java/security/UnrecoverableKeyException
Event: 67.600 loading class java/security/UnrecoverableEntryException
Event: 67.600 loading class java/security/UnrecoverableEntryException done
Event: 67.600 loading class java/security/UnrecoverableKeyException done
Event: 67.601 loading class java/security/spec/RSAMultiPrimePrivateCrtKeySpec
Event: 67.601 loading class java/security/spec/RSAMultiPrimePrivateCrtKeySpec done
Event: 67.946 loading class java/util/AbstractMap$SimpleEntry
Event: 67.946 loading class java/util/AbstractMap$SimpleEntry done
Event: 68.646 loading class java/util/concurrent/locks/ReentrantReadWriteLock$FairSync
Event: 68.646 loading class java/util/concurrent/locks/ReentrantReadWriteLock$FairSync done
Event: 68.758 loading class java/util/EnumMap$EntryIterator$Entry
Event: 68.758 loading class java/util/EnumMap$EntryIterator$Entry done


Dynamic libraries:
0x00007ff6270d0000 - 0x00007ff6270e0000 	D:\APAP JAVA\Java\jdk-17\bin\java.exe
0x00007ffe9e4b0000 - 0x00007ffe9e6c6000 	C:\WINDOWS\SYSTEM32\ntdll.dll
0x00007ffe9d220000 - 0x00007ffe9d2e4000 	C:\WINDOWS\System32\KERNEL32.DLL
0x00007ffe9b820000 - 0x00007ffe9bbc6000 	C:\WINDOWS\System32\KERNELBASE.dll
0x00007ffe9bbd0000 - 0x00007ffe9bce1000 	C:\WINDOWS\System32\ucrtbase.dll
0x00007ffe8a8e0000 - 0x00007ffe8a8f9000 	D:\APAP JAVA\Java\jdk-17\bin\jli.dll
0x00007ffe8a900000 - 0x00007ffe8a91b000 	D:\APAP JAVA\Java\jdk-17\bin\VCRUNTIME140.dll
0x00007ffe9c6f0000 - 0x00007ffe9c7a2000 	C:\WINDOWS\System32\ADVAPI32.dll
0x00007ffe9d740000 - 0x00007ffe9d7e7000 	C:\WINDOWS\System32\msvcrt.dll
0x00007ffe9d3d0000 - 0x00007ffe9d478000 	C:\WINDOWS\System32\sechost.dll
0x00007ffe9bdb0000 - 0x00007ffe9bdd8000 	C:\WINDOWS\System32\bcrypt.dll
0x00007ffe9c7b0000 - 0x00007ffe9c8c5000 	C:\WINDOWS\System32\RPCRT4.dll
0x00007ffe9d070000 - 0x00007ffe9d21d000 	C:\WINDOWS\System32\USER32.dll
0x00007ffe9b7f0000 - 0x00007ffe9b816000 	C:\WINDOWS\System32\win32u.dll
0x00007ffe9d6f0000 - 0x00007ffe9d719000 	C:\WINDOWS\System32\GDI32.dll
0x00007ffe9be60000 - 0x00007ffe9bf78000 	C:\WINDOWS\System32\gdi32full.dll
0x00007ffe9bf80000 - 0x00007ffe9c01a000 	C:\WINDOWS\System32\msvcp_win.dll
0x00007ffe83e20000 - 0x00007ffe840b3000 	C:\WINDOWS\WinSxS\amd64_microsoft.windows.common-controls_6595b64144ccf1df_6.0.22621.3235_none_270f74e173860f98\COMCTL32.dll
0x00007ffe92470000 - 0x00007ffe9247a000 	C:\WINDOWS\SYSTEM32\VERSION.dll
0x00007ffe9d7f0000 - 0x00007ffe9d821000 	C:\WINDOWS\System32\IMM32.DLL
0x00007ffe8c120000 - 0x00007ffe8c12c000 	D:\APAP JAVA\Java\jdk-17\bin\vcruntime140_1.dll
0x00007ffe64c50000 - 0x00007ffe64cde000 	D:\APAP JAVA\Java\jdk-17\bin\msvcp140.dll
0x00007ffe17450000 - 0x00007ffe1802e000 	D:\APAP JAVA\Java\jdk-17\bin\server\jvm.dll
0x00007ffe9c930000 - 0x00007ffe9c938000 	C:\WINDOWS\System32\PSAPI.DLL
0x00007ffe935d0000 - 0x00007ffe93604000 	C:\WINDOWS\SYSTEM32\WINMM.dll
0x00007ffe75450000 - 0x00007ffe75459000 	C:\WINDOWS\SYSTEM32\WSOCK32.dll
0x00007ffe9c590000 - 0x00007ffe9c601000 	C:\WINDOWS\System32\WS2_32.dll
0x00007ffe9a8e0000 - 0x00007ffe9a8f8000 	C:\WINDOWS\SYSTEM32\kernel.appcore.dll
0x00007ffe8bfd0000 - 0x00007ffe8bfda000 	D:\APAP JAVA\Java\jdk-17\bin\jimage.dll
0x00007ffe98dc0000 - 0x00007ffe98ff3000 	C:\WINDOWS\SYSTEM32\DBGHELP.DLL
0x00007ffe9c200000 - 0x00007ffe9c588000 	C:\WINDOWS\System32\combase.dll
0x00007ffe9d2f0000 - 0x00007ffe9d3c7000 	C:\WINDOWS\System32\OLEAUT32.dll
0x00007ffe78e80000 - 0x00007ffe78eb2000 	C:\WINDOWS\SYSTEM32\dbgcore.DLL
0x00007ffe9bde0000 - 0x00007ffe9be5a000 	C:\WINDOWS\System32\bcryptPrimitives.dll
0x00007ffe83040000 - 0x00007ffe83065000 	D:\APAP JAVA\Java\jdk-17\bin\java.dll
0x00007ffe600e0000 - 0x00007ffe601b7000 	D:\APAP JAVA\Java\jdk-17\bin\jsvml.dll
0x00007ffe9dc10000 - 0x00007ffe9e46d000 	C:\WINDOWS\System32\SHELL32.dll
0x00007ffe99710000 - 0x00007ffe9a008000 	C:\WINDOWS\SYSTEM32\windows.storage.dll
0x00007ffe995d0000 - 0x00007ffe9970e000 	C:\WINDOWS\SYSTEM32\wintypes.dll
0x00007ffe9d480000 - 0x00007ffe9d573000 	C:\WINDOWS\System32\SHCORE.dll
0x00007ffe9c8d0000 - 0x00007ffe9c92e000 	C:\WINDOWS\System32\shlwapi.dll
0x00007ffe9b720000 - 0x00007ffe9b746000 	C:\WINDOWS\SYSTEM32\profapi.dll
0x00007ffe8a710000 - 0x00007ffe8a729000 	D:\APAP JAVA\Java\jdk-17\bin\net.dll
0x00007ffe924c0000 - 0x00007ffe925f7000 	C:\WINDOWS\SYSTEM32\WINHTTP.dll
0x00007ffe9ad60000 - 0x00007ffe9adc9000 	C:\WINDOWS\system32\mswsock.dll
0x00007ffe847f0000 - 0x00007ffe84806000 	D:\APAP JAVA\Java\jdk-17\bin\nio.dll
0x00007ffe83a20000 - 0x00007ffe83a38000 	D:\APAP JAVA\Java\jdk-17\bin\zip.dll
0x00007ffe845d0000 - 0x00007ffe845da000 	D:\APAP JAVA\Java\jdk-17\bin\management.dll
0x00007ffe83de0000 - 0x00007ffe83deb000 	D:\APAP JAVA\Java\jdk-17\bin\management_ext.dll
0x00007ffe83390000 - 0x00007ffe8339e000 	D:\APAP JAVA\Java\jdk-17\bin\sunmscapi.dll
0x00007ffe9c090000 - 0x00007ffe9c1f6000 	C:\WINDOWS\System32\CRYPT32.dll
0x00007ffe9b1b0000 - 0x00007ffe9b1de000 	C:\WINDOWS\SYSTEM32\ncrypt.dll
0x00007ffe9b170000 - 0x00007ffe9b1a7000 	C:\WINDOWS\SYSTEM32\NTASN1.dll
0x00007ffe9afd0000 - 0x00007ffe9afeb000 	C:\WINDOWS\SYSTEM32\CRYPTSP.dll
0x00007ffe9a840000 - 0x00007ffe9a875000 	C:\WINDOWS\system32\rsaenh.dll
0x00007ffe9ae70000 - 0x00007ffe9ae9c000 	C:\WINDOWS\SYSTEM32\USERENV.dll
0x00007ffe9aff0000 - 0x00007ffe9affc000 	C:\WINDOWS\SYSTEM32\CRYPTBASE.dll
0x00007ffe9a2e0000 - 0x00007ffe9a30d000 	C:\WINDOWS\SYSTEM32\IPHLPAPI.DLL
0x00007ffe9cb80000 - 0x00007ffe9cb89000 	C:\WINDOWS\System32\NSI.dll
0x00007ffe924a0000 - 0x00007ffe924b9000 	C:\WINDOWS\SYSTEM32\dhcpcsvc6.DLL
0x00007ffe92480000 - 0x00007ffe9249f000 	C:\WINDOWS\SYSTEM32\dhcpcsvc.DLL
0x00007ffe9a350000 - 0x00007ffe9a449000 	C:\WINDOWS\SYSTEM32\DNSAPI.dll
0x00007ffe8af90000 - 0x00007ffe8afa0000 	D:\APAP JAVA\Java\jdk-17\bin\verify.dll
0x00007ffe82f40000 - 0x00007ffe82f4a000 	C:\Windows\System32\rasadhlp.dll
0x00007ffe8d030000 - 0x00007ffe8d0b3000 	C:\WINDOWS\System32\fwpuclnt.dll
0x00007ffe94bf0000 - 0x00007ffe94bf8000 	C:\WINDOWS\system32\wshunix.dll

dbghelp: loaded successfully - version: 4.0.5 - missing functions: none
symbol engine: initialized successfully - sym options: 0x614 - pdb path: .;D:\APAP JAVA\Java\jdk-17\bin;C:\WINDOWS\SYSTEM32;C:\WINDOWS\WinSxS\amd64_microsoft.windows.common-controls_6595b64144ccf1df_6.0.22621.3235_none_270f74e173860f98;D:\APAP JAVA\Java\jdk-17\bin\server

VM Arguments:
jvm_args: -XX:TieredStopAtLevel=1 -Dfile.encoding=windows-1252 -Duser.country=ID -Duser.language=en -Duser.variant 
java_command: propensi.smail.SmailApplication
java_class_path (initial): D:\pindahan\COOLYEAH\Semester 6\Propensi\TK\d02-rtx\smail\build\classes\java\main;D:\pindahan\COOLYEAH\Semester 6\Propensi\TK\d02-rtx\smail\build\resources\main;C:\Users\HP\.gradle\caches\modules-2\files-2.1\org.springframework.boot\spring-boot-devtools\3.2.2\5d4ce10e0c8d4a6cc040a1836280f379893a8213\spring-boot-devtools-3.2.2.jar;C:\Users\HP\.gradle\caches\modules-2\files-2.1\org.mapstruct\mapstruct\1.5.3.Final\5f5d063858957ef086858bc3d003f702082297f3\mapstruct-1.5.3.Final.jar;C:\Users\HP\.gradle\caches\modules-2\files-2.1\org.hibernate.orm\hibernate-core\6.4.1.Final\3dcefddf6609e6491d37208bcc0cab1273598cbd\hibernate-core-6.4.1.Final.jar;C:\Users\HP\.gradle\caches\modules-2\files-2.1\org.glassfish.jaxb\jaxb-runtime\4.0.2\e4e4e0c5b0d42054d00dc4023901572a60d368c7\jaxb-runtime-4.0.2.jar;C:\Users\HP\.gradle\caches\modules-2\files-2.1\io.jsonwebtoken\jjwt\0.9.1\54d2abfc3e63a28824d35bf600d6a5d627da681a\jjwt-0.9.1.jar;C:\Users\HP\.gradle\caches\modules-2\files-2.1\javax.xml.bind\jaxb-api\2.4.0-b180830.0359\b54184b7dcab2031add3f525550c7f1b7e12209d\jaxb-api-2.4.0-b180830.0359.jar;C:\Users\HP\.gradle\caches\modules-2\files-2.1\org.thymeleaf.extras\thymeleaf-extras-springsecurity5\3.0.4.RELEASE\88bb10bf73ce285208dd848e8eb17f897ebb02d4\thymeleaf-extras-springsecurity5-3.0.4.RELEASE.jar;C:\Users\HP\.gradle\caches\modules-2\files-2.1\org.postgresql\postgresql\42.6.0\7614cfce466145b84972781ab0079b8dea49e363\postgresql-42.6.0.jar;C:\Users\HP\.gradle\caches\modules-2\files-2.1\org.springframework.boot\spring-boot-autoconfigure\3.2.2\5c407409f8d260a4bc6e173d16fc3b36e6adec21\spring-boot-autoconfigure-3.2.2.jar;C:\Users\HP\.gradle\caches\modules-2\files-2.1\org.springframework.boot\spring-boot\3.2.2\9f274d1bd822c4c57bb5b37ecae2380b980f567\spring-boot-3.2.2.jar;C:\Users\HP\.gradle\caches\modules-2\files-2.1\org.thymeleaf\thymeleaf-spring6\3.1.2.RELEASE\6030c7b4e260c41336f378e53da6e8531263f24b\thymeleaf-spring6-3.1.2.RELEASE.jar;C:\Users\HP\.gradle\caches\mod
Launcher Type: SUN_STANDARD

[Global flags]
     intx CICompilerCount                          = 3                                         {product} {ergonomic}
     uint ConcGCThreads                            = 1                                         {product} {ergonomic}
     uint G1ConcRefinementThreads                  = 4                                         {product} {ergonomic}
   size_t G1HeapRegionSize                         = 1048576                                   {product} {ergonomic}
    uintx GCDrainStackTargetSize                   = 64                                        {product} {ergonomic}
   size_t InitialHeapSize                          = 65011712                                  {product} {ergonomic}
   size_t MarkStackSize                            = 4194304                                   {product} {ergonomic}
   size_t MaxHeapSize                              = 1027604480                                {product} {ergonomic}
   size_t MaxNewSize                               = 616562688                                 {product} {ergonomic}
   size_t MinHeapDeltaBytes                        = 1048576                                   {product} {ergonomic}
   size_t MinHeapSize                              = 8388608                                   {product} {ergonomic}
    uintx NonProfiledCodeHeapSize                  = 0                                      {pd product} {ergonomic}
     bool ProfileInterpreter                       = false                                  {pd product} {command line}
    uintx ProfiledCodeHeapSize                     = 0                                      {pd product} {ergonomic}
   size_t SoftMaxHeapSize                          = 1027604480                             {manageable} {ergonomic}
     intx TieredStopAtLevel                        = 1                                         {product} {command line}
     bool UseCompressedClassPointers               = true                           {product lp64_product} {ergonomic}
     bool UseCompressedOops                        = true                           {product lp64_product} {ergonomic}
     bool UseG1GC                                  = true                                      {product} {ergonomic}
     bool UseLargePagesIndividualAllocation        = false                                  {pd product} {ergonomic}

Logging:
Log output configuration:
 #0: stdout all=warning uptime,level,tags
 #1: stderr all=off uptime,level,tags

Environment Variables:
JAVA_HOME=D:\APAP JAVA\Java\jdk-17
CLASSPATH=D:\pindahan\COOLYEAH\Semester 6\Propensi\TK\d02-rtx\smail\\gradle\wrapper\gradle-wrapper.jar
PATH=C:\Python312\Scripts\;C:\Python312\;C:\Program Files\Common Files\Oracle\Java\javapath;C:\Program Files (x86)\Common Files\Oracle\Java\javapath;C:\WINDOWS\system32;C:\WINDOWS;C:\WINDOWS\System32\Wbem;C:\WINDOWS\System32\WindowsPowerShell\v1.0\;C:\WINDOWS\System32\OpenSSH\;C:\Users\Ron\AppData\Local\Programs\Python\Python39;C:\Users\Ron\AppData\Local\Programs\Python\Python39\Scripts;C:\Users\HP\AppData\Local\Programs\Python\Python310\;C:\Users\HP\AppData\Local\Programs\Python\Python310\\Scripts;D:\PuTTY\;D:\Git\cmd;C:\Program Files\Docker\Docker\resources\bin;D:\APAP JAVA\Java\jdk-17\bin;D:\NODE JS\;C:\ProgramData\chocolatey\bin;C:\Users\HP\AppData\Local\Programs\Python\Python310\Scripts\;C:\Users\HP\AppData\Local\Programs\Python\Python310\;C:\Users\Ron\AppData\Local\Programs\Python\Python39;C:\Users\Ron\AppData\Local\Programs\Python\Python39\Scripts;C:\Users\HP\AppData\Local\Programs\Microsoft VS Code\bin;C:\Users\HP\Documents\COOLYEAH\Semester 3\PBP\FLUTTER\bin;C:\Users\HP\Documents\COOLYEAH\Semester 3\PBP\FLUTTER\flutter\bin;C:\Users\HP\AppData\Local\Microsoft\WindowsApps;D:\FLUTTER\bin;C:\Users\HP\AppData\Roaming\npm
USERNAME=HP
LANG=en_US.UTF-8
OS=Windows_NT
PROCESSOR_IDENTIFIER=Intel64 Family 6 Model 142 Stepping 12, GenuineIntel



---------------  S Y S T E M  ---------------

OS:
 Windows 11 , 64 bit Build 22621 (10.0.22621.3235)
OS uptime: 7 days 3:24 hours
Hyper-V role detected

CPU: total 4 (initial active 4) (2 cores per cpu, 2 threads per core) family 6 model 142 stepping 12 microcode 0xec, cx8, cmov, fxsr, ht, mmx, 3dnowpref, sse, sse2, sse3, ssse3, sse4.1, sse4.2, popcnt, lzcnt, tsc, tscinvbit, avx, avx2, aes, erms, clmul, bmi1, bmi2, adx, fma, vzeroupper, clflush, clflushopt, hv

Memory: 4k page, system-wide physical 3919M (111M free)
TotalPageFile size 15695M (AvailPageFile size 70M)
current process WorkingSet (physical memory assigned to process): 217M, peak: 217M
current process commit charge ("private bytes"): 278M, peak: 405M

vm_info: Java HotSpot(TM) 64-Bit Server VM (17.0.8+9-LTS-211) for windows-amd64 JRE (17.0.8+9-LTS-211), built on Jun 14 2023 10:34:31 by "mach5one" with MS VC++ 17.1 (VS2022)

END.
