#
# There is insufficient memory for the Java Runtime Environment to continue.
# Native memory allocation (malloc) failed to allocate 1764416 bytes for Chunk::new
# Possible reasons:
#   The system is out of physical RAM or swap space
#   The process is running with CompressedOops enabled, and the Java Heap may be blocking the growth of the native heap
# Possible solutions:
#   Reduce memory load on the system
#   Increase physical memory or swap space
#   Check if swap backing store is full
#   Decrease Java heap size (-Xmx/-Xms)
#   Decrease number of Java threads
#   Decrease Java thread stack sizes (-Xss)
#   Set larger code cache with -XX:ReservedCodeCacheSize=
#   JVM is running with Unscaled Compressed Oops mode in which the Java heap is
#     placed in the first 4GB address space. The Java Heap base address is the
#     maximum limit for the native heap growth. Please use -XX:HeapBaseMinAddress
#     to set the Java Heap base and to place the Java Heap above 4GB virtual address.
# This output file may be truncated or incomplete.
#
#  Out of Memory Error (arena.cpp:191), pid=7820, tid=4396
#
# JRE version: OpenJDK Runtime Environment Temurin-17.0.10+7 (17.0.10+7) (build 17.0.10+7)
# Java VM: OpenJDK 64-Bit Server VM Temurin-17.0.10+7 (17.0.10+7, mixed mode, tiered, compressed oops, compressed class ptrs, parallel gc, windows-amd64)
# No core dump will be written. Minidumps are not enabled by default on client versions of Windows
#

---------------  S U M M A R Y ------------

Command Line: --add-modules=ALL-SYSTEM --add-opens=java.base/java.util=ALL-UNNAMED --add-opens=java.base/java.lang=ALL-UNNAMED --add-opens=java.base/sun.nio.fs=ALL-UNNAMED -Declipse.application=org.eclipse.jdt.ls.core.id1 -Dosgi.bundles.defaultStartLevel=4 -Declipse.product=org.eclipse.jdt.ls.core.product -Djava.import.generatesMetadataFilesAtProjectRoot=false -DDetectVMInstallationsJob.disabled=true -Dfile.encoding=utf8 -XX:+UseParallelGC -XX:GCTimeRatio=4 -XX:AdaptiveSizePolicyWeight=90 -Dsun.zip.disableMemoryMapping=true -Xmx1G -Xms100m -Xlog:disable -javaagent:c:\Users\HP\.vscode\extensions\redhat.java-1.28.1-win32-x64\lombok\lombok-1.18.31.jar c:\Users\HP\.vscode\extensions\redhat.java-1.28.1-win32-x64\server\plugins\org.eclipse.equinox.launcher_1.6.700.v20231214-2017.jar -configuration c:\Users\HP\AppData\Roaming\Code\User\globalStorage\redhat.java\1.28.1\config_ss_win -data c:\Users\HP\AppData\Roaming\Code\User\workspaceStorage\0d828789c167c72f6f5361a28a300af2\redhat.java\ss_ws --stdio

Host: Intel(R) Core(TM) i3-10110U CPU @ 2.10GHz, 4 cores, 3G,  Windows 11 , 64 bit Build 22621 (10.0.22621.3085)
Time: Sat Mar  9 19:12:53 2024 SE Asia Standard Time elapsed time: 94.937165 seconds (0d 0h 1m 34s)

---------------  T H R E A D  ---------------

Current thread (0x0000024acec32a90):  JavaThread "C2 CompilerThread0" daemon [_thread_in_native, id=4396, stack(0x000000ce3d600000,0x000000ce3d700000)]


Current CompileTask:
C2:  94937 6760       4       org.eclipse.jdt.internal.compiler.parser.Parser::consumeRule (7964 bytes)

Stack: [0x000000ce3d600000,0x000000ce3d700000]
Native frames: (J=compiled Java code, j=interpreted, Vv=VM code, C=native code)
V  [jvm.dll+0x67d2c9]
V  [jvm.dll+0x834afa]
V  [jvm.dll+0x8365be]
V  [jvm.dll+0x836c23]
V  [jvm.dll+0x2477ff]
V  [jvm.dll+0xac514]
V  [jvm.dll+0xacb5c]
V  [jvm.dll+0x3667d7]
V  [jvm.dll+0x330bfa]
V  [jvm.dll+0x33009a]
V  [jvm.dll+0x219ef1]
V  [jvm.dll+0x219311]
V  [jvm.dll+0x1a502d]
V  [jvm.dll+0x2290de]
V  [jvm.dll+0x2272ac]
V  [jvm.dll+0x7e9bb7]
V  [jvm.dll+0x7e3fba]
V  [jvm.dll+0x67c1b5]
C  [ucrtbase.dll+0x29363]
C  [KERNEL32.DLL+0x1257d]
C  [ntdll.dll+0x5aa58]


---------------  P R O C E S S  ---------------

Threads class SMR info:
_java_thread_list=0x0000024ad3f507f0, length=27, elements={
0x0000024abadc11a0, 0x0000024acebfc010, 0x0000024acebfe090, 0x0000024acec2ff20,
0x0000024acec308f0, 0x0000024acec313c0, 0x0000024acec31e90, 0x0000024acec32a90,
0x0000024acec4c650, 0x0000024ad3e1abd0, 0x0000024ad3ead1b0, 0x0000024ad4088020,
0x0000024ad45ce810, 0x0000024ad3e86fc0, 0x0000024ad47984b0, 0x0000024ad453bd10,
0x0000024ad4301380, 0x0000024ad42ffa30, 0x0000024ad4300e70, 0x0000024ad4301da0,
0x0000024ad42ff520, 0x0000024ad42feb00, 0x0000024ad4300450, 0x0000024ad42ff010,
0x0000024ad42fff40, 0x0000024ad4300960, 0x0000024ad4061f90
}

Java Threads: ( => current thread )
  0x0000024abadc11a0 JavaThread "main" [_thread_blocked, id=22188, stack(0x000000ce3cd00000,0x000000ce3ce00000)]
  0x0000024acebfc010 JavaThread "Reference Handler" daemon [_thread_blocked, id=20580, stack(0x000000ce3d000000,0x000000ce3d100000)]
  0x0000024acebfe090 JavaThread "Finalizer" daemon [_thread_blocked, id=10792, stack(0x000000ce3d100000,0x000000ce3d200000)]
  0x0000024acec2ff20 JavaThread "Signal Dispatcher" daemon [_thread_blocked, id=12180, stack(0x000000ce3d200000,0x000000ce3d300000)]
  0x0000024acec308f0 JavaThread "Attach Listener" daemon [_thread_blocked, id=4592, stack(0x000000ce3d300000,0x000000ce3d400000)]
  0x0000024acec313c0 JavaThread "Service Thread" daemon [_thread_blocked, id=23072, stack(0x000000ce3d400000,0x000000ce3d500000)]
  0x0000024acec31e90 JavaThread "Monitor Deflation Thread" daemon [_thread_blocked, id=12632, stack(0x000000ce3d500000,0x000000ce3d600000)]
=>0x0000024acec32a90 JavaThread "C2 CompilerThread0" daemon [_thread_in_native, id=4396, stack(0x000000ce3d600000,0x000000ce3d700000)]
  0x0000024acec4c650 JavaThread "C1 CompilerThread0" daemon [_thread_blocked, id=17940, stack(0x000000ce3d700000,0x000000ce3d800000)]
  0x0000024ad3e1abd0 JavaThread "Sweeper thread" daemon [_thread_blocked, id=18944, stack(0x000000ce3d800000,0x000000ce3d900000)]
  0x0000024ad3ead1b0 JavaThread "Common-Cleaner" daemon [_thread_blocked, id=10904, stack(0x000000ce3d900000,0x000000ce3da00000)]
  0x0000024ad4088020 JavaThread "Notification Thread" daemon [_thread_blocked, id=20396, stack(0x000000ce3da00000,0x000000ce3db00000)]
  0x0000024ad45ce810 JavaThread "Active Thread: Equinox Container: 6393fec9-3b4e-4885-82da-362a34e2e969" [_thread_blocked, id=4524, stack(0x000000ce3df00000,0x000000ce3e000000)]
  0x0000024ad3e86fc0 JavaThread "Framework Event Dispatcher: Equinox Container: 6393fec9-3b4e-4885-82da-362a34e2e969" daemon [_thread_blocked, id=22884, stack(0x000000ce3e000000,0x000000ce3e100000)]
  0x0000024ad47984b0 JavaThread "Start Level: Equinox Container: 6393fec9-3b4e-4885-82da-362a34e2e969" daemon [_thread_blocked, id=17148, stack(0x000000ce3e100000,0x000000ce3e200000)]
  0x0000024ad453bd10 JavaThread "SCR Component Actor" daemon [_thread_blocked, id=20304, stack(0x000000ce3e200000,0x000000ce3e300000)]
  0x0000024ad4301380 JavaThread "Worker-JM" [_thread_blocked, id=20788, stack(0x000000ce3e400000,0x000000ce3e500000)]
  0x0000024ad42ffa30 JavaThread "Worker-0" [_thread_blocked, id=12044, stack(0x000000ce3e500000,0x000000ce3e600000)]
  0x0000024ad4300e70 JavaThread "Worker-1" [_thread_blocked, id=21760, stack(0x000000ce3e600000,0x000000ce3e700000)]
  0x0000024ad4301da0 JavaThread "JNA Cleaner" daemon [_thread_blocked, id=16756, stack(0x000000ce3e300000,0x000000ce3e400000)]
  0x0000024ad42ff520 JavaThread "pool-2-thread-1" [_thread_blocked, id=9472, stack(0x000000ce3e700000,0x000000ce3e800000)]
  0x0000024ad42feb00 JavaThread "WorkspaceEventsHandler" [_thread_blocked, id=21936, stack(0x000000ce3e800000,0x000000ce3e900000)]
  0x0000024ad4300450 JavaThread "pool-1-thread-1" [_thread_in_native, id=14264, stack(0x000000ce3e900000,0x000000ce3ea00000)]
  0x0000024ad42ff010 JavaThread "Worker-2" [_thread_blocked, id=21996, stack(0x000000ce3ea00000,0x000000ce3eb00000)]
  0x0000024ad42fff40 JavaThread "ForkJoinPool.commonPool-worker-1" daemon [_thread_blocked, id=8732, stack(0x000000ce3eb00000,0x000000ce3ec00000)]
  0x0000024ad4300960 JavaThread "ForkJoinPool.commonPool-worker-2" daemon [_thread_blocked, id=7072, stack(0x000000ce3ec00000,0x000000ce3ed00000)]
  0x0000024ad4061f90 JavaThread "ForkJoinPool.commonPool-worker-3" daemon [_thread_blocked, id=13280, stack(0x000000ce3ed00000,0x000000ce3ee00000)]

Other Threads:
  0x0000024acebe8d70 VMThread "VM Thread" [stack: 0x000000ce3cf00000,0x000000ce3d000000] [id=6524]
  0x0000024ad4088500 WatcherThread [stack: 0x000000ce3db00000,0x000000ce3dc00000] [id=6804]
  0x0000024abadd4460 GCTaskThread "GC Thread#0" [stack: 0x000000ce3ce00000,0x000000ce3cf00000] [id=6836]
  0x0000024ad44a10d0 GCTaskThread "GC Thread#1" [stack: 0x000000ce3dc00000,0x000000ce3dd00000] [id=13816]
  0x0000024ad446a740 GCTaskThread "GC Thread#2" [stack: 0x000000ce3dd00000,0x000000ce3de00000] [id=17964]
  0x0000024ad446aa00 GCTaskThread "GC Thread#3" [stack: 0x000000ce3de00000,0x000000ce3df00000] [id=17960]

Threads with active compile tasks:
C2 CompilerThread0    94999 6760       4       org.eclipse.jdt.internal.compiler.parser.Parser::consumeRule (7964 bytes)

VM state: not at safepoint (normal execution)

VM Mutex/Monitor currently owned by a thread: None

Heap address: 0x00000000c0000000, size: 1024 MB, Compressed Oops mode: 32-bit

CDS archive(s) not mapped
Compressed class space mapped at: 0x0000000100000000-0x0000000140000000, reserved size: 1073741824
Narrow klass base: 0x0000000000000000, Narrow klass shift: 3, Narrow klass range: 0x140000000

GC Precious Log:
 CPUs: 4 total, 4 available
 Memory: 3919M
 Large Page Support: Disabled
 NUMA Support: Disabled
 Compressed Oops: Enabled (32-bit)
 Alignments: Space 512K, Generation 512K, Heap 2M
 Heap Min Capacity: 100M
 Heap Initial Capacity: 100M
 Heap Max Capacity: 1G
 Pre-touch: Disabled
 Parallel Workers: 4

Heap:
 PSYoungGen      total 22016K, used 2962K [0x00000000eab00000, 0x00000000ec280000, 0x0000000100000000)
  eden space 20992K, 11% used [0x00000000eab00000,0x00000000ead5c8a8,0x00000000ebf80000)
  from space 1024K, 53% used [0x00000000ec080000,0x00000000ec108020,0x00000000ec180000)
  to   space 1024K, 0% used [0x00000000ec180000,0x00000000ec180000,0x00000000ec280000)
 ParOldGen       total 68608K, used 35569K [0x00000000c0000000, 0x00000000c4300000, 0x00000000eab00000)
  object space 68608K, 51% used [0x00000000c0000000,0x00000000c22bc5d8,0x00000000c4300000)
 Metaspace       used 50820K, committed 51584K, reserved 1114112K
  class space    used 5037K, committed 5440K, reserved 1048576K

Card table byte_map: [0x0000024aba750000,0x0000024aba960000] _byte_map_base: 0x0000024aba150000

Marking Bits: (ParMarkBitMap*) 0x00007ff97444d7d0
 Begin Bits: [0x0000024acca50000, 0x0000024acda50000)
 End Bits:   [0x0000024acda50000, 0x0000024acea50000)

Polling page: 0x0000024ab8f20000

Metaspace:

Usage:
  Non-class:     44.71 MB used.
      Class:      4.92 MB used.
       Both:     49.63 MB used.

Virtual space:
  Non-class space:       64.00 MB reserved,      45.06 MB ( 70%) committed,  1 nodes.
      Class space:        1.00 GB reserved,       5.31 MB ( <1%) committed,  1 nodes.
             Both:        1.06 GB reserved,      50.38 MB (  5%) committed. 

Chunk freelists:
   Non-Class:  2.62 MB
       Class:  10.68 MB
        Both:  13.31 MB

MaxMetaspaceSize: unlimited
CompressedClassSpaceSize: 1.00 GB
Initial GC threshold: 21.00 MB
Current GC threshold: 58.38 MB
CDS: off
MetaspaceReclaimPolicy: balanced
 - commit_granule_bytes: 65536.
 - commit_granule_words: 8192.
 - virtual_space_node_default_size: 8388608.
 - enlarge_chunks_in_place: 1.
 - new_chunks_are_fully_committed: 0.
 - uncommit_free_chunks: 1.
 - use_allocation_guard: 0.
 - handle_deallocations: 1.


Internal statistics:

num_allocs_failed_limit: 6.
num_arena_births: 472.
num_arena_deaths: 14.
num_vsnodes_births: 2.
num_vsnodes_deaths: 0.
num_space_committed: 806.
num_space_uncommitted: 0.
num_chunks_returned_to_freelist: 20.
num_chunks_taken_from_freelist: 2291.
num_chunk_merges: 8.
num_chunk_splits: 1445.
num_chunks_enlarged: 903.
num_inconsistent_stats: 0.

CodeHeap 'non-profiled nmethods': size=120000Kb used=3575Kb max_used=3575Kb free=116424Kb
 bounds [0x0000024ac5520000, 0x0000024ac58a0000, 0x0000024acca50000]
CodeHeap 'profiled nmethods': size=120000Kb used=13394Kb max_used=13394Kb free=106605Kb
 bounds [0x0000024abda50000, 0x0000024abe770000, 0x0000024ac4f80000]
CodeHeap 'non-nmethods': size=5760Kb used=1331Kb max_used=1425Kb free=4428Kb
 bounds [0x0000024ac4f80000, 0x0000024ac51f0000, 0x0000024ac5520000]
 total_blobs=6679 nmethods=6010 adapters=582
 compilation: enabled
              stopped_count=0, restarted_count=0
 full_count=0

Compilation events (20 events):
Event: 94.720 Thread 0x0000024acec4c650 6773       3       org.eclipse.jdt.internal.compiler.ast.MethodDeclaration::traverse (269 bytes)
Event: 94.727 Thread 0x0000024acec4c650 nmethod 6773 0x0000024abe75b290 code [0x0000024abe75b520, 0x0000024abe75c4f8]
Event: 94.727 Thread 0x0000024acec4c650 6769       3       lombok.eclipse.handlers.EclipseHandlerUtil::createFieldAccessor (298 bytes)
Event: 94.733 Thread 0x0000024acec4c650 nmethod 6769 0x0000024abe75cb10 code [0x0000024abe75cf40, 0x0000024abe75f0e8]
Event: 94.733 Thread 0x0000024acec4c650 6775       3       org.eclipse.jdt.internal.compiler.lookup.BinaryTypeBinding::getMethods (237 bytes)
Event: 94.735 Thread 0x0000024acec4c650 nmethod 6775 0x0000024abe75fe10 code [0x0000024abe760060, 0x0000024abe760c38]
Event: 94.735 Thread 0x0000024acec4c650 6777       3       org.eclipse.jdt.internal.compiler.lookup.BinaryTypeBinding::typeVariables (81 bytes)
Event: 94.736 Thread 0x0000024acec4c650 nmethod 6777 0x0000024abe761010 code [0x0000024abe761200, 0x0000024abe761738]
Event: 94.736 Thread 0x0000024acec4c650 6778       3       org.eclipse.jdt.internal.compiler.lookup.PackageBinding::isViewedAsDeprecated (89 bytes)
Event: 94.737 Thread 0x0000024acec4c650 nmethod 6778 0x0000024abe761910 code [0x0000024abe761ae0, 0x0000024abe761f18]
Event: 94.737 Thread 0x0000024acec4c650 6776       3       org.eclipse.jdt.internal.compiler.lookup.LocalVariableBinding::<init> (15 bytes)
Event: 94.738 Thread 0x0000024acec4c650 nmethod 6776 0x0000024abe762010 code [0x0000024abe7621a0, 0x0000024abe762308]
Event: 94.738 Thread 0x0000024acec4c650 6770       3       lombok.eclipse.handlers.EclipseHandlerUtil::lookForGetter (100 bytes)
Event: 94.739 Thread 0x0000024acec4c650 nmethod 6770 0x0000024abe762410 code [0x0000024abe7626c0, 0x0000024abe7635b8]
Event: 94.740 Thread 0x0000024acec4c650 6771       3       lombok.eclipse.handlers.EclipseHandlerUtil::shouldMakeFinal (27 bytes)
Event: 94.740 Thread 0x0000024acec4c650 nmethod 6771 0x0000024abe763a90 code [0x0000024abe763c40, 0x0000024abe763f88]
Event: 94.740 Thread 0x0000024acec4c650 6772       3       lombok.core.handlers.HandlerUtil::shouldMakeFinal0 (42 bytes)
Event: 94.740 Thread 0x0000024acec4c650 nmethod 6772 0x0000024abe764090 code [0x0000024abe7642a0, 0x0000024abe764948]
Event: 94.817 Thread 0x0000024acec32a90 nmethod 6755 0x0000024ac5898690 code [0x0000024ac5898a60, 0x0000024ac589b568]
Event: 94.817 Thread 0x0000024acec32a90 6760       4       org.eclipse.jdt.internal.compiler.parser.Parser::consumeRule (7964 bytes)

GC Heap History (20 events):
Event: 33.084 GC heap before
{Heap before GC invocations=18 (full 2):
 PSYoungGen      total 24576K, used 24219K [0x00000000eab00000, 0x00000000ec580000, 0x0000000100000000)
  eden space 22016K, 100% used [0x00000000eab00000,0x00000000ec080000,0x00000000ec080000)
  from space 2560K, 86% used [0x00000000ec080000,0x00000000ec2a6cf8,0x00000000ec300000)
  to   space 2560K, 0% used [0x00000000ec300000,0x00000000ec300000,0x00000000ec580000)
 ParOldGen       total 68608K, used 24125K [0x00000000c0000000, 0x00000000c4300000, 0x00000000eab00000)
  object space 68608K, 35% used [0x00000000c0000000,0x00000000c178f700,0x00000000c4300000)
 Metaspace       used 40639K, committed 41344K, reserved 1114112K
  class space    used 4143K, committed 4416K, reserved 1048576K
}
Event: 33.091 GC heap after
{Heap after GC invocations=18 (full 2):
 PSYoungGen      total 23040K, used 768K [0x00000000eab00000, 0x00000000ec400000, 0x0000000100000000)
  eden space 22016K, 0% used [0x00000000eab00000,0x00000000eab00000,0x00000000ec080000)
  from space 1024K, 75% used [0x00000000ec300000,0x00000000ec3c0080,0x00000000ec400000)
  to   space 1536K, 0% used [0x00000000ec100000,0x00000000ec100000,0x00000000ec280000)
 ParOldGen       total 68608K, used 26200K [0x00000000c0000000, 0x00000000c4300000, 0x00000000eab00000)
  object space 68608K, 38% used [0x00000000c0000000,0x00000000c19963a0,0x00000000c4300000)
 Metaspace       used 40639K, committed 41344K, reserved 1114112K
  class space    used 4143K, committed 4416K, reserved 1048576K
}
Event: 35.463 GC heap before
{Heap before GC invocations=19 (full 2):
 PSYoungGen      total 23040K, used 22784K [0x00000000eab00000, 0x00000000ec400000, 0x0000000100000000)
  eden space 22016K, 100% used [0x00000000eab00000,0x00000000ec080000,0x00000000ec080000)
  from space 1024K, 75% used [0x00000000ec300000,0x00000000ec3c0080,0x00000000ec400000)
  to   space 1536K, 0% used [0x00000000ec100000,0x00000000ec100000,0x00000000ec280000)
 ParOldGen       total 68608K, used 26200K [0x00000000c0000000, 0x00000000c4300000, 0x00000000eab00000)
  object space 68608K, 38% used [0x00000000c0000000,0x00000000c19963a0,0x00000000c4300000)
 Metaspace       used 42511K, committed 43200K, reserved 1114112K
  class space    used 4315K, committed 4608K, reserved 1048576K
}
Event: 35.465 GC heap after
{Heap after GC invocations=19 (full 2):
 PSYoungGen      total 23552K, used 384K [0x00000000eab00000, 0x00000000ec380000, 0x0000000100000000)
  eden space 22016K, 0% used [0x00000000eab00000,0x00000000eab00000,0x00000000ec080000)
  from space 1536K, 25% used [0x00000000ec100000,0x00000000ec160000,0x00000000ec280000)
  to   space 1024K, 0% used [0x00000000ec280000,0x00000000ec280000,0x00000000ec380000)
 ParOldGen       total 68608K, used 26881K [0x00000000c0000000, 0x00000000c4300000, 0x00000000eab00000)
  object space 68608K, 39% used [0x00000000c0000000,0x00000000c1a406e0,0x00000000c4300000)
 Metaspace       used 42511K, committed 43200K, reserved 1114112K
  class space    used 4315K, committed 4608K, reserved 1048576K
}
Event: 35.726 GC heap before
{Heap before GC invocations=20 (full 2):
 PSYoungGen      total 23552K, used 22337K [0x00000000eab00000, 0x00000000ec380000, 0x0000000100000000)
  eden space 22016K, 99% used [0x00000000eab00000,0x00000000ec0705b8,0x00000000ec080000)
  from space 1536K, 25% used [0x00000000ec100000,0x00000000ec160000,0x00000000ec280000)
  to   space 1024K, 0% used [0x00000000ec280000,0x00000000ec280000,0x00000000ec380000)
 ParOldGen       total 68608K, used 26881K [0x00000000c0000000, 0x00000000c4300000, 0x00000000eab00000)
  object space 68608K, 39% used [0x00000000c0000000,0x00000000c1a406e0,0x00000000c4300000)
 Metaspace       used 43090K, committed 43904K, reserved 1114112K
  class space    used 4363K, committed 4736K, reserved 1048576K
}
Event: 35.729 GC heap after
{Heap after GC invocations=20 (full 2):
 PSYoungGen      total 22528K, used 996K [0x00000000eab00000, 0x00000000ec580000, 0x0000000100000000)
  eden space 21504K, 0% used [0x00000000eab00000,0x00000000eab00000,0x00000000ec000000)
  from space 1024K, 97% used [0x00000000ec280000,0x00000000ec379148,0x00000000ec380000)
  to   space 2560K, 0% used [0x00000000ec000000,0x00000000ec000000,0x00000000ec280000)
 ParOldGen       total 68608K, used 27737K [0x00000000c0000000, 0x00000000c4300000, 0x00000000eab00000)
  object space 68608K, 40% used [0x00000000c0000000,0x00000000c1b167d0,0x00000000c4300000)
 Metaspace       used 43090K, committed 43904K, reserved 1114112K
  class space    used 4363K, committed 4736K, reserved 1048576K
}
Event: 35.997 GC heap before
{Heap before GC invocations=21 (full 2):
 PSYoungGen      total 22528K, used 22500K [0x00000000eab00000, 0x00000000ec580000, 0x0000000100000000)
  eden space 21504K, 100% used [0x00000000eab00000,0x00000000ec000000,0x00000000ec000000)
  from space 1024K, 97% used [0x00000000ec280000,0x00000000ec379148,0x00000000ec380000)
  to   space 2560K, 0% used [0x00000000ec000000,0x00000000ec000000,0x00000000ec280000)
 ParOldGen       total 68608K, used 27737K [0x00000000c0000000, 0x00000000c4300000, 0x00000000eab00000)
  object space 68608K, 40% used [0x00000000c0000000,0x00000000c1b167d0,0x00000000c4300000)
 Metaspace       used 43869K, committed 44672K, reserved 1114112K
  class space    used 4439K, committed 4800K, reserved 1048576K
}
Event: 35.999 GC heap after
{Heap after GC invocations=21 (full 2):
 PSYoungGen      total 22016K, used 416K [0x00000000eab00000, 0x00000000ec300000, 0x0000000100000000)
  eden space 21504K, 0% used [0x00000000eab00000,0x00000000eab00000,0x00000000ec000000)
  from space 512K, 81% used [0x00000000ec000000,0x00000000ec068210,0x00000000ec080000)
  to   space 1024K, 0% used [0x00000000ec200000,0x00000000ec200000,0x00000000ec300000)
 ParOldGen       total 68608K, used 28375K [0x00000000c0000000, 0x00000000c4300000, 0x00000000eab00000)
  object space 68608K, 41% used [0x00000000c0000000,0x00000000c1bb5e48,0x00000000c4300000)
 Metaspace       used 43869K, committed 44672K, reserved 1114112K
  class space    used 4439K, committed 4800K, reserved 1048576K
}
Event: 37.992 GC heap before
{Heap before GC invocations=22 (full 2):
 PSYoungGen      total 22016K, used 21920K [0x00000000eab00000, 0x00000000ec300000, 0x0000000100000000)
  eden space 21504K, 100% used [0x00000000eab00000,0x00000000ec000000,0x00000000ec000000)
  from space 512K, 81% used [0x00000000ec000000,0x00000000ec068210,0x00000000ec080000)
  to   space 1024K, 0% used [0x00000000ec200000,0x00000000ec200000,0x00000000ec300000)
 ParOldGen       total 68608K, used 28375K [0x00000000c0000000, 0x00000000c4300000, 0x00000000eab00000)
  object space 68608K, 41% used [0x00000000c0000000,0x00000000c1bb5e48,0x00000000c4300000)
 Metaspace       used 46171K, committed 46912K, reserved 1114112K
  class space    used 4674K, committed 4992K, reserved 1048576K
}
Event: 37.997 GC heap after
{Heap after GC invocations=22 (full 2):
 PSYoungGen      total 22016K, used 992K [0x00000000eab00000, 0x00000000ec500000, 0x0000000100000000)
  eden space 20992K, 0% used [0x00000000eab00000,0x00000000eab00000,0x00000000ebf80000)
  from space 1024K, 96% used [0x00000000ec200000,0x00000000ec2f8060,0x00000000ec300000)
  to   space 2560K, 0% used [0x00000000ebf80000,0x00000000ebf80000,0x00000000ec200000)
 ParOldGen       total 68608K, used 29357K [0x00000000c0000000, 0x00000000c4300000, 0x00000000eab00000)
  object space 68608K, 42% used [0x00000000c0000000,0x00000000c1cab7c0,0x00000000c4300000)
 Metaspace       used 46171K, committed 46912K, reserved 1114112K
  class space    used 4674K, committed 4992K, reserved 1048576K
}
Event: 38.832 GC heap before
{Heap before GC invocations=23 (full 2):
 PSYoungGen      total 22016K, used 21984K [0x00000000eab00000, 0x00000000ec500000, 0x0000000100000000)
  eden space 20992K, 100% used [0x00000000eab00000,0x00000000ebf80000,0x00000000ebf80000)
  from space 1024K, 96% used [0x00000000ec200000,0x00000000ec2f8060,0x00000000ec300000)
  to   space 2560K, 0% used [0x00000000ebf80000,0x00000000ebf80000,0x00000000ec200000)
 ParOldGen       total 68608K, used 29357K [0x00000000c0000000, 0x00000000c4300000, 0x00000000eab00000)
  object space 68608K, 42% used [0x00000000c0000000,0x00000000c1cab7c0,0x00000000c4300000)
 Metaspace       used 47626K, committed 48384K, reserved 1114112K
  class space    used 4816K, committed 5184K, reserved 1048576K
}
Event: 38.837 GC heap after
{Heap after GC invocations=23 (full 2):
 PSYoungGen      total 23552K, used 2283K [0x00000000eab00000, 0x00000000ec480000, 0x0000000100000000)
  eden space 20992K, 0% used [0x00000000eab00000,0x00000000eab00000,0x00000000ebf80000)
  from space 2560K, 89% used [0x00000000ebf80000,0x00000000ec1bacc8,0x00000000ec200000)
  to   space 2560K, 0% used [0x00000000ec200000,0x00000000ec200000,0x00000000ec480000)
 ParOldGen       total 68608K, used 30335K [0x00000000c0000000, 0x00000000c4300000, 0x00000000eab00000)
  object space 68608K, 44% used [0x00000000c0000000,0x00000000c1d9fe78,0x00000000c4300000)
 Metaspace       used 47626K, committed 48384K, reserved 1114112K
  class space    used 4816K, committed 5184K, reserved 1048576K
}
Event: 39.847 GC heap before
{Heap before GC invocations=24 (full 2):
 PSYoungGen      total 23552K, used 23275K [0x00000000eab00000, 0x00000000ec480000, 0x0000000100000000)
  eden space 20992K, 100% used [0x00000000eab00000,0x00000000ebf80000,0x00000000ebf80000)
  from space 2560K, 89% used [0x00000000ebf80000,0x00000000ec1bacc8,0x00000000ec200000)
  to   space 2560K, 0% used [0x00000000ec200000,0x00000000ec200000,0x00000000ec480000)
 ParOldGen       total 68608K, used 30335K [0x00000000c0000000, 0x00000000c4300000, 0x00000000eab00000)
  object space 68608K, 44% used [0x00000000c0000000,0x00000000c1d9fe78,0x00000000c4300000)
 Metaspace       used 48367K, committed 49216K, reserved 1114112K
  class space    used 4864K, committed 5248K, reserved 1048576K
}
Event: 39.852 GC heap after
{Heap after GC invocations=24 (full 2):
 PSYoungGen      total 23040K, used 1831K [0x00000000eab00000, 0x00000000ec400000, 0x0000000100000000)
  eden space 20992K, 0% used [0x00000000eab00000,0x00000000eab00000,0x00000000ebf80000)
  from space 2048K, 89% used [0x00000000ec200000,0x00000000ec3c9ea8,0x00000000ec400000)
  to   space 2048K, 0% used [0x00000000ec000000,0x00000000ec000000,0x00000000ec200000)
 ParOldGen       total 68608K, used 32327K [0x00000000c0000000, 0x00000000c4300000, 0x00000000eab00000)
  object space 68608K, 47% used [0x00000000c0000000,0x00000000c1f91d70,0x00000000c4300000)
 Metaspace       used 48367K, committed 49216K, reserved 1114112K
  class space    used 4864K, committed 5248K, reserved 1048576K
}
Event: 41.150 GC heap before
{Heap before GC invocations=25 (full 2):
 PSYoungGen      total 23040K, used 22823K [0x00000000eab00000, 0x00000000ec400000, 0x0000000100000000)
  eden space 20992K, 100% used [0x00000000eab00000,0x00000000ebf80000,0x00000000ebf80000)
  from space 2048K, 89% used [0x00000000ec200000,0x00000000ec3c9ea8,0x00000000ec400000)
  to   space 2048K, 0% used [0x00000000ec000000,0x00000000ec000000,0x00000000ec200000)
 ParOldGen       total 68608K, used 32327K [0x00000000c0000000, 0x00000000c4300000, 0x00000000eab00000)
  object space 68608K, 47% used [0x00000000c0000000,0x00000000c1f91d70,0x00000000c4300000)
 Metaspace       used 49585K, committed 50368K, reserved 1114112K
  class space    used 4943K, committed 5312K, reserved 1048576K
}
Event: 41.157 GC heap after
{Heap after GC invocations=25 (full 2):
 PSYoungGen      total 23040K, used 1799K [0x00000000eab00000, 0x00000000ec380000, 0x0000000100000000)
  eden space 20992K, 0% used [0x00000000eab00000,0x00000000eab00000,0x00000000ebf80000)
  from space 2048K, 87% used [0x00000000ec000000,0x00000000ec1c1f38,0x00000000ec200000)
  to   space 1536K, 0% used [0x00000000ec200000,0x00000000ec200000,0x00000000ec380000)
 ParOldGen       total 68608K, used 34060K [0x00000000c0000000, 0x00000000c4300000, 0x00000000eab00000)
  object space 68608K, 49% used [0x00000000c0000000,0x00000000c21431c8,0x00000000c4300000)
 Metaspace       used 49585K, committed 50368K, reserved 1114112K
  class space    used 4943K, committed 5312K, reserved 1048576K
}
Event: 48.385 GC heap before
{Heap before GC invocations=26 (full 2):
 PSYoungGen      total 23040K, used 22776K [0x00000000eab00000, 0x00000000ec380000, 0x0000000100000000)
  eden space 20992K, 99% used [0x00000000eab00000,0x00000000ebf7c0f8,0x00000000ebf80000)
  from space 2048K, 87% used [0x00000000ec000000,0x00000000ec1c1f38,0x00000000ec200000)
  to   space 1536K, 0% used [0x00000000ec200000,0x00000000ec200000,0x00000000ec380000)
 ParOldGen       total 68608K, used 34060K [0x00000000c0000000, 0x00000000c4300000, 0x00000000eab00000)
  object space 68608K, 49% used [0x00000000c0000000,0x00000000c21431c8,0x00000000c4300000)
 Metaspace       used 50480K, committed 51264K, reserved 1114112K
  class space    used 5016K, committed 5376K, reserved 1048576K
}
Event: 48.393 GC heap after
{Heap after GC invocations=26 (full 2):
 PSYoungGen      total 21504K, used 320K [0x00000000eab00000, 0x00000000ec280000, 0x0000000100000000)
  eden space 20992K, 0% used [0x00000000eab00000,0x00000000eab00000,0x00000000ebf80000)
  from space 512K, 62% used [0x00000000ec200000,0x00000000ec250020,0x00000000ec280000)
  to   space 1024K, 0% used [0x00000000ec080000,0x00000000ec080000,0x00000000ec180000)
 ParOldGen       total 68608K, used 35409K [0x00000000c0000000, 0x00000000c4300000, 0x00000000eab00000)
  object space 68608K, 51% used [0x00000000c0000000,0x00000000c22945d8,0x00000000c4300000)
 Metaspace       used 50480K, committed 51264K, reserved 1114112K
  class space    used 5016K, committed 5376K, reserved 1048576K
}
Event: 94.632 GC heap before
{Heap before GC invocations=27 (full 2):
 PSYoungGen      total 21504K, used 21312K [0x00000000eab00000, 0x00000000ec280000, 0x0000000100000000)
  eden space 20992K, 100% used [0x00000000eab00000,0x00000000ebf80000,0x00000000ebf80000)
  from space 512K, 62% used [0x00000000ec200000,0x00000000ec250020,0x00000000ec280000)
  to   space 1024K, 0% used [0x00000000ec080000,0x00000000ec080000,0x00000000ec180000)
 ParOldGen       total 68608K, used 35409K [0x00000000c0000000, 0x00000000c4300000, 0x00000000eab00000)
  object space 68608K, 51% used [0x00000000c0000000,0x00000000c22945d8,0x00000000c4300000)
 Metaspace       used 50801K, committed 51584K, reserved 1114112K
  class space    used 5037K, committed 5440K, reserved 1048576K
}
Event: 94.683 GC heap after
{Heap after GC invocations=27 (full 2):
 PSYoungGen      total 22016K, used 544K [0x00000000eab00000, 0x00000000ec280000, 0x0000000100000000)
  eden space 20992K, 0% used [0x00000000eab00000,0x00000000eab00000,0x00000000ebf80000)
  from space 1024K, 53% used [0x00000000ec080000,0x00000000ec108020,0x00000000ec180000)
  to   space 1024K, 0% used [0x00000000ec180000,0x00000000ec180000,0x00000000ec280000)
 ParOldGen       total 68608K, used 35569K [0x00000000c0000000, 0x00000000c4300000, 0x00000000eab00000)
  object space 68608K, 51% used [0x00000000c0000000,0x00000000c22bc5d8,0x00000000c4300000)
 Metaspace       used 50801K, committed 51584K, reserved 1114112K
  class space    used 5037K, committed 5440K, reserved 1048576K
}

Dll operation events (10 events):
Event: 0.207 Loaded shared library c:\Users\HP\.vscode\extensions\redhat.java-1.28.1-win32-x64\jre\17.0.10-win32-x86_64\bin\java.dll
Event: 1.413 Loaded shared library c:\Users\HP\.vscode\extensions\redhat.java-1.28.1-win32-x64\jre\17.0.10-win32-x86_64\bin\zip.dll
Event: 1.421 Loaded shared library C:\Users\HP\.vscode\extensions\redhat.java-1.28.1-win32-x64\jre\17.0.10-win32-x86_64\bin\instrument.dll
Event: 1.805 Loaded shared library C:\Users\HP\.vscode\extensions\redhat.java-1.28.1-win32-x64\jre\17.0.10-win32-x86_64\bin\net.dll
Event: 1.815 Loaded shared library C:\Users\HP\.vscode\extensions\redhat.java-1.28.1-win32-x64\jre\17.0.10-win32-x86_64\bin\nio.dll
Event: 1.846 Loaded shared library C:\Users\HP\.vscode\extensions\redhat.java-1.28.1-win32-x64\jre\17.0.10-win32-x86_64\bin\zip.dll
Event: 1.970 Loaded shared library C:\Users\HP\.vscode\extensions\redhat.java-1.28.1-win32-x64\jre\17.0.10-win32-x86_64\bin\jimage.dll
Event: 2.336 Loaded shared library c:\Users\HP\.vscode\extensions\redhat.java-1.28.1-win32-x64\jre\17.0.10-win32-x86_64\bin\verify.dll
Event: 17.746 Loaded shared library C:\Users\HP\AppData\Roaming\Code\User\globalStorage\redhat.java\1.28.1\config_ss_win\org.eclipse.equinox.launcher\org.eclipse.equinox.launcher.win32.win32.x86_64_1.2.900.v20240129-1338\eclipse_11900.dll
Event: 26.919 Loaded shared library C:\Users\HP\AppData\Local\Temp\jna-2312\jna9443172731723453899.dll

Deoptimization events (20 events):
Event: 78.425 Thread 0x0000024ad4300960 DEOPT PACKING pc=0x0000024ac5808bd4 sp=0x000000ce3ecfe420
Event: 78.425 Thread 0x0000024ad4300960 DEOPT UNPACKING pc=0x0000024ac4fd66a3 sp=0x000000ce3ecfe3c8 mode 2
Event: 79.106 Thread 0x0000024ad4300960 DEOPT PACKING pc=0x0000024abe5022bd sp=0x000000ce3ecfd9a0
Event: 79.107 Thread 0x0000024ad4300960 DEOPT UNPACKING pc=0x0000024ac4fd6e43 sp=0x000000ce3ecfcdb0 mode 0
Event: 79.357 Thread 0x0000024ad4300960 Uncommon trap: trap_request=0xffffff45 fr.pc=0x0000024ac56311a0 relative=0x00000000000000a0
Event: 79.357 Thread 0x0000024ad4300960 Uncommon trap: reason=unstable_if action=reinterpret pc=0x0000024ac56311a0 method=org.eclipse.jdt.internal.compiler.ast.TypeDeclaration.kind(I)I @ 5 c2
Event: 79.357 Thread 0x0000024ad4300960 DEOPT PACKING pc=0x0000024ac56311a0 sp=0x000000ce3ecfdbc0
Event: 79.357 Thread 0x0000024ad4300960 DEOPT UNPACKING pc=0x0000024ac4fd66a3 sp=0x000000ce3ecfdb50 mode 2
Event: 79.442 Thread 0x0000024ad4300960 Uncommon trap: trap_request=0xffffff45 fr.pc=0x0000024ac583a78c relative=0x0000000000004fcc
Event: 79.442 Thread 0x0000024ad4300960 Uncommon trap: reason=unstable_if action=reinterpret pc=0x0000024ac583a78c method=org.eclipse.jdt.internal.compiler.classfmt.ClassFileReader.<init>([B[CZ)V @ 914 c2
Event: 79.442 Thread 0x0000024ad4300960 DEOPT PACKING pc=0x0000024ac583a78c sp=0x000000ce3ecfdc50
Event: 79.442 Thread 0x0000024ad4300960 DEOPT UNPACKING pc=0x0000024ac4fd66a3 sp=0x000000ce3ecfdc00 mode 2
Event: 94.478 Thread 0x0000024ad4300960 DEOPT PACKING pc=0x0000024abdb0fe48 sp=0x000000ce3ecfcb30
Event: 94.478 Thread 0x0000024ad4300960 DEOPT UNPACKING pc=0x0000024ac4fd6e43 sp=0x000000ce3ecfc020 mode 0
Event: 94.499 Thread 0x0000024ad4300960 DEOPT PACKING pc=0x0000024abdb0fe48 sp=0x000000ce3ecfd500
Event: 94.499 Thread 0x0000024ad4300960 DEOPT UNPACKING pc=0x0000024ac4fd6e43 sp=0x000000ce3ecfc9f0 mode 0
Event: 94.627 Thread 0x0000024ad4300960 DEOPT PACKING pc=0x0000024abe733705 sp=0x000000ce3ecfe2b0
Event: 94.627 Thread 0x0000024ad4300960 DEOPT UNPACKING pc=0x0000024ac4fd6e43 sp=0x000000ce3ecfd7d8 mode 0
Event: 94.732 Thread 0x0000024ad4300960 DEOPT PACKING pc=0x0000024abdb0fe48 sp=0x000000ce3ecfd1f0
Event: 94.732 Thread 0x0000024ad4300960 DEOPT UNPACKING pc=0x0000024ac4fd6e43 sp=0x000000ce3ecfc6e0 mode 0

Classes unloaded (7 events):
Event: 20.617 Thread 0x0000024acebe8d70 Unloading class 0x000000010021a400 'java/lang/invoke/LambdaForm$MH+0x000000010021a400'
Event: 20.617 Thread 0x0000024acebe8d70 Unloading class 0x000000010021a000 'java/lang/invoke/LambdaForm$MH+0x000000010021a000'
Event: 20.617 Thread 0x0000024acebe8d70 Unloading class 0x0000000100219c00 'java/lang/invoke/LambdaForm$MH+0x0000000100219c00'
Event: 20.617 Thread 0x0000024acebe8d70 Unloading class 0x0000000100219800 'java/lang/invoke/LambdaForm$MH+0x0000000100219800'
Event: 20.617 Thread 0x0000024acebe8d70 Unloading class 0x0000000100219400 'java/lang/invoke/LambdaForm$BMH+0x0000000100219400'
Event: 20.618 Thread 0x0000024acebe8d70 Unloading class 0x0000000100219000 'java/lang/invoke/LambdaForm$DMH+0x0000000100219000'
Event: 20.618 Thread 0x0000024acebe8d70 Unloading class 0x0000000100214400 'java/lang/invoke/LambdaForm$DMH+0x0000000100214400'

Classes redefined (0 events):
No events

Internal exceptions (20 events):
Event: 33.866 Thread 0x0000024ad4300960 Implicit null exception at 0x0000024ac56f1150 to 0x0000024ac56f1e48
Event: 37.482 Thread 0x0000024ad4300450 Exception <a 'java/lang/ClassNotFoundException'{0x00000000eb4aebd0}: sun/util/logging/resources/spi/loggingProvider> (0x00000000eb4aebd0) 
thrown [s\src\hotspot\share\classfile\systemDictionary.cpp, line 256]
Event: 37.580 Thread 0x0000024ad4061f90 Exception <a 'java/lang/ArrayIndexOutOfBoundsException'{0x00000000eb6068e8}> (0x00000000eb6068e8) 
thrown [s\src\hotspot\share\runtime\sharedRuntime.cpp, line 631]
Event: 37.580 Thread 0x0000024ad42fff40 Exception <a 'java/lang/ArrayIndexOutOfBoundsException'{0x00000000eb633040}> (0x00000000eb633040) 
thrown [s\src\hotspot\share\runtime\sharedRuntime.cpp, line 631]
Event: 37.745 Thread 0x0000024ad4061f90 Exception <a 'java/lang/NoSuchMethodError'{0x00000000eb96d5a0}: 'int java.lang.invoke.DirectMethodHandle$Holder.invokeInterface(java.lang.Object, java.lang.Object)'> (0x00000000eb96d5a0) 
thrown [s\src\hotspot\share\interpreter\linkResolver.cpp, line 759]
Event: 37.746 Thread 0x0000024ad4061f90 Exception <a 'java/lang/IncompatibleClassChangeError'{0x00000000eb970b30}: Found class java.lang.Object, but interface was expected> (0x00000000eb970b30) 
thrown [s\src\hotspot\share\interpreter\linkResolver.cpp, line 826]
Event: 37.948 Thread 0x0000024ad42ff010 Exception <a 'java/lang/NoSuchMethodError'{0x00000000ebf048b0}: 'int java.lang.invoke.DirectMethodHandle$Holder.invokeStatic(java.lang.Object, java.lang.Object, java.lang.Object, int)'> (0x00000000ebf048b0) 
thrown [s\src\hotspot\share\interpreter\linkResolver.cpp, line 759]
Event: 37.978 Thread 0x0000024ad4300960 Exception <a 'java/lang/NoSuchMethodError'{0x00000000ebff3fe8}: 'int java.lang.invoke.DirectMethodHandle$Holder.invokeVirtual(java.lang.Object, java.lang.Object, java.lang.Object)'> (0x00000000ebff3fe8) 
thrown [s\src\hotspot\share\interpreter\linkResolver.cpp, line 759]
Event: 38.011 Thread 0x0000024ad42ff010 Exception <a 'java/lang/NoSuchMethodError'{0x00000000eab93070}: 'int java.lang.invoke.DirectMethodHandle$Holder.invokeSpecialIFC(java.lang.Object, java.lang.Object, java.lang.Object)'> (0x00000000eab93070) 
thrown [s\src\hotspot\share\interpreter\linkResolver.cpp, line 759]
Event: 38.011 Thread 0x0000024ad4300960 Exception <a 'java/lang/NoSuchMethodError'{0x00000000eab64be0}: 'int java.lang.invoke.DirectMethodHandle$Holder.invokeSpecialIFC(java.lang.Object, java.lang.Object, java.lang.Object)'> (0x00000000eab64be0) 
thrown [s\src\hotspot\share\interpreter\linkResolver.cpp, line 759]
Event: 38.111 Thread 0x0000024ad4300960 Exception <a 'java/io/FileNotFoundException'{0x00000000eae67d00}> (0x00000000eae67d00) 
thrown [s\src\hotspot\share\prims\jni.cpp, line 516]
Event: 38.112 Thread 0x0000024ad4061f90 Exception <a 'java/io/FileNotFoundException'{0x00000000eae7a018}> (0x00000000eae7a018) 
thrown [s\src\hotspot\share\prims\jni.cpp, line 516]
Event: 38.151 Thread 0x0000024ad42ff010 Exception <a 'java/lang/LinkageError'{0x00000000eaf23418}: loader lombok.launch.ShadowClassLoader @645c7e3 attempted duplicate class definition for lombok.launch.PatchFixesHider$Delegate. (lombok.launch.PatchFixesHider$Delegate is in unnamed module of loader lombok.launch.ShadowClassLoader @645c7e3, parent loader org.eclipse.osgi.internal.loader.EquinoxClassLoader @603ab606)> (0x00000000eaf23418) 
thrown [s\src\hotspot\share\classfile\systemDictionary.cpp, line 1724]
Event: 38.160 Thread 0x0000024ad4300960 Exception <a 'java/lang/LinkageError'{0x00000000eaeaaf20}: loader lombok.launch.ShadowClassLoader @645c7e3 attempted duplicate class definition for lombok.launch.PatchFixesHider$Delegate. (lombok.launch.PatchFixesHider$Delegate is in unnamed module of loader lombok.launch.ShadowClassLoader @645c7e3, parent loader org.eclipse.osgi.internal.loader.EquinoxClassLoader @603ab606)> (0x00000000eaeaaf20) 
thrown [s\src\hotspot\share\classfile\systemDictionary.cpp, line 1724]
Event: 38.449 Thread 0x0000024ad42ff010 Exception <a 'java/io/FileNotFoundException'{0x00000000eb560790}> (0x00000000eb560790) 
thrown [s\src\hotspot\share\prims\jni.cpp, line 516]
Event: 38.449 Thread 0x0000024ad42ff010 Exception <a 'java/io/FileNotFoundException'{0x00000000eb561788}> (0x00000000eb561788) 
thrown [s\src\hotspot\share\prims\jni.cpp, line 516]
Event: 38.449 Thread 0x0000024ad42ff010 Exception <a 'java/io/FileNotFoundException'{0x00000000eb5627f0}> (0x00000000eb5627f0) 
thrown [s\src\hotspot\share\prims\jni.cpp, line 516]
Event: 39.479 Thread 0x0000024ad42fff40 Exception <a 'java/lang/LinkageError'{0x00000000ebae5980}: loader lombok.launch.ShadowClassLoader @587c629c attempted duplicate class definition for lombok.launch.PatchFixesHider$PatchFixes. (lombok.launch.PatchFixesHider$PatchFixes is in unnamed module of loader lombok.launch.ShadowClassLoader @587c629c, parent loader org.eclipse.osgi.internal.loader.EquinoxClassLoader @4d480aaf)> (0x00000000ebae5980) 
thrown [s\src\hotspot\share\classfile\systemDictionary.cpp, line 1724]
Event: 42.426 Thread 0x0000024ad4300960 Exception <a 'java/lang/NoSuchMethodError'{0x00000000eb270cc0}: 'java.lang.Object java.lang.invoke.DirectMethodHandle$Holder.invokeStatic(java.lang.Object, int, java.lang.Object)'> (0x00000000eb270cc0) 
thrown [s\src\hotspot\share\interpreter\linkResolver.cpp, line 759]
Event: 48.311 Thread 0x0000024ad4300960 Implicit null exception at 0x0000024ac561340f to 0x0000024ac56134b4

VM Operations (20 events):
Event: 60.470 Executing VM operation: HandshakeAllThreads
Event: 60.470 Executing VM operation: HandshakeAllThreads done
Event: 60.470 Executing VM operation: Cleanup
Event: 60.476 Executing VM operation: Cleanup done
Event: 71.582 Executing VM operation: Cleanup
Event: 71.583 Executing VM operation: Cleanup done
Event: 72.594 Executing VM operation: Cleanup
Event: 73.620 Executing VM operation: Cleanup done
Event: 74.632 Executing VM operation: Cleanup
Event: 74.727 Executing VM operation: Cleanup done
Event: 76.752 Executing VM operation: Cleanup
Event: 76.769 Executing VM operation: Cleanup done
Event: 77.778 Executing VM operation: Cleanup
Event: 77.796 Executing VM operation: Cleanup done
Event: 78.808 Executing VM operation: Cleanup
Event: 78.825 Executing VM operation: Cleanup done
Event: 79.834 Executing VM operation: Cleanup
Event: 79.835 Executing VM operation: Cleanup done
Event: 94.632 Executing VM operation: ParallelGCFailedAllocation
Event: 94.683 Executing VM operation: ParallelGCFailedAllocation done

Events (20 events):
Event: 38.747 Thread 0x0000024ad3e1abd0 flushing nmethod 0x0000024abe451590
Event: 38.747 Thread 0x0000024ad3e1abd0 flushing nmethod 0x0000024abe46e510
Event: 38.747 Thread 0x0000024ad3e1abd0 flushing nmethod 0x0000024abe46e910
Event: 38.747 Thread 0x0000024ad3e1abd0 flushing nmethod 0x0000024abe46ef90
Event: 38.747 Thread 0x0000024ad3e1abd0 flushing nmethod 0x0000024abe46f590
Event: 38.747 Thread 0x0000024ad3e1abd0 flushing nmethod 0x0000024abe46f910
Event: 38.748 Thread 0x0000024ad3e1abd0 flushing nmethod 0x0000024abe4a0390
Event: 38.748 Thread 0x0000024ad3e1abd0 flushing nmethod 0x0000024abe4a4990
Event: 38.748 Thread 0x0000024ad3e1abd0 flushing nmethod 0x0000024abe4e4a90
Event: 38.748 Thread 0x0000024ad3e1abd0 flushing nmethod 0x0000024abe506e10
Event: 38.767 loading class java/util/regex/Pattern$LazyLoop
Event: 38.767 loading class java/util/regex/Pattern$LazyLoop done
Event: 38.787 loading class java/util/regex/Pattern$Pos
Event: 38.787 loading class java/util/regex/Pattern$Pos done
Event: 40.872 loading class java/util/concurrent/ConcurrentHashMap$TreeNode
Event: 40.876 loading class java/util/concurrent/ConcurrentHashMap$TreeNode done
Event: 40.876 loading class java/util/concurrent/ConcurrentHashMap$TreeBin
Event: 40.877 loading class java/util/concurrent/ConcurrentHashMap$TreeBin done
Event: 48.641 Thread 0x0000024ad3e1abd0 flushing nmethod 0x0000024abe3e3990
Event: 48.643 Thread 0x0000024ad3e1abd0 flushing nmethod 0x0000024abe4e7a10


Dynamic libraries:
0x00007ff684890000 - 0x00007ff68489e000 	c:\Users\HP\.vscode\extensions\redhat.java-1.28.1-win32-x64\jre\17.0.10-win32-x86_64\bin\java.exe
0x00007ffa1dd70000 - 0x00007ffa1df87000 	C:\WINDOWS\SYSTEM32\ntdll.dll
0x00007ffa1cf30000 - 0x00007ffa1cff4000 	C:\WINDOWS\System32\KERNEL32.DLL
0x00007ffa1b150000 - 0x00007ffa1b4f6000 	C:\WINDOWS\System32\KERNELBASE.dll
0x00007ffa1b710000 - 0x00007ffa1b821000 	C:\WINDOWS\System32\ucrtbase.dll
0x00007ffa146c0000 - 0x00007ffa146d7000 	c:\Users\HP\.vscode\extensions\redhat.java-1.28.1-win32-x64\jre\17.0.10-win32-x86_64\bin\jli.dll
0x00007ffa1da50000 - 0x00007ffa1dbfe000 	C:\WINDOWS\System32\USER32.dll
0x00007ffa1b860000 - 0x00007ffa1b886000 	C:\WINDOWS\System32\win32u.dll
0x00007ffa1cef0000 - 0x00007ffa1cf19000 	C:\WINDOWS\System32\GDI32.dll
0x00007ffa1b500000 - 0x00007ffa1b618000 	C:\WINDOWS\System32\gdi32full.dll
0x00007ffa1b0b0000 - 0x00007ffa1b14a000 	C:\WINDOWS\System32\msvcp_win.dll
0x00007ffa12900000 - 0x00007ffa1291b000 	c:\Users\HP\.vscode\extensions\redhat.java-1.28.1-win32-x64\jre\17.0.10-win32-x86_64\bin\VCRUNTIME140.dll
0x00007ffa03690000 - 0x00007ffa03923000 	C:\WINDOWS\WinSxS\amd64_microsoft.windows.common-controls_6595b64144ccf1df_6.0.22621.2506_none_270c5ae97388e100\COMCTL32.dll
0x00007ffa1bee0000 - 0x00007ffa1bf87000 	C:\WINDOWS\System32\msvcrt.dll
0x00007ffa1dc00000 - 0x00007ffa1dc31000 	C:\WINDOWS\System32\IMM32.DLL
0x00007ffa17ab0000 - 0x00007ffa17abc000 	c:\Users\HP\.vscode\extensions\redhat.java-1.28.1-win32-x64\jre\17.0.10-win32-x86_64\bin\vcruntime140_1.dll
0x00007ff9cc550000 - 0x00007ff9cc5dd000 	c:\Users\HP\.vscode\extensions\redhat.java-1.28.1-win32-x64\jre\17.0.10-win32-x86_64\bin\msvcp140.dll
0x00007ff9738b0000 - 0x00007ff974512000 	c:\Users\HP\.vscode\extensions\redhat.java-1.28.1-win32-x64\jre\17.0.10-win32-x86_64\bin\server\jvm.dll
0x00007ffa1d300000 - 0x00007ffa1d3b3000 	C:\WINDOWS\System32\ADVAPI32.dll
0x00007ffa1d250000 - 0x00007ffa1d2f8000 	C:\WINDOWS\System32\sechost.dll
0x00007ffa1b830000 - 0x00007ffa1b858000 	C:\WINDOWS\System32\bcrypt.dll
0x00007ffa1c810000 - 0x00007ffa1c927000 	C:\WINDOWS\System32\RPCRT4.dll
0x00007ffa19f00000 - 0x00007ffa19f4d000 	C:\WINDOWS\SYSTEM32\POWRPROF.dll
0x00007ff9fae20000 - 0x00007ff9fae29000 	C:\WINDOWS\SYSTEM32\WSOCK32.dll
0x00007ffa1ca30000 - 0x00007ffa1caa1000 	C:\WINDOWS\System32\WS2_32.dll
0x00007ffa12af0000 - 0x00007ffa12b24000 	C:\WINDOWS\SYSTEM32\WINMM.dll
0x00007ffa118b0000 - 0x00007ffa118ba000 	C:\WINDOWS\SYSTEM32\VERSION.dll
0x00007ffa19ee0000 - 0x00007ffa19ef3000 	C:\WINDOWS\SYSTEM32\UMPDC.dll
0x00007ffa1a140000 - 0x00007ffa1a158000 	C:\WINDOWS\SYSTEM32\kernel.appcore.dll
0x00007ffa17a70000 - 0x00007ffa17a7a000 	c:\Users\HP\.vscode\extensions\redhat.java-1.28.1-win32-x64\jre\17.0.10-win32-x86_64\bin\jimage.dll
0x00007ffa18950000 - 0x00007ffa18b83000 	C:\WINDOWS\SYSTEM32\DBGHELP.DLL
0x00007ffa1bb50000 - 0x00007ffa1bed9000 	C:\WINDOWS\System32\combase.dll
0x00007ffa1dc40000 - 0x00007ffa1dd17000 	C:\WINDOWS\System32\OLEAUT32.dll
0x00007ff9f7c00000 - 0x00007ff9f7c32000 	C:\WINDOWS\SYSTEM32\dbgcore.DLL
0x00007ffa1b620000 - 0x00007ffa1b69a000 	C:\WINDOWS\System32\bcryptPrimitives.dll
0x00007ffa0ca30000 - 0x00007ffa0ca3e000 	c:\Users\HP\.vscode\extensions\redhat.java-1.28.1-win32-x64\jre\17.0.10-win32-x86_64\bin\instrument.dll
0x00007ff9ce0c0000 - 0x00007ff9ce0e5000 	c:\Users\HP\.vscode\extensions\redhat.java-1.28.1-win32-x64\jre\17.0.10-win32-x86_64\bin\java.dll
0x00007ff9cdc50000 - 0x00007ff9cdc68000 	c:\Users\HP\.vscode\extensions\redhat.java-1.28.1-win32-x64\jre\17.0.10-win32-x86_64\bin\zip.dll
0x00007ffa1bfb0000 - 0x00007ffa1c80b000 	C:\WINDOWS\System32\SHELL32.dll
0x00007ffa18fd0000 - 0x00007ffa198c6000 	C:\WINDOWS\SYSTEM32\windows.storage.dll
0x00007ffa18e90000 - 0x00007ffa18fce000 	C:\WINDOWS\SYSTEM32\wintypes.dll
0x00007ffa1d950000 - 0x00007ffa1da43000 	C:\WINDOWS\System32\SHCORE.dll
0x00007ffa1d8f0000 - 0x00007ffa1d94e000 	C:\WINDOWS\System32\shlwapi.dll
0x00007ffa1afe0000 - 0x00007ffa1b006000 	C:\WINDOWS\SYSTEM32\profapi.dll
0x00007ff9cd3e0000 - 0x00007ff9cd3f9000 	C:\Users\HP\.vscode\extensions\redhat.java-1.28.1-win32-x64\jre\17.0.10-win32-x86_64\bin\net.dll
0x00007ffa13810000 - 0x00007ffa13947000 	C:\WINDOWS\SYSTEM32\WINHTTP.dll
0x00007ffa1a620000 - 0x00007ffa1a689000 	C:\WINDOWS\system32\mswsock.dll
0x00007ff9cc530000 - 0x00007ff9cc546000 	C:\Users\HP\.vscode\extensions\redhat.java-1.28.1-win32-x64\jre\17.0.10-win32-x86_64\bin\nio.dll
0x00007ffa0ca20000 - 0x00007ffa0ca30000 	c:\Users\HP\.vscode\extensions\redhat.java-1.28.1-win32-x64\jre\17.0.10-win32-x86_64\bin\verify.dll
0x00007ff9c5f90000 - 0x00007ff9c5fce000 	C:\Users\HP\AppData\Roaming\Code\User\globalStorage\redhat.java\1.28.1\config_ss_win\org.eclipse.equinox.launcher\org.eclipse.equinox.launcher.win32.win32.x86_64_1.2.900.v20240129-1338\eclipse_11900.dll
0x00007ffa1cbe0000 - 0x00007ffa1cd80000 	C:\WINDOWS\System32\ole32.dll
0x00007ffa1a8b0000 - 0x00007ffa1a8cb000 	C:\WINDOWS\SYSTEM32\CRYPTSP.dll
0x00007ffa1a100000 - 0x00007ffa1a135000 	C:\WINDOWS\system32\rsaenh.dll
0x00007ffa1a730000 - 0x00007ffa1a75c000 	C:\WINDOWS\SYSTEM32\USERENV.dll
0x00007ffa1a8d0000 - 0x00007ffa1a8dc000 	C:\WINDOWS\SYSTEM32\CRYPTBASE.dll
0x00007ffa19c30000 - 0x00007ffa19c5d000 	C:\WINDOWS\SYSTEM32\IPHLPAPI.DLL
0x00007ffa1d000000 - 0x00007ffa1d009000 	C:\WINDOWS\System32\NSI.dll
0x00007ffa12e50000 - 0x00007ffa12e69000 	C:\WINDOWS\SYSTEM32\dhcpcsvc6.DLL
0x00007ffa12df0000 - 0x00007ffa12e0f000 	C:\WINDOWS\SYSTEM32\dhcpcsvc.DLL
0x00007ffa19c60000 - 0x00007ffa19d59000 	C:\WINDOWS\SYSTEM32\DNSAPI.dll
0x00007ff9c5f00000 - 0x00007ff9c5f45000 	C:\Users\HP\AppData\Local\Temp\jna-2312\jna9443172731723453899.dll
0x00007ffa1cf20000 - 0x00007ffa1cf28000 	C:\WINDOWS\System32\PSAPI.DLL

dbghelp: loaded successfully - version: 4.0.5 - missing functions: none
symbol engine: initialized successfully - sym options: 0x614 - pdb path: .;c:\Users\HP\.vscode\extensions\redhat.java-1.28.1-win32-x64\jre\17.0.10-win32-x86_64\bin;C:\WINDOWS\SYSTEM32;C:\WINDOWS\WinSxS\amd64_microsoft.windows.common-controls_6595b64144ccf1df_6.0.22621.2506_none_270c5ae97388e100;c:\Users\HP\.vscode\extensions\redhat.java-1.28.1-win32-x64\jre\17.0.10-win32-x86_64\bin\server;C:\Users\HP\AppData\Roaming\Code\User\globalStorage\redhat.java\1.28.1\config_ss_win\org.eclipse.equinox.launcher\org.eclipse.equinox.launcher.win32.win32.x86_64_1.2.900.v20240129-1338;C:\Users\HP\AppData\Local\Temp\jna-2312

VM Arguments:
jvm_args: --add-modules=ALL-SYSTEM --add-opens=java.base/java.util=ALL-UNNAMED --add-opens=java.base/java.lang=ALL-UNNAMED --add-opens=java.base/sun.nio.fs=ALL-UNNAMED -Declipse.application=org.eclipse.jdt.ls.core.id1 -Dosgi.bundles.defaultStartLevel=4 -Declipse.product=org.eclipse.jdt.ls.core.product -Djava.import.generatesMetadataFilesAtProjectRoot=false -DDetectVMInstallationsJob.disabled=true -Dfile.encoding=utf8 -XX:+UseParallelGC -XX:GCTimeRatio=4 -XX:AdaptiveSizePolicyWeight=90 -Dsun.zip.disableMemoryMapping=true -Xmx1G -Xms100m -Xlog:disable -javaagent:c:\Users\HP\.vscode\extensions\redhat.java-1.28.1-win32-x64\lombok\lombok-1.18.31.jar 
java_command: c:\Users\HP\.vscode\extensions\redhat.java-1.28.1-win32-x64\server\plugins\org.eclipse.equinox.launcher_1.6.700.v20231214-2017.jar -configuration c:\Users\HP\AppData\Roaming\Code\User\globalStorage\redhat.java\1.28.1\config_ss_win -data c:\Users\HP\AppData\Roaming\Code\User\workspaceStorage\0d828789c167c72f6f5361a28a300af2\redhat.java\ss_ws --stdio
java_class_path (initial): c:\Users\HP\.vscode\extensions\redhat.java-1.28.1-win32-x64\server\plugins\org.eclipse.equinox.launcher_1.6.700.v20231214-2017.jar
Launcher Type: SUN_STANDARD

[Global flags]
    uintx AdaptiveSizePolicyWeight                 = 90                                        {product} {command line}
     intx CICompilerCount                          = 3                                         {product} {ergonomic}
    uintx GCTimeRatio                              = 4                                         {product} {command line}
   size_t InitialHeapSize                          = 104857600                                 {product} {command line}
   size_t MaxHeapSize                              = 1073741824                                {product} {command line}
   size_t MaxNewSize                               = 357564416                                 {product} {ergonomic}
   size_t MinHeapDeltaBytes                        = 524288                                    {product} {ergonomic}
   size_t MinHeapSize                              = 104857600                                 {product} {command line}
   size_t NewSize                                  = 34603008                                  {product} {ergonomic}
    uintx NonNMethodCodeHeapSize                   = 5832780                                {pd product} {ergonomic}
    uintx NonProfiledCodeHeapSize                  = 122912730                              {pd product} {ergonomic}
   size_t OldSize                                  = 70254592                                  {product} {ergonomic}
    uintx ProfiledCodeHeapSize                     = 122912730                              {pd product} {ergonomic}
    uintx ReservedCodeCacheSize                    = 251658240                              {pd product} {ergonomic}
     bool SegmentedCodeCache                       = true                                      {product} {ergonomic}
   size_t SoftMaxHeapSize                          = 1073741824                             {manageable} {ergonomic}
     bool UseCompressedClassPointers               = true                           {product lp64_product} {ergonomic}
     bool UseCompressedOops                        = true                           {product lp64_product} {ergonomic}
     bool UseLargePagesIndividualAllocation        = false                                  {pd product} {ergonomic}
     bool UseParallelGC                            = true                                      {product} {command line}

Logging:
Log output configuration:
 #0: stdout all=off uptime,level,tags
 #1: stderr all=off uptime,level,tags

Environment Variables:
JAVA_HOME=D:\APAP JAVA\Java\jdk-17
PATH=C:\Python312\Scripts\;C:\Python312\;C:\Program Files\Common Files\Oracle\Java\javapath;C:\Program Files (x86)\Common Files\Oracle\Java\javapath;C:\WINDOWS\system32;C:\WINDOWS;C:\WINDOWS\System32\Wbem;C:\WINDOWS\System32\WindowsPowerShell\v1.0\;C:\WINDOWS\System32\OpenSSH\;C:\Users\Ron\AppData\Local\Programs\Python\Python39;C:\Users\Ron\AppData\Local\Programs\Python\Python39\Scripts;C:\Users\HP\AppData\Local\Programs\Python\Python310\;C:\Users\HP\AppData\Local\Programs\Python\Python310\\Scripts;D:\PuTTY\;D:\Git\cmd;C:\Program Files\Docker\Docker\resources\bin;D:\APAP JAVA\Java\jdk-17\bin;D:\NODE JS\;C:\ProgramData\chocolatey\bin;C:\Users\HP\AppData\Local\Programs\Python\Python310\Scripts\;C:\Users\HP\AppData\Local\Programs\Python\Python310\;C:\Users\Ron\AppData\Local\Programs\Python\Python39;C:\Users\Ron\AppData\Local\Programs\Python\Python39\Scripts;C:\Users\HP\AppData\Local\Programs\Microsoft VS Code\bin;C:\Users\HP\Documents\COOLYEAH\Semester 3\PBP\FLUTTER\bin;C:\Users\HP\Documents\COOLYEAH\Semester 3\PBP\FLUTTER\flutter\bin;C:\Users\HP\AppData\Local\Microsoft\WindowsApps;D:\FLUTTER\bin;C:\Users\HP\AppData\Roaming\npm
USERNAME=HP
OS=Windows_NT
PROCESSOR_IDENTIFIER=Intel64 Family 6 Model 142 Stepping 12, GenuineIntel
TMP=C:\Users\HP\AppData\Local\Temp
TEMP=C:\Users\HP\AppData\Local\Temp



Periodic native trim disabled


---------------  S Y S T E M  ---------------

OS:
 Windows 11 , 64 bit Build 22621 (10.0.22621.3085)
OS uptime: 0 days 4:31 hours
Hyper-V role detected

CPU: total 4 (initial active 4) (2 cores per cpu, 2 threads per core) family 6 model 142 stepping 12 microcode 0xec, cx8, cmov, fxsr, ht, mmx, 3dnowpref, sse, sse2, sse3, ssse3, sse4.1, sse4.2, popcnt, lzcnt, tsc, tscinvbit, avx, avx2, aes, erms, clmul, bmi1, bmi2, adx, fma, vzeroupper, clflush, clflushopt, hv
Processor Information for all 4 processors :
  Max Mhz: 2592, Current Mhz: 2093, Mhz Limit: 2073

Memory: 4k page, system-wide physical 3919M (22M free)
TotalPageFile size 15695M (AvailPageFile size 6M)
current process WorkingSet (physical memory assigned to process): 81M, peak: 186M
current process commit charge ("private bytes"): 254M, peak: 279M

vm_info: OpenJDK 64-Bit Server VM (17.0.10+7) for windows-amd64 JRE (17.0.10+7), built on Jan 16 2024 23:25:11 by "admin" with MS VC++ 16.10 / 16.11 (VS2019)

END.
