#
# There is insufficient memory for the Java Runtime Environment to continue.
# Native memory allocation (malloc) failed to allocate 32744 bytes for ChunkPool::allocate
# Possible reasons:
#   The system is out of physical RAM or swap space
#   The process is running with CompressedOops enabled, and the Java Heap may be blocking the growth of the native heap
# Possible solutions:
#   Reduce memory load on the system
#   Increase physical memory or swap space
#   Check if swap backing store is full
#   Decrease Java heap size (-Xmx/-Xms)
#   Decrease number of Java threads
#   Decrease Java thread stack sizes (-Xss)
#   Set larger code cache with -XX:ReservedCodeCacheSize=
#   JVM is running with Unscaled Compressed Oops mode in which the Java heap is
#     placed in the first 4GB address space. The Java Heap base address is the
#     maximum limit for the native heap growth. Please use -XX:HeapBaseMinAddress
#     to set the Java Heap base and to place the Java Heap above 4GB virtual address.
# This output file may be truncated or incomplete.
#
#  Out of Memory Error (arena.cpp:79), pid=10444, tid=21928
#
# JRE version: OpenJDK Runtime Environment Temurin-17.0.10+7 (17.0.10+7) (build 17.0.10+7)
# Java VM: OpenJDK 64-Bit Server VM Temurin-17.0.10+7 (17.0.10+7, mixed mode, tiered, compressed oops, compressed class ptrs, parallel gc, windows-amd64)
# No core dump will be written. Minidumps are not enabled by default on client versions of Windows
#

---------------  S U M M A R Y ------------

Command Line: --add-modules=ALL-SYSTEM --add-opens=java.base/java.util=ALL-UNNAMED --add-opens=java.base/java.lang=ALL-UNNAMED --add-opens=java.base/sun.nio.fs=ALL-UNNAMED -Declipse.application=org.eclipse.jdt.ls.core.id1 -Dosgi.bundles.defaultStartLevel=4 -Declipse.product=org.eclipse.jdt.ls.core.product -Djava.import.generatesMetadataFilesAtProjectRoot=false -DDetectVMInstallationsJob.disabled=true -Dfile.encoding=utf8 -XX:+UseParallelGC -XX:GCTimeRatio=4 -XX:AdaptiveSizePolicyWeight=90 -Dsun.zip.disableMemoryMapping=true -Xmx1G -Xms100m -Xlog:disable -javaagent:c:\Users\HP\.vscode\extensions\redhat.java-1.28.1-win32-x64\lombok\lombok-1.18.31.jar c:\Users\HP\.vscode\extensions\redhat.java-1.28.1-win32-x64\server\plugins\org.eclipse.equinox.launcher_1.6.700.v20231214-2017.jar -configuration c:\Users\HP\AppData\Roaming\Code\User\globalStorage\redhat.java\1.28.1\config_ss_win -data c:\Users\HP\AppData\Roaming\Code\User\workspaceStorage\0d828789c167c72f6f5361a28a300af2\redhat.java\ss_ws --stdio

Host: Intel(R) Core(TM) i3-10110U CPU @ 2.10GHz, 4 cores, 3G,  Windows 11 , 64 bit Build 22621 (10.0.22621.3085)
Time: Sat Mar  9 19:14:12 2024 SE Asia Standard Time elapsed time: 1.583421 seconds (0d 0h 0m 1s)

---------------  T H R E A D  ---------------

Current thread (0x0000020474002a10):  JavaThread "C1 CompilerThread0" daemon [_thread_in_native, id=21928, stack(0x000000366f800000,0x000000366f900000)]


Current CompileTask:
C1:   1583  602       3       sun.security.provider.ByteArrayAccess::b2iBig64 (231 bytes)

Stack: [0x000000366f800000,0x000000366f900000]
Native frames: (J=compiled Java code, j=interpreted, Vv=VM code, C=native code)
V  [jvm.dll+0x67d2c9]
V  [jvm.dll+0x834afa]
V  [jvm.dll+0x8365be]
V  [jvm.dll+0x836c23]
V  [jvm.dll+0x2477ff]
V  [jvm.dll+0xac711]
V  [jvm.dll+0xacb5c]
V  [jvm.dll+0x18f235]
V  [jvm.dll+0x13598d]
V  [jvm.dll+0x135bf0]
V  [jvm.dll+0x135eb6]
V  [jvm.dll+0x13534a]
V  [jvm.dll+0x137001]
V  [jvm.dll+0x2290de]
V  [jvm.dll+0x2272ac]
V  [jvm.dll+0x7e9bb7]
V  [jvm.dll+0x7e3fba]
V  [jvm.dll+0x67c1b5]
C  [ucrtbase.dll+0x29363]
C  [KERNEL32.DLL+0x1257d]
C  [ntdll.dll+0x5aa58]


---------------  P R O C E S S  ---------------

Threads class SMR info:
_java_thread_list=0x00000204794f1810, length=12, elements={
0x000002046f182610, 0x0000020473fbd010, 0x0000020473fbf090, 0x0000020473feff20,
0x0000020473ff08f0, 0x0000020473ff13c0, 0x0000020473ff1e90, 0x0000020473ff4b50,
0x0000020474002a10, 0x0000020474005330, 0x0000020479353020, 0x000002047950af00
}

Java Threads: ( => current thread )
  0x000002046f182610 JavaThread "main" [_thread_in_vm, id=17124, stack(0x000000366ee00000,0x000000366ef00000)]
  0x0000020473fbd010 JavaThread "Reference Handler" daemon [_thread_blocked, id=20420, stack(0x000000366f100000,0x000000366f200000)]
  0x0000020473fbf090 JavaThread "Finalizer" daemon [_thread_blocked, id=1392, stack(0x000000366f200000,0x000000366f300000)]
  0x0000020473feff20 JavaThread "Signal Dispatcher" daemon [_thread_blocked, id=15844, stack(0x000000366f300000,0x000000366f400000)]
  0x0000020473ff08f0 JavaThread "Attach Listener" daemon [_thread_blocked, id=20188, stack(0x000000366f400000,0x000000366f500000)]
  0x0000020473ff13c0 JavaThread "Service Thread" daemon [_thread_blocked, id=7548, stack(0x000000366f500000,0x000000366f600000)]
  0x0000020473ff1e90 JavaThread "Monitor Deflation Thread" daemon [_thread_blocked, id=4144, stack(0x000000366f600000,0x000000366f700000)]
  0x0000020473ff4b50 JavaThread "C2 CompilerThread0" daemon [_thread_in_native, id=1916, stack(0x000000366f700000,0x000000366f800000)]
=>0x0000020474002a10 JavaThread "C1 CompilerThread0" daemon [_thread_in_native, id=21928, stack(0x000000366f800000,0x000000366f900000)]
  0x0000020474005330 JavaThread "Sweeper thread" daemon [_thread_blocked, id=15596, stack(0x000000366f900000,0x000000366fa00000)]
  0x0000020479353020 JavaThread "Common-Cleaner" daemon [_thread_blocked, id=15028, stack(0x000000366fa00000,0x000000366fb00000)]
  0x000002047950af00 JavaThread "Notification Thread" daemon [_thread_blocked, id=17104, stack(0x000000366fb00000,0x000000366fc00000)]

Other Threads:
  0x000002046f22ea80 VMThread "VM Thread" [stack: 0x000000366f000000,0x000000366f100000] [id=10172]
  0x0000020479651710 WatcherThread [stack: 0x000000366fc00000,0x000000366fd00000] [id=10732]
  0x000002046f1958d0 GCTaskThread "GC Thread#0" [stack: 0x000000366ef00000,0x000000366f000000] [id=2428]

Threads with active compile tasks:
C2 CompilerThread0     1605  593       4       lombok.patcher.PatchScript::classMatches (41 bytes)
C1 CompilerThread0     1605  602       3       sun.security.provider.ByteArrayAccess::b2iBig64 (231 bytes)

VM state: not at safepoint (normal execution)

VM Mutex/Monitor currently owned by a thread: None

Heap address: 0x00000000c0000000, size: 1024 MB, Compressed Oops mode: 32-bit

CDS archive(s) not mapped
Compressed class space mapped at: 0x0000000100000000-0x0000000140000000, reserved size: 1073741824
Narrow klass base: 0x0000000000000000, Narrow klass shift: 3, Narrow klass range: 0x140000000

GC Precious Log:
 CPUs: 4 total, 4 available
 Memory: 3919M
 Large Page Support: Disabled
 NUMA Support: Disabled
 Compressed Oops: Enabled (32-bit)
 Alignments: Space 512K, Generation 512K, Heap 2M
 Heap Min Capacity: 100M
 Heap Initial Capacity: 100M
 Heap Max Capacity: 1G
 Pre-touch: Disabled
 Parallel Workers: 4

Heap:
 PSYoungGen      total 29696K, used 13962K [0x00000000eab00000, 0x00000000ecc00000, 0x0000000100000000)
  eden space 25600K, 54% used [0x00000000eab00000,0x00000000eb8a2948,0x00000000ec400000)
  from space 4096K, 0% used [0x00000000ec800000,0x00000000ec800000,0x00000000ecc00000)
  to   space 4096K, 0% used [0x00000000ec400000,0x00000000ec400000,0x00000000ec800000)
 ParOldGen       total 68608K, used 0K [0x00000000c0000000, 0x00000000c4300000, 0x00000000eab00000)
  object space 68608K, 0% used [0x00000000c0000000,0x00000000c0000000,0x00000000c4300000)
 Metaspace       used 8991K, committed 9088K, reserved 1114112K
  class space    used 885K, committed 960K, reserved 1048576K

Card table byte_map: [0x000002046eb10000,0x000002046ed20000] _byte_map_base: 0x000002046e510000

Marking Bits: (ParMarkBitMap*) 0x00007ff97444d7d0
 Begin Bits: [0x0000020471e10000, 0x0000020472e10000)
 End Bits:   [0x0000020472e10000, 0x0000020473e10000)

Polling page: 0x000002046d020000

Metaspace:

Usage:
  Non-class:      7.92 MB used.
      Class:    885.62 KB used.
       Both:      8.78 MB used.

Virtual space:
  Non-class space:       64.00 MB reserved,       7.94 MB ( 12%) committed,  1 nodes.
      Class space:        1.00 GB reserved,     960.00 KB ( <1%) committed,  1 nodes.
             Both:        1.06 GB reserved,       8.88 MB ( <1%) committed. 

Chunk freelists:
   Non-Class:  7.95 MB
       Class:  15.08 MB
        Both:  23.04 MB

MaxMetaspaceSize: unlimited
CompressedClassSpaceSize: 1.00 GB
Initial GC threshold: 21.00 MB
Current GC threshold: 21.00 MB
CDS: off
MetaspaceReclaimPolicy: balanced
 - commit_granule_bytes: 65536.
 - commit_granule_words: 8192.
 - virtual_space_node_default_size: 8388608.
 - enlarge_chunks_in_place: 1.
 - new_chunks_are_fully_committed: 0.
 - uncommit_free_chunks: 1.
 - use_allocation_guard: 0.
 - handle_deallocations: 1.


Internal statistics:

num_allocs_failed_limit: 0.
num_arena_births: 10.
num_arena_deaths: 0.
num_vsnodes_births: 2.
num_vsnodes_deaths: 0.
num_space_committed: 142.
num_space_uncommitted: 0.
num_chunks_returned_to_freelist: 0.
num_chunks_taken_from_freelist: 44.
num_chunk_merges: 0.
num_chunk_splits: 26.
num_chunks_enlarged: 23.
num_inconsistent_stats: 0.

CodeHeap 'non-profiled nmethods': size=120000Kb used=219Kb max_used=219Kb free=119780Kb
 bounds [0x0000020407ad0000, 0x0000020407d40000, 0x000002040f000000]
CodeHeap 'profiled nmethods': size=120000Kb used=885Kb max_used=885Kb free=119114Kb
 bounds [0x0000020400000000, 0x0000020400270000, 0x0000020407530000]
CodeHeap 'non-nmethods': size=5760Kb used=1133Kb max_used=1150Kb free=4626Kb
 bounds [0x0000020407530000, 0x00000204077a0000, 0x0000020407ad0000]
 total_blobs=1022 nmethods=600 adapters=337
 compilation: enabled
              stopped_count=0, restarted_count=0
 full_count=0

Compilation events (20 events):
Event: 1.540 Thread 0x0000020474002a10  591       3       jdk.internal.misc.Unsafe::getIntUnaligned (12 bytes)
Event: 1.540 Thread 0x0000020474002a10 nmethod 591 0x00000204000da710 code [0x00000204000da8c0, 0x00000204000dab18]
Event: 1.552 Thread 0x0000020473ff4b50  592       4       java.util.Collections$UnmodifiableCollection::iterator (9 bytes)
Event: 1.562 Thread 0x0000020474002a10  594       2       java.util.HashSet::iterator (13 bytes)
Event: 1.562 Thread 0x0000020474002a10 nmethod 594 0x00000204000dac10 code [0x00000204000dadc0, 0x00000204000daf18]
Event: 1.563 Thread 0x0000020474002a10  595       3       java.util.Arrays::copyOf (40 bytes)
Event: 1.564 Thread 0x0000020474002a10 nmethod 595 0x00000204000db010 code [0x00000204000db200, 0x00000204000db8a8]
Event: 1.565 Thread 0x0000020474002a10  597       3       java.lang.String::valueOf (15 bytes)
Event: 1.565 Thread 0x0000020474002a10 nmethod 597 0x00000204000dba90 code [0x00000204000dbc40, 0x00000204000dbe48]
Event: 1.566 Thread 0x0000020473ff4b50 nmethod 592 0x0000020407b05a90 code [0x0000020407b05c60, 0x0000020407b062d8]
Event: 1.566 Thread 0x0000020473ff4b50  593       4       lombok.patcher.PatchScript::classMatches (41 bytes)
Event: 1.567 Thread 0x0000020474002a10  598       3       java.security.Provider$ServiceKey::<init> (39 bytes)
Event: 1.567 Thread 0x0000020474002a10 nmethod 598 0x00000204000dbf10 code [0x00000204000dc100, 0x00000204000dc548]
Event: 1.570 Thread 0x0000020474002a10  599       1       java.security.Provider$UString::toString (5 bytes)
Event: 1.570 Thread 0x0000020474002a10 nmethod 599 0x0000020407b06710 code [0x0000020407b068a0, 0x0000020407b06978]
Event: 1.570 Thread 0x0000020474002a10  600       1       java.security.Provider$Service::getProvider (5 bytes)
Event: 1.570 Thread 0x0000020474002a10 nmethod 600 0x0000020407b06a10 code [0x0000020407b06ba0, 0x0000020407b06c78]
Event: 1.572 Thread 0x0000020474002a10  601       3       sun.security.provider.SHA2::implCompress0 (490 bytes)
Event: 1.573 Thread 0x0000020474002a10 nmethod 601 0x00000204000dc710 code [0x00000204000dc900, 0x00000204000dd168]
Event: 1.578 Thread 0x0000020474002a10  602       3       sun.security.provider.ByteArrayAccess::b2iBig64 (231 bytes)

GC Heap History (0 events):
No events

Dll operation events (8 events):
Event: 0.036 Loaded shared library c:\Users\HP\.vscode\extensions\redhat.java-1.28.1-win32-x64\jre\17.0.10-win32-x86_64\bin\java.dll
Event: 0.312 Loaded shared library c:\Users\HP\.vscode\extensions\redhat.java-1.28.1-win32-x64\jre\17.0.10-win32-x86_64\bin\zip.dll
Event: 0.321 Loaded shared library C:\Users\HP\.vscode\extensions\redhat.java-1.28.1-win32-x64\jre\17.0.10-win32-x86_64\bin\instrument.dll
Event: 0.365 Loaded shared library C:\Users\HP\.vscode\extensions\redhat.java-1.28.1-win32-x64\jre\17.0.10-win32-x86_64\bin\net.dll
Event: 0.384 Loaded shared library C:\Users\HP\.vscode\extensions\redhat.java-1.28.1-win32-x64\jre\17.0.10-win32-x86_64\bin\nio.dll
Event: 0.431 Loaded shared library C:\Users\HP\.vscode\extensions\redhat.java-1.28.1-win32-x64\jre\17.0.10-win32-x86_64\bin\zip.dll
Event: 0.492 Loaded shared library C:\Users\HP\.vscode\extensions\redhat.java-1.28.1-win32-x64\jre\17.0.10-win32-x86_64\bin\jimage.dll
Event: 0.812 Loaded shared library c:\Users\HP\.vscode\extensions\redhat.java-1.28.1-win32-x64\jre\17.0.10-win32-x86_64\bin\verify.dll

Deoptimization events (20 events):
Event: 1.308 Thread 0x000002046f182610 Uncommon trap: trap_request=0xffffffde fr.pc=0x0000020407af8844 relative=0x0000000000000124
Event: 1.308 Thread 0x000002046f182610 Uncommon trap: reason=class_check action=maybe_recompile pc=0x0000020407af8844 method=jdk.internal.misc.Unsafe.allocateUninitializedArray(Ljava/lang/Class;I)Ljava/lang/Object; @ 51 c2
Event: 1.308 Thread 0x000002046f182610 DEOPT PACKING pc=0x0000020407af8844 sp=0x000000366eefc110
Event: 1.308 Thread 0x000002046f182610 DEOPT UNPACKING pc=0x00000204075866a3 sp=0x000000366eefc098 mode 2
Event: 1.321 Thread 0x000002046f182610 Uncommon trap: trap_request=0xffffff45 fr.pc=0x0000020407ae6544 relative=0x00000000000000c4
Event: 1.321 Thread 0x000002046f182610 Uncommon trap: reason=unstable_if action=reinterpret pc=0x0000020407ae6544 method=java.net.URI.match(CJJ)Z @ 45 c2
Event: 1.321 Thread 0x000002046f182610 DEOPT PACKING pc=0x0000020407ae6544 sp=0x000000366eefc870
Event: 1.321 Thread 0x000002046f182610 DEOPT UNPACKING pc=0x00000204075866a3 sp=0x000000366eefc7f8 mode 2
Event: 1.339 Thread 0x000002046f182610 Uncommon trap: trap_request=0xffffff45 fr.pc=0x0000020407af7ca8 relative=0x0000000000000628
Event: 1.339 Thread 0x000002046f182610 Uncommon trap: reason=unstable_if action=reinterpret pc=0x0000020407af7ca8 method=java.lang.String.replace(Ljava/lang/CharSequence;Ljava/lang/CharSequence;)Ljava/lang/String; @ 48 c2
Event: 1.339 Thread 0x000002046f182610 DEOPT PACKING pc=0x0000020407af7ca8 sp=0x000000366eefc7f0
Event: 1.339 Thread 0x000002046f182610 DEOPT UNPACKING pc=0x00000204075866a3 sp=0x000000366eefc760 mode 2
Event: 1.458 Thread 0x000002046f182610 Uncommon trap: trap_request=0xffffff45 fr.pc=0x0000020407ae5184 relative=0x0000000000000304
Event: 1.458 Thread 0x000002046f182610 Uncommon trap: reason=unstable_if action=reinterpret pc=0x0000020407ae5184 method=java.lang.StringUTF16.compress([CI[BII)I @ 20 c2
Event: 1.458 Thread 0x000002046f182610 DEOPT PACKING pc=0x0000020407ae5184 sp=0x000000366eefb950
Event: 1.458 Thread 0x000002046f182610 DEOPT UNPACKING pc=0x00000204075866a3 sp=0x000000366eefb8d0 mode 2
Event: 1.498 Thread 0x000002046f182610 Uncommon trap: trap_request=0xffffff6e fr.pc=0x0000020407b02364 relative=0x00000000000001e4
Event: 1.498 Thread 0x000002046f182610 Uncommon trap: reason=loop_limit_check action=maybe_recompile pc=0x0000020407b02364 method=java.math.BigInteger.implMulAdd([I[IIII)I @ 26 c2
Event: 1.498 Thread 0x000002046f182610 DEOPT PACKING pc=0x0000020407b02364 sp=0x000000366eefd6f0
Event: 1.498 Thread 0x000002046f182610 DEOPT UNPACKING pc=0x00000204075866a3 sp=0x000000366eefd640 mode 2

Classes unloaded (0 events):
No events

Classes redefined (0 events):
No events

Internal exceptions (2 events):
Event: 0.235 Thread 0x000002046f182610 Exception <a 'java/lang/NoSuchMethodError'{0x00000000eacb4de8}: 'void java.lang.invoke.DirectMethodHandle$Holder.invokeStatic(java.lang.Object, java.lang.Object, java.lang.Object)'> (0x00000000eacb4de8) 
thrown [s\src\hotspot\share\interpreter\linkResolver.cpp, line 759]
Event: 0.885 Thread 0x000002046f182610 Exception <a 'java/lang/reflect/InvocationTargetException'{0x00000000eafe6e60}> (0x00000000eafe6e60) 
thrown [s\src\hotspot\share\runtime\reflection.cpp, line 1121]

VM Operations (8 events):
Event: 0.246 Executing VM operation: HandshakeAllThreads
Event: 0.246 Executing VM operation: HandshakeAllThreads done
Event: 0.595 Executing VM operation: HandshakeAllThreads
Event: 0.595 Executing VM operation: HandshakeAllThreads done
Event: 1.536 Executing VM operation: HandshakeAllThreads
Event: 1.536 Executing VM operation: HandshakeAllThreads done
Event: 1.536 Executing VM operation: Cleanup
Event: 1.536 Executing VM operation: Cleanup done

Events (20 events):
Event: 1.531 loading class sun/security/util/KeyUtil
Event: 1.532 loading class sun/security/util/KeyUtil done
Event: 1.532 loading class sun/security/util/Length
Event: 1.532 loading class sun/security/util/Length done
Event: 1.532 loading class javax/crypto/SecretKey
Event: 1.534 loading class javax/crypto/SecretKey done
Event: 1.534 loading class java/util/LinkedHashMap$LinkedEntrySet
Event: 1.535 loading class java/util/LinkedHashMap$LinkedEntrySet done
Event: 1.535 loading class java/util/LinkedHashMap$LinkedEntryIterator
Event: 1.535 loading class java/util/LinkedHashMap$LinkedEntryIterator done
Event: 1.545 loading class java/util/Base64
Event: 1.559 loading class java/util/Base64 done
Event: 1.559 loading class java/util/Base64$Decoder
Event: 1.560 loading class java/util/Base64$Decoder done
Event: 1.560 loading class java/util/Base64$Encoder
Event: 1.561 loading class java/util/Base64$Encoder done
Event: 1.562 loading class java/util/jar/JarVerifier$VerifierStream
Event: 1.562 loading class java/util/jar/JarVerifier$VerifierStream done
Event: 1.563 loading class sun/security/util/ManifestEntryVerifier$SunProviderHolder
Event: 1.563 loading class sun/security/util/ManifestEntryVerifier$SunProviderHolder done


Dynamic libraries:
0x00007ff684890000 - 0x00007ff68489e000 	c:\Users\HP\.vscode\extensions\redhat.java-1.28.1-win32-x64\jre\17.0.10-win32-x86_64\bin\java.exe
0x00007ffa1dd70000 - 0x00007ffa1df87000 	C:\WINDOWS\SYSTEM32\ntdll.dll
0x00007ffa1cf30000 - 0x00007ffa1cff4000 	C:\WINDOWS\System32\KERNEL32.DLL
0x00007ffa1b150000 - 0x00007ffa1b4f6000 	C:\WINDOWS\System32\KERNELBASE.dll
0x00007ffa1b710000 - 0x00007ffa1b821000 	C:\WINDOWS\System32\ucrtbase.dll
0x00007ffa146c0000 - 0x00007ffa146d7000 	c:\Users\HP\.vscode\extensions\redhat.java-1.28.1-win32-x64\jre\17.0.10-win32-x86_64\bin\jli.dll
0x00007ffa1da50000 - 0x00007ffa1dbfe000 	C:\WINDOWS\System32\USER32.dll
0x00007ffa1b860000 - 0x00007ffa1b886000 	C:\WINDOWS\System32\win32u.dll
0x00007ffa1cef0000 - 0x00007ffa1cf19000 	C:\WINDOWS\System32\GDI32.dll
0x00007ffa1b500000 - 0x00007ffa1b618000 	C:\WINDOWS\System32\gdi32full.dll
0x00007ffa1b0b0000 - 0x00007ffa1b14a000 	C:\WINDOWS\System32\msvcp_win.dll
0x00007ffa12900000 - 0x00007ffa1291b000 	c:\Users\HP\.vscode\extensions\redhat.java-1.28.1-win32-x64\jre\17.0.10-win32-x86_64\bin\VCRUNTIME140.dll
0x00007ffa03690000 - 0x00007ffa03923000 	C:\WINDOWS\WinSxS\amd64_microsoft.windows.common-controls_6595b64144ccf1df_6.0.22621.2506_none_270c5ae97388e100\COMCTL32.dll
0x00007ffa1bee0000 - 0x00007ffa1bf87000 	C:\WINDOWS\System32\msvcrt.dll
0x00007ffa1dc00000 - 0x00007ffa1dc31000 	C:\WINDOWS\System32\IMM32.DLL
0x00007ffa17ab0000 - 0x00007ffa17abc000 	c:\Users\HP\.vscode\extensions\redhat.java-1.28.1-win32-x64\jre\17.0.10-win32-x86_64\bin\vcruntime140_1.dll
0x00007ff9cc550000 - 0x00007ff9cc5dd000 	c:\Users\HP\.vscode\extensions\redhat.java-1.28.1-win32-x64\jre\17.0.10-win32-x86_64\bin\msvcp140.dll
0x00007ff9738b0000 - 0x00007ff974512000 	c:\Users\HP\.vscode\extensions\redhat.java-1.28.1-win32-x64\jre\17.0.10-win32-x86_64\bin\server\jvm.dll
0x00007ffa1d300000 - 0x00007ffa1d3b3000 	C:\WINDOWS\System32\ADVAPI32.dll
0x00007ffa1d250000 - 0x00007ffa1d2f8000 	C:\WINDOWS\System32\sechost.dll
0x00007ffa1b830000 - 0x00007ffa1b858000 	C:\WINDOWS\System32\bcrypt.dll
0x00007ffa1c810000 - 0x00007ffa1c927000 	C:\WINDOWS\System32\RPCRT4.dll
0x00007ffa19f00000 - 0x00007ffa19f4d000 	C:\WINDOWS\SYSTEM32\POWRPROF.dll
0x00007ff9fae20000 - 0x00007ff9fae29000 	C:\WINDOWS\SYSTEM32\WSOCK32.dll
0x00007ffa1ca30000 - 0x00007ffa1caa1000 	C:\WINDOWS\System32\WS2_32.dll
0x00007ffa12af0000 - 0x00007ffa12b24000 	C:\WINDOWS\SYSTEM32\WINMM.dll
0x00007ffa118b0000 - 0x00007ffa118ba000 	C:\WINDOWS\SYSTEM32\VERSION.dll
0x00007ffa19ee0000 - 0x00007ffa19ef3000 	C:\WINDOWS\SYSTEM32\UMPDC.dll
0x00007ffa1a140000 - 0x00007ffa1a158000 	C:\WINDOWS\SYSTEM32\kernel.appcore.dll
0x00007ffa17a70000 - 0x00007ffa17a7a000 	c:\Users\HP\.vscode\extensions\redhat.java-1.28.1-win32-x64\jre\17.0.10-win32-x86_64\bin\jimage.dll
0x00007ffa18950000 - 0x00007ffa18b83000 	C:\WINDOWS\SYSTEM32\DBGHELP.DLL
0x00007ffa1bb50000 - 0x00007ffa1bed9000 	C:\WINDOWS\System32\combase.dll
0x00007ffa1dc40000 - 0x00007ffa1dd17000 	C:\WINDOWS\System32\OLEAUT32.dll
0x00007ff9f7c00000 - 0x00007ff9f7c32000 	C:\WINDOWS\SYSTEM32\dbgcore.DLL
0x00007ffa1b620000 - 0x00007ffa1b69a000 	C:\WINDOWS\System32\bcryptPrimitives.dll
0x00007ffa0ca30000 - 0x00007ffa0ca3e000 	c:\Users\HP\.vscode\extensions\redhat.java-1.28.1-win32-x64\jre\17.0.10-win32-x86_64\bin\instrument.dll
0x00007ff9ce0c0000 - 0x00007ff9ce0e5000 	c:\Users\HP\.vscode\extensions\redhat.java-1.28.1-win32-x64\jre\17.0.10-win32-x86_64\bin\java.dll
0x00007ff9cdc50000 - 0x00007ff9cdc68000 	c:\Users\HP\.vscode\extensions\redhat.java-1.28.1-win32-x64\jre\17.0.10-win32-x86_64\bin\zip.dll
0x00007ffa1bfb0000 - 0x00007ffa1c80b000 	C:\WINDOWS\System32\SHELL32.dll
0x00007ffa18fd0000 - 0x00007ffa198c6000 	C:\WINDOWS\SYSTEM32\windows.storage.dll
0x00007ffa18e90000 - 0x00007ffa18fce000 	C:\WINDOWS\SYSTEM32\wintypes.dll
0x00007ffa1d950000 - 0x00007ffa1da43000 	C:\WINDOWS\System32\SHCORE.dll
0x00007ffa1d8f0000 - 0x00007ffa1d94e000 	C:\WINDOWS\System32\shlwapi.dll
0x00007ffa1afe0000 - 0x00007ffa1b006000 	C:\WINDOWS\SYSTEM32\profapi.dll
0x00007ff9cd3e0000 - 0x00007ff9cd3f9000 	C:\Users\HP\.vscode\extensions\redhat.java-1.28.1-win32-x64\jre\17.0.10-win32-x86_64\bin\net.dll
0x00007ffa13810000 - 0x00007ffa13947000 	C:\WINDOWS\SYSTEM32\WINHTTP.dll
0x00007ffa1a620000 - 0x00007ffa1a689000 	C:\WINDOWS\system32\mswsock.dll
0x00007ff9cc530000 - 0x00007ff9cc546000 	C:\Users\HP\.vscode\extensions\redhat.java-1.28.1-win32-x64\jre\17.0.10-win32-x86_64\bin\nio.dll
0x00007ffa0ca20000 - 0x00007ffa0ca30000 	c:\Users\HP\.vscode\extensions\redhat.java-1.28.1-win32-x64\jre\17.0.10-win32-x86_64\bin\verify.dll

dbghelp: loaded successfully - version: 4.0.5 - missing functions: none
symbol engine: initialized successfully - sym options: 0x614 - pdb path: .;c:\Users\HP\.vscode\extensions\redhat.java-1.28.1-win32-x64\jre\17.0.10-win32-x86_64\bin;C:\WINDOWS\SYSTEM32;C:\WINDOWS\WinSxS\amd64_microsoft.windows.common-controls_6595b64144ccf1df_6.0.22621.2506_none_270c5ae97388e100;c:\Users\HP\.vscode\extensions\redhat.java-1.28.1-win32-x64\jre\17.0.10-win32-x86_64\bin\server

VM Arguments:
jvm_args: --add-modules=ALL-SYSTEM --add-opens=java.base/java.util=ALL-UNNAMED --add-opens=java.base/java.lang=ALL-UNNAMED --add-opens=java.base/sun.nio.fs=ALL-UNNAMED -Declipse.application=org.eclipse.jdt.ls.core.id1 -Dosgi.bundles.defaultStartLevel=4 -Declipse.product=org.eclipse.jdt.ls.core.product -Djava.import.generatesMetadataFilesAtProjectRoot=false -DDetectVMInstallationsJob.disabled=true -Dfile.encoding=utf8 -XX:+UseParallelGC -XX:GCTimeRatio=4 -XX:AdaptiveSizePolicyWeight=90 -Dsun.zip.disableMemoryMapping=true -Xmx1G -Xms100m -Xlog:disable -javaagent:c:\Users\HP\.vscode\extensions\redhat.java-1.28.1-win32-x64\lombok\lombok-1.18.31.jar 
java_command: c:\Users\HP\.vscode\extensions\redhat.java-1.28.1-win32-x64\server\plugins\org.eclipse.equinox.launcher_1.6.700.v20231214-2017.jar -configuration c:\Users\HP\AppData\Roaming\Code\User\globalStorage\redhat.java\1.28.1\config_ss_win -data c:\Users\HP\AppData\Roaming\Code\User\workspaceStorage\0d828789c167c72f6f5361a28a300af2\redhat.java\ss_ws --stdio
java_class_path (initial): c:\Users\HP\.vscode\extensions\redhat.java-1.28.1-win32-x64\server\plugins\org.eclipse.equinox.launcher_1.6.700.v20231214-2017.jar
Launcher Type: SUN_STANDARD

[Global flags]
    uintx AdaptiveSizePolicyWeight                 = 90                                        {product} {command line}
     intx CICompilerCount                          = 3                                         {product} {ergonomic}
    uintx GCTimeRatio                              = 4                                         {product} {command line}
   size_t InitialHeapSize                          = 104857600                                 {product} {command line}
   size_t MaxHeapSize                              = 1073741824                                {product} {command line}
   size_t MaxNewSize                               = 357564416                                 {product} {ergonomic}
   size_t MinHeapDeltaBytes                        = 524288                                    {product} {ergonomic}
   size_t MinHeapSize                              = 104857600                                 {product} {command line}
   size_t NewSize                                  = 34603008                                  {product} {ergonomic}
    uintx NonNMethodCodeHeapSize                   = 5832780                                {pd product} {ergonomic}
    uintx NonProfiledCodeHeapSize                  = 122912730                              {pd product} {ergonomic}
   size_t OldSize                                  = 70254592                                  {product} {ergonomic}
    uintx ProfiledCodeHeapSize                     = 122912730                              {pd product} {ergonomic}
    uintx ReservedCodeCacheSize                    = 251658240                              {pd product} {ergonomic}
     bool SegmentedCodeCache                       = true                                      {product} {ergonomic}
   size_t SoftMaxHeapSize                          = 1073741824                             {manageable} {ergonomic}
     bool UseCompressedClassPointers               = true                           {product lp64_product} {ergonomic}
     bool UseCompressedOops                        = true                           {product lp64_product} {ergonomic}
     bool UseLargePagesIndividualAllocation        = false                                  {pd product} {ergonomic}
     bool UseParallelGC                            = true                                      {product} {command line}

Logging:
Log output configuration:
 #0: stdout all=off uptime,level,tags
 #1: stderr all=off uptime,level,tags

Environment Variables:
JAVA_HOME=D:\APAP JAVA\Java\jdk-17
PATH=C:\Python312\Scripts\;C:\Python312\;C:\Program Files\Common Files\Oracle\Java\javapath;C:\Program Files (x86)\Common Files\Oracle\Java\javapath;C:\WINDOWS\system32;C:\WINDOWS;C:\WINDOWS\System32\Wbem;C:\WINDOWS\System32\WindowsPowerShell\v1.0\;C:\WINDOWS\System32\OpenSSH\;C:\Users\Ron\AppData\Local\Programs\Python\Python39;C:\Users\Ron\AppData\Local\Programs\Python\Python39\Scripts;C:\Users\HP\AppData\Local\Programs\Python\Python310\;C:\Users\HP\AppData\Local\Programs\Python\Python310\\Scripts;D:\PuTTY\;D:\Git\cmd;C:\Program Files\Docker\Docker\resources\bin;D:\APAP JAVA\Java\jdk-17\bin;D:\NODE JS\;C:\ProgramData\chocolatey\bin;C:\Users\HP\AppData\Local\Programs\Python\Python310\Scripts\;C:\Users\HP\AppData\Local\Programs\Python\Python310\;C:\Users\Ron\AppData\Local\Programs\Python\Python39;C:\Users\Ron\AppData\Local\Programs\Python\Python39\Scripts;C:\Users\HP\AppData\Local\Programs\Microsoft VS Code\bin;C:\Users\HP\Documents\COOLYEAH\Semester 3\PBP\FLUTTER\bin;C:\Users\HP\Documents\COOLYEAH\Semester 3\PBP\FLUTTER\flutter\bin;C:\Users\HP\AppData\Local\Microsoft\WindowsApps;D:\FLUTTER\bin;C:\Users\HP\AppData\Roaming\npm
USERNAME=HP
OS=Windows_NT
PROCESSOR_IDENTIFIER=Intel64 Family 6 Model 142 Stepping 12, GenuineIntel
TMP=C:\Users\HP\AppData\Local\Temp
TEMP=C:\Users\HP\AppData\Local\Temp



Periodic native trim disabled


---------------  S Y S T E M  ---------------

OS:
 Windows 11 , 64 bit Build 22621 (10.0.22621.3085)
OS uptime: 0 days 4:32 hours
Hyper-V role detected

CPU: total 4 (initial active 4) (2 cores per cpu, 2 threads per core) family 6 model 142 stepping 12 microcode 0xec, cx8, cmov, fxsr, ht, mmx, 3dnowpref, sse, sse2, sse3, ssse3, sse4.1, sse4.2, popcnt, lzcnt, tsc, tscinvbit, avx, avx2, aes, erms, clmul, bmi1, bmi2, adx, fma, vzeroupper, clflush, clflushopt, hv
Processor Information for all 4 processors :
  Max Mhz: 2592, Current Mhz: 2093, Mhz Limit: 2073

Memory: 4k page, system-wide physical 3919M (665M free)
TotalPageFile size 15695M (AvailPageFile size 0M)
current process WorkingSet (physical memory assigned to process): 54M, peak: 54M
current process commit charge ("private bytes"): 181M, peak: 181M

vm_info: OpenJDK 64-Bit Server VM (17.0.10+7) for windows-amd64 JRE (17.0.10+7), built on Jan 16 2024 23:25:11 by "admin" with MS VC++ 16.10 / 16.11 (VS2019)

END.
