#
# There is insufficient memory for the Java Runtime Environment to continue.
# Native memory allocation (malloc) failed to allocate 262160 bytes for Chunk::new
# Possible reasons:
#   The system is out of physical RAM or swap space
#   The process is running with CompressedOops enabled, and the Java Heap may be blocking the growth of the native heap
# Possible solutions:
#   Reduce memory load on the system
#   Increase physical memory or swap space
#   Check if swap backing store is full
#   Decrease Java heap size (-Xmx/-Xms)
#   Decrease number of Java threads
#   Decrease Java thread stack sizes (-Xss)
#   Set larger code cache with -XX:ReservedCodeCacheSize=
#   JVM is running with Unscaled Compressed Oops mode in which the Java heap is
#     placed in the first 4GB address space. The Java Heap base address is the
#     maximum limit for the native heap growth. Please use -XX:HeapBaseMinAddress
#     to set the Java Heap base and to place the Java Heap above 4GB virtual address.
# This output file may be truncated or incomplete.
#
#  Out of Memory Error (arena.cpp:191), pid=15896, tid=22160
#
# JRE version: OpenJDK Runtime Environment Temurin-17.0.10+7 (17.0.10+7) (build 17.0.10+7)
# Java VM: OpenJDK 64-Bit Server VM Temurin-17.0.10+7 (17.0.10+7, mixed mode, tiered, compressed oops, compressed class ptrs, parallel gc, windows-amd64)
# No core dump will be written. Minidumps are not enabled by default on client versions of Windows
#

---------------  S U M M A R Y ------------

Command Line: --add-modules=ALL-SYSTEM --add-opens=java.base/java.util=ALL-UNNAMED --add-opens=java.base/java.lang=ALL-UNNAMED --add-opens=java.base/sun.nio.fs=ALL-UNNAMED -Declipse.application=org.eclipse.jdt.ls.core.id1 -Dosgi.bundles.defaultStartLevel=4 -Declipse.product=org.eclipse.jdt.ls.core.product -Djava.import.generatesMetadataFilesAtProjectRoot=false -DDetectVMInstallationsJob.disabled=true -Dfile.encoding=utf8 -XX:+UseParallelGC -XX:GCTimeRatio=4 -XX:AdaptiveSizePolicyWeight=90 -Dsun.zip.disableMemoryMapping=true -Xmx1G -Xms100m -Xlog:disable -javaagent:c:\Users\HP\.vscode\extensions\redhat.java-1.28.1-win32-x64\lombok\lombok-1.18.31.jar c:\Users\HP\.vscode\extensions\redhat.java-1.28.1-win32-x64\server\plugins\org.eclipse.equinox.launcher_1.6.700.v20231214-2017.jar -configuration c:\Users\HP\AppData\Roaming\Code\User\globalStorage\redhat.java\1.28.1\config_ss_win -data c:\Users\HP\AppData\Roaming\Code\User\workspaceStorage\0d828789c167c72f6f5361a28a300af2\redhat.java\ss_ws --stdio

Host: Intel(R) Core(TM) i3-10110U CPU @ 2.10GHz, 4 cores, 3G,  Windows 11 , 64 bit Build 22621 (10.0.22621.3085)
Time: Wed Mar  6 14:39:05 2024 SE Asia Standard Time elapsed time: 164.619489 seconds (0d 0h 2m 44s)

---------------  T H R E A D  ---------------

Current thread (0x00000254a4f62dc0):  JavaThread "C2 CompilerThread0" daemon [_thread_in_native, id=22160, stack(0x00000075ef200000,0x00000075ef300000)]


Current CompileTask:
C2: 164619 6688   !   4       org.eclipse.osgi.internal.loader.BundleLoader::findRequiredSource (283 bytes)

Stack: [0x00000075ef200000,0x00000075ef300000]
Native frames: (J=compiled Java code, j=interpreted, Vv=VM code, C=native code)
V  [jvm.dll+0x67d2c9]
V  [jvm.dll+0x834afa]
V  [jvm.dll+0x8365be]
V  [jvm.dll+0x836c23]
V  [jvm.dll+0x2477ff]
V  [jvm.dll+0xac514]
V  [jvm.dll+0xacb5c]
V  [jvm.dll+0xac61b]
V  [jvm.dll+0x6a2688]
V  [jvm.dll+0x34aa7b]
V  [jvm.dll+0x34b764]
V  [jvm.dll+0x34c31a]
V  [jvm.dll+0x695869]
V  [jvm.dll+0x68d71b]
V  [jvm.dll+0x68cd57]
V  [jvm.dll+0x68ac42]
V  [jvm.dll+0x1a828c]
V  [jvm.dll+0x1a8e56]
V  [jvm.dll+0x1a8e56]
V  [jvm.dll+0x2adf34]
V  [jvm.dll+0x695755]
V  [jvm.dll+0x68d71b]
V  [jvm.dll+0x68cd57]
V  [jvm.dll+0x68ac42]
V  [jvm.dll+0x1a828c]
V  [jvm.dll+0x1a8e56]
V  [jvm.dll+0x2adf34]
V  [jvm.dll+0x695755]
V  [jvm.dll+0x68d71b]
V  [jvm.dll+0x68cd57]
V  [jvm.dll+0x68ac42]
V  [jvm.dll+0x1a828c]
V  [jvm.dll+0x1a8e56]
V  [jvm.dll+0x2adf34]
V  [jvm.dll+0x695755]
V  [jvm.dll+0x68d71b]
V  [jvm.dll+0x68cd57]
V  [jvm.dll+0x68ac42]
V  [jvm.dll+0x1a828c]
V  [jvm.dll+0x1a8e56]
V  [jvm.dll+0x2adf34]
V  [jvm.dll+0x695755]
V  [jvm.dll+0x68d71b]
V  [jvm.dll+0x68cd57]
V  [jvm.dll+0x68ac42]
V  [jvm.dll+0x1a828c]
V  [jvm.dll+0x218ec8]
V  [jvm.dll+0x1a502d]
V  [jvm.dll+0x2290de]
V  [jvm.dll+0x2272ac]
V  [jvm.dll+0x7e9bb7]
V  [jvm.dll+0x7e3fba]
V  [jvm.dll+0x67c1b5]
C  [ucrtbase.dll+0x29363]
C  [KERNEL32.DLL+0x1257d]
C  [ntdll.dll+0x5aa58]


---------------  P R O C E S S  ---------------

Threads class SMR info:
_java_thread_list=0x00000254abc72d70, length=29, elements={
0x00000254910f01e0, 0x00000254a4f2c010, 0x00000254a4f2e7d0, 0x00000254a4f5df20,
0x00000254a4f5ebb0, 0x00000254a4f5f7e0, 0x00000254a4f621c0, 0x00000254a4f62dc0,
0x00000254a4f7e880, 0x00000254aa13b480, 0x000002549114fd30, 0x00000254aa3d7560,
0x00000254aa9eb310, 0x00000254aabc56f0, 0x00000254aaa4fab0, 0x00000254aa1cb7b0,
0x00000254aabbf430, 0x00000254aabbdff0, 0x00000254aabbea10, 0x00000254aabc0870,
0x00000254aabbef20, 0x00000254aabbf940, 0x00000254aabbfe50, 0x00000254aabc0360,
0x00000254aabc0d80, 0x00000254ab9bb770, 0x00000254ab9bdff0, 0x00000254ab9bcbb0,
0x00000254ab9bd0c0
}

Java Threads: ( => current thread )
  0x00000254910f01e0 JavaThread "main" [_thread_blocked, id=10276, stack(0x00000075ee800000,0x00000075ee900000)]
  0x00000254a4f2c010 JavaThread "Reference Handler" daemon [_thread_blocked, id=11132, stack(0x00000075eec00000,0x00000075eed00000)]
  0x00000254a4f2e7d0 JavaThread "Finalizer" daemon [_thread_blocked, id=19960, stack(0x00000075eed00000,0x00000075eee00000)]
  0x00000254a4f5df20 JavaThread "Signal Dispatcher" daemon [_thread_blocked, id=1600, stack(0x00000075eee00000,0x00000075eef00000)]
  0x00000254a4f5ebb0 JavaThread "Attach Listener" daemon [_thread_blocked, id=16516, stack(0x00000075eef00000,0x00000075ef000000)]
  0x00000254a4f5f7e0 JavaThread "Service Thread" daemon [_thread_blocked, id=20428, stack(0x00000075ef000000,0x00000075ef100000)]
  0x00000254a4f621c0 JavaThread "Monitor Deflation Thread" daemon [_thread_blocked, id=6724, stack(0x00000075ef100000,0x00000075ef200000)]
=>0x00000254a4f62dc0 JavaThread "C2 CompilerThread0" daemon [_thread_in_native, id=22160, stack(0x00000075ef200000,0x00000075ef300000)]
  0x00000254a4f7e880 JavaThread "C1 CompilerThread0" daemon [_thread_blocked, id=21520, stack(0x00000075ef300000,0x00000075ef400000)]
  0x00000254aa13b480 JavaThread "Sweeper thread" daemon [_thread_blocked, id=4084, stack(0x00000075ef400000,0x00000075ef500000)]
  0x000002549114fd30 JavaThread "Common-Cleaner" daemon [_thread_blocked, id=9184, stack(0x00000075ef500000,0x00000075ef600000)]
  0x00000254aa3d7560 JavaThread "Notification Thread" daemon [_thread_blocked, id=16004, stack(0x00000075ef600000,0x00000075ef700000)]
  0x00000254aa9eb310 JavaThread "Active Thread: Equinox Container: 6fbf229d-b200-46f0-aa29-2db21ba77da0" [_thread_blocked, id=6136, stack(0x00000075efb00000,0x00000075efc00000)]
  0x00000254aabc56f0 JavaThread "Framework Event Dispatcher: Equinox Container: 6fbf229d-b200-46f0-aa29-2db21ba77da0" daemon [_thread_blocked, id=20660, stack(0x00000075efc00000,0x00000075efd00000)]
  0x00000254aaa4fab0 JavaThread "Start Level: Equinox Container: 6fbf229d-b200-46f0-aa29-2db21ba77da0" daemon [_thread_blocked, id=20932, stack(0x00000075efd00000,0x00000075efe00000)]
  0x00000254aa1cb7b0 JavaThread "SCR Component Actor" daemon [_thread_blocked, id=3992, stack(0x00000075efe00000,0x00000075eff00000)]
  0x00000254aabbf430 JavaThread "Worker-JM" [_thread_blocked, id=21880, stack(0x00000075f0000000,0x00000075f0100000)]
  0x00000254aabbdff0 JavaThread "Worker-1" [_thread_blocked, id=22112, stack(0x00000075f0200000,0x00000075f0300000)]
  0x00000254aabbea10 JavaThread "JNA Cleaner" daemon [_thread_blocked, id=21632, stack(0x00000075f0300000,0x00000075f0400000)]
  0x00000254aabc0870 JavaThread "pool-2-thread-1" [_thread_blocked, id=13696, stack(0x00000075f0400000,0x00000075f0500000)]
  0x00000254aabbef20 JavaThread "WorkspaceEventsHandler" [_thread_blocked, id=19020, stack(0x00000075eff00000,0x00000075f0000000)]
  0x00000254aabbf940 JavaThread "pool-1-thread-1" [_thread_in_native, id=18352, stack(0x00000075f0500000,0x00000075f0600000)]
  0x00000254aabbfe50 JavaThread "ForkJoinPool.commonPool-worker-1" daemon [_thread_blocked, id=20560, stack(0x00000075f0600000,0x00000075f0700000)]
  0x00000254aabc0360 JavaThread "ForkJoinPool.commonPool-worker-2" daemon [_thread_blocked, id=6984, stack(0x00000075f0700000,0x00000075f0800000)]
  0x00000254aabc0d80 JavaThread "ForkJoinPool.commonPool-worker-3" daemon [_thread_blocked, id=5572, stack(0x00000075f0800000,0x00000075f0900000)]
  0x00000254ab9bb770 JavaThread "Worker-2" [_thread_blocked, id=21744, stack(0x00000075f0900000,0x00000075f0a00000)]
  0x00000254ab9bdff0 JavaThread "Worker-3" [_thread_blocked, id=11824, stack(0x00000075f0a00000,0x00000075f0b00000)]
  0x00000254ab9bcbb0 JavaThread "pool-3-thread-1" [_thread_blocked, id=20668, stack(0x00000075ee600000,0x00000075ee700000)]
  0x00000254ab9bd0c0 JavaThread "Framework stop - Equinox Container: 6fbf229d-b200-46f0-aa29-2db21ba77da0" [_thread_in_vm, id=7664, stack(0x00000075ee700000,0x00000075ee800000)]

Other Threads:
  0x00000254a4f18670 VMThread "VM Thread" [stack: 0x00000075eeb00000,0x00000075eec00000] [id=17064]
  0x00000254aa405af0 WatcherThread [stack: 0x00000075ef700000,0x00000075ef800000] [id=2812]
  0x0000025491103b80 GCTaskThread "GC Thread#0" [stack: 0x00000075eea00000,0x00000075eeb00000] [id=18536]
  0x00000254aa84a500 GCTaskThread "GC Thread#1" [stack: 0x00000075ef800000,0x00000075ef900000] [id=18644]
  0x00000254aa84a7c0 GCTaskThread "GC Thread#2" [stack: 0x00000075ef900000,0x00000075efa00000] [id=7900]
  0x00000254aa84aa80 GCTaskThread "GC Thread#3" [stack: 0x00000075efa00000,0x00000075efb00000] [id=13692]

Threads with active compile tasks:
C2 CompilerThread0   164677 6688   !   4       org.eclipse.osgi.internal.loader.BundleLoader::findRequiredSource (283 bytes)

VM state: not at safepoint (normal execution)

VM Mutex/Monitor currently owned by a thread: None

Heap address: 0x00000000c0000000, size: 1024 MB, Compressed Oops mode: 32-bit

CDS archive(s) not mapped
Compressed class space mapped at: 0x0000000100000000-0x0000000140000000, reserved size: 1073741824
Narrow klass base: 0x0000000000000000, Narrow klass shift: 3, Narrow klass range: 0x140000000

GC Precious Log:
 CPUs: 4 total, 4 available
 Memory: 3919M
 Large Page Support: Disabled
 NUMA Support: Disabled
 Compressed Oops: Enabled (32-bit)
 Alignments: Space 512K, Generation 512K, Heap 2M
 Heap Min Capacity: 100M
 Heap Initial Capacity: 100M
 Heap Max Capacity: 1G
 Pre-touch: Disabled
 Parallel Workers: 4

Heap:
 PSYoungGen      total 23552K, used 2969K [0x00000000eab00000, 0x00000000ec480000, 0x0000000100000000)
  eden space 20992K, 4% used [0x00000000eab00000,0x00000000eabe63f0,0x00000000ebf80000)
  from space 2560K, 80% used [0x00000000ec000000,0x00000000ec200360,0x00000000ec280000)
  to   space 2048K, 0% used [0x00000000ec280000,0x00000000ec280000,0x00000000ec480000)
 ParOldGen       total 68608K, used 34578K [0x00000000c0000000, 0x00000000c4300000, 0x00000000eab00000)
  object space 68608K, 50% used [0x00000000c0000000,0x00000000c21c4a10,0x00000000c4300000)
 Metaspace       used 50306K, committed 51072K, reserved 1114112K
  class space    used 5008K, committed 5376K, reserved 1048576K

Card table byte_map: [0x0000025490a80000,0x0000025490c90000] _byte_map_base: 0x0000025490480000

Marking Bits: (ParMarkBitMap*) 0x00007ffc8361d7d0
 Begin Bits: [0x00000254a2d80000, 0x00000254a3d80000)
 End Bits:   [0x00000254a3d80000, 0x00000254a4d80000)

Polling page: 0x000002548f030000

Metaspace:

Usage:
  Non-class:     44.24 MB used.
      Class:      4.89 MB used.
       Both:     49.13 MB used.

Virtual space:
  Non-class space:       64.00 MB reserved,      44.62 MB ( 70%) committed,  1 nodes.
      Class space:        1.00 GB reserved,       5.25 MB ( <1%) committed,  1 nodes.
             Both:        1.06 GB reserved,      49.88 MB (  5%) committed. 

Chunk freelists:
   Non-Class:  2.88 MB
       Class:  10.70 MB
        Both:  13.57 MB

MaxMetaspaceSize: unlimited
CompressedClassSpaceSize: 1.00 GB
Initial GC threshold: 21.00 MB
Current GC threshold: 58.38 MB
CDS: off
MetaspaceReclaimPolicy: balanced
 - commit_granule_bytes: 65536.
 - commit_granule_words: 8192.
 - virtual_space_node_default_size: 8388608.
 - enlarge_chunks_in_place: 1.
 - new_chunks_are_fully_committed: 0.
 - uncommit_free_chunks: 1.
 - use_allocation_guard: 0.
 - handle_deallocations: 1.


Internal statistics:

num_allocs_failed_limit: 8.
num_arena_births: 474.
num_arena_deaths: 14.
num_vsnodes_births: 2.
num_vsnodes_deaths: 0.
num_space_committed: 798.
num_space_uncommitted: 0.
num_chunks_returned_to_freelist: 22.
num_chunks_taken_from_freelist: 2255.
num_chunk_merges: 8.
num_chunk_splits: 1443.
num_chunks_enlarged: 926.
num_inconsistent_stats: 0.

CodeHeap 'non-profiled nmethods': size=120000Kb used=3853Kb max_used=3853Kb free=116146Kb
 bounds [0x000002549b850000, 0x000002549bc20000, 0x00000254a2d80000]
CodeHeap 'profiled nmethods': size=120000Kb used=13778Kb max_used=13778Kb free=106221Kb
 bounds [0x0000025493d80000, 0x0000025494b00000, 0x000002549b2b0000]
CodeHeap 'non-nmethods': size=5760Kb used=1333Kb max_used=1438Kb free=4426Kb
 bounds [0x000002549b2b0000, 0x000002549b520000, 0x000002549b850000]
 total_blobs=6586 nmethods=5917 adapters=581
 compilation: enabled
              stopped_count=0, restarted_count=0
 full_count=0

Compilation events (20 events):
Event: 164.548 Thread 0x00000254a4f62dc0 nmethod 6678 0x000002549bc12290 code [0x000002549bc12440, 0x000002549bc128b8]
Event: 164.548 Thread 0x00000254a4f62dc0 6679       4       org.eclipse.osgi.framework.eventmgr.CopyOnWriteIdentityMap$Snapshot$SnapshotIterator::hasNext (15 bytes)
Event: 164.548 Thread 0x00000254a4f62dc0 nmethod 6679 0x000002549bc12c10 code [0x000002549bc12d80, 0x000002549bc12e18]
Event: 164.552 Thread 0x00000254a4f7e880 6680       3       org.eclipse.core.runtime.ServiceCaller$ReferenceAndService::bundleChanged (32 bytes)
Event: 164.553 Thread 0x00000254a4f7e880 nmethod 6680 0x0000025494aeba90 code [0x0000025494aebcc0, 0x0000025494aec438]
Event: 164.577 Thread 0x00000254a4f7e880 6681       3       com.sun.org.apache.xerces.internal.util.ParserConfigurationSettings::addRecognizedFeatures (56 bytes)
Event: 164.578 Thread 0x00000254a4f7e880 nmethod 6681 0x0000025494aec890 code [0x0000025494aeca60, 0x0000025494aece98]
Event: 164.578 Thread 0x00000254a4f7e880 6682       3       com.sun.org.apache.xerces.internal.impl.XMLDocumentScannerImpl::getFeatureDefault (40 bytes)
Event: 164.578 Thread 0x00000254a4f7e880 nmethod 6682 0x0000025494aed090 code [0x0000025494aed260, 0x0000025494aed538]
Event: 164.578 Thread 0x00000254a4f7e880 6683       3       com.sun.org.apache.xerces.internal.dom.AttributeMap::setNamedItem (313 bytes)
Event: 164.581 Thread 0x00000254a4f62dc0 6686       4       java.util.concurrent.locks.ReentrantReadWriteLock$Sync::tryReleaseShared (146 bytes)
Event: 164.582 Thread 0x00000254a4f7e880 nmethod 6683 0x0000025494aed690 code [0x0000025494aeda80, 0x0000025494aef8c8]
Event: 164.582 Thread 0x00000254a4f7e880 6685       3       com.sun.org.apache.xml.internal.serializer.WriterToUTF8Buffered::write (296 bytes)
Event: 164.583 Thread 0x00000254a4f7e880 nmethod 6685 0x0000025494af0190 code [0x0000025494af0380, 0x0000025494af09e8]
Event: 164.583 Thread 0x00000254a4f7e880 6684       3       com.sun.org.apache.xerces.internal.dom.DocumentImpl::setAttrNode (40 bytes)
Event: 164.583 Thread 0x00000254a4f7e880 nmethod 6684 0x0000025494af0c90 code [0x0000025494af0e60, 0x0000025494af1348]
Event: 164.583 Thread 0x00000254a4f7e880 6687       3       org.eclipse.osgi.internal.framework.BundleContextImpl::getBundle (9 bytes)
Event: 164.584 Thread 0x00000254a4f7e880 nmethod 6687 0x0000025494af1510 code [0x0000025494af16c0, 0x0000025494af1848]
Event: 164.585 Thread 0x00000254a4f62dc0 nmethod 6686 0x000002549bc12f10 code [0x000002549bc130c0, 0x000002549bc13350]
Event: 164.585 Thread 0x00000254a4f62dc0 6688   !   4       org.eclipse.osgi.internal.loader.BundleLoader::findRequiredSource (283 bytes)

GC Heap History (20 events):
Event: 32.322 GC heap before
{Heap before GC invocations=18 (full 2):
 PSYoungGen      total 23552K, used 23316K [0x00000000eab00000, 0x00000000ec680000, 0x0000000100000000)
  eden space 20992K, 99% used [0x00000000eab00000,0x00000000ebf7e5e8,0x00000000ebf80000)
  from space 2560K, 91% used [0x00000000ebf80000,0x00000000ec1c6cd0,0x00000000ec200000)
  to   space 3584K, 0% used [0x00000000ec300000,0x00000000ec300000,0x00000000ec680000)
 ParOldGen       total 68608K, used 24161K [0x00000000c0000000, 0x00000000c4300000, 0x00000000eab00000)
  object space 68608K, 35% used [0x00000000c0000000,0x00000000c1798790,0x00000000c4300000)
 Metaspace       used 40628K, committed 41344K, reserved 1114112K
  class space    used 4144K, committed 4416K, reserved 1048576K
}
Event: 32.327 GC heap after
{Heap after GC invocations=18 (full 2):
 PSYoungGen      total 22016K, used 704K [0x00000000eab00000, 0x00000000ec400000, 0x0000000100000000)
  eden space 20992K, 0% used [0x00000000eab00000,0x00000000eab00000,0x00000000ebf80000)
  from space 1024K, 68% used [0x00000000ec300000,0x00000000ec3b0080,0x00000000ec400000)
  to   space 1536K, 0% used [0x00000000ec100000,0x00000000ec100000,0x00000000ec280000)
 ParOldGen       total 68608K, used 26281K [0x00000000c0000000, 0x00000000c4300000, 0x00000000eab00000)
  object space 68608K, 38% used [0x00000000c0000000,0x00000000c19aa798,0x00000000c4300000)
 Metaspace       used 40628K, committed 41344K, reserved 1114112K
  class space    used 4144K, committed 4416K, reserved 1048576K
}
Event: 33.010 GC heap before
{Heap before GC invocations=19 (full 2):
 PSYoungGen      total 22016K, used 21696K [0x00000000eab00000, 0x00000000ec400000, 0x0000000100000000)
  eden space 20992K, 100% used [0x00000000eab00000,0x00000000ebf80000,0x00000000ebf80000)
  from space 1024K, 68% used [0x00000000ec300000,0x00000000ec3b0080,0x00000000ec400000)
  to   space 1536K, 0% used [0x00000000ec100000,0x00000000ec100000,0x00000000ec280000)
 ParOldGen       total 68608K, used 26281K [0x00000000c0000000, 0x00000000c4300000, 0x00000000eab00000)
  object space 68608K, 38% used [0x00000000c0000000,0x00000000c19aa798,0x00000000c4300000)
 Metaspace       used 41919K, committed 42624K, reserved 1114112K
  class space    used 4258K, committed 4544K, reserved 1048576K
}
Event: 33.012 GC heap after
{Heap after GC invocations=19 (full 2):
 PSYoungGen      total 22528K, used 1182K [0x00000000eab00000, 0x00000000ec380000, 0x0000000100000000)
  eden space 20992K, 0% used [0x00000000eab00000,0x00000000eab00000,0x00000000ebf80000)
  from space 1536K, 76% used [0x00000000ec100000,0x00000000ec227aa0,0x00000000ec280000)
  to   space 1024K, 0% used [0x00000000ec280000,0x00000000ec280000,0x00000000ec380000)
 ParOldGen       total 68608K, used 26898K [0x00000000c0000000, 0x00000000c4300000, 0x00000000eab00000)
  object space 68608K, 39% used [0x00000000c0000000,0x00000000c1a44818,0x00000000c4300000)
 Metaspace       used 41919K, committed 42624K, reserved 1114112K
  class space    used 4258K, committed 4544K, reserved 1048576K
}
Event: 33.157 GC heap before
{Heap before GC invocations=20 (full 2):
 PSYoungGen      total 22528K, used 22174K [0x00000000eab00000, 0x00000000ec380000, 0x0000000100000000)
  eden space 20992K, 100% used [0x00000000eab00000,0x00000000ebf80000,0x00000000ebf80000)
  from space 1536K, 76% used [0x00000000ec100000,0x00000000ec227aa0,0x00000000ec280000)
  to   space 1024K, 0% used [0x00000000ec280000,0x00000000ec280000,0x00000000ec380000)
 ParOldGen       total 68608K, used 26898K [0x00000000c0000000, 0x00000000c4300000, 0x00000000eab00000)
  object space 68608K, 39% used [0x00000000c0000000,0x00000000c1a44818,0x00000000c4300000)
 Metaspace       used 41945K, committed 42624K, reserved 1114112K
  class space    used 4258K, committed 4544K, reserved 1048576K
}
Event: 33.160 GC heap after
{Heap after GC invocations=20 (full 2):
 PSYoungGen      total 22016K, used 741K [0x00000000eab00000, 0x00000000ec380000, 0x0000000100000000)
  eden space 20992K, 0% used [0x00000000eab00000,0x00000000eab00000,0x00000000ebf80000)
  from space 1024K, 72% used [0x00000000ec280000,0x00000000ec339538,0x00000000ec380000)
  to   space 1024K, 0% used [0x00000000ec180000,0x00000000ec180000,0x00000000ec280000)
 ParOldGen       total 68608K, used 27689K [0x00000000c0000000, 0x00000000c4300000, 0x00000000eab00000)
  object space 68608K, 40% used [0x00000000c0000000,0x00000000c1b0a7c0,0x00000000c4300000)
 Metaspace       used 41945K, committed 42624K, reserved 1114112K
  class space    used 4258K, committed 4544K, reserved 1048576K
}
Event: 33.725 GC heap before
{Heap before GC invocations=21 (full 2):
 PSYoungGen      total 22016K, used 21733K [0x00000000eab00000, 0x00000000ec380000, 0x0000000100000000)
  eden space 20992K, 100% used [0x00000000eab00000,0x00000000ebf80000,0x00000000ebf80000)
  from space 1024K, 72% used [0x00000000ec280000,0x00000000ec339538,0x00000000ec380000)
  to   space 1024K, 0% used [0x00000000ec180000,0x00000000ec180000,0x00000000ec280000)
 ParOldGen       total 68608K, used 27689K [0x00000000c0000000, 0x00000000c4300000, 0x00000000eab00000)
  object space 68608K, 40% used [0x00000000c0000000,0x00000000c1b0a7c0,0x00000000c4300000)
 Metaspace       used 44047K, committed 44800K, reserved 1114112K
  class space    used 4479K, committed 4800K, reserved 1048576K
}
Event: 33.728 GC heap after
{Heap after GC invocations=21 (full 2):
 PSYoungGen      total 21504K, used 448K [0x00000000eab00000, 0x00000000ec300000, 0x0000000100000000)
  eden space 20992K, 0% used [0x00000000eab00000,0x00000000eab00000,0x00000000ebf80000)
  from space 512K, 87% used [0x00000000ec180000,0x00000000ec1f0000,0x00000000ec200000)
  to   space 1024K, 0% used [0x00000000ec200000,0x00000000ec200000,0x00000000ec300000)
 ParOldGen       total 68608K, used 27705K [0x00000000c0000000, 0x00000000c4300000, 0x00000000eab00000)
  object space 68608K, 40% used [0x00000000c0000000,0x00000000c1b0e7c0,0x00000000c4300000)
 Metaspace       used 44047K, committed 44800K, reserved 1114112K
  class space    used 4479K, committed 4800K, reserved 1048576K
}
Event: 35.229 GC heap before
{Heap before GC invocations=22 (full 2):
 PSYoungGen      total 21504K, used 21403K [0x00000000eab00000, 0x00000000ec300000, 0x0000000100000000)
  eden space 20992K, 99% used [0x00000000eab00000,0x00000000ebf76ea8,0x00000000ebf80000)
  from space 512K, 87% used [0x00000000ec180000,0x00000000ec1f0000,0x00000000ec200000)
  to   space 1024K, 0% used [0x00000000ec200000,0x00000000ec200000,0x00000000ec300000)
 ParOldGen       total 68608K, used 27705K [0x00000000c0000000, 0x00000000c4300000, 0x00000000eab00000)
  object space 68608K, 40% used [0x00000000c0000000,0x00000000c1b0e7c0,0x00000000c4300000)
 Metaspace       used 46436K, committed 47232K, reserved 1114112K
  class space    used 4722K, committed 5056K, reserved 1048576K
}
Event: 35.232 GC heap after
{Heap after GC invocations=22 (full 2):
 PSYoungGen      total 22016K, used 1024K [0x00000000eab00000, 0x00000000ec380000, 0x0000000100000000)
  eden space 20992K, 0% used [0x00000000eab00000,0x00000000eab00000,0x00000000ebf80000)
  from space 1024K, 100% used [0x00000000ec200000,0x00000000ec300000,0x00000000ec300000)
  to   space 2048K, 0% used [0x00000000ebf80000,0x00000000ebf80000,0x00000000ec180000)
 ParOldGen       total 68608K, used 28382K [0x00000000c0000000, 0x00000000c4300000, 0x00000000eab00000)
  object space 68608K, 41% used [0x00000000c0000000,0x00000000c1bb7810,0x00000000c4300000)
 Metaspace       used 46436K, committed 47232K, reserved 1114112K
  class space    used 4722K, committed 5056K, reserved 1048576K
}
Event: 36.090 GC heap before
{Heap before GC invocations=23 (full 2):
 PSYoungGen      total 22016K, used 22016K [0x00000000eab00000, 0x00000000ec380000, 0x0000000100000000)
  eden space 20992K, 100% used [0x00000000eab00000,0x00000000ebf80000,0x00000000ebf80000)
  from space 1024K, 100% used [0x00000000ec200000,0x00000000ec300000,0x00000000ec300000)
  to   space 2048K, 0% used [0x00000000ebf80000,0x00000000ebf80000,0x00000000ec180000)
 ParOldGen       total 68608K, used 28382K [0x00000000c0000000, 0x00000000c4300000, 0x00000000eab00000)
  object space 68608K, 41% used [0x00000000c0000000,0x00000000c1bb7810,0x00000000c4300000)
 Metaspace       used 47143K, committed 47936K, reserved 1114112K
  class space    used 4784K, committed 5120K, reserved 1048576K
}
Event: 36.093 GC heap after
{Heap after GC invocations=23 (full 2):
 PSYoungGen      total 22528K, used 1198K [0x00000000eab00000, 0x00000000ec280000, 0x0000000100000000)
  eden space 20992K, 0% used [0x00000000eab00000,0x00000000eab00000,0x00000000ebf80000)
  from space 1536K, 78% used [0x00000000ebf80000,0x00000000ec0aba50,0x00000000ec100000)
  to   space 1536K, 0% used [0x00000000ec100000,0x00000000ec100000,0x00000000ec280000)
 ParOldGen       total 68608K, used 29400K [0x00000000c0000000, 0x00000000c4300000, 0x00000000eab00000)
  object space 68608K, 42% used [0x00000000c0000000,0x00000000c1cb6060,0x00000000c4300000)
 Metaspace       used 47143K, committed 47936K, reserved 1114112K
  class space    used 4784K, committed 5120K, reserved 1048576K
}
Event: 36.780 GC heap before
{Heap before GC invocations=24 (full 2):
 PSYoungGen      total 22528K, used 22190K [0x00000000eab00000, 0x00000000ec280000, 0x0000000100000000)
  eden space 20992K, 100% used [0x00000000eab00000,0x00000000ebf80000,0x00000000ebf80000)
  from space 1536K, 78% used [0x00000000ebf80000,0x00000000ec0aba50,0x00000000ec100000)
  to   space 1536K, 0% used [0x00000000ec100000,0x00000000ec100000,0x00000000ec280000)
 ParOldGen       total 68608K, used 29400K [0x00000000c0000000, 0x00000000c4300000, 0x00000000eab00000)
  object space 68608K, 42% used [0x00000000c0000000,0x00000000c1cb6060,0x00000000c4300000)
 Metaspace       used 48276K, committed 49024K, reserved 1114112K
  class space    used 4881K, committed 5184K, reserved 1048576K
}
Event: 36.786 GC heap after
{Heap after GC invocations=24 (full 2):
 PSYoungGen      total 22528K, used 1417K [0x00000000eab00000, 0x00000000ec280000, 0x0000000100000000)
  eden space 20992K, 0% used [0x00000000eab00000,0x00000000eab00000,0x00000000ebf80000)
  from space 1536K, 92% used [0x00000000ec100000,0x00000000ec262480,0x00000000ec280000)
  to   space 1536K, 0% used [0x00000000ebf80000,0x00000000ebf80000,0x00000000ec100000)
 ParOldGen       total 68608K, used 30475K [0x00000000c0000000, 0x00000000c4300000, 0x00000000eab00000)
  object space 68608K, 44% used [0x00000000c0000000,0x00000000c1dc2fc0,0x00000000c4300000)
 Metaspace       used 48276K, committed 49024K, reserved 1114112K
  class space    used 4881K, committed 5184K, reserved 1048576K
}
Event: 75.227 GC heap before
{Heap before GC invocations=25 (full 2):
 PSYoungGen      total 22528K, used 22409K [0x00000000eab00000, 0x00000000ec280000, 0x0000000100000000)
  eden space 20992K, 100% used [0x00000000eab00000,0x00000000ebf80000,0x00000000ebf80000)
  from space 1536K, 92% used [0x00000000ec100000,0x00000000ec262480,0x00000000ec280000)
  to   space 1536K, 0% used [0x00000000ebf80000,0x00000000ebf80000,0x00000000ec100000)
 ParOldGen       total 68608K, used 30475K [0x00000000c0000000, 0x00000000c4300000, 0x00000000eab00000)
  object space 68608K, 44% used [0x00000000c0000000,0x00000000c1dc2fc0,0x00000000c4300000)
 Metaspace       used 49147K, committed 49920K, reserved 1114112K
  class space    used 4928K, committed 5248K, reserved 1048576K
}
Event: 75.279 GC heap after
{Heap after GC invocations=25 (full 2):
 PSYoungGen      total 22528K, used 1520K [0x00000000eab00000, 0x00000000ec680000, 0x0000000100000000)
  eden space 20992K, 0% used [0x00000000eab00000,0x00000000eab00000,0x00000000ebf80000)
  from space 1536K, 98% used [0x00000000ebf80000,0x00000000ec0fc050,0x00000000ec100000)
  to   space 3584K, 0% used [0x00000000ec300000,0x00000000ec300000,0x00000000ec680000)
 ParOldGen       total 68608K, used 31998K [0x00000000c0000000, 0x00000000c4300000, 0x00000000eab00000)
  object space 68608K, 46% used [0x00000000c0000000,0x00000000c1f3fa20,0x00000000c4300000)
 Metaspace       used 49147K, committed 49920K, reserved 1114112K
  class space    used 4928K, committed 5248K, reserved 1048576K
}
Event: 116.281 GC heap before
{Heap before GC invocations=26 (full 2):
 PSYoungGen      total 22528K, used 22512K [0x00000000eab00000, 0x00000000ec680000, 0x0000000100000000)
  eden space 20992K, 100% used [0x00000000eab00000,0x00000000ebf80000,0x00000000ebf80000)
  from space 1536K, 98% used [0x00000000ebf80000,0x00000000ec0fc050,0x00000000ec100000)
  to   space 3584K, 0% used [0x00000000ec300000,0x00000000ec300000,0x00000000ec680000)
 ParOldGen       total 68608K, used 31998K [0x00000000c0000000, 0x00000000c4300000, 0x00000000eab00000)
  object space 68608K, 46% used [0x00000000c0000000,0x00000000c1f3fa20,0x00000000c4300000)
 Metaspace       used 49550K, committed 50304K, reserved 1114112K
  class space    used 4946K, committed 5248K, reserved 1048576K
}
Event: 116.337 GC heap after
{Heap after GC invocations=26 (full 2):
 PSYoungGen      total 23040K, used 1611K [0x00000000eab00000, 0x00000000ec500000, 0x0000000100000000)
  eden space 20992K, 0% used [0x00000000eab00000,0x00000000eab00000,0x00000000ebf80000)
  from space 2048K, 78% used [0x00000000ec300000,0x00000000ec492c60,0x00000000ec500000)
  to   space 2560K, 0% used [0x00000000ec000000,0x00000000ec000000,0x00000000ec280000)
 ParOldGen       total 68608K, used 33482K [0x00000000c0000000, 0x00000000c4300000, 0x00000000eab00000)
  object space 68608K, 48% used [0x00000000c0000000,0x00000000c20b2818,0x00000000c4300000)
 Metaspace       used 49550K, committed 50304K, reserved 1114112K
  class space    used 4946K, committed 5248K, reserved 1048576K
}
Event: 164.426 GC heap before
{Heap before GC invocations=27 (full 2):
 PSYoungGen      total 23040K, used 22603K [0x00000000eab00000, 0x00000000ec500000, 0x0000000100000000)
  eden space 20992K, 100% used [0x00000000eab00000,0x00000000ebf80000,0x00000000ebf80000)
  from space 2048K, 78% used [0x00000000ec300000,0x00000000ec492c60,0x00000000ec500000)
  to   space 2560K, 0% used [0x00000000ec000000,0x00000000ec000000,0x00000000ec280000)
 ParOldGen       total 68608K, used 33482K [0x00000000c0000000, 0x00000000c4300000, 0x00000000eab00000)
  object space 68608K, 48% used [0x00000000c0000000,0x00000000c20b2818,0x00000000c4300000)
 Metaspace       used 50206K, committed 51008K, reserved 1114112K
  class space    used 4995K, committed 5376K, reserved 1048576K
}
Event: 164.502 GC heap after
{Heap after GC invocations=27 (full 2):
 PSYoungGen      total 23552K, used 2048K [0x00000000eab00000, 0x00000000ec480000, 0x0000000100000000)
  eden space 20992K, 0% used [0x00000000eab00000,0x00000000eab00000,0x00000000ebf80000)
  from space 2560K, 80% used [0x00000000ec000000,0x00000000ec200360,0x00000000ec280000)
  to   space 2048K, 0% used [0x00000000ec280000,0x00000000ec280000,0x00000000ec480000)
 ParOldGen       total 68608K, used 34578K [0x00000000c0000000, 0x00000000c4300000, 0x00000000eab00000)
  object space 68608K, 50% used [0x00000000c0000000,0x00000000c21c4a10,0x00000000c4300000)
 Metaspace       used 50206K, committed 51008K, reserved 1114112K
  class space    used 4995K, committed 5376K, reserved 1048576K
}

Dll operation events (10 events):
Event: 0.411 Loaded shared library c:\Users\HP\.vscode\extensions\redhat.java-1.28.1-win32-x64\jre\17.0.10-win32-x86_64\bin\java.dll
Event: 1.685 Loaded shared library c:\Users\HP\.vscode\extensions\redhat.java-1.28.1-win32-x64\jre\17.0.10-win32-x86_64\bin\zip.dll
Event: 1.814 Loaded shared library C:\Users\HP\.vscode\extensions\redhat.java-1.28.1-win32-x64\jre\17.0.10-win32-x86_64\bin\instrument.dll
Event: 1.912 Loaded shared library C:\Users\HP\.vscode\extensions\redhat.java-1.28.1-win32-x64\jre\17.0.10-win32-x86_64\bin\net.dll
Event: 2.031 Loaded shared library C:\Users\HP\.vscode\extensions\redhat.java-1.28.1-win32-x64\jre\17.0.10-win32-x86_64\bin\nio.dll
Event: 2.058 Loaded shared library C:\Users\HP\.vscode\extensions\redhat.java-1.28.1-win32-x64\jre\17.0.10-win32-x86_64\bin\zip.dll
Event: 2.167 Loaded shared library C:\Users\HP\.vscode\extensions\redhat.java-1.28.1-win32-x64\jre\17.0.10-win32-x86_64\bin\jimage.dll
Event: 2.677 Loaded shared library c:\Users\HP\.vscode\extensions\redhat.java-1.28.1-win32-x64\jre\17.0.10-win32-x86_64\bin\verify.dll
Event: 19.972 Loaded shared library C:\Users\HP\AppData\Roaming\Code\User\globalStorage\redhat.java\1.28.1\config_ss_win\org.eclipse.equinox.launcher\org.eclipse.equinox.launcher.win32.win32.x86_64_1.2.900.v20240129-1338\eclipse_11900.dll
Event: 26.331 Loaded shared library C:\Users\HP\AppData\Local\Temp\jna-2312\jna5985749957956526619.dll

Deoptimization events (20 events):
Event: 163.546 Thread 0x00000254ab9bb770 Uncommon trap: trap_request=0xffffffde fr.pc=0x000002549b9e952c relative=0x0000000000000d6c
Event: 163.546 Thread 0x00000254ab9bb770 Uncommon trap: reason=class_check action=maybe_recompile pc=0x000002549b9e952c method=java.util.Spliterators$1Adapter.hasNext()Z @ 12 c2
Event: 163.546 Thread 0x00000254ab9bb770 DEOPT PACKING pc=0x000002549b9e952c sp=0x00000075f09fea90
Event: 163.546 Thread 0x00000254ab9bb770 DEOPT UNPACKING pc=0x000002549b3066a3 sp=0x00000075f09fea58 mode 2
Event: 163.856 Thread 0x00000254ab9bb770 Uncommon trap: trap_request=0xffffff45 fr.pc=0x000002549bb52bac relative=0x0000000000000eac
Event: 163.856 Thread 0x00000254ab9bb770 Uncommon trap: reason=unstable_if action=reinterpret pc=0x000002549bb52bac method=org.eclipse.core.runtime.Path.toOSString()Ljava/lang/String; @ 66 c2
Event: 163.856 Thread 0x00000254ab9bb770 DEOPT PACKING pc=0x000002549bb52bac sp=0x00000075f09feee0
Event: 163.856 Thread 0x00000254ab9bb770 DEOPT UNPACKING pc=0x000002549b3066a3 sp=0x00000075f09feea0 mode 2
Event: 164.088 Thread 0x00000254ab9bb770 Uncommon trap: trap_request=0xffffffde fr.pc=0x000002549b8e5ec4 relative=0x00000000000007c4
Event: 164.088 Thread 0x00000254ab9bb770 Uncommon trap: reason=class_check action=maybe_recompile pc=0x000002549b8e5ec4 method=java.util.HashMap.computeIfAbsent(Ljava/lang/Object;Ljava/util/function/Function;)Ljava/lang/Object; @ 188 c2
Event: 164.088 Thread 0x00000254ab9bb770 DEOPT PACKING pc=0x000002549b8e5ec4 sp=0x00000075f09ff110
Event: 164.089 Thread 0x00000254ab9bb770 DEOPT UNPACKING pc=0x000002549b3066a3 sp=0x00000075f09ff0b8 mode 2
Event: 164.120 Thread 0x00000254ab9bb770 Uncommon trap: trap_request=0xffffff45 fr.pc=0x000002549b99bdd0 relative=0x00000000000001b0
Event: 164.120 Thread 0x00000254ab9bb770 Uncommon trap: reason=unstable_if action=reinterpret pc=0x000002549b99bdd0 method=jdk.internal.org.objectweb.asm.Frame.push(I)V @ 26 c2
Event: 164.120 Thread 0x00000254ab9bb770 DEOPT PACKING pc=0x000002549b99bdd0 sp=0x00000075f09fd700
Event: 164.120 Thread 0x00000254ab9bb770 DEOPT UNPACKING pc=0x000002549b3066a3 sp=0x00000075f09fd688 mode 2
Event: 164.578 Thread 0x00000254ab9bd0c0 Uncommon trap: trap_request=0xffffffde fr.pc=0x000002549b9e952c relative=0x0000000000000d6c
Event: 164.578 Thread 0x00000254ab9bd0c0 Uncommon trap: reason=class_check action=maybe_recompile pc=0x000002549b9e952c method=java.util.Spliterators$1Adapter.hasNext()Z @ 12 c2
Event: 164.578 Thread 0x00000254ab9bd0c0 DEOPT PACKING pc=0x000002549b9e952c sp=0x00000075ee7fe670
Event: 164.578 Thread 0x00000254ab9bd0c0 DEOPT UNPACKING pc=0x000002549b3066a3 sp=0x00000075ee7fe638 mode 2

Classes unloaded (7 events):
Event: 21.938 Thread 0x00000254a4f18670 Unloading class 0x000000010021e400 'java/lang/invoke/LambdaForm$MH+0x000000010021e400'
Event: 21.938 Thread 0x00000254a4f18670 Unloading class 0x000000010021e000 'java/lang/invoke/LambdaForm$MH+0x000000010021e000'
Event: 21.938 Thread 0x00000254a4f18670 Unloading class 0x000000010021dc00 'java/lang/invoke/LambdaForm$MH+0x000000010021dc00'
Event: 21.938 Thread 0x00000254a4f18670 Unloading class 0x000000010021d800 'java/lang/invoke/LambdaForm$MH+0x000000010021d800'
Event: 21.938 Thread 0x00000254a4f18670 Unloading class 0x000000010021d400 'java/lang/invoke/LambdaForm$BMH+0x000000010021d400'
Event: 21.938 Thread 0x00000254a4f18670 Unloading class 0x000000010021d000 'java/lang/invoke/LambdaForm$DMH+0x000000010021d000'
Event: 21.938 Thread 0x00000254a4f18670 Unloading class 0x0000000100218400 'java/lang/invoke/LambdaForm$DMH+0x0000000100218400'

Classes redefined (0 events):
No events

Internal exceptions (20 events):
Event: 34.852 Thread 0x00000254aabc0d80 Exception <a 'java/lang/NoSuchMethodError'{0x00000000eb77e8c8}: 'int java.lang.invoke.DirectMethodHandle$Holder.invokeVirtual(java.lang.Object, java.lang.Object, java.lang.Object)'> (0x00000000eb77e8c8) 
thrown [s\src\hotspot\share\interpreter\linkResolver.cpp, line 759]
Event: 34.950 Thread 0x00000254aabc0d80 Exception <a 'java/lang/NoSuchMethodError'{0x00000000eb79f038}: 'int java.lang.invoke.DirectMethodHandle$Holder.invokeSpecialIFC(java.lang.Object, java.lang.Object, java.lang.Object)'> (0x00000000eb79f038) 
thrown [s\src\hotspot\share\interpreter\linkResolver.cpp, line 759]
Event: 35.111 Thread 0x00000254aabc0d80 Exception <a 'java/io/FileNotFoundException'{0x00000000ebcbc5d8}> (0x00000000ebcbc5d8) 
thrown [s\src\hotspot\share\prims\jni.cpp, line 516]
Event: 35.114 Thread 0x00000254aabc0d80 Exception <a 'java/io/FileNotFoundException'{0x00000000ebcbd5d0}> (0x00000000ebcbd5d0) 
thrown [s\src\hotspot\share\prims\jni.cpp, line 516]
Event: 35.114 Thread 0x00000254aabbfe50 Exception <a 'java/lang/ArrayIndexOutOfBoundsException'{0x00000000ebcfa338}> (0x00000000ebcfa338) 
thrown [s\src\hotspot\share\runtime\sharedRuntime.cpp, line 631]
Event: 35.220 Thread 0x00000254aabc0360 Exception <a 'java/lang/LinkageError'{0x00000000ebeec150}: loader lombok.launch.ShadowClassLoader @16cd04f4 attempted duplicate class definition for lombok.launch.PatchFixesHider$Delegate. (lombok.launch.PatchFixesHider$Delegate is in unnamed module of loader lombok.launch.ShadowClassLoader @16cd04f4, parent loader org.eclipse.osgi.internal.loader.EquinoxClassLoader @482432ad)> (0x00000000ebeec150) 
thrown [s\src\hotspot\share\classfile\systemDictionary.cpp, line 1724]
Event: 36.408 Thread 0x00000254aabbdff0 Exception <a 'java/lang/LinkageError'{0x00000000eb50d0d8}: loader lombok.launch.ShadowClassLoader @16cd04f4 attempted duplicate class definition for lombok.launch.PatchFixesHider$ExtensionMethod. (lombok.launch.PatchFixesHider$ExtensionMethod is in unnamed module of loader lombok.launch.ShadowClassLoader @16cd04f4, parent loader org.eclipse.osgi.internal.loader.EquinoxClassLoader @482432ad)> (0x00000000eb50d0d8) 
thrown [s\src\hotspot\share\classfile\systemDictionary.cpp, line 1724]
Event: 36.466 Thread 0x00000254aabbdff0 Exception <a 'java/lang/NoSuchMethodError'{0x00000000eb64fba8}: 'java.lang.Object java.lang.invoke.DirectMethodHandle$Holder.newInvokeSpecial(java.lang.Object, java.lang.Object, java.lang.Object, int)'> (0x00000000eb64fba8) 
thrown [s\src\hotspot\share\interpreter\linkResolver.cpp, line 759]
Event: 36.466 Thread 0x00000254aabbdff0 Exception <a 'java/lang/NoSuchMethodError'{0x00000000eb653cb0}: 'java.lang.Object java.lang.invoke.DirectMethodHandle$Holder.invokeSpecial(java.lang.Object, java.lang.Object, java.lang.Object, java.lang.Object, int)'> (0x00000000eb653cb0) 
thrown [s\src\hotspot\share\interpreter\linkResolver.cpp, line 759]
Event: 36.467 Thread 0x00000254aabbdff0 Exception <a 'java/lang/NoSuchMethodError'{0x00000000eb6573b8}: 'java.lang.Object java.lang.invoke.Invokers$Holder.linkToTargetMethod(java.lang.Object, java.lang.Object, int, java.lang.Object)'> (0x00000000eb6573b8) 
thrown [s\src\hotspot\share\interpreter\linkResolver.cpp, line 759]
Event: 36.518 Thread 0x00000254aabbdff0 Exception <a 'java/io/FileNotFoundException'{0x00000000eb8224c0}> (0x00000000eb8224c0) 
thrown [s\src\hotspot\share\prims\jni.cpp, line 516]
Event: 36.518 Thread 0x00000254aabbdff0 Exception <a 'java/io/FileNotFoundException'{0x00000000eb8234b8}> (0x00000000eb8234b8) 
thrown [s\src\hotspot\share\prims\jni.cpp, line 516]
Event: 36.519 Thread 0x00000254aabbdff0 Exception <a 'java/io/FileNotFoundException'{0x00000000eb824228}> (0x00000000eb824228) 
thrown [s\src\hotspot\share\prims\jni.cpp, line 516]
Event: 74.389 Thread 0x00000254aabbfe50 Exception <a 'java/lang/ArrayIndexOutOfBoundsException'{0x00000000eb3027c8}> (0x00000000eb3027c8) 
thrown [s\src\hotspot\share\runtime\sharedRuntime.cpp, line 631]
Event: 114.733 Thread 0x00000254aabbfe50 Exception <a 'java/lang/ArrayIndexOutOfBoundsException'{0x00000000eb9f4500}> (0x00000000eb9f4500) 
thrown [s\src\hotspot\share\runtime\sharedRuntime.cpp, line 631]
Event: 151.519 Thread 0x00000254aabc0d80 Exception <a 'java/lang/ArrayIndexOutOfBoundsException'{0x00000000ebcf9e30}: Index 4075 out of bounds for length 4074> (0x00000000ebcf9e30) 
thrown [s\src\hotspot\share\interpreter\interpreterRuntime.cpp, line 428]
Event: 164.133 Thread 0x00000254ab9bb770 Exception <a 'java/lang/NoSuchMethodError'{0x00000000ebe9cf88}: 'java.lang.Object java.lang.invoke.DirectMethodHandle$Holder.newInvokeSpecial(java.lang.Object, java.lang.Object, java.lang.Object, java.lang.Object, java.lang.Object, java.lang.Object, java.lang.Object, java.lang.Object, java.lang.Object, java.lang.Object)'> (0x00000000ebe9cf88) 
thrown [s\src\hotspot\share\interpreter\linkResolver.cpp, line 759]
Event: 164.135 Thread 0x00000254ab9bb770 Exception <a 'java/lang/NoSuchMethodError'{0x00000000ebea2118}: 'java.lang.Object java.lang.invoke.DirectMethodHandle$Holder.invokeSpecial(java.lang.Object, java.lang.Object, java.lang.Object, java.lang.Object, java.lang.Object, java.lang.Object, java.lang.Object, java.lang.Object, java.lang.Object, java.lang.Object, java.lang.Object)'> (0x00000000ebea2118) 
thrown [s\src\hotspot\share\interpreter\linkResolver.cpp, line 759]
Event: 164.136 Thread 0x00000254ab9bb770 Exception <a 'java/lang/NoSuchMethodError'{0x00000000ebea6ac0}: 'java.lang.Object java.lang.invoke.Invokers$Holder.linkToTargetMethod(java.lang.Object, java.lang.Object, java.lang.Object, java.lang.Object, java.lang.Object, java.lang.Object, java.lang.Object, java.lang.Object, java.lang.Object, java.lang.Object)'> (0x00000000ebea6ac0) 
thrown [s\src\hotspot\share\interpreter\linkResolver.cpp, line 759]
Event: 164.221 Thread 0x00000254ab9bb770 Exception <a 'sun/nio/fs/WindowsException'{0x00000000ebf26370}> (0x00000000ebf26370) 
thrown [s\src\hotspot\share\prims\jni.cpp, line 516]

VM Operations (20 events):
Event: 118.518 Executing VM operation: Cleanup
Event: 118.569 Executing VM operation: Cleanup done
Event: 119.218 Executing VM operation: HandshakeAllThreads
Event: 119.430 Executing VM operation: HandshakeAllThreads done
Event: 120.438 Executing VM operation: Cleanup
Event: 120.695 Executing VM operation: Cleanup done
Event: 120.695 Executing VM operation: HandshakeAllThreads
Event: 120.695 Executing VM operation: HandshakeAllThreads done
Event: 121.711 Executing VM operation: Cleanup
Event: 121.727 Executing VM operation: Cleanup done
Event: 122.734 Executing VM operation: Cleanup
Event: 122.734 Executing VM operation: Cleanup done
Event: 151.920 Executing VM operation: Cleanup
Event: 151.923 Executing VM operation: Cleanup done
Event: 163.020 Executing VM operation: Cleanup
Event: 163.127 Executing VM operation: Cleanup done
Event: 164.140 Executing VM operation: Cleanup
Event: 164.141 Executing VM operation: Cleanup done
Event: 164.426 Executing VM operation: ParallelGCFailedAllocation
Event: 164.502 Executing VM operation: ParallelGCFailedAllocation done

Events (20 events):
Event: 164.019 loading class java/util/stream/Nodes$AbstractConcNode done
Event: 164.019 loading class java/util/stream/Nodes$ConcNode done
Event: 164.022 Thread 0x00000254ab9b9400 Thread added: 0x00000254ab9b9400
Event: 164.031 Thread 0x00000254ab9bbc80 Thread added: 0x00000254ab9bbc80
Event: 164.033 loading class java/util/stream/Nodes$ToArrayTask$OfRef
Event: 164.034 loading class java/util/stream/Nodes$ToArrayTask
Event: 164.035 loading class java/util/stream/Nodes$ToArrayTask done
Event: 164.035 loading class java/util/stream/Nodes$ToArrayTask$OfRef done
Event: 164.037 Thread 0x00000254ab9bc190 Thread exited: 0x00000254ab9bc190
Event: 164.037 Thread 0x00000254ab9bbc80 Thread exited: 0x00000254ab9bbc80
Event: 164.037 Thread 0x00000254ab9b9400 Thread exited: 0x00000254ab9b9400
Event: 164.152 Thread 0x00000254ab9b9400 Thread added: 0x00000254ab9b9400
Event: 164.158 Thread 0x00000254ab9b84d0 Thread added: 0x00000254ab9b84d0
Event: 164.166 Thread 0x00000254ab9bad50 Thread added: 0x00000254ab9bad50
Event: 164.174 Thread 0x00000254ab9bad50 Thread exited: 0x00000254ab9bad50
Event: 164.174 Thread 0x00000254ab9b9400 Thread exited: 0x00000254ab9b9400
Event: 164.175 Thread 0x00000254ab9b84d0 Thread exited: 0x00000254ab9b84d0
Event: 164.426 Thread 0x00000254ab9bd0c0 Thread added: 0x00000254ab9bd0c0
Event: 164.597 loading class java/util/Hashtable$KeySet
Event: 164.598 loading class java/util/Hashtable$KeySet done


Dynamic libraries:
0x00007ff7172c0000 - 0x00007ff7172ce000 	c:\Users\HP\.vscode\extensions\redhat.java-1.28.1-win32-x64\jre\17.0.10-win32-x86_64\bin\java.exe
0x00007ffccd710000 - 0x00007ffccd927000 	C:\WINDOWS\SYSTEM32\ntdll.dll
0x00007ffccbfd0000 - 0x00007ffccc094000 	C:\WINDOWS\System32\KERNEL32.DLL
0x00007ffccae00000 - 0x00007ffccb1a6000 	C:\WINDOWS\System32\KERNELBASE.dll
0x00007ffccac20000 - 0x00007ffccad31000 	C:\WINDOWS\System32\ucrtbase.dll
0x00007ffcaaff0000 - 0x00007ffcab007000 	c:\Users\HP\.vscode\extensions\redhat.java-1.28.1-win32-x64\jre\17.0.10-win32-x86_64\bin\jli.dll
0x00007ffccc0a0000 - 0x00007ffccc24e000 	C:\WINDOWS\System32\USER32.dll
0x00007ffccabf0000 - 0x00007ffccac16000 	C:\WINDOWS\System32\win32u.dll
0x00007ffccd4e0000 - 0x00007ffccd509000 	C:\WINDOWS\System32\GDI32.dll
0x00007ffccaad0000 - 0x00007ffccabe8000 	C:\WINDOWS\System32\gdi32full.dll
0x00007ffccb350000 - 0x00007ffccb3ea000 	C:\WINDOWS\System32\msvcp_win.dll
0x00007ffcaafd0000 - 0x00007ffcaafeb000 	c:\Users\HP\.vscode\extensions\redhat.java-1.28.1-win32-x64\jre\17.0.10-win32-x86_64\bin\VCRUNTIME140.dll
0x00007ffcb3ca0000 - 0x00007ffcb3f33000 	C:\WINDOWS\WinSxS\amd64_microsoft.windows.common-controls_6595b64144ccf1df_6.0.22621.2506_none_270c5ae97388e100\COMCTL32.dll
0x00007ffccb7e0000 - 0x00007ffccb887000 	C:\WINDOWS\System32\msvcrt.dll
0x00007ffccbcc0000 - 0x00007ffccbcf1000 	C:\WINDOWS\System32\IMM32.DLL
0x00007ffcbcc30000 - 0x00007ffcbcc3c000 	c:\Users\HP\.vscode\extensions\redhat.java-1.28.1-win32-x64\jre\17.0.10-win32-x86_64\bin\vcruntime140_1.dll
0x00007ffc836f0000 - 0x00007ffc8377d000 	c:\Users\HP\.vscode\extensions\redhat.java-1.28.1-win32-x64\jre\17.0.10-win32-x86_64\bin\msvcp140.dll
0x00007ffc82a80000 - 0x00007ffc836e2000 	c:\Users\HP\.vscode\extensions\redhat.java-1.28.1-win32-x64\jre\17.0.10-win32-x86_64\bin\server\jvm.dll
0x00007ffccc250000 - 0x00007ffccc303000 	C:\WINDOWS\System32\ADVAPI32.dll
0x00007ffccb460000 - 0x00007ffccb508000 	C:\WINDOWS\System32\sechost.dll
0x00007ffccb320000 - 0x00007ffccb348000 	C:\WINDOWS\System32\bcrypt.dll
0x00007ffccb5a0000 - 0x00007ffccb6b7000 	C:\WINDOWS\System32\RPCRT4.dll
0x00007ffcc98a0000 - 0x00007ffcc98ed000 	C:\WINDOWS\SYSTEM32\POWRPROF.dll
0x00007ffcab490000 - 0x00007ffcab499000 	C:\WINDOWS\SYSTEM32\WSOCK32.dll
0x00007ffccd5f0000 - 0x00007ffccd661000 	C:\WINDOWS\System32\WS2_32.dll
0x00007ffcc3ff0000 - 0x00007ffcc4024000 	C:\WINDOWS\SYSTEM32\WINMM.dll
0x00007ffcc3fe0000 - 0x00007ffcc3fea000 	C:\WINDOWS\SYSTEM32\VERSION.dll
0x00007ffcc9880000 - 0x00007ffcc9893000 	C:\WINDOWS\SYSTEM32\UMPDC.dll
0x00007ffcc9b40000 - 0x00007ffcc9b58000 	C:\WINDOWS\SYSTEM32\kernel.appcore.dll
0x00007ffcb3010000 - 0x00007ffcb301a000 	c:\Users\HP\.vscode\extensions\redhat.java-1.28.1-win32-x64\jre\17.0.10-win32-x86_64\bin\jimage.dll
0x00007ffcc8450000 - 0x00007ffcc8683000 	C:\WINDOWS\SYSTEM32\DBGHELP.DLL
0x00007ffccc310000 - 0x00007ffccc699000 	C:\WINDOWS\System32\combase.dll
0x00007ffccbae0000 - 0x00007ffccbbb7000 	C:\WINDOWS\System32\OLEAUT32.dll
0x00007ffca6100000 - 0x00007ffca6132000 	C:\WINDOWS\SYSTEM32\dbgcore.DLL
0x00007ffccaa50000 - 0x00007ffccaaca000 	C:\WINDOWS\System32\bcryptPrimitives.dll
0x00007ffcb03f0000 - 0x00007ffcb03fe000 	c:\Users\HP\.vscode\extensions\redhat.java-1.28.1-win32-x64\jre\17.0.10-win32-x86_64\bin\instrument.dll
0x00007ffca7450000 - 0x00007ffca7475000 	c:\Users\HP\.vscode\extensions\redhat.java-1.28.1-win32-x64\jre\17.0.10-win32-x86_64\bin\java.dll
0x00007ffcaafb0000 - 0x00007ffcaafc8000 	c:\Users\HP\.vscode\extensions\redhat.java-1.28.1-win32-x64\jre\17.0.10-win32-x86_64\bin\zip.dll
0x00007ffccc6a0000 - 0x00007ffcccefb000 	C:\WINDOWS\System32\SHELL32.dll
0x00007ffcc8970000 - 0x00007ffcc9266000 	C:\WINDOWS\SYSTEM32\windows.storage.dll
0x00007ffcc8830000 - 0x00007ffcc896e000 	C:\WINDOWS\SYSTEM32\wintypes.dll
0x00007ffccb6c0000 - 0x00007ffccb7b3000 	C:\WINDOWS\System32\SHCORE.dll
0x00007ffccbeb0000 - 0x00007ffccbf0e000 	C:\WINDOWS\System32\shlwapi.dll
0x00007ffcca980000 - 0x00007ffcca9a6000 	C:\WINDOWS\SYSTEM32\profapi.dll
0x00007ffc8bb80000 - 0x00007ffc8bb99000 	C:\Users\HP\.vscode\extensions\redhat.java-1.28.1-win32-x64\jre\17.0.10-win32-x86_64\bin\net.dll
0x00007ffcc4e70000 - 0x00007ffcc4fa7000 	C:\WINDOWS\SYSTEM32\WINHTTP.dll
0x00007ffcc9fc0000 - 0x00007ffcca029000 	C:\WINDOWS\system32\mswsock.dll
0x00007ffc838e0000 - 0x00007ffc838f6000 	C:\Users\HP\.vscode\extensions\redhat.java-1.28.1-win32-x64\jre\17.0.10-win32-x86_64\bin\nio.dll
0x00007ffca7440000 - 0x00007ffca7450000 	c:\Users\HP\.vscode\extensions\redhat.java-1.28.1-win32-x64\jre\17.0.10-win32-x86_64\bin\verify.dll
0x00007ffca6ea0000 - 0x00007ffca6ede000 	C:\Users\HP\AppData\Roaming\Code\User\globalStorage\redhat.java\1.28.1\config_ss_win\org.eclipse.equinox.launcher\org.eclipse.equinox.launcher.win32.win32.x86_64_1.2.900.v20240129-1338\eclipse_11900.dll
0x00007ffccbd00000 - 0x00007ffccbea0000 	C:\WINDOWS\System32\ole32.dll
0x00007ffcca200000 - 0x00007ffcca21b000 	C:\WINDOWS\SYSTEM32\CRYPTSP.dll
0x00007ffcc9aa0000 - 0x00007ffcc9ad5000 	C:\WINDOWS\system32\rsaenh.dll
0x00007ffcca080000 - 0x00007ffcca0ac000 	C:\WINDOWS\SYSTEM32\USERENV.dll
0x00007ffcca1f0000 - 0x00007ffcca1fc000 	C:\WINDOWS\SYSTEM32\CRYPTBASE.dll
0x00007ffcc94c0000 - 0x00007ffcc94ed000 	C:\WINDOWS\SYSTEM32\IPHLPAPI.DLL
0x00007ffccbad0000 - 0x00007ffccbad9000 	C:\WINDOWS\System32\NSI.dll
0x00007ffcc4d40000 - 0x00007ffcc4d59000 	C:\WINDOWS\SYSTEM32\dhcpcsvc6.DLL
0x00007ffcc4cf0000 - 0x00007ffcc4d0f000 	C:\WINDOWS\SYSTEM32\dhcpcsvc.DLL
0x00007ffcc94f0000 - 0x00007ffcc95e9000 	C:\WINDOWS\SYSTEM32\DNSAPI.dll
0x00007ffcada70000 - 0x00007ffcadab5000 	C:\Users\HP\AppData\Local\Temp\jna-2312\jna5985749957956526619.dll
0x00007ffccbfc0000 - 0x00007ffccbfc8000 	C:\WINDOWS\System32\PSAPI.DLL

dbghelp: loaded successfully - version: 4.0.5 - missing functions: none
symbol engine: initialized successfully - sym options: 0x614 - pdb path: .;c:\Users\HP\.vscode\extensions\redhat.java-1.28.1-win32-x64\jre\17.0.10-win32-x86_64\bin;C:\WINDOWS\SYSTEM32;C:\WINDOWS\WinSxS\amd64_microsoft.windows.common-controls_6595b64144ccf1df_6.0.22621.2506_none_270c5ae97388e100;c:\Users\HP\.vscode\extensions\redhat.java-1.28.1-win32-x64\jre\17.0.10-win32-x86_64\bin\server;C:\Users\HP\AppData\Roaming\Code\User\globalStorage\redhat.java\1.28.1\config_ss_win\org.eclipse.equinox.launcher\org.eclipse.equinox.launcher.win32.win32.x86_64_1.2.900.v20240129-1338;C:\Users\HP\AppData\Local\Temp\jna-2312

VM Arguments:
jvm_args: --add-modules=ALL-SYSTEM --add-opens=java.base/java.util=ALL-UNNAMED --add-opens=java.base/java.lang=ALL-UNNAMED --add-opens=java.base/sun.nio.fs=ALL-UNNAMED -Declipse.application=org.eclipse.jdt.ls.core.id1 -Dosgi.bundles.defaultStartLevel=4 -Declipse.product=org.eclipse.jdt.ls.core.product -Djava.import.generatesMetadataFilesAtProjectRoot=false -DDetectVMInstallationsJob.disabled=true -Dfile.encoding=utf8 -XX:+UseParallelGC -XX:GCTimeRatio=4 -XX:AdaptiveSizePolicyWeight=90 -Dsun.zip.disableMemoryMapping=true -Xmx1G -Xms100m -Xlog:disable -javaagent:c:\Users\HP\.vscode\extensions\redhat.java-1.28.1-win32-x64\lombok\lombok-1.18.31.jar 
java_command: c:\Users\HP\.vscode\extensions\redhat.java-1.28.1-win32-x64\server\plugins\org.eclipse.equinox.launcher_1.6.700.v20231214-2017.jar -configuration c:\Users\HP\AppData\Roaming\Code\User\globalStorage\redhat.java\1.28.1\config_ss_win -data c:\Users\HP\AppData\Roaming\Code\User\workspaceStorage\0d828789c167c72f6f5361a28a300af2\redhat.java\ss_ws --stdio
java_class_path (initial): c:\Users\HP\.vscode\extensions\redhat.java-1.28.1-win32-x64\server\plugins\org.eclipse.equinox.launcher_1.6.700.v20231214-2017.jar
Launcher Type: SUN_STANDARD

[Global flags]
    uintx AdaptiveSizePolicyWeight                 = 90                                        {product} {command line}
     intx CICompilerCount                          = 3                                         {product} {ergonomic}
    uintx GCTimeRatio                              = 4                                         {product} {command line}
   size_t InitialHeapSize                          = 104857600                                 {product} {command line}
   size_t MaxHeapSize                              = 1073741824                                {product} {command line}
   size_t MaxNewSize                               = 357564416                                 {product} {ergonomic}
   size_t MinHeapDeltaBytes                        = 524288                                    {product} {ergonomic}
   size_t MinHeapSize                              = 104857600                                 {product} {command line}
   size_t NewSize                                  = 34603008                                  {product} {ergonomic}
    uintx NonNMethodCodeHeapSize                   = 5832780                                {pd product} {ergonomic}
    uintx NonProfiledCodeHeapSize                  = 122912730                              {pd product} {ergonomic}
   size_t OldSize                                  = 70254592                                  {product} {ergonomic}
    uintx ProfiledCodeHeapSize                     = 122912730                              {pd product} {ergonomic}
    uintx ReservedCodeCacheSize                    = 251658240                              {pd product} {ergonomic}
     bool SegmentedCodeCache                       = true                                      {product} {ergonomic}
   size_t SoftMaxHeapSize                          = 1073741824                             {manageable} {ergonomic}
     bool UseCompressedClassPointers               = true                           {product lp64_product} {ergonomic}
     bool UseCompressedOops                        = true                           {product lp64_product} {ergonomic}
     bool UseLargePagesIndividualAllocation        = false                                  {pd product} {ergonomic}
     bool UseParallelGC                            = true                                      {product} {command line}

Logging:
Log output configuration:
 #0: stdout all=off uptime,level,tags
 #1: stderr all=off uptime,level,tags

Environment Variables:
JAVA_HOME=D:\APAP JAVA\Java\jdk-17
PATH=C:\Python312\Scripts\;C:\Python312\;C:\Program Files\Common Files\Oracle\Java\javapath;C:\Program Files (x86)\Common Files\Oracle\Java\javapath;C:\WINDOWS\system32;C:\WINDOWS;C:\WINDOWS\System32\Wbem;C:\WINDOWS\System32\WindowsPowerShell\v1.0\;C:\WINDOWS\System32\OpenSSH\;C:\Users\Ron\AppData\Local\Programs\Python\Python39;C:\Users\Ron\AppData\Local\Programs\Python\Python39\Scripts;C:\Users\HP\AppData\Local\Programs\Python\Python310\;C:\Users\HP\AppData\Local\Programs\Python\Python310\\Scripts;D:\PuTTY\;D:\Git\cmd;C:\Program Files\Docker\Docker\resources\bin;D:\APAP JAVA\Java\jdk-17\bin;D:\NODE JS\;C:\ProgramData\chocolatey\bin;C:\Users\HP\AppData\Local\Programs\Python\Python310\Scripts\;C:\Users\HP\AppData\Local\Programs\Python\Python310\;C:\Users\Ron\AppData\Local\Programs\Python\Python39;C:\Users\Ron\AppData\Local\Programs\Python\Python39\Scripts;C:\Users\HP\AppData\Local\Programs\Microsoft VS Code\bin;C:\Users\HP\Documents\COOLYEAH\Semester 3\PBP\FLUTTER\bin;C:\Users\HP\Documents\COOLYEAH\Semester 3\PBP\FLUTTER\flutter\bin;C:\Users\HP\AppData\Local\Microsoft\WindowsApps;D:\FLUTTER\bin;C:\Users\HP\AppData\Roaming\npm
USERNAME=HP
OS=Windows_NT
PROCESSOR_IDENTIFIER=Intel64 Family 6 Model 142 Stepping 12, GenuineIntel
TMP=C:\Users\HP\AppData\Local\Temp
TEMP=C:\Users\HP\AppData\Local\Temp



Periodic native trim disabled


---------------  S Y S T E M  ---------------

OS:
 Windows 11 , 64 bit Build 22621 (10.0.22621.3085)
OS uptime: 0 days 0:52 hours
Hyper-V role detected

CPU: total 4 (initial active 4) (2 cores per cpu, 2 threads per core) family 6 model 142 stepping 12 microcode 0xec, cx8, cmov, fxsr, ht, mmx, 3dnowpref, sse, sse2, sse3, ssse3, sse4.1, sse4.2, popcnt, lzcnt, tsc, tscinvbit, avx, avx2, aes, erms, clmul, bmi1, bmi2, adx, fma, vzeroupper, clflush, clflushopt, hv
Processor Information for all 4 processors :
  Max Mhz: 2592, Current Mhz: 2093, Mhz Limit: 2073

Memory: 4k page, system-wide physical 3919M (153M free)
TotalPageFile size 15695M (AvailPageFile size 0M)
current process WorkingSet (physical memory assigned to process): 85M, peak: 191M
current process commit charge ("private bytes"): 253M, peak: 283M

vm_info: OpenJDK 64-Bit Server VM (17.0.10+7) for windows-amd64 JRE (17.0.10+7), built on Jan 16 2024 23:25:11 by "admin" with MS VC++ 16.10 / 16.11 (VS2019)

END.
