#
# There is insufficient memory for the Java Runtime Environment to continue.
# Native memory allocation (malloc) failed to allocate 1598096 bytes for Chunk::new
# Possible reasons:
#   The system is out of physical RAM or swap space
#   The process is running with CompressedOops enabled, and the Java Heap may be blocking the growth of the native heap
# Possible solutions:
#   Reduce memory load on the system
#   Increase physical memory or swap space
#   Check if swap backing store is full
#   Decrease Java heap size (-Xmx/-Xms)
#   Decrease number of Java threads
#   Decrease Java thread stack sizes (-Xss)
#   Set larger code cache with -XX:ReservedCodeCacheSize=
#   JVM is running with Unscaled Compressed Oops mode in which the Java heap is
#     placed in the first 4GB address space. The Java Heap base address is the
#     maximum limit for the native heap growth. Please use -XX:HeapBaseMinAddress
#     to set the Java Heap base and to place the Java Heap above 4GB virtual address.
# This output file may be truncated or incomplete.
#
#  Out of Memory Error (arena.cpp:191), pid=6944, tid=11912
#
# JRE version: OpenJDK Runtime Environment Temurin-17.0.10+7 (17.0.10+7) (build 17.0.10+7)
# Java VM: OpenJDK 64-Bit Server VM Temurin-17.0.10+7 (17.0.10+7, mixed mode, tiered, compressed oops, compressed class ptrs, parallel gc, windows-amd64)
# No core dump will be written. Minidumps are not enabled by default on client versions of Windows
#

---------------  S U M M A R Y ------------

Command Line: --add-modules=ALL-SYSTEM --add-opens=java.base/java.util=ALL-UNNAMED --add-opens=java.base/java.lang=ALL-UNNAMED --add-opens=java.base/sun.nio.fs=ALL-UNNAMED -Declipse.application=org.eclipse.jdt.ls.core.id1 -Dosgi.bundles.defaultStartLevel=4 -Declipse.product=org.eclipse.jdt.ls.core.product -Djava.import.generatesMetadataFilesAtProjectRoot=false -DDetectVMInstallationsJob.disabled=true -Dfile.encoding=utf8 -XX:+UseParallelGC -XX:GCTimeRatio=4 -XX:AdaptiveSizePolicyWeight=90 -Dsun.zip.disableMemoryMapping=true -Xmx1G -Xms100m -Xlog:disable -javaagent:c:\Users\HP\.vscode\extensions\redhat.java-1.30.0-win32-x64\lombok\lombok-1.18.32.jar -XX:+HeapDumpOnOutOfMemoryError -XX:HeapDumpPath=c:\Users\HP\AppData\Roaming\Code\User\workspaceStorage\0d828789c167c72f6f5361a28a300af2\redhat.java -Daether.dependencyCollector.impl=bf c:\Users\HP\.vscode\extensions\redhat.java-1.30.0-win32-x64\server\plugins\org.eclipse.equinox.launcher_1.6.800.v20240330-1250.jar -configuration c:\Users\HP\AppData\Roaming\Code\User\globalStorage\redhat.java\1.30.0\config_win -data c:\Users\HP\AppData\Roaming\Code\User\workspaceStorage\0d828789c167c72f6f5361a28a300af2\redhat.java\jdt_ws --pipe=\\.\pipe\lsp-8c50db826237e43bff349218b5ef7f4b-sock

Host: Intel(R) Core(TM) i3-10110U CPU @ 2.10GHz, 4 cores, 3G,  Windows 11 , 64 bit Build 22621 (10.0.22621.3374)
Time: Fri May  3 03:34:03 2024 SE Asia Standard Time elapsed time: 28.292572 seconds (0d 0h 0m 28s)

---------------  T H R E A D  ---------------

Current thread (0x000002d1f9e12050):  JavaThread "C2 CompilerThread0" daemon [_thread_in_native, id=11912, stack(0x000000d4c3300000,0x000000d4c3400000)]


Current CompileTask:
C2:  28292 7120 % !   4       org.eclipse.jdt.internal.compiler.classfmt.ClassFileReader::<init> @ 63 (2158 bytes)

Stack: [0x000000d4c3300000,0x000000d4c3400000]
Native frames: (J=compiled Java code, j=interpreted, Vv=VM code, C=native code)
V  [jvm.dll+0x67d2c9]
V  [jvm.dll+0x834afa]
V  [jvm.dll+0x8365be]
V  [jvm.dll+0x836c23]
V  [jvm.dll+0x2477ff]
V  [jvm.dll+0xac514]
V  [jvm.dll+0xacb5c]
V  [jvm.dll+0x366782]
V  [jvm.dll+0x1bcf72]
V  [jvm.dll+0x21a049]
V  [jvm.dll+0x219311]
V  [jvm.dll+0x1a502d]
V  [jvm.dll+0x2290de]
V  [jvm.dll+0x2272ac]
V  [jvm.dll+0x7e9bb7]
V  [jvm.dll+0x7e3fba]
V  [jvm.dll+0x67c1b5]
C  [ucrtbase.dll+0x29333]
C  [KERNEL32.DLL+0x1257d]
C  [ntdll.dll+0x5aa48]


---------------  P R O C E S S  ---------------

Threads class SMR info:
_java_thread_list=0x000002d1903c5500, length=33, elements={
0x000002d1f308e840, 0x000002d1f313e200, 0x000002d1f9de32a0, 0x000002d1f9e0ef10,
0x000002d1f9e0f9e0, 0x000002d1f9e105a0, 0x000002d1f9e11160, 0x000002d1f9e12050,
0x000002d1ff0264d0, 0x000002d1ff030a10, 0x000002d1ff0fcc30, 0x000002d1ff301410,
0x000002d1ffb6b580, 0x000002d1ffb85c30, 0x000002d1ffb86110, 0x000002d1ff984a00,
0x000002d18f490ce0, 0x000002d1ff4e08e0, 0x000002d1ff4e0df0, 0x000002d1ff4de060,
0x000002d1ff4e1300, 0x000002d1ff4e1810, 0x000002d1ff4de570, 0x000002d1ff4df9b0,
0x000002d1ff4df4a0, 0x000002d1ff4dfec0, 0x000002d19012fc90, 0x000002d190129240,
0x000002d19012e850, 0x000002d19012ed60, 0x000002d19012d920, 0x000002d19012a170,
0x000002d19012cf00
}

Java Threads: ( => current thread )
  0x000002d1f308e840 JavaThread "main" [_thread_blocked, id=20440, stack(0x000000d4c2900000,0x000000d4c2a00000)]
  0x000002d1f313e200 JavaThread "Reference Handler" daemon [_thread_blocked, id=22904, stack(0x000000d4c2d00000,0x000000d4c2e00000)]
  0x000002d1f9de32a0 JavaThread "Finalizer" daemon [_thread_blocked, id=21612, stack(0x000000d4c2e00000,0x000000d4c2f00000)]
  0x000002d1f9e0ef10 JavaThread "Signal Dispatcher" daemon [_thread_blocked, id=17484, stack(0x000000d4c2f00000,0x000000d4c3000000)]
  0x000002d1f9e0f9e0 JavaThread "Attach Listener" daemon [_thread_blocked, id=5464, stack(0x000000d4c3000000,0x000000d4c3100000)]
  0x000002d1f9e105a0 JavaThread "Service Thread" daemon [_thread_blocked, id=21092, stack(0x000000d4c3100000,0x000000d4c3200000)]
  0x000002d1f9e11160 JavaThread "Monitor Deflation Thread" daemon [_thread_blocked, id=15884, stack(0x000000d4c3200000,0x000000d4c3300000)]
=>0x000002d1f9e12050 JavaThread "C2 CompilerThread0" daemon [_thread_in_native, id=11912, stack(0x000000d4c3300000,0x000000d4c3400000)]
  0x000002d1ff0264d0 JavaThread "C1 CompilerThread0" daemon [_thread_blocked, id=11052, stack(0x000000d4c3400000,0x000000d4c3500000)]
  0x000002d1ff030a10 JavaThread "Sweeper thread" daemon [_thread_blocked, id=14288, stack(0x000000d4c3500000,0x000000d4c3600000)]
  0x000002d1ff0fcc30 JavaThread "Common-Cleaner" daemon [_thread_blocked, id=16660, stack(0x000000d4c3600000,0x000000d4c3700000)]
  0x000002d1ff301410 JavaThread "Notification Thread" daemon [_thread_blocked, id=13012, stack(0x000000d4c3700000,0x000000d4c3800000)]
  0x000002d1ffb6b580 JavaThread "Active Thread: Equinox Container: d3eb8d28-d3a4-4a53-93e9-1140f64c2637" [_thread_blocked, id=13184, stack(0x000000d4c3c00000,0x000000d4c3d00000)]
  0x000002d1ffb85c30 JavaThread "Framework Event Dispatcher: Equinox Container: d3eb8d28-d3a4-4a53-93e9-1140f64c2637" daemon [_thread_blocked, id=17584, stack(0x000000d4c3d00000,0x000000d4c3e00000)]
  0x000002d1ffb86110 JavaThread "Start Level: Equinox Container: d3eb8d28-d3a4-4a53-93e9-1140f64c2637" daemon [_thread_blocked, id=12488, stack(0x000000d4c3e00000,0x000000d4c3f00000)]
  0x000002d1ff984a00 JavaThread "Bundle File Closer" daemon [_thread_blocked, id=22724, stack(0x000000d4c3f00000,0x000000d4c4000000)]
  0x000002d18f490ce0 JavaThread "SCR Component Actor" daemon [_thread_blocked, id=22532, stack(0x000000d4c4000000,0x000000d4c4100000)]
  0x000002d1ff4e08e0 JavaThread "Worker-JM" [_thread_blocked, id=6052, stack(0x000000d4c4200000,0x000000d4c4300000)]
  0x000002d1ff4e0df0 JavaThread "Worker-0: Java indexing... " [_thread_blocked, id=12564, stack(0x000000d4c4300000,0x000000d4c4400000)]
  0x000002d1ff4de060 JavaThread "Worker-1" [_thread_blocked, id=21220, stack(0x000000d4c4400000,0x000000d4c4500000)]
  0x000002d1ff4e1300 JavaThread "Worker-2" [_thread_blocked, id=14456, stack(0x000000d4c4500000,0x000000d4c4600000)]
  0x000002d1ff4e1810 JavaThread "Java indexing" daemon [_thread_in_Java, id=20432, stack(0x000000d4c4600000,0x000000d4c4700000)]
  0x000002d1ff4de570 JavaThread "Worker-3: Initialize Workspace" [_thread_blocked, id=14596, stack(0x000000d4c4700000,0x000000d4c4800000)]
  0x000002d1ff4df9b0 JavaThread "JNA Cleaner" daemon [_thread_blocked, id=20992, stack(0x000000d4c4100000,0x000000d4c4200000)]
  0x000002d1ff4df4a0 JavaThread "Thread-2" daemon [_thread_in_native, id=17716, stack(0x000000d4c4800000,0x000000d4c4900000)]
  0x000002d1ff4dfec0 JavaThread "Thread-3" daemon [_thread_in_native, id=6264, stack(0x000000d4c4900000,0x000000d4c4a00000)]
  0x000002d19012fc90 JavaThread "Thread-4" daemon [_thread_in_native, id=4204, stack(0x000000d4c4a00000,0x000000d4c4b00000)]
  0x000002d190129240 JavaThread "Thread-5" daemon [_thread_in_native, id=9588, stack(0x000000d4c4b00000,0x000000d4c4c00000)]
  0x000002d19012e850 JavaThread "Thread-6" daemon [_thread_in_native, id=19388, stack(0x000000d4c4c00000,0x000000d4c4d00000)]
  0x000002d19012ed60 JavaThread "pool-2-thread-1" [_thread_blocked, id=20448, stack(0x000000d4c4d00000,0x000000d4c4e00000)]
  0x000002d19012d920 JavaThread "WorkspaceEventsHandler" [_thread_blocked, id=4676, stack(0x000000d4c4e00000,0x000000d4c4f00000)]
  0x000002d19012a170 JavaThread "pool-1-thread-1" [_thread_blocked, id=14160, stack(0x000000d4c4f00000,0x000000d4c5000000)]
  0x000002d19012cf00 JavaThread "pool-3-thread-1" [_thread_blocked, id=18600, stack(0x000000d4c5000000,0x000000d4c5100000)]

Other Threads:
  0x000002d1f9dcd760 VMThread "VM Thread" [stack: 0x000000d4c2c00000,0x000000d4c2d00000] [id=22304]
  0x000002d1ff2e3e10 WatcherThread [stack: 0x000000d4c3800000,0x000000d4c3900000] [id=13344]
  0x000002d1f30a3f80 GCTaskThread "GC Thread#0" [stack: 0x000000d4c2b00000,0x000000d4c2c00000] [id=13748]
  0x000002d1ffa82ff0 GCTaskThread "GC Thread#1" [stack: 0x000000d4c3900000,0x000000d4c3a00000] [id=5260]
  0x000002d1ffaed890 GCTaskThread "GC Thread#2" [stack: 0x000000d4c3a00000,0x000000d4c3b00000] [id=20244]
  0x000002d1ffaedb50 GCTaskThread "GC Thread#3" [stack: 0x000000d4c3b00000,0x000000d4c3c00000] [id=20384]

Threads with active compile tasks:
C2 CompilerThread0    28363 7120 % !   4       org.eclipse.jdt.internal.compiler.classfmt.ClassFileReader::<init> @ 63 (2158 bytes)

VM state: not at safepoint (normal execution)

VM Mutex/Monitor currently owned by a thread: None

Heap address: 0x00000000c0000000, size: 1024 MB, Compressed Oops mode: 32-bit

CDS archive(s) not mapped
Compressed class space mapped at: 0x0000000100000000-0x0000000140000000, reserved size: 1073741824
Narrow klass base: 0x0000000000000000, Narrow klass shift: 3, Narrow klass range: 0x140000000

GC Precious Log:
 CPUs: 4 total, 4 available
 Memory: 3919M
 Large Page Support: Disabled
 NUMA Support: Disabled
 Compressed Oops: Enabled (32-bit)
 Alignments: Space 512K, Generation 512K, Heap 2M
 Heap Min Capacity: 100M
 Heap Initial Capacity: 100M
 Heap Max Capacity: 1G
 Pre-touch: Disabled
 Parallel Workers: 4

Heap:
 PSYoungGen      total 23552K, used 9566K [0x00000000eab00000, 0x00000000ed000000, 0x0000000100000000)
  eden space 19456K, 28% used [0x00000000eab00000,0x00000000eb05b430,0x00000000ebe00000)
  from space 4096K, 99% used [0x00000000ebe00000,0x00000000ec1fc520,0x00000000ec200000)
  to   space 9216K, 0% used [0x00000000ec700000,0x00000000ec700000,0x00000000ed000000)
 ParOldGen       total 68608K, used 41106K [0x00000000c0000000, 0x00000000c4300000, 0x00000000eab00000)
  object space 68608K, 59% used [0x00000000c0000000,0x00000000c28248f0,0x00000000c4300000)
 Metaspace       used 54989K, committed 56000K, reserved 1114112K
  class space    used 5859K, committed 6272K, reserved 1048576K

Card table byte_map: [0x000002d1f76c0000,0x000002d1f78d0000] _byte_map_base: 0x000002d1f70c0000

Marking Bits: (ParMarkBitMap*) 0x00007ffd0113d7d0
 Begin Bits: [0x000002d1f7a30000, 0x000002d1f8a30000)
 End Bits:   [0x000002d1f8a30000, 0x000002d1f9a30000)

Polling page: 0x000002d1f2ef0000

Metaspace:

Usage:
  Non-class:     47.98 MB used.
      Class:      5.72 MB used.
       Both:     53.70 MB used.

Virtual space:
  Non-class space:       64.00 MB reserved,      48.56 MB ( 76%) committed,  1 nodes.
      Class space:        1.00 GB reserved,       6.12 MB ( <1%) committed,  1 nodes.
             Both:        1.06 GB reserved,      54.69 MB (  5%) committed. 

Chunk freelists:
   Non-Class:  14.55 MB
       Class:  9.82 MB
        Both:  24.36 MB

MaxMetaspaceSize: unlimited
CompressedClassSpaceSize: 1.00 GB
Initial GC threshold: 21.00 MB
Current GC threshold: 58.38 MB
CDS: off
MetaspaceReclaimPolicy: balanced
 - commit_granule_bytes: 65536.
 - commit_granule_words: 8192.
 - virtual_space_node_default_size: 8388608.
 - enlarge_chunks_in_place: 1.
 - new_chunks_are_fully_committed: 0.
 - uncommit_free_chunks: 1.
 - use_allocation_guard: 0.
 - handle_deallocations: 1.


Internal statistics:

num_allocs_failed_limit: 6.
num_arena_births: 588.
num_arena_deaths: 20.
num_vsnodes_births: 2.
num_vsnodes_deaths: 0.
num_space_committed: 875.
num_space_uncommitted: 0.
num_chunks_returned_to_freelist: 28.
num_chunks_taken_from_freelist: 2696.
num_chunk_merges: 8.
num_chunk_splits: 1659.
num_chunks_enlarged: 993.
num_inconsistent_stats: 0.

CodeHeap 'non-profiled nmethods': size=120000Kb used=3499Kb max_used=3575Kb free=116500Kb
 bounds [0x000002d187ad0000, 0x000002d187e50000, 0x000002d18f000000]
CodeHeap 'profiled nmethods': size=120000Kb used=13275Kb max_used=13275Kb free=106724Kb
 bounds [0x000002d180000000, 0x000002d180d00000, 0x000002d187530000]
CodeHeap 'non-nmethods': size=5760Kb used=1312Kb max_used=1365Kb free=4447Kb
 bounds [0x000002d187530000, 0x000002d1877a0000, 0x000002d187ad0000]
 total_blobs=6944 nmethods=6295 adapters=563
 compilation: enabled
              stopped_count=0, restarted_count=0
 full_count=0

Compilation events (20 events):
Event: 27.712 Thread 0x000002d1ff0264d0 7125       3       sun.nio.fs.WindowsPath::getParent (74 bytes)
Event: 27.713 Thread 0x000002d1ff0264d0 nmethod 7125 0x000002d180ceb310 code [0x000002d180ceb580, 0x000002d180cec0f8]
Event: 27.736 Thread 0x000002d1f9e12050 nmethod 7107 0x000002d187e4ad90 code [0x000002d187e4b000, 0x000002d187e4d330]
Event: 27.736 Thread 0x000002d1f9e12050 7120 % !   4       org.eclipse.jdt.internal.compiler.classfmt.ClassFileReader::<init> @ 63 (2158 bytes)
Event: 27.786 Thread 0x000002d1ff0264d0 7127       3       org.eclipse.jdt.internal.core.search.matching.SuperTypeReferencePattern::createIndexKey (619 bytes)
Event: 27.788 Thread 0x000002d1ff0264d0 nmethod 7127 0x000002d180cec510 code [0x000002d180cec8c0, 0x000002d180cee6a8]
Event: 27.820 Thread 0x000002d1ff0264d0 7128       3       org.eclipse.jdt.internal.compiler.parser.ScannerHelper::isWhitespace (26 bytes)
Event: 27.820 Thread 0x000002d1ff0264d0 nmethod 7128 0x000002d18043ce10 code [0x000002d18043cfc0, 0x000002d18043d1c8]
Event: 27.843 Thread 0x000002d1ff0264d0 7129       3       org.eclipse.jdt.internal.core.search.indexing.BinaryIndexer::extractReferenceFromConstantPool (358 bytes)
Event: 27.846 Thread 0x000002d1ff0264d0 nmethod 7129 0x000002d180cef490 code [0x000002d180cef820, 0x000002d180cf1298]
Event: 27.903 Thread 0x000002d1ff0264d0 7130  s    3       java.io.ByteArrayInputStream::read (73 bytes)
Event: 27.904 Thread 0x000002d1ff0264d0 nmethod 7130 0x000002d18043c290 code [0x000002d18043c480, 0x000002d18043ca78]
Event: 27.941 Thread 0x000002d1ff0264d0 7132       3       org.eclipse.jdt.core.Signature::appendTypeSignature (513 bytes)
Event: 27.943 Thread 0x000002d1ff0264d0 nmethod 7132 0x000002d180cf1d10 code [0x000002d180cf2180, 0x000002d180cf3938]
Event: 27.943 Thread 0x000002d1ff0264d0 7133   !   3       org.eclipse.jdt.internal.compiler.classfmt.AnnotationInfo::decodeAnnotation (305 bytes)
Event: 27.945 Thread 0x000002d1ff0264d0 nmethod 7133 0x000002d180cf4290 code [0x000002d180cf4620, 0x000002d180cf5cf8]
Event: 28.055 Thread 0x000002d1ff0264d0 7136       3       java.lang.AbstractStringBuilder::checkRangeSIOOBE (63 bytes)
Event: 28.056 Thread 0x000002d1ff0264d0 nmethod 7136 0x000002d18043a190 code [0x000002d18043a420, 0x000002d18043ad58]
Event: 28.144 Thread 0x000002d1ff0264d0 7137       3       org.eclipse.jdt.core.Signature::checkNextChar (42 bytes)
Event: 28.145 Thread 0x000002d1ff0264d0 nmethod 7137 0x000002d180439410 code [0x000002d180439620, 0x000002d180439d28]

GC Heap History (20 events):
Event: 21.979 GC heap before
{Heap before GC invocations=20 (full 2):
 PSYoungGen      total 23552K, used 23483K [0x00000000eab00000, 0x00000000ec780000, 0x0000000100000000)
  eden space 22016K, 99% used [0x00000000eab00000,0x00000000ec06f9f8,0x00000000ec080000)
  from space 1536K, 99% used [0x00000000ec380000,0x00000000ec4ff480,0x00000000ec500000)
  to   space 2560K, 0% used [0x00000000ec500000,0x00000000ec500000,0x00000000ec780000)
 ParOldGen       total 68608K, used 19882K [0x00000000c0000000, 0x00000000c4300000, 0x00000000eab00000)
  object space 68608K, 28% used [0x00000000c0000000,0x00000000c136a928,0x00000000c4300000)
 Metaspace       used 52242K, committed 53312K, reserved 1114112K
  class space    used 5596K, committed 6080K, reserved 1048576K
}
Event: 21.984 GC heap after
{Heap after GC invocations=20 (full 2):
 PSYoungGen      total 23552K, used 1411K [0x00000000eab00000, 0x00000000ec680000, 0x0000000100000000)
  eden space 22016K, 0% used [0x00000000eab00000,0x00000000eab00000,0x00000000ec080000)
  from space 1536K, 91% used [0x00000000ec500000,0x00000000ec660c10,0x00000000ec680000)
  to   space 2048K, 0% used [0x00000000ec280000,0x00000000ec280000,0x00000000ec480000)
 ParOldGen       total 68608K, used 21397K [0x00000000c0000000, 0x00000000c4300000, 0x00000000eab00000)
  object space 68608K, 31% used [0x00000000c0000000,0x00000000c14e54e0,0x00000000c4300000)
 Metaspace       used 52242K, committed 53312K, reserved 1114112K
  class space    used 5596K, committed 6080K, reserved 1048576K
}
Event: 22.308 GC heap before
{Heap before GC invocations=21 (full 2):
 PSYoungGen      total 23552K, used 23427K [0x00000000eab00000, 0x00000000ec680000, 0x0000000100000000)
  eden space 22016K, 100% used [0x00000000eab00000,0x00000000ec080000,0x00000000ec080000)
  from space 1536K, 91% used [0x00000000ec500000,0x00000000ec660c10,0x00000000ec680000)
  to   space 2048K, 0% used [0x00000000ec280000,0x00000000ec280000,0x00000000ec480000)
 ParOldGen       total 68608K, used 21397K [0x00000000c0000000, 0x00000000c4300000, 0x00000000eab00000)
  object space 68608K, 31% used [0x00000000c0000000,0x00000000c14e54e0,0x00000000c4300000)
 Metaspace       used 52892K, committed 53888K, reserved 1114112K
  class space    used 5676K, committed 6144K, reserved 1048576K
}
Event: 22.319 GC heap after
{Heap after GC invocations=21 (full 2):
 PSYoungGen      total 24064K, used 2016K [0x00000000eab00000, 0x00000000ec880000, 0x0000000100000000)
  eden space 22016K, 0% used [0x00000000eab00000,0x00000000eab00000,0x00000000ec080000)
  from space 2048K, 98% used [0x00000000ec280000,0x00000000ec478040,0x00000000ec480000)
  to   space 4096K, 0% used [0x00000000ec480000,0x00000000ec480000,0x00000000ec880000)
 ParOldGen       total 68608K, used 22708K [0x00000000c0000000, 0x00000000c4300000, 0x00000000eab00000)
  object space 68608K, 33% used [0x00000000c0000000,0x00000000c162d1a8,0x00000000c4300000)
 Metaspace       used 52892K, committed 53888K, reserved 1114112K
  class space    used 5676K, committed 6144K, reserved 1048576K
}
Event: 22.641 GC heap before
{Heap before GC invocations=22 (full 2):
 PSYoungGen      total 24064K, used 24032K [0x00000000eab00000, 0x00000000ec880000, 0x0000000100000000)
  eden space 22016K, 100% used [0x00000000eab00000,0x00000000ec080000,0x00000000ec080000)
  from space 2048K, 98% used [0x00000000ec280000,0x00000000ec478040,0x00000000ec480000)
  to   space 4096K, 0% used [0x00000000ec480000,0x00000000ec480000,0x00000000ec880000)
 ParOldGen       total 68608K, used 22708K [0x00000000c0000000, 0x00000000c4300000, 0x00000000eab00000)
  object space 68608K, 33% used [0x00000000c0000000,0x00000000c162d1a8,0x00000000c4300000)
 Metaspace       used 52960K, committed 53952K, reserved 1114112K
  class space    used 5676K, committed 6144K, reserved 1048576K
}
Event: 22.646 GC heap after
{Heap after GC invocations=22 (full 2):
 PSYoungGen      total 24576K, used 2176K [0x00000000eab00000, 0x00000000ec700000, 0x0000000100000000)
  eden space 22016K, 0% used [0x00000000eab00000,0x00000000eab00000,0x00000000ec080000)
  from space 2560K, 85% used [0x00000000ec480000,0x00000000ec6a0010,0x00000000ec700000)
  to   space 3072K, 0% used [0x00000000ec100000,0x00000000ec100000,0x00000000ec400000)
 ParOldGen       total 68608K, used 24612K [0x00000000c0000000, 0x00000000c4300000, 0x00000000eab00000)
  object space 68608K, 35% used [0x00000000c0000000,0x00000000c18091d8,0x00000000c4300000)
 Metaspace       used 52960K, committed 53952K, reserved 1114112K
  class space    used 5676K, committed 6144K, reserved 1048576K
}
Event: 22.810 GC heap before
{Heap before GC invocations=23 (full 2):
 PSYoungGen      total 24576K, used 24192K [0x00000000eab00000, 0x00000000ec700000, 0x0000000100000000)
  eden space 22016K, 100% used [0x00000000eab00000,0x00000000ec080000,0x00000000ec080000)
  from space 2560K, 85% used [0x00000000ec480000,0x00000000ec6a0010,0x00000000ec700000)
  to   space 3072K, 0% used [0x00000000ec100000,0x00000000ec100000,0x00000000ec400000)
 ParOldGen       total 68608K, used 24612K [0x00000000c0000000, 0x00000000c4300000, 0x00000000eab00000)
  object space 68608K, 35% used [0x00000000c0000000,0x00000000c18091d8,0x00000000c4300000)
 Metaspace       used 53020K, committed 54080K, reserved 1114112K
  class space    used 5687K, committed 6144K, reserved 1048576K
}
Event: 22.816 GC heap after
{Heap after GC invocations=23 (full 2):
 PSYoungGen      total 24576K, used 2272K [0x00000000eab00000, 0x00000000ec580000, 0x0000000100000000)
  eden space 22016K, 0% used [0x00000000eab00000,0x00000000eab00000,0x00000000ec080000)
  from space 2560K, 88% used [0x00000000ec100000,0x00000000ec338000,0x00000000ec380000)
  to   space 2048K, 0% used [0x00000000ec380000,0x00000000ec380000,0x00000000ec580000)
 ParOldGen       total 68608K, used 26761K [0x00000000c0000000, 0x00000000c4300000, 0x00000000eab00000)
  object space 68608K, 39% used [0x00000000c0000000,0x00000000c1a22540,0x00000000c4300000)
 Metaspace       used 53020K, committed 54080K, reserved 1114112K
  class space    used 5687K, committed 6144K, reserved 1048576K
}
Event: 22.940 GC heap before
{Heap before GC invocations=24 (full 2):
 PSYoungGen      total 24576K, used 24288K [0x00000000eab00000, 0x00000000ec580000, 0x0000000100000000)
  eden space 22016K, 100% used [0x00000000eab00000,0x00000000ec080000,0x00000000ec080000)
  from space 2560K, 88% used [0x00000000ec100000,0x00000000ec338000,0x00000000ec380000)
  to   space 2048K, 0% used [0x00000000ec380000,0x00000000ec380000,0x00000000ec580000)
 ParOldGen       total 68608K, used 26761K [0x00000000c0000000, 0x00000000c4300000, 0x00000000eab00000)
  object space 68608K, 39% used [0x00000000c0000000,0x00000000c1a22540,0x00000000c4300000)
 Metaspace       used 53020K, committed 54080K, reserved 1114112K
  class space    used 5687K, committed 6144K, reserved 1048576K
}
Event: 22.947 GC heap after
{Heap after GC invocations=24 (full 2):
 PSYoungGen      total 21504K, used 2016K [0x00000000eab00000, 0x00000000ecb80000, 0x0000000100000000)
  eden space 19456K, 0% used [0x00000000eab00000,0x00000000eab00000,0x00000000ebe00000)
  from space 2048K, 98% used [0x00000000ec380000,0x00000000ec578010,0x00000000ec580000)
  to   space 5632K, 0% used [0x00000000ebe00000,0x00000000ebe00000,0x00000000ec380000)
 ParOldGen       total 68608K, used 29534K [0x00000000c0000000, 0x00000000c4300000, 0x00000000eab00000)
  object space 68608K, 43% used [0x00000000c0000000,0x00000000c1cd7980,0x00000000c4300000)
 Metaspace       used 53020K, committed 54080K, reserved 1114112K
  class space    used 5687K, committed 6144K, reserved 1048576K
}
Event: 23.267 GC heap before
{Heap before GC invocations=25 (full 2):
 PSYoungGen      total 21504K, used 21472K [0x00000000eab00000, 0x00000000ecb80000, 0x0000000100000000)
  eden space 19456K, 100% used [0x00000000eab00000,0x00000000ebe00000,0x00000000ebe00000)
  from space 2048K, 98% used [0x00000000ec380000,0x00000000ec578010,0x00000000ec580000)
  to   space 5632K, 0% used [0x00000000ebe00000,0x00000000ebe00000,0x00000000ec380000)
 ParOldGen       total 68608K, used 29534K [0x00000000c0000000, 0x00000000c4300000, 0x00000000eab00000)
  object space 68608K, 43% used [0x00000000c0000000,0x00000000c1cd7980,0x00000000c4300000)
 Metaspace       used 53044K, committed 54080K, reserved 1114112K
  class space    used 5689K, committed 6144K, reserved 1048576K
}
Event: 23.272 GC heap after
{Heap after GC invocations=25 (full 2):
 PSYoungGen      total 21504K, used 1792K [0x00000000eab00000, 0x00000000ec400000, 0x0000000100000000)
  eden space 19456K, 0% used [0x00000000eab00000,0x00000000eab00000,0x00000000ebe00000)
  from space 2048K, 87% used [0x00000000ebe00000,0x00000000ebfc0000,0x00000000ec000000)
  to   space 3072K, 0% used [0x00000000ec100000,0x00000000ec100000,0x00000000ec400000)
 ParOldGen       total 68608K, used 31574K [0x00000000c0000000, 0x00000000c4300000, 0x00000000eab00000)
  object space 68608K, 46% used [0x00000000c0000000,0x00000000c1ed5990,0x00000000c4300000)
 Metaspace       used 53044K, committed 54080K, reserved 1114112K
  class space    used 5689K, committed 6144K, reserved 1048576K
}
Event: 24.075 GC heap before
{Heap before GC invocations=26 (full 2):
 PSYoungGen      total 21504K, used 21248K [0x00000000eab00000, 0x00000000ec400000, 0x0000000100000000)
  eden space 19456K, 100% used [0x00000000eab00000,0x00000000ebe00000,0x00000000ebe00000)
  from space 2048K, 87% used [0x00000000ebe00000,0x00000000ebfc0000,0x00000000ec000000)
  to   space 3072K, 0% used [0x00000000ec100000,0x00000000ec100000,0x00000000ec400000)
 ParOldGen       total 68608K, used 31574K [0x00000000c0000000, 0x00000000c4300000, 0x00000000eab00000)
  object space 68608K, 46% used [0x00000000c0000000,0x00000000c1ed5990,0x00000000c4300000)
 Metaspace       used 53863K, committed 54912K, reserved 1114112K
  class space    used 5762K, committed 6208K, reserved 1048576K
}
Event: 24.080 GC heap after
{Heap after GC invocations=26 (full 2):
 PSYoungGen      total 21504K, used 1549K [0x00000000eab00000, 0x00000000ec300000, 0x0000000100000000)
  eden space 19456K, 0% used [0x00000000eab00000,0x00000000eab00000,0x00000000ebe00000)
  from space 2048K, 75% used [0x00000000ec100000,0x00000000ec283550,0x00000000ec300000)
  to   space 2048K, 0% used [0x00000000ebe00000,0x00000000ebe00000,0x00000000ec000000)
 ParOldGen       total 68608K, used 33358K [0x00000000c0000000, 0x00000000c4300000, 0x00000000eab00000)
  object space 68608K, 48% used [0x00000000c0000000,0x00000000c2093990,0x00000000c4300000)
 Metaspace       used 53863K, committed 54912K, reserved 1114112K
  class space    used 5762K, committed 6208K, reserved 1048576K
}
Event: 24.931 GC heap before
{Heap before GC invocations=27 (full 2):
 PSYoungGen      total 21504K, used 21005K [0x00000000eab00000, 0x00000000ec300000, 0x0000000100000000)
  eden space 19456K, 100% used [0x00000000eab00000,0x00000000ebe00000,0x00000000ebe00000)
  from space 2048K, 75% used [0x00000000ec100000,0x00000000ec283550,0x00000000ec300000)
  to   space 2048K, 0% used [0x00000000ebe00000,0x00000000ebe00000,0x00000000ec000000)
 ParOldGen       total 68608K, used 33358K [0x00000000c0000000, 0x00000000c4300000, 0x00000000eab00000)
  object space 68608K, 48% used [0x00000000c0000000,0x00000000c2093990,0x00000000c4300000)
 Metaspace       used 54171K, committed 55232K, reserved 1114112K
  class space    used 5791K, committed 6272K, reserved 1048576K
}
Event: 24.937 GC heap after
{Heap after GC invocations=27 (full 2):
 PSYoungGen      total 21504K, used 2034K [0x00000000eab00000, 0x00000000ec700000, 0x0000000100000000)
  eden space 19456K, 0% used [0x00000000eab00000,0x00000000eab00000,0x00000000ebe00000)
  from space 2048K, 99% used [0x00000000ebe00000,0x00000000ebffcbc8,0x00000000ec000000)
  to   space 4608K, 0% used [0x00000000ec280000,0x00000000ec280000,0x00000000ec700000)
 ParOldGen       total 68608K, used 35275K [0x00000000c0000000, 0x00000000c4300000, 0x00000000eab00000)
  object space 68608K, 51% used [0x00000000c0000000,0x00000000c2272ee0,0x00000000c4300000)
 Metaspace       used 54171K, committed 55232K, reserved 1114112K
  class space    used 5791K, committed 6272K, reserved 1048576K
}
Event: 26.227 GC heap before
{Heap before GC invocations=28 (full 2):
 PSYoungGen      total 21504K, used 21490K [0x00000000eab00000, 0x00000000ec700000, 0x0000000100000000)
  eden space 19456K, 100% used [0x00000000eab00000,0x00000000ebe00000,0x00000000ebe00000)
  from space 2048K, 99% used [0x00000000ebe00000,0x00000000ebffcbc8,0x00000000ec000000)
  to   space 4608K, 0% used [0x00000000ec280000,0x00000000ec280000,0x00000000ec700000)
 ParOldGen       total 68608K, used 35275K [0x00000000c0000000, 0x00000000c4300000, 0x00000000eab00000)
  object space 68608K, 51% used [0x00000000c0000000,0x00000000c2272ee0,0x00000000c4300000)
 Metaspace       used 54840K, committed 55872K, reserved 1114112K
  class space    used 5844K, committed 6272K, reserved 1048576K
}
Event: 26.238 GC heap after
{Heap after GC invocations=28 (full 2):
 PSYoungGen      total 23040K, used 3537K [0x00000000eab00000, 0x00000000ec600000, 0x0000000100000000)
  eden space 19456K, 0% used [0x00000000eab00000,0x00000000eab00000,0x00000000ebe00000)
  from space 3584K, 98% used [0x00000000ec280000,0x00000000ec5f4710,0x00000000ec600000)
  to   space 4096K, 0% used [0x00000000ebe00000,0x00000000ebe00000,0x00000000ec200000)
 ParOldGen       total 68608K, used 37226K [0x00000000c0000000, 0x00000000c4300000, 0x00000000eab00000)
  object space 68608K, 54% used [0x00000000c0000000,0x00000000c245aa88,0x00000000c4300000)
 Metaspace       used 54840K, committed 55872K, reserved 1114112K
  class space    used 5844K, committed 6272K, reserved 1048576K
}
Event: 27.905 GC heap before
{Heap before GC invocations=29 (full 2):
 PSYoungGen      total 23040K, used 22993K [0x00000000eab00000, 0x00000000ec600000, 0x0000000100000000)
  eden space 19456K, 100% used [0x00000000eab00000,0x00000000ebe00000,0x00000000ebe00000)
  from space 3584K, 98% used [0x00000000ec280000,0x00000000ec5f4710,0x00000000ec600000)
  to   space 4096K, 0% used [0x00000000ebe00000,0x00000000ebe00000,0x00000000ec200000)
 ParOldGen       total 68608K, used 37226K [0x00000000c0000000, 0x00000000c4300000, 0x00000000eab00000)
  object space 68608K, 54% used [0x00000000c0000000,0x00000000c245aa88,0x00000000c4300000)
 Metaspace       used 54980K, committed 56000K, reserved 1114112K
  class space    used 5859K, committed 6272K, reserved 1048576K
}
Event: 27.916 GC heap after
{Heap after GC invocations=29 (full 2):
 PSYoungGen      total 23552K, used 4081K [0x00000000eab00000, 0x00000000ed000000, 0x0000000100000000)
  eden space 19456K, 0% used [0x00000000eab00000,0x00000000eab00000,0x00000000ebe00000)
  from space 4096K, 99% used [0x00000000ebe00000,0x00000000ec1fc520,0x00000000ec200000)
  to   space 9216K, 0% used [0x00000000ec700000,0x00000000ec700000,0x00000000ed000000)
 ParOldGen       total 68608K, used 41106K [0x00000000c0000000, 0x00000000c4300000, 0x00000000eab00000)
  object space 68608K, 59% used [0x00000000c0000000,0x00000000c28248f0,0x00000000c4300000)
 Metaspace       used 54980K, committed 56000K, reserved 1114112K
  class space    used 5859K, committed 6272K, reserved 1048576K
}

Dll operation events (10 events):
Event: 0.090 Loaded shared library c:\Users\HP\.vscode\extensions\redhat.java-1.30.0-win32-x64\jre\17.0.10-win32-x86_64\bin\java.dll
Event: 0.883 Loaded shared library c:\Users\HP\.vscode\extensions\redhat.java-1.30.0-win32-x64\jre\17.0.10-win32-x86_64\bin\zip.dll
Event: 0.891 Loaded shared library C:\Users\HP\.vscode\extensions\redhat.java-1.30.0-win32-x64\jre\17.0.10-win32-x86_64\bin\instrument.dll
Event: 0.968 Loaded shared library C:\Users\HP\.vscode\extensions\redhat.java-1.30.0-win32-x64\jre\17.0.10-win32-x86_64\bin\net.dll
Event: 0.974 Loaded shared library C:\Users\HP\.vscode\extensions\redhat.java-1.30.0-win32-x64\jre\17.0.10-win32-x86_64\bin\nio.dll
Event: 1.027 Loaded shared library C:\Users\HP\.vscode\extensions\redhat.java-1.30.0-win32-x64\jre\17.0.10-win32-x86_64\bin\zip.dll
Event: 1.084 Loaded shared library C:\Users\HP\.vscode\extensions\redhat.java-1.30.0-win32-x64\jre\17.0.10-win32-x86_64\bin\jimage.dll
Event: 1.323 Loaded shared library c:\Users\HP\.vscode\extensions\redhat.java-1.30.0-win32-x64\jre\17.0.10-win32-x86_64\bin\verify.dll
Event: 6.403 Loaded shared library C:\Users\HP\AppData\Roaming\Code\User\globalStorage\redhat.java\1.30.0\config_win\org.eclipse.equinox.launcher\org.eclipse.equinox.launcher.win32.win32.x86_64_1.2.900.v20240213-1244\eclipse_11900.dll
Event: 18.084 Loaded shared library C:\Users\HP\AppData\Local\Temp\jna-2312\jna7167185271639126563.dll

Deoptimization events (20 events):
Event: 27.324 Thread 0x000002d1ff4e1810 DEOPT PACKING pc=0x000002d180c32ce3 sp=0x000000d4c46fe440
Event: 27.324 Thread 0x000002d1ff4e1810 DEOPT UNPACKING pc=0x000002d187586e43 sp=0x000000d4c46fd9a8 mode 0
Event: 27.337 Thread 0x000002d1ff4e1810 Uncommon trap: trap_request=0xffffff45 fr.pc=0x000002d187e00064 relative=0x0000000000000164
Event: 27.338 Thread 0x000002d1ff4e1810 Uncommon trap: reason=unstable_if action=reinterpret pc=0x000002d187e00064 method=org.eclipse.jdt.internal.core.search.indexing.BinaryIndexer.replace(CC[C)[C @ 1 c2
Event: 27.338 Thread 0x000002d1ff4e1810 DEOPT PACKING pc=0x000002d187e00064 sp=0x000000d4c46fe580
Event: 27.338 Thread 0x000002d1ff4e1810 DEOPT UNPACKING pc=0x000002d1875866a3 sp=0x000000d4c46fe500 mode 2
Event: 27.355 Thread 0x000002d1ff4e1810 DEOPT PACKING pc=0x000002d180c32ce3 sp=0x000000d4c46fe440
Event: 27.356 Thread 0x000002d1ff4e1810 DEOPT UNPACKING pc=0x000002d187586e43 sp=0x000000d4c46fd9a8 mode 0
Event: 27.788 Thread 0x000002d1ff4e1810 DEOPT PACKING pc=0x000002d180c53ca8 sp=0x000000d4c46fe270
Event: 27.789 Thread 0x000002d1ff4e1810 DEOPT UNPACKING pc=0x000002d187586e43 sp=0x000000d4c46fd6d0 mode 0
Event: 27.838 Thread 0x000002d1ff4e1810 Uncommon trap: trap_request=0xffffffad fr.pc=0x000002d187e3ff70 relative=0x00000000000022d0
Event: 27.838 Thread 0x000002d1ff4e1810 Uncommon trap: reason=uninitialized action=reinterpret pc=0x000002d187e3ff70 method=org.eclipse.jdt.internal.core.search.matching.ConstructorPattern.createIndexKey([CI)[C @ 18 c2
Event: 27.838 Thread 0x000002d1ff4e1810 DEOPT PACKING pc=0x000002d187e3ff70 sp=0x000000d4c46fe4f0
Event: 27.838 Thread 0x000002d1ff4e1810 DEOPT UNPACKING pc=0x000002d1875866a3 sp=0x000000d4c46fe3c0 mode 2
Event: 27.843 Thread 0x000002d1ff4e1810 Uncommon trap: trap_request=0xffffffad fr.pc=0x000002d187e35990 relative=0x0000000000002870
Event: 27.843 Thread 0x000002d1ff4e1810 Uncommon trap: reason=uninitialized action=reinterpret pc=0x000002d187e35990 method=org.eclipse.jdt.internal.core.search.matching.ConstructorPattern.createIndexKey([CI)[C @ 18 c2
Event: 27.843 Thread 0x000002d1ff4e1810 DEOPT PACKING pc=0x000002d187e35990 sp=0x000000d4c46fe4e0
Event: 27.844 Thread 0x000002d1ff4e1810 DEOPT UNPACKING pc=0x000002d1875866a3 sp=0x000000d4c46fe3c0 mode 2
Event: 28.223 Thread 0x000002d1ff4e1810 DEOPT PACKING pc=0x000002d180cf0e93 sp=0x000000d4c46fe440
Event: 28.223 Thread 0x000002d1ff4e1810 DEOPT UNPACKING pc=0x000002d187586e43 sp=0x000000d4c46fd9a8 mode 0

Classes unloaded (10 events):
Event: 15.018 Thread 0x000002d1f9dcd760 Unloading class 0x0000000100339400 'java/lang/invoke/LambdaForm$DMH+0x0000000100339400'
Event: 15.018 Thread 0x000002d1f9dcd760 Unloading class 0x0000000100338800 'java/lang/invoke/LambdaForm$MH+0x0000000100338800'
Event: 15.018 Thread 0x000002d1f9dcd760 Unloading class 0x0000000100338000 'java/lang/invoke/LambdaForm$MH+0x0000000100338000'
Event: 15.018 Thread 0x000002d1f9dcd760 Unloading class 0x0000000100250400 'java/lang/invoke/LambdaForm$MH+0x0000000100250400'
Event: 15.018 Thread 0x000002d1f9dcd760 Unloading class 0x0000000100250000 'java/lang/invoke/LambdaForm$MH+0x0000000100250000'
Event: 15.018 Thread 0x000002d1f9dcd760 Unloading class 0x000000010024bc00 'java/lang/invoke/LambdaForm$MH+0x000000010024bc00'
Event: 15.018 Thread 0x000002d1f9dcd760 Unloading class 0x000000010024b800 'java/lang/invoke/LambdaForm$MH+0x000000010024b800'
Event: 15.018 Thread 0x000002d1f9dcd760 Unloading class 0x000000010024b400 'java/lang/invoke/LambdaForm$BMH+0x000000010024b400'
Event: 15.018 Thread 0x000002d1f9dcd760 Unloading class 0x000000010024b000 'java/lang/invoke/LambdaForm$DMH+0x000000010024b000'
Event: 15.018 Thread 0x000002d1f9dcd760 Unloading class 0x0000000100248400 'java/lang/invoke/LambdaForm$DMH+0x0000000100248400'

Classes redefined (0 events):
No events

Internal exceptions (20 events):
Event: 25.139 Thread 0x000002d1ff4de570 Exception <a 'sun/nio/fs/WindowsException'{0x00000000eb6487d0}> (0x00000000eb6487d0) 
thrown [s\src\hotspot\share\prims\jni.cpp, line 516]
Event: 25.142 Thread 0x000002d1ff4de570 Exception <a 'sun/nio/fs/WindowsException'{0x00000000eb64c2a8}> (0x00000000eb64c2a8) 
thrown [s\src\hotspot\share\prims\jni.cpp, line 516]
Event: 25.145 Thread 0x000002d1ff4de570 Exception <a 'sun/nio/fs/WindowsException'{0x00000000eb6506d0}> (0x00000000eb6506d0) 
thrown [s\src\hotspot\share\prims\jni.cpp, line 516]
Event: 25.151 Thread 0x000002d1ff4de570 Exception <a 'sun/nio/fs/WindowsException'{0x00000000eb681180}> (0x00000000eb681180) 
thrown [s\src\hotspot\share\prims\jni.cpp, line 516]
Event: 25.153 Thread 0x000002d1ff4de570 Exception <a 'sun/nio/fs/WindowsException'{0x00000000eb6852e8}> (0x00000000eb6852e8) 
thrown [s\src\hotspot\share\prims\jni.cpp, line 516]
Event: 25.178 Thread 0x000002d1ff4de570 Exception <a 'sun/nio/fs/WindowsException'{0x00000000eb68b730}> (0x00000000eb68b730) 
thrown [s\src\hotspot\share\prims\jni.cpp, line 516]
Event: 25.184 Thread 0x000002d1ff4de570 Exception <a 'sun/nio/fs/WindowsException'{0x00000000eb68eca8}> (0x00000000eb68eca8) 
thrown [s\src\hotspot\share\prims\jni.cpp, line 516]
Event: 25.185 Thread 0x000002d1ff4de570 Exception <a 'sun/nio/fs/WindowsException'{0x00000000eb693e08}> (0x00000000eb693e08) 
thrown [s\src\hotspot\share\prims\jni.cpp, line 516]
Event: 25.186 Thread 0x000002d1ff4de570 Exception <a 'sun/nio/fs/WindowsException'{0x00000000eb697300}> (0x00000000eb697300) 
thrown [s\src\hotspot\share\prims\jni.cpp, line 516]
Event: 25.187 Thread 0x000002d1ff4de570 Exception <a 'sun/nio/fs/WindowsException'{0x00000000eb69aa10}> (0x00000000eb69aa10) 
thrown [s\src\hotspot\share\prims\jni.cpp, line 516]
Event: 25.191 Thread 0x000002d1ff4de570 Exception <a 'sun/nio/fs/WindowsException'{0x00000000eb69e3d8}> (0x00000000eb69e3d8) 
thrown [s\src\hotspot\share\prims\jni.cpp, line 516]
Event: 25.194 Thread 0x000002d1ff4de570 Exception <a 'sun/nio/fs/WindowsException'{0x00000000eb6a1e50}> (0x00000000eb6a1e50) 
thrown [s\src\hotspot\share\prims\jni.cpp, line 516]
Event: 25.200 Thread 0x000002d1ff4de570 Exception <a 'sun/nio/fs/WindowsException'{0x00000000eb6a64d8}> (0x00000000eb6a64d8) 
thrown [s\src\hotspot\share\prims\jni.cpp, line 516]
Event: 25.208 Thread 0x000002d1ff4de570 Exception <a 'sun/nio/fs/WindowsException'{0x00000000eb6aab50}> (0x00000000eb6aab50) 
thrown [s\src\hotspot\share\prims\jni.cpp, line 516]
Event: 25.237 Thread 0x000002d1ff4de570 Exception <a 'sun/nio/fs/WindowsException'{0x00000000eb6b9328}> (0x00000000eb6b9328) 
thrown [s\src\hotspot\share\prims\jni.cpp, line 516]
Event: 25.249 Thread 0x000002d1ff4de570 Exception <a 'sun/nio/fs/WindowsException'{0x00000000eb6bca38}> (0x00000000eb6bca38) 
thrown [s\src\hotspot\share\prims\jni.cpp, line 516]
Event: 25.250 Thread 0x000002d1ff4de570 Exception <a 'sun/nio/fs/WindowsException'{0x00000000eb6c0400}> (0x00000000eb6c0400) 
thrown [s\src\hotspot\share\prims\jni.cpp, line 516]
Event: 26.119 Thread 0x000002d1ff4de570 Exception <a 'java/lang/NoSuchMethodError'{0x00000000eb6f5270}: 'void java.lang.invoke.DirectMethodHandle$Holder.invokeStatic(java.lang.Object, long)'> (0x00000000eb6f5270) 
thrown [s\src\hotspot\share\interpreter\linkResolver.cpp, line 759]
Event: 26.120 Thread 0x000002d1ff4de570 Exception <a 'java/lang/NoSuchMethodError'{0x00000000eb6fa618}: 'java.lang.Object java.lang.invoke.DirectMethodHandle$Holder.newInvokeSpecial(java.lang.Object, long)'> (0x00000000eb6fa618) 
thrown [s\src\hotspot\share\interpreter\linkResolver.cpp, line 759]
Event: 27.337 Thread 0x000002d1ff4e1810 Implicit null exception at 0x000002d187dfff2c to 0x000002d187e0004c

VM Operations (20 events):
Event: 24.074 Executing VM operation: ParallelGCFailedAllocation
Event: 24.081 Executing VM operation: ParallelGCFailedAllocation done
Event: 24.907 Executing VM operation: ParallelGCFailedAllocation
Event: 24.939 Executing VM operation: ParallelGCFailedAllocation done
Event: 25.094 Executing VM operation: HandshakeAllThreads
Event: 25.094 Executing VM operation: HandshakeAllThreads done
Event: 26.101 Executing VM operation: Cleanup
Event: 26.124 Executing VM operation: Cleanup done
Event: 26.124 Executing VM operation: HandshakeAllThreads
Event: 26.124 Executing VM operation: HandshakeAllThreads done
Event: 26.227 Executing VM operation: ParallelGCFailedAllocation
Event: 26.239 Executing VM operation: ParallelGCFailedAllocation done
Event: 26.788 Executing VM operation: HandshakeAllThreads
Event: 26.788 Executing VM operation: HandshakeAllThreads done
Event: 27.736 Executing VM operation: HandshakeAllThreads
Event: 27.754 Executing VM operation: HandshakeAllThreads done
Event: 27.754 Executing VM operation: Cleanup
Event: 27.757 Executing VM operation: Cleanup done
Event: 27.904 Executing VM operation: ParallelGCFailedAllocation
Event: 27.917 Executing VM operation: ParallelGCFailedAllocation done

Events (20 events):
Event: 25.103 loading class sun/nio/fs/WindowsException
Event: 25.103 loading class sun/nio/fs/WindowsException done
Event: 25.254 loading class java/lang/Class$EnclosingMethodInfo
Event: 25.255 loading class java/lang/Class$EnclosingMethodInfo done
Event: 25.270 loading class java/lang/ProcessBuilder
Event: 25.285 loading class java/lang/ProcessBuilder done
Event: 25.285 loading class java/lang/ProcessImpl
Event: 25.304 loading class java/lang/ProcessImpl done
Event: 26.121 loading class java/lang/ProcessImpl$2
Event: 26.121 loading class java/lang/ProcessImpl$2 done
Event: 26.121 loading class java/lang/Process$PipeInputStream
Event: 26.122 loading class java/lang/Process$PipeInputStream done
Event: 26.124 loading class jdk/internal/event/ProcessStartEvent
Event: 26.126 loading class jdk/internal/event/ProcessStartEvent done
Event: 26.194 Thread 0x000002d19012cf00 Thread added: 0x000002d19012cf00
Event: 26.217 loading class java/util/concurrent/CompletableFuture$Signaller
Event: 26.218 loading class java/util/concurrent/CompletableFuture$Signaller done
Event: 27.756 Thread 0x000002d1ff030a10 flushing nmethod 0x000002d187d27810
Event: 27.760 Thread 0x000002d1ff030a10 flushing nmethod 0x000002d180439410
Event: 27.762 Thread 0x000002d1ff030a10 flushing nmethod 0x000002d18043c290


Dynamic libraries:
0x00007ff7773b0000 - 0x00007ff7773be000 	c:\Users\HP\.vscode\extensions\redhat.java-1.30.0-win32-x64\jre\17.0.10-win32-x86_64\bin\java.exe
0x00007ffd66710000 - 0x00007ffd66926000 	C:\WINDOWS\SYSTEM32\ntdll.dll
0x00007ffd66220000 - 0x00007ffd662e4000 	C:\WINDOWS\System32\KERNEL32.DLL
0x00007ffd63cc0000 - 0x00007ffd64067000 	C:\WINDOWS\System32\KERNELBASE.dll
0x00007ffd640f0000 - 0x00007ffd64201000 	C:\WINDOWS\System32\ucrtbase.dll
0x00007ffd34a30000 - 0x00007ffd34a47000 	c:\Users\HP\.vscode\extensions\redhat.java-1.30.0-win32-x64\jre\17.0.10-win32-x86_64\bin\jli.dll
0x00007ffd65de0000 - 0x00007ffd65f8e000 	C:\WINDOWS\System32\USER32.dll
0x00007ffd63aa0000 - 0x00007ffd63ac6000 	C:\WINDOWS\System32\win32u.dll
0x00007ffd66630000 - 0x00007ffd66659000 	C:\WINDOWS\System32\GDI32.dll
0x00007ffd63b00000 - 0x00007ffd63c19000 	C:\WINDOWS\System32\gdi32full.dll
0x00007ffd63c20000 - 0x00007ffd63cba000 	C:\WINDOWS\System32\msvcp_win.dll
0x00007ffd348e0000 - 0x00007ffd348fb000 	c:\Users\HP\.vscode\extensions\redhat.java-1.30.0-win32-x64\jre\17.0.10-win32-x86_64\bin\VCRUNTIME140.dll
0x00007ffd4bd80000 - 0x00007ffd4c013000 	C:\WINDOWS\WinSxS\amd64_microsoft.windows.common-controls_6595b64144ccf1df_6.0.22621.3235_none_270f74e173860f98\COMCTL32.dll
0x00007ffd653a0000 - 0x00007ffd65447000 	C:\WINDOWS\System32\msvcrt.dll
0x00007ffd64f40000 - 0x00007ffd64f71000 	C:\WINDOWS\System32\IMM32.DLL
0x00007ffd547b0000 - 0x00007ffd547bc000 	c:\Users\HP\.vscode\extensions\redhat.java-1.30.0-win32-x64\jre\17.0.10-win32-x86_64\bin\vcruntime140_1.dll
0x00007ffd2b240000 - 0x00007ffd2b2cd000 	c:\Users\HP\.vscode\extensions\redhat.java-1.30.0-win32-x64\jre\17.0.10-win32-x86_64\bin\msvcp140.dll
0x00007ffd005a0000 - 0x00007ffd01202000 	c:\Users\HP\.vscode\extensions\redhat.java-1.30.0-win32-x64\jre\17.0.10-win32-x86_64\bin\server\jvm.dll
0x00007ffd64e80000 - 0x00007ffd64f32000 	C:\WINDOWS\System32\ADVAPI32.dll
0x00007ffd662f0000 - 0x00007ffd66398000 	C:\WINDOWS\System32\sechost.dll
0x00007ffd63ad0000 - 0x00007ffd63af8000 	C:\WINDOWS\System32\bcrypt.dll
0x00007ffd65f90000 - 0x00007ffd660a5000 	C:\WINDOWS\System32\RPCRT4.dll
0x00007ffd63900000 - 0x00007ffd6394d000 	C:\WINDOWS\SYSTEM32\POWRPROF.dll
0x00007ffd41640000 - 0x00007ffd41649000 	C:\WINDOWS\SYSTEM32\WSOCK32.dll
0x00007ffd64440000 - 0x00007ffd644b1000 	C:\WINDOWS\System32\WS2_32.dll
0x00007ffd59520000 - 0x00007ffd59554000 	C:\WINDOWS\SYSTEM32\WINMM.dll
0x00007ffd5a990000 - 0x00007ffd5a99a000 	C:\WINDOWS\SYSTEM32\VERSION.dll
0x00007ffd63830000 - 0x00007ffd63843000 	C:\WINDOWS\SYSTEM32\UMPDC.dll
0x00007ffd62a30000 - 0x00007ffd62a48000 	C:\WINDOWS\SYSTEM32\kernel.appcore.dll
0x00007ffd4bac0000 - 0x00007ffd4baca000 	c:\Users\HP\.vscode\extensions\redhat.java-1.30.0-win32-x64\jre\17.0.10-win32-x86_64\bin\jimage.dll
0x00007ffd612c0000 - 0x00007ffd614f3000 	C:\WINDOWS\SYSTEM32\DBGHELP.DLL
0x00007ffd65010000 - 0x00007ffd65398000 	C:\WINDOWS\System32\combase.dll
0x00007ffd65960000 - 0x00007ffd65a37000 	C:\WINDOWS\System32\OLEAUT32.dll
0x00007ffd46670000 - 0x00007ffd466a2000 	C:\WINDOWS\SYSTEM32\dbgcore.DLL
0x00007ffd64070000 - 0x00007ffd640e9000 	C:\WINDOWS\System32\bcryptPrimitives.dll
0x00007ffd4b930000 - 0x00007ffd4b93e000 	c:\Users\HP\.vscode\extensions\redhat.java-1.30.0-win32-x64\jre\17.0.10-win32-x86_64\bin\instrument.dll
0x00007ffd34640000 - 0x00007ffd34665000 	c:\Users\HP\.vscode\extensions\redhat.java-1.30.0-win32-x64\jre\17.0.10-win32-x86_64\bin\java.dll
0x00007ffd34810000 - 0x00007ffd34828000 	c:\Users\HP\.vscode\extensions\redhat.java-1.30.0-win32-x64\jre\17.0.10-win32-x86_64\bin\zip.dll
0x00007ffd644c0000 - 0x00007ffd64d1c000 	C:\WINDOWS\System32\SHELL32.dll
0x00007ffd61940000 - 0x00007ffd62239000 	C:\WINDOWS\SYSTEM32\windows.storage.dll
0x00007ffd61800000 - 0x00007ffd6193e000 	C:\WINDOWS\SYSTEM32\wintypes.dll
0x00007ffd64d20000 - 0x00007ffd64e13000 	C:\WINDOWS\System32\SHCORE.dll
0x00007ffd64e20000 - 0x00007ffd64e7e000 	C:\WINDOWS\System32\shlwapi.dll
0x00007ffd63960000 - 0x00007ffd63981000 	C:\WINDOWS\SYSTEM32\profapi.dll
0x00007ffd2bb30000 - 0x00007ffd2bb49000 	C:\Users\HP\.vscode\extensions\redhat.java-1.30.0-win32-x64\jre\17.0.10-win32-x86_64\bin\net.dll
0x00007ffd59ba0000 - 0x00007ffd59cd6000 	C:\WINDOWS\SYSTEM32\WINHTTP.dll
0x00007ffd62ea0000 - 0x00007ffd62f09000 	C:\WINDOWS\system32\mswsock.dll
0x00007ffd2bb10000 - 0x00007ffd2bb26000 	C:\Users\HP\.vscode\extensions\redhat.java-1.30.0-win32-x64\jre\17.0.10-win32-x86_64\bin\nio.dll
0x00007ffd4b320000 - 0x00007ffd4b330000 	c:\Users\HP\.vscode\extensions\redhat.java-1.30.0-win32-x64\jre\17.0.10-win32-x86_64\bin\verify.dll
0x00007ffd2b620000 - 0x00007ffd2b65e000 	C:\Users\HP\AppData\Roaming\Code\User\globalStorage\redhat.java\1.30.0\config_win\org.eclipse.equinox.launcher\org.eclipse.equinox.launcher.win32.win32.x86_64_1.2.900.v20240213-1244\eclipse_11900.dll
0x00007ffd66480000 - 0x00007ffd66625000 	C:\WINDOWS\System32\ole32.dll
0x00007ffd63120000 - 0x00007ffd6313b000 	C:\WINDOWS\SYSTEM32\CRYPTSP.dll
0x00007ffd62990000 - 0x00007ffd629c5000 	C:\WINDOWS\system32\rsaenh.dll
0x00007ffd62f70000 - 0x00007ffd62f98000 	C:\WINDOWS\SYSTEM32\USERENV.dll
0x00007ffd63140000 - 0x00007ffd6314c000 	C:\WINDOWS\SYSTEM32\CRYPTBASE.dll
0x00007ffd624e0000 - 0x00007ffd6250d000 	C:\WINDOWS\SYSTEM32\IPHLPAPI.DLL
0x00007ffd65000000 - 0x00007ffd65009000 	C:\WINDOWS\System32\NSI.dll
0x00007ffd59770000 - 0x00007ffd59789000 	C:\WINDOWS\SYSTEM32\dhcpcsvc6.DLL
0x00007ffd59750000 - 0x00007ffd5976f000 	C:\WINDOWS\SYSTEM32\dhcpcsvc.DLL
0x00007ffd62560000 - 0x00007ffd62659000 	C:\WINDOWS\SYSTEM32\DNSAPI.dll
0x00007ffd2b5d0000 - 0x00007ffd2b615000 	C:\Users\HP\AppData\Local\Temp\jna-2312\jna7167185271639126563.dll
0x00007ffd661b0000 - 0x00007ffd661b8000 	C:\WINDOWS\System32\PSAPI.DLL

dbghelp: loaded successfully - version: 4.0.5 - missing functions: none
symbol engine: initialized successfully - sym options: 0x614 - pdb path: .;c:\Users\HP\.vscode\extensions\redhat.java-1.30.0-win32-x64\jre\17.0.10-win32-x86_64\bin;C:\WINDOWS\SYSTEM32;C:\WINDOWS\WinSxS\amd64_microsoft.windows.common-controls_6595b64144ccf1df_6.0.22621.3235_none_270f74e173860f98;c:\Users\HP\.vscode\extensions\redhat.java-1.30.0-win32-x64\jre\17.0.10-win32-x86_64\bin\server;C:\Users\HP\AppData\Roaming\Code\User\globalStorage\redhat.java\1.30.0\config_win\org.eclipse.equinox.launcher\org.eclipse.equinox.launcher.win32.win32.x86_64_1.2.900.v20240213-1244;C:\Users\HP\AppData\Local\Temp\jna-2312

VM Arguments:
jvm_args: --add-modules=ALL-SYSTEM --add-opens=java.base/java.util=ALL-UNNAMED --add-opens=java.base/java.lang=ALL-UNNAMED --add-opens=java.base/sun.nio.fs=ALL-UNNAMED -Declipse.application=org.eclipse.jdt.ls.core.id1 -Dosgi.bundles.defaultStartLevel=4 -Declipse.product=org.eclipse.jdt.ls.core.product -Djava.import.generatesMetadataFilesAtProjectRoot=false -DDetectVMInstallationsJob.disabled=true -Dfile.encoding=utf8 -XX:+UseParallelGC -XX:GCTimeRatio=4 -XX:AdaptiveSizePolicyWeight=90 -Dsun.zip.disableMemoryMapping=true -Xmx1G -Xms100m -Xlog:disable -javaagent:c:\Users\HP\.vscode\extensions\redhat.java-1.30.0-win32-x64\lombok\lombok-1.18.32.jar -XX:+HeapDumpOnOutOfMemoryError -XX:HeapDumpPath=c:\Users\HP\AppData\Roaming\Code\User\workspaceStorage\0d828789c167c72f6f5361a28a300af2\redhat.java -Daether.dependencyCollector.impl=bf 
java_command: c:\Users\HP\.vscode\extensions\redhat.java-1.30.0-win32-x64\server\plugins\org.eclipse.equinox.launcher_1.6.800.v20240330-1250.jar -configuration c:\Users\HP\AppData\Roaming\Code\User\globalStorage\redhat.java\1.30.0\config_win -data c:\Users\HP\AppData\Roaming\Code\User\workspaceStorage\0d828789c167c72f6f5361a28a300af2\redhat.java\jdt_ws --pipe=\\.\pipe\lsp-8c50db826237e43bff349218b5ef7f4b-sock
java_class_path (initial): c:\Users\HP\.vscode\extensions\redhat.java-1.30.0-win32-x64\server\plugins\org.eclipse.equinox.launcher_1.6.800.v20240330-1250.jar
Launcher Type: SUN_STANDARD

[Global flags]
    uintx AdaptiveSizePolicyWeight                 = 90                                        {product} {command line}
     intx CICompilerCount                          = 3                                         {product} {ergonomic}
    uintx GCTimeRatio                              = 4                                         {product} {command line}
     bool HeapDumpOnOutOfMemoryError               = true                                   {manageable} {command line}
    ccstr HeapDumpPath                             = c:\Users\HP\AppData\Roaming\Code\User\workspaceStorage\0d828789c167c72f6f5361a28a300af2\redhat.java         {manageable} {command line}
   size_t InitialHeapSize                          = 104857600                                 {product} {command line}
   size_t MaxHeapSize                              = 1073741824                                {product} {command line}
   size_t MaxNewSize                               = 357564416                                 {product} {ergonomic}
   size_t MinHeapDeltaBytes                        = 524288                                    {product} {ergonomic}
   size_t MinHeapSize                              = 104857600                                 {product} {command line}
   size_t NewSize                                  = 34603008                                  {product} {ergonomic}
    uintx NonNMethodCodeHeapSize                   = 5832780                                {pd product} {ergonomic}
    uintx NonProfiledCodeHeapSize                  = 122912730                              {pd product} {ergonomic}
   size_t OldSize                                  = 70254592                                  {product} {ergonomic}
    uintx ProfiledCodeHeapSize                     = 122912730                              {pd product} {ergonomic}
    uintx ReservedCodeCacheSize                    = 251658240                              {pd product} {ergonomic}
     bool SegmentedCodeCache                       = true                                      {product} {ergonomic}
   size_t SoftMaxHeapSize                          = 1073741824                             {manageable} {ergonomic}
     bool UseCompressedClassPointers               = true                           {product lp64_product} {ergonomic}
     bool UseCompressedOops                        = true                           {product lp64_product} {ergonomic}
     bool UseLargePagesIndividualAllocation        = false                                  {pd product} {ergonomic}
     bool UseParallelGC                            = true                                      {product} {command line}

Logging:
Log output configuration:
 #0: stdout all=off uptime,level,tags
 #1: stderr all=off uptime,level,tags

Environment Variables:
JAVA_HOME=D:\APAP JAVA\Java\jdk-17
PATH=C:\Python312\Scripts\;C:\Python312\;C:\Program Files\Common Files\Oracle\Java\javapath;C:\Program Files (x86)\Common Files\Oracle\Java\javapath;C:\WINDOWS\system32;C:\WINDOWS;C:\WINDOWS\System32\Wbem;C:\WINDOWS\System32\WindowsPowerShell\v1.0\;C:\WINDOWS\System32\OpenSSH\;C:\Users\Ron\AppData\Local\Programs\Python\Python39;C:\Users\Ron\AppData\Local\Programs\Python\Python39\Scripts;C:\Users\HP\AppData\Local\Programs\Python\Python310\;C:\Users\HP\AppData\Local\Programs\Python\Python310\\Scripts;D:\PuTTY\;D:\Git\cmd;C:\Program Files\Docker\Docker\resources\bin;D:\APAP JAVA\Java\jdk-17\bin;D:\NODE JS\;C:\ProgramData\chocolatey\bin;C:\Users\HP\AppData\Local\Programs\Python\Python310\Scripts\;C:\Users\HP\AppData\Local\Programs\Python\Python310\;C:\Users\Ron\AppData\Local\Programs\Python\Python39;C:\Users\Ron\AppData\Local\Programs\Python\Python39\Scripts;C:\Users\HP\AppData\Local\Programs\Microsoft VS Code\bin;C:\Users\HP\Documents\COOLYEAH\Semester 3\PBP\FLUTTER\bin;C:\Users\HP\Documents\COOLYEAH\Semester 3\PBP\FLUTTER\flutter\bin;C:\Users\HP\AppData\Local\Microsoft\WindowsApps;D:\FLUTTER\bin;C:\Users\HP\AppData\Roaming\npm
USERNAME=HP
OS=Windows_NT
PROCESSOR_IDENTIFIER=Intel64 Family 6 Model 142 Stepping 12, GenuineIntel
TMP=C:\Users\HP\AppData\Local\Temp
TEMP=C:\Users\HP\AppData\Local\Temp



Periodic native trim disabled


---------------  S Y S T E M  ---------------

OS:
 Windows 11 , 64 bit Build 22621 (10.0.22621.3374)
OS uptime: 0 days 12:40 hours
Hyper-V role detected

CPU: total 4 (initial active 4) (2 cores per cpu, 2 threads per core) family 6 model 142 stepping 12 microcode 0xec, cx8, cmov, fxsr, ht, mmx, 3dnowpref, sse, sse2, sse3, ssse3, sse4.1, sse4.2, popcnt, lzcnt, tsc, tscinvbit, avx, avx2, aes, erms, clmul, bmi1, bmi2, adx, fma, vzeroupper, clflush, clflushopt, hv
Processor Information for all 4 processors :
  Max Mhz: 2592, Current Mhz: 2093, Mhz Limit: 2073

Memory: 4k page, system-wide physical 3919M (26M free)
TotalPageFile size 15695M (AvailPageFile size 5M)
current process WorkingSet (physical memory assigned to process): 187M, peak: 200M
current process commit charge ("private bytes"): 285M, peak: 288M

vm_info: OpenJDK 64-Bit Server VM (17.0.10+7) for windows-amd64 JRE (17.0.10+7), built on Jan 16 2024 23:25:11 by "admin" with MS VC++ 16.10 / 16.11 (VS2019)

END.
