#
# There is insufficient memory for the Java Runtime Environment to continue.
# Native memory allocation (malloc) failed to allocate 32744 bytes for ChunkPool::allocate
# Possible reasons:
#   The system is out of physical RAM or swap space
#   The process is running with CompressedOops enabled, and the Java Heap may be blocking the growth of the native heap
# Possible solutions:
#   Reduce memory load on the system
#   Increase physical memory or swap space
#   Check if swap backing store is full
#   Decrease Java heap size (-Xmx/-Xms)
#   Decrease number of Java threads
#   Decrease Java thread stack sizes (-Xss)
#   Set larger code cache with -XX:ReservedCodeCacheSize=
#   JVM is running with Unscaled Compressed Oops mode in which the Java heap is
#     placed in the first 4GB address space. The Java Heap base address is the
#     maximum limit for the native heap growth. Please use -XX:HeapBaseMinAddress
#     to set the Java Heap base and to place the Java Heap above 4GB virtual address.
# This output file may be truncated or incomplete.
#
#  Out of Memory Error (arena.cpp:78), pid=26628, tid=17900
#
# JRE version: Java(TM) SE Runtime Environment (17.0.8+9) (build 17.0.8+9-LTS-211)
# Java VM: Java HotSpot(TM) 64-Bit Server VM (17.0.8+9-LTS-211, mixed mode, sharing, tiered, compressed oops, compressed class ptrs, g1 gc, windows-amd64)
# No core dump will be written. Minidumps are not enabled by default on client versions of Windows
#

---------------  S U M M A R Y ------------

Command Line: -Xmx64m -Xms64m -Dorg.gradle.appname=gradlew org.gradle.wrapper.GradleWrapperMain bootRun

Host: Intel(R) Core(TM) i3-10110U CPU @ 2.10GHz, 4 cores, 3G,  Windows 11 , 64 bit Build 22621 (10.0.22621.3235)
Time: Tue Apr  9 15:24:30 2024 SE Asia Standard Time elapsed time: 31.532309 seconds (0d 0h 0m 31s)

---------------  T H R E A D  ---------------

Current thread (0x0000018c65d43730):  JavaThread "C2 CompilerThread0" daemon [_thread_in_native, id=17900, stack(0x0000001e0de00000,0x0000001e0df00000)]


Current CompileTask:
C2:  31532 1717       4       java.lang.StringBuilder::append (8 bytes)

Stack: [0x0000001e0de00000,0x0000001e0df00000]
Native frames: (J=compiled Java code, j=interpreted, Vv=VM code, C=native code)
V  [jvm.dll+0x677d0a]
V  [jvm.dll+0x7d8c54]
V  [jvm.dll+0x7da3fe]
V  [jvm.dll+0x7daa63]
V  [jvm.dll+0x245c5f]
V  [jvm.dll+0xaacc0]
V  [jvm.dll+0xab00c]
V  [jvm.dll+0x60503e]
V  [jvm.dll+0x6051df]
V  [jvm.dll+0x60aa7c]
V  [jvm.dll+0x60b99c]
V  [jvm.dll+0x609e74]
V  [jvm.dll+0x217e7e]
V  [jvm.dll+0x217431]
V  [jvm.dll+0x1a3af0]
V  [jvm.dll+0x2270be]
V  [jvm.dll+0x22535b]
V  [jvm.dll+0x78e7bc]
V  [jvm.dll+0x788bba]
V  [jvm.dll+0x676b35]
C  [ucrtbase.dll+0x29363]
C  [KERNEL32.DLL+0x1257d]
C  [ntdll.dll+0x5aa58]


---------------  P R O C E S S  ---------------

Threads class SMR info:
_java_thread_list=0x0000018c6b039280, length=15, elements={
0x0000018c4ce621e0, 0x0000018c65d2bbe0, 0x0000018c65d2c960, 0x0000018c65d3db60,
0x0000018c65d40e30, 0x0000018c65d417e0, 0x0000018c65d42190, 0x0000018c65d43730,
0x0000018c65d49200, 0x0000018c65d898b0, 0x0000018c6a040300, 0x0000018c6a045e60,
0x0000018c6a9b58b0, 0x0000018c6ad4fa80, 0x0000018c6aca7ff0
}

Java Threads: ( => current thread )
  0x0000018c4ce621e0 JavaThread "main" [_thread_in_native, id=11076, stack(0x0000001e0d100000,0x0000001e0d200000)]
  0x0000018c65d2bbe0 JavaThread "Reference Handler" daemon [_thread_blocked, id=25136, stack(0x0000001e0d800000,0x0000001e0d900000)]
  0x0000018c65d2c960 JavaThread "Finalizer" daemon [_thread_blocked, id=27952, stack(0x0000001e0d900000,0x0000001e0da00000)]
  0x0000018c65d3db60 JavaThread "Signal Dispatcher" daemon [_thread_blocked, id=1476, stack(0x0000001e0da00000,0x0000001e0db00000)]
  0x0000018c65d40e30 JavaThread "Attach Listener" daemon [_thread_blocked, id=18156, stack(0x0000001e0db00000,0x0000001e0dc00000)]
  0x0000018c65d417e0 JavaThread "Service Thread" daemon [_thread_blocked, id=20704, stack(0x0000001e0dc00000,0x0000001e0dd00000)]
  0x0000018c65d42190 JavaThread "Monitor Deflation Thread" daemon [_thread_blocked, id=6032, stack(0x0000001e0dd00000,0x0000001e0de00000)]
=>0x0000018c65d43730 JavaThread "C2 CompilerThread0" daemon [_thread_in_native, id=17900, stack(0x0000001e0de00000,0x0000001e0df00000)]
  0x0000018c65d49200 JavaThread "C1 CompilerThread0" daemon [_thread_blocked, id=24480, stack(0x0000001e0df00000,0x0000001e0e000000)]
  0x0000018c65d898b0 JavaThread "Sweeper thread" daemon [_thread_blocked, id=27980, stack(0x0000001e0e000000,0x0000001e0e100000)]
  0x0000018c6a040300 JavaThread "Notification Thread" daemon [_thread_blocked, id=15908, stack(0x0000001e0e100000,0x0000001e0e200000)]
  0x0000018c6a045e60 JavaThread "Common-Cleaner" daemon [_thread_blocked, id=28100, stack(0x0000001e0e300000,0x0000001e0e400000)]
  0x0000018c6a9b58b0 JavaThread "pool-1-thread-1" [_thread_in_Java, id=3352, stack(0x0000001e0e700000,0x0000001e0e800000)]
  0x0000018c6ad4fa80 JavaThread "DisconnectableInputStream source reader" daemon [_thread_in_native, id=28448, stack(0x0000001e0e900000,0x0000001e0ea00000)]
  0x0000018c6aca7ff0 JavaThread "Forward input" [_thread_blocked, id=22016, stack(0x0000001e0ea00000,0x0000001e0eb00000)]

Other Threads:
  0x0000018c4cf2df00 VMThread "VM Thread" [stack: 0x0000001e0d700000,0x0000001e0d800000] [id=18608]
  0x0000018c6a045000 WatcherThread [stack: 0x0000001e0e200000,0x0000001e0e300000] [id=10560]
  0x0000018c4ce83ef0 GCTaskThread "GC Thread#0" [stack: 0x0000001e0d200000,0x0000001e0d300000] [id=3764]
  0x0000018c6a2bace0 GCTaskThread "GC Thread#1" [stack: 0x0000001e0e400000,0x0000001e0e500000] [id=21344]
  0x0000018c6a430170 GCTaskThread "GC Thread#2" [stack: 0x0000001e0e500000,0x0000001e0e600000] [id=23696]
  0x0000018c6a439670 GCTaskThread "GC Thread#3" [stack: 0x0000001e0e600000,0x0000001e0e700000] [id=21332]
  0x0000018c4ce85630 ConcurrentGCThread "G1 Main Marker" [stack: 0x0000001e0d300000,0x0000001e0d400000] [id=18816]
  0x0000018c4ce867e0 ConcurrentGCThread "G1 Conc#0" [stack: 0x0000001e0d400000,0x0000001e0d500000] [id=20644]
  0x0000018c4ced4660 ConcurrentGCThread "G1 Refine#0" [stack: 0x0000001e0d500000,0x0000001e0d600000] [id=23340]
  0x0000018c4ced5080 ConcurrentGCThread "G1 Service" [stack: 0x0000001e0d600000,0x0000001e0d700000] [id=20148]

Threads with active compile tasks:
C2 CompilerThread0    31627 1717       4       java.lang.StringBuilder::append (8 bytes)

VM state: not at safepoint (normal execution)

VM Mutex/Monitor currently owned by a thread: None

Heap address: 0x00000000fc000000, size: 64 MB, Compressed Oops mode: 32-bit

CDS archive(s) mapped at: [0x0000018c00000000-0x0000018c00bd0000-0x0000018c00bd0000), size 12386304, SharedBaseAddress: 0x0000018c00000000, ArchiveRelocationMode: 1.
Compressed class space mapped at: 0x0000018c01000000-0x0000018c41000000, reserved size: 1073741824
Narrow klass base: 0x0000018c00000000, Narrow klass shift: 0, Narrow klass range: 0x100000000

GC Precious Log:
 CPUs: 4 total, 4 available
 Memory: 3919M
 Large Page Support: Disabled
 NUMA Support: Disabled
 Compressed Oops: Enabled (32-bit)
 Heap Region Size: 1M
 Heap Min Capacity: 64M
 Heap Initial Capacity: 64M
 Heap Max Capacity: 64M
 Pre-touch: Disabled
 Parallel Workers: 4
 Concurrent Workers: 1
 Concurrent Refinement Workers: 4
 Periodic GC: Disabled

Heap:
 garbage-first heap   total 65536K, used 30601K [0x00000000fc000000, 0x0000000100000000)
  region size 1024K, 23 young (23552K), 3 survivors (3072K)
 Metaspace       used 9911K, committed 10112K, reserved 1114112K
  class space    used 1285K, committed 1408K, reserved 1048576K

Heap Regions: E=young(eden), S=young(survivor), O=old, HS=humongous(starts), HC=humongous(continues), CS=collection set, F=free, OA=open archive, CA=closed archive, TAMS=top-at-mark-start (previous, next)
|   0|0x00000000fc000000, 0x00000000fc100000, 0x00000000fc100000|100%| O|  |TAMS 0x00000000fc000000, 0x00000000fc000000| Untracked 
|   1|0x00000000fc100000, 0x00000000fc200000, 0x00000000fc200000|100%| O|  |TAMS 0x00000000fc100000, 0x00000000fc100000| Untracked 
|   2|0x00000000fc200000, 0x00000000fc300000, 0x00000000fc300000|100%|HS|  |TAMS 0x00000000fc200000, 0x00000000fc200000| Complete 
|   3|0x00000000fc300000, 0x00000000fc400000, 0x00000000fc400000|100%|HC|  |TAMS 0x00000000fc300000, 0x00000000fc300000| Complete 
|   4|0x00000000fc400000, 0x00000000fc500000, 0x00000000fc500000|100%|HC|  |TAMS 0x00000000fc400000, 0x00000000fc400000| Complete 
|   5|0x00000000fc500000, 0x00000000fc600000, 0x00000000fc600000|100%|HC|  |TAMS 0x00000000fc500000, 0x00000000fc500000| Complete 
|   6|0x00000000fc600000, 0x00000000fc700000, 0x00000000fc700000|100%| O|  |TAMS 0x00000000fc600000, 0x00000000fc600000| Untracked 
|   7|0x00000000fc700000, 0x00000000fc7e2600, 0x00000000fc800000| 88%| O|  |TAMS 0x00000000fc700000, 0x00000000fc700000| Untracked 
|   8|0x00000000fc800000, 0x00000000fc800000, 0x00000000fc900000|  0%| F|  |TAMS 0x00000000fc800000, 0x00000000fc800000| Untracked 
|   9|0x00000000fc900000, 0x00000000fc900000, 0x00000000fca00000|  0%| F|  |TAMS 0x00000000fc900000, 0x00000000fc900000| Untracked 
|  10|0x00000000fca00000, 0x00000000fca00000, 0x00000000fcb00000|  0%| F|  |TAMS 0x00000000fca00000, 0x00000000fca00000| Untracked 
|  11|0x00000000fcb00000, 0x00000000fcb00000, 0x00000000fcc00000|  0%| F|  |TAMS 0x00000000fcb00000, 0x00000000fcb00000| Untracked 
|  12|0x00000000fcc00000, 0x00000000fcc00000, 0x00000000fcd00000|  0%| F|  |TAMS 0x00000000fcc00000, 0x00000000fcc00000| Untracked 
|  13|0x00000000fcd00000, 0x00000000fcd00000, 0x00000000fce00000|  0%| F|  |TAMS 0x00000000fcd00000, 0x00000000fcd00000| Untracked 
|  14|0x00000000fce00000, 0x00000000fce00000, 0x00000000fcf00000|  0%| F|  |TAMS 0x00000000fce00000, 0x00000000fce00000| Untracked 
|  15|0x00000000fcf00000, 0x00000000fcf00000, 0x00000000fd000000|  0%| F|  |TAMS 0x00000000fcf00000, 0x00000000fcf00000| Untracked 
|  16|0x00000000fd000000, 0x00000000fd000000, 0x00000000fd100000|  0%| F|  |TAMS 0x00000000fd000000, 0x00000000fd000000| Untracked 
|  17|0x00000000fd100000, 0x00000000fd100000, 0x00000000fd200000|  0%| F|  |TAMS 0x00000000fd100000, 0x00000000fd100000| Untracked 
|  18|0x00000000fd200000, 0x00000000fd200000, 0x00000000fd300000|  0%| F|  |TAMS 0x00000000fd200000, 0x00000000fd200000| Untracked 
|  19|0x00000000fd300000, 0x00000000fd300000, 0x00000000fd400000|  0%| F|  |TAMS 0x00000000fd300000, 0x00000000fd300000| Untracked 
|  20|0x00000000fd400000, 0x00000000fd400000, 0x00000000fd500000|  0%| F|  |TAMS 0x00000000fd400000, 0x00000000fd400000| Untracked 
|  21|0x00000000fd500000, 0x00000000fd500000, 0x00000000fd600000|  0%| F|  |TAMS 0x00000000fd500000, 0x00000000fd500000| Untracked 
|  22|0x00000000fd600000, 0x00000000fd600000, 0x00000000fd700000|  0%| F|  |TAMS 0x00000000fd600000, 0x00000000fd600000| Untracked 
|  23|0x00000000fd700000, 0x00000000fd700000, 0x00000000fd800000|  0%| F|  |TAMS 0x00000000fd700000, 0x00000000fd700000| Untracked 
|  24|0x00000000fd800000, 0x00000000fd800000, 0x00000000fd900000|  0%| F|  |TAMS 0x00000000fd800000, 0x00000000fd800000| Untracked 
|  25|0x00000000fd900000, 0x00000000fd900000, 0x00000000fda00000|  0%| F|  |TAMS 0x00000000fd900000, 0x00000000fd900000| Untracked 
|  26|0x00000000fda00000, 0x00000000fda00000, 0x00000000fdb00000|  0%| F|  |TAMS 0x00000000fda00000, 0x00000000fda00000| Untracked 
|  27|0x00000000fdb00000, 0x00000000fdb00000, 0x00000000fdc00000|  0%| F|  |TAMS 0x00000000fdb00000, 0x00000000fdb00000| Untracked 
|  28|0x00000000fdc00000, 0x00000000fdc00000, 0x00000000fdd00000|  0%| F|  |TAMS 0x00000000fdc00000, 0x00000000fdc00000| Untracked 
|  29|0x00000000fdd00000, 0x00000000fdd00000, 0x00000000fde00000|  0%| F|  |TAMS 0x00000000fdd00000, 0x00000000fdd00000| Untracked 
|  30|0x00000000fde00000, 0x00000000fde00000, 0x00000000fdf00000|  0%| F|  |TAMS 0x00000000fde00000, 0x00000000fde00000| Untracked 
|  31|0x00000000fdf00000, 0x00000000fdf00000, 0x00000000fe000000|  0%| F|  |TAMS 0x00000000fdf00000, 0x00000000fdf00000| Untracked 
|  32|0x00000000fe000000, 0x00000000fe000000, 0x00000000fe100000|  0%| F|  |TAMS 0x00000000fe000000, 0x00000000fe000000| Untracked 
|  33|0x00000000fe100000, 0x00000000fe100000, 0x00000000fe200000|  0%| F|  |TAMS 0x00000000fe100000, 0x00000000fe100000| Untracked 
|  34|0x00000000fe200000, 0x00000000fe200000, 0x00000000fe300000|  0%| F|  |TAMS 0x00000000fe200000, 0x00000000fe200000| Untracked 
|  35|0x00000000fe300000, 0x00000000fe300000, 0x00000000fe400000|  0%| F|  |TAMS 0x00000000fe300000, 0x00000000fe300000| Untracked 
|  36|0x00000000fe400000, 0x00000000fe400000, 0x00000000fe500000|  0%| F|  |TAMS 0x00000000fe400000, 0x00000000fe400000| Untracked 
|  37|0x00000000fe500000, 0x00000000fe500000, 0x00000000fe600000|  0%| F|  |TAMS 0x00000000fe500000, 0x00000000fe500000| Untracked 
|  38|0x00000000fe600000, 0x00000000fe600000, 0x00000000fe700000|  0%| F|  |TAMS 0x00000000fe600000, 0x00000000fe600000| Untracked 
|  39|0x00000000fe700000, 0x00000000fe700000, 0x00000000fe800000|  0%| F|  |TAMS 0x00000000fe700000, 0x00000000fe700000| Untracked 
|  40|0x00000000fe800000, 0x00000000fe800000, 0x00000000fe900000|  0%| F|  |TAMS 0x00000000fe800000, 0x00000000fe800000| Untracked 
|  41|0x00000000fe900000, 0x00000000fe989098, 0x00000000fea00000| 53%| E|  |TAMS 0x00000000fe900000, 0x00000000fe900000| Complete 
|  42|0x00000000fea00000, 0x00000000feb00000, 0x00000000feb00000|100%| E|CS|TAMS 0x00000000fea00000, 0x00000000fea00000| Complete 
|  43|0x00000000feb00000, 0x00000000fec00000, 0x00000000fec00000|100%| E|CS|TAMS 0x00000000feb00000, 0x00000000feb00000| Complete 
|  44|0x00000000fec00000, 0x00000000fed00000, 0x00000000fed00000|100%| S|CS|TAMS 0x00000000fec00000, 0x00000000fec00000| Complete 
|  45|0x00000000fed00000, 0x00000000fee00000, 0x00000000fee00000|100%| S|CS|TAMS 0x00000000fed00000, 0x00000000fed00000| Complete 
|  46|0x00000000fee00000, 0x00000000fef00000, 0x00000000fef00000|100%| S|CS|TAMS 0x00000000fee00000, 0x00000000fee00000| Complete 
|  47|0x00000000fef00000, 0x00000000ff000000, 0x00000000ff000000|100%| E|CS|TAMS 0x00000000fef00000, 0x00000000fef00000| Complete 
|  48|0x00000000ff000000, 0x00000000ff100000, 0x00000000ff100000|100%| E|CS|TAMS 0x00000000ff000000, 0x00000000ff000000| Complete 
|  49|0x00000000ff100000, 0x00000000ff200000, 0x00000000ff200000|100%| E|CS|TAMS 0x00000000ff100000, 0x00000000ff100000| Complete 
|  50|0x00000000ff200000, 0x00000000ff300000, 0x00000000ff300000|100%| E|CS|TAMS 0x00000000ff200000, 0x00000000ff200000| Complete 
|  51|0x00000000ff300000, 0x00000000ff400000, 0x00000000ff400000|100%| E|CS|TAMS 0x00000000ff300000, 0x00000000ff300000| Complete 
|  52|0x00000000ff400000, 0x00000000ff500000, 0x00000000ff500000|100%| E|CS|TAMS 0x00000000ff400000, 0x00000000ff400000| Complete 
|  53|0x00000000ff500000, 0x00000000ff600000, 0x00000000ff600000|100%| E|CS|TAMS 0x00000000ff500000, 0x00000000ff500000| Complete 
|  54|0x00000000ff600000, 0x00000000ff700000, 0x00000000ff700000|100%| E|CS|TAMS 0x00000000ff600000, 0x00000000ff600000| Complete 
|  55|0x00000000ff700000, 0x00000000ff800000, 0x00000000ff800000|100%| E|CS|TAMS 0x00000000ff700000, 0x00000000ff700000| Complete 
|  56|0x00000000ff800000, 0x00000000ff900000, 0x00000000ff900000|100%| E|CS|TAMS 0x00000000ff800000, 0x00000000ff800000| Complete 
|  57|0x00000000ff900000, 0x00000000ffa00000, 0x00000000ffa00000|100%| E|CS|TAMS 0x00000000ff900000, 0x00000000ff900000| Complete 
|  58|0x00000000ffa00000, 0x00000000ffb00000, 0x00000000ffb00000|100%| E|CS|TAMS 0x00000000ffa00000, 0x00000000ffa00000| Complete 
|  59|0x00000000ffb00000, 0x00000000ffc00000, 0x00000000ffc00000|100%| E|CS|TAMS 0x00000000ffb00000, 0x00000000ffb00000| Complete 
|  60|0x00000000ffc00000, 0x00000000ffd00000, 0x00000000ffd00000|100%| E|CS|TAMS 0x00000000ffc00000, 0x00000000ffc00000| Complete 
|  61|0x00000000ffd00000, 0x00000000ffe00000, 0x00000000ffe00000|100%| E|CS|TAMS 0x00000000ffd00000, 0x00000000ffd00000| Complete 
|  62|0x00000000ffe00000, 0x00000000fff00000, 0x00000000fff00000|100%| E|CS|TAMS 0x00000000ffe00000, 0x00000000ffe00000| Complete 
|  63|0x00000000fff00000, 0x0000000100000000, 0x0000000100000000|100%| E|CS|TAMS 0x00000000fff00000, 0x00000000fff00000| Complete 

Card table byte_map: [0x0000018c4ae40000,0x0000018c4ae60000] _byte_map_base: 0x0000018c4a660000

Marking Bits (Prev, Next): (CMBitMap*) 0x0000018c4ce84500, (CMBitMap*) 0x0000018c4ce84540
 Prev Bits: [0x0000018c4cc60000, 0x0000018c4cd60000)
 Next Bits: [0x0000018c63700000, 0x0000018c63800000)

Polling page: 0x0000018c4adf0000

Metaspace:

Usage:
  Non-class:      8.43 MB used.
      Class:      1.26 MB used.
       Both:      9.68 MB used.

Virtual space:
  Non-class space:       64.00 MB reserved,       8.50 MB ( 13%) committed,  1 nodes.
      Class space:        1.00 GB reserved,       1.38 MB ( <1%) committed,  1 nodes.
             Both:        1.06 GB reserved,       9.88 MB ( <1%) committed. 

Chunk freelists:
   Non-Class:  6.63 MB
       Class:  14.55 MB
        Both:  21.18 MB

MaxMetaspaceSize: unlimited
CompressedClassSpaceSize: 1.00 GB
Initial GC threshold: 21.00 MB
Current GC threshold: 21.00 MB
CDS: on
MetaspaceReclaimPolicy: balanced
 - commit_granule_bytes: 65536.
 - commit_granule_words: 8192.
 - virtual_space_node_default_size: 8388608.
 - enlarge_chunks_in_place: 1.
 - new_chunks_are_fully_committed: 0.
 - uncommit_free_chunks: 1.
 - use_allocation_guard: 0.
 - handle_deallocations: 1.


Internal statistics:

num_allocs_failed_limit: 0.
num_arena_births: 88.
num_arena_deaths: 0.
num_vsnodes_births: 2.
num_vsnodes_deaths: 0.
num_space_committed: 158.
num_space_uncommitted: 0.
num_chunks_returned_to_freelist: 0.
num_chunks_taken_from_freelist: 331.
num_chunk_merges: 0.
num_chunk_splits: 239.
num_chunks_enlarged: 198.
num_purges: 0.
num_inconsistent_stats: 0.

CodeHeap 'non-profiled nmethods': size=120000Kb used=725Kb max_used=725Kb free=119274Kb
 bounds [0x0000018c5c1d0000, 0x0000018c5c440000, 0x0000018c63700000]
CodeHeap 'profiled nmethods': size=120000Kb used=3446Kb max_used=3446Kb free=116553Kb
 bounds [0x0000018c54700000, 0x0000018c54a60000, 0x0000018c5bc30000]
CodeHeap 'non-nmethods': size=5760Kb used=1187Kb max_used=1211Kb free=4572Kb
 bounds [0x0000018c5bc30000, 0x0000018c5bea0000, 0x0000018c5c1d0000]
 total_blobs=2208 nmethods=1717 adapters=404
 compilation: enabled
              stopped_count=0, restarted_count=0
 full_count=0

Compilation events (20 events):
Event: 30.723 Thread 0x0000018c65d49200 nmethod 1707 0x0000018c54a57210 code [0x0000018c54a573e0, 0x0000018c54a57908]
Event: 30.723 Thread 0x0000018c65d49200 1708       3       java.util.concurrent.locks.AbstractQueuedSynchronizer$ConditionNode::<init> (5 bytes)
Event: 30.723 Thread 0x0000018c65d49200 nmethod 1708 0x0000018c54a57a90 code [0x0000018c54a57c40, 0x0000018c54a57df8]
Event: 30.723 Thread 0x0000018c65d49200 1709       3       java.util.concurrent.locks.AbstractQueuedSynchronizer$ConditionObject::enableWait (84 bytes)
Event: 30.725 Thread 0x0000018c65d49200 nmethod 1709 0x0000018c54a57f10 code [0x0000018c54a58120, 0x0000018c54a58868]
Event: 30.787 Thread 0x0000018c65d49200 1710   !   3       java.util.concurrent.locks.AbstractQueuedSynchronizer::acquire (407 bytes)
Event: 30.810 Thread 0x0000018c65d49200 nmethod 1710 0x0000018c54a58b10 code [0x0000018c54a58ea0, 0x0000018c54a5a8b8]
Event: 30.852 Thread 0x0000018c65d49200 1711       3       jdk.internal.reflect.ClassFileAssembler::emitByte (11 bytes)
Event: 30.853 Thread 0x0000018c65d49200 nmethod 1711 0x0000018c54a5b190 code [0x0000018c54a5b340, 0x0000018c54a5b4c8]
Event: 30.853 Thread 0x0000018c65d49200 1712       3       jdk.internal.reflect.ByteVectorImpl::add (38 bytes)
Event: 30.853 Thread 0x0000018c65d49200 nmethod 1712 0x0000018c54a5b610 code [0x0000018c54a5b7c0, 0x0000018c54a5b988]
Event: 30.906 Thread 0x0000018c65d49200 1713       3       jdk.internal.misc.Unsafe::putIntOpaque (9 bytes)
Event: 30.907 Thread 0x0000018c65d49200 nmethod 1713 0x0000018c54a5ba90 code [0x0000018c54a5bc20, 0x0000018c54a5bd38]
Event: 31.191 Thread 0x0000018c65d49200 1715       3       java.util.concurrent.locks.AbstractQueuedSynchronizer$ConditionObject::awaitNanos (200 bytes)
Event: 31.194 Thread 0x0000018c65d49200 nmethod 1715 0x0000018c54a5be10 code [0x0000018c54a5c0e0, 0x0000018c54a5d148]
Event: 31.391 Thread 0x0000018c65d49200 1716       3       org.gradle.internal.logging.console.Cursor::<init> (5 bytes)
Event: 31.392 Thread 0x0000018c65d49200 nmethod 1716 0x0000018c54a5d790 code [0x0000018c54a5d920, 0x0000018c54a5da78]
Event: 31.488 Thread 0x0000018c65d43730 1717       4       java.lang.StringBuilder::append (8 bytes)
Event: 31.488 Thread 0x0000018c65d49200 1718       1       org.gradle.internal.logging.console.DefaultAnsiExecutor::access$100 (5 bytes)
Event: 31.488 Thread 0x0000018c65d49200 nmethod 1718 0x0000018c5c285410 code [0x0000018c5c2855a0, 0x0000018c5c285658]

GC Heap History (4 events):
Event: 2.049 GC heap before
{Heap before GC invocations=0 (full 0):
 garbage-first heap   total 65536K, used 12288K [0x00000000fc000000, 0x0000000100000000)
  region size 1024K, 13 young (13312K), 0 survivors (0K)
 Metaspace       used 1770K, committed 1856K, reserved 1114112K
  class space    used 162K, committed 192K, reserved 1048576K
}
Event: 2.057 GC heap after
{Heap after GC invocations=1 (full 0):
 garbage-first heap   total 65536K, used 3656K [0x00000000fc000000, 0x0000000100000000)
  region size 1024K, 2 young (2048K), 2 survivors (2048K)
 Metaspace       used 1770K, committed 1856K, reserved 1114112K
  class space    used 162K, committed 192K, reserved 1048576K
}
Event: 4.088 GC heap before
{Heap before GC invocations=1 (full 0):
 garbage-first heap   total 65536K, used 22088K [0x00000000fc000000, 0x0000000100000000)
  region size 1024K, 17 young (17408K), 2 survivors (2048K)
 Metaspace       used 5046K, committed 5248K, reserved 1114112K
  class space    used 670K, committed 768K, reserved 1048576K
}
Event: 4.094 GC heap after
{Heap after GC invocations=2 (full 0):
 garbage-first heap   total 65536K, used 11145K [0x00000000fc000000, 0x0000000100000000)
  region size 1024K, 3 young (3072K), 3 survivors (3072K)
 Metaspace       used 5046K, committed 5248K, reserved 1114112K
  class space    used 670K, committed 768K, reserved 1048576K
}

Deoptimization events (20 events):
Event: 16.667 Thread 0x0000018c4ce621e0 Uncommon trap: trap_request=0xffffffc6 fr.pc=0x0000018c5c264fc0 relative=0x0000000000000480
Event: 16.667 Thread 0x0000018c4ce621e0 Uncommon trap: reason=bimorphic_or_optimized_type_check action=maybe_recompile pc=0x0000018c5c264fc0 method=java.util.HashMap.getNode(Ljava/lang/Object;)Ljava/util/HashMap$Node; @ 128 c2
Event: 16.667 Thread 0x0000018c4ce621e0 DEOPT PACKING pc=0x0000018c5c264fc0 sp=0x0000001e0d1f9de0
Event: 16.667 Thread 0x0000018c4ce621e0 DEOPT UNPACKING pc=0x0000018c5bc823a3 sp=0x0000001e0d1f9d58 mode 2
Event: 16.668 Thread 0x0000018c4ce621e0 Uncommon trap: trap_request=0xffffffc6 fr.pc=0x0000018c5c264fc0 relative=0x0000000000000480
Event: 16.668 Thread 0x0000018c4ce621e0 Uncommon trap: reason=bimorphic_or_optimized_type_check action=maybe_recompile pc=0x0000018c5c264fc0 method=java.util.HashMap.getNode(Ljava/lang/Object;)Ljava/util/HashMap$Node; @ 128 c2
Event: 16.668 Thread 0x0000018c4ce621e0 DEOPT PACKING pc=0x0000018c5c264fc0 sp=0x0000001e0d1f9de0
Event: 16.668 Thread 0x0000018c4ce621e0 DEOPT UNPACKING pc=0x0000018c5bc823a3 sp=0x0000001e0d1f9d58 mode 2
Event: 16.670 Thread 0x0000018c4ce621e0 Uncommon trap: trap_request=0xffffffc6 fr.pc=0x0000018c5c264fc0 relative=0x0000000000000480
Event: 16.670 Thread 0x0000018c4ce621e0 Uncommon trap: reason=bimorphic_or_optimized_type_check action=maybe_recompile pc=0x0000018c5c264fc0 method=java.util.HashMap.getNode(Ljava/lang/Object;)Ljava/util/HashMap$Node; @ 128 c2
Event: 16.670 Thread 0x0000018c4ce621e0 DEOPT PACKING pc=0x0000018c5c264fc0 sp=0x0000001e0d1f9de0
Event: 16.670 Thread 0x0000018c4ce621e0 DEOPT UNPACKING pc=0x0000018c5bc823a3 sp=0x0000001e0d1f9d58 mode 2
Event: 16.747 Thread 0x0000018c4ce621e0 Uncommon trap: trap_request=0xffffff45 fr.pc=0x0000018c5c278a80 relative=0x00000000000001e0
Event: 16.747 Thread 0x0000018c4ce621e0 Uncommon trap: reason=unstable_if action=reinterpret pc=0x0000018c5c278a80 method=java.util.HashMap.putVal(ILjava/lang/Object;Ljava/lang/Object;ZZ)Ljava/lang/Object; @ 162 c2
Event: 16.747 Thread 0x0000018c4ce621e0 DEOPT PACKING pc=0x0000018c5c278a80 sp=0x0000001e0d1faa30
Event: 16.747 Thread 0x0000018c4ce621e0 DEOPT UNPACKING pc=0x0000018c5bc823a3 sp=0x0000001e0d1fa9d0 mode 2
Event: 16.811 Thread 0x0000018c4ce621e0 Uncommon trap: trap_request=0xffffff45 fr.pc=0x0000018c5c247d40 relative=0x0000000000000180
Event: 16.811 Thread 0x0000018c4ce621e0 Uncommon trap: reason=unstable_if action=reinterpret pc=0x0000018c5c247d40 method=java.lang.invoke.VarForm.getMemberNameOrNull(I)Ljava/lang/invoke/MemberName; @ 8 c2
Event: 16.811 Thread 0x0000018c4ce621e0 DEOPT PACKING pc=0x0000018c5c247d40 sp=0x0000001e0d1fcaf0
Event: 16.811 Thread 0x0000018c4ce621e0 DEOPT UNPACKING pc=0x0000018c5bc823a3 sp=0x0000001e0d1fc9a0 mode 2

Classes unloaded (0 events):
No events

Classes redefined (0 events):
No events

Internal exceptions (20 events):
Event: 3.478 Thread 0x0000018c4ce621e0 Exception <a 'java/lang/NoSuchMethodError'{0x00000000ff538550}: 'java.lang.Object java.lang.invoke.DirectMethodHandle$Holder.invokeVirtual(java.lang.Object, java.lang.Object, java.lang.Object, java.lang.Object, java.lang.Object, java.lang.Object, java.lang.Object)'> (0x00000000ff538550) 
thrown [s\open\src\hotspot\share\interpreter\linkResolver.cpp, line 759]
Event: 3.486 Thread 0x0000018c4ce621e0 Exception <a 'java/lang/NoSuchMethodError'{0x00000000ff54a068}: 'java.lang.Object java.lang.invoke.Invokers$Holder.invoker(java.lang.Object, java.lang.Object, java.lang.Object)'> (0x00000000ff54a068) 
thrown [s\open\src\hotspot\share\interpreter\linkResolver.cpp, line 759]
Event: 3.491 Thread 0x0000018c4ce621e0 Exception <a 'java/lang/NoSuchMethodError'{0x00000000ff553380}: 'java.lang.Object java.lang.invoke.DirectMethodHandle$Holder.invokeStatic(java.lang.Object, java.lang.Object, int)'> (0x00000000ff553380) 
thrown [s\open\src\hotspot\share\interpreter\linkResolver.cpp, line 759]
Event: 3.495 Thread 0x0000018c4ce621e0 Exception <a 'java/lang/NoSuchMethodError'{0x00000000ff55f070}: 'void java.lang.invoke.DelegatingMethodHandle$Holder.delegate(java.lang.Object, java.lang.Object, int, java.lang.Object)'> (0x00000000ff55f070) 
thrown [s\open\src\hotspot\share\interpreter\linkResolver.cpp, line 759]
Event: 3.497 Thread 0x0000018c4ce621e0 Exception <a 'java/lang/NoSuchMethodError'{0x00000000ff5631b8}: 'int java.lang.invoke.DirectMethodHandle$Holder.invokeSpecial(java.lang.Object, java.lang.Object, java.lang.Object)'> (0x00000000ff5631b8) 
thrown [s\open\src\hotspot\share\interpreter\linkResolver.cpp, line 759]
Event: 3.508 Thread 0x0000018c4ce621e0 Exception <a 'java/lang/NoSuchMethodError'{0x00000000ff576300}: 'java.lang.Object java.lang.invoke.Invokers$Holder.invokeExact_MT(java.lang.Object, java.lang.Object, java.lang.Object, java.lang.Object)'> (0x00000000ff576300) 
thrown [s\open\src\hotspot\share\interpreter\linkResolver.cpp, line 759]
Event: 4.249 Thread 0x0000018c4ce621e0 Exception <a 'java/lang/NoSuchMethodError'{0x00000000ffd13330}: 'void java.lang.invoke.DirectMethodHandle$Holder.invokeSpecial(java.lang.Object, java.lang.Object, java.lang.Object)'> (0x00000000ffd13330) 
thrown [s\open\src\hotspot\share\interpreter\linkResolver.cpp, line 759]
Event: 4.327 Thread 0x0000018c4ce621e0 Implicit null exception at 0x0000018c5c230b8f to 0x0000018c5c231104
Event: 4.327 Thread 0x0000018c4ce621e0 Implicit null exception at 0x0000018c5c21138f to 0x0000018c5c21190c
Event: 4.478 Thread 0x0000018c4ce621e0 Exception <a 'java/lang/NoSuchMethodError'{0x00000000ffc59300}: 'java.lang.Object java.lang.invoke.DirectMethodHandle$Holder.invokeStaticInit(java.lang.Object)'> (0x00000000ffc59300) 
thrown [s\open\src\hotspot\share\interpreter\linkResolver.cpp, line 759]
Event: 5.028 Thread 0x0000018c4ce621e0 Exception <a 'java/lang/NoSuchMethodError'{0x00000000ff817778}: 'java.lang.Object java.lang.invoke.DirectMethodHandle$Holder.invokeStaticInit(java.lang.Object, int, int, int, int)'> (0x00000000ff817778) 
thrown [s\open\src\hotspot\share\interpreter\linkResolver.cpp, line 759]
Event: 5.557 Thread 0x0000018c4ce621e0 Exception <a 'java/lang/NoSuchMethodError'{0x00000000ff8d2538}: 'java.lang.Object java.lang.invoke.DirectMethodHandle$Holder.invokeStaticInit(java.lang.Object, java.lang.Object, int, int, int, int)'> (0x00000000ff8d2538) 
thrown [s\open\src\hotspot\share\interpreter\linkResolver.cpp, line 759]
Event: 6.421 Thread 0x0000018c4ce621e0 Exception <a 'java/lang/NoSuchMethodError'{0x00000000ff701550}: 'void java.lang.invoke.DirectMethodHandle$Holder.invokeStatic(java.lang.Object, java.lang.Object, java.lang.Object)'> (0x00000000ff701550) 
thrown [s\open\src\hotspot\share\interpreter\linkResolver.cpp, line 759]
Event: 6.644 Thread 0x0000018c4ce621e0 Implicit null exception at 0x0000018c5c20f172 to 0x0000018c5c20f78c
Event: 6.647 Thread 0x0000018c4ce621e0 Implicit null exception at 0x0000018c5c206df2 to 0x0000018c5c20740c
Event: 7.377 Thread 0x0000018c6ad22070 Exception <a 'java/lang/NoSuchMethodError'{0x00000000ff0d6940}: 'void java.lang.invoke.DirectMethodHandle$Holder.invokeStatic(java.lang.Object, long)'> (0x00000000ff0d6940) 
thrown [s\open\src\hotspot\share\interpreter\linkResolver.cpp, line 759]
Event: 7.382 Thread 0x0000018c6ad22070 Exception <a 'java/lang/NoSuchMethodError'{0x00000000ff0dc298}: 'java.lang.Object java.lang.invoke.DirectMethodHandle$Holder.newInvokeSpecial(java.lang.Object, long)'> (0x00000000ff0dc298) 
thrown [s\open\src\hotspot\share\interpreter\linkResolver.cpp, line 759]
Event: 7.389 Thread 0x0000018c6ad22070 Exception <a 'java/lang/NoSuchMethodError'{0x00000000ff0e6e40}: 'java.lang.Object java.lang.invoke.DirectMethodHandle$Holder.invokeStaticInit(java.lang.Object, java.lang.Object, long, java.lang.Object)'> (0x00000000ff0e6e40) 
thrown [s\open\src\hotspot\share\interpreter\linkResolver.cpp, line 759]
Event: 7.391 Thread 0x0000018c6ad22070 Exception <a 'java/lang/NoSuchMethodError'{0x00000000ff0ed4c8}: 'java.lang.Object java.lang.invoke.DirectMethodHandle$Holder.newInvokeSpecial(java.lang.Object, java.lang.Object, long)'> (0x00000000ff0ed4c8) 
thrown [s\open\src\hotspot\share\interpreter\linkResolver.cpp, line 759]
Event: 7.393 Thread 0x0000018c6ad22070 Exception <a 'java/lang/NoSuchMethodError'{0x00000000ff0f17b8}: 'java.lang.Object java.lang.invoke.Invokers$Holder.linkToTargetMethod(java.lang.Object, long, java.lang.Object)'> (0x00000000ff0f17b8) 
thrown [s\open\src\hotspot\share\interpreter\linkResolver.cpp, line 759]

VM Operations (20 events):
Event: 13.536 Executing VM operation: Cleanup
Event: 13.536 Executing VM operation: Cleanup done
Event: 16.560 Executing VM operation: Cleanup
Event: 16.560 Executing VM operation: Cleanup done
Event: 16.664 Executing VM operation: HandshakeAllThreads
Event: 16.665 Executing VM operation: HandshakeAllThreads done
Event: 16.815 Executing VM operation: HandshakeAllThreads
Event: 16.815 Executing VM operation: HandshakeAllThreads done
Event: 17.820 Executing VM operation: Cleanup
Event: 17.820 Executing VM operation: Cleanup done
Event: 19.822 Executing VM operation: Cleanup
Event: 19.822 Executing VM operation: Cleanup done
Event: 27.851 Executing VM operation: Cleanup
Event: 27.861 Executing VM operation: Cleanup done
Event: 28.871 Executing VM operation: Cleanup
Event: 28.871 Executing VM operation: Cleanup done
Event: 29.873 Executing VM operation: Cleanup
Event: 29.873 Executing VM operation: Cleanup done
Event: 30.873 Executing VM operation: Cleanup
Event: 30.906 Executing VM operation: Cleanup done

Events (20 events):
Event: 30.822 loading class jdk/internal/reflect/ByteVectorFactory
Event: 30.828 loading class jdk/internal/reflect/ByteVectorFactory done
Event: 30.828 loading class jdk/internal/reflect/ByteVectorImpl
Event: 30.832 loading class jdk/internal/reflect/ByteVector
Event: 30.833 loading class jdk/internal/reflect/ByteVector done
Event: 30.833 loading class jdk/internal/reflect/ByteVectorImpl done
Event: 30.833 loading class jdk/internal/reflect/ClassFileAssembler
Event: 30.843 loading class jdk/internal/reflect/ClassFileAssembler done
Event: 30.843 loading class jdk/internal/reflect/UTF8
Event: 30.847 loading class jdk/internal/reflect/UTF8 done
Event: 30.865 loading class jdk/internal/reflect/Label
Event: 30.894 loading class jdk/internal/reflect/Label done
Event: 30.906 loading class jdk/internal/reflect/Label$PatchInfo
Event: 30.908 loading class jdk/internal/reflect/Label$PatchInfo done
Event: 30.908 loading class jdk/internal/reflect/MethodAccessorGenerator$1
Event: 30.914 loading class jdk/internal/reflect/MethodAccessorGenerator$1 done
Event: 30.915 loading class jdk/internal/reflect/ClassDefiner
Event: 30.918 loading class jdk/internal/reflect/ClassDefiner done
Event: 30.919 loading class jdk/internal/reflect/ClassDefiner$1
Event: 30.919 loading class jdk/internal/reflect/ClassDefiner$1 done


Dynamic libraries:
0x00007ff679d00000 - 0x00007ff679d10000 	D:\APAP JAVA\Java\jdk-17\bin\java.exe
0x00007ffe9e4b0000 - 0x00007ffe9e6c6000 	C:\WINDOWS\SYSTEM32\ntdll.dll
0x00007ffe9d220000 - 0x00007ffe9d2e4000 	C:\WINDOWS\System32\KERNEL32.DLL
0x00007ffe9b820000 - 0x00007ffe9bbc6000 	C:\WINDOWS\System32\KERNELBASE.dll
0x00007ffe9bbd0000 - 0x00007ffe9bce1000 	C:\WINDOWS\System32\ucrtbase.dll
0x00007ffe834d0000 - 0x00007ffe834eb000 	D:\APAP JAVA\Java\jdk-17\bin\VCRUNTIME140.dll
0x00007ffe83430000 - 0x00007ffe83449000 	D:\APAP JAVA\Java\jdk-17\bin\jli.dll
0x00007ffe9c6f0000 - 0x00007ffe9c7a2000 	C:\WINDOWS\System32\ADVAPI32.dll
0x00007ffe9d740000 - 0x00007ffe9d7e7000 	C:\WINDOWS\System32\msvcrt.dll
0x00007ffe9d3d0000 - 0x00007ffe9d478000 	C:\WINDOWS\System32\sechost.dll
0x00007ffe9bdb0000 - 0x00007ffe9bdd8000 	C:\WINDOWS\System32\bcrypt.dll
0x00007ffe9c7b0000 - 0x00007ffe9c8c5000 	C:\WINDOWS\System32\RPCRT4.dll
0x00007ffe9d070000 - 0x00007ffe9d21d000 	C:\WINDOWS\System32\USER32.dll
0x00007ffe9b7f0000 - 0x00007ffe9b816000 	C:\WINDOWS\System32\win32u.dll
0x00007ffe9d6f0000 - 0x00007ffe9d719000 	C:\WINDOWS\System32\GDI32.dll
0x00007ffe9be60000 - 0x00007ffe9bf78000 	C:\WINDOWS\System32\gdi32full.dll
0x00007ffe9bf80000 - 0x00007ffe9c01a000 	C:\WINDOWS\System32\msvcp_win.dll
0x00007ffe83e20000 - 0x00007ffe840b3000 	C:\WINDOWS\WinSxS\amd64_microsoft.windows.common-controls_6595b64144ccf1df_6.0.22621.3235_none_270f74e173860f98\COMCTL32.dll
0x00007ffe92470000 - 0x00007ffe9247a000 	C:\WINDOWS\SYSTEM32\VERSION.dll
0x00007ffe9d7f0000 - 0x00007ffe9d821000 	C:\WINDOWS\System32\IMM32.DLL
0x00007ffe8ae50000 - 0x00007ffe8ae5c000 	D:\APAP JAVA\Java\jdk-17\bin\vcruntime140_1.dll
0x00007ffe586c0000 - 0x00007ffe5874e000 	D:\APAP JAVA\Java\jdk-17\bin\msvcp140.dll
0x00007ffe2cec0000 - 0x00007ffe2da9e000 	D:\APAP JAVA\Java\jdk-17\bin\server\jvm.dll
0x00007ffe9c930000 - 0x00007ffe9c938000 	C:\WINDOWS\System32\PSAPI.DLL
0x00007ffe75450000 - 0x00007ffe75459000 	C:\WINDOWS\SYSTEM32\WSOCK32.dll
0x00007ffe9c590000 - 0x00007ffe9c601000 	C:\WINDOWS\System32\WS2_32.dll
0x00007ffe935d0000 - 0x00007ffe93604000 	C:\WINDOWS\SYSTEM32\WINMM.dll
0x00007ffe9a8e0000 - 0x00007ffe9a8f8000 	C:\WINDOWS\SYSTEM32\kernel.appcore.dll
0x00007ffe8a5e0000 - 0x00007ffe8a5ea000 	D:\APAP JAVA\Java\jdk-17\bin\jimage.dll
0x00007ffe98dc0000 - 0x00007ffe98ff3000 	C:\WINDOWS\SYSTEM32\DBGHELP.DLL
0x00007ffe9c200000 - 0x00007ffe9c588000 	C:\WINDOWS\System32\combase.dll
0x00007ffe9d2f0000 - 0x00007ffe9d3c7000 	C:\WINDOWS\System32\OLEAUT32.dll
0x00007ffe78e80000 - 0x00007ffe78eb2000 	C:\WINDOWS\SYSTEM32\dbgcore.DLL
0x00007ffe9bde0000 - 0x00007ffe9be5a000 	C:\WINDOWS\System32\bcryptPrimitives.dll
0x00007ffe6bec0000 - 0x00007ffe6bee5000 	D:\APAP JAVA\Java\jdk-17\bin\java.dll
0x00007ffe569f0000 - 0x00007ffe56ac7000 	D:\APAP JAVA\Java\jdk-17\bin\jsvml.dll
0x00007ffe9dc10000 - 0x00007ffe9e46d000 	C:\WINDOWS\System32\SHELL32.dll
0x00007ffe99710000 - 0x00007ffe9a008000 	C:\WINDOWS\SYSTEM32\windows.storage.dll
0x00007ffe995d0000 - 0x00007ffe9970e000 	C:\WINDOWS\SYSTEM32\wintypes.dll
0x00007ffe9d480000 - 0x00007ffe9d573000 	C:\WINDOWS\System32\SHCORE.dll
0x00007ffe9c8d0000 - 0x00007ffe9c92e000 	C:\WINDOWS\System32\shlwapi.dll
0x00007ffe9b720000 - 0x00007ffe9b746000 	C:\WINDOWS\SYSTEM32\profapi.dll
0x00007ffe72b50000 - 0x00007ffe72b69000 	D:\APAP JAVA\Java\jdk-17\bin\net.dll
0x00007ffe924c0000 - 0x00007ffe925f7000 	C:\WINDOWS\SYSTEM32\WINHTTP.dll
0x00007ffe9ad60000 - 0x00007ffe9adc9000 	C:\WINDOWS\system32\mswsock.dll
0x00007ffe6b1e0000 - 0x00007ffe6b1f6000 	D:\APAP JAVA\Java\jdk-17\bin\nio.dll
0x00007ffe69a70000 - 0x00007ffe69a88000 	D:\APAP JAVA\Java\jdk-17\bin\zip.dll
0x00007ffe89c50000 - 0x00007ffe89c60000 	D:\APAP JAVA\Java\jdk-17\bin\verify.dll
0x00007ffe5c9d0000 - 0x00007ffe5c9f7000 	C:\Users\HP\.gradle\native\c067742578af261105cb4f569cf0c3c89f3d7b1fecec35dd04571415982c5e48\windows-amd64\native-platform.dll
0x00007ffe84190000 - 0x00007ffe8419a000 	C:\Users\HP\.gradle\native\jansi\1.18\windows64\jansi.dll
0x00007ffe83de0000 - 0x00007ffe83dea000 	D:\APAP JAVA\Java\jdk-17\bin\management.dll
0x00007ffe838f0000 - 0x00007ffe838fb000 	D:\APAP JAVA\Java\jdk-17\bin\management_ext.dll
0x00007ffe9afd0000 - 0x00007ffe9afeb000 	C:\WINDOWS\SYSTEM32\CRYPTSP.dll
0x00007ffe9a840000 - 0x00007ffe9a875000 	C:\WINDOWS\system32\rsaenh.dll
0x00007ffe9ae70000 - 0x00007ffe9ae9c000 	C:\WINDOWS\SYSTEM32\USERENV.dll
0x00007ffe9aff0000 - 0x00007ffe9affc000 	C:\WINDOWS\SYSTEM32\CRYPTBASE.dll
0x00007ffe9a2e0000 - 0x00007ffe9a30d000 	C:\WINDOWS\SYSTEM32\IPHLPAPI.DLL
0x00007ffe9cb80000 - 0x00007ffe9cb89000 	C:\WINDOWS\System32\NSI.dll
0x00007ffe924a0000 - 0x00007ffe924b9000 	C:\WINDOWS\SYSTEM32\dhcpcsvc6.DLL
0x00007ffe92480000 - 0x00007ffe9249f000 	C:\WINDOWS\SYSTEM32\dhcpcsvc.DLL
0x00007ffe9a350000 - 0x00007ffe9a449000 	C:\WINDOWS\SYSTEM32\DNSAPI.dll
0x00007ffe83520000 - 0x00007ffe8352e000 	D:\APAP JAVA\Java\jdk-17\bin\sunmscapi.dll
0x00007ffe9c090000 - 0x00007ffe9c1f6000 	C:\WINDOWS\System32\CRYPT32.dll
0x00007ffe9b1b0000 - 0x00007ffe9b1de000 	C:\WINDOWS\SYSTEM32\ncrypt.dll
0x00007ffe9b170000 - 0x00007ffe9b1a7000 	C:\WINDOWS\SYSTEM32\NTASN1.dll
0x00007ffe8ae60000 - 0x00007ffe8ae68000 	C:\WINDOWS\system32\wshunix.dll

dbghelp: loaded successfully - version: 4.0.5 - missing functions: none
symbol engine: initialized successfully - sym options: 0x614 - pdb path: .;D:\APAP JAVA\Java\jdk-17\bin;C:\WINDOWS\SYSTEM32;C:\WINDOWS\WinSxS\amd64_microsoft.windows.common-controls_6595b64144ccf1df_6.0.22621.3235_none_270f74e173860f98;D:\APAP JAVA\Java\jdk-17\bin\server;C:\Users\HP\.gradle\native\c067742578af261105cb4f569cf0c3c89f3d7b1fecec35dd04571415982c5e48\windows-amd64;C:\Users\HP\.gradle\native\jansi\1.18\windows64

VM Arguments:
jvm_args: -Xmx64m -Xms64m -Dorg.gradle.appname=gradlew 
java_command: org.gradle.wrapper.GradleWrapperMain bootRun
java_class_path (initial): D:\pindahan\COOLYEAH\Semester 6\Propensi\TK\d02-rtx\smail\\gradle\wrapper\gradle-wrapper.jar
Launcher Type: SUN_STANDARD

[Global flags]
     intx CICompilerCount                          = 3                                         {product} {ergonomic}
     uint ConcGCThreads                            = 1                                         {product} {ergonomic}
     uint G1ConcRefinementThreads                  = 4                                         {product} {ergonomic}
   size_t G1HeapRegionSize                         = 1048576                                   {product} {ergonomic}
    uintx GCDrainStackTargetSize                   = 64                                        {product} {ergonomic}
   size_t InitialHeapSize                          = 67108864                                  {product} {command line}
   size_t MarkStackSize                            = 4194304                                   {product} {ergonomic}
   size_t MaxHeapSize                              = 67108864                                  {product} {command line}
   size_t MaxNewSize                               = 39845888                                  {product} {ergonomic}
   size_t MinHeapDeltaBytes                        = 1048576                                   {product} {ergonomic}
   size_t MinHeapSize                              = 67108864                                  {product} {command line}
    uintx NonNMethodCodeHeapSize                   = 5832780                                {pd product} {ergonomic}
    uintx NonProfiledCodeHeapSize                  = 122912730                              {pd product} {ergonomic}
    uintx ProfiledCodeHeapSize                     = 122912730                              {pd product} {ergonomic}
    uintx ReservedCodeCacheSize                    = 251658240                              {pd product} {ergonomic}
     bool SegmentedCodeCache                       = true                                      {product} {ergonomic}
   size_t SoftMaxHeapSize                          = 67108864                               {manageable} {ergonomic}
     bool UseCompressedClassPointers               = true                           {product lp64_product} {ergonomic}
     bool UseCompressedOops                        = true                           {product lp64_product} {ergonomic}
     bool UseG1GC                                  = true                                      {product} {ergonomic}
     bool UseLargePagesIndividualAllocation        = false                                  {pd product} {ergonomic}

Logging:
Log output configuration:
 #0: stdout all=warning uptime,level,tags
 #1: stderr all=off uptime,level,tags

Environment Variables:
JAVA_HOME=D:\APAP JAVA\Java\jdk-17
CLASSPATH=D:\pindahan\COOLYEAH\Semester 6\Propensi\TK\d02-rtx\smail\\gradle\wrapper\gradle-wrapper.jar
PATH=C:\Python312\Scripts\;C:\Python312\;C:\Program Files\Common Files\Oracle\Java\javapath;C:\Program Files (x86)\Common Files\Oracle\Java\javapath;C:\WINDOWS\system32;C:\WINDOWS;C:\WINDOWS\System32\Wbem;C:\WINDOWS\System32\WindowsPowerShell\v1.0\;C:\WINDOWS\System32\OpenSSH\;C:\Users\Ron\AppData\Local\Programs\Python\Python39;C:\Users\Ron\AppData\Local\Programs\Python\Python39\Scripts;C:\Users\HP\AppData\Local\Programs\Python\Python310\;C:\Users\HP\AppData\Local\Programs\Python\Python310\\Scripts;D:\PuTTY\;D:\Git\cmd;C:\Program Files\Docker\Docker\resources\bin;D:\APAP JAVA\Java\jdk-17\bin;D:\NODE JS\;C:\ProgramData\chocolatey\bin;C:\Users\HP\AppData\Local\Programs\Python\Python310\Scripts\;C:\Users\HP\AppData\Local\Programs\Python\Python310\;C:\Users\Ron\AppData\Local\Programs\Python\Python39;C:\Users\Ron\AppData\Local\Programs\Python\Python39\Scripts;C:\Users\HP\AppData\Local\Programs\Microsoft VS Code\bin;C:\Users\HP\Documents\COOLYEAH\Semester 3\PBP\FLUTTER\bin;C:\Users\HP\Documents\COOLYEAH\Semester 3\PBP\FLUTTER\flutter\bin;C:\Users\HP\AppData\Local\Microsoft\WindowsApps;D:\FLUTTER\bin;C:\Users\HP\AppData\Roaming\npm
USERNAME=HP
LANG=en_US.UTF-8
OS=Windows_NT
PROCESSOR_IDENTIFIER=Intel64 Family 6 Model 142 Stepping 12, GenuineIntel



---------------  S Y S T E M  ---------------

OS:
 Windows 11 , 64 bit Build 22621 (10.0.22621.3235)
OS uptime: 3 days 19:47 hours
Hyper-V role detected

CPU: total 4 (initial active 4) (2 cores per cpu, 2 threads per core) family 6 model 142 stepping 12 microcode 0xec, cx8, cmov, fxsr, ht, mmx, 3dnowpref, sse, sse2, sse3, ssse3, sse4.1, sse4.2, popcnt, lzcnt, tsc, tscinvbit, avx, avx2, aes, erms, clmul, bmi1, bmi2, adx, fma, vzeroupper, clflush, clflushopt, hv

Memory: 4k page, system-wide physical 3919M (406M free)
TotalPageFile size 15695M (AvailPageFile size 0M)
current process WorkingSet (physical memory assigned to process): 22M, peak: 86M
current process commit charge ("private bytes"): 157M, peak: 159M

vm_info: Java HotSpot(TM) 64-Bit Server VM (17.0.8+9-LTS-211) for windows-amd64 JRE (17.0.8+9-LTS-211), built on Jun 14 2023 10:34:31 by "mach5one" with MS VC++ 17.1 (VS2022)

END.
