#
# There is insufficient memory for the Java Runtime Environment to continue.
# Native memory allocation (malloc) failed to allocate 247856 bytes for Chunk::new
# Possible reasons:
#   The system is out of physical RAM or swap space
#   The process is running with CompressedOops enabled, and the Java Heap may be blocking the growth of the native heap
# Possible solutions:
#   Reduce memory load on the system
#   Increase physical memory or swap space
#   Check if swap backing store is full
#   Decrease Java heap size (-Xmx/-Xms)
#   Decrease number of Java threads
#   Decrease Java thread stack sizes (-Xss)
#   Set larger code cache with -XX:ReservedCodeCacheSize=
#   JVM is running with Unscaled Compressed Oops mode in which the Java heap is
#     placed in the first 4GB address space. The Java Heap base address is the
#     maximum limit for the native heap growth. Please use -XX:HeapBaseMinAddress
#     to set the Java Heap base and to place the Java Heap above 4GB virtual address.
# This output file may be truncated or incomplete.
#
#  Out of Memory Error (arena.cpp:191), pid=15812, tid=11584
#
# JRE version: OpenJDK Runtime Environment Temurin-17.0.10+7 (17.0.10+7) (build 17.0.10+7)
# Java VM: OpenJDK 64-Bit Server VM Temurin-17.0.10+7 (17.0.10+7, mixed mode, tiered, compressed oops, compressed class ptrs, parallel gc, windows-amd64)
# No core dump will be written. Minidumps are not enabled by default on client versions of Windows
#

---------------  S U M M A R Y ------------

Command Line: --add-modules=ALL-SYSTEM --add-opens=java.base/java.util=ALL-UNNAMED --add-opens=java.base/java.lang=ALL-UNNAMED --add-opens=java.base/sun.nio.fs=ALL-UNNAMED -Declipse.application=org.eclipse.jdt.ls.core.id1 -Dosgi.bundles.defaultStartLevel=4 -Declipse.product=org.eclipse.jdt.ls.core.product -Djava.import.generatesMetadataFilesAtProjectRoot=false -DDetectVMInstallationsJob.disabled=true -Dfile.encoding=utf8 -XX:+UseParallelGC -XX:GCTimeRatio=4 -XX:AdaptiveSizePolicyWeight=90 -Dsun.zip.disableMemoryMapping=true -Xmx1G -Xms100m -Xlog:disable -javaagent:c:\Users\HP\.vscode\extensions\redhat.java-1.29.0-win32-x64\lombok\lombok-1.18.32.jar c:\Users\HP\.vscode\extensions\redhat.java-1.29.0-win32-x64\server\plugins\org.eclipse.equinox.launcher_1.6.800.v20240304-1850.jar -configuration c:\Users\HP\AppData\Roaming\Code\User\globalStorage\redhat.java\1.29.0\config_ss_win -data c:\Users\HP\AppData\Roaming\Code\User\workspaceStorage\0d828789c167c72f6f5361a28a300af2\redhat.java\ss_ws --stdio

Host: Intel(R) Core(TM) i3-10110U CPU @ 2.10GHz, 4 cores, 3G,  Windows 11 , 64 bit Build 22621 (10.0.22621.3235)
Time: Mon Apr  8 00:08:10 2024 SE Asia Standard Time elapsed time: 2.497678 seconds (0d 0h 0m 2s)

---------------  T H R E A D  ---------------

Current thread (0x000001c268012b10):  JavaThread "C2 CompilerThread0" daemon [_thread_in_native, id=11584, stack(0x00000045e5600000,0x00000045e5700000)]


Current CompileTask:
C2:   2497  598       4       lombok.patcher.PatchScript::classMatches (41 bytes)

Stack: [0x00000045e5600000,0x00000045e5700000]
Native frames: (J=compiled Java code, j=interpreted, Vv=VM code, C=native code)
V  [jvm.dll+0x67d2c9]
V  [jvm.dll+0x834afa]
V  [jvm.dll+0x8365be]
V  [jvm.dll+0x836c23]
V  [jvm.dll+0x2477ff]
V  [jvm.dll+0xac514]
V  [jvm.dll+0xacb5c]
V  [jvm.dll+0x2aed1f]
V  [jvm.dll+0x584b67]
V  [jvm.dll+0x2228a2]
V  [jvm.dll+0x222c8f]
V  [jvm.dll+0x21bdb6]
V  [jvm.dll+0x219201]
V  [jvm.dll+0x1a502d]
V  [jvm.dll+0x2290de]
V  [jvm.dll+0x2272ac]
V  [jvm.dll+0x7e9bb7]
V  [jvm.dll+0x7e3fba]
V  [jvm.dll+0x67c1b5]
C  [ucrtbase.dll+0x29363]
C  [KERNEL32.DLL+0x1257d]
C  [ntdll.dll+0x5aa58]


---------------  P R O C E S S  ---------------

Threads class SMR info:
_java_thread_list=0x000001c26d52d110, length=12, elements={
0x000001c25223f420, 0x000001c2522e8ed0, 0x000001c2522eb710, 0x000001c26800c320,
0x000001c26800d0b0, 0x000001c26800df30, 0x000001c26800fc60, 0x000001c268012b10,
0x000001c26d257530, 0x000001c26d25a2f0, 0x000001c26d31b850, 0x000001c26d53a560
}

Java Threads: ( => current thread )
  0x000001c25223f420 JavaThread "main" [_thread_in_vm, id=14036, stack(0x00000045e4d00000,0x00000045e4e00000)]
  0x000001c2522e8ed0 JavaThread "Reference Handler" daemon [_thread_blocked, id=11124, stack(0x00000045e5000000,0x00000045e5100000)]
  0x000001c2522eb710 JavaThread "Finalizer" daemon [_thread_blocked, id=12572, stack(0x00000045e5100000,0x00000045e5200000)]
  0x000001c26800c320 JavaThread "Signal Dispatcher" daemon [_thread_blocked, id=3108, stack(0x00000045e5200000,0x00000045e5300000)]
  0x000001c26800d0b0 JavaThread "Attach Listener" daemon [_thread_blocked, id=12376, stack(0x00000045e5300000,0x00000045e5400000)]
  0x000001c26800df30 JavaThread "Service Thread" daemon [_thread_blocked, id=22016, stack(0x00000045e5400000,0x00000045e5500000)]
  0x000001c26800fc60 JavaThread "Monitor Deflation Thread" daemon [_thread_blocked, id=572, stack(0x00000045e5500000,0x00000045e5600000)]
=>0x000001c268012b10 JavaThread "C2 CompilerThread0" daemon [_thread_in_native, id=11584, stack(0x00000045e5600000,0x00000045e5700000)]
  0x000001c26d257530 JavaThread "C1 CompilerThread0" daemon [_thread_blocked, id=16848, stack(0x00000045e5700000,0x00000045e5800000)]
  0x000001c26d25a2f0 JavaThread "Sweeper thread" daemon [_thread_blocked, id=13920, stack(0x00000045e5800000,0x00000045e5900000)]
  0x000001c26d31b850 JavaThread "Common-Cleaner" daemon [_thread_blocked, id=21040, stack(0x00000045e5900000,0x00000045e5a00000)]
  0x000001c26d53a560 JavaThread "Notification Thread" daemon [_thread_blocked, id=16124, stack(0x00000045e5a00000,0x00000045e5b00000)]

Other Threads:
  0x000001c2522e89c0 VMThread "VM Thread" [stack: 0x00000045e4f00000,0x00000045e5000000] [id=19552]
  0x000001c26d51ec70 WatcherThread [stack: 0x00000045e5b00000,0x00000045e5c00000] [id=8872]
  0x000001c252252e30 GCTaskThread "GC Thread#0" [stack: 0x00000045e4e00000,0x00000045e4f00000] [id=15540]

Threads with active compile tasks:
C2 CompilerThread0     2543  598       4       lombok.patcher.PatchScript::classMatches (41 bytes)

VM state: not at safepoint (normal execution)

VM Mutex/Monitor currently owned by a thread: None

Heap address: 0x00000000c0000000, size: 1024 MB, Compressed Oops mode: 32-bit

CDS archive(s) not mapped
Compressed class space mapped at: 0x0000000100000000-0x0000000140000000, reserved size: 1073741824
Narrow klass base: 0x0000000000000000, Narrow klass shift: 3, Narrow klass range: 0x140000000

GC Precious Log:
 CPUs: 4 total, 4 available
 Memory: 3919M
 Large Page Support: Disabled
 NUMA Support: Disabled
 Compressed Oops: Enabled (32-bit)
 Alignments: Space 512K, Generation 512K, Heap 2M
 Heap Min Capacity: 100M
 Heap Initial Capacity: 100M
 Heap Max Capacity: 1G
 Pre-touch: Disabled
 Parallel Workers: 4

Heap:
 PSYoungGen      total 29696K, used 14010K [0x00000000eab00000, 0x00000000ecc00000, 0x0000000100000000)
  eden space 25600K, 54% used [0x00000000eab00000,0x00000000eb8ae920,0x00000000ec400000)
  from space 4096K, 0% used [0x00000000ec800000,0x00000000ec800000,0x00000000ecc00000)
  to   space 4096K, 0% used [0x00000000ec400000,0x00000000ec400000,0x00000000ec800000)
 ParOldGen       total 68608K, used 0K [0x00000000c0000000, 0x00000000c4300000, 0x00000000eab00000)
  object space 68608K, 0% used [0x00000000c0000000,0x00000000c0000000,0x00000000c4300000)
 Metaspace       used 9106K, committed 9216K, reserved 1114112K
  class space    used 898K, committed 960K, reserved 1048576K

Card table byte_map: [0x000001c2658c0000,0x000001c265ad0000] _byte_map_base: 0x000001c2652c0000

Marking Bits: (ParMarkBitMap*) 0x00007ffe52bbd7d0
 Begin Bits: [0x000001c265c30000, 0x000001c266c30000)
 End Bits:   [0x000001c266c30000, 0x000001c267c30000)

Polling page: 0x000001c2522f0000

Metaspace:

Usage:
  Non-class:      8.02 MB used.
      Class:    898.59 KB used.
       Both:      8.89 MB used.

Virtual space:
  Non-class space:       64.00 MB reserved,       8.06 MB ( 13%) committed,  1 nodes.
      Class space:        1.00 GB reserved,     960.00 KB ( <1%) committed,  1 nodes.
             Both:        1.06 GB reserved,       9.00 MB ( <1%) committed. 

Chunk freelists:
   Non-Class:  7.94 MB
       Class:  15.08 MB
        Both:  23.02 MB

MaxMetaspaceSize: unlimited
CompressedClassSpaceSize: 1.00 GB
Initial GC threshold: 21.00 MB
Current GC threshold: 21.00 MB
CDS: off
MetaspaceReclaimPolicy: balanced
 - commit_granule_bytes: 65536.
 - commit_granule_words: 8192.
 - virtual_space_node_default_size: 8388608.
 - enlarge_chunks_in_place: 1.
 - new_chunks_are_fully_committed: 0.
 - uncommit_free_chunks: 1.
 - use_allocation_guard: 0.
 - handle_deallocations: 1.


Internal statistics:

num_allocs_failed_limit: 0.
num_arena_births: 10.
num_arena_deaths: 0.
num_vsnodes_births: 2.
num_vsnodes_deaths: 0.
num_space_committed: 144.
num_space_uncommitted: 0.
num_chunks_returned_to_freelist: 0.
num_chunks_taken_from_freelist: 44.
num_chunk_merges: 0.
num_chunk_splits: 26.
num_chunks_enlarged: 25.
num_inconsistent_stats: 0.

CodeHeap 'non-profiled nmethods': size=120000Kb used=225Kb max_used=225Kb free=119774Kb
 bounds [0x000001c25e1b0000, 0x000001c25e420000, 0x000001c2656e0000]
CodeHeap 'profiled nmethods': size=120000Kb used=952Kb max_used=952Kb free=119047Kb
 bounds [0x000001c2566e0000, 0x000001c256950000, 0x000001c25dc10000]
CodeHeap 'non-nmethods': size=5760Kb used=1131Kb max_used=1148Kb free=4628Kb
 bounds [0x000001c25dc10000, 0x000001c25de80000, 0x000001c25e1b0000]
 total_blobs=1037 nmethods=615 adapters=337
 compilation: enabled
              stopped_count=0, restarted_count=0
 full_count=0

Compilation events (20 events):
Event: 2.474 Thread 0x000001c26d257530  600       2       java.util.HashSet::iterator (13 bytes)
Event: 2.474 Thread 0x000001c26d257530 nmethod 600 0x000001c2567bb790 code [0x000001c2567bb940, 0x000001c2567bba98]
Event: 2.475 Thread 0x000001c26d257530  601       3       java.util.Arrays::copyOf (40 bytes)
Event: 2.475 Thread 0x000001c26d257530 nmethod 601 0x000001c2567bbb90 code [0x000001c2567bbd80, 0x000001c2567bc428]
Event: 2.475 Thread 0x000001c26d257530  602       3       java.lang.String::valueOf (15 bytes)
Event: 2.475 Thread 0x000001c26d257530 nmethod 602 0x000001c2567bc610 code [0x000001c2567bc7c0, 0x000001c2567bc9c8]
Event: 2.475 Thread 0x000001c26d257530  603       3       java.security.Provider$ServiceKey::<init> (39 bytes)
Event: 2.476 Thread 0x000001c26d257530 nmethod 603 0x000001c2567bca90 code [0x000001c2567bcc80, 0x000001c2567bd0c8]
Event: 2.476 Thread 0x000001c26d257530  604       1       java.security.Provider$UString::toString (5 bytes)
Event: 2.476 Thread 0x000001c26d257530 nmethod 604 0x000001c25e1e7610 code [0x000001c25e1e77a0, 0x000001c25e1e7878]
Event: 2.476 Thread 0x000001c26d257530  605       1       java.security.Provider$Service::getProvider (5 bytes)
Event: 2.476 Thread 0x000001c26d257530 nmethod 605 0x000001c25e1e7910 code [0x000001c25e1e7aa0, 0x000001c25e1e7b78]
Event: 2.478 Thread 0x000001c26d257530  606       3       sun.security.provider.SHA2::implCompress0 (490 bytes)
Event: 2.479 Thread 0x000001c26d257530 nmethod 606 0x000001c2567bd290 code [0x000001c2567bd480, 0x000001c2567bdce8]
Event: 2.479 Thread 0x000001c26d257530  607       3       sun.security.provider.ByteArrayAccess::b2iBig64 (231 bytes)
Event: 2.490 Thread 0x000001c26d257530 nmethod 607 0x000001c2567be190 code [0x000001c2567bec60, 0x000001c2567c5038]
Event: 2.490 Thread 0x000001c26d257530  608       3       sun.security.provider.SHA2::implCompress (13 bytes)
Event: 2.491 Thread 0x000001c26d257530 nmethod 608 0x000001c2567c6d90 code [0x000001c2567c6f80, 0x000001c2567c73c8]
Event: 2.491 Thread 0x000001c26d257530  609       3       sun.security.provider.SHA2::implCompressCheck (27 bytes)
Event: 2.491 Thread 0x000001c26d257530 nmethod 609 0x000001c2567c7590 code [0x000001c2567c7760, 0x000001c2567c7b18]

GC Heap History (0 events):
No events

Dll operation events (8 events):
Event: 0.114 Loaded shared library c:\Users\HP\.vscode\extensions\redhat.java-1.29.0-win32-x64\jre\17.0.10-win32-x86_64\bin\java.dll
Event: 1.166 Loaded shared library c:\Users\HP\.vscode\extensions\redhat.java-1.29.0-win32-x64\jre\17.0.10-win32-x86_64\bin\zip.dll
Event: 1.178 Loaded shared library C:\Users\HP\.vscode\extensions\redhat.java-1.29.0-win32-x64\jre\17.0.10-win32-x86_64\bin\instrument.dll
Event: 1.214 Loaded shared library C:\Users\HP\.vscode\extensions\redhat.java-1.29.0-win32-x64\jre\17.0.10-win32-x86_64\bin\net.dll
Event: 1.225 Loaded shared library C:\Users\HP\.vscode\extensions\redhat.java-1.29.0-win32-x64\jre\17.0.10-win32-x86_64\bin\nio.dll
Event: 1.242 Loaded shared library C:\Users\HP\.vscode\extensions\redhat.java-1.29.0-win32-x64\jre\17.0.10-win32-x86_64\bin\zip.dll
Event: 1.289 Loaded shared library C:\Users\HP\.vscode\extensions\redhat.java-1.29.0-win32-x64\jre\17.0.10-win32-x86_64\bin\jimage.dll
Event: 1.472 Loaded shared library c:\Users\HP\.vscode\extensions\redhat.java-1.29.0-win32-x64\jre\17.0.10-win32-x86_64\bin\verify.dll

Deoptimization events (20 events):
Event: 2.162 Thread 0x000001c25223f420 Uncommon trap: trap_request=0xffffff45 fr.pc=0x000001c25e1c6e44 relative=0x00000000000000c4
Event: 2.162 Thread 0x000001c25223f420 Uncommon trap: reason=unstable_if action=reinterpret pc=0x000001c25e1c6e44 method=java.net.URI.match(CJJ)Z @ 45 c2
Event: 2.162 Thread 0x000001c25223f420 DEOPT PACKING pc=0x000001c25e1c6e44 sp=0x00000045e4dfc5e0
Event: 2.162 Thread 0x000001c25223f420 DEOPT UNPACKING pc=0x000001c25dc666a3 sp=0x00000045e4dfc568 mode 2
Event: 2.182 Thread 0x000001c25223f420 Uncommon trap: trap_request=0xffffff45 fr.pc=0x000001c25e1da344 relative=0x0000000000000644
Event: 2.182 Thread 0x000001c25223f420 Uncommon trap: reason=unstable_if action=reinterpret pc=0x000001c25e1da344 method=java.lang.String.replace(Ljava/lang/CharSequence;Ljava/lang/CharSequence;)Ljava/lang/String; @ 48 c2
Event: 2.182 Thread 0x000001c25223f420 DEOPT PACKING pc=0x000001c25e1da344 sp=0x00000045e4dfc560
Event: 2.182 Thread 0x000001c25223f420 DEOPT UNPACKING pc=0x000001c25dc666a3 sp=0x00000045e4dfc4d0 mode 2
Event: 2.322 Thread 0x000001c25223f420 Uncommon trap: trap_request=0xffffff45 fr.pc=0x000001c25e1c5a84 relative=0x0000000000000304
Event: 2.322 Thread 0x000001c25223f420 Uncommon trap: reason=unstable_if action=reinterpret pc=0x000001c25e1c5a84 method=java.lang.StringUTF16.compress([CI[BII)I @ 20 c2
Event: 2.322 Thread 0x000001c25223f420 DEOPT PACKING pc=0x000001c25e1c5a84 sp=0x00000045e4dfb6c0
Event: 2.322 Thread 0x000001c25223f420 DEOPT UNPACKING pc=0x000001c25dc666a3 sp=0x00000045e4dfb640 mode 2
Event: 2.402 Thread 0x000001c25223f420 Uncommon trap: trap_request=0xffffffde fr.pc=0x000001c25e1bddfc relative=0x00000000000006fc
Event: 2.402 Thread 0x000001c25223f420 Uncommon trap: reason=class_check action=maybe_recompile pc=0x000001c25e1bddfc method=java.util.HashMap.putVal(ILjava/lang/Object;Ljava/lang/Object;ZZ)Ljava/lang/Object; @ 91 c2
Event: 2.402 Thread 0x000001c25223f420 DEOPT PACKING pc=0x000001c25e1bddfc sp=0x00000045e4dfd9b0
Event: 2.402 Thread 0x000001c25223f420 DEOPT UNPACKING pc=0x000001c25dc666a3 sp=0x00000045e4dfd950 mode 2
Event: 2.414 Thread 0x000001c25223f420 Uncommon trap: trap_request=0xffffff6e fr.pc=0x000001c25e1e3164 relative=0x00000000000001e4
Event: 2.414 Thread 0x000001c25223f420 Uncommon trap: reason=loop_limit_check action=maybe_recompile pc=0x000001c25e1e3164 method=java.math.BigInteger.implMulAdd([I[IIII)I @ 26 c2
Event: 2.414 Thread 0x000001c25223f420 DEOPT PACKING pc=0x000001c25e1e3164 sp=0x00000045e4dfd460
Event: 2.414 Thread 0x000001c25223f420 DEOPT UNPACKING pc=0x000001c25dc666a3 sp=0x00000045e4dfd3b0 mode 2

Classes unloaded (0 events):
No events

Classes redefined (0 events):
No events

Internal exceptions (2 events):
Event: 1.106 Thread 0x000001c25223f420 Exception <a 'java/lang/NoSuchMethodError'{0x00000000eacb4de8}: 'void java.lang.invoke.DirectMethodHandle$Holder.invokeStatic(java.lang.Object, java.lang.Object, java.lang.Object)'> (0x00000000eacb4de8) 
thrown [s\src\hotspot\share\interpreter\linkResolver.cpp, line 759]
Event: 1.581 Thread 0x000001c25223f420 Exception <a 'java/lang/reflect/InvocationTargetException'{0x00000000eafe6f50}> (0x00000000eafe6f50) 
thrown [s\src\hotspot\share\runtime\reflection.cpp, line 1121]

VM Operations (8 events):
Event: 1.128 Executing VM operation: HandshakeAllThreads
Event: 1.128 Executing VM operation: HandshakeAllThreads done
Event: 1.327 Executing VM operation: HandshakeAllThreads
Event: 1.327 Executing VM operation: HandshakeAllThreads done
Event: 2.330 Executing VM operation: Cleanup
Event: 2.363 Executing VM operation: Cleanup done
Event: 2.463 Executing VM operation: HandshakeAllThreads
Event: 2.463 Executing VM operation: HandshakeAllThreads done

Events (20 events):
Event: 2.428 loading class sun/security/util/KeyUtil
Event: 2.428 loading class sun/security/util/KeyUtil done
Event: 2.428 loading class sun/security/util/Length
Event: 2.428 loading class sun/security/util/Length done
Event: 2.428 loading class javax/crypto/SecretKey
Event: 2.429 loading class javax/crypto/SecretKey done
Event: 2.429 loading class java/util/LinkedHashMap$LinkedEntrySet
Event: 2.429 loading class java/util/LinkedHashMap$LinkedEntrySet done
Event: 2.429 loading class java/util/LinkedHashMap$LinkedEntryIterator
Event: 2.463 loading class java/util/LinkedHashMap$LinkedEntryIterator done
Event: 2.467 loading class java/util/Base64
Event: 2.467 loading class java/util/Base64 done
Event: 2.467 loading class java/util/Base64$Decoder
Event: 2.468 loading class java/util/Base64$Decoder done
Event: 2.468 loading class java/util/Base64$Encoder
Event: 2.468 loading class java/util/Base64$Encoder done
Event: 2.469 loading class java/util/jar/JarVerifier$VerifierStream
Event: 2.469 loading class java/util/jar/JarVerifier$VerifierStream done
Event: 2.474 loading class sun/security/util/ManifestEntryVerifier$SunProviderHolder
Event: 2.474 loading class sun/security/util/ManifestEntryVerifier$SunProviderHolder done


Dynamic libraries:
0x00007ff7221f0000 - 0x00007ff7221fe000 	c:\Users\HP\.vscode\extensions\redhat.java-1.29.0-win32-x64\jre\17.0.10-win32-x86_64\bin\java.exe
0x00007ffe9e4b0000 - 0x00007ffe9e6c6000 	C:\WINDOWS\SYSTEM32\ntdll.dll
0x00007ffe9d220000 - 0x00007ffe9d2e4000 	C:\WINDOWS\System32\KERNEL32.DLL
0x00007ffe9b820000 - 0x00007ffe9bbc6000 	C:\WINDOWS\System32\KERNELBASE.dll
0x00007ffe9bbd0000 - 0x00007ffe9bce1000 	C:\WINDOWS\System32\ucrtbase.dll
0x00007ffe8c050000 - 0x00007ffe8c067000 	c:\Users\HP\.vscode\extensions\redhat.java-1.29.0-win32-x64\jre\17.0.10-win32-x86_64\bin\jli.dll
0x00007ffe9d070000 - 0x00007ffe9d21d000 	C:\WINDOWS\System32\USER32.dll
0x00007ffe9b7f0000 - 0x00007ffe9b816000 	C:\WINDOWS\System32\win32u.dll
0x00007ffe9d6f0000 - 0x00007ffe9d719000 	C:\WINDOWS\System32\GDI32.dll
0x00007ffe9be60000 - 0x00007ffe9bf78000 	C:\WINDOWS\System32\gdi32full.dll
0x00007ffe9bf80000 - 0x00007ffe9c01a000 	C:\WINDOWS\System32\msvcp_win.dll
0x00007ffe839b0000 - 0x00007ffe839cb000 	c:\Users\HP\.vscode\extensions\redhat.java-1.29.0-win32-x64\jre\17.0.10-win32-x86_64\bin\VCRUNTIME140.dll
0x00007ffe83e20000 - 0x00007ffe840b3000 	C:\WINDOWS\WinSxS\amd64_microsoft.windows.common-controls_6595b64144ccf1df_6.0.22621.3235_none_270f74e173860f98\COMCTL32.dll
0x00007ffe9d740000 - 0x00007ffe9d7e7000 	C:\WINDOWS\System32\msvcrt.dll
0x00007ffe9d7f0000 - 0x00007ffe9d821000 	C:\WINDOWS\System32\IMM32.DLL
0x00007ffe93320000 - 0x00007ffe9332c000 	c:\Users\HP\.vscode\extensions\redhat.java-1.29.0-win32-x64\jre\17.0.10-win32-x86_64\bin\vcruntime140_1.dll
0x00007ffe6fa70000 - 0x00007ffe6fafd000 	c:\Users\HP\.vscode\extensions\redhat.java-1.29.0-win32-x64\jre\17.0.10-win32-x86_64\bin\msvcp140.dll
0x00007ffe52020000 - 0x00007ffe52c82000 	c:\Users\HP\.vscode\extensions\redhat.java-1.29.0-win32-x64\jre\17.0.10-win32-x86_64\bin\server\jvm.dll
0x00007ffe9c6f0000 - 0x00007ffe9c7a2000 	C:\WINDOWS\System32\ADVAPI32.dll
0x00007ffe9d3d0000 - 0x00007ffe9d478000 	C:\WINDOWS\System32\sechost.dll
0x00007ffe9bdb0000 - 0x00007ffe9bdd8000 	C:\WINDOWS\System32\bcrypt.dll
0x00007ffe9c7b0000 - 0x00007ffe9c8c5000 	C:\WINDOWS\System32\RPCRT4.dll
0x00007ffe9a640000 - 0x00007ffe9a68d000 	C:\WINDOWS\SYSTEM32\POWRPROF.dll
0x00007ffe75450000 - 0x00007ffe75459000 	C:\WINDOWS\SYSTEM32\WSOCK32.dll
0x00007ffe9c590000 - 0x00007ffe9c601000 	C:\WINDOWS\System32\WS2_32.dll
0x00007ffe935d0000 - 0x00007ffe93604000 	C:\WINDOWS\SYSTEM32\WINMM.dll
0x00007ffe92470000 - 0x00007ffe9247a000 	C:\WINDOWS\SYSTEM32\VERSION.dll
0x00007ffe9a620000 - 0x00007ffe9a633000 	C:\WINDOWS\SYSTEM32\UMPDC.dll
0x00007ffe9a8e0000 - 0x00007ffe9a8f8000 	C:\WINDOWS\SYSTEM32\kernel.appcore.dll
0x00007ffe91c50000 - 0x00007ffe91c5a000 	c:\Users\HP\.vscode\extensions\redhat.java-1.29.0-win32-x64\jre\17.0.10-win32-x86_64\bin\jimage.dll
0x00007ffe98dc0000 - 0x00007ffe98ff3000 	C:\WINDOWS\SYSTEM32\DBGHELP.DLL
0x00007ffe9c200000 - 0x00007ffe9c588000 	C:\WINDOWS\System32\combase.dll
0x00007ffe9d2f0000 - 0x00007ffe9d3c7000 	C:\WINDOWS\System32\OLEAUT32.dll
0x00007ffe78e80000 - 0x00007ffe78eb2000 	C:\WINDOWS\SYSTEM32\dbgcore.DLL
0x00007ffe9bde0000 - 0x00007ffe9be5a000 	C:\WINDOWS\System32\bcryptPrimitives.dll
0x00007ffe8c0b0000 - 0x00007ffe8c0be000 	c:\Users\HP\.vscode\extensions\redhat.java-1.29.0-win32-x64\jre\17.0.10-win32-x86_64\bin\instrument.dll
0x00007ffe7c890000 - 0x00007ffe7c8b5000 	c:\Users\HP\.vscode\extensions\redhat.java-1.29.0-win32-x64\jre\17.0.10-win32-x86_64\bin\java.dll
0x00007ffe7eb90000 - 0x00007ffe7eba8000 	c:\Users\HP\.vscode\extensions\redhat.java-1.29.0-win32-x64\jre\17.0.10-win32-x86_64\bin\zip.dll
0x00007ffe9dc10000 - 0x00007ffe9e46d000 	C:\WINDOWS\System32\SHELL32.dll
0x00007ffe99710000 - 0x00007ffe9a008000 	C:\WINDOWS\SYSTEM32\windows.storage.dll
0x00007ffe995d0000 - 0x00007ffe9970e000 	C:\WINDOWS\SYSTEM32\wintypes.dll
0x00007ffe9d480000 - 0x00007ffe9d573000 	C:\WINDOWS\System32\SHCORE.dll
0x00007ffe9c8d0000 - 0x00007ffe9c92e000 	C:\WINDOWS\System32\shlwapi.dll
0x00007ffe9b720000 - 0x00007ffe9b746000 	C:\WINDOWS\SYSTEM32\profapi.dll
0x00007ffe7cd40000 - 0x00007ffe7cd59000 	C:\Users\HP\.vscode\extensions\redhat.java-1.29.0-win32-x64\jre\17.0.10-win32-x86_64\bin\net.dll
0x00007ffe924c0000 - 0x00007ffe925f7000 	C:\WINDOWS\SYSTEM32\WINHTTP.dll
0x00007ffe9ad60000 - 0x00007ffe9adc9000 	C:\WINDOWS\system32\mswsock.dll
0x00007ffe7acf0000 - 0x00007ffe7ad06000 	C:\Users\HP\.vscode\extensions\redhat.java-1.29.0-win32-x64\jre\17.0.10-win32-x86_64\bin\nio.dll
0x00007ffe89a30000 - 0x00007ffe89a40000 	c:\Users\HP\.vscode\extensions\redhat.java-1.29.0-win32-x64\jre\17.0.10-win32-x86_64\bin\verify.dll

dbghelp: loaded successfully - version: 4.0.5 - missing functions: none
symbol engine: initialized successfully - sym options: 0x614 - pdb path: .;c:\Users\HP\.vscode\extensions\redhat.java-1.29.0-win32-x64\jre\17.0.10-win32-x86_64\bin;C:\WINDOWS\SYSTEM32;C:\WINDOWS\WinSxS\amd64_microsoft.windows.common-controls_6595b64144ccf1df_6.0.22621.3235_none_270f74e173860f98;c:\Users\HP\.vscode\extensions\redhat.java-1.29.0-win32-x64\jre\17.0.10-win32-x86_64\bin\server

VM Arguments:
jvm_args: --add-modules=ALL-SYSTEM --add-opens=java.base/java.util=ALL-UNNAMED --add-opens=java.base/java.lang=ALL-UNNAMED --add-opens=java.base/sun.nio.fs=ALL-UNNAMED -Declipse.application=org.eclipse.jdt.ls.core.id1 -Dosgi.bundles.defaultStartLevel=4 -Declipse.product=org.eclipse.jdt.ls.core.product -Djava.import.generatesMetadataFilesAtProjectRoot=false -DDetectVMInstallationsJob.disabled=true -Dfile.encoding=utf8 -XX:+UseParallelGC -XX:GCTimeRatio=4 -XX:AdaptiveSizePolicyWeight=90 -Dsun.zip.disableMemoryMapping=true -Xmx1G -Xms100m -Xlog:disable -javaagent:c:\Users\HP\.vscode\extensions\redhat.java-1.29.0-win32-x64\lombok\lombok-1.18.32.jar 
java_command: c:\Users\HP\.vscode\extensions\redhat.java-1.29.0-win32-x64\server\plugins\org.eclipse.equinox.launcher_1.6.800.v20240304-1850.jar -configuration c:\Users\HP\AppData\Roaming\Code\User\globalStorage\redhat.java\1.29.0\config_ss_win -data c:\Users\HP\AppData\Roaming\Code\User\workspaceStorage\0d828789c167c72f6f5361a28a300af2\redhat.java\ss_ws --stdio
java_class_path (initial): c:\Users\HP\.vscode\extensions\redhat.java-1.29.0-win32-x64\server\plugins\org.eclipse.equinox.launcher_1.6.800.v20240304-1850.jar
Launcher Type: SUN_STANDARD

[Global flags]
    uintx AdaptiveSizePolicyWeight                 = 90                                        {product} {command line}
     intx CICompilerCount                          = 3                                         {product} {ergonomic}
    uintx GCTimeRatio                              = 4                                         {product} {command line}
   size_t InitialHeapSize                          = 104857600                                 {product} {command line}
   size_t MaxHeapSize                              = 1073741824                                {product} {command line}
   size_t MaxNewSize                               = 357564416                                 {product} {ergonomic}
   size_t MinHeapDeltaBytes                        = 524288                                    {product} {ergonomic}
   size_t MinHeapSize                              = 104857600                                 {product} {command line}
   size_t NewSize                                  = 34603008                                  {product} {ergonomic}
    uintx NonNMethodCodeHeapSize                   = 5832780                                {pd product} {ergonomic}
    uintx NonProfiledCodeHeapSize                  = 122912730                              {pd product} {ergonomic}
   size_t OldSize                                  = 70254592                                  {product} {ergonomic}
    uintx ProfiledCodeHeapSize                     = 122912730                              {pd product} {ergonomic}
    uintx ReservedCodeCacheSize                    = 251658240                              {pd product} {ergonomic}
     bool SegmentedCodeCache                       = true                                      {product} {ergonomic}
   size_t SoftMaxHeapSize                          = 1073741824                             {manageable} {ergonomic}
     bool UseCompressedClassPointers               = true                           {product lp64_product} {ergonomic}
     bool UseCompressedOops                        = true                           {product lp64_product} {ergonomic}
     bool UseLargePagesIndividualAllocation        = false                                  {pd product} {ergonomic}
     bool UseParallelGC                            = true                                      {product} {command line}

Logging:
Log output configuration:
 #0: stdout all=off uptime,level,tags
 #1: stderr all=off uptime,level,tags

Environment Variables:
JAVA_HOME=D:\APAP JAVA\Java\jdk-17
PATH=C:\Python312\Scripts\;C:\Python312\;C:\Program Files\Common Files\Oracle\Java\javapath;C:\Program Files (x86)\Common Files\Oracle\Java\javapath;C:\WINDOWS\system32;C:\WINDOWS;C:\WINDOWS\System32\Wbem;C:\WINDOWS\System32\WindowsPowerShell\v1.0\;C:\WINDOWS\System32\OpenSSH\;C:\Users\Ron\AppData\Local\Programs\Python\Python39;C:\Users\Ron\AppData\Local\Programs\Python\Python39\Scripts;C:\Users\HP\AppData\Local\Programs\Python\Python310\;C:\Users\HP\AppData\Local\Programs\Python\Python310\\Scripts;D:\PuTTY\;D:\Git\cmd;C:\Program Files\Docker\Docker\resources\bin;D:\APAP JAVA\Java\jdk-17\bin;D:\NODE JS\;C:\ProgramData\chocolatey\bin;C:\Users\HP\AppData\Local\Programs\Python\Python310\Scripts\;C:\Users\HP\AppData\Local\Programs\Python\Python310\;C:\Users\Ron\AppData\Local\Programs\Python\Python39;C:\Users\Ron\AppData\Local\Programs\Python\Python39\Scripts;C:\Users\HP\AppData\Local\Programs\Microsoft VS Code\bin;C:\Users\HP\Documents\COOLYEAH\Semester 3\PBP\FLUTTER\bin;C:\Users\HP\Documents\COOLYEAH\Semester 3\PBP\FLUTTER\flutter\bin;C:\Users\HP\AppData\Local\Microsoft\WindowsApps;D:\FLUTTER\bin;C:\Users\HP\AppData\Roaming\npm
USERNAME=HP
OS=Windows_NT
PROCESSOR_IDENTIFIER=Intel64 Family 6 Model 142 Stepping 12, GenuineIntel
TMP=C:\Users\HP\AppData\Local\Temp
TEMP=C:\Users\HP\AppData\Local\Temp



Periodic native trim disabled


---------------  S Y S T E M  ---------------

OS:
 Windows 11 , 64 bit Build 22621 (10.0.22621.3235)
OS uptime: 2 days 4:31 hours
Hyper-V role detected

CPU: total 4 (initial active 4) (2 cores per cpu, 2 threads per core) family 6 model 142 stepping 12 microcode 0xec, cx8, cmov, fxsr, ht, mmx, 3dnowpref, sse, sse2, sse3, ssse3, sse4.1, sse4.2, popcnt, lzcnt, tsc, tscinvbit, avx, avx2, aes, erms, clmul, bmi1, bmi2, adx, fma, vzeroupper, clflush, clflushopt, hv
Processor Information for all 4 processors :
  Max Mhz: 2592, Current Mhz: 2093, Mhz Limit: 2073

Memory: 4k page, system-wide physical 3919M (157M free)
TotalPageFile size 15695M (AvailPageFile size 3M)
current process WorkingSet (physical memory assigned to process): 55M, peak: 55M
current process commit charge ("private bytes"): 182M, peak: 182M

vm_info: OpenJDK 64-Bit Server VM (17.0.10+7) for windows-amd64 JRE (17.0.10+7), built on Jan 16 2024 23:25:11 by "admin" with MS VC++ 16.10 / 16.11 (VS2019)

END.
