#
# There is insufficient memory for the Java Runtime Environment to continue.
# Native memory allocation (malloc) failed to allocate 826512 bytes for Chunk::new
# Possible reasons:
#   The system is out of physical RAM or swap space
#   The process is running with CompressedOops enabled, and the Java Heap may be blocking the growth of the native heap
# Possible solutions:
#   Reduce memory load on the system
#   Increase physical memory or swap space
#   Check if swap backing store is full
#   Decrease Java heap size (-Xmx/-Xms)
#   Decrease number of Java threads
#   Decrease Java thread stack sizes (-Xss)
#   Set larger code cache with -XX:ReservedCodeCacheSize=
#   JVM is running with Unscaled Compressed Oops mode in which the Java heap is
#     placed in the first 4GB address space. The Java Heap base address is the
#     maximum limit for the native heap growth. Please use -XX:HeapBaseMinAddress
#     to set the Java Heap base and to place the Java Heap above 4GB virtual address.
# This output file may be truncated or incomplete.
#
#  Out of Memory Error (arena.cpp:191), pid=17696, tid=26644
#
# JRE version: OpenJDK Runtime Environment Temurin-17.0.10+7 (17.0.10+7) (build 17.0.10+7)
# Java VM: OpenJDK 64-Bit Server VM Temurin-17.0.10+7 (17.0.10+7, mixed mode, tiered, compressed oops, compressed class ptrs, parallel gc, windows-amd64)
# No core dump will be written. Minidumps are not enabled by default on client versions of Windows
#

---------------  S U M M A R Y ------------

Command Line: --add-modules=ALL-SYSTEM --add-opens=java.base/java.util=ALL-UNNAMED --add-opens=java.base/java.lang=ALL-UNNAMED --add-opens=java.base/sun.nio.fs=ALL-UNNAMED -Declipse.application=org.eclipse.jdt.ls.core.id1 -Dosgi.bundles.defaultStartLevel=4 -Declipse.product=org.eclipse.jdt.ls.core.product -Djava.import.generatesMetadataFilesAtProjectRoot=false -DDetectVMInstallationsJob.disabled=true -Dfile.encoding=utf8 -XX:+UseParallelGC -XX:GCTimeRatio=4 -XX:AdaptiveSizePolicyWeight=90 -Dsun.zip.disableMemoryMapping=true -Xmx1G -Xms100m -Xlog:disable -javaagent:c:\Users\HP\.vscode\extensions\redhat.java-1.29.0-win32-x64\lombok\lombok-1.18.32.jar c:\Users\HP\.vscode\extensions\redhat.java-1.29.0-win32-x64\server\plugins\org.eclipse.equinox.launcher_1.6.800.v20240304-1850.jar -configuration c:\Users\HP\AppData\Roaming\Code\User\globalStorage\redhat.java\1.29.0\config_ss_win -data c:\Users\HP\AppData\Roaming\Code\User\workspaceStorage\0d828789c167c72f6f5361a28a300af2\redhat.java\ss_ws --stdio

Host: Intel(R) Core(TM) i3-10110U CPU @ 2.10GHz, 4 cores, 3G,  Windows 11 , 64 bit Build 22621 (10.0.22621.3235)
Time: Tue Apr  9 15:01:52 2024 SE Asia Standard Time elapsed time: 102.804202 seconds (0d 0h 1m 42s)

---------------  T H R E A D  ---------------

Current thread (0x000001c3ed150940):  JavaThread "C2 CompilerThread0" daemon [_thread_in_native, id=26644, stack(0x00000033ac300000,0x00000033ac400000)]


Current CompileTask:
C2: 102804 4278       4       java.io.WinNTFileSystem::normalize (143 bytes)

Stack: [0x00000033ac300000,0x00000033ac400000]
Native frames: (J=compiled Java code, j=interpreted, Vv=VM code, C=native code)
V  [jvm.dll+0x67d2c9]
V  [jvm.dll+0x834afa]
V  [jvm.dll+0x8365be]
V  [jvm.dll+0x836c23]
V  [jvm.dll+0x2477ff]
V  [jvm.dll+0xac514]
V  [jvm.dll+0xacb5c]
V  [jvm.dll+0x3667d7]
V  [jvm.dll+0x330bfa]
V  [jvm.dll+0x33009a]
V  [jvm.dll+0x219ef1]
V  [jvm.dll+0x219311]
V  [jvm.dll+0x1a502d]
V  [jvm.dll+0x2290de]
V  [jvm.dll+0x2272ac]
V  [jvm.dll+0x7e9bb7]
V  [jvm.dll+0x7e3fba]
V  [jvm.dll+0x67c1b5]
C  [ucrtbase.dll+0x29363]
C  [KERNEL32.DLL+0x1257d]
C  [ntdll.dll+0x5aa58]


---------------  P R O C E S S  ---------------

Threads class SMR info:
_java_thread_list=0x000001c3f2e8c000, length=27, elements={
0x000001c3d738e360, 0x000001c3ed11b010, 0x000001c3ed11d8c0, 0x000001c3ed14b310,
0x000001c3ed14c0a0, 0x000001c3ed14cf20, 0x000001c3ed14dc40, 0x000001c3ed150940,
0x000001c3f23642d0, 0x000001c3f2368fb0, 0x000001c3ed04c6c0, 0x000001c3f25b9a90,
0x000001c3f2ab6860, 0x000001c3f2dd43c0, 0x000001c3f2dd48a0, 0x000001c3f2bf1480,
0x000001c3f2c7ea80, 0x000001c3f2c7f4a0, 0x000001c3f2c7e060, 0x000001c3f2c81300,
0x000001c3f2c803d0, 0x000001c3f2c7ef90, 0x000001c3f2c808e0, 0x000001c3f2c7fec0,
0x000001c3f2c81810, 0x000001c3f2c7e570, 0x000001c3f2cf9800
}

Java Threads: ( => current thread )
  0x000001c3d738e360 JavaThread "main" [_thread_blocked, id=13688, stack(0x00000033aba00000,0x00000033abb00000)]
  0x000001c3ed11b010 JavaThread "Reference Handler" daemon [_thread_blocked, id=18376, stack(0x00000033abd00000,0x00000033abe00000)]
  0x000001c3ed11d8c0 JavaThread "Finalizer" daemon [_thread_blocked, id=27112, stack(0x00000033abe00000,0x00000033abf00000)]
  0x000001c3ed14b310 JavaThread "Signal Dispatcher" daemon [_thread_blocked, id=17876, stack(0x00000033abf00000,0x00000033ac000000)]
  0x000001c3ed14c0a0 JavaThread "Attach Listener" daemon [_thread_blocked, id=7068, stack(0x00000033ac000000,0x00000033ac100000)]
  0x000001c3ed14cf20 JavaThread "Service Thread" daemon [_thread_blocked, id=15596, stack(0x00000033ac100000,0x00000033ac200000)]
  0x000001c3ed14dc40 JavaThread "Monitor Deflation Thread" daemon [_thread_blocked, id=12480, stack(0x00000033ac200000,0x00000033ac300000)]
=>0x000001c3ed150940 JavaThread "C2 CompilerThread0" daemon [_thread_in_native, id=26644, stack(0x00000033ac300000,0x00000033ac400000)]
  0x000001c3f23642d0 JavaThread "C1 CompilerThread0" daemon [_thread_blocked, id=9172, stack(0x00000033ac400000,0x00000033ac500000)]
  0x000001c3f2368fb0 JavaThread "Sweeper thread" daemon [_thread_blocked, id=17172, stack(0x00000033ac500000,0x00000033ac600000)]
  0x000001c3ed04c6c0 JavaThread "Common-Cleaner" daemon [_thread_blocked, id=23916, stack(0x00000033ac600000,0x00000033ac700000)]
  0x000001c3f25b9a90 JavaThread "Notification Thread" daemon [_thread_blocked, id=19844, stack(0x00000033ac700000,0x00000033ac800000)]
  0x000001c3f2ab6860 JavaThread "Active Thread: Equinox Container: 0ec1a83a-a46e-4fb1-85a2-15a581dea49d" [_thread_blocked, id=27740, stack(0x00000033acc00000,0x00000033acd00000)]
  0x000001c3f2dd43c0 JavaThread "Framework Event Dispatcher: Equinox Container: 0ec1a83a-a46e-4fb1-85a2-15a581dea49d" daemon [_thread_blocked, id=1608, stack(0x00000033acd00000,0x00000033ace00000)]
  0x000001c3f2dd48a0 JavaThread "Start Level: Equinox Container: 0ec1a83a-a46e-4fb1-85a2-15a581dea49d" daemon [_thread_blocked, id=19736, stack(0x00000033ace00000,0x00000033acf00000)]
  0x000001c3f2bf1480 JavaThread "SCR Component Actor" daemon [_thread_blocked, id=21224, stack(0x00000033acf00000,0x00000033ad000000)]
  0x000001c3f2c7ea80 JavaThread "Worker-JM" [_thread_blocked, id=1348, stack(0x00000033ad100000,0x00000033ad200000)]
  0x000001c3f2c7f4a0 JavaThread "Worker-0" [_thread_blocked, id=26376, stack(0x00000033ad200000,0x00000033ad300000)]
  0x000001c3f2c7e060 JavaThread "Worker-1" [_thread_blocked, id=3260, stack(0x00000033ad300000,0x00000033ad400000)]
  0x000001c3f2c81300 JavaThread "JNA Cleaner" daemon [_thread_blocked, id=22736, stack(0x00000033ad000000,0x00000033ad100000)]
  0x000001c3f2c803d0 JavaThread "pool-2-thread-1" [_thread_blocked, id=16584, stack(0x00000033ad400000,0x00000033ad500000)]
  0x000001c3f2c7ef90 JavaThread "WorkspaceEventsHandler" [_thread_blocked, id=15216, stack(0x00000033ad600000,0x00000033ad700000)]
  0x000001c3f2c808e0 JavaThread "pool-1-thread-1" [_thread_in_native, id=28576, stack(0x00000033ad700000,0x00000033ad800000)]
  0x000001c3f2c7fec0 JavaThread "ForkJoinPool.commonPool-worker-1" daemon [_thread_blocked, id=20508, stack(0x00000033ab800000,0x00000033ab900000)]
  0x000001c3f2c81810 JavaThread "pool-3-thread-1" [_thread_blocked, id=27704, stack(0x00000033ab900000,0x00000033aba00000)]
  0x000001c3f2c7e570 JavaThread "Framework stop - Equinox Container: 0ec1a83a-a46e-4fb1-85a2-15a581dea49d" [_thread_in_native, id=23900, stack(0x00000033ad500000,0x00000033ad600000)]
  0x000001c3f2cf9800 JavaThread "SCR Component Registry" daemon [_thread_blocked, id=6876, stack(0x00000033ada00000,0x00000033adb00000)]

Other Threads:
  0x000001c3ed057770 VMThread "VM Thread" [stack: 0x00000033abc00000,0x00000033abd00000] [id=11240]
  0x000001c3f2646a90 WatcherThread [stack: 0x00000033ac800000,0x00000033ac900000] [id=19128]
  0x000001c3d73a1d70 GCTaskThread "GC Thread#0" [stack: 0x00000033abb00000,0x00000033abc00000] [id=23804]
  0x000001c3f29f7910 GCTaskThread "GC Thread#1" [stack: 0x00000033ac900000,0x00000033aca00000] [id=2296]
  0x000001c3f29f7bd0 GCTaskThread "GC Thread#2" [stack: 0x00000033aca00000,0x00000033acb00000] [id=13840]
  0x000001c3f29f7e90 GCTaskThread "GC Thread#3" [stack: 0x00000033acb00000,0x00000033acc00000] [id=10556]

Threads with active compile tasks:
C2 CompilerThread0   102933 4278       4       java.io.WinNTFileSystem::normalize (143 bytes)

VM state: not at safepoint (normal execution)

VM Mutex/Monitor currently owned by a thread: None

Heap address: 0x00000000c0000000, size: 1024 MB, Compressed Oops mode: 32-bit

CDS archive(s) not mapped
Compressed class space mapped at: 0x0000000100000000-0x0000000140000000, reserved size: 1073741824
Narrow klass base: 0x0000000000000000, Narrow klass shift: 3, Narrow klass range: 0x140000000

GC Precious Log:
 CPUs: 4 total, 4 available
 Memory: 3919M
 Large Page Support: Disabled
 NUMA Support: Disabled
 Compressed Oops: Enabled (32-bit)
 Alignments: Space 512K, Generation 512K, Heap 2M
 Heap Min Capacity: 100M
 Heap Initial Capacity: 100M
 Heap Max Capacity: 1G
 Pre-touch: Disabled
 Parallel Workers: 4

Heap:
 PSYoungGen      total 25088K, used 4152K [0x00000000eab00000, 0x00000000ece80000, 0x0000000100000000)
  eden space 22016K, 5% used [0x00000000eab00000,0x00000000eac152f8,0x00000000ec080000)
  from space 3072K, 99% used [0x00000000ec080000,0x00000000ec379000,0x00000000ec380000)
  to   space 7168K, 0% used [0x00000000ec780000,0x00000000ec780000,0x00000000ece80000)
 ParOldGen       total 68608K, used 24657K [0x00000000c0000000, 0x00000000c4300000, 0x00000000eab00000)
  object space 68608K, 35% used [0x00000000c0000000,0x00000000c1814528,0x00000000c4300000)
 Metaspace       used 38477K, committed 39168K, reserved 1114112K
  class space    used 3868K, committed 4160K, reserved 1048576K

Card table byte_map: [0x000001c3ea9e0000,0x000001c3eabf0000] _byte_map_base: 0x000001c3ea3e0000

Marking Bits: (ParMarkBitMap*) 0x00007ffe125dd7d0
 Begin Bits: [0x000001c3ead50000, 0x000001c3ebd50000)
 End Bits:   [0x000001c3ebd50000, 0x000001c3ecd50000)

Polling page: 0x000001c3d7440000

Metaspace:

Usage:
  Non-class:     33.80 MB used.
      Class:      3.78 MB used.
       Both:     37.58 MB used.

Virtual space:
  Non-class space:       64.00 MB reserved,      34.19 MB ( 53%) committed,  1 nodes.
      Class space:        1.00 GB reserved,       4.06 MB ( <1%) committed,  1 nodes.
             Both:        1.06 GB reserved,      38.25 MB (  4%) committed. 

Chunk freelists:
   Non-Class:  13.25 MB
       Class:  11.95 MB
        Both:  25.20 MB

MaxMetaspaceSize: unlimited
CompressedClassSpaceSize: 1.00 GB
Initial GC threshold: 21.00 MB
Current GC threshold: 58.38 MB
CDS: off
MetaspaceReclaimPolicy: balanced
 - commit_granule_bytes: 65536.
 - commit_granule_words: 8192.
 - virtual_space_node_default_size: 8388608.
 - enlarge_chunks_in_place: 1.
 - new_chunks_are_fully_committed: 0.
 - uncommit_free_chunks: 1.
 - use_allocation_guard: 0.
 - handle_deallocations: 1.


Internal statistics:

num_allocs_failed_limit: 6.
num_arena_births: 380.
num_arena_deaths: 14.
num_vsnodes_births: 2.
num_vsnodes_deaths: 0.
num_space_committed: 612.
num_space_uncommitted: 0.
num_chunks_returned_to_freelist: 20.
num_chunks_taken_from_freelist: 1563.
num_chunk_merges: 8.
num_chunk_splits: 998.
num_chunks_enlarged: 675.
num_inconsistent_stats: 0.

CodeHeap 'non-profiled nmethods': size=120000Kb used=2125Kb max_used=2125Kb free=117874Kb
 bounds [0x000001c3e32c0000, 0x000001c3e3530000, 0x000001c3ea7f0000]
CodeHeap 'profiled nmethods': size=120000Kb used=8864Kb max_used=8864Kb free=111135Kb
 bounds [0x000001c3db7f0000, 0x000001c3dc0a0000, 0x000001c3e2d20000]
CodeHeap 'non-nmethods': size=5760Kb used=1284Kb max_used=1325Kb free=4475Kb
 bounds [0x000001c3e2d20000, 0x000001c3e2f90000, 0x000001c3e32c0000]
 total_blobs=4899 nmethods=4285 adapters=528
 compilation: enabled
              stopped_count=0, restarted_count=0
 full_count=0

Compilation events (20 events):
Event: 102.706 Thread 0x000001c3f23642d0 nmethod 4272 0x000001c3dc091d90 code [0x000001c3dc091f40, 0x000001c3dc092128]
Event: 102.706 Thread 0x000001c3f23642d0 4273       3       java.lang.StringBuilder::append (8 bytes)
Event: 102.706 Thread 0x000001c3f23642d0 nmethod 4273 0x000001c3dc092210 code [0x000001c3dc0923c0, 0x000001c3dc092568]
Event: 102.707 Thread 0x000001c3f23642d0 4274       3       java.lang.AbstractStringBuilder::append (54 bytes)
Event: 102.708 Thread 0x000001c3f23642d0 nmethod 4274 0x000001c3dc092690 code [0x000001c3dc0928c0, 0x000001c3dc0931c8]
Event: 102.709 Thread 0x000001c3f23642d0 4275       3       java.util.Comparators$NaturalOrderComparator::compare (13 bytes)
Event: 102.710 Thread 0x000001c3f23642d0 nmethod 4275 0x000001c3dc093310 code [0x000001c3dc0934e0, 0x000001c3dc093908]
Event: 102.710 Thread 0x000001c3f23642d0 4276       3       java.util.stream.ReduceOps$3ReducingSink::accept (15 bytes)
Event: 102.711 Thread 0x000001c3f23642d0 nmethod 4276 0x000001c3dc093a10 code [0x000001c3dc093bc0, 0x000001c3dc093da8]
Event: 102.711 Thread 0x000001c3f23642d0 4277       3       java.util.StringJoiner::add (110 bytes)
Event: 102.711 Thread 0x000001c3f23642d0 nmethod 4277 0x000001c3dc093e90 code [0x000001c3dc0940c0, 0x000001c3dc094a78]
Event: 102.721 Thread 0x000001c3ed150940 4278       4       java.io.WinNTFileSystem::normalize (143 bytes)
Event: 102.752 Thread 0x000001c3f23642d0 4279       3       org.eclipse.osgi.framework.eventmgr.CopyOnWriteIdentityMap::empty (4 bytes)
Event: 102.753 Thread 0x000001c3f23642d0 nmethod 4279 0x000001c3dc094e10 code [0x000001c3dc094fa0, 0x000001c3dc095098]
Event: 102.753 Thread 0x000001c3f23642d0 4280       3       java.util.LinkedHashMap::keySet (25 bytes)
Event: 102.753 Thread 0x000001c3f23642d0 nmethod 4280 0x000001c3dc095110 code [0x000001c3dc0952c0, 0x000001c3dc0955f8]
Event: 102.753 Thread 0x000001c3f23642d0 4281       3       org.eclipse.osgi.framework.eventmgr.CopyOnWriteIdentityMap::<init> (12 bytes)
Event: 102.753 Thread 0x000001c3f23642d0 nmethod 4281 0x000001c3dc095790 code [0x000001c3dc095940, 0x000001c3dc095b38]
Event: 102.764 Thread 0x000001c3f23642d0 4283       3       org.apache.felix.scr.impl.logger.ScrLogManager$ScrLoggerFacade::log (25 bytes)
Event: 102.765 Thread 0x000001c3f23642d0 nmethod 4283 0x000001c3dc095c10 code [0x000001c3dc095de0, 0x000001c3dc0960a8]

GC Heap History (20 events):
Event: 16.128 GC heap before
{Heap before GC invocations=8 (full 1):
 PSYoungGen      total 26624K, used 26399K [0x00000000eab00000, 0x00000000ec800000, 0x0000000100000000)
  eden space 24576K, 100% used [0x00000000eab00000,0x00000000ec300000,0x00000000ec300000)
  from space 2048K, 89% used [0x00000000ec600000,0x00000000ec7c7db0,0x00000000ec800000)
  to   space 2560K, 0% used [0x00000000ec300000,0x00000000ec300000,0x00000000ec580000)
 ParOldGen       total 68608K, used 7550K [0x00000000c0000000, 0x00000000c4300000, 0x00000000eab00000)
  object space 68608K, 11% used [0x00000000c0000000,0x00000000c075fa10,0x00000000c4300000)
 Metaspace       used 30125K, committed 30720K, reserved 1114112K
  class space    used 2903K, committed 3136K, reserved 1048576K
}
Event: 16.133 GC heap after
{Heap after GC invocations=8 (full 1):
 PSYoungGen      total 26624K, used 2558K [0x00000000eab00000, 0x00000000eca80000, 0x0000000100000000)
  eden space 24064K, 0% used [0x00000000eab00000,0x00000000eab00000,0x00000000ec280000)
  from space 2560K, 99% used [0x00000000ec300000,0x00000000ec57f908,0x00000000ec580000)
  to   space 4096K, 0% used [0x00000000ec680000,0x00000000ec680000,0x00000000eca80000)
 ParOldGen       total 68608K, used 8451K [0x00000000c0000000, 0x00000000c4300000, 0x00000000eab00000)
  object space 68608K, 12% used [0x00000000c0000000,0x00000000c0840f30,0x00000000c4300000)
 Metaspace       used 30125K, committed 30720K, reserved 1114112K
  class space    used 2903K, committed 3136K, reserved 1048576K
}
Event: 19.128 GC heap before
{Heap before GC invocations=9 (full 1):
 PSYoungGen      total 26624K, used 26622K [0x00000000eab00000, 0x00000000eca80000, 0x0000000100000000)
  eden space 24064K, 100% used [0x00000000eab00000,0x00000000ec280000,0x00000000ec280000)
  from space 2560K, 99% used [0x00000000ec300000,0x00000000ec57f908,0x00000000ec580000)
  to   space 4096K, 0% used [0x00000000ec680000,0x00000000ec680000,0x00000000eca80000)
 ParOldGen       total 68608K, used 8451K [0x00000000c0000000, 0x00000000c4300000, 0x00000000eab00000)
  object space 68608K, 12% used [0x00000000c0000000,0x00000000c0840f30,0x00000000c4300000)
 Metaspace       used 33859K, committed 34560K, reserved 1114112K
  class space    used 3358K, committed 3648K, reserved 1048576K
}
Event: 19.137 GC heap after
{Heap after GC invocations=9 (full 1):
 PSYoungGen      total 27136K, used 4085K [0x00000000eab00000, 0x00000000ecc00000, 0x0000000100000000)
  eden space 23040K, 0% used [0x00000000eab00000,0x00000000eab00000,0x00000000ec180000)
  from space 4096K, 99% used [0x00000000ec680000,0x00000000eca7d480,0x00000000eca80000)
  to   space 5120K, 0% used [0x00000000ec180000,0x00000000ec180000,0x00000000ec680000)
 ParOldGen       total 68608K, used 8863K [0x00000000c0000000, 0x00000000c4300000, 0x00000000eab00000)
  object space 68608K, 12% used [0x00000000c0000000,0x00000000c08a7f80,0x00000000c4300000)
 Metaspace       used 33859K, committed 34560K, reserved 1114112K
  class space    used 3358K, committed 3648K, reserved 1048576K
}
Event: 19.957 GC heap before
{Heap before GC invocations=10 (full 1):
 PSYoungGen      total 27136K, used 12941K [0x00000000eab00000, 0x00000000ecc00000, 0x0000000100000000)
  eden space 23040K, 38% used [0x00000000eab00000,0x00000000eb3a5fb8,0x00000000ec180000)
  from space 4096K, 99% used [0x00000000ec680000,0x00000000eca7d480,0x00000000eca80000)
  to   space 5120K, 0% used [0x00000000ec180000,0x00000000ec180000,0x00000000ec680000)
 ParOldGen       total 68608K, used 8863K [0x00000000c0000000, 0x00000000c4300000, 0x00000000eab00000)
  object space 68608K, 12% used [0x00000000c0000000,0x00000000c08a7f80,0x00000000c4300000)
 Metaspace       used 35201K, committed 35840K, reserved 1114112K
  class space    used 3518K, committed 3776K, reserved 1048576K
}
Event: 19.961 GC heap after
{Heap after GC invocations=10 (full 1):
 PSYoungGen      total 27136K, used 3659K [0x00000000eab00000, 0x00000000eca00000, 0x0000000100000000)
  eden space 23040K, 0% used [0x00000000eab00000,0x00000000eab00000,0x00000000ec180000)
  from space 4096K, 89% used [0x00000000ec180000,0x00000000ec512e80,0x00000000ec580000)
  to   space 4096K, 0% used [0x00000000ec600000,0x00000000ec600000,0x00000000eca00000)
 ParOldGen       total 68608K, used 9763K [0x00000000c0000000, 0x00000000c4300000, 0x00000000eab00000)
  object space 68608K, 14% used [0x00000000c0000000,0x00000000c0988f28,0x00000000c4300000)
 Metaspace       used 35201K, committed 35840K, reserved 1114112K
  class space    used 3518K, committed 3776K, reserved 1048576K
}
Event: 19.962 GC heap before
{Heap before GC invocations=11 (full 2):
 PSYoungGen      total 27136K, used 3659K [0x00000000eab00000, 0x00000000eca00000, 0x0000000100000000)
  eden space 23040K, 0% used [0x00000000eab00000,0x00000000eab00000,0x00000000ec180000)
  from space 4096K, 89% used [0x00000000ec180000,0x00000000ec512e80,0x00000000ec580000)
  to   space 4096K, 0% used [0x00000000ec600000,0x00000000ec600000,0x00000000eca00000)
 ParOldGen       total 68608K, used 9763K [0x00000000c0000000, 0x00000000c4300000, 0x00000000eab00000)
  object space 68608K, 14% used [0x00000000c0000000,0x00000000c0988f28,0x00000000c4300000)
 Metaspace       used 35201K, committed 35840K, reserved 1114112K
  class space    used 3518K, committed 3776K, reserved 1048576K
}
Event: 19.992 GC heap after
{Heap after GC invocations=11 (full 2):
 PSYoungGen      total 27136K, used 0K [0x00000000eab00000, 0x00000000eca00000, 0x0000000100000000)
  eden space 23040K, 0% used [0x00000000eab00000,0x00000000eab00000,0x00000000ec180000)
  from space 4096K, 0% used [0x00000000ec180000,0x00000000ec180000,0x00000000ec580000)
  to   space 4096K, 0% used [0x00000000ec600000,0x00000000ec600000,0x00000000eca00000)
 ParOldGen       total 68608K, used 12414K [0x00000000c0000000, 0x00000000c4300000, 0x00000000eab00000)
  object space 68608K, 18% used [0x00000000c0000000,0x00000000c0c1f8c8,0x00000000c4300000)
 Metaspace       used 35201K, committed 35840K, reserved 1114112K
  class space    used 3518K, committed 3776K, reserved 1048576K
}
Event: 21.166 GC heap before
{Heap before GC invocations=12 (full 2):
 PSYoungGen      total 27136K, used 23040K [0x00000000eab00000, 0x00000000eca00000, 0x0000000100000000)
  eden space 23040K, 100% used [0x00000000eab00000,0x00000000ec180000,0x00000000ec180000)
  from space 4096K, 0% used [0x00000000ec180000,0x00000000ec180000,0x00000000ec580000)
  to   space 4096K, 0% used [0x00000000ec600000,0x00000000ec600000,0x00000000eca00000)
 ParOldGen       total 68608K, used 12414K [0x00000000c0000000, 0x00000000c4300000, 0x00000000eab00000)
  object space 68608K, 18% used [0x00000000c0000000,0x00000000c0c1f8c8,0x00000000c4300000)
 Metaspace       used 37524K, committed 38336K, reserved 1114112K
  class space    used 3758K, committed 4096K, reserved 1048576K
}
Event: 21.171 GC heap after
{Heap after GC invocations=12 (full 2):
 PSYoungGen      total 25088K, used 2291K [0x00000000eab00000, 0x00000000ec880000, 0x0000000100000000)
  eden space 22528K, 0% used [0x00000000eab00000,0x00000000eab00000,0x00000000ec100000)
  from space 2560K, 89% used [0x00000000ec600000,0x00000000ec83cf50,0x00000000ec880000)
  to   space 3072K, 0% used [0x00000000ec280000,0x00000000ec280000,0x00000000ec580000)
 ParOldGen       total 68608K, used 12422K [0x00000000c0000000, 0x00000000c4300000, 0x00000000eab00000)
  object space 68608K, 18% used [0x00000000c0000000,0x00000000c0c218c8,0x00000000c4300000)
 Metaspace       used 37524K, committed 38336K, reserved 1114112K
  class space    used 3758K, committed 4096K, reserved 1048576K
}
Event: 22.326 GC heap before
{Heap before GC invocations=13 (full 2):
 PSYoungGen      total 25088K, used 24819K [0x00000000eab00000, 0x00000000ec880000, 0x0000000100000000)
  eden space 22528K, 100% used [0x00000000eab00000,0x00000000ec100000,0x00000000ec100000)
  from space 2560K, 89% used [0x00000000ec600000,0x00000000ec83cf50,0x00000000ec880000)
  to   space 3072K, 0% used [0x00000000ec280000,0x00000000ec280000,0x00000000ec580000)
 ParOldGen       total 68608K, used 12422K [0x00000000c0000000, 0x00000000c4300000, 0x00000000eab00000)
  object space 68608K, 18% used [0x00000000c0000000,0x00000000c0c218c8,0x00000000c4300000)
 Metaspace       used 37724K, committed 38464K, reserved 1114112K
  class space    used 3778K, committed 4096K, reserved 1048576K
}
Event: 22.333 GC heap after
{Heap after GC invocations=13 (full 2):
 PSYoungGen      total 24576K, used 2240K [0x00000000eab00000, 0x00000000ec680000, 0x0000000100000000)
  eden space 22016K, 0% used [0x00000000eab00000,0x00000000eab00000,0x00000000ec080000)
  from space 2560K, 87% used [0x00000000ec280000,0x00000000ec4b0010,0x00000000ec500000)
  to   space 1536K, 0% used [0x00000000ec500000,0x00000000ec500000,0x00000000ec680000)
 ParOldGen       total 68608K, used 14635K [0x00000000c0000000, 0x00000000c4300000, 0x00000000eab00000)
  object space 68608K, 21% used [0x00000000c0000000,0x00000000c0e4afa0,0x00000000c4300000)
 Metaspace       used 37724K, committed 38464K, reserved 1114112K
  class space    used 3778K, committed 4096K, reserved 1048576K
}
Event: 22.711 GC heap before
{Heap before GC invocations=14 (full 2):
 PSYoungGen      total 24576K, used 24256K [0x00000000eab00000, 0x00000000ec680000, 0x0000000100000000)
  eden space 22016K, 100% used [0x00000000eab00000,0x00000000ec080000,0x00000000ec080000)
  from space 2560K, 87% used [0x00000000ec280000,0x00000000ec4b0010,0x00000000ec500000)
  to   space 1536K, 0% used [0x00000000ec500000,0x00000000ec500000,0x00000000ec680000)
 ParOldGen       total 68608K, used 14635K [0x00000000c0000000, 0x00000000c4300000, 0x00000000eab00000)
  object space 68608K, 21% used [0x00000000c0000000,0x00000000c0e4afa0,0x00000000c4300000)
 Metaspace       used 37824K, committed 38528K, reserved 1114112K
  class space    used 3790K, committed 4096K, reserved 1048576K
}
Event: 22.718 GC heap after
{Heap after GC invocations=14 (full 2):
 PSYoungGen      total 23552K, used 1536K [0x00000000eab00000, 0x00000000ec980000, 0x0000000100000000)
  eden space 22016K, 0% used [0x00000000eab00000,0x00000000eab00000,0x00000000ec080000)
  from space 1536K, 100% used [0x00000000ec500000,0x00000000ec680000,0x00000000ec680000)
  to   space 4608K, 0% used [0x00000000ec080000,0x00000000ec080000,0x00000000ec500000)
 ParOldGen       total 68608K, used 17356K [0x00000000c0000000, 0x00000000c4300000, 0x00000000eab00000)
  object space 68608K, 25% used [0x00000000c0000000,0x00000000c10f31c0,0x00000000c4300000)
 Metaspace       used 37824K, committed 38528K, reserved 1114112K
  class space    used 3790K, committed 4096K, reserved 1048576K
}
Event: 22.960 GC heap before
{Heap before GC invocations=15 (full 2):
 PSYoungGen      total 23552K, used 23552K [0x00000000eab00000, 0x00000000ec980000, 0x0000000100000000)
  eden space 22016K, 100% used [0x00000000eab00000,0x00000000ec080000,0x00000000ec080000)
  from space 1536K, 100% used [0x00000000ec500000,0x00000000ec680000,0x00000000ec680000)
  to   space 4608K, 0% used [0x00000000ec080000,0x00000000ec080000,0x00000000ec500000)
 ParOldGen       total 68608K, used 17356K [0x00000000c0000000, 0x00000000c4300000, 0x00000000eab00000)
  object space 68608K, 25% used [0x00000000c0000000,0x00000000c10f31c0,0x00000000c4300000)
 Metaspace       used 37824K, committed 38528K, reserved 1114112K
  class space    used 3790K, committed 4096K, reserved 1048576K
}
Event: 22.964 GC heap after
{Heap after GC invocations=15 (full 2):
 PSYoungGen      total 24576K, used 2368K [0x00000000eab00000, 0x00000000ec680000, 0x0000000100000000)
  eden space 22016K, 0% used [0x00000000eab00000,0x00000000eab00000,0x00000000ec080000)
  from space 2560K, 92% used [0x00000000ec080000,0x00000000ec2d0000,0x00000000ec300000)
  to   space 3072K, 0% used [0x00000000ec380000,0x00000000ec380000,0x00000000ec680000)
 ParOldGen       total 68608K, used 18905K [0x00000000c0000000, 0x00000000c4300000, 0x00000000eab00000)
  object space 68608K, 27% used [0x00000000c0000000,0x00000000c1276518,0x00000000c4300000)
 Metaspace       used 37824K, committed 38528K, reserved 1114112K
  class space    used 3790K, committed 4096K, reserved 1048576K
}
Event: 23.138 GC heap before
{Heap before GC invocations=16 (full 2):
 PSYoungGen      total 24576K, used 24384K [0x00000000eab00000, 0x00000000ec680000, 0x0000000100000000)
  eden space 22016K, 100% used [0x00000000eab00000,0x00000000ec080000,0x00000000ec080000)
  from space 2560K, 92% used [0x00000000ec080000,0x00000000ec2d0000,0x00000000ec300000)
  to   space 3072K, 0% used [0x00000000ec380000,0x00000000ec380000,0x00000000ec680000)
 ParOldGen       total 68608K, used 18905K [0x00000000c0000000, 0x00000000c4300000, 0x00000000eab00000)
  object space 68608K, 27% used [0x00000000c0000000,0x00000000c1276518,0x00000000c4300000)
 Metaspace       used 37824K, committed 38528K, reserved 1114112K
  class space    used 3790K, committed 4096K, reserved 1048576K
}
Event: 23.145 GC heap after
{Heap after GC invocations=16 (full 2):
 PSYoungGen      total 25088K, used 2656K [0x00000000eab00000, 0x00000000ec680000, 0x0000000100000000)
  eden space 22016K, 0% used [0x00000000eab00000,0x00000000eab00000,0x00000000ec080000)
  from space 3072K, 86% used [0x00000000ec380000,0x00000000ec618010,0x00000000ec680000)
  to   space 3072K, 0% used [0x00000000ec080000,0x00000000ec080000,0x00000000ec380000)
 ParOldGen       total 68608K, used 21209K [0x00000000c0000000, 0x00000000c4300000, 0x00000000eab00000)
  object space 68608K, 30% used [0x00000000c0000000,0x00000000c14b6518,0x00000000c4300000)
 Metaspace       used 37824K, committed 38528K, reserved 1114112K
  class space    used 3790K, committed 4096K, reserved 1048576K
}
Event: 101.654 GC heap before
{Heap before GC invocations=17 (full 2):
 PSYoungGen      total 25088K, used 24672K [0x00000000eab00000, 0x00000000ec680000, 0x0000000100000000)
  eden space 22016K, 100% used [0x00000000eab00000,0x00000000ec080000,0x00000000ec080000)
  from space 3072K, 86% used [0x00000000ec380000,0x00000000ec618010,0x00000000ec680000)
  to   space 3072K, 0% used [0x00000000ec080000,0x00000000ec080000,0x00000000ec380000)
 ParOldGen       total 68608K, used 21209K [0x00000000c0000000, 0x00000000c4300000, 0x00000000eab00000)
  object space 68608K, 30% used [0x00000000c0000000,0x00000000c14b6518,0x00000000c4300000)
 Metaspace       used 38311K, committed 38976K, reserved 1114112K
  class space    used 3853K, committed 4160K, reserved 1048576K
}
Event: 101.802 GC heap after
{Heap after GC invocations=17 (full 2):
 PSYoungGen      total 25088K, used 3044K [0x00000000eab00000, 0x00000000ece80000, 0x0000000100000000)
  eden space 22016K, 0% used [0x00000000eab00000,0x00000000eab00000,0x00000000ec080000)
  from space 3072K, 99% used [0x00000000ec080000,0x00000000ec379000,0x00000000ec380000)
  to   space 7168K, 0% used [0x00000000ec780000,0x00000000ec780000,0x00000000ece80000)
 ParOldGen       total 68608K, used 24657K [0x00000000c0000000, 0x00000000c4300000, 0x00000000eab00000)
  object space 68608K, 35% used [0x00000000c0000000,0x00000000c1814528,0x00000000c4300000)
 Metaspace       used 38311K, committed 38976K, reserved 1114112K
  class space    used 3853K, committed 4160K, reserved 1048576K
}

Dll operation events (10 events):
Event: 0.026 Loaded shared library c:\Users\HP\.vscode\extensions\redhat.java-1.29.0-win32-x64\jre\17.0.10-win32-x86_64\bin\java.dll
Event: 0.951 Loaded shared library c:\Users\HP\.vscode\extensions\redhat.java-1.29.0-win32-x64\jre\17.0.10-win32-x86_64\bin\zip.dll
Event: 0.979 Loaded shared library C:\Users\HP\.vscode\extensions\redhat.java-1.29.0-win32-x64\jre\17.0.10-win32-x86_64\bin\instrument.dll
Event: 1.140 Loaded shared library C:\Users\HP\.vscode\extensions\redhat.java-1.29.0-win32-x64\jre\17.0.10-win32-x86_64\bin\net.dll
Event: 1.218 Loaded shared library C:\Users\HP\.vscode\extensions\redhat.java-1.29.0-win32-x64\jre\17.0.10-win32-x86_64\bin\nio.dll
Event: 1.258 Loaded shared library C:\Users\HP\.vscode\extensions\redhat.java-1.29.0-win32-x64\jre\17.0.10-win32-x86_64\bin\zip.dll
Event: 1.443 Loaded shared library C:\Users\HP\.vscode\extensions\redhat.java-1.29.0-win32-x64\jre\17.0.10-win32-x86_64\bin\jimage.dll
Event: 1.864 Loaded shared library c:\Users\HP\.vscode\extensions\redhat.java-1.29.0-win32-x64\jre\17.0.10-win32-x86_64\bin\verify.dll
Event: 7.340 Loaded shared library C:\Users\HP\AppData\Roaming\Code\User\globalStorage\redhat.java\1.29.0\config_ss_win\org.eclipse.equinox.launcher\org.eclipse.equinox.launcher.win32.win32.x86_64_1.2.900.v20240213-1244\eclipse_11900.dll
Event: 18.313 Loaded shared library C:\Users\HP\AppData\Local\Temp\jna-2312\jna14309856384008761666.dll

Deoptimization events (20 events):
Event: 98.941 Thread 0x000001c3f2c7f4a0 DEOPT PACKING pc=0x000001c3e3357624 sp=0x00000033ad2fed40
Event: 98.941 Thread 0x000001c3f2c7f4a0 DEOPT UNPACKING pc=0x000001c3e2d766a3 sp=0x00000033ad2fece8 mode 2
Event: 99.207 Thread 0x000001c3f2c7f4a0 Uncommon trap: trap_request=0xffffff45 fr.pc=0x000001c3e34247d0 relative=0x00000000000001b0
Event: 99.207 Thread 0x000001c3f2c7f4a0 Uncommon trap: reason=unstable_if action=reinterpret pc=0x000001c3e34247d0 method=jdk.internal.org.objectweb.asm.Frame.push(I)V @ 26 c2
Event: 99.207 Thread 0x000001c3f2c7f4a0 DEOPT PACKING pc=0x000001c3e34247d0 sp=0x00000033ad2fd390
Event: 99.207 Thread 0x000001c3f2c7f4a0 DEOPT UNPACKING pc=0x000001c3e2d766a3 sp=0x00000033ad2fd318 mode 2
Event: 102.299 Thread 0x000001c3f2c7e570 Uncommon trap: trap_request=0xffffffde fr.pc=0x000001c3e3471f24 relative=0x0000000000000084
Event: 102.299 Thread 0x000001c3f2c7e570 Uncommon trap: reason=class_check action=maybe_recompile pc=0x000001c3e3471f24 method=java.util.Spliterators$1Adapter.hasNext()Z @ 12 c2
Event: 102.299 Thread 0x000001c3f2c7e570 DEOPT PACKING pc=0x000001c3e3471f24 sp=0x00000033ad5fe400
Event: 102.300 Thread 0x000001c3f2c7e570 DEOPT UNPACKING pc=0x000001c3e2d766a3 sp=0x00000033ad5fe398 mode 2
Event: 102.380 Thread 0x000001c3f2c7e570 Uncommon trap: trap_request=0xffffff45 fr.pc=0x000001c3e3335d70 relative=0x00000000000004b0
Event: 102.380 Thread 0x000001c3f2c7e570 Uncommon trap: reason=unstable_if action=reinterpret pc=0x000001c3e3335d70 method=java.util.HashMap$HashIterator.<init>(Ljava/util/HashMap;)V @ 45 c2
Event: 102.380 Thread 0x000001c3f2c7e570 DEOPT PACKING pc=0x000001c3e3335d70 sp=0x00000033ad5fe950
Event: 102.380 Thread 0x000001c3f2c7e570 DEOPT UNPACKING pc=0x000001c3e2d766a3 sp=0x00000033ad5fe7c0 mode 2
Event: 102.454 Thread 0x000001c3f2c7e570 Uncommon trap: trap_request=0xffffff45 fr.pc=0x000001c3e333549c relative=0x00000000000002fc
Event: 102.454 Thread 0x000001c3f2c7e570 Uncommon trap: reason=unstable_if action=reinterpret pc=0x000001c3e333549c method=java.util.HashMap$HashIterator.<init>(Ljava/util/HashMap;)V @ 45 c2
Event: 102.454 Thread 0x000001c3f2c7e570 DEOPT PACKING pc=0x000001c3e333549c sp=0x00000033ad5fe4a0
Event: 102.454 Thread 0x000001c3f2c7e570 DEOPT UNPACKING pc=0x000001c3e2d766a3 sp=0x00000033ad5fe370 mode 2
Event: 102.721 Thread 0x000001c3f2c7e570 DEOPT PACKING pc=0x000001c3dbb1a988 sp=0x00000033ad5fe350
Event: 102.721 Thread 0x000001c3f2c7e570 DEOPT UNPACKING pc=0x000001c3e2d76e43 sp=0x00000033ad5fd858 mode 0

Classes unloaded (7 events):
Event: 10.803 Thread 0x000001c3ed057770 Unloading class 0x000000010021a400 'java/lang/invoke/LambdaForm$MH+0x000000010021a400'
Event: 10.803 Thread 0x000001c3ed057770 Unloading class 0x000000010021a000 'java/lang/invoke/LambdaForm$MH+0x000000010021a000'
Event: 10.803 Thread 0x000001c3ed057770 Unloading class 0x0000000100219c00 'java/lang/invoke/LambdaForm$MH+0x0000000100219c00'
Event: 10.803 Thread 0x000001c3ed057770 Unloading class 0x0000000100219800 'java/lang/invoke/LambdaForm$MH+0x0000000100219800'
Event: 10.803 Thread 0x000001c3ed057770 Unloading class 0x0000000100219400 'java/lang/invoke/LambdaForm$BMH+0x0000000100219400'
Event: 10.803 Thread 0x000001c3ed057770 Unloading class 0x0000000100219000 'java/lang/invoke/LambdaForm$DMH+0x0000000100219000'
Event: 10.803 Thread 0x000001c3ed057770 Unloading class 0x0000000100214400 'java/lang/invoke/LambdaForm$DMH+0x0000000100214400'

Classes redefined (0 events):
No events

Internal exceptions (20 events):
Event: 18.737 Thread 0x000001c3d738e360 Exception <a 'java/lang/NoSuchMethodError'{0x00000000ebbc6f50}: 'java.lang.Object java.lang.invoke.DirectMethodHandle$Holder.invokeStatic(java.lang.Object, java.lang.Object, long, java.lang.Object)'> (0x00000000ebbc6f50) 
thrown [s\src\hotspot\share\interpreter\linkResolver.cpp, line 759]
Event: 18.738 Thread 0x000001c3d738e360 Exception <a 'java/lang/NoSuchMethodError'{0x00000000ebbd1c18}: 'java.lang.Object java.lang.invoke.DirectMethodHandle$Holder.invokeStaticInit(java.lang.Object, java.lang.Object, long, java.lang.Object)'> (0x00000000ebbd1c18) 
thrown [s\src\hotspot\share\interpreter\linkResolver.cpp, line 759]
Event: 18.739 Thread 0x000001c3d738e360 Exception <a 'java/lang/NoSuchMethodError'{0x00000000ebbd8228}: 'java.lang.Object java.lang.invoke.DirectMethodHandle$Holder.newInvokeSpecial(java.lang.Object, java.lang.Object, long)'> (0x00000000ebbd8228) 
thrown [s\src\hotspot\share\interpreter\linkResolver.cpp, line 759]
Event: 18.858 Thread 0x000001c3d738e360 Exception <a 'java/lang/NoSuchMethodError'{0x00000000ebda6980}: 'void java.lang.invoke.DirectMethodHandle$Holder.invokeStatic(java.lang.Object, java.lang.Object, java.lang.Object, java.lang.Object)'> (0x00000000ebda6980) 
thrown [s\src\hotspot\share\interpreter\linkResolver.cpp, line 759]
Event: 19.501 Thread 0x000001c3d738e360 Exception <a 'java/lang/NoSuchMethodError'{0x00000000eaefcb80}: 'void java.lang.invoke.DirectMethodHandle$Holder.invokeSpecial(java.lang.Object, java.lang.Object, java.lang.Object, java.lang.Object, java.lang.Object, java.lang.Object)'> (0x00000000eaefcb80) 
thrown [s\src\hotspot\share\interpreter\linkResolver.cpp, line 759]
Event: 19.508 Thread 0x000001c3d738e360 Exception <a 'java/lang/IncompatibleClassChangeError'{0x00000000eaf065c8}: Found class java.lang.Object, but interface was expected> (0x00000000eaf065c8) 
thrown [s\src\hotspot\share\interpreter\linkResolver.cpp, line 826]
Event: 20.189 Thread 0x000001c3f2c808e0 Exception <a 'java/io/FileNotFoundException'{0x00000000eadf1300}> (0x00000000eadf1300) 
thrown [s\src\hotspot\share\prims\jni.cpp, line 516]
Event: 20.518 Thread 0x000001c3f2c7f4a0 Exception <a 'java/io/FileNotFoundException'{0x00000000eb3f8c80}> (0x00000000eb3f8c80) 
thrown [s\src\hotspot\share\prims\jni.cpp, line 516]
Event: 20.518 Thread 0x000001c3f2c7f4a0 Exception <a 'java/io/FileNotFoundException'{0x00000000eb3f9c50}> (0x00000000eb3f9c50) 
thrown [s\src\hotspot\share\prims\jni.cpp, line 516]
Event: 20.519 Thread 0x000001c3f2c7f4a0 Exception <a 'java/io/FileNotFoundException'{0x00000000eb3fabe0}> (0x00000000eb3fabe0) 
thrown [s\src\hotspot\share\prims\jni.cpp, line 516]
Event: 20.522 Thread 0x000001c3f2c808e0 Exception <a 'sun/nio/fs/WindowsException'{0x00000000eb2949f0}> (0x00000000eb2949f0) 
thrown [s\src\hotspot\share\prims\jni.cpp, line 516]
Event: 20.722 Thread 0x000001c3f2c7fec0 Exception <a 'java/lang/NoSuchMethodError'{0x00000000eb7c2128}: 'java.lang.Object java.lang.invoke.Invokers$Holder.invoke_MT(java.lang.Object, java.lang.Object, java.lang.Object)'> (0x00000000eb7c2128) 
thrown [s\src\hotspot\share\interpreter\linkResolver.cpp, line 759]
Event: 20.818 Thread 0x000001c3f2c808e0 Exception <a 'java/lang/NoSuchMethodError'{0x00000000eba6d118}: 'int java.lang.invoke.DirectMethodHandle$Holder.invokeVirtual(java.lang.Object, java.lang.Object)'> (0x00000000eba6d118) 
thrown [s\src\hotspot\share\interpreter\linkResolver.cpp, line 759]
Event: 21.840 Thread 0x000001c3f2c7fec0 Exception <a 'java/io/FileNotFoundException'{0x00000000eb82d6c8}> (0x00000000eb82d6c8) 
thrown [s\src\hotspot\share\prims\jni.cpp, line 516]
Event: 21.841 Thread 0x000001c3f2c7fec0 Exception <a 'java/io/FileNotFoundException'{0x00000000eb82ebd8}> (0x00000000eb82ebd8) 
thrown [s\src\hotspot\share\prims\jni.cpp, line 516]
Event: 21.844 Thread 0x000001c3f2c7fec0 Exception <a 'java/lang/NoSuchMethodError'{0x00000000eb840918}: 'void java.lang.invoke.DirectMethodHandle$Holder.invokeStaticInit(java.lang.Object, java.lang.Object, java.lang.Object)'> (0x00000000eb840918) 
thrown [s\src\hotspot\share\interpreter\linkResolver.cpp, line 759]
Event: 99.277 Thread 0x000001c3f2c7f4a0 Exception <a 'java/lang/NoSuchMethodError'{0x00000000ebf5e4f0}: 'java.lang.Object java.lang.invoke.DirectMethodHandle$Holder.newInvokeSpecial(java.lang.Object, java.lang.Object, java.lang.Object, java.lang.Object, java.lang.Object, java.lang.Object, java.lang.Object, java.lang.Object, java.lang.Object, java.lang.Object)'> (0x00000000ebf5e4f0) 
thrown [s\src\hotspot\share\interpreter\linkResolver.cpp, line 759]
Event: 99.288 Thread 0x000001c3f2c7f4a0 Exception <a 'java/lang/NoSuchMethodError'{0x00000000ebf63420}: 'java.lang.Object java.lang.invoke.DirectMethodHandle$Holder.invokeSpecial(java.lang.Object, java.lang.Object, java.lang.Object, java.lang.Object, java.lang.Object, java.lang.Object, java.lang.Object, java.lang.Object, java.lang.Object, java.lang.Object, java.lang.Object)'> (0x00000000ebf63420) 
thrown [s\src\hotspot\share\interpreter\linkResolver.cpp, line 759]
Event: 99.289 Thread 0x000001c3f2c7f4a0 Exception <a 'java/lang/NoSuchMethodError'{0x00000000ebf67bf0}: 'java.lang.Object java.lang.invoke.Invokers$Holder.linkToTargetMethod(java.lang.Object, java.lang.Object, java.lang.Object, java.lang.Object, java.lang.Object, java.lang.Object, java.lang.Object, java.lang.Object, java.lang.Object, java.lang.Object)'> (0x00000000ebf67bf0) 
thrown [s\src\hotspot\share\interpreter\linkResolver.cpp, line 759]
Event: 100.033 Thread 0x000001c3f2c7f4a0 Exception <a 'sun/nio/fs/WindowsException'{0x00000000ec00c080}> (0x00000000ec00c080) 
thrown [s\src\hotspot\share\prims\jni.cpp, line 516]

VM Operations (20 events):
Event: 23.138 Executing VM operation: ParallelGCFailedAllocation
Event: 23.145 Executing VM operation: ParallelGCFailedAllocation done
Event: 24.150 Executing VM operation: Cleanup
Event: 24.150 Executing VM operation: Cleanup done
Event: 60.127 Executing VM operation: HandshakeAllThreads
Event: 60.171 Executing VM operation: HandshakeAllThreads done
Event: 91.441 Executing VM operation: Cleanup
Event: 92.709 Executing VM operation: Cleanup done
Event: 93.718 Executing VM operation: Cleanup
Event: 93.734 Executing VM operation: Cleanup done
Event: 97.798 Executing VM operation: Cleanup
Event: 97.816 Executing VM operation: Cleanup done
Event: 98.830 Executing VM operation: Cleanup
Event: 98.847 Executing VM operation: Cleanup done
Event: 99.888 Executing VM operation: Cleanup
Event: 99.888 Executing VM operation: Cleanup done
Event: 100.896 Executing VM operation: Cleanup
Event: 100.896 Executing VM operation: Cleanup done
Event: 101.654 Executing VM operation: ParallelGCFailedAllocation
Event: 101.803 Executing VM operation: ParallelGCFailedAllocation done

Events (20 events):
Event: 98.647 loading class java/util/function/LongFunction done
Event: 98.650 loading class java/util/stream/Nodes$ConcNode
Event: 98.651 loading class java/util/stream/Nodes$AbstractConcNode
Event: 98.654 loading class java/util/stream/Nodes$AbstractConcNode done
Event: 98.654 loading class java/util/stream/Nodes$ConcNode done
Event: 98.662 Thread 0x000001c3f34f1230 Thread added: 0x000001c3f34f1230
Event: 98.681 loading class java/util/stream/Nodes$ToArrayTask$OfRef
Event: 98.696 loading class java/util/stream/Nodes$ToArrayTask
Event: 98.697 loading class java/util/stream/Nodes$ToArrayTask done
Event: 98.698 loading class java/util/stream/Nodes$ToArrayTask$OfRef done
Event: 98.718 Thread 0x000001c3f34f1230 Thread exited: 0x000001c3f34f1230
Event: 98.723 Thread 0x000001c3f2c7e570 Thread exited: 0x000001c3f2c7e570
Event: 99.366 Thread 0x000001c3f2c7e570 Thread added: 0x000001c3f2c7e570
Event: 99.386 Thread 0x000001c3f37c94d0 Thread added: 0x000001c3f37c94d0
Event: 99.721 Thread 0x000001c3f2c7e570 Thread exited: 0x000001c3f2c7e570
Event: 99.721 Thread 0x000001c3f37c94d0 Thread exited: 0x000001c3f37c94d0
Event: 101.408 Thread 0x000001c3f2c7e570 Thread added: 0x000001c3f2c7e570
Event: 102.370 loading class java/util/Hashtable$KeySet
Event: 102.370 loading class java/util/Hashtable$KeySet done
Event: 102.433 Thread 0x000001c3f2cf9800 Thread added: 0x000001c3f2cf9800


Dynamic libraries:
0x00007ff6a8ed0000 - 0x00007ff6a8ede000 	c:\Users\HP\.vscode\extensions\redhat.java-1.29.0-win32-x64\jre\17.0.10-win32-x86_64\bin\java.exe
0x00007ffe9e4b0000 - 0x00007ffe9e6c6000 	C:\WINDOWS\SYSTEM32\ntdll.dll
0x00007ffe9d220000 - 0x00007ffe9d2e4000 	C:\WINDOWS\System32\KERNEL32.DLL
0x00007ffe9b820000 - 0x00007ffe9bbc6000 	C:\WINDOWS\System32\KERNELBASE.dll
0x00007ffe9bbd0000 - 0x00007ffe9bce1000 	C:\WINDOWS\System32\ucrtbase.dll
0x00007ffe43610000 - 0x00007ffe43627000 	c:\Users\HP\.vscode\extensions\redhat.java-1.29.0-win32-x64\jre\17.0.10-win32-x86_64\bin\jli.dll
0x00007ffe9d070000 - 0x00007ffe9d21d000 	C:\WINDOWS\System32\USER32.dll
0x00007ffe9b7f0000 - 0x00007ffe9b816000 	C:\WINDOWS\System32\win32u.dll
0x00007ffe9d6f0000 - 0x00007ffe9d719000 	C:\WINDOWS\System32\GDI32.dll
0x00007ffe9be60000 - 0x00007ffe9bf78000 	C:\WINDOWS\System32\gdi32full.dll
0x00007ffe9bf80000 - 0x00007ffe9c01a000 	C:\WINDOWS\System32\msvcp_win.dll
0x00007ffe34c50000 - 0x00007ffe34c6b000 	c:\Users\HP\.vscode\extensions\redhat.java-1.29.0-win32-x64\jre\17.0.10-win32-x86_64\bin\VCRUNTIME140.dll
0x00007ffe83e20000 - 0x00007ffe840b3000 	C:\WINDOWS\WinSxS\amd64_microsoft.windows.common-controls_6595b64144ccf1df_6.0.22621.3235_none_270f74e173860f98\COMCTL32.dll
0x00007ffe9d740000 - 0x00007ffe9d7e7000 	C:\WINDOWS\System32\msvcrt.dll
0x00007ffe9d7f0000 - 0x00007ffe9d821000 	C:\WINDOWS\System32\IMM32.DLL
0x00007ffe8ad80000 - 0x00007ffe8ad8c000 	c:\Users\HP\.vscode\extensions\redhat.java-1.29.0-win32-x64\jre\17.0.10-win32-x86_64\bin\vcruntime140_1.dll
0x00007ffe16850000 - 0x00007ffe168dd000 	c:\Users\HP\.vscode\extensions\redhat.java-1.29.0-win32-x64\jre\17.0.10-win32-x86_64\bin\msvcp140.dll
0x00007ffe11a40000 - 0x00007ffe126a2000 	c:\Users\HP\.vscode\extensions\redhat.java-1.29.0-win32-x64\jre\17.0.10-win32-x86_64\bin\server\jvm.dll
0x00007ffe9c6f0000 - 0x00007ffe9c7a2000 	C:\WINDOWS\System32\ADVAPI32.dll
0x00007ffe9d3d0000 - 0x00007ffe9d478000 	C:\WINDOWS\System32\sechost.dll
0x00007ffe9bdb0000 - 0x00007ffe9bdd8000 	C:\WINDOWS\System32\bcrypt.dll
0x00007ffe9c7b0000 - 0x00007ffe9c8c5000 	C:\WINDOWS\System32\RPCRT4.dll
0x00007ffe9a640000 - 0x00007ffe9a68d000 	C:\WINDOWS\SYSTEM32\POWRPROF.dll
0x00007ffe75450000 - 0x00007ffe75459000 	C:\WINDOWS\SYSTEM32\WSOCK32.dll
0x00007ffe9c590000 - 0x00007ffe9c601000 	C:\WINDOWS\System32\WS2_32.dll
0x00007ffe935d0000 - 0x00007ffe93604000 	C:\WINDOWS\SYSTEM32\WINMM.dll
0x00007ffe92470000 - 0x00007ffe9247a000 	C:\WINDOWS\SYSTEM32\VERSION.dll
0x00007ffe9a620000 - 0x00007ffe9a633000 	C:\WINDOWS\SYSTEM32\UMPDC.dll
0x00007ffe9a8e0000 - 0x00007ffe9a8f8000 	C:\WINDOWS\SYSTEM32\kernel.appcore.dll
0x00007ffe7ed50000 - 0x00007ffe7ed5a000 	c:\Users\HP\.vscode\extensions\redhat.java-1.29.0-win32-x64\jre\17.0.10-win32-x86_64\bin\jimage.dll
0x00007ffe98dc0000 - 0x00007ffe98ff3000 	C:\WINDOWS\SYSTEM32\DBGHELP.DLL
0x00007ffe9c200000 - 0x00007ffe9c588000 	C:\WINDOWS\System32\combase.dll
0x00007ffe9d2f0000 - 0x00007ffe9d3c7000 	C:\WINDOWS\System32\OLEAUT32.dll
0x00007ffe78e80000 - 0x00007ffe78eb2000 	C:\WINDOWS\SYSTEM32\dbgcore.DLL
0x00007ffe9bde0000 - 0x00007ffe9be5a000 	C:\WINDOWS\System32\bcryptPrimitives.dll
0x00007ffe7ec90000 - 0x00007ffe7ec9e000 	c:\Users\HP\.vscode\extensions\redhat.java-1.29.0-win32-x64\jre\17.0.10-win32-x86_64\bin\instrument.dll
0x00007ffe7a300000 - 0x00007ffe7a325000 	c:\Users\HP\.vscode\extensions\redhat.java-1.29.0-win32-x64\jre\17.0.10-win32-x86_64\bin\java.dll
0x00007ffe78950000 - 0x00007ffe78968000 	c:\Users\HP\.vscode\extensions\redhat.java-1.29.0-win32-x64\jre\17.0.10-win32-x86_64\bin\zip.dll
0x00007ffe9dc10000 - 0x00007ffe9e46d000 	C:\WINDOWS\System32\SHELL32.dll
0x00007ffe99710000 - 0x00007ffe9a008000 	C:\WINDOWS\SYSTEM32\windows.storage.dll
0x00007ffe995d0000 - 0x00007ffe9970e000 	C:\WINDOWS\SYSTEM32\wintypes.dll
0x00007ffe9d480000 - 0x00007ffe9d573000 	C:\WINDOWS\System32\SHCORE.dll
0x00007ffe9c8d0000 - 0x00007ffe9c92e000 	C:\WINDOWS\System32\shlwapi.dll
0x00007ffe9b720000 - 0x00007ffe9b746000 	C:\WINDOWS\SYSTEM32\profapi.dll
0x00007ffe58730000 - 0x00007ffe58749000 	C:\Users\HP\.vscode\extensions\redhat.java-1.29.0-win32-x64\jre\17.0.10-win32-x86_64\bin\net.dll
0x00007ffe924c0000 - 0x00007ffe925f7000 	C:\WINDOWS\SYSTEM32\WINHTTP.dll
0x00007ffe9ad60000 - 0x00007ffe9adc9000 	C:\WINDOWS\system32\mswsock.dll
0x00007ffe58710000 - 0x00007ffe58726000 	C:\Users\HP\.vscode\extensions\redhat.java-1.29.0-win32-x64\jre\17.0.10-win32-x86_64\bin\nio.dll
0x00007ffe7eb90000 - 0x00007ffe7eba0000 	c:\Users\HP\.vscode\extensions\redhat.java-1.29.0-win32-x64\jre\17.0.10-win32-x86_64\bin\verify.dll
0x00007ffe648c0000 - 0x00007ffe648fe000 	C:\Users\HP\AppData\Roaming\Code\User\globalStorage\redhat.java\1.29.0\config_ss_win\org.eclipse.equinox.launcher\org.eclipse.equinox.launcher.win32.win32.x86_64_1.2.900.v20240213-1244\eclipse_11900.dll
0x00007ffe9c940000 - 0x00007ffe9cadf000 	C:\WINDOWS\System32\ole32.dll
0x00007ffe9afd0000 - 0x00007ffe9afeb000 	C:\WINDOWS\SYSTEM32\CRYPTSP.dll
0x00007ffe9a840000 - 0x00007ffe9a875000 	C:\WINDOWS\system32\rsaenh.dll
0x00007ffe9ae70000 - 0x00007ffe9ae9c000 	C:\WINDOWS\SYSTEM32\USERENV.dll
0x00007ffe9aff0000 - 0x00007ffe9affc000 	C:\WINDOWS\SYSTEM32\CRYPTBASE.dll
0x00007ffe9a2e0000 - 0x00007ffe9a30d000 	C:\WINDOWS\SYSTEM32\IPHLPAPI.DLL
0x00007ffe9cb80000 - 0x00007ffe9cb89000 	C:\WINDOWS\System32\NSI.dll
0x00007ffe924a0000 - 0x00007ffe924b9000 	C:\WINDOWS\SYSTEM32\dhcpcsvc6.DLL
0x00007ffe92480000 - 0x00007ffe9249f000 	C:\WINDOWS\SYSTEM32\dhcpcsvc.DLL
0x00007ffe9a350000 - 0x00007ffe9a449000 	C:\WINDOWS\SYSTEM32\DNSAPI.dll
0x00007ffe5a830000 - 0x00007ffe5a875000 	C:\Users\HP\AppData\Local\Temp\jna-2312\jna14309856384008761666.dll
0x00007ffe9c930000 - 0x00007ffe9c938000 	C:\WINDOWS\System32\PSAPI.DLL

dbghelp: loaded successfully - version: 4.0.5 - missing functions: none
symbol engine: initialized successfully - sym options: 0x614 - pdb path: .;c:\Users\HP\.vscode\extensions\redhat.java-1.29.0-win32-x64\jre\17.0.10-win32-x86_64\bin;C:\WINDOWS\SYSTEM32;C:\WINDOWS\WinSxS\amd64_microsoft.windows.common-controls_6595b64144ccf1df_6.0.22621.3235_none_270f74e173860f98;c:\Users\HP\.vscode\extensions\redhat.java-1.29.0-win32-x64\jre\17.0.10-win32-x86_64\bin\server;C:\Users\HP\AppData\Roaming\Code\User\globalStorage\redhat.java\1.29.0\config_ss_win\org.eclipse.equinox.launcher\org.eclipse.equinox.launcher.win32.win32.x86_64_1.2.900.v20240213-1244;C:\Users\HP\AppData\Local\Temp\jna-2312

VM Arguments:
jvm_args: --add-modules=ALL-SYSTEM --add-opens=java.base/java.util=ALL-UNNAMED --add-opens=java.base/java.lang=ALL-UNNAMED --add-opens=java.base/sun.nio.fs=ALL-UNNAMED -Declipse.application=org.eclipse.jdt.ls.core.id1 -Dosgi.bundles.defaultStartLevel=4 -Declipse.product=org.eclipse.jdt.ls.core.product -Djava.import.generatesMetadataFilesAtProjectRoot=false -DDetectVMInstallationsJob.disabled=true -Dfile.encoding=utf8 -XX:+UseParallelGC -XX:GCTimeRatio=4 -XX:AdaptiveSizePolicyWeight=90 -Dsun.zip.disableMemoryMapping=true -Xmx1G -Xms100m -Xlog:disable -javaagent:c:\Users\HP\.vscode\extensions\redhat.java-1.29.0-win32-x64\lombok\lombok-1.18.32.jar 
java_command: c:\Users\HP\.vscode\extensions\redhat.java-1.29.0-win32-x64\server\plugins\org.eclipse.equinox.launcher_1.6.800.v20240304-1850.jar -configuration c:\Users\HP\AppData\Roaming\Code\User\globalStorage\redhat.java\1.29.0\config_ss_win -data c:\Users\HP\AppData\Roaming\Code\User\workspaceStorage\0d828789c167c72f6f5361a28a300af2\redhat.java\ss_ws --stdio
java_class_path (initial): c:\Users\HP\.vscode\extensions\redhat.java-1.29.0-win32-x64\server\plugins\org.eclipse.equinox.launcher_1.6.800.v20240304-1850.jar
Launcher Type: SUN_STANDARD

[Global flags]
    uintx AdaptiveSizePolicyWeight                 = 90                                        {product} {command line}
     intx CICompilerCount                          = 3                                         {product} {ergonomic}
    uintx GCTimeRatio                              = 4                                         {product} {command line}
   size_t InitialHeapSize                          = 104857600                                 {product} {command line}
   size_t MaxHeapSize                              = 1073741824                                {product} {command line}
   size_t MaxNewSize                               = 357564416                                 {product} {ergonomic}
   size_t MinHeapDeltaBytes                        = 524288                                    {product} {ergonomic}
   size_t MinHeapSize                              = 104857600                                 {product} {command line}
   size_t NewSize                                  = 34603008                                  {product} {ergonomic}
    uintx NonNMethodCodeHeapSize                   = 5832780                                {pd product} {ergonomic}
    uintx NonProfiledCodeHeapSize                  = 122912730                              {pd product} {ergonomic}
   size_t OldSize                                  = 70254592                                  {product} {ergonomic}
    uintx ProfiledCodeHeapSize                     = 122912730                              {pd product} {ergonomic}
    uintx ReservedCodeCacheSize                    = 251658240                              {pd product} {ergonomic}
     bool SegmentedCodeCache                       = true                                      {product} {ergonomic}
   size_t SoftMaxHeapSize                          = 1073741824                             {manageable} {ergonomic}
     bool UseCompressedClassPointers               = true                           {product lp64_product} {ergonomic}
     bool UseCompressedOops                        = true                           {product lp64_product} {ergonomic}
     bool UseLargePagesIndividualAllocation        = false                                  {pd product} {ergonomic}
     bool UseParallelGC                            = true                                      {product} {command line}

Logging:
Log output configuration:
 #0: stdout all=off uptime,level,tags
 #1: stderr all=off uptime,level,tags

Environment Variables:
JAVA_HOME=D:\APAP JAVA\Java\jdk-17
PATH=C:\Python312\Scripts\;C:\Python312\;C:\Program Files\Common Files\Oracle\Java\javapath;C:\Program Files (x86)\Common Files\Oracle\Java\javapath;C:\WINDOWS\system32;C:\WINDOWS;C:\WINDOWS\System32\Wbem;C:\WINDOWS\System32\WindowsPowerShell\v1.0\;C:\WINDOWS\System32\OpenSSH\;C:\Users\Ron\AppData\Local\Programs\Python\Python39;C:\Users\Ron\AppData\Local\Programs\Python\Python39\Scripts;C:\Users\HP\AppData\Local\Programs\Python\Python310\;C:\Users\HP\AppData\Local\Programs\Python\Python310\\Scripts;D:\PuTTY\;D:\Git\cmd;C:\Program Files\Docker\Docker\resources\bin;D:\APAP JAVA\Java\jdk-17\bin;D:\NODE JS\;C:\ProgramData\chocolatey\bin;C:\Users\HP\AppData\Local\Programs\Python\Python310\Scripts\;C:\Users\HP\AppData\Local\Programs\Python\Python310\;C:\Users\Ron\AppData\Local\Programs\Python\Python39;C:\Users\Ron\AppData\Local\Programs\Python\Python39\Scripts;C:\Users\HP\AppData\Local\Programs\Microsoft VS Code\bin;C:\Users\HP\Documents\COOLYEAH\Semester 3\PBP\FLUTTER\bin;C:\Users\HP\Documents\COOLYEAH\Semester 3\PBP\FLUTTER\flutter\bin;C:\Users\HP\AppData\Local\Microsoft\WindowsApps;D:\FLUTTER\bin;C:\Users\HP\AppData\Roaming\npm
USERNAME=HP
OS=Windows_NT
PROCESSOR_IDENTIFIER=Intel64 Family 6 Model 142 Stepping 12, GenuineIntel
TMP=C:\Users\HP\AppData\Local\Temp
TEMP=C:\Users\HP\AppData\Local\Temp



Periodic native trim disabled


---------------  S Y S T E M  ---------------

OS:
 Windows 11 , 64 bit Build 22621 (10.0.22621.3235)
OS uptime: 3 days 19:25 hours
Hyper-V role detected

CPU: total 4 (initial active 4) (2 cores per cpu, 2 threads per core) family 6 model 142 stepping 12 microcode 0xec, cx8, cmov, fxsr, ht, mmx, 3dnowpref, sse, sse2, sse3, ssse3, sse4.1, sse4.2, popcnt, lzcnt, tsc, tscinvbit, avx, avx2, aes, erms, clmul, bmi1, bmi2, adx, fma, vzeroupper, clflush, clflushopt, hv
Processor Information for all 4 processors :
  Max Mhz: 2592, Current Mhz: 2093, Mhz Limit: 2073

Memory: 4k page, system-wide physical 3919M (16M free)
TotalPageFile size 15695M (AvailPageFile size 0M)
current process WorkingSet (physical memory assigned to process): 92M, peak: 135M
current process commit charge ("private bytes"): 238M, peak: 239M

vm_info: OpenJDK 64-Bit Server VM (17.0.10+7) for windows-amd64 JRE (17.0.10+7), built on Jan 16 2024 23:25:11 by "admin" with MS VC++ 16.10 / 16.11 (VS2019)

END.
