#
# There is insufficient memory for the Java Runtime Environment to continue.
# Native memory allocation (malloc) failed to allocate 32744 bytes for ChunkPool::allocate
# Possible reasons:
#   The system is out of physical RAM or swap space
#   The process is running with CompressedOops enabled, and the Java Heap may be blocking the growth of the native heap
# Possible solutions:
#   Reduce memory load on the system
#   Increase physical memory or swap space
#   Check if swap backing store is full
#   Decrease Java heap size (-Xmx/-Xms)
#   Decrease number of Java threads
#   Decrease Java thread stack sizes (-Xss)
#   Set larger code cache with -XX:ReservedCodeCacheSize=
#   JVM is running with Unscaled Compressed Oops mode in which the Java heap is
#     placed in the first 4GB address space. The Java Heap base address is the
#     maximum limit for the native heap growth. Please use -XX:HeapBaseMinAddress
#     to set the Java Heap base and to place the Java Heap above 4GB virtual address.
# This output file may be truncated or incomplete.
#
#  Out of Memory Error (arena.cpp:78), pid=17364, tid=10364
#
# JRE version: Java(TM) SE Runtime Environment (17.0.8+9) (build 17.0.8+9-LTS-211)
# Java VM: Java HotSpot(TM) 64-Bit Server VM (17.0.8+9-LTS-211, mixed mode, sharing, tiered, compressed oops, compressed class ptrs, g1 gc, windows-amd64)
# No core dump will be written. Minidumps are not enabled by default on client versions of Windows
#

---------------  S U M M A R Y ------------

Command Line: -Xmx64m -Xms64m -Dorg.gradle.appname=gradlew org.gradle.wrapper.GradleWrapperMain bootRun

Host: Intel(R) Core(TM) i3-10110U CPU @ 2.10GHz, 4 cores, 3G,  Windows 11 , 64 bit Build 22621 (10.0.22621.3235)
Time: Sun Apr  7 20:21:24 2024 SE Asia Standard Time elapsed time: 0.795607 seconds (0d 0h 0m 0s)

---------------  T H R E A D  ---------------

Current thread (0x0000027444c59d70):  JavaThread "C1 CompilerThread0" daemon [_thread_in_native, id=10364, stack(0x000000d3f5700000,0x000000d3f5800000)]


Current CompileTask:
C1:    795  716   !   3       java.util.concurrent.ConcurrentHashMap::computeIfAbsent (576 bytes)

Stack: [0x000000d3f5700000,0x000000d3f5800000]
Native frames: (J=compiled Java code, j=interpreted, Vv=VM code, C=native code)
V  [jvm.dll+0x677d0a]
V  [jvm.dll+0x7d8c54]
V  [jvm.dll+0x7da3fe]
V  [jvm.dll+0x7daa63]
V  [jvm.dll+0x245c5f]
V  [jvm.dll+0xaacc0]
V  [jvm.dll+0xab00c]
V  [jvm.dll+0x174c8a]
V  [jvm.dll+0x17afc3]
V  [jvm.dll+0x17dc3e]
V  [jvm.dll+0x17e247]
V  [jvm.dll+0x17e0d0]
V  [jvm.dll+0x1764e5]
V  [jvm.dll+0x17545e]
V  [jvm.dll+0x17ed3b]
V  [jvm.dll+0x1766b8]
V  [jvm.dll+0x179def]
V  [jvm.dll+0x134d83]
V  [jvm.dll+0x13468f]
V  [jvm.dll+0x1348c8]
V  [jvm.dll+0x133d61]
V  [jvm.dll+0x135a0d]
V  [jvm.dll+0x2270be]
V  [jvm.dll+0x22535b]
V  [jvm.dll+0x78e7bc]
V  [jvm.dll+0x788bba]
V  [jvm.dll+0x676b35]
C  [ucrtbase.dll+0x29363]
C  [KERNEL32.DLL+0x1257d]
C  [ntdll.dll+0x5aa58]


---------------  P R O C E S S  ---------------

Threads class SMR info:
_java_thread_list=0x000002748a0184b0, length=12, elements={
0x0000027429b89fa0, 0x0000027444c3a7a0, 0x0000027444c3b610, 0x0000027444c4f4e0,
0x0000027444c51db0, 0x0000027444c52760, 0x0000027444c53110, 0x0000027444c562b0,
0x0000027444c59d70, 0x0000027444c7a060, 0x000002748a041b80, 0x000002748a045a60
}

Java Threads: ( => current thread )
  0x0000027429b89fa0 JavaThread "main" [_thread_in_Java, id=17780, stack(0x000000d3f4900000,0x000000d3f4a00000)]
  0x0000027444c3a7a0 JavaThread "Reference Handler" daemon [_thread_blocked, id=24952, stack(0x000000d3f5000000,0x000000d3f5100000)]
  0x0000027444c3b610 JavaThread "Finalizer" daemon [_thread_blocked, id=22284, stack(0x000000d3f5100000,0x000000d3f5200000)]
  0x0000027444c4f4e0 JavaThread "Signal Dispatcher" daemon [_thread_blocked, id=13956, stack(0x000000d3f5200000,0x000000d3f5300000)]
  0x0000027444c51db0 JavaThread "Attach Listener" daemon [_thread_blocked, id=16896, stack(0x000000d3f5300000,0x000000d3f5400000)]
  0x0000027444c52760 JavaThread "Service Thread" daemon [_thread_blocked, id=16264, stack(0x000000d3f5400000,0x000000d3f5500000)]
  0x0000027444c53110 JavaThread "Monitor Deflation Thread" daemon [_thread_blocked, id=19748, stack(0x000000d3f5500000,0x000000d3f5600000)]
  0x0000027444c562b0 JavaThread "C2 CompilerThread0" daemon [_thread_blocked, id=26040, stack(0x000000d3f5600000,0x000000d3f5700000)]
=>0x0000027444c59d70 JavaThread "C1 CompilerThread0" daemon [_thread_in_native, id=10364, stack(0x000000d3f5700000,0x000000d3f5800000)]
  0x0000027444c7a060 JavaThread "Sweeper thread" daemon [_thread_blocked, id=25856, stack(0x000000d3f5800000,0x000000d3f5900000)]
  0x000002748a041b80 JavaThread "Notification Thread" daemon [_thread_blocked, id=3804, stack(0x000000d3f5900000,0x000000d3f5a00000)]
  0x000002748a045a60 JavaThread "Common-Cleaner" daemon [_thread_blocked, id=9568, stack(0x000000d3f5b00000,0x000000d3f5c00000)]

Other Threads:
  0x0000027444c33790 VMThread "VM Thread" [stack: 0x000000d3f4f00000,0x000000d3f5000000] [id=12360]
  0x000002742bd7b940 WatcherThread [stack: 0x000000d3f5a00000,0x000000d3f5b00000] [id=25468]
  0x000002742bd73a40 GCTaskThread "GC Thread#0" [stack: 0x000000d3f4a00000,0x000000d3f4b00000] [id=17092]
  0x000002748a3f5d60 GCTaskThread "GC Thread#1" [stack: 0x000000d3f5c00000,0x000000d3f5d00000] [id=22152]
  0x000002748a536f90 GCTaskThread "GC Thread#2" [stack: 0x000000d3f5d00000,0x000000d3f5e00000] [id=22724]
  0x000002748a379af0 GCTaskThread "GC Thread#3" [stack: 0x000000d3f5e00000,0x000000d3f5f00000] [id=2796]
  0x000002742bd75180 ConcurrentGCThread "G1 Main Marker" [stack: 0x000000d3f4b00000,0x000000d3f4c00000] [id=14152]
  0x000002742bd75b90 ConcurrentGCThread "G1 Conc#0" [stack: 0x000000d3f4c00000,0x000000d3f4d00000] [id=19092]
  0x000002742bdc5a10 ConcurrentGCThread "G1 Refine#0" [stack: 0x000000d3f4d00000,0x000000d3f4e00000] [id=11576]
  0x000002742bdc6430 ConcurrentGCThread "G1 Service" [stack: 0x000000d3f4e00000,0x000000d3f4f00000] [id=1804]

Threads with active compile tasks:
C1 CompilerThread0      845  716   !   3       java.util.concurrent.ConcurrentHashMap::computeIfAbsent (576 bytes)

VM state: not at safepoint (normal execution)

VM Mutex/Monitor currently owned by a thread: None

Heap address: 0x00000000fc000000, size: 64 MB, Compressed Oops mode: 32-bit

CDS archive(s) mapped at: [0x0000027445000000-0x0000027445bd0000-0x0000027445bd0000), size 12386304, SharedBaseAddress: 0x0000027445000000, ArchiveRelocationMode: 1.
Compressed class space mapped at: 0x0000027446000000-0x0000027486000000, reserved size: 1073741824
Narrow klass base: 0x0000027445000000, Narrow klass shift: 0, Narrow klass range: 0x100000000

GC Precious Log:
 CPUs: 4 total, 4 available
 Memory: 3919M
 Large Page Support: Disabled
 NUMA Support: Disabled
 Compressed Oops: Enabled (32-bit)
 Heap Region Size: 1M
 Heap Min Capacity: 64M
 Heap Initial Capacity: 64M
 Heap Max Capacity: 64M
 Pre-touch: Disabled
 Parallel Workers: 4
 Concurrent Workers: 1
 Concurrent Refinement Workers: 4
 Periodic GC: Disabled

Heap:
 garbage-first heap   total 65536K, used 12660K [0x00000000fc000000, 0x0000000100000000)
  region size 1024K, 9 young (9216K), 2 survivors (2048K)
 Metaspace       used 2626K, committed 2880K, reserved 1114112K
  class space    used 279K, committed 384K, reserved 1048576K

Heap Regions: E=young(eden), S=young(survivor), O=old, HS=humongous(starts), HC=humongous(continues), CS=collection set, F=free, OA=open archive, CA=closed archive, TAMS=top-at-mark-start (previous, next)
|   0|0x00000000fc000000, 0x00000000fc100000, 0x00000000fc100000|100%| O|  |TAMS 0x00000000fc000000, 0x00000000fc000000| Untracked 
|   1|0x00000000fc100000, 0x00000000fc15d200, 0x00000000fc200000| 36%| O|  |TAMS 0x00000000fc100000, 0x00000000fc100000| Untracked 
|   2|0x00000000fc200000, 0x00000000fc300000, 0x00000000fc300000|100%|HS|  |TAMS 0x00000000fc200000, 0x00000000fc200000| Complete 
|   3|0x00000000fc300000, 0x00000000fc400000, 0x00000000fc400000|100%|HC|  |TAMS 0x00000000fc300000, 0x00000000fc300000| Complete 
|   4|0x00000000fc400000, 0x00000000fc500000, 0x00000000fc500000|100%|HC|  |TAMS 0x00000000fc400000, 0x00000000fc400000| Complete 
|   5|0x00000000fc500000, 0x00000000fc600000, 0x00000000fc600000|100%|HC|  |TAMS 0x00000000fc500000, 0x00000000fc500000| Complete 
|   6|0x00000000fc600000, 0x00000000fc600000, 0x00000000fc700000|  0%| F|  |TAMS 0x00000000fc600000, 0x00000000fc600000| Untracked 
|   7|0x00000000fc700000, 0x00000000fc700000, 0x00000000fc800000|  0%| F|  |TAMS 0x00000000fc700000, 0x00000000fc700000| Untracked 
|   8|0x00000000fc800000, 0x00000000fc800000, 0x00000000fc900000|  0%| F|  |TAMS 0x00000000fc800000, 0x00000000fc800000| Untracked 
|   9|0x00000000fc900000, 0x00000000fc900000, 0x00000000fca00000|  0%| F|  |TAMS 0x00000000fc900000, 0x00000000fc900000| Untracked 
|  10|0x00000000fca00000, 0x00000000fca00000, 0x00000000fcb00000|  0%| F|  |TAMS 0x00000000fca00000, 0x00000000fca00000| Untracked 
|  11|0x00000000fcb00000, 0x00000000fcb00000, 0x00000000fcc00000|  0%| F|  |TAMS 0x00000000fcb00000, 0x00000000fcb00000| Untracked 
|  12|0x00000000fcc00000, 0x00000000fcc00000, 0x00000000fcd00000|  0%| F|  |TAMS 0x00000000fcc00000, 0x00000000fcc00000| Untracked 
|  13|0x00000000fcd00000, 0x00000000fcd00000, 0x00000000fce00000|  0%| F|  |TAMS 0x00000000fcd00000, 0x00000000fcd00000| Untracked 
|  14|0x00000000fce00000, 0x00000000fce00000, 0x00000000fcf00000|  0%| F|  |TAMS 0x00000000fce00000, 0x00000000fce00000| Untracked 
|  15|0x00000000fcf00000, 0x00000000fcf00000, 0x00000000fd000000|  0%| F|  |TAMS 0x00000000fcf00000, 0x00000000fcf00000| Untracked 
|  16|0x00000000fd000000, 0x00000000fd000000, 0x00000000fd100000|  0%| F|  |TAMS 0x00000000fd000000, 0x00000000fd000000| Untracked 
|  17|0x00000000fd100000, 0x00000000fd100000, 0x00000000fd200000|  0%| F|  |TAMS 0x00000000fd100000, 0x00000000fd100000| Untracked 
|  18|0x00000000fd200000, 0x00000000fd200000, 0x00000000fd300000|  0%| F|  |TAMS 0x00000000fd200000, 0x00000000fd200000| Untracked 
|  19|0x00000000fd300000, 0x00000000fd300000, 0x00000000fd400000|  0%| F|  |TAMS 0x00000000fd300000, 0x00000000fd300000| Untracked 
|  20|0x00000000fd400000, 0x00000000fd400000, 0x00000000fd500000|  0%| F|  |TAMS 0x00000000fd400000, 0x00000000fd400000| Untracked 
|  21|0x00000000fd500000, 0x00000000fd500000, 0x00000000fd600000|  0%| F|  |TAMS 0x00000000fd500000, 0x00000000fd500000| Untracked 
|  22|0x00000000fd600000, 0x00000000fd600000, 0x00000000fd700000|  0%| F|  |TAMS 0x00000000fd600000, 0x00000000fd600000| Untracked 
|  23|0x00000000fd700000, 0x00000000fd700000, 0x00000000fd800000|  0%| F|  |TAMS 0x00000000fd700000, 0x00000000fd700000| Untracked 
|  24|0x00000000fd800000, 0x00000000fd800000, 0x00000000fd900000|  0%| F|  |TAMS 0x00000000fd800000, 0x00000000fd800000| Untracked 
|  25|0x00000000fd900000, 0x00000000fd900000, 0x00000000fda00000|  0%| F|  |TAMS 0x00000000fd900000, 0x00000000fd900000| Untracked 
|  26|0x00000000fda00000, 0x00000000fda00000, 0x00000000fdb00000|  0%| F|  |TAMS 0x00000000fda00000, 0x00000000fda00000| Untracked 
|  27|0x00000000fdb00000, 0x00000000fdb00000, 0x00000000fdc00000|  0%| F|  |TAMS 0x00000000fdb00000, 0x00000000fdb00000| Untracked 
|  28|0x00000000fdc00000, 0x00000000fdc00000, 0x00000000fdd00000|  0%| F|  |TAMS 0x00000000fdc00000, 0x00000000fdc00000| Untracked 
|  29|0x00000000fdd00000, 0x00000000fdd00000, 0x00000000fde00000|  0%| F|  |TAMS 0x00000000fdd00000, 0x00000000fdd00000| Untracked 
|  30|0x00000000fde00000, 0x00000000fde00000, 0x00000000fdf00000|  0%| F|  |TAMS 0x00000000fde00000, 0x00000000fde00000| Untracked 
|  31|0x00000000fdf00000, 0x00000000fdf00000, 0x00000000fe000000|  0%| F|  |TAMS 0x00000000fdf00000, 0x00000000fdf00000| Untracked 
|  32|0x00000000fe000000, 0x00000000fe000000, 0x00000000fe100000|  0%| F|  |TAMS 0x00000000fe000000, 0x00000000fe000000| Untracked 
|  33|0x00000000fe100000, 0x00000000fe100000, 0x00000000fe200000|  0%| F|  |TAMS 0x00000000fe100000, 0x00000000fe100000| Untracked 
|  34|0x00000000fe200000, 0x00000000fe200000, 0x00000000fe300000|  0%| F|  |TAMS 0x00000000fe200000, 0x00000000fe200000| Untracked 
|  35|0x00000000fe300000, 0x00000000fe300000, 0x00000000fe400000|  0%| F|  |TAMS 0x00000000fe300000, 0x00000000fe300000| Untracked 
|  36|0x00000000fe400000, 0x00000000fe400000, 0x00000000fe500000|  0%| F|  |TAMS 0x00000000fe400000, 0x00000000fe400000| Untracked 
|  37|0x00000000fe500000, 0x00000000fe500000, 0x00000000fe600000|  0%| F|  |TAMS 0x00000000fe500000, 0x00000000fe500000| Untracked 
|  38|0x00000000fe600000, 0x00000000fe600000, 0x00000000fe700000|  0%| F|  |TAMS 0x00000000fe600000, 0x00000000fe600000| Untracked 
|  39|0x00000000fe700000, 0x00000000fe700000, 0x00000000fe800000|  0%| F|  |TAMS 0x00000000fe700000, 0x00000000fe700000| Untracked 
|  40|0x00000000fe800000, 0x00000000fe800000, 0x00000000fe900000|  0%| F|  |TAMS 0x00000000fe800000, 0x00000000fe800000| Untracked 
|  41|0x00000000fe900000, 0x00000000fe900000, 0x00000000fea00000|  0%| F|  |TAMS 0x00000000fe900000, 0x00000000fe900000| Untracked 
|  42|0x00000000fea00000, 0x00000000fea00000, 0x00000000feb00000|  0%| F|  |TAMS 0x00000000fea00000, 0x00000000fea00000| Untracked 
|  43|0x00000000feb00000, 0x00000000feb00000, 0x00000000fec00000|  0%| F|  |TAMS 0x00000000feb00000, 0x00000000feb00000| Untracked 
|  44|0x00000000fec00000, 0x00000000fec00000, 0x00000000fed00000|  0%| F|  |TAMS 0x00000000fec00000, 0x00000000fec00000| Untracked 
|  45|0x00000000fed00000, 0x00000000fed00000, 0x00000000fee00000|  0%| F|  |TAMS 0x00000000fed00000, 0x00000000fed00000| Untracked 
|  46|0x00000000fee00000, 0x00000000fee00000, 0x00000000fef00000|  0%| F|  |TAMS 0x00000000fee00000, 0x00000000fee00000| Untracked 
|  47|0x00000000fef00000, 0x00000000fef00000, 0x00000000ff000000|  0%| F|  |TAMS 0x00000000fef00000, 0x00000000fef00000| Untracked 
|  48|0x00000000ff000000, 0x00000000ff000000, 0x00000000ff100000|  0%| F|  |TAMS 0x00000000ff000000, 0x00000000ff000000| Untracked 
|  49|0x00000000ff100000, 0x00000000ff200000, 0x00000000ff200000|100%| S|CS|TAMS 0x00000000ff100000, 0x00000000ff100000| Complete 
|  50|0x00000000ff200000, 0x00000000ff300000, 0x00000000ff300000|100%| S|CS|TAMS 0x00000000ff200000, 0x00000000ff200000| Complete 
|  51|0x00000000ff300000, 0x00000000ff300000, 0x00000000ff400000|  0%| F|  |TAMS 0x00000000ff300000, 0x00000000ff300000| Untracked 
|  52|0x00000000ff400000, 0x00000000ff400000, 0x00000000ff500000|  0%| F|  |TAMS 0x00000000ff400000, 0x00000000ff400000| Untracked 
|  53|0x00000000ff500000, 0x00000000ff500000, 0x00000000ff600000|  0%| F|  |TAMS 0x00000000ff500000, 0x00000000ff500000| Untracked 
|  54|0x00000000ff600000, 0x00000000ff600000, 0x00000000ff700000|  0%| F|  |TAMS 0x00000000ff600000, 0x00000000ff600000| Untracked 
|  55|0x00000000ff700000, 0x00000000ff700000, 0x00000000ff800000|  0%| F|  |TAMS 0x00000000ff700000, 0x00000000ff700000| Untracked 
|  56|0x00000000ff800000, 0x00000000ff800000, 0x00000000ff900000|  0%| F|  |TAMS 0x00000000ff800000, 0x00000000ff800000| Untracked 
|  57|0x00000000ff900000, 0x00000000ff950818, 0x00000000ffa00000| 31%| E|  |TAMS 0x00000000ff900000, 0x00000000ff900000| Complete 
|  58|0x00000000ffa00000, 0x00000000ffb00000, 0x00000000ffb00000|100%| E|CS|TAMS 0x00000000ffa00000, 0x00000000ffa00000| Complete 
|  59|0x00000000ffb00000, 0x00000000ffc00000, 0x00000000ffc00000|100%| E|CS|TAMS 0x00000000ffb00000, 0x00000000ffb00000| Complete 
|  60|0x00000000ffc00000, 0x00000000ffd00000, 0x00000000ffd00000|100%| E|CS|TAMS 0x00000000ffc00000, 0x00000000ffc00000| Complete 
|  61|0x00000000ffd00000, 0x00000000ffe00000, 0x00000000ffe00000|100%| E|  |TAMS 0x00000000ffd00000, 0x00000000ffd00000| Complete 
|  62|0x00000000ffe00000, 0x00000000fff00000, 0x00000000fff00000|100%| E|CS|TAMS 0x00000000ffe00000, 0x00000000ffe00000| Complete 
|  63|0x00000000fff00000, 0x0000000100000000, 0x0000000100000000|100%| E|CS|TAMS 0x00000000fff00000, 0x00000000fff00000| Complete 

Card table byte_map: [0x0000027429d50000,0x0000027429d70000] _byte_map_base: 0x0000027429570000

Marking Bits (Prev, Next): (CMBitMap*) 0x000002742bd74050, (CMBitMap*) 0x000002742bd74090
 Prev Bits: [0x000002742bb60000, 0x000002742bc60000)
 Next Bits: [0x00000274425f0000, 0x00000274426f0000)

Polling page: 0x0000027429d00000

Metaspace:

Usage:
  Non-class:      2.30 MB used.
      Class:    281.43 KB used.
       Both:      2.57 MB used.

Virtual space:
  Non-class space:       64.00 MB reserved,       2.44 MB (  4%) committed,  1 nodes.
      Class space:        1.00 GB reserved,     384.00 KB ( <1%) committed,  1 nodes.
             Both:        1.06 GB reserved,       2.81 MB ( <1%) committed. 

Chunk freelists:
   Non-Class:  11.30 MB
       Class:  15.59 MB
        Both:  26.89 MB

MaxMetaspaceSize: unlimited
CompressedClassSpaceSize: 1.00 GB
Initial GC threshold: 21.00 MB
Current GC threshold: 21.00 MB
CDS: on
MetaspaceReclaimPolicy: balanced
 - commit_granule_bytes: 65536.
 - commit_granule_words: 8192.
 - virtual_space_node_default_size: 8388608.
 - enlarge_chunks_in_place: 1.
 - new_chunks_are_fully_committed: 0.
 - uncommit_free_chunks: 1.
 - use_allocation_guard: 0.
 - handle_deallocations: 1.


Internal statistics:

num_allocs_failed_limit: 0.
num_arena_births: 14.
num_arena_deaths: 0.
num_vsnodes_births: 2.
num_vsnodes_deaths: 0.
num_space_committed: 45.
num_space_uncommitted: 0.
num_chunks_returned_to_freelist: 0.
num_chunks_taken_from_freelist: 63.
num_chunk_merges: 0.
num_chunk_splits: 42.
num_chunks_enlarged: 37.
num_purges: 0.
num_inconsistent_stats: 0.

CodeHeap 'non-profiled nmethods': size=120000Kb used=262Kb max_used=262Kb free=119738Kb
 bounds [0x000002743b0c0000, 0x000002743b330000, 0x00000274425f0000]
CodeHeap 'profiled nmethods': size=120000Kb used=1322Kb max_used=1322Kb free=118677Kb
 bounds [0x00000274335f0000, 0x0000027433860000, 0x000002743ab20000]
CodeHeap 'non-nmethods': size=5760Kb used=1121Kb max_used=1150Kb free=4638Kb
 bounds [0x000002743ab20000, 0x000002743ad90000, 0x000002743b0c0000]
 total_blobs=1129 nmethods=725 adapters=317
 compilation: enabled
              stopped_count=0, restarted_count=0
 full_count=0

Compilation events (20 events):
Event: 0.774 Thread 0x0000027444c59d70 nmethod 706 0x0000027433736890 code [0x0000027433736a40, 0x0000027433736c68]
Event: 0.776 Thread 0x0000027444c59d70  707       3       jdk.internal.loader.BuiltinClassLoader::findLoadedModule (33 bytes)
Event: 0.776 Thread 0x0000027444c59d70 nmethod 707 0x0000027433736e10 code [0x0000027433737020, 0x0000027433737678]
Event: 0.776 Thread 0x0000027444c59d70  708       3       java.lang.Integer::stringSize (47 bytes)
Event: 0.776 Thread 0x0000027444c59d70 nmethod 708 0x0000027433737910 code [0x0000027433737ac0, 0x0000027433737d18]
Event: 0.776 Thread 0x0000027444c59d70  709       3       java.lang.Integer::getChars (131 bytes)
Event: 0.777 Thread 0x0000027444c59d70 nmethod 709 0x0000027433737e10 code [0x0000027433737fe0, 0x0000027433738418]
Event: 0.777 Thread 0x0000027444c59d70  710  s    3       java.lang.Throwable::fillInStackTrace (29 bytes)
Event: 0.777 Thread 0x0000027444c59d70 nmethod 710 0x0000027433738690 code [0x0000027433738840, 0x0000027433738b28]
Event: 0.777 Thread 0x0000027444c59d70  711   !   3       java.net.URLClassLoader::findClass (47 bytes)
Event: 0.778 Thread 0x0000027444c59d70 nmethod 711 0x0000027433738c10 code [0x0000027433738e00, 0x0000027433739448]
Event: 0.778 Thread 0x0000027444c59d70  712       3       java.net.URLClassLoader$1::<init> (15 bytes)
Event: 0.778 Thread 0x0000027444c59d70 nmethod 712 0x0000027433739690 code [0x0000027433739840, 0x0000027433739a58]
Event: 0.778 Thread 0x0000027444c59d70  713       3       java.net.URLClassLoader$1::run (5 bytes)
Event: 0.778 Thread 0x0000027444c59d70 nmethod 713 0x0000027433739b10 code [0x0000027433739cc0, 0x0000027433739e08]
Event: 0.779 Thread 0x0000027444c59d70  714       3       java.lang.StringBuilder::append (8 bytes)
Event: 0.779 Thread 0x0000027444c59d70 nmethod 714 0x0000027433739e90 code [0x000002743373a020, 0x000002743373a168]
Event: 0.779 Thread 0x0000027444c59d70  715       3       java.lang.AbstractStringBuilder::append (55 bytes)
Event: 0.779 Thread 0x0000027444c59d70 nmethod 715 0x000002743373a210 code [0x000002743373a3e0, 0x000002743373a718]
Event: 0.783 Thread 0x0000027444c59d70  716   !   3       java.util.concurrent.ConcurrentHashMap::computeIfAbsent (576 bytes)

GC Heap History (2 events):
Event: 0.503 GC heap before
{Heap before GC invocations=0 (full 0):
 garbage-first heap   total 65536K, used 12288K [0x00000000fc000000, 0x0000000100000000)
  region size 1024K, 13 young (13312K), 0 survivors (0K)
 Metaspace       used 1764K, committed 1856K, reserved 1114112K
  class space    used 162K, committed 192K, reserved 1048576K
}
Event: 0.508 GC heap after
{Heap after GC invocations=1 (full 0):
 garbage-first heap   total 65536K, used 3444K [0x00000000fc000000, 0x0000000100000000)
  region size 1024K, 2 young (2048K), 2 survivors (2048K)
 Metaspace       used 1764K, committed 1856K, reserved 1114112K
  class space    used 162K, committed 192K, reserved 1048576K
}

Deoptimization events (20 events):
Event: 0.521 Thread 0x0000027429b89fa0 DEOPT PACKING pc=0x000002743b0e6ac8 sp=0x000000d3f49f9c30
Event: 0.521 Thread 0x0000027429b89fa0 DEOPT UNPACKING pc=0x000002743ab723a3 sp=0x000000d3f49f9bc0 mode 2
Event: 0.523 Thread 0x0000027429b89fa0 Uncommon trap: trap_request=0xffffffde fr.pc=0x000002743b0e6a1c relative=0x0000000000000f1c
Event: 0.523 Thread 0x0000027429b89fa0 Uncommon trap: reason=class_check action=maybe_recompile pc=0x000002743b0e6a1c method=java.util.HashMap.putVal(ILjava/lang/Object;Ljava/lang/Object;ZZ)Ljava/lang/Object; @ 91 c2
Event: 0.523 Thread 0x0000027429b89fa0 DEOPT PACKING pc=0x000002743b0e6a1c sp=0x000000d3f49f9c30
Event: 0.523 Thread 0x0000027429b89fa0 DEOPT UNPACKING pc=0x000002743ab723a3 sp=0x000000d3f49f9bc0 mode 2
Event: 0.543 Thread 0x0000027429b89fa0 DEOPT PACKING pc=0x0000027433626bf7 sp=0x000000d3f49f7580
Event: 0.543 Thread 0x0000027429b89fa0 DEOPT UNPACKING pc=0x000002743ab72b43 sp=0x000000d3f49f6a40 mode 0
Event: 0.582 Thread 0x0000027429b89fa0 Uncommon trap: trap_request=0xffffffde fr.pc=0x000002743b0e6a1c relative=0x0000000000000f1c
Event: 0.582 Thread 0x0000027429b89fa0 Uncommon trap: reason=class_check action=maybe_recompile pc=0x000002743b0e6a1c method=java.util.HashMap.putVal(ILjava/lang/Object;Ljava/lang/Object;ZZ)Ljava/lang/Object; @ 91 c2
Event: 0.582 Thread 0x0000027429b89fa0 DEOPT PACKING pc=0x000002743b0e6a1c sp=0x000000d3f49fc230
Event: 0.582 Thread 0x0000027429b89fa0 DEOPT UNPACKING pc=0x000002743ab723a3 sp=0x000000d3f49fc1c0 mode 2
Event: 0.676 Thread 0x0000027429b89fa0 Uncommon trap: trap_request=0xffffff45 fr.pc=0x000002743b0ebe28 relative=0x0000000000000468
Event: 0.676 Thread 0x0000027429b89fa0 Uncommon trap: reason=unstable_if action=reinterpret pc=0x000002743b0ebe28 method=java.util.zip.ZipCoder$UTF8ZipCoder.checkedHash([BII)I @ 27 c2
Event: 0.676 Thread 0x0000027429b89fa0 DEOPT PACKING pc=0x000002743b0ebe28 sp=0x000000d3f49fb8e0
Event: 0.676 Thread 0x0000027429b89fa0 DEOPT UNPACKING pc=0x000002743ab723a3 sp=0x000000d3f49fb7a8 mode 2
Event: 0.676 Thread 0x0000027429b89fa0 Uncommon trap: trap_request=0xffffff45 fr.pc=0x000002743b0c87b8 relative=0x00000000000001b8
Event: 0.676 Thread 0x0000027429b89fa0 Uncommon trap: reason=unstable_if action=reinterpret pc=0x000002743b0c87b8 method=java.lang.String.hashCode()I @ 20 c2
Event: 0.676 Thread 0x0000027429b89fa0 DEOPT PACKING pc=0x000002743b0c87b8 sp=0x000000d3f49fb6e0
Event: 0.676 Thread 0x0000027429b89fa0 DEOPT UNPACKING pc=0x000002743ab723a3 sp=0x000000d3f49fb670 mode 2

Classes unloaded (0 events):
No events

Classes redefined (0 events):
No events

Internal exceptions (1 events):
Event: 0.192 Thread 0x0000027429b89fa0 Exception <a 'java/lang/NoSuchMethodError'{0x00000000ffdf0300}: 'int java.lang.invoke.DirectMethodHandle$Holder.invokeStaticInit(java.lang.Object, java.lang.Object)'> (0x00000000ffdf0300) 
thrown [s\open\src\hotspot\share\interpreter\linkResolver.cpp, line 759]

VM Operations (4 events):
Event: 0.082 Executing VM operation: HandshakeAllThreads
Event: 0.082 Executing VM operation: HandshakeAllThreads done
Event: 0.503 Executing VM operation: G1CollectForAllocation
Event: 0.508 Executing VM operation: G1CollectForAllocation done

Events (20 events):
Event: 0.764 loading class java/lang/WeakPairMap$WeakRefPeer done
Event: 0.764 loading class java/lang/WeakPairMap$Pair$Weak done
Event: 0.764 loading class java/lang/WeakPairMap$Pair$Weak$1
Event: 0.764 loading class java/lang/WeakPairMap$Pair$Weak$1 done
Event: 0.766 loading class java/lang/reflect/ProxyGenerator
Event: 0.767 loading class java/lang/reflect/ProxyGenerator done
Event: 0.767 loading class java/lang/reflect/ProxyGenerator$ProxyMethod
Event: 0.768 loading class java/lang/reflect/ProxyGenerator$ProxyMethod done
Event: 0.772 loading class java/lang/reflect/ProxyGenerator$PrimitiveTypeInfo
Event: 0.772 loading class java/lang/reflect/ProxyGenerator$PrimitiveTypeInfo done
Event: 0.772 loading class jdk/internal/org/objectweb/asm/Edge
Event: 0.773 loading class jdk/internal/org/objectweb/asm/Edge done
Event: 0.774 loading class java/lang/IllegalAccessException
Event: 0.774 loading class java/lang/IllegalAccessException done
Event: 0.774 loading class java/lang/reflect/UndeclaredThrowableException
Event: 0.775 loading class java/lang/reflect/UndeclaredThrowableException done
Event: 0.775 loading class java/lang/reflect/Proxy$ProxyBuilder$1
Event: 0.775 loading class java/lang/reflect/Proxy$ProxyBuilder$1 done
Event: 0.778 loading class java/lang/reflect/InvocationTargetException
Event: 0.778 loading class java/lang/reflect/InvocationTargetException done


Dynamic libraries:
0x00007ff6db4c0000 - 0x00007ff6db4d0000 	D:\APAP JAVA\Java\jdk-17\bin\java.exe
0x00007ffe9e4b0000 - 0x00007ffe9e6c6000 	C:\WINDOWS\SYSTEM32\ntdll.dll
0x00007ffe9d220000 - 0x00007ffe9d2e4000 	C:\WINDOWS\System32\KERNEL32.DLL
0x00007ffe9b820000 - 0x00007ffe9bbc6000 	C:\WINDOWS\System32\KERNELBASE.dll
0x00007ffe9bbd0000 - 0x00007ffe9bce1000 	C:\WINDOWS\System32\ucrtbase.dll
0x00007ffe837e0000 - 0x00007ffe837f9000 	D:\APAP JAVA\Java\jdk-17\bin\jli.dll
0x00007ffe80e90000 - 0x00007ffe80eab000 	D:\APAP JAVA\Java\jdk-17\bin\VCRUNTIME140.dll
0x00007ffe9c6f0000 - 0x00007ffe9c7a2000 	C:\WINDOWS\System32\ADVAPI32.dll
0x00007ffe9d740000 - 0x00007ffe9d7e7000 	C:\WINDOWS\System32\msvcrt.dll
0x00007ffe9d3d0000 - 0x00007ffe9d478000 	C:\WINDOWS\System32\sechost.dll
0x00007ffe9bdb0000 - 0x00007ffe9bdd8000 	C:\WINDOWS\System32\bcrypt.dll
0x00007ffe9c7b0000 - 0x00007ffe9c8c5000 	C:\WINDOWS\System32\RPCRT4.dll
0x00007ffe9d070000 - 0x00007ffe9d21d000 	C:\WINDOWS\System32\USER32.dll
0x00007ffe9b7f0000 - 0x00007ffe9b816000 	C:\WINDOWS\System32\win32u.dll
0x00007ffe9d6f0000 - 0x00007ffe9d719000 	C:\WINDOWS\System32\GDI32.dll
0x00007ffe9be60000 - 0x00007ffe9bf78000 	C:\WINDOWS\System32\gdi32full.dll
0x00007ffe83e20000 - 0x00007ffe840b3000 	C:\WINDOWS\WinSxS\amd64_microsoft.windows.common-controls_6595b64144ccf1df_6.0.22621.3235_none_270f74e173860f98\COMCTL32.dll
0x00007ffe9bf80000 - 0x00007ffe9c01a000 	C:\WINDOWS\System32\msvcp_win.dll
0x00007ffe92470000 - 0x00007ffe9247a000 	C:\WINDOWS\SYSTEM32\VERSION.dll
0x00007ffe9d7f0000 - 0x00007ffe9d821000 	C:\WINDOWS\System32\IMM32.DLL
0x00007ffe96c20000 - 0x00007ffe96c2c000 	D:\APAP JAVA\Java\jdk-17\bin\vcruntime140_1.dll
0x00007ffe51f90000 - 0x00007ffe5201e000 	D:\APAP JAVA\Java\jdk-17\bin\msvcp140.dll
0x00007ffe4a510000 - 0x00007ffe4b0ee000 	D:\APAP JAVA\Java\jdk-17\bin\server\jvm.dll
0x00007ffe9c930000 - 0x00007ffe9c938000 	C:\WINDOWS\System32\PSAPI.DLL
0x00007ffe935d0000 - 0x00007ffe93604000 	C:\WINDOWS\SYSTEM32\WINMM.dll
0x00007ffe75450000 - 0x00007ffe75459000 	C:\WINDOWS\SYSTEM32\WSOCK32.dll
0x00007ffe9c590000 - 0x00007ffe9c601000 	C:\WINDOWS\System32\ws2_32.DLL
0x00007ffe9a8e0000 - 0x00007ffe9a8f8000 	C:\WINDOWS\SYSTEM32\kernel.appcore.dll
0x00007ffe96140000 - 0x00007ffe9614a000 	D:\APAP JAVA\Java\jdk-17\bin\jimage.dll
0x00007ffe98dc0000 - 0x00007ffe98ff3000 	C:\WINDOWS\SYSTEM32\DBGHELP.DLL
0x00007ffe9c200000 - 0x00007ffe9c588000 	C:\WINDOWS\System32\combase.dll
0x00007ffe9d2f0000 - 0x00007ffe9d3c7000 	C:\WINDOWS\System32\OLEAUT32.dll
0x00007ffe78e80000 - 0x00007ffe78eb2000 	C:\WINDOWS\SYSTEM32\dbgcore.DLL
0x00007ffe9bde0000 - 0x00007ffe9be5a000 	C:\WINDOWS\System32\bcryptPrimitives.dll
0x00007ffe7ec70000 - 0x00007ffe7ec95000 	D:\APAP JAVA\Java\jdk-17\bin\java.dll
0x00007ffe51eb0000 - 0x00007ffe51f87000 	D:\APAP JAVA\Java\jdk-17\bin\jsvml.dll
0x00007ffe9dc10000 - 0x00007ffe9e46d000 	C:\WINDOWS\System32\SHELL32.dll
0x00007ffe99710000 - 0x00007ffe9a008000 	C:\WINDOWS\SYSTEM32\windows.storage.dll
0x00007ffe995d0000 - 0x00007ffe9970e000 	C:\WINDOWS\SYSTEM32\wintypes.dll
0x00007ffe9d480000 - 0x00007ffe9d573000 	C:\WINDOWS\System32\SHCORE.dll
0x00007ffe9c8d0000 - 0x00007ffe9c92e000 	C:\WINDOWS\System32\shlwapi.dll
0x00007ffe9b720000 - 0x00007ffe9b746000 	C:\WINDOWS\SYSTEM32\profapi.dll
0x00007ffe7df80000 - 0x00007ffe7df99000 	D:\APAP JAVA\Java\jdk-17\bin\net.dll
0x00007ffe924c0000 - 0x00007ffe925f7000 	C:\WINDOWS\SYSTEM32\WINHTTP.dll
0x00007ffe9ad60000 - 0x00007ffe9adc9000 	C:\WINDOWS\system32\mswsock.dll
0x00007ffe78d40000 - 0x00007ffe78d56000 	D:\APAP JAVA\Java\jdk-17\bin\nio.dll
0x00007ffe77f30000 - 0x00007ffe77f48000 	D:\APAP JAVA\Java\jdk-17\bin\zip.dll
0x00007ffe93730000 - 0x00007ffe93740000 	D:\APAP JAVA\Java\jdk-17\bin\verify.dll

dbghelp: loaded successfully - version: 4.0.5 - missing functions: none
symbol engine: initialized successfully - sym options: 0x614 - pdb path: .;D:\APAP JAVA\Java\jdk-17\bin;C:\WINDOWS\SYSTEM32;C:\WINDOWS\WinSxS\amd64_microsoft.windows.common-controls_6595b64144ccf1df_6.0.22621.3235_none_270f74e173860f98;D:\APAP JAVA\Java\jdk-17\bin\server

VM Arguments:
jvm_args: -Xmx64m -Xms64m -Dorg.gradle.appname=gradlew 
java_command: org.gradle.wrapper.GradleWrapperMain bootRun
java_class_path (initial): D:\pindahan\COOLYEAH\Semester 6\Propensi\TK\d02-rtx\smail\\gradle\wrapper\gradle-wrapper.jar
Launcher Type: SUN_STANDARD

[Global flags]
     intx CICompilerCount                          = 3                                         {product} {ergonomic}
     uint ConcGCThreads                            = 1                                         {product} {ergonomic}
     uint G1ConcRefinementThreads                  = 4                                         {product} {ergonomic}
   size_t G1HeapRegionSize                         = 1048576                                   {product} {ergonomic}
    uintx GCDrainStackTargetSize                   = 64                                        {product} {ergonomic}
   size_t InitialHeapSize                          = 67108864                                  {product} {command line}
   size_t MarkStackSize                            = 4194304                                   {product} {ergonomic}
   size_t MaxHeapSize                              = 67108864                                  {product} {command line}
   size_t MaxNewSize                               = 39845888                                  {product} {ergonomic}
   size_t MinHeapDeltaBytes                        = 1048576                                   {product} {ergonomic}
   size_t MinHeapSize                              = 67108864                                  {product} {command line}
    uintx NonNMethodCodeHeapSize                   = 5832780                                {pd product} {ergonomic}
    uintx NonProfiledCodeHeapSize                  = 122912730                              {pd product} {ergonomic}
    uintx ProfiledCodeHeapSize                     = 122912730                              {pd product} {ergonomic}
    uintx ReservedCodeCacheSize                    = 251658240                              {pd product} {ergonomic}
     bool SegmentedCodeCache                       = true                                      {product} {ergonomic}
   size_t SoftMaxHeapSize                          = 67108864                               {manageable} {ergonomic}
     bool UseCompressedClassPointers               = true                           {product lp64_product} {ergonomic}
     bool UseCompressedOops                        = true                           {product lp64_product} {ergonomic}
     bool UseG1GC                                  = true                                      {product} {ergonomic}
     bool UseLargePagesIndividualAllocation        = false                                  {pd product} {ergonomic}

Logging:
Log output configuration:
 #0: stdout all=warning uptime,level,tags
 #1: stderr all=off uptime,level,tags

Environment Variables:
JAVA_HOME=D:\APAP JAVA\Java\jdk-17
CLASSPATH=D:\pindahan\COOLYEAH\Semester 6\Propensi\TK\d02-rtx\smail\\gradle\wrapper\gradle-wrapper.jar
PATH=C:\Python312\Scripts\;C:\Python312\;C:\Program Files\Common Files\Oracle\Java\javapath;C:\Program Files (x86)\Common Files\Oracle\Java\javapath;C:\WINDOWS\system32;C:\WINDOWS;C:\WINDOWS\System32\Wbem;C:\WINDOWS\System32\WindowsPowerShell\v1.0\;C:\WINDOWS\System32\OpenSSH\;C:\Users\Ron\AppData\Local\Programs\Python\Python39;C:\Users\Ron\AppData\Local\Programs\Python\Python39\Scripts;C:\Users\HP\AppData\Local\Programs\Python\Python310\;C:\Users\HP\AppData\Local\Programs\Python\Python310\\Scripts;D:\PuTTY\;D:\Git\cmd;C:\Program Files\Docker\Docker\resources\bin;D:\APAP JAVA\Java\jdk-17\bin;D:\NODE JS\;C:\ProgramData\chocolatey\bin;C:\Users\HP\AppData\Local\Programs\Python\Python310\Scripts\;C:\Users\HP\AppData\Local\Programs\Python\Python310\;C:\Users\Ron\AppData\Local\Programs\Python\Python39;C:\Users\Ron\AppData\Local\Programs\Python\Python39\Scripts;C:\Users\HP\AppData\Local\Programs\Microsoft VS Code\bin;C:\Users\HP\Documents\COOLYEAH\Semester 3\PBP\FLUTTER\bin;C:\Users\HP\Documents\COOLYEAH\Semester 3\PBP\FLUTTER\flutter\bin;C:\Users\HP\AppData\Local\Microsoft\WindowsApps;D:\FLUTTER\bin;C:\Users\HP\AppData\Roaming\npm
USERNAME=HP
LANG=en_US.UTF-8
OS=Windows_NT
PROCESSOR_IDENTIFIER=Intel64 Family 6 Model 142 Stepping 12, GenuineIntel



---------------  S Y S T E M  ---------------

OS:
 Windows 11 , 64 bit Build 22621 (10.0.22621.3235)
OS uptime: 2 days 0:44 hours
Hyper-V role detected

CPU: total 4 (initial active 4) (2 cores per cpu, 2 threads per core) family 6 model 142 stepping 12 microcode 0xec, cx8, cmov, fxsr, ht, mmx, 3dnowpref, sse, sse2, sse3, ssse3, sse4.1, sse4.2, popcnt, lzcnt, tsc, tscinvbit, avx, avx2, aes, erms, clmul, bmi1, bmi2, adx, fma, vzeroupper, clflush, clflushopt, hv

Memory: 4k page, system-wide physical 3919M (124M free)
TotalPageFile size 15695M (AvailPageFile size 0M)
current process WorkingSet (physical memory assigned to process): 66M, peak: 67M
current process commit charge ("private bytes"): 148M, peak: 148M

vm_info: Java HotSpot(TM) 64-Bit Server VM (17.0.8+9-LTS-211) for windows-amd64 JRE (17.0.8+9-LTS-211), built on Jun 14 2023 10:34:31 by "mach5one" with MS VC++ 17.1 (VS2022)

END.
