#
# There is insufficient memory for the Java Runtime Environment to continue.
# Native memory allocation (malloc) failed to allocate 32744 bytes for ChunkPool::allocate
# Possible reasons:
#   The system is out of physical RAM or swap space
#   The process is running with CompressedOops enabled, and the Java Heap may be blocking the growth of the native heap
# Possible solutions:
#   Reduce memory load on the system
#   Increase physical memory or swap space
#   Check if swap backing store is full
#   Decrease Java heap size (-Xmx/-Xms)
#   Decrease number of Java threads
#   Decrease Java thread stack sizes (-Xss)
#   Set larger code cache with -XX:ReservedCodeCacheSize=
#   JVM is running with Unscaled Compressed Oops mode in which the Java heap is
#     placed in the first 4GB address space. The Java Heap base address is the
#     maximum limit for the native heap growth. Please use -XX:HeapBaseMinAddress
#     to set the Java Heap base and to place the Java Heap above 4GB virtual address.
# This output file may be truncated or incomplete.
#
#  Out of Memory Error (arena.cpp:78), pid=29008, tid=29708
#
# JRE version: Java(TM) SE Runtime Environment (17.0.8+9) (build 17.0.8+9-LTS-211)
# Java VM: Java HotSpot(TM) 64-Bit Server VM (17.0.8+9-LTS-211, mixed mode, sharing, tiered, compressed oops, compressed class ptrs, g1 gc, windows-amd64)
# No core dump will be written. Minidumps are not enabled by default on client versions of Windows
#

---------------  S U M M A R Y ------------

Command Line: --add-opens=java.base/java.util=ALL-UNNAMED --add-opens=java.base/java.lang=ALL-UNNAMED --add-opens=java.base/java.lang.invoke=ALL-UNNAMED --add-opens=java.prefs/java.util.prefs=ALL-UNNAMED --add-opens=java.base/java.nio.charset=ALL-UNNAMED --add-opens=java.base/java.net=ALL-UNNAMED --add-opens=java.base/java.util.concurrent.atomic=ALL-UNNAMED -XX:MaxMetaspaceSize=384m -XX:+HeapDumpOnOutOfMemoryError -Xms256m -Xmx512m -Dfile.encoding=windows-1252 -Duser.country=ID -Duser.language=en -Duser.variant -javaagent:C:\Users\LENOVO\.gradle\wrapper\dists\gradle-8.5-bin\5t9huq95ubn472n8rpzujfbqh\gradle-8.5\lib\agents\gradle-instrumentation-agent-8.5.jar org.gradle.launcher.daemon.bootstrap.GradleDaemon 8.5

Host: AMD 3020e with Radeon Graphics                 , 2 cores, 5G,  Windows 11 , 64 bit Build 22621 (10.0.22621.3085)
Time: Fri Mar  8 15:44:24 2024 SE Asia Standard Time elapsed time: 41.866359 seconds (0d 0h 0m 41s)

---------------  T H R E A D  ---------------

Current thread (0x00000232e4ded250):  JavaThread "C2 CompilerThread0" daemon [_thread_in_native, id=29708, stack(0x000000c82c700000,0x000000c82c800000)]


Current CompileTask:
C2:  41866 11663       4       org.gradle.internal.logging.text.AbstractLineChoppingStyledTextOutput::doAppend (43 bytes)

Stack: [0x000000c82c700000,0x000000c82c800000]
Native frames: (J=compiled Java code, j=interpreted, Vv=VM code, C=native code)
V  [jvm.dll+0x677d0a]
V  [jvm.dll+0x7d8c54]
V  [jvm.dll+0x7da3fe]
V  [jvm.dll+0x7daa63]
V  [jvm.dll+0x245c5f]
V  [jvm.dll+0xaacc0]
V  [jvm.dll+0xab00c]
V  [jvm.dll+0x60503e]
V  [jvm.dll+0x6051df]
V  [jvm.dll+0x60aa7c]
V  [jvm.dll+0x60b99c]
V  [jvm.dll+0x609e74]
V  [jvm.dll+0x217e7e]
V  [jvm.dll+0x217431]
V  [jvm.dll+0x1a3af0]
V  [jvm.dll+0x2270be]
V  [jvm.dll+0x22535b]
V  [jvm.dll+0x78e7bc]
V  [jvm.dll+0x788bba]
V  [jvm.dll+0x676b35]
C  [ucrtbase.dll+0x29363]
C  [KERNEL32.DLL+0x1257d]
C  [ntdll.dll+0x5aa58]


---------------  P R O C E S S  ---------------

Threads class SMR info:
_java_thread_list=0x0000023282aa8ed0, length=66, elements={
0x00000232cb1a70c0, 0x00000232e4dcdd00, 0x00000232e4dcf220, 0x00000232e4de8550,
0x00000232e4de8f10, 0x00000232e4deb8e0, 0x00000232e4dec1a0, 0x00000232e4ded250,
0x00000232e4e5ca60, 0x00000232fe002c30, 0x00000232e4db9330, 0x00000232fe14e930,
0x00000232ffa5da50, 0x00000232ff0e7c20, 0x00000232ff4f6030, 0x00000232ff01e420,
0x00000232ffbc6290, 0x00000232ff6141e0, 0x00000232ff018e70, 0x00000232ff019ae0,
0x00000232ff5eefa0, 0x00000232ff5ef470, 0x00000232ff5efe10, 0x00000232ff5f02e0,
0x00000232ff5ee130, 0x00000232ff5ee600, 0x00000232ff5f07b0, 0x00000232ff5eead0,
0x00000232ff5ef940, 0x00000232ff5ecdf0, 0x00000232ff5ed2c0, 0x00000232801a5550,
0x00000232801a6d60, 0x00000232801a2530, 0x00000232801a7700, 0x00000232801a2ed0,
0x00000232801a7bd0, 0x00000232801a98b0, 0x00000232801a80a0, 0x00000232801a3d40,
0x00000232801a3870, 0x00000232801a2a00, 0x00000232801a46e0, 0x00000232801a8570,
0x00000232801a8a40, 0x00000232801a8f10, 0x00000232801a4bb0, 0x00000232801a93e0,
0x00000232801a5080, 0x00000232801a63c0, 0x00000232ff7ca190, 0x00000232ff7cab30,
0x00000232ff7cc810, 0x00000232ff7c9320, 0x00000232ff7cb000, 0x00000232ff7ce020,
0x00000232ff7c7640, 0x00000232ff7cb4d0, 0x00000232ff7ccce0, 0x00000232ff7cb9a0,
0x00000232ff7cdb50, 0x00000232ff7cd1b0, 0x00000232ff7c7b10, 0x00000232ff7c7fe0,
0x00000232ff7ca660, 0x00000232ff7c84b0
}

Java Threads: ( => current thread )
  0x00000232cb1a70c0 JavaThread "main" [_thread_blocked, id=26472, stack(0x000000c82ba00000,0x000000c82bb00000)]
  0x00000232e4dcdd00 JavaThread "Reference Handler" daemon [_thread_blocked, id=13164, stack(0x000000c82c100000,0x000000c82c200000)]
  0x00000232e4dcf220 JavaThread "Finalizer" daemon [_thread_blocked, id=27416, stack(0x000000c82c200000,0x000000c82c300000)]
  0x00000232e4de8550 JavaThread "Signal Dispatcher" daemon [_thread_blocked, id=22344, stack(0x000000c82c300000,0x000000c82c400000)]
  0x00000232e4de8f10 JavaThread "Attach Listener" daemon [_thread_blocked, id=18692, stack(0x000000c82c400000,0x000000c82c500000)]
  0x00000232e4deb8e0 JavaThread "Service Thread" daemon [_thread_blocked, id=3532, stack(0x000000c82c500000,0x000000c82c600000)]
  0x00000232e4dec1a0 JavaThread "Monitor Deflation Thread" daemon [_thread_blocked, id=26100, stack(0x000000c82c600000,0x000000c82c700000)]
=>0x00000232e4ded250 JavaThread "C2 CompilerThread0" daemon [_thread_in_native, id=29708, stack(0x000000c82c700000,0x000000c82c800000)]
  0x00000232e4e5ca60 JavaThread "C1 CompilerThread0" daemon [_thread_blocked, id=22848, stack(0x000000c82c800000,0x000000c82c900000)]
  0x00000232fe002c30 JavaThread "Sweeper thread" daemon [_thread_blocked, id=26804, stack(0x000000c82c900000,0x000000c82ca00000)]
  0x00000232e4db9330 JavaThread "Common-Cleaner" daemon [_thread_blocked, id=21436, stack(0x000000c82ca00000,0x000000c82cb00000)]
  0x00000232fe14e930 JavaThread "Notification Thread" daemon [_thread_blocked, id=26568, stack(0x000000c82cb00000,0x000000c82cc00000)]
  0x00000232ffa5da50 JavaThread "Daemon health stats" [_thread_blocked, id=10976, stack(0x000000c82ce00000,0x000000c82cf00000)]
  0x00000232ff0e7c20 JavaThread "Incoming local TCP Connector on port 52308" [_thread_in_native, id=28016, stack(0x000000c82cf00000,0x000000c82d000000)]
  0x00000232ff4f6030 JavaThread "Daemon periodic checks" [_thread_blocked, id=20044, stack(0x000000c82d000000,0x000000c82d100000)]
  0x00000232ff01e420 JavaThread "Daemon" [_thread_blocked, id=29836, stack(0x000000c82d100000,0x000000c82d200000)]
  0x00000232ffbc6290 JavaThread "Handler for socket connection from /127.0.0.1:52308 to /127.0.0.1:52309" [_thread_in_native, id=21720, stack(0x000000c82d200000,0x000000c82d300000)]
  0x00000232ff6141e0 JavaThread "Cancel handler" [_thread_blocked, id=7980, stack(0x000000c82d300000,0x000000c82d400000)]
  0x00000232ff018e70 JavaThread "Daemon worker" [_thread_blocked, id=19136, stack(0x000000c82d400000,0x000000c82d500000)]
  0x00000232ff019ae0 JavaThread "Asynchronous log dispatcher for DefaultDaemonConnection: socket connection from /127.0.0.1:52308 to /127.0.0.1:52309" [_thread_blocked, id=29332, stack(0x000000c82d500000,0x000000c82d600000)]
  0x00000232ff5eefa0 JavaThread "Stdin handler" [_thread_blocked, id=5988, stack(0x000000c82d600000,0x000000c82d700000)]
  0x00000232ff5ef470 JavaThread "Daemon client event forwarder" [_thread_blocked, id=19504, stack(0x000000c82d700000,0x000000c82d800000)]
  0x00000232ff5efe10 JavaThread "Cache worker for journal cache (C:\Users\LENOVO\.gradle\caches\journal-1)" [_thread_blocked, id=4880, stack(0x000000c82d800000,0x000000c82d900000)]
  0x00000232ff5f02e0 JavaThread "File lock request listener" [_thread_in_native, id=21712, stack(0x000000c82d900000,0x000000c82da00000)]
  0x00000232ff5ee130 JavaThread "Cache worker for file hash cache (C:\Users\LENOVO\.gradle\caches\8.5\fileHashes)" [_thread_blocked, id=17188, stack(0x000000c82da00000,0x000000c82db00000)]
  0x00000232ff5ee600 JavaThread "File watcher server" daemon [_thread_in_native, id=9368, stack(0x000000c82db00000,0x000000c82dc00000)]
  0x00000232ff5f07b0 JavaThread "File watcher consumer" daemon [_thread_blocked, id=12092, stack(0x000000c82dc00000,0x000000c82dd00000)]
  0x00000232ff5eead0 JavaThread "Cache worker for checksums cache (D:\BELLA THINGS\UI\semester 6\propensi\d02-rtx\smail\.gradle\8.5\checksums)" [_thread_blocked, id=16892, stack(0x000000c82dd00000,0x000000c82de00000)]
  0x00000232ff5ef940 JavaThread "Cache worker for file hash cache (D:\BELLA THINGS\UI\semester 6\propensi\d02-rtx\smail\.gradle\8.5\fileHashes)" [_thread_blocked, id=27156, stack(0x000000c82de00000,0x000000c82df00000)]
  0x00000232ff5ecdf0 JavaThread "Cache worker for cache directory md-supplier (C:\Users\LENOVO\.gradle\caches\8.5\md-supplier)" [_thread_blocked, id=11424, stack(0x000000c82df00000,0x000000c82e000000)]
  0x00000232ff5ed2c0 JavaThread "Cache worker for cache directory md-rule (C:\Users\LENOVO\.gradle\caches\8.5\md-rule)" [_thread_blocked, id=28196, stack(0x000000c82e000000,0x000000c82e100000)]
  0x00000232801a5550 JavaThread "Cache worker for file content cache (C:\Users\LENOVO\.gradle\caches\8.5\fileContent)" [_thread_blocked, id=27900, stack(0x000000c82e100000,0x000000c82e200000)]
  0x00000232801a6d60 JavaThread "Cache worker for execution history cache (C:\Users\LENOVO\.gradle\caches\8.5\executionHistory)" [_thread_blocked, id=15704, stack(0x000000c82e200000,0x000000c82e300000)]
  0x00000232801a2530 JavaThread "jar transforms" [_thread_blocked, id=27836, stack(0x000000c82e300000,0x000000c82e400000)]
  0x00000232801a7700 JavaThread "jar transforms Thread 2" [_thread_blocked, id=18332, stack(0x000000c82e400000,0x000000c82e500000)]
  0x00000232801a2ed0 JavaThread "Cache worker for dependencies-accessors (D:\BELLA THINGS\UI\semester 6\propensi\d02-rtx\smail\.gradle\8.5\dependencies-accessors)" [_thread_blocked, id=30296, stack(0x000000c82e500000,0x000000c82e600000)]
  0x00000232801a7bd0 JavaThread "Cache worker for Build Output Cleanup Cache (D:\BELLA THINGS\UI\semester 6\propensi\d02-rtx\smail\.gradle\buildOutputCleanup)" [_thread_blocked, id=17516, stack(0x000000c82e700000,0x000000c82e800000)]
  0x00000232801a98b0 JavaThread "Unconstrained build operations" [_thread_blocked, id=28872, stack(0x000000c82e800000,0x000000c82e900000)]
  0x00000232801a80a0 JavaThread "Memory manager" [_thread_blocked, id=29944, stack(0x000000c82e900000,0x000000c82ea00000)]
  0x00000232801a3d40 JavaThread "included builds" [_thread_blocked, id=21156, stack(0x000000c82ea00000,0x000000c82eb00000)]
  0x00000232801a3870 JavaThread "Execution worker" [_thread_blocked, id=4376, stack(0x000000c82eb00000,0x000000c82ec00000)]
  0x00000232801a2a00 JavaThread "Cache worker for execution history cache (D:\BELLA THINGS\UI\semester 6\propensi\d02-rtx\smail\.gradle\8.5\executionHistory)" [_thread_blocked, id=19376, stack(0x000000c82ec00000,0x000000c82ed00000)]
  0x00000232801a46e0 JavaThread "Unconstrained build operations Thread 2" [_thread_blocked, id=8644, stack(0x000000c82ed00000,0x000000c82ee00000)]
  0x00000232801a8570 JavaThread "Unconstrained build operations Thread 3" [_thread_blocked, id=26052, stack(0x000000c82ee00000,0x000000c82ef00000)]
  0x00000232801a8a40 JavaThread "Unconstrained build operations Thread 4" [_thread_blocked, id=7716, stack(0x000000c82ef00000,0x000000c82f000000)]
  0x00000232801a8f10 JavaThread "Unconstrained build operations Thread 5" [_thread_blocked, id=18184, stack(0x000000c82f000000,0x000000c82f100000)]
  0x00000232801a4bb0 JavaThread "Unconstrained build operations Thread 6" [_thread_blocked, id=27724, stack(0x000000c82f100000,0x000000c82f200000)]
  0x00000232801a93e0 JavaThread "Unconstrained build operations Thread 7" [_thread_blocked, id=18364, stack(0x000000c82f200000,0x000000c82f300000)]
  0x00000232801a5080 JavaThread "Unconstrained build operations Thread 8" [_thread_blocked, id=1784, stack(0x000000c82f300000,0x000000c82f400000)]
  0x00000232801a63c0 JavaThread "Unconstrained build operations Thread 9" [_thread_blocked, id=21160, stack(0x000000c82f400000,0x000000c82f500000)]
  0x00000232ff7ca190 JavaThread "Unconstrained build operations Thread 10" [_thread_blocked, id=26824, stack(0x000000c82f500000,0x000000c82f600000)]
  0x00000232ff7cab30 JavaThread "Unconstrained build operations Thread 11" [_thread_blocked, id=15592, stack(0x000000c82f600000,0x000000c82f700000)]
  0x00000232ff7cc810 JavaThread "Unconstrained build operations Thread 12" [_thread_blocked, id=3628, stack(0x000000c82f700000,0x000000c82f800000)]
  0x00000232ff7c9320 JavaThread "Unconstrained build operations Thread 13" [_thread_blocked, id=25680, stack(0x000000c82f800000,0x000000c82f900000)]
  0x00000232ff7cb000 JavaThread "Unconstrained build operations Thread 14" [_thread_blocked, id=28180, stack(0x000000c82f900000,0x000000c82fa00000)]
  0x00000232ff7ce020 JavaThread "Unconstrained build operations Thread 15" [_thread_blocked, id=14240, stack(0x000000c82fa00000,0x000000c82fb00000)]
  0x00000232ff7c7640 JavaThread "Unconstrained build operations Thread 16" [_thread_blocked, id=26712, stack(0x000000c82fb00000,0x000000c82fc00000)]
  0x00000232ff7cb4d0 JavaThread "Unconstrained build operations Thread 17" [_thread_blocked, id=30048, stack(0x000000c82fc00000,0x000000c82fd00000)]
  0x00000232ff7ccce0 JavaThread "Unconstrained build operations Thread 18" [_thread_blocked, id=28576, stack(0x000000c82fd00000,0x000000c82fe00000)]
  0x00000232ff7cb9a0 JavaThread "Unconstrained build operations Thread 19" [_thread_blocked, id=30004, stack(0x000000c82fe00000,0x000000c82ff00000)]
  0x00000232ff7cdb50 JavaThread "Unconstrained build operations Thread 20" [_thread_blocked, id=28364, stack(0x000000c82ff00000,0x000000c830000000)]
  0x00000232ff7cd1b0 JavaThread "Cache worker for Java compile cache (C:\Users\LENOVO\.gradle\caches\8.5\javaCompile)" [_thread_blocked, id=26816, stack(0x000000c830000000,0x000000c830100000)]
  0x00000232ff7c7b10 JavaThread "Build operations" [_thread_blocked, id=29528, stack(0x000000c830100000,0x000000c830200000)]
  0x00000232ff7c7fe0 JavaThread "Exec process" [_thread_in_native, id=12984, stack(0x000000c830400000,0x000000c830500000)]
  0x00000232ff7ca660 JavaThread "Exec process Thread 2" [_thread_in_native, id=30680, stack(0x000000c830500000,0x000000c830600000)]
  0x00000232ff7c84b0 JavaThread "Exec process Thread 3" [_thread_in_native, id=29792, stack(0x000000c830600000,0x000000c830700000)]

Other Threads:
  0x00000232e4dc6690 VMThread "VM Thread" [stack: 0x000000c82c000000,0x000000c82c100000] [id=14172]
  0x00000232cb1a8e50 WatcherThread [stack: 0x000000c82cc00000,0x000000c82cd00000] [id=30300]
  0x00000232cb1d3940 GCTaskThread "GC Thread#0" [stack: 0x000000c82bb00000,0x000000c82bc00000] [id=26636]
  0x00000232fe346af0 GCTaskThread "GC Thread#1" [stack: 0x000000c82cd00000,0x000000c82ce00000] [id=30348]
  0x00000232cb1d8790 ConcurrentGCThread "G1 Main Marker" [stack: 0x000000c82bc00000,0x000000c82bd00000] [id=16828]
  0x00000232cb1d90b0 ConcurrentGCThread "G1 Conc#0" [stack: 0x000000c82bd00000,0x000000c82be00000] [id=21632]
  0x00000232e4c920c0 ConcurrentGCThread "G1 Refine#0" [stack: 0x000000c82be00000,0x000000c82bf00000] [id=18348]
  0x00000232febf0900 ConcurrentGCThread "G1 Refine#1" [stack: 0x000000c82e600000,0x000000c82e700000] [id=44]
  0x00000232e4c929f0 ConcurrentGCThread "G1 Service" [stack: 0x000000c82bf00000,0x000000c82c000000] [id=5168]

Threads with active compile tasks:
C2 CompilerThread0    41922 11663       4       org.gradle.internal.logging.text.AbstractLineChoppingStyledTextOutput::doAppend (43 bytes)

VM state: not at safepoint (normal execution)

VM Mutex/Monitor currently owned by a thread: None

Heap address: 0x00000000e0000000, size: 512 MB, Compressed Oops mode: 32-bit

CDS archive(s) mapped at: [0x00000232e5000000-0x00000232e5bd0000-0x00000232e5bd0000), size 12386304, SharedBaseAddress: 0x00000232e5000000, ArchiveRelocationMode: 1.
Compressed class space mapped at: 0x00000232e6000000-0x00000232fa000000, reserved size: 335544320
Narrow klass base: 0x00000232e5000000, Narrow klass shift: 0, Narrow klass range: 0x100000000

GC Precious Log:
 CPUs: 2 total, 2 available
 Memory: 6020M
 Large Page Support: Disabled
 NUMA Support: Disabled
 Compressed Oops: Enabled (32-bit)
 Heap Region Size: 1M
 Heap Min Capacity: 256M
 Heap Initial Capacity: 256M
 Heap Max Capacity: 512M
 Pre-touch: Disabled
 Parallel Workers: 2
 Concurrent Workers: 1
 Concurrent Refinement Workers: 2
 Periodic GC: Disabled

Heap:
 garbage-first heap   total 262144K, used 142848K [0x00000000e0000000, 0x0000000100000000)
  region size 1024K, 80 young (81920K), 14 survivors (14336K)
 Metaspace       used 67273K, committed 67904K, reserved 393216K
  class space    used 9098K, committed 9408K, reserved 327680K

Heap Regions: E=young(eden), S=young(survivor), O=old, HS=humongous(starts), HC=humongous(continues), CS=collection set, F=free, OA=open archive, CA=closed archive, TAMS=top-at-mark-start (previous, next)
|   0|0x00000000e0000000, 0x00000000e0100000, 0x00000000e0100000|100%| O|  |TAMS 0x00000000e0100000, 0x00000000e0000000| Untracked 
|   1|0x00000000e0100000, 0x00000000e0200000, 0x00000000e0200000|100%|HS|  |TAMS 0x00000000e0200000, 0x00000000e0100000| Complete 
|   2|0x00000000e0200000, 0x00000000e0300000, 0x00000000e0300000|100%|HC|  |TAMS 0x00000000e0300000, 0x00000000e0200000| Complete 
|   3|0x00000000e0300000, 0x00000000e0400000, 0x00000000e0400000|100%|HC|  |TAMS 0x00000000e0400000, 0x00000000e0300000| Complete 
|   4|0x00000000e0400000, 0x00000000e0500000, 0x00000000e0500000|100%|HC|  |TAMS 0x00000000e0500000, 0x00000000e0400000| Complete 
|   5|0x00000000e0500000, 0x00000000e0600000, 0x00000000e0600000|100%| O|  |TAMS 0x00000000e0600000, 0x00000000e0500000| Untracked 
|   6|0x00000000e0600000, 0x00000000e0700000, 0x00000000e0700000|100%| O|  |TAMS 0x00000000e0700000, 0x00000000e0600000| Untracked 
|   7|0x00000000e0700000, 0x00000000e0800000, 0x00000000e0800000|100%| O|  |TAMS 0x00000000e0800000, 0x00000000e0700000| Untracked 
|   8|0x00000000e0800000, 0x00000000e0900000, 0x00000000e0900000|100%| O|  |TAMS 0x00000000e0900000, 0x00000000e0800000| Untracked 
|   9|0x00000000e0900000, 0x00000000e0a00000, 0x00000000e0a00000|100%| O|  |TAMS 0x00000000e0a00000, 0x00000000e0900000| Untracked 
|  10|0x00000000e0a00000, 0x00000000e0b00000, 0x00000000e0b00000|100%| O|  |TAMS 0x00000000e0b00000, 0x00000000e0a00000| Untracked 
|  11|0x00000000e0b00000, 0x00000000e0c00000, 0x00000000e0c00000|100%| O|  |TAMS 0x00000000e0c00000, 0x00000000e0b00000| Untracked 
|  12|0x00000000e0c00000, 0x00000000e0d00000, 0x00000000e0d00000|100%| O|  |TAMS 0x00000000e0d00000, 0x00000000e0c00000| Untracked 
|  13|0x00000000e0d00000, 0x00000000e0e00000, 0x00000000e0e00000|100%| O|  |TAMS 0x00000000e0e00000, 0x00000000e0d00000| Untracked 
|  14|0x00000000e0e00000, 0x00000000e0f00000, 0x00000000e0f00000|100%| O|  |TAMS 0x00000000e0f00000, 0x00000000e0e00000| Untracked 
|  15|0x00000000e0f00000, 0x00000000e1000000, 0x00000000e1000000|100%| O|  |TAMS 0x00000000e1000000, 0x00000000e0f00000| Untracked 
|  16|0x00000000e1000000, 0x00000000e1100000, 0x00000000e1100000|100%| O|  |TAMS 0x00000000e1100000, 0x00000000e1000000| Untracked 
|  17|0x00000000e1100000, 0x00000000e1200000, 0x00000000e1200000|100%| O|  |TAMS 0x00000000e1200000, 0x00000000e1100000| Untracked 
|  18|0x00000000e1200000, 0x00000000e1300000, 0x00000000e1300000|100%| O|  |TAMS 0x00000000e1300000, 0x00000000e1200000| Untracked 
|  19|0x00000000e1300000, 0x00000000e1400000, 0x00000000e1400000|100%| O|  |TAMS 0x00000000e1400000, 0x00000000e1300000| Untracked 
|  20|0x00000000e1400000, 0x00000000e1500000, 0x00000000e1500000|100%| O|  |TAMS 0x00000000e1500000, 0x00000000e1400000| Untracked 
|  21|0x00000000e1500000, 0x00000000e1600000, 0x00000000e1600000|100%| O|  |TAMS 0x00000000e1600000, 0x00000000e1500000| Untracked 
|  22|0x00000000e1600000, 0x00000000e1700000, 0x00000000e1700000|100%| O|  |TAMS 0x00000000e1700000, 0x00000000e1600000| Untracked 
|  23|0x00000000e1700000, 0x00000000e1800000, 0x00000000e1800000|100%| O|  |TAMS 0x00000000e1800000, 0x00000000e1700000| Untracked 
|  24|0x00000000e1800000, 0x00000000e1900000, 0x00000000e1900000|100%| O|  |TAMS 0x00000000e1900000, 0x00000000e1800000| Untracked 
|  25|0x00000000e1900000, 0x00000000e1a00000, 0x00000000e1a00000|100%| O|  |TAMS 0x00000000e1a00000, 0x00000000e1900000| Untracked 
|  26|0x00000000e1a00000, 0x00000000e1b00000, 0x00000000e1b00000|100%| O|  |TAMS 0x00000000e1b00000, 0x00000000e1a00000| Untracked 
|  27|0x00000000e1b00000, 0x00000000e1c00000, 0x00000000e1c00000|100%| O|  |TAMS 0x00000000e1c00000, 0x00000000e1b00000| Untracked 
|  28|0x00000000e1c00000, 0x00000000e1d00000, 0x00000000e1d00000|100%| O|  |TAMS 0x00000000e1d00000, 0x00000000e1c00000| Untracked 
|  29|0x00000000e1d00000, 0x00000000e1e00000, 0x00000000e1e00000|100%| O|  |TAMS 0x00000000e1e00000, 0x00000000e1d00000| Untracked 
|  30|0x00000000e1e00000, 0x00000000e1f00000, 0x00000000e1f00000|100%| O|  |TAMS 0x00000000e1f00000, 0x00000000e1e00000| Untracked 
|  31|0x00000000e1f00000, 0x00000000e2000000, 0x00000000e2000000|100%| O|  |TAMS 0x00000000e2000000, 0x00000000e1f00000| Untracked 
|  32|0x00000000e2000000, 0x00000000e2100000, 0x00000000e2100000|100%| O|  |TAMS 0x00000000e2100000, 0x00000000e2000000| Untracked 
|  33|0x00000000e2100000, 0x00000000e2200000, 0x00000000e2200000|100%| O|  |TAMS 0x00000000e2200000, 0x00000000e2100000| Untracked 
|  34|0x00000000e2200000, 0x00000000e2300000, 0x00000000e2300000|100%| O|  |TAMS 0x00000000e2300000, 0x00000000e2200000| Untracked 
|  35|0x00000000e2300000, 0x00000000e2400000, 0x00000000e2400000|100%| O|  |TAMS 0x00000000e2400000, 0x00000000e2300000| Untracked 
|  36|0x00000000e2400000, 0x00000000e2500000, 0x00000000e2500000|100%| O|  |TAMS 0x00000000e2500000, 0x00000000e2400000| Untracked 
|  37|0x00000000e2500000, 0x00000000e2600000, 0x00000000e2600000|100%| O|  |TAMS 0x00000000e2600000, 0x00000000e2500000| Untracked 
|  38|0x00000000e2600000, 0x00000000e2700000, 0x00000000e2700000|100%| O|  |TAMS 0x00000000e2700000, 0x00000000e2600000| Untracked 
|  39|0x00000000e2700000, 0x00000000e2800000, 0x00000000e2800000|100%| O|  |TAMS 0x00000000e27a4600, 0x00000000e2700000| Untracked 
|  40|0x00000000e2800000, 0x00000000e2900000, 0x00000000e2900000|100%|HS|  |TAMS 0x00000000e2900000, 0x00000000e2800000| Complete 
|  41|0x00000000e2900000, 0x00000000e2a00000, 0x00000000e2a00000|100%| O|  |TAMS 0x00000000e2900000, 0x00000000e2900000| Untracked 
|  42|0x00000000e2a00000, 0x00000000e2b00000, 0x00000000e2b00000|100%| O|  |TAMS 0x00000000e2a00000, 0x00000000e2a00000| Untracked 
|  43|0x00000000e2b00000, 0x00000000e2c00000, 0x00000000e2c00000|100%| O|  |TAMS 0x00000000e2b00000, 0x00000000e2b00000| Untracked 
|  44|0x00000000e2c00000, 0x00000000e2d00000, 0x00000000e2d00000|100%| O|  |TAMS 0x00000000e2c00000, 0x00000000e2c00000| Untracked 
|  45|0x00000000e2d00000, 0x00000000e2e00000, 0x00000000e2e00000|100%| O|  |TAMS 0x00000000e2d00000, 0x00000000e2d00000| Untracked 
|  46|0x00000000e2e00000, 0x00000000e2f00000, 0x00000000e2f00000|100%| O|  |TAMS 0x00000000e2e00000, 0x00000000e2e00000| Untracked 
|  47|0x00000000e2f00000, 0x00000000e3000000, 0x00000000e3000000|100%| O|  |TAMS 0x00000000e2f00000, 0x00000000e2f00000| Untracked 
|  48|0x00000000e3000000, 0x00000000e3100000, 0x00000000e3100000|100%| O|  |TAMS 0x00000000e3000000, 0x00000000e3000000| Untracked 
|  49|0x00000000e3100000, 0x00000000e3200000, 0x00000000e3200000|100%| O|  |TAMS 0x00000000e3100000, 0x00000000e3100000| Untracked 
|  50|0x00000000e3200000, 0x00000000e3300000, 0x00000000e3300000|100%| O|  |TAMS 0x00000000e3200000, 0x00000000e3200000| Untracked 
|  51|0x00000000e3300000, 0x00000000e3400000, 0x00000000e3400000|100%| O|  |TAMS 0x00000000e3300000, 0x00000000e3300000| Untracked 
|  52|0x00000000e3400000, 0x00000000e3500000, 0x00000000e3500000|100%| O|  |TAMS 0x00000000e3400000, 0x00000000e3400000| Untracked 
|  53|0x00000000e3500000, 0x00000000e3600000, 0x00000000e3600000|100%| O|  |TAMS 0x00000000e3500000, 0x00000000e3500000| Untracked 
|  54|0x00000000e3600000, 0x00000000e3700000, 0x00000000e3700000|100%| O|  |TAMS 0x00000000e3600000, 0x00000000e3600000| Untracked 
|  55|0x00000000e3700000, 0x00000000e3800000, 0x00000000e3800000|100%| O|  |TAMS 0x00000000e3700000, 0x00000000e3700000| Untracked 
|  56|0x00000000e3800000, 0x00000000e3900000, 0x00000000e3900000|100%| O|  |TAMS 0x00000000e3800000, 0x00000000e3800000| Untracked 
|  57|0x00000000e3900000, 0x00000000e3a00000, 0x00000000e3a00000|100%| O|  |TAMS 0x00000000e3900000, 0x00000000e3900000| Untracked 
|  58|0x00000000e3a00000, 0x00000000e3b00000, 0x00000000e3b00000|100%| O|  |TAMS 0x00000000e3a00000, 0x00000000e3a00000| Untracked 
|  59|0x00000000e3b00000, 0x00000000e3c00000, 0x00000000e3c00000|100%|HS|  |TAMS 0x00000000e3b00000, 0x00000000e3b00000| Complete 
|  60|0x00000000e3c00000, 0x00000000e3d00000, 0x00000000e3d00000|100%|HS|  |TAMS 0x00000000e3c00000, 0x00000000e3c00000| Complete 
|  61|0x00000000e3d00000, 0x00000000e3e00000, 0x00000000e3e00000|100%|HS|  |TAMS 0x00000000e3d00000, 0x00000000e3d00000| Complete 
|  62|0x00000000e3e00000, 0x00000000e3e00000, 0x00000000e3f00000|  0%| F|  |TAMS 0x00000000e3e00000, 0x00000000e3e00000| Untracked 
|  63|0x00000000e3f00000, 0x00000000e3f00000, 0x00000000e4000000|  0%| F|  |TAMS 0x00000000e3f00000, 0x00000000e3f00000| Untracked 
|  64|0x00000000e4000000, 0x00000000e4000000, 0x00000000e4100000|  0%| F|  |TAMS 0x00000000e4000000, 0x00000000e4000000| Untracked 
|  65|0x00000000e4100000, 0x00000000e4100000, 0x00000000e4200000|  0%| F|  |TAMS 0x00000000e4100000, 0x00000000e4100000| Untracked 
|  66|0x00000000e4200000, 0x00000000e4200000, 0x00000000e4300000|  0%| F|  |TAMS 0x00000000e4200000, 0x00000000e4200000| Untracked 
|  67|0x00000000e4300000, 0x00000000e4300000, 0x00000000e4400000|  0%| F|  |TAMS 0x00000000e4300000, 0x00000000e4300000| Untracked 
|  68|0x00000000e4400000, 0x00000000e4400000, 0x00000000e4500000|  0%| F|  |TAMS 0x00000000e4400000, 0x00000000e4400000| Untracked 
|  69|0x00000000e4500000, 0x00000000e4500000, 0x00000000e4600000|  0%| F|  |TAMS 0x00000000e4500000, 0x00000000e4500000| Untracked 
|  70|0x00000000e4600000, 0x00000000e4600000, 0x00000000e4700000|  0%| F|  |TAMS 0x00000000e4600000, 0x00000000e4600000| Untracked 
|  71|0x00000000e4700000, 0x00000000e4700000, 0x00000000e4800000|  0%| F|  |TAMS 0x00000000e4700000, 0x00000000e4700000| Untracked 
|  72|0x00000000e4800000, 0x00000000e4800000, 0x00000000e4900000|  0%| F|  |TAMS 0x00000000e4800000, 0x00000000e4800000| Untracked 
|  73|0x00000000e4900000, 0x00000000e4900000, 0x00000000e4a00000|  0%| F|  |TAMS 0x00000000e4900000, 0x00000000e4900000| Untracked 
|  74|0x00000000e4a00000, 0x00000000e4a00000, 0x00000000e4b00000|  0%| F|  |TAMS 0x00000000e4a00000, 0x00000000e4a00000| Untracked 
|  75|0x00000000e4b00000, 0x00000000e4b00000, 0x00000000e4c00000|  0%| F|  |TAMS 0x00000000e4b00000, 0x00000000e4b00000| Untracked 
|  76|0x00000000e4c00000, 0x00000000e4c00000, 0x00000000e4d00000|  0%| F|  |TAMS 0x00000000e4c00000, 0x00000000e4c00000| Untracked 
|  77|0x00000000e4d00000, 0x00000000e4d00000, 0x00000000e4e00000|  0%| F|  |TAMS 0x00000000e4d00000, 0x00000000e4d00000| Untracked 
|  78|0x00000000e4e00000, 0x00000000e4e00000, 0x00000000e4f00000|  0%| F|  |TAMS 0x00000000e4e00000, 0x00000000e4e00000| Untracked 
|  79|0x00000000e4f00000, 0x00000000e4f00000, 0x00000000e5000000|  0%| F|  |TAMS 0x00000000e4f00000, 0x00000000e4f00000| Untracked 
|  80|0x00000000e5000000, 0x00000000e5000000, 0x00000000e5100000|  0%| F|  |TAMS 0x00000000e5000000, 0x00000000e5000000| Untracked 
|  81|0x00000000e5100000, 0x00000000e5100000, 0x00000000e5200000|  0%| F|  |TAMS 0x00000000e5100000, 0x00000000e5100000| Untracked 
|  82|0x00000000e5200000, 0x00000000e5200000, 0x00000000e5300000|  0%| F|  |TAMS 0x00000000e5200000, 0x00000000e5200000| Untracked 
|  83|0x00000000e5300000, 0x00000000e5300000, 0x00000000e5400000|  0%| F|  |TAMS 0x00000000e5300000, 0x00000000e5300000| Untracked 
|  84|0x00000000e5400000, 0x00000000e5400000, 0x00000000e5500000|  0%| F|  |TAMS 0x00000000e5400000, 0x00000000e5400000| Untracked 
|  85|0x00000000e5500000, 0x00000000e5500000, 0x00000000e5600000|  0%| F|  |TAMS 0x00000000e5500000, 0x00000000e5500000| Untracked 
|  86|0x00000000e5600000, 0x00000000e5600000, 0x00000000e5700000|  0%| F|  |TAMS 0x00000000e5600000, 0x00000000e5600000| Untracked 
|  87|0x00000000e5700000, 0x00000000e5700000, 0x00000000e5800000|  0%| F|  |TAMS 0x00000000e5700000, 0x00000000e5700000| Untracked 
|  88|0x00000000e5800000, 0x00000000e5800000, 0x00000000e5900000|  0%| F|  |TAMS 0x00000000e5800000, 0x00000000e5800000| Untracked 
|  89|0x00000000e5900000, 0x00000000e5980000, 0x00000000e5a00000| 50%| S|CS|TAMS 0x00000000e5900000, 0x00000000e5900000| Complete 
|  90|0x00000000e5a00000, 0x00000000e5b00000, 0x00000000e5b00000|100%| S|CS|TAMS 0x00000000e5a00000, 0x00000000e5a00000| Complete 
|  91|0x00000000e5b00000, 0x00000000e5c00000, 0x00000000e5c00000|100%| S|CS|TAMS 0x00000000e5b00000, 0x00000000e5b00000| Complete 
|  92|0x00000000e5c00000, 0x00000000e5d00000, 0x00000000e5d00000|100%| S|CS|TAMS 0x00000000e5c00000, 0x00000000e5c00000| Complete 
|  93|0x00000000e5d00000, 0x00000000e5e00000, 0x00000000e5e00000|100%| S|CS|TAMS 0x00000000e5d00000, 0x00000000e5d00000| Complete 
|  94|0x00000000e5e00000, 0x00000000e5f00000, 0x00000000e5f00000|100%| S|CS|TAMS 0x00000000e5e00000, 0x00000000e5e00000| Complete 
|  95|0x00000000e5f00000, 0x00000000e6000000, 0x00000000e6000000|100%| S|CS|TAMS 0x00000000e5f00000, 0x00000000e5f00000| Complete 
|  96|0x00000000e6000000, 0x00000000e6100000, 0x00000000e6100000|100%| S|CS|TAMS 0x00000000e6000000, 0x00000000e6000000| Complete 
|  97|0x00000000e6100000, 0x00000000e6200000, 0x00000000e6200000|100%| S|CS|TAMS 0x00000000e6100000, 0x00000000e6100000| Complete 
|  98|0x00000000e6200000, 0x00000000e6300000, 0x00000000e6300000|100%| S|CS|TAMS 0x00000000e6200000, 0x00000000e6200000| Complete 
|  99|0x00000000e6300000, 0x00000000e6400000, 0x00000000e6400000|100%| S|CS|TAMS 0x00000000e6300000, 0x00000000e6300000| Complete 
| 100|0x00000000e6400000, 0x00000000e6500000, 0x00000000e6500000|100%| S|CS|TAMS 0x00000000e6400000, 0x00000000e6400000| Complete 
| 101|0x00000000e6500000, 0x00000000e6600000, 0x00000000e6600000|100%| S|CS|TAMS 0x00000000e6500000, 0x00000000e6500000| Complete 
| 102|0x00000000e6600000, 0x00000000e6700000, 0x00000000e6700000|100%| S|CS|TAMS 0x00000000e6600000, 0x00000000e6600000| Complete 
| 103|0x00000000e6700000, 0x00000000e6700000, 0x00000000e6800000|  0%| F|  |TAMS 0x00000000e6700000, 0x00000000e6700000| Untracked 
| 104|0x00000000e6800000, 0x00000000e6800000, 0x00000000e6900000|  0%| F|  |TAMS 0x00000000e6800000, 0x00000000e6800000| Untracked 
| 105|0x00000000e6900000, 0x00000000e6900000, 0x00000000e6a00000|  0%| F|  |TAMS 0x00000000e6900000, 0x00000000e6900000| Untracked 
| 106|0x00000000e6a00000, 0x00000000e6a00000, 0x00000000e6b00000|  0%| F|  |TAMS 0x00000000e6a00000, 0x00000000e6a00000| Untracked 
| 107|0x00000000e6b00000, 0x00000000e6b00000, 0x00000000e6c00000|  0%| F|  |TAMS 0x00000000e6b00000, 0x00000000e6b00000| Untracked 
| 108|0x00000000e6c00000, 0x00000000e6c00000, 0x00000000e6d00000|  0%| F|  |TAMS 0x00000000e6c00000, 0x00000000e6c00000| Untracked 
| 109|0x00000000e6d00000, 0x00000000e6d00000, 0x00000000e6e00000|  0%| F|  |TAMS 0x00000000e6d00000, 0x00000000e6d00000| Untracked 
| 110|0x00000000e6e00000, 0x00000000e6e00000, 0x00000000e6f00000|  0%| F|  |TAMS 0x00000000e6e00000, 0x00000000e6e00000| Untracked 
| 111|0x00000000e6f00000, 0x00000000e6f00000, 0x00000000e7000000|  0%| F|  |TAMS 0x00000000e6f00000, 0x00000000e6f00000| Untracked 
| 112|0x00000000e7000000, 0x00000000e7000000, 0x00000000e7100000|  0%| F|  |TAMS 0x00000000e7000000, 0x00000000e7000000| Untracked 
| 113|0x00000000e7100000, 0x00000000e7100000, 0x00000000e7200000|  0%| F|  |TAMS 0x00000000e7100000, 0x00000000e7100000| Untracked 
| 114|0x00000000e7200000, 0x00000000e7200000, 0x00000000e7300000|  0%| F|  |TAMS 0x00000000e7200000, 0x00000000e7200000| Untracked 
| 115|0x00000000e7300000, 0x00000000e7300000, 0x00000000e7400000|  0%| F|  |TAMS 0x00000000e7300000, 0x00000000e7300000| Untracked 
| 116|0x00000000e7400000, 0x00000000e7400000, 0x00000000e7500000|  0%| F|  |TAMS 0x00000000e7400000, 0x00000000e7400000| Untracked 
| 117|0x00000000e7500000, 0x00000000e7500000, 0x00000000e7600000|  0%| F|  |TAMS 0x00000000e7500000, 0x00000000e7500000| Untracked 
| 118|0x00000000e7600000, 0x00000000e7600000, 0x00000000e7700000|  0%| F|  |TAMS 0x00000000e7600000, 0x00000000e7600000| Untracked 
| 119|0x00000000e7700000, 0x00000000e7700000, 0x00000000e7800000|  0%| F|  |TAMS 0x00000000e7700000, 0x00000000e7700000| Untracked 
| 120|0x00000000e7800000, 0x00000000e7800000, 0x00000000e7900000|  0%| F|  |TAMS 0x00000000e7800000, 0x00000000e7800000| Untracked 
| 121|0x00000000e7900000, 0x00000000e7900000, 0x00000000e7a00000|  0%| F|  |TAMS 0x00000000e7900000, 0x00000000e7900000| Untracked 
| 122|0x00000000e7a00000, 0x00000000e7a00000, 0x00000000e7b00000|  0%| F|  |TAMS 0x00000000e7a00000, 0x00000000e7a00000| Untracked 
| 123|0x00000000e7b00000, 0x00000000e7b00000, 0x00000000e7c00000|  0%| F|  |TAMS 0x00000000e7b00000, 0x00000000e7b00000| Untracked 
| 124|0x00000000e7c00000, 0x00000000e7c00000, 0x00000000e7d00000|  0%| F|  |TAMS 0x00000000e7c00000, 0x00000000e7c00000| Untracked 
| 125|0x00000000e7d00000, 0x00000000e7d00000, 0x00000000e7e00000|  0%| F|  |TAMS 0x00000000e7d00000, 0x00000000e7d00000| Untracked 
| 126|0x00000000e7e00000, 0x00000000e7e00000, 0x00000000e7f00000|  0%| F|  |TAMS 0x00000000e7e00000, 0x00000000e7e00000| Untracked 
| 127|0x00000000e7f00000, 0x00000000e7f00000, 0x00000000e8000000|  0%| F|  |TAMS 0x00000000e7f00000, 0x00000000e7f00000| Untracked 
| 128|0x00000000e8000000, 0x00000000e8000000, 0x00000000e8100000|  0%| F|  |TAMS 0x00000000e8000000, 0x00000000e8000000| Untracked 
| 129|0x00000000e8100000, 0x00000000e8100000, 0x00000000e8200000|  0%| F|  |TAMS 0x00000000e8100000, 0x00000000e8100000| Untracked 
| 130|0x00000000e8200000, 0x00000000e8200000, 0x00000000e8300000|  0%| F|  |TAMS 0x00000000e8200000, 0x00000000e8200000| Untracked 
| 131|0x00000000e8300000, 0x00000000e8300000, 0x00000000e8400000|  0%| F|  |TAMS 0x00000000e8300000, 0x00000000e8300000| Untracked 
| 132|0x00000000e8400000, 0x00000000e8400000, 0x00000000e8500000|  0%| F|  |TAMS 0x00000000e8400000, 0x00000000e8400000| Untracked 
| 133|0x00000000e8500000, 0x00000000e8500000, 0x00000000e8600000|  0%| F|  |TAMS 0x00000000e8500000, 0x00000000e8500000| Untracked 
| 134|0x00000000e8600000, 0x00000000e8600000, 0x00000000e8700000|  0%| F|  |TAMS 0x00000000e8600000, 0x00000000e8600000| Untracked 
| 135|0x00000000e8700000, 0x00000000e8700000, 0x00000000e8800000|  0%| F|  |TAMS 0x00000000e8700000, 0x00000000e8700000| Untracked 
| 136|0x00000000e8800000, 0x00000000e8800000, 0x00000000e8900000|  0%| F|  |TAMS 0x00000000e8800000, 0x00000000e8800000| Untracked 
| 137|0x00000000e8900000, 0x00000000e8900000, 0x00000000e8a00000|  0%| F|  |TAMS 0x00000000e8900000, 0x00000000e8900000| Untracked 
| 138|0x00000000e8a00000, 0x00000000e8a00000, 0x00000000e8b00000|  0%| F|  |TAMS 0x00000000e8a00000, 0x00000000e8a00000| Untracked 
| 139|0x00000000e8b00000, 0x00000000e8b00000, 0x00000000e8c00000|  0%| F|  |TAMS 0x00000000e8b00000, 0x00000000e8b00000| Untracked 
| 140|0x00000000e8c00000, 0x00000000e8c00000, 0x00000000e8d00000|  0%| F|  |TAMS 0x00000000e8c00000, 0x00000000e8c00000| Untracked 
| 141|0x00000000e8d00000, 0x00000000e8d00000, 0x00000000e8e00000|  0%| F|  |TAMS 0x00000000e8d00000, 0x00000000e8d00000| Untracked 
| 142|0x00000000e8e00000, 0x00000000e8e00000, 0x00000000e8f00000|  0%| F|  |TAMS 0x00000000e8e00000, 0x00000000e8e00000| Untracked 
| 143|0x00000000e8f00000, 0x00000000e8f00000, 0x00000000e9000000|  0%| F|  |TAMS 0x00000000e8f00000, 0x00000000e8f00000| Untracked 
| 144|0x00000000e9000000, 0x00000000e9000000, 0x00000000e9100000|  0%| F|  |TAMS 0x00000000e9000000, 0x00000000e9000000| Untracked 
| 145|0x00000000e9100000, 0x00000000e9100000, 0x00000000e9200000|  0%| F|  |TAMS 0x00000000e9100000, 0x00000000e9100000| Untracked 
| 146|0x00000000e9200000, 0x00000000e9200000, 0x00000000e9300000|  0%| F|  |TAMS 0x00000000e9200000, 0x00000000e9200000| Untracked 
| 147|0x00000000e9300000, 0x00000000e9300000, 0x00000000e9400000|  0%| F|  |TAMS 0x00000000e9300000, 0x00000000e9300000| Untracked 
| 148|0x00000000e9400000, 0x00000000e9400000, 0x00000000e9500000|  0%| F|  |TAMS 0x00000000e9400000, 0x00000000e9400000| Untracked 
| 149|0x00000000e9500000, 0x00000000e9500000, 0x00000000e9600000|  0%| F|  |TAMS 0x00000000e9500000, 0x00000000e9500000| Untracked 
| 150|0x00000000e9600000, 0x00000000e9600000, 0x00000000e9700000|  0%| F|  |TAMS 0x00000000e9600000, 0x00000000e9600000| Untracked 
| 151|0x00000000e9700000, 0x00000000e9700000, 0x00000000e9800000|  0%| F|  |TAMS 0x00000000e9700000, 0x00000000e9700000| Untracked 
| 152|0x00000000e9800000, 0x00000000e9800000, 0x00000000e9900000|  0%| F|  |TAMS 0x00000000e9800000, 0x00000000e9800000| Untracked 
| 153|0x00000000e9900000, 0x00000000e9900000, 0x00000000e9a00000|  0%| F|  |TAMS 0x00000000e9900000, 0x00000000e9900000| Untracked 
| 154|0x00000000e9a00000, 0x00000000e9a00000, 0x00000000e9b00000|  0%| F|  |TAMS 0x00000000e9a00000, 0x00000000e9a00000| Untracked 
| 155|0x00000000e9b00000, 0x00000000e9b00000, 0x00000000e9c00000|  0%| F|  |TAMS 0x00000000e9b00000, 0x00000000e9b00000| Untracked 
| 156|0x00000000e9c00000, 0x00000000e9c00000, 0x00000000e9d00000|  0%| F|  |TAMS 0x00000000e9c00000, 0x00000000e9c00000| Untracked 
| 157|0x00000000e9d00000, 0x00000000e9d00000, 0x00000000e9e00000|  0%| F|  |TAMS 0x00000000e9d00000, 0x00000000e9d00000| Untracked 
| 158|0x00000000e9e00000, 0x00000000e9e00000, 0x00000000e9f00000|  0%| F|  |TAMS 0x00000000e9e00000, 0x00000000e9e00000| Untracked 
| 159|0x00000000e9f00000, 0x00000000e9f00000, 0x00000000ea000000|  0%| F|  |TAMS 0x00000000e9f00000, 0x00000000e9f00000| Untracked 
| 160|0x00000000ea000000, 0x00000000ea000000, 0x00000000ea100000|  0%| F|  |TAMS 0x00000000ea000000, 0x00000000ea000000| Untracked 
| 161|0x00000000ea100000, 0x00000000ea100000, 0x00000000ea200000|  0%| F|  |TAMS 0x00000000ea100000, 0x00000000ea100000| Untracked 
| 162|0x00000000ea200000, 0x00000000ea200000, 0x00000000ea300000|  0%| F|  |TAMS 0x00000000ea200000, 0x00000000ea200000| Untracked 
| 163|0x00000000ea300000, 0x00000000ea300000, 0x00000000ea400000|  0%| F|  |TAMS 0x00000000ea300000, 0x00000000ea300000| Untracked 
| 164|0x00000000ea400000, 0x00000000ea400000, 0x00000000ea500000|  0%| F|  |TAMS 0x00000000ea400000, 0x00000000ea400000| Untracked 
| 165|0x00000000ea500000, 0x00000000ea500000, 0x00000000ea600000|  0%| F|  |TAMS 0x00000000ea500000, 0x00000000ea500000| Untracked 
| 166|0x00000000ea600000, 0x00000000ea600000, 0x00000000ea700000|  0%| F|  |TAMS 0x00000000ea600000, 0x00000000ea600000| Untracked 
| 167|0x00000000ea700000, 0x00000000ea700000, 0x00000000ea800000|  0%| F|  |TAMS 0x00000000ea700000, 0x00000000ea700000| Untracked 
| 168|0x00000000ea800000, 0x00000000ea800000, 0x00000000ea900000|  0%| F|  |TAMS 0x00000000ea800000, 0x00000000ea800000| Untracked 
| 169|0x00000000ea900000, 0x00000000ea900000, 0x00000000eaa00000|  0%| F|  |TAMS 0x00000000ea900000, 0x00000000ea900000| Untracked 
| 170|0x00000000eaa00000, 0x00000000eaa00000, 0x00000000eab00000|  0%| F|  |TAMS 0x00000000eaa00000, 0x00000000eaa00000| Untracked 
| 171|0x00000000eab00000, 0x00000000eab00000, 0x00000000eac00000|  0%| F|  |TAMS 0x00000000eab00000, 0x00000000eab00000| Untracked 
| 172|0x00000000eac00000, 0x00000000eac00000, 0x00000000ead00000|  0%| F|  |TAMS 0x00000000eac00000, 0x00000000eac00000| Untracked 
| 173|0x00000000ead00000, 0x00000000ead00000, 0x00000000eae00000|  0%| F|  |TAMS 0x00000000ead00000, 0x00000000ead00000| Untracked 
| 174|0x00000000eae00000, 0x00000000eae00000, 0x00000000eaf00000|  0%| F|  |TAMS 0x00000000eae00000, 0x00000000eae00000| Untracked 
| 175|0x00000000eaf00000, 0x00000000eaf00000, 0x00000000eb000000|  0%| F|  |TAMS 0x00000000eaf00000, 0x00000000eaf00000| Untracked 
| 176|0x00000000eb000000, 0x00000000eb000000, 0x00000000eb100000|  0%| F|  |TAMS 0x00000000eb000000, 0x00000000eb000000| Untracked 
| 177|0x00000000eb100000, 0x00000000eb100000, 0x00000000eb200000|  0%| F|  |TAMS 0x00000000eb100000, 0x00000000eb100000| Untracked 
| 178|0x00000000eb200000, 0x00000000eb200000, 0x00000000eb300000|  0%| F|  |TAMS 0x00000000eb200000, 0x00000000eb200000| Untracked 
| 179|0x00000000eb300000, 0x00000000eb300000, 0x00000000eb400000|  0%| F|  |TAMS 0x00000000eb300000, 0x00000000eb300000| Untracked 
| 180|0x00000000eb400000, 0x00000000eb400000, 0x00000000eb500000|  0%| F|  |TAMS 0x00000000eb400000, 0x00000000eb400000| Untracked 
| 181|0x00000000eb500000, 0x00000000eb500000, 0x00000000eb600000|  0%| F|  |TAMS 0x00000000eb500000, 0x00000000eb500000| Untracked 
| 182|0x00000000eb600000, 0x00000000eb600000, 0x00000000eb700000|  0%| F|  |TAMS 0x00000000eb600000, 0x00000000eb600000| Untracked 
| 183|0x00000000eb700000, 0x00000000eb700000, 0x00000000eb800000|  0%| F|  |TAMS 0x00000000eb700000, 0x00000000eb700000| Untracked 
| 184|0x00000000eb800000, 0x00000000eb800000, 0x00000000eb900000|  0%| F|  |TAMS 0x00000000eb800000, 0x00000000eb800000| Untracked 
| 185|0x00000000eb900000, 0x00000000eb900000, 0x00000000eba00000|  0%| F|  |TAMS 0x00000000eb900000, 0x00000000eb900000| Untracked 
| 186|0x00000000eba00000, 0x00000000eba00000, 0x00000000ebb00000|  0%| F|  |TAMS 0x00000000eba00000, 0x00000000eba00000| Untracked 
| 187|0x00000000ebb00000, 0x00000000ebb00000, 0x00000000ebc00000|  0%| F|  |TAMS 0x00000000ebb00000, 0x00000000ebb00000| Untracked 
| 188|0x00000000ebc00000, 0x00000000ebc00000, 0x00000000ebd00000|  0%| F|  |TAMS 0x00000000ebc00000, 0x00000000ebc00000| Untracked 
| 189|0x00000000ebd00000, 0x00000000ebd00000, 0x00000000ebe00000|  0%| F|  |TAMS 0x00000000ebd00000, 0x00000000ebd00000| Untracked 
| 190|0x00000000ebe00000, 0x00000000ebe33570, 0x00000000ebf00000| 20%| E|  |TAMS 0x00000000ebe00000, 0x00000000ebe00000| Complete 
| 191|0x00000000ebf00000, 0x00000000ec000000, 0x00000000ec000000|100%| E|CS|TAMS 0x00000000ebf00000, 0x00000000ebf00000| Complete 
| 192|0x00000000ec000000, 0x00000000ec100000, 0x00000000ec100000|100%| E|  |TAMS 0x00000000ec000000, 0x00000000ec000000| Complete 
| 193|0x00000000ec100000, 0x00000000ec200000, 0x00000000ec200000|100%| E|CS|TAMS 0x00000000ec100000, 0x00000000ec100000| Complete 
| 194|0x00000000ec200000, 0x00000000ec300000, 0x00000000ec300000|100%| E|CS|TAMS 0x00000000ec200000, 0x00000000ec200000| Complete 
| 195|0x00000000ec300000, 0x00000000ec400000, 0x00000000ec400000|100%| E|CS|TAMS 0x00000000ec300000, 0x00000000ec300000| Complete 
| 196|0x00000000ec400000, 0x00000000ec500000, 0x00000000ec500000|100%| E|CS|TAMS 0x00000000ec400000, 0x00000000ec400000| Complete 
| 197|0x00000000ec500000, 0x00000000ec600000, 0x00000000ec600000|100%| E|CS|TAMS 0x00000000ec500000, 0x00000000ec500000| Complete 
| 198|0x00000000ec600000, 0x00000000ec700000, 0x00000000ec700000|100%| E|CS|TAMS 0x00000000ec600000, 0x00000000ec600000| Complete 
| 199|0x00000000ec700000, 0x00000000ec800000, 0x00000000ec800000|100%| E|CS|TAMS 0x00000000ec700000, 0x00000000ec700000| Complete 
| 200|0x00000000ec800000, 0x00000000ec900000, 0x00000000ec900000|100%| E|CS|TAMS 0x00000000ec800000, 0x00000000ec800000| Complete 
| 201|0x00000000ec900000, 0x00000000eca00000, 0x00000000eca00000|100%| E|CS|TAMS 0x00000000ec900000, 0x00000000ec900000| Complete 
| 202|0x00000000eca00000, 0x00000000ecb00000, 0x00000000ecb00000|100%| E|CS|TAMS 0x00000000eca00000, 0x00000000eca00000| Complete 
| 203|0x00000000ecb00000, 0x00000000ecc00000, 0x00000000ecc00000|100%| E|CS|TAMS 0x00000000ecb00000, 0x00000000ecb00000| Complete 
| 204|0x00000000ecc00000, 0x00000000ecd00000, 0x00000000ecd00000|100%| E|CS|TAMS 0x00000000ecc00000, 0x00000000ecc00000| Complete 
| 205|0x00000000ecd00000, 0x00000000ece00000, 0x00000000ece00000|100%| E|CS|TAMS 0x00000000ecd00000, 0x00000000ecd00000| Complete 
| 206|0x00000000ece00000, 0x00000000ecf00000, 0x00000000ecf00000|100%| E|CS|TAMS 0x00000000ece00000, 0x00000000ece00000| Complete 
| 207|0x00000000ecf00000, 0x00000000ed000000, 0x00000000ed000000|100%| E|CS|TAMS 0x00000000ecf00000, 0x00000000ecf00000| Complete 
| 208|0x00000000ed000000, 0x00000000ed100000, 0x00000000ed100000|100%| E|CS|TAMS 0x00000000ed000000, 0x00000000ed000000| Complete 
| 209|0x00000000ed100000, 0x00000000ed200000, 0x00000000ed200000|100%| E|CS|TAMS 0x00000000ed100000, 0x00000000ed100000| Complete 
| 210|0x00000000ed200000, 0x00000000ed300000, 0x00000000ed300000|100%| E|CS|TAMS 0x00000000ed200000, 0x00000000ed200000| Complete 
| 211|0x00000000ed300000, 0x00000000ed400000, 0x00000000ed400000|100%| E|CS|TAMS 0x00000000ed300000, 0x00000000ed300000| Complete 
| 212|0x00000000ed400000, 0x00000000ed500000, 0x00000000ed500000|100%| E|CS|TAMS 0x00000000ed400000, 0x00000000ed400000| Complete 
| 213|0x00000000ed500000, 0x00000000ed600000, 0x00000000ed600000|100%| E|CS|TAMS 0x00000000ed500000, 0x00000000ed500000| Complete 
| 214|0x00000000ed600000, 0x00000000ed700000, 0x00000000ed700000|100%| E|CS|TAMS 0x00000000ed600000, 0x00000000ed600000| Complete 
| 215|0x00000000ed700000, 0x00000000ed800000, 0x00000000ed800000|100%| E|CS|TAMS 0x00000000ed700000, 0x00000000ed700000| Complete 
| 216|0x00000000ed800000, 0x00000000ed900000, 0x00000000ed900000|100%| E|CS|TAMS 0x00000000ed800000, 0x00000000ed800000| Complete 
| 217|0x00000000ed900000, 0x00000000eda00000, 0x00000000eda00000|100%| E|CS|TAMS 0x00000000ed900000, 0x00000000ed900000| Complete 
| 218|0x00000000eda00000, 0x00000000edb00000, 0x00000000edb00000|100%| E|CS|TAMS 0x00000000eda00000, 0x00000000eda00000| Complete 
| 219|0x00000000edb00000, 0x00000000edc00000, 0x00000000edc00000|100%| E|CS|TAMS 0x00000000edb00000, 0x00000000edb00000| Complete 
| 220|0x00000000edc00000, 0x00000000edd00000, 0x00000000edd00000|100%| E|CS|TAMS 0x00000000edc00000, 0x00000000edc00000| Complete 
| 221|0x00000000edd00000, 0x00000000ede00000, 0x00000000ede00000|100%| E|CS|TAMS 0x00000000edd00000, 0x00000000edd00000| Complete 
| 222|0x00000000ede00000, 0x00000000edf00000, 0x00000000edf00000|100%| E|CS|TAMS 0x00000000ede00000, 0x00000000ede00000| Complete 
| 223|0x00000000edf00000, 0x00000000ee000000, 0x00000000ee000000|100%| E|CS|TAMS 0x00000000edf00000, 0x00000000edf00000| Complete 
| 224|0x00000000ee000000, 0x00000000ee100000, 0x00000000ee100000|100%| E|CS|TAMS 0x00000000ee000000, 0x00000000ee000000| Complete 
| 225|0x00000000ee100000, 0x00000000ee200000, 0x00000000ee200000|100%| E|CS|TAMS 0x00000000ee100000, 0x00000000ee100000| Complete 
| 226|0x00000000ee200000, 0x00000000ee300000, 0x00000000ee300000|100%| E|CS|TAMS 0x00000000ee200000, 0x00000000ee200000| Complete 
| 227|0x00000000ee300000, 0x00000000ee400000, 0x00000000ee400000|100%| E|CS|TAMS 0x00000000ee300000, 0x00000000ee300000| Complete 
| 228|0x00000000ee400000, 0x00000000ee500000, 0x00000000ee500000|100%| E|CS|TAMS 0x00000000ee400000, 0x00000000ee400000| Complete 
| 229|0x00000000ee500000, 0x00000000ee600000, 0x00000000ee600000|100%| E|CS|TAMS 0x00000000ee500000, 0x00000000ee500000| Complete 
| 230|0x00000000ee600000, 0x00000000ee700000, 0x00000000ee700000|100%| E|CS|TAMS 0x00000000ee600000, 0x00000000ee600000| Complete 
| 231|0x00000000ee700000, 0x00000000ee800000, 0x00000000ee800000|100%| E|CS|TAMS 0x00000000ee700000, 0x00000000ee700000| Complete 
| 232|0x00000000ee800000, 0x00000000ee900000, 0x00000000ee900000|100%| E|CS|TAMS 0x00000000ee800000, 0x00000000ee800000| Complete 
| 233|0x00000000ee900000, 0x00000000eea00000, 0x00000000eea00000|100%| E|CS|TAMS 0x00000000ee900000, 0x00000000ee900000| Complete 
| 234|0x00000000eea00000, 0x00000000eeb00000, 0x00000000eeb00000|100%| E|CS|TAMS 0x00000000eea00000, 0x00000000eea00000| Complete 
| 235|0x00000000eeb00000, 0x00000000eec00000, 0x00000000eec00000|100%| E|CS|TAMS 0x00000000eeb00000, 0x00000000eeb00000| Complete 
| 236|0x00000000eec00000, 0x00000000eed00000, 0x00000000eed00000|100%| E|CS|TAMS 0x00000000eec00000, 0x00000000eec00000| Complete 
| 237|0x00000000eed00000, 0x00000000eee00000, 0x00000000eee00000|100%| E|CS|TAMS 0x00000000eed00000, 0x00000000eed00000| Complete 
| 238|0x00000000eee00000, 0x00000000eef00000, 0x00000000eef00000|100%| E|CS|TAMS 0x00000000eee00000, 0x00000000eee00000| Complete 
| 239|0x00000000eef00000, 0x00000000ef000000, 0x00000000ef000000|100%| E|CS|TAMS 0x00000000eef00000, 0x00000000eef00000| Complete 
| 240|0x00000000ef000000, 0x00000000ef100000, 0x00000000ef100000|100%| E|CS|TAMS 0x00000000ef000000, 0x00000000ef000000| Complete 
| 241|0x00000000ef100000, 0x00000000ef200000, 0x00000000ef200000|100%| E|CS|TAMS 0x00000000ef100000, 0x00000000ef100000| Complete 
| 242|0x00000000ef200000, 0x00000000ef300000, 0x00000000ef300000|100%| E|CS|TAMS 0x00000000ef200000, 0x00000000ef200000| Complete 
| 243|0x00000000ef300000, 0x00000000ef400000, 0x00000000ef400000|100%| E|CS|TAMS 0x00000000ef300000, 0x00000000ef300000| Complete 
| 244|0x00000000ef400000, 0x00000000ef500000, 0x00000000ef500000|100%| E|CS|TAMS 0x00000000ef400000, 0x00000000ef400000| Complete 
| 245|0x00000000ef500000, 0x00000000ef600000, 0x00000000ef600000|100%| E|CS|TAMS 0x00000000ef500000, 0x00000000ef500000| Complete 
| 246|0x00000000ef600000, 0x00000000ef700000, 0x00000000ef700000|100%| E|CS|TAMS 0x00000000ef600000, 0x00000000ef600000| Complete 
| 247|0x00000000ef700000, 0x00000000ef800000, 0x00000000ef800000|100%| E|CS|TAMS 0x00000000ef700000, 0x00000000ef700000| Complete 
| 248|0x00000000ef800000, 0x00000000ef900000, 0x00000000ef900000|100%| E|CS|TAMS 0x00000000ef800000, 0x00000000ef800000| Complete 
| 249|0x00000000ef900000, 0x00000000efa00000, 0x00000000efa00000|100%| E|CS|TAMS 0x00000000ef900000, 0x00000000ef900000| Complete 
| 250|0x00000000efa00000, 0x00000000efb00000, 0x00000000efb00000|100%| E|CS|TAMS 0x00000000efa00000, 0x00000000efa00000| Complete 
| 251|0x00000000efb00000, 0x00000000efc00000, 0x00000000efc00000|100%| E|CS|TAMS 0x00000000efb00000, 0x00000000efb00000| Complete 
| 252|0x00000000efc00000, 0x00000000efd00000, 0x00000000efd00000|100%| E|CS|TAMS 0x00000000efc00000, 0x00000000efc00000| Complete 
| 253|0x00000000efd00000, 0x00000000efe00000, 0x00000000efe00000|100%| E|CS|TAMS 0x00000000efd00000, 0x00000000efd00000| Complete 
| 254|0x00000000efe00000, 0x00000000eff00000, 0x00000000eff00000|100%| E|CS|TAMS 0x00000000efe00000, 0x00000000efe00000| Complete 
| 255|0x00000000eff00000, 0x00000000f0000000, 0x00000000f0000000|100%| E|CS|TAMS 0x00000000eff00000, 0x00000000eff00000| Complete 

Card table byte_map: [0x00000232cae70000,0x00000232caf70000] _byte_map_base: 0x00000232ca770000

Marking Bits (Prev, Next): (CMBitMap*) 0x00000232cb1d3e60, (CMBitMap*) 0x00000232cb1d3ea0
 Prev Bits: [0x00000232e1a40000, 0x00000232e2240000)
 Next Bits: [0x00000232e2240000, 0x00000232e2a40000)

Polling page: 0x00000232c90d0000

Metaspace:

Usage:
  Non-class:     56.81 MB used.
      Class:      8.89 MB used.
       Both:     65.70 MB used.

Virtual space:
  Non-class space:       64.00 MB reserved,      57.12 MB ( 89%) committed,  1 nodes.
      Class space:      320.00 MB reserved,       9.19 MB (  3%) committed,  1 nodes.
             Both:      384.00 MB reserved,      66.31 MB ( 17%) committed. 

Chunk freelists:
   Non-Class:  6.60 MB
       Class:  6.69 MB
        Both:  13.29 MB

MaxMetaspaceSize: 384.00 MB
CompressedClassSpaceSize: 320.00 MB
Initial GC threshold: 21.00 MB
Current GC threshold: 106.06 MB
CDS: on
MetaspaceReclaimPolicy: balanced
 - commit_granule_bytes: 65536.
 - commit_granule_words: 8192.
 - virtual_space_node_default_size: 8388608.
 - enlarge_chunks_in_place: 1.
 - new_chunks_are_fully_committed: 0.
 - uncommit_free_chunks: 1.
 - use_allocation_guard: 0.
 - handle_deallocations: 1.


Internal statistics:

num_allocs_failed_limit: 12.
num_arena_births: 684.
num_arena_deaths: 0.
num_vsnodes_births: 2.
num_vsnodes_deaths: 0.
num_space_committed: 1061.
num_space_uncommitted: 0.
num_chunks_returned_to_freelist: 12.
num_chunks_taken_from_freelist: 3459.
num_chunk_merges: 12.
num_chunk_splits: 2286.
num_chunks_enlarged: 1530.
num_purges: 0.
num_inconsistent_stats: 0.

CodeHeap 'non-profiled nmethods': size=120064Kb used=5783Kb max_used=5783Kb free=114280Kb
 bounds [0x00000232da500000, 0x00000232daab0000, 0x00000232e1a40000]
CodeHeap 'profiled nmethods': size=120000Kb used=21414Kb max_used=21414Kb free=98585Kb
 bounds [0x00000232d2a40000, 0x00000232d3f30000, 0x00000232d9f70000]
CodeHeap 'non-nmethods': size=5696Kb used=2348Kb max_used=2394Kb free=3347Kb
 bounds [0x00000232d9f70000, 0x00000232da1e0000, 0x00000232da500000]
 total_blobs=10965 nmethods=10094 adapters=782
 compilation: enabled
              stopped_count=0, restarted_count=0
 full_count=0

Compilation events (20 events):
Event: 39.452 Thread 0x00000232e4ded250 nmethod 11634 0x00000232daaa3390 code [0x00000232daaa3540, 0x00000232daaa3af8]
Event: 39.508 Thread 0x00000232e4e5ca60 11657       3       java.lang.ThreadLocal$ThreadLocalMap$Entry::<init> (11 bytes)
Event: 39.508 Thread 0x00000232e4e5ca60 nmethod 11657 0x00000232d3f24790 code [0x00000232d3f24960, 0x00000232d3f24d38]
Event: 39.538 Thread 0x00000232e4ded250 11658       4       java.lang.StringConcatHelper::mix (27 bytes)
Event: 39.539 Thread 0x00000232e4ded250 nmethod 11658 0x00000232daaa4890 code [0x00000232daaa4a00, 0x00000232daaa4ab8]
Event: 40.559 Thread 0x00000232e4ded250 11659       4       java.util.stream.ReferencePipeline$2::opWrapSink (10 bytes)
Event: 40.561 Thread 0x00000232e4ded250 nmethod 11659 0x00000232daaa4c10 code [0x00000232daaa4da0, 0x00000232daaa4f78]
Event: 41.808 Thread 0x00000232e4ded250 11660       4       org.gradle.internal.logging.text.AbstractLineChoppingStyledTextOutput$1::execute (9 bytes)
Event: 41.808 Thread 0x00000232e4e5ca60 11661       2       org.gradle.internal.logging.text.AbstractLineChoppingStyledTextOutput$1::execute (140 bytes)
Event: 41.809 Thread 0x00000232e4e5ca60 nmethod 11661 0x00000232d3f24e90 code [0x00000232d3f250c0, 0x00000232d3f25598]
Event: 41.809 Thread 0x00000232e4e5ca60 11662       2       org.gradle.internal.logging.text.AbstractLineChoppingStyledTextOutput$2::execute (77 bytes)
Event: 41.809 Thread 0x00000232e4e5ca60 nmethod 11662 0x00000232d3f25a10 code [0x00000232d3f25c20, 0x00000232d3f26008]
Event: 41.809 Thread 0x00000232e4e5ca60 11664       3       java.nio.Buffer::position (52 bytes)
Event: 41.809 Thread 0x00000232e4e5ca60 nmethod 11664 0x00000232d3f26290 code [0x00000232d3f26440, 0x00000232d3f266c8]
Event: 41.810 Thread 0x00000232e4e5ca60 11665       3       org.gradle.internal.io.LineBufferingOutputStream::write (59 bytes)
Event: 41.811 Thread 0x00000232e4e5ca60 nmethod 11665 0x00000232d3f26790 code [0x00000232d3f26a40, 0x00000232d3f27878]
Event: 41.811 Thread 0x00000232e4e5ca60 11666       3       org.gradle.internal.io.StreamByteBuffer$StreamByteBufferOutputStream::write (22 bytes)
Event: 41.811 Thread 0x00000232e4e5ca60 nmethod 11666 0x00000232d3f27e10 code [0x00000232d3f27fc0, 0x00000232d3f28198]
Event: 41.815 Thread 0x00000232e4ded250 nmethod 11660 0x00000232daaa5090 code [0x00000232daaa5280, 0x00000232daaa5948]
Event: 41.815 Thread 0x00000232e4ded250 11663       4       org.gradle.internal.logging.text.AbstractLineChoppingStyledTextOutput::doAppend (43 bytes)

GC Heap History (20 events):
Event: 1.397 GC heap before
{Heap before GC invocations=1 (full 0):
 garbage-first heap   total 262144K, used 15710K [0x00000000e0000000, 0x0000000100000000)
  region size 1024K, 12 young (12288K), 2 survivors (2048K)
 Metaspace       used 2900K, committed 3072K, reserved 393216K
  class space    used 363K, committed 448K, reserved 327680K
}
Event: 1.402 GC heap after
{Heap after GC invocations=2 (full 0):
 garbage-first heap   total 262144K, used 10565K [0x00000000e0000000, 0x0000000100000000)
  region size 1024K, 2 young (2048K), 2 survivors (2048K)
 Metaspace       used 2900K, committed 3072K, reserved 393216K
  class space    used 363K, committed 448K, reserved 327680K
}
Event: 1.856 GC heap before
{Heap before GC invocations=2 (full 0):
 garbage-first heap   total 262144K, used 21829K [0x00000000e0000000, 0x0000000100000000)
  region size 1024K, 14 young (14336K), 2 survivors (2048K)
 Metaspace       used 3964K, committed 4160K, reserved 393216K
  class space    used 491K, committed 576K, reserved 327680K
}
Event: 1.860 GC heap after
{Heap after GC invocations=3 (full 0):
 garbage-first heap   total 262144K, used 11405K [0x00000000e0000000, 0x0000000100000000)
  region size 1024K, 1 young (1024K), 1 survivors (1024K)
 Metaspace       used 3964K, committed 4160K, reserved 393216K
  class space    used 491K, committed 576K, reserved 327680K
}
Event: 2.523 GC heap before
{Heap before GC invocations=3 (full 0):
 garbage-first heap   total 262144K, used 33933K [0x00000000e0000000, 0x0000000100000000)
  region size 1024K, 22 young (22528K), 1 survivors (1024K)
 Metaspace       used 4043K, committed 4224K, reserved 393216K
  class space    used 492K, committed 576K, reserved 327680K
}
Event: 2.526 GC heap after
{Heap after GC invocations=4 (full 0):
 garbage-first heap   total 262144K, used 12557K [0x00000000e0000000, 0x0000000100000000)
  region size 1024K, 2 young (2048K), 2 survivors (2048K)
 Metaspace       used 4043K, committed 4224K, reserved 393216K
  class space    used 492K, committed 576K, reserved 327680K
}
Event: 8.492 GC heap before
{Heap before GC invocations=4 (full 0):
 garbage-first heap   total 262144K, used 127245K [0x00000000e0000000, 0x0000000100000000)
  region size 1024K, 115 young (117760K), 2 survivors (2048K)
 Metaspace       used 21256K, committed 21504K, reserved 393216K
  class space    used 3100K, committed 3200K, reserved 327680K
}
Event: 8.513 GC heap after
{Heap after GC invocations=5 (full 0):
 garbage-first heap   total 262144K, used 22955K [0x00000000e0000000, 0x0000000100000000)
  region size 1024K, 12 young (12288K), 12 survivors (12288K)
 Metaspace       used 21256K, committed 21504K, reserved 393216K
  class space    used 3100K, committed 3200K, reserved 327680K
}
Event: 13.019 GC heap before
{Heap before GC invocations=6 (full 0):
 garbage-first heap   total 262144K, used 121259K [0x00000000e0000000, 0x0000000100000000)
  region size 1024K, 109 young (111616K), 12 survivors (12288K)
 Metaspace       used 33873K, committed 34304K, reserved 393216K
  class space    used 4798K, committed 4992K, reserved 327680K
}
Event: 13.051 GC heap after
{Heap after GC invocations=7 (full 0):
 garbage-first heap   total 262144K, used 30339K [0x00000000e0000000, 0x0000000100000000)
  region size 1024K, 8 young (8192K), 8 survivors (8192K)
 Metaspace       used 33873K, committed 34304K, reserved 393216K
  class space    used 4798K, committed 4992K, reserved 327680K
}
Event: 13.259 GC heap before
{Heap before GC invocations=7 (full 0):
 garbage-first heap   total 262144K, used 41603K [0x00000000e0000000, 0x0000000100000000)
  region size 1024K, 19 young (19456K), 8 survivors (8192K)
 Metaspace       used 35640K, committed 35968K, reserved 393216K
  class space    used 4949K, committed 5120K, reserved 327680K
}
Event: 13.275 GC heap after
{Heap after GC invocations=8 (full 0):
 garbage-first heap   total 262144K, used 30720K [0x00000000e0000000, 0x0000000100000000)
  region size 1024K, 1 young (1024K), 1 survivors (1024K)
 Metaspace       used 35640K, committed 35968K, reserved 393216K
  class space    used 4949K, committed 5120K, reserved 327680K
}
Event: 18.211 GC heap before
{Heap before GC invocations=9 (full 0):
 garbage-first heap   total 262144K, used 177152K [0x00000000e0000000, 0x0000000100000000)
  region size 1024K, 139 young (142336K), 1 survivors (1024K)
 Metaspace       used 47240K, committed 47744K, reserved 393216K
  class space    used 6705K, committed 6976K, reserved 327680K
}
Event: 18.246 GC heap after
{Heap after GC invocations=10 (full 0):
 garbage-first heap   total 262144K, used 40580K [0x00000000e0000000, 0x0000000100000000)
  region size 1024K, 11 young (11264K), 11 survivors (11264K)
 Metaspace       used 47240K, committed 47744K, reserved 393216K
  class space    used 6705K, committed 6976K, reserved 327680K
}
Event: 25.631 GC heap before
{Heap before GC invocations=10 (full 0):
 garbage-first heap   total 262144K, used 184964K [0x00000000e0000000, 0x0000000100000000)
  region size 1024K, 153 young (156672K), 11 survivors (11264K)
 Metaspace       used 53989K, committed 54464K, reserved 393216K
  class space    used 7509K, committed 7744K, reserved 327680K
}
Event: 25.679 GC heap after
{Heap after GC invocations=11 (full 0):
 garbage-first heap   total 262144K, used 47761K [0x00000000e0000000, 0x0000000100000000)
  region size 1024K, 7 young (7168K), 7 survivors (7168K)
 Metaspace       used 53989K, committed 54464K, reserved 393216K
  class space    used 7509K, committed 7744K, reserved 327680K
}
Event: 28.629 GC heap before
{Heap before GC invocations=11 (full 0):
 garbage-first heap   total 262144K, used 111249K [0x00000000e0000000, 0x0000000100000000)
  region size 1024K, 71 young (72704K), 7 survivors (7168K)
 Metaspace       used 59755K, committed 60288K, reserved 393216K
  class space    used 8249K, committed 8512K, reserved 327680K
}
Event: 28.671 GC heap after
{Heap after GC invocations=12 (full 0):
 garbage-first heap   total 262144K, used 59537K [0x00000000e0000000, 0x0000000100000000)
  region size 1024K, 19 young (19456K), 19 survivors (19456K)
 Metaspace       used 59755K, committed 60288K, reserved 393216K
  class space    used 8249K, committed 8512K, reserved 327680K
}
Event: 34.910 GC heap before
{Heap before GC invocations=13 (full 0):
 garbage-first heap   total 262144K, used 196753K [0x00000000e0000000, 0x0000000100000000)
  region size 1024K, 153 young (156672K), 19 survivors (19456K)
 Metaspace       used 64557K, committed 65152K, reserved 393216K
  class space    used 8751K, committed 9024K, reserved 327680K
}
Event: 35.000 GC heap after
{Heap after GC invocations=14 (full 0):
 garbage-first heap   total 262144K, used 74240K [0x00000000e0000000, 0x0000000100000000)
  region size 1024K, 14 young (14336K), 14 survivors (14336K)
 Metaspace       used 64557K, committed 65152K, reserved 393216K
  class space    used 8751K, committed 9024K, reserved 327680K
}

Deoptimization events (20 events):
Event: 39.298 Thread 0x00000232801a3870 DEOPT PACKING pc=0x00000232d2eba629 sp=0x000000c82ebf9d90
Event: 39.298 Thread 0x00000232801a3870 DEOPT UNPACKING pc=0x00000232d9fc2b43 sp=0x000000c82ebf9330 mode 0
Event: 39.302 Thread 0x00000232801a3870 DEOPT PACKING pc=0x00000232d2b1c93d sp=0x000000c82ebf9c10
Event: 39.302 Thread 0x00000232801a3870 DEOPT UNPACKING pc=0x00000232d9fc2b43 sp=0x000000c82ebf9098 mode 0
Event: 39.316 Thread 0x00000232801a3870 DEOPT PACKING pc=0x00000232d2eba629 sp=0x000000c82ebf9d90
Event: 39.316 Thread 0x00000232801a3870 DEOPT UNPACKING pc=0x00000232d9fc2b43 sp=0x000000c82ebf9330 mode 0
Event: 39.317 Thread 0x00000232801a3870 DEOPT PACKING pc=0x00000232d3bc79bc sp=0x000000c82ebf9ab0
Event: 39.317 Thread 0x00000232801a3870 DEOPT UNPACKING pc=0x00000232d9fc2b43 sp=0x000000c82ebf9030 mode 0
Event: 39.324 Thread 0x00000232801a3870 DEOPT PACKING pc=0x00000232d2eba367 sp=0x000000c82ebf9d90
Event: 39.324 Thread 0x00000232801a3870 DEOPT UNPACKING pc=0x00000232d9fc2b43 sp=0x000000c82ebf9320 mode 0
Event: 39.326 Thread 0x00000232801a3870 DEOPT PACKING pc=0x00000232d2b1c93d sp=0x000000c82ebf9c80
Event: 39.326 Thread 0x00000232801a3870 DEOPT UNPACKING pc=0x00000232d9fc2b43 sp=0x000000c82ebf9108 mode 0
Event: 39.349 Thread 0x00000232801a3870 DEOPT PACKING pc=0x00000232d3bc79bc sp=0x000000c82ebf9080
Event: 39.349 Thread 0x00000232801a3870 DEOPT UNPACKING pc=0x00000232d9fc2b43 sp=0x000000c82ebf8600 mode 0
Event: 39.353 Thread 0x00000232801a3870 DEOPT PACKING pc=0x00000232d2b1c93d sp=0x000000c82ebf9250
Event: 39.353 Thread 0x00000232801a3870 DEOPT UNPACKING pc=0x00000232d9fc2b43 sp=0x000000c82ebf86d8 mode 0
Event: 39.383 Thread 0x00000232801a3870 DEOPT PACKING pc=0x00000232d2b1c93d sp=0x000000c82ebf9250
Event: 39.383 Thread 0x00000232801a3870 DEOPT UNPACKING pc=0x00000232d9fc2b43 sp=0x000000c82ebf86d8 mode 0
Event: 39.385 Thread 0x00000232801a3870 DEOPT PACKING pc=0x00000232d3bc79bc sp=0x000000c82ebf9080
Event: 39.385 Thread 0x00000232801a3870 DEOPT UNPACKING pc=0x00000232d9fc2b43 sp=0x000000c82ebf8600 mode 0

Classes unloaded (0 events):
No events

Classes redefined (0 events):
No events

Internal exceptions (20 events):
Event: 37.537 Thread 0x00000232801a3d40 Exception <a 'sun/nio/fs/WindowsException'{0x00000000ee52fc80}> (0x00000000ee52fc80) 
thrown [s\open\src\hotspot\share\prims\jni.cpp, line 516]
Event: 37.538 Thread 0x00000232801a3d40 Exception <a 'sun/nio/fs/WindowsException'{0x00000000ee5310a0}> (0x00000000ee5310a0) 
thrown [s\open\src\hotspot\share\prims\jni.cpp, line 516]
Event: 37.538 Thread 0x00000232801a3d40 Exception <a 'sun/nio/fs/WindowsException'{0x00000000ee531fc8}> (0x00000000ee531fc8) 
thrown [s\open\src\hotspot\share\prims\jni.cpp, line 516]
Event: 37.549 Thread 0x00000232801a3d40 Exception <a 'sun/nio/fs/WindowsException'{0x00000000ee53eb18}> (0x00000000ee53eb18) 
thrown [s\open\src\hotspot\share\prims\jni.cpp, line 516]
Event: 37.550 Thread 0x00000232801a3d40 Exception <a 'sun/nio/fs/WindowsException'{0x00000000ee53ff40}> (0x00000000ee53ff40) 
thrown [s\open\src\hotspot\share\prims\jni.cpp, line 516]
Event: 37.550 Thread 0x00000232801a3d40 Exception <a 'sun/nio/fs/WindowsException'{0x00000000ee540ea8}> (0x00000000ee540ea8) 
thrown [s\open\src\hotspot\share\prims\jni.cpp, line 516]
Event: 37.642 Thread 0x00000232801a3d40 Exception <a 'sun/nio/fs/WindowsException'{0x00000000ee49ad60}> (0x00000000ee49ad60) 
thrown [s\open\src\hotspot\share\prims\jni.cpp, line 516]
Event: 37.642 Thread 0x00000232801a3d40 Exception <a 'sun/nio/fs/WindowsException'{0x00000000ee49c188}> (0x00000000ee49c188) 
thrown [s\open\src\hotspot\share\prims\jni.cpp, line 516]
Event: 37.642 Thread 0x00000232801a3d40 Exception <a 'sun/nio/fs/WindowsException'{0x00000000ee49d0f0}> (0x00000000ee49d0f0) 
thrown [s\open\src\hotspot\share\prims\jni.cpp, line 516]
Event: 38.847 Thread 0x00000232801a3870 Exception <a 'java/lang/NoSuchMethodError'{0x00000000edbfd9c8}: 'java.lang.Object java.lang.invoke.Invokers$Holder.invokeExact_MT(java.lang.Object, java.lang.Object, java.lang.Object)'> (0x00000000edbfd9c8) 
thrown [s\open\src\hotspot\share\interpreter\linkResolver.cpp, line 759]
Event: 39.180 Thread 0x00000232801a3870 Exception <a 'java/io/FileNotFoundException'{0x00000000ed16e870}> (0x00000000ed16e870) 
thrown [s\open\src\hotspot\share\prims\jni.cpp, line 516]
Event: 39.180 Thread 0x00000232801a3870 Exception <a 'java/io/FileNotFoundException'{0x00000000ed16fc30}> (0x00000000ed16fc30) 
thrown [s\open\src\hotspot\share\prims\jni.cpp, line 516]
Event: 39.296 Thread 0x00000232801a3870 Exception <a 'java/io/FileNotFoundException'{0x00000000eca02018}> (0x00000000eca02018) 
thrown [s\open\src\hotspot\share\prims\jni.cpp, line 516]
Event: 39.296 Thread 0x00000232801a3870 Exception <a 'java/io/FileNotFoundException'{0x00000000eca036f8}> (0x00000000eca036f8) 
thrown [s\open\src\hotspot\share\prims\jni.cpp, line 516]
Event: 39.332 Thread 0x00000232801a3870 Exception <a 'java/io/FileNotFoundException'{0x00000000ec5987c0}> (0x00000000ec5987c0) 
thrown [s\open\src\hotspot\share\prims\jni.cpp, line 516]
Event: 39.332 Thread 0x00000232801a3870 Exception <a 'java/io/FileNotFoundException'{0x00000000ec59a148}> (0x00000000ec59a148) 
thrown [s\open\src\hotspot\share\prims\jni.cpp, line 516]
Event: 39.470 Thread 0x00000232ff7c7fe0 Exception <a 'java/lang/NoSuchMethodError'{0x00000000ebf9ae20}: 'void java.lang.invoke.DirectMethodHandle$Holder.invokeStatic(java.lang.Object, long)'> (0x00000000ebf9ae20) 
thrown [s\open\src\hotspot\share\interpreter\linkResolver.cpp, line 759]
Event: 39.472 Thread 0x00000232ff7c7fe0 Exception <a 'java/lang/NoSuchMethodError'{0x00000000ebfa0430}: 'java.lang.Object java.lang.invoke.DirectMethodHandle$Holder.newInvokeSpecial(java.lang.Object, long)'> (0x00000000ebfa0430) 
thrown [s\open\src\hotspot\share\interpreter\linkResolver.cpp, line 759]
Event: 39.474 Thread 0x00000232ff7c7fe0 Exception <a 'java/lang/NoSuchMethodError'{0x00000000ebfa9ab0}: 'java.lang.Object java.lang.invoke.DirectMethodHandle$Holder.invokeStatic(java.lang.Object, java.lang.Object, long, java.lang.Object)'> (0x00000000ebfa9ab0) 
thrown [s\open\src\hotspot\share\interpreter\linkResolver.cpp, line 759]
Event: 39.474 Thread 0x00000232ff7c7fe0 Exception <a 'java/lang/NoSuchMethodError'{0x00000000ebfad288}: 'java.lang.Object java.lang.invoke.DirectMethodHandle$Holder.invokeStaticInit(java.lang.Object, java.lang.Object, long, java.lang.Object)'> (0x00000000ebfad288) 
thrown [s\open\src\hotspot\share\interpreter\linkResolver.cpp, line 759]

VM Operations (20 events):
Event: 36.567 Executing VM operation: HandshakeAllThreads
Event: 36.567 Executing VM operation: HandshakeAllThreads done
Event: 36.787 Executing VM operation: ICBufferFull
Event: 36.787 Executing VM operation: ICBufferFull done
Event: 37.247 Executing VM operation: ICBufferFull
Event: 37.247 Executing VM operation: ICBufferFull done
Event: 37.581 Executing VM operation: ICBufferFull
Event: 37.581 Executing VM operation: ICBufferFull done
Event: 38.126 Executing VM operation: HandshakeAllThreads
Event: 38.126 Executing VM operation: HandshakeAllThreads done
Event: 38.155 Executing VM operation: HandshakeAllThreads
Event: 38.155 Executing VM operation: HandshakeAllThreads done
Event: 38.505 Executing VM operation: ICBufferFull
Event: 38.505 Executing VM operation: ICBufferFull done
Event: 39.164 Executing VM operation: ICBufferFull
Event: 39.165 Executing VM operation: ICBufferFull done
Event: 39.477 Executing VM operation: HandshakeAllThreads
Event: 39.477 Executing VM operation: HandshakeAllThreads done
Event: 40.487 Executing VM operation: Cleanup
Event: 40.487 Executing VM operation: Cleanup done

Events (20 events):
Event: 39.240 loading class java/nio/charset/Charset$2 done
Event: 39.240 loading class java/nio/charset/Charset$1
Event: 39.240 loading class java/nio/charset/Charset$1 done
Event: 39.243 loading class java/io/Console$2
Event: 39.243 loading class jdk/internal/access/JavaIOAccess
Event: 39.243 loading class jdk/internal/access/JavaIOAccess done
Event: 39.243 loading class java/io/Console$2 done
Event: 39.416 Thread 0x00000232ff7c7fe0 Thread added: 0x00000232ff7c7fe0
Event: 39.437 loading class java/lang/ProcessImpl
Event: 39.443 loading class java/lang/ProcessImpl done
Event: 39.472 loading class java/lang/ProcessHandleImpl
Event: 39.473 loading class java/lang/ProcessHandleImpl done
Event: 39.475 loading class java/lang/ProcessImpl$2
Event: 39.475 loading class java/lang/ProcessImpl$2 done
Event: 39.475 loading class java/lang/Process$PipeInputStream
Event: 39.475 loading class java/lang/Process$PipeInputStream done
Event: 39.477 loading class jdk/internal/event/ProcessStartEvent
Event: 39.477 loading class jdk/internal/event/ProcessStartEvent done
Event: 39.478 Thread 0x00000232ff7ca660 Thread added: 0x00000232ff7ca660
Event: 39.478 Thread 0x00000232ff7c84b0 Thread added: 0x00000232ff7c84b0


Dynamic libraries:
0x00007ff6e9880000 - 0x00007ff6e9890000 	C:\Program Files\Java\jdk-17\bin\java.exe
0x00007ffa81570000 - 0x00007ffa81787000 	C:\WINDOWS\SYSTEM32\ntdll.dll
0x00007ffa80260000 - 0x00007ffa80324000 	C:\WINDOWS\System32\KERNEL32.DLL
0x00007ffa7e8e0000 - 0x00007ffa7ec86000 	C:\WINDOWS\System32\KERNELBASE.dll
0x00007ffa7ed10000 - 0x00007ffa7ee21000 	C:\WINDOWS\System32\ucrtbase.dll
0x00007ffa77700000 - 0x00007ffa7771b000 	C:\Program Files\Java\jdk-17\bin\VCRUNTIME140.dll
0x00007ffa77720000 - 0x00007ffa77739000 	C:\Program Files\Java\jdk-17\bin\jli.dll
0x00007ffa810f0000 - 0x00007ffa811a3000 	C:\WINDOWS\System32\ADVAPI32.dll
0x00007ffa7fb20000 - 0x00007ffa7fbc7000 	C:\WINDOWS\System32\msvcrt.dll
0x00007ffa80630000 - 0x00007ffa806d8000 	C:\WINDOWS\System32\sechost.dll
0x00007ffa7e8b0000 - 0x00007ffa7e8d8000 	C:\WINDOWS\System32\bcrypt.dll
0x00007ffa80fd0000 - 0x00007ffa810e7000 	C:\WINDOWS\System32\RPCRT4.dll
0x00007ffa7fbd0000 - 0x00007ffa7fd7e000 	C:\WINDOWS\System32\USER32.dll
0x00007ffa7f000000 - 0x00007ffa7f026000 	C:\WINDOWS\System32\win32u.dll
0x00007ffa805a0000 - 0x00007ffa805c9000 	C:\WINDOWS\System32\GDI32.dll
0x00007ffa7f030000 - 0x00007ffa7f148000 	C:\WINDOWS\System32\gdi32full.dll
0x00007ffa7eef0000 - 0x00007ffa7ef8a000 	C:\WINDOWS\System32\msvcp_win.dll
0x00007ffa67dc0000 - 0x00007ffa68053000 	C:\WINDOWS\WinSxS\amd64_microsoft.windows.common-controls_6595b64144ccf1df_6.0.22621.2506_none_270c5ae97388e100\COMCTL32.dll
0x00007ffa76bd0000 - 0x00007ffa76bda000 	C:\WINDOWS\SYSTEM32\VERSION.dll
0x00007ffa814f0000 - 0x00007ffa81521000 	C:\WINDOWS\System32\IMM32.DLL
0x00007ffa795f0000 - 0x00007ffa795fc000 	C:\Program Files\Java\jdk-17\bin\vcruntime140_1.dll
0x00007ffa57570000 - 0x00007ffa575fe000 	C:\Program Files\Java\jdk-17\bin\msvcp140.dll
0x00007ff9f86c0000 - 0x00007ff9f929e000 	C:\Program Files\Java\jdk-17\bin\server\jvm.dll
0x00007ffa80780000 - 0x00007ffa80788000 	C:\WINDOWS\System32\PSAPI.DLL
0x00007ffa795e0000 - 0x00007ffa795e9000 	C:\WINDOWS\SYSTEM32\WSOCK32.dll
0x00007ffa80ad0000 - 0x00007ffa80b41000 	C:\WINDOWS\System32\WS2_32.dll
0x00007ffa769a0000 - 0x00007ffa769d4000 	C:\WINDOWS\SYSTEM32\WINMM.dll
0x00007ffa7d8c0000 - 0x00007ffa7d8d8000 	C:\WINDOWS\SYSTEM32\kernel.appcore.dll
0x00007ffa795d0000 - 0x00007ffa795da000 	C:\Program Files\Java\jdk-17\bin\jimage.dll
0x00007ffa7c320000 - 0x00007ffa7c553000 	C:\WINDOWS\SYSTEM32\DBGHELP.DLL
0x00007ffa80be0000 - 0x00007ffa80f69000 	C:\WINDOWS\System32\combase.dll
0x00007ffa81410000 - 0x00007ffa814e7000 	C:\WINDOWS\System32\OLEAUT32.dll
0x00007ffa75250000 - 0x00007ffa75282000 	C:\WINDOWS\SYSTEM32\dbgcore.DLL
0x00007ffa7ec90000 - 0x00007ffa7ed0a000 	C:\WINDOWS\System32\bcryptPrimitives.dll
0x00007ffa710f0000 - 0x00007ffa710fe000 	C:\Program Files\Java\jdk-17\bin\instrument.dll
0x00007ffa723f0000 - 0x00007ffa72415000 	C:\Program Files\Java\jdk-17\bin\java.dll
0x00007ffa47ee0000 - 0x00007ffa47fb7000 	C:\Program Files\Java\jdk-17\bin\jsvml.dll
0x00007ffa7f2c0000 - 0x00007ffa7fb1b000 	C:\WINDOWS\System32\SHELL32.dll
0x00007ffa7c6a0000 - 0x00007ffa7cf96000 	C:\WINDOWS\SYSTEM32\windows.storage.dll
0x00007ffa7c560000 - 0x00007ffa7c69e000 	C:\WINDOWS\SYSTEM32\wintypes.dll
0x00007ffa81310000 - 0x00007ffa81403000 	C:\WINDOWS\System32\SHCORE.dll
0x00007ffa80890000 - 0x00007ffa808ee000 	C:\WINDOWS\System32\shlwapi.dll
0x00007ffa7e7e0000 - 0x00007ffa7e806000 	C:\WINDOWS\SYSTEM32\profapi.dll
0x00007ffa71140000 - 0x00007ffa71158000 	C:\Program Files\Java\jdk-17\bin\zip.dll
0x00007ffa71ea0000 - 0x00007ffa71eb9000 	C:\Program Files\Java\jdk-17\bin\net.dll
0x00007ffa748a0000 - 0x00007ffa749d7000 	C:\WINDOWS\SYSTEM32\WINHTTP.dll
0x00007ffa7dd70000 - 0x00007ffa7ddd9000 	C:\WINDOWS\system32\mswsock.dll
0x00007ffa71160000 - 0x00007ffa71176000 	C:\Program Files\Java\jdk-17\bin\nio.dll
0x00007ffa70930000 - 0x00007ffa70940000 	C:\Program Files\Java\jdk-17\bin\verify.dll
0x00007ffa79770000 - 0x00007ffa79797000 	C:\Users\LENOVO\.gradle\native\c067742578af261105cb4f569cf0c3c89f3d7b1fecec35dd04571415982c5e48\windows-amd64\native-platform.dll
0x00007ffa480d0000 - 0x00007ffa48214000 	C:\Users\LENOVO\.gradle\native\38dada09dfb8b06ba9b0570ebf7e218e3eb74d4ef43ca46872605cf95ebc2f47\windows-amd64\native-platform-file-events.dll
0x00007ffa70ff0000 - 0x00007ffa70ffa000 	C:\Program Files\Java\jdk-17\bin\management.dll
0x00007ffa67280000 - 0x00007ffa6728b000 	C:\Program Files\Java\jdk-17\bin\management_ext.dll
0x00007ffa7dfc0000 - 0x00007ffa7dfdb000 	C:\WINDOWS\SYSTEM32\CRYPTSP.dll
0x00007ffa7d820000 - 0x00007ffa7d855000 	C:\WINDOWS\system32\rsaenh.dll
0x00007ffa7de60000 - 0x00007ffa7de8c000 	C:\WINDOWS\SYSTEM32\USERENV.dll
0x00007ffa7dfe0000 - 0x00007ffa7dfec000 	C:\WINDOWS\SYSTEM32\CRYPTBASE.dll
0x00007ffa7d3b0000 - 0x00007ffa7d3dd000 	C:\WINDOWS\SYSTEM32\IPHLPAPI.DLL
0x00007ffa808f0000 - 0x00007ffa808f9000 	C:\WINDOWS\System32\NSI.dll
0x00007ffa76980000 - 0x00007ffa76999000 	C:\WINDOWS\SYSTEM32\dhcpcsvc6.DLL
0x00007ffa76960000 - 0x00007ffa7697f000 	C:\WINDOWS\SYSTEM32\dhcpcsvc.DLL
0x00007ffa7d3e0000 - 0x00007ffa7d4d9000 	C:\WINDOWS\SYSTEM32\DNSAPI.dll
0x00007ffa5d610000 - 0x00007ffa5d61e000 	C:\Program Files\Java\jdk-17\bin\sunmscapi.dll
0x00007ffa7f150000 - 0x00007ffa7f2b6000 	C:\WINDOWS\System32\CRYPT32.dll
0x00007ffa7e160000 - 0x00007ffa7e18e000 	C:\WINDOWS\SYSTEM32\ncrypt.dll
0x00007ffa7e120000 - 0x00007ffa7e157000 	C:\WINDOWS\SYSTEM32\NTASN1.dll
0x00007ffa5d600000 - 0x00007ffa5d608000 	C:\WINDOWS\system32\wshunix.dll

dbghelp: loaded successfully - version: 4.0.5 - missing functions: none
symbol engine: initialized successfully - sym options: 0x614 - pdb path: .;C:\Program Files\Java\jdk-17\bin;C:\WINDOWS\SYSTEM32;C:\WINDOWS\WinSxS\amd64_microsoft.windows.common-controls_6595b64144ccf1df_6.0.22621.2506_none_270c5ae97388e100;C:\Program Files\Java\jdk-17\bin\server;C:\Users\LENOVO\.gradle\native\c067742578af261105cb4f569cf0c3c89f3d7b1fecec35dd04571415982c5e48\windows-amd64;C:\Users\LENOVO\.gradle\native\38dada09dfb8b06ba9b0570ebf7e218e3eb74d4ef43ca46872605cf95ebc2f47\windows-amd64

VM Arguments:
jvm_args: --add-opens=java.base/java.util=ALL-UNNAMED --add-opens=java.base/java.lang=ALL-UNNAMED --add-opens=java.base/java.lang.invoke=ALL-UNNAMED --add-opens=java.prefs/java.util.prefs=ALL-UNNAMED --add-opens=java.base/java.nio.charset=ALL-UNNAMED --add-opens=java.base/java.net=ALL-UNNAMED --add-opens=java.base/java.util.concurrent.atomic=ALL-UNNAMED -XX:MaxMetaspaceSize=384m -XX:+HeapDumpOnOutOfMemoryError -Xms256m -Xmx512m -Dfile.encoding=windows-1252 -Duser.country=ID -Duser.language=en -Duser.variant -javaagent:C:\Users\LENOVO\.gradle\wrapper\dists\gradle-8.5-bin\5t9huq95ubn472n8rpzujfbqh\gradle-8.5\lib\agents\gradle-instrumentation-agent-8.5.jar 
java_command: org.gradle.launcher.daemon.bootstrap.GradleDaemon 8.5
java_class_path (initial): C:\Users\LENOVO\.gradle\wrapper\dists\gradle-8.5-bin\5t9huq95ubn472n8rpzujfbqh\gradle-8.5\lib\gradle-launcher-8.5.jar
Launcher Type: SUN_STANDARD

[Global flags]
     intx CICompilerCount                          = 2                                         {product} {ergonomic}
   size_t CompressedClassSpaceSize                 = 335544320                                 {product} {ergonomic}
     uint ConcGCThreads                            = 1                                         {product} {ergonomic}
     uint G1ConcRefinementThreads                  = 2                                         {product} {ergonomic}
   size_t G1HeapRegionSize                         = 1048576                                   {product} {ergonomic}
    uintx GCDrainStackTargetSize                   = 64                                        {product} {ergonomic}
     bool HeapDumpOnOutOfMemoryError               = true                                   {manageable} {command line}
   size_t InitialHeapSize                          = 268435456                                 {product} {command line}
   size_t MarkStackSize                            = 4194304                                   {product} {ergonomic}
   size_t MaxHeapSize                              = 536870912                                 {product} {command line}
   size_t MaxMetaspaceSize                         = 402653184                                 {product} {command line}
   size_t MaxNewSize                               = 321912832                                 {product} {ergonomic}
   size_t MinHeapDeltaBytes                        = 1048576                                   {product} {ergonomic}
   size_t MinHeapSize                              = 268435456                                 {product} {command line}
    uintx NonNMethodCodeHeapSize                   = 5826188                                {pd product} {ergonomic}
    uintx NonProfiledCodeHeapSize                  = 122916026                              {pd product} {ergonomic}
    uintx ProfiledCodeHeapSize                     = 122916026                              {pd product} {ergonomic}
    uintx ReservedCodeCacheSize                    = 251658240                              {pd product} {ergonomic}
     bool SegmentedCodeCache                       = true                                      {product} {ergonomic}
   size_t SoftMaxHeapSize                          = 536870912                              {manageable} {ergonomic}
     bool UseCompressedClassPointers               = true                           {product lp64_product} {ergonomic}
     bool UseCompressedOops                        = true                           {product lp64_product} {ergonomic}
     bool UseG1GC                                  = true                                      {product} {ergonomic}
     bool UseLargePagesIndividualAllocation        = false                                  {pd product} {ergonomic}

Logging:
Log output configuration:
 #0: stdout all=warning uptime,level,tags
 #1: stderr all=off uptime,level,tags

Environment Variables:
JAVA_HOME=C:\Program Files\Java\jdk-17
CLASSPATH=D:\BELLA THINGS\UI\semester 6\propensi\d02-rtx\smail\\gradle\wrapper\gradle-wrapper.jar
PATH=D:\PINDAHAN C\jdk-17_windows-x64_bin (1).exe;C:\Program Files\Common Files\Oracle\Java\javapath;C:\Program Files (x86)\Common Files\Oracle\Java\javapath;C:\Program Files (x86)\Common Files\Intel\Shared Files\cpp\bin\Intel64;C:\WINDOWS\system32;C:\WINDOWS;C:\WINDOWS\System32\Wbem;C:\WINDOWS\System32\WindowsPowerShell\v1.0\;C:\WINDOWS\System32\OpenSSH\;C:\Users\LENOVO\MinGW\bin;D:\PINDAHAN C\PuTTY\;C:\Program Files\Git\cmd;;C:\Program Files\Docker\Docker\resources\bin;C:\Program Files\nodejs\;C:\Users\LENOVO\AppData\Local\Programs\Python\Python39\Scripts\;C:\Users\LENOVO\AppData\Local\Programs\Python\Python39\;C:\Users\LENOVO\AppData\Local\Microsoft\WindowsApps;C:\Users\LENOVO\AppData\Local\Programs\Microsoft VS Code\bin;C:\Users\LENOVO\MinGW\bin;C:\Users\LENOVO\flutter\bin;;C:\Users\LENOVO\AppData\Local\Programs\oh-my-posh\bin;D:\PINDAHAN C\IntelliJ IDEA 2023.2.1\bin;;D:\PINDAHAN C\IntelliJ IDEA Educational Edition 2022.2.2\bin;;C:\Users\LENOVO\AppData\Roaming\npm
USERNAME=LENOVO
LANG=en_US.UTF-8
OS=Windows_NT
PROCESSOR_IDENTIFIER=AMD64 Family 23 Model 32 Stepping 1, AuthenticAMD



---------------  S Y S T E M  ---------------

OS:
 Windows 11 , 64 bit Build 22621 (10.0.22621.3085)
OS uptime: 1 days 14:42 hours
Hyper-V role detected

CPU: total 2 (initial active 2) (2 cores per cpu, 1 threads per core) family 23 model 32 stepping 1 microcode 0x0, cx8, cmov, fxsr, mmx, 3dnowpref, sse, sse2, sse3, ssse3, sse4a, sse4.1, sse4.2, popcnt, lzcnt, tsc, tscinvbit, avx, avx2, aes, clmul, bmi1, bmi2, adx, sha, fma, vzeroupper, clflush, clflushopt, hv

Memory: 4k page, system-wide physical 6020M (103M free)
TotalPageFile size 24452M (AvailPageFile size 2M)
current process WorkingSet (physical memory assigned to process): 376M, peak: 422M
current process commit charge ("private bytes"): 486M, peak: 494M

vm_info: Java HotSpot(TM) 64-Bit Server VM (17.0.8+9-LTS-211) for windows-amd64 JRE (17.0.8+9-LTS-211), built on Jun 14 2023 10:34:31 by "mach5one" with MS VC++ 17.1 (VS2022)

END.
