#
# There is insufficient memory for the Java Runtime Environment to continue.
# Native memory allocation (malloc) failed to allocate 358176 bytes for Chunk::new
# Possible reasons:
#   The system is out of physical RAM or swap space
#   The process is running with CompressedOops enabled, and the Java Heap may be blocking the growth of the native heap
# Possible solutions:
#   Reduce memory load on the system
#   Increase physical memory or swap space
#   Check if swap backing store is full
#   Decrease Java heap size (-Xmx/-Xms)
#   Decrease number of Java threads
#   Decrease Java thread stack sizes (-Xss)
#   Set larger code cache with -XX:ReservedCodeCacheSize=
#   JVM is running with Unscaled Compressed Oops mode in which the Java heap is
#     placed in the first 4GB address space. The Java Heap base address is the
#     maximum limit for the native heap growth. Please use -XX:HeapBaseMinAddress
#     to set the Java Heap base and to place the Java Heap above 4GB virtual address.
# This output file may be truncated or incomplete.
#
#  Out of Memory Error (arena.cpp:191), pid=25092, tid=22292
#
# JRE version: OpenJDK Runtime Environment Temurin-17.0.10+7 (17.0.10+7) (build 17.0.10+7)
# Java VM: OpenJDK 64-Bit Server VM Temurin-17.0.10+7 (17.0.10+7, mixed mode, tiered, compressed oops, compressed class ptrs, g1 gc, windows-amd64)
# No core dump will be written. Minidumps are not enabled by default on client versions of Windows
#

---------------  S U M M A R Y ------------

Command Line: --add-opens=java.base/java.lang=ALL-UNNAMED --add-opens=java.base/java.io=ALL-UNNAMED --add-opens=java.base/java.util=ALL-UNNAMED -Dplugin.dir=C:\Users\HP\.vscode\extensions\redhat.java-1.29.0-win32-x64\server\..\..\vscjava.vscode-gradle-3.13.5\server\plugins com.microsoft.java.bs.core.Launcher

Host: Intel(R) Core(TM) i3-10110U CPU @ 2.10GHz, 4 cores, 3G,  Windows 11 , 64 bit Build 22621 (10.0.22621.3374)
Time: Sat Apr 20 14:52:54 2024 SE Asia Standard Time elapsed time: 4.676530 seconds (0d 0h 0m 4s)

---------------  T H R E A D  ---------------

Current thread (0x000002782951fee0):  JavaThread "C2 CompilerThread0" daemon [_thread_in_native, id=22292, stack(0x000000c86f100000,0x000000c86f200000)]


Current CompileTask:
C2:   4676 1158  s!   4       jdk.internal.loader.URLClassPath::getLoader (196 bytes)

Stack: [0x000000c86f100000,0x000000c86f200000]
Native frames: (J=compiled Java code, j=interpreted, Vv=VM code, C=native code)
V  [jvm.dll+0x67d2c9]
V  [jvm.dll+0x834afa]
V  [jvm.dll+0x8365be]
V  [jvm.dll+0x836c23]
V  [jvm.dll+0x2477ff]
V  [jvm.dll+0xac514]
V  [jvm.dll+0xacb5c]
V  [jvm.dll+0x2aed1f]
V  [jvm.dll+0x584b67]
V  [jvm.dll+0x2228a2]
V  [jvm.dll+0x222c8f]
V  [jvm.dll+0x21bdb6]
V  [jvm.dll+0x219201]
V  [jvm.dll+0x1a502d]
V  [jvm.dll+0x2290de]
V  [jvm.dll+0x2272ac]
V  [jvm.dll+0x7e9bb7]
V  [jvm.dll+0x7e3fba]
V  [jvm.dll+0x67c1b5]
C  [ucrtbase.dll+0x29333]
C  [KERNEL32.DLL+0x1257d]
C  [ntdll.dll+0x5aa48]


---------------  P R O C E S S  ---------------

Threads class SMR info:
_java_thread_list=0x000002782e392f30, length=16, elements={
0x00000278294ec380, 0x00000278294ed110, 0x000002782951aa40, 0x000002782951b920,
0x000002782951e200, 0x000002782951ead0, 0x000002782951fee0, 0x0000027829520f90,
0x0000027829555d10, 0x00000278297b9410, 0x00000278297bb900, 0x000002782e1c8580,
0x0000027810e9e000, 0x000002782e21e980, 0x000002782e38b4c0, 0x000002782e392700
}

Java Threads: ( => current thread )
  0x00000278294ec380 JavaThread "Reference Handler" daemon [_thread_blocked, id=2540, stack(0x000000c86eb00000,0x000000c86ec00000)]
  0x00000278294ed110 JavaThread "Finalizer" daemon [_thread_blocked, id=18468, stack(0x000000c86ec00000,0x000000c86ed00000)]
  0x000002782951aa40 JavaThread "Signal Dispatcher" daemon [_thread_blocked, id=15564, stack(0x000000c86ed00000,0x000000c86ee00000)]
  0x000002782951b920 JavaThread "Attach Listener" daemon [_thread_blocked, id=21940, stack(0x000000c86ee00000,0x000000c86ef00000)]
  0x000002782951e200 JavaThread "Service Thread" daemon [_thread_blocked, id=2432, stack(0x000000c86ef00000,0x000000c86f000000)]
  0x000002782951ead0 JavaThread "Monitor Deflation Thread" daemon [_thread_blocked, id=29112, stack(0x000000c86f000000,0x000000c86f100000)]
=>0x000002782951fee0 JavaThread "C2 CompilerThread0" daemon [_thread_in_native, id=22292, stack(0x000000c86f100000,0x000000c86f200000)]
  0x0000027829520f90 JavaThread "C1 CompilerThread0" daemon [_thread_blocked, id=8100, stack(0x000000c86f200000,0x000000c86f300000)]
  0x0000027829555d10 JavaThread "Sweeper thread" daemon [_thread_blocked, id=18788, stack(0x000000c86f300000,0x000000c86f400000)]
  0x00000278297b9410 JavaThread "Common-Cleaner" daemon [_thread_blocked, id=20016, stack(0x000000c86f400000,0x000000c86f500000)]
  0x00000278297bb900 JavaThread "Notification Thread" daemon [_thread_blocked, id=26476, stack(0x000000c86f500000,0x000000c86f600000)]
  0x000002782e1c8580 JavaThread "pool-1-thread-1" [_thread_in_native, id=27916, stack(0x000000c86f700000,0x000000c86f800000)]
  0x0000027810e9e000 JavaThread "DestroyJavaVM" [_thread_blocked, id=256, stack(0x000000c86e400000,0x000000c86e500000)]
  0x000002782e21e980 JavaThread "ForkJoinPool.commonPool-worker-1" daemon [_thread_blocked, id=14664, stack(0x000000c86f800000,0x000000c86f900000)]
  0x000002782e38b4c0 JavaThread "Connection worker" daemon [_thread_in_vm, id=25216, stack(0x000000c86fc00000,0x000000c86fd00000)]
  0x000002782e392700 JavaThread "ForkJoinPool.commonPool-worker-2" daemon [_thread_blocked, id=25820, stack(0x000000c86fd00000,0x000000c86fe00000)]

Other Threads:
  0x0000027829497330 VMThread "VM Thread" [stack: 0x000000c86ea00000,0x000000c86eb00000] [id=19824]
  0x00000278297a5040 WatcherThread [stack: 0x000000c86f600000,0x000000c86f700000] [id=22264]
  0x0000027812f58b50 GCTaskThread "GC Thread#0" [stack: 0x000000c86e500000,0x000000c86e600000] [id=7204]
  0x000002782e30f2f0 GCTaskThread "GC Thread#1" [stack: 0x000000c86f900000,0x000000c86fa00000] [id=7272]
  0x000002782e319cd0 GCTaskThread "GC Thread#2" [stack: 0x000000c86fa00000,0x000000c86fb00000] [id=13828]
  0x000002782e351070 GCTaskThread "GC Thread#3" [stack: 0x000000c86fb00000,0x000000c86fc00000] [id=9456]
  0x0000027812f61430 ConcurrentGCThread "G1 Main Marker" [stack: 0x000000c86e600000,0x000000c86e700000] [id=25512]
  0x0000027812f61d60 ConcurrentGCThread "G1 Conc#0" [stack: 0x000000c86e700000,0x000000c86e800000] [id=27176]
  0x0000027812f9fa90 ConcurrentGCThread "G1 Refine#0" [stack: 0x000000c86e800000,0x000000c86e900000] [id=23508]
  0x0000027812fa03d0 ConcurrentGCThread "G1 Service" [stack: 0x000000c86e900000,0x000000c86ea00000] [id=12068]

Threads with active compile tasks:
C2 CompilerThread0     4706 1158  s!   4       jdk.internal.loader.URLClassPath::getLoader (196 bytes)

VM state: not at safepoint (normal execution)

VM Mutex/Monitor currently owned by a thread:  ([mutex/lock_event])
[0x0000027812f1d990] Metaspace_lock - owner thread: 0x000002782e38b4c0

Heap address: 0x00000000c2c00000, size: 980 MB, Compressed Oops mode: 32-bit

CDS archive(s) not mapped
Compressed class space mapped at: 0x0000000100000000-0x0000000140000000, reserved size: 1073741824
Narrow klass base: 0x0000000000000000, Narrow klass shift: 3, Narrow klass range: 0x140000000

GC Precious Log:
 CPUs: 4 total, 4 available
 Memory: 3919M
 Large Page Support: Disabled
 NUMA Support: Disabled
 Compressed Oops: Enabled (32-bit)
 Heap Region Size: 1M
 Heap Min Capacity: 8M
 Heap Initial Capacity: 62M
 Heap Max Capacity: 980M
 Pre-touch: Disabled
 Parallel Workers: 4
 Concurrent Workers: 1
 Concurrent Refinement Workers: 4
 Periodic GC: Disabled

Heap:
 garbage-first heap   total 63488K, used 15326K [0x00000000c2c00000, 0x0000000100000000)
  region size 1024K, 12 young (12288K), 2 survivors (2048K)
 Metaspace       used 13915K, committed 14016K, reserved 1114112K
  class space    used 1526K, committed 1600K, reserved 1048576K

Heap Regions: E=young(eden), S=young(survivor), O=old, HS=humongous(starts), HC=humongous(continues), CS=collection set, F=free, OA=open archive, CA=closed archive, TAMS=top-at-mark-start (previous, next)
|   0|0x00000000c2c00000, 0x00000000c2cf7808, 0x00000000c2d00000| 96%| O|  |TAMS 0x00000000c2c00000, 0x00000000c2c00000| Untracked 
|   1|0x00000000c2d00000, 0x00000000c2e00000, 0x00000000c2e00000|100%|HS|  |TAMS 0x00000000c2d00000, 0x00000000c2d00000| Complete 
|   2|0x00000000c2e00000, 0x00000000c2f00000, 0x00000000c2f00000|100%|HC|  |TAMS 0x00000000c2e00000, 0x00000000c2e00000| Complete 
|   3|0x00000000c2f00000, 0x00000000c3000000, 0x00000000c3000000|100%|HC|  |TAMS 0x00000000c2f00000, 0x00000000c2f00000| Complete 
|   4|0x00000000c3000000, 0x00000000c3100000, 0x00000000c3100000|100%|HC|  |TAMS 0x00000000c3000000, 0x00000000c3000000| Complete 
|   5|0x00000000c3100000, 0x00000000c3100000, 0x00000000c3200000|  0%| F|  |TAMS 0x00000000c3100000, 0x00000000c3100000| Untracked 
|   6|0x00000000c3200000, 0x00000000c3200000, 0x00000000c3300000|  0%| F|  |TAMS 0x00000000c3200000, 0x00000000c3200000| Untracked 
|   7|0x00000000c3300000, 0x00000000c3300000, 0x00000000c3400000|  0%| F|  |TAMS 0x00000000c3300000, 0x00000000c3300000| Untracked 
|   8|0x00000000c3400000, 0x00000000c3400000, 0x00000000c3500000|  0%| F|  |TAMS 0x00000000c3400000, 0x00000000c3400000| Untracked 
|   9|0x00000000c3500000, 0x00000000c3500000, 0x00000000c3600000|  0%| F|  |TAMS 0x00000000c3500000, 0x00000000c3500000| Untracked 
|  10|0x00000000c3600000, 0x00000000c3600000, 0x00000000c3700000|  0%| F|  |TAMS 0x00000000c3600000, 0x00000000c3600000| Untracked 
|  11|0x00000000c3700000, 0x00000000c3700000, 0x00000000c3800000|  0%| F|  |TAMS 0x00000000c3700000, 0x00000000c3700000| Untracked 
|  12|0x00000000c3800000, 0x00000000c3800000, 0x00000000c3900000|  0%| F|  |TAMS 0x00000000c3800000, 0x00000000c3800000| Untracked 
|  13|0x00000000c3900000, 0x00000000c3900000, 0x00000000c3a00000|  0%| F|  |TAMS 0x00000000c3900000, 0x00000000c3900000| Untracked 
|  14|0x00000000c3a00000, 0x00000000c3a00000, 0x00000000c3b00000|  0%| F|  |TAMS 0x00000000c3a00000, 0x00000000c3a00000| Untracked 
|  15|0x00000000c3b00000, 0x00000000c3b00000, 0x00000000c3c00000|  0%| F|  |TAMS 0x00000000c3b00000, 0x00000000c3b00000| Untracked 
|  16|0x00000000c3c00000, 0x00000000c3c00000, 0x00000000c3d00000|  0%| F|  |TAMS 0x00000000c3c00000, 0x00000000c3c00000| Untracked 
|  17|0x00000000c3d00000, 0x00000000c3d00000, 0x00000000c3e00000|  0%| F|  |TAMS 0x00000000c3d00000, 0x00000000c3d00000| Untracked 
|  18|0x00000000c3e00000, 0x00000000c3e00000, 0x00000000c3f00000|  0%| F|  |TAMS 0x00000000c3e00000, 0x00000000c3e00000| Untracked 
|  19|0x00000000c3f00000, 0x00000000c3f00000, 0x00000000c4000000|  0%| F|  |TAMS 0x00000000c3f00000, 0x00000000c3f00000| Untracked 
|  20|0x00000000c4000000, 0x00000000c4000000, 0x00000000c4100000|  0%| F|  |TAMS 0x00000000c4000000, 0x00000000c4000000| Untracked 
|  21|0x00000000c4100000, 0x00000000c4100000, 0x00000000c4200000|  0%| F|  |TAMS 0x00000000c4100000, 0x00000000c4100000| Untracked 
|  22|0x00000000c4200000, 0x00000000c4200000, 0x00000000c4300000|  0%| F|  |TAMS 0x00000000c4200000, 0x00000000c4200000| Untracked 
|  23|0x00000000c4300000, 0x00000000c4300000, 0x00000000c4400000|  0%| F|  |TAMS 0x00000000c4300000, 0x00000000c4300000| Untracked 
|  24|0x00000000c4400000, 0x00000000c4400000, 0x00000000c4500000|  0%| F|  |TAMS 0x00000000c4400000, 0x00000000c4400000| Untracked 
|  25|0x00000000c4500000, 0x00000000c4500000, 0x00000000c4600000|  0%| F|  |TAMS 0x00000000c4500000, 0x00000000c4500000| Untracked 
|  26|0x00000000c4600000, 0x00000000c4600000, 0x00000000c4700000|  0%| F|  |TAMS 0x00000000c4600000, 0x00000000c4600000| Untracked 
|  27|0x00000000c4700000, 0x00000000c4700000, 0x00000000c4800000|  0%| F|  |TAMS 0x00000000c4700000, 0x00000000c4700000| Untracked 
|  28|0x00000000c4800000, 0x00000000c4800000, 0x00000000c4900000|  0%| F|  |TAMS 0x00000000c4800000, 0x00000000c4800000| Untracked 
|  29|0x00000000c4900000, 0x00000000c4900000, 0x00000000c4a00000|  0%| F|  |TAMS 0x00000000c4900000, 0x00000000c4900000| Untracked 
|  30|0x00000000c4a00000, 0x00000000c4a00000, 0x00000000c4b00000|  0%| F|  |TAMS 0x00000000c4a00000, 0x00000000c4a00000| Untracked 
|  31|0x00000000c4b00000, 0x00000000c4b00000, 0x00000000c4c00000|  0%| F|  |TAMS 0x00000000c4b00000, 0x00000000c4b00000| Untracked 
|  32|0x00000000c4c00000, 0x00000000c4c00000, 0x00000000c4d00000|  0%| F|  |TAMS 0x00000000c4c00000, 0x00000000c4c00000| Untracked 
|  33|0x00000000c4d00000, 0x00000000c4d00000, 0x00000000c4e00000|  0%| F|  |TAMS 0x00000000c4d00000, 0x00000000c4d00000| Untracked 
|  34|0x00000000c4e00000, 0x00000000c4e00000, 0x00000000c4f00000|  0%| F|  |TAMS 0x00000000c4e00000, 0x00000000c4e00000| Untracked 
|  35|0x00000000c4f00000, 0x00000000c4f00000, 0x00000000c5000000|  0%| F|  |TAMS 0x00000000c4f00000, 0x00000000c4f00000| Untracked 
|  36|0x00000000c5000000, 0x00000000c5000000, 0x00000000c5100000|  0%| F|  |TAMS 0x00000000c5000000, 0x00000000c5000000| Untracked 
|  37|0x00000000c5100000, 0x00000000c5100000, 0x00000000c5200000|  0%| F|  |TAMS 0x00000000c5100000, 0x00000000c5100000| Untracked 
|  38|0x00000000c5200000, 0x00000000c5200000, 0x00000000c5300000|  0%| F|  |TAMS 0x00000000c5200000, 0x00000000c5200000| Untracked 
|  39|0x00000000c5300000, 0x00000000c5300000, 0x00000000c5400000|  0%| F|  |TAMS 0x00000000c5300000, 0x00000000c5300000| Untracked 
|  40|0x00000000c5400000, 0x00000000c5400000, 0x00000000c5500000|  0%| F|  |TAMS 0x00000000c5400000, 0x00000000c5400000| Untracked 
|  41|0x00000000c5500000, 0x00000000c5500000, 0x00000000c5600000|  0%| F|  |TAMS 0x00000000c5500000, 0x00000000c5500000| Untracked 
|  42|0x00000000c5600000, 0x00000000c5600000, 0x00000000c5700000|  0%| F|  |TAMS 0x00000000c5600000, 0x00000000c5600000| Untracked 
|  43|0x00000000c5700000, 0x00000000c5700000, 0x00000000c5800000|  0%| F|  |TAMS 0x00000000c5700000, 0x00000000c5700000| Untracked 
|  44|0x00000000c5800000, 0x00000000c5800000, 0x00000000c5900000|  0%| F|  |TAMS 0x00000000c5800000, 0x00000000c5800000| Untracked 
|  45|0x00000000c5900000, 0x00000000c5900000, 0x00000000c5a00000|  0%| F|  |TAMS 0x00000000c5900000, 0x00000000c5900000| Untracked 
|  46|0x00000000c5a00000, 0x00000000c5a00000, 0x00000000c5b00000|  0%| F|  |TAMS 0x00000000c5a00000, 0x00000000c5a00000| Untracked 
|  47|0x00000000c5b00000, 0x00000000c5c00000, 0x00000000c5c00000|100%| S|CS|TAMS 0x00000000c5b00000, 0x00000000c5b00000| Complete 
|  48|0x00000000c5c00000, 0x00000000c5d00000, 0x00000000c5d00000|100%| S|CS|TAMS 0x00000000c5c00000, 0x00000000c5c00000| Complete 
|  49|0x00000000c5d00000, 0x00000000c5d00000, 0x00000000c5e00000|  0%| F|  |TAMS 0x00000000c5d00000, 0x00000000c5d00000| Untracked 
|  50|0x00000000c5e00000, 0x00000000c5e00000, 0x00000000c5f00000|  0%| F|  |TAMS 0x00000000c5e00000, 0x00000000c5e00000| Untracked 
|  51|0x00000000c5f00000, 0x00000000c5f00000, 0x00000000c6000000|  0%| F|  |TAMS 0x00000000c5f00000, 0x00000000c5f00000| Untracked 
|  52|0x00000000c6000000, 0x00000000c60de4e8, 0x00000000c6100000| 86%| E|  |TAMS 0x00000000c6000000, 0x00000000c6000000| Complete 
|  53|0x00000000c6100000, 0x00000000c6200000, 0x00000000c6200000|100%| E|CS|TAMS 0x00000000c6100000, 0x00000000c6100000| Complete 
|  54|0x00000000c6200000, 0x00000000c6300000, 0x00000000c6300000|100%| E|  |TAMS 0x00000000c6200000, 0x00000000c6200000| Complete 
|  55|0x00000000c6300000, 0x00000000c6400000, 0x00000000c6400000|100%| E|CS|TAMS 0x00000000c6300000, 0x00000000c6300000| Complete 
|  56|0x00000000c6400000, 0x00000000c6500000, 0x00000000c6500000|100%| E|CS|TAMS 0x00000000c6400000, 0x00000000c6400000| Complete 
|  57|0x00000000c6500000, 0x00000000c6600000, 0x00000000c6600000|100%| E|CS|TAMS 0x00000000c6500000, 0x00000000c6500000| Complete 
|  58|0x00000000c6600000, 0x00000000c6700000, 0x00000000c6700000|100%| E|CS|TAMS 0x00000000c6600000, 0x00000000c6600000| Complete 
|  59|0x00000000c6700000, 0x00000000c6800000, 0x00000000c6800000|100%| E|CS|TAMS 0x00000000c6700000, 0x00000000c6700000| Complete 
|  60|0x00000000c6800000, 0x00000000c6900000, 0x00000000c6900000|100%| E|CS|TAMS 0x00000000c6800000, 0x00000000c6800000| Complete 
|  61|0x00000000c6900000, 0x00000000c6a00000, 0x00000000c6a00000|100%| E|CS|TAMS 0x00000000c6900000, 0x00000000c6900000| Complete 

Card table byte_map: [0x0000027824da0000,0x0000027824f90000] _byte_map_base: 0x000002782478a000

Marking Bits (Prev, Next): (CMBitMap*) 0x0000027812f59080, (CMBitMap*) 0x0000027812f590c0
 Prev Bits: [0x0000027825180000, 0x00000278260d0000)
 Next Bits: [0x00000278260d0000, 0x0000027827020000)

Polling page: 0x0000027810ee0000

Metaspace:

Usage:
  Non-class:     12.10 MB used.
      Class:      1.49 MB used.
       Both:     13.59 MB used.

Virtual space:
  Non-class space:       64.00 MB reserved,      12.12 MB ( 19%) committed,  1 nodes.
      Class space:        1.00 GB reserved,       1.56 MB ( <1%) committed,  1 nodes.
             Both:        1.06 GB reserved,      13.69 MB (  1%) committed. 

Chunk freelists:
   Non-Class:  3.80 MB
       Class:  14.38 MB
        Both:  18.18 MB

MaxMetaspaceSize: unlimited
CompressedClassSpaceSize: 1.00 GB
Initial GC threshold: 21.00 MB
Current GC threshold: 21.00 MB
CDS: off
MetaspaceReclaimPolicy: balanced
 - commit_granule_bytes: 65536.
 - commit_granule_words: 8192.
 - virtual_space_node_default_size: 8388608.
 - enlarge_chunks_in_place: 1.
 - new_chunks_are_fully_committed: 0.
 - uncommit_free_chunks: 1.
 - use_allocation_guard: 0.
 - handle_deallocations: 1.


Internal statistics:

num_allocs_failed_limit: 0.
num_arena_births: 46.
num_arena_deaths: 0.
num_vsnodes_births: 2.
num_vsnodes_deaths: 0.
num_space_committed: 219.
num_space_uncommitted: 0.
num_chunks_returned_to_freelist: 0.
num_chunks_taken_from_freelist: 218.
num_chunk_merges: 0.
num_chunk_splits: 125.
num_chunks_enlarged: 92.
num_inconsistent_stats: 0.

CodeHeap 'non-profiled nmethods': size=120000Kb used=356Kb max_used=356Kb free=119643Kb
 bounds [0x000002781d680000, 0x000002781d8f0000, 0x0000027824bb0000]
CodeHeap 'profiled nmethods': size=120000Kb used=2210Kb max_used=2210Kb free=117789Kb
 bounds [0x0000027815bb0000, 0x0000027815e20000, 0x000002781d0e0000]
CodeHeap 'non-nmethods': size=5760Kb used=1161Kb max_used=1183Kb free=4598Kb
 bounds [0x000002781d0e0000, 0x000002781d350000, 0x000002781d680000]
 total_blobs=1612 nmethods=1158 adapters=367
 compilation: enabled
              stopped_count=0, restarted_count=0
 full_count=0

Compilation events (20 events):
Event: 4.376 Thread 0x0000027829520f90 nmethod 1148 0x0000027815dd1c10 code [0x0000027815dd1f20, 0x0000027815dd2d88]
Event: 4.386 Thread 0x0000027829520f90 1149       1       sun.nio.fs.NativeBuffer::owner (5 bytes)
Event: 4.386 Thread 0x0000027829520f90 nmethod 1149 0x000002781d6d8010 code [0x000002781d6d81a0, 0x000002781d6d8278]
Event: 4.396 Thread 0x0000027829520f90 1150       3       java.lang.StringCoding::hasNegatives (25 bytes)
Event: 4.397 Thread 0x0000027829520f90 nmethod 1150 0x0000027815dd3290 code [0x0000027815dd3440, 0x0000027815dd3678]
Event: 4.448 Thread 0x0000027829520f90 1151       3       java.net.URL::toLowerCase (38 bytes)
Event: 4.448 Thread 0x0000027829520f90 nmethod 1151 0x0000027815dd3790 code [0x0000027815dd39a0, 0x0000027815dd3e68]
Event: 4.448 Thread 0x0000027829520f90 1152   !   3       java.net.URL::getURLStreamHandler (191 bytes)
Event: 4.449 Thread 0x0000027829520f90 nmethod 1152 0x0000027815dd4010 code [0x0000027815dd42c0, 0x0000027815dd5078]
Event: 4.508 Thread 0x000002782951fee0 1154       4       java.util.jar.JarFile::getEntry (35 bytes)
Event: 4.513 Thread 0x000002782951fee0 nmethod 1154 0x000002781d6d8710 code [0x000002781d6d88c0, 0x000002781d6d8a50]
Event: 4.518 Thread 0x000002782951fee0 1155       4       java.util.jar.JarFile::getJarEntry (9 bytes)
Event: 4.522 Thread 0x000002782951fee0 nmethod 1155 0x000002781d6d8c10 code [0x000002781d6d8dc0, 0x000002781d6d8fb0]
Event: 4.539 Thread 0x0000027829520f90 1156   !   3       java.security.AccessController::doPrivileged (26 bytes)
Event: 4.539 Thread 0x0000027829520f90 nmethod 1156 0x0000027815dd5510 code [0x0000027815dd5720, 0x0000027815dd5be8]
Event: 4.642 Thread 0x0000027829520f90 1157   !   3       java.util.concurrent.ConcurrentHashMap::putVal (433 bytes)
Event: 4.644 Thread 0x000002782951fee0 1158  s!   4       jdk.internal.loader.URLClassPath::getLoader (196 bytes)
Event: 4.644 Thread 0x0000027829520f90 nmethod 1157 0x0000027815dd5e90 code [0x0000027815dd6200, 0x0000027815dd7d48]
Event: 4.657 Thread 0x0000027829520f90 1160       3       java.util.WeakHashMap::getTable (9 bytes)
Event: 4.657 Thread 0x0000027829520f90 nmethod 1160 0x0000027815dd8710 code [0x0000027815dd88a0, 0x0000027815dd89e8]

GC Heap History (2 events):
Event: 2.725 GC heap before
{Heap before GC invocations=0 (full 0):
 garbage-first heap   total 63488K, used 12288K [0x00000000c2c00000, 0x0000000100000000)
  region size 1024K, 13 young (13312K), 0 survivors (0K)
 Metaspace       used 12665K, committed 12800K, reserved 1114112K
  class space    used 1350K, committed 1408K, reserved 1048576K
}
Event: 2.759 GC heap after
{Heap after GC invocations=1 (full 0):
 garbage-first heap   total 63488K, used 3038K [0x00000000c2c00000, 0x0000000100000000)
  region size 1024K, 2 young (2048K), 2 survivors (2048K)
 Metaspace       used 12665K, committed 12800K, reserved 1114112K
  class space    used 1350K, committed 1408K, reserved 1048576K
}

Dll operation events (6 events):
Event: 0.130 Loaded shared library C:\Users\HP\.vscode\extensions\redhat.java-1.29.0-win32-x64\jre\17.0.10-win32-x86_64\bin\java.dll
Event: 0.882 Loaded shared library C:\Users\HP\.vscode\extensions\redhat.java-1.29.0-win32-x64\jre\17.0.10-win32-x86_64\bin\net.dll
Event: 0.890 Loaded shared library C:\Users\HP\.vscode\extensions\redhat.java-1.29.0-win32-x64\jre\17.0.10-win32-x86_64\bin\nio.dll
Event: 0.909 Loaded shared library C:\Users\HP\.vscode\extensions\redhat.java-1.29.0-win32-x64\jre\17.0.10-win32-x86_64\bin\zip.dll
Event: 1.167 Loaded shared library C:\Users\HP\.vscode\extensions\redhat.java-1.29.0-win32-x64\jre\17.0.10-win32-x86_64\bin\jimage.dll
Event: 2.232 Loaded shared library C:\Users\HP\.vscode\extensions\redhat.java-1.29.0-win32-x64\jre\17.0.10-win32-x86_64\bin\verify.dll

Deoptimization events (20 events):
Event: 4.173 Thread 0x000002782e38b4c0 DEOPT PACKING pc=0x000002781d6a055c sp=0x000000c86fcfdcd0
Event: 4.173 Thread 0x000002782e38b4c0 DEOPT UNPACKING pc=0x000002781d1369a3 sp=0x000000c86fcfdc60 mode 2
Event: 4.174 Thread 0x000002782e38b4c0 DEOPT PACKING pc=0x0000027815c0c77c sp=0x000000c86fcfdba0
Event: 4.174 Thread 0x000002782e38b4c0 DEOPT UNPACKING pc=0x000002781d137143 sp=0x000000c86fcfd050 mode 0
Event: 4.317 Thread 0x000002782e38b4c0 Uncommon trap: trap_request=0xffffff45 fr.pc=0x000002781d69988c relative=0x00000000000004cc
Event: 4.317 Thread 0x000002782e38b4c0 Uncommon trap: reason=unstable_if action=reinterpret pc=0x000002781d69988c method=java.util.zip.ZipCoder$UTF8ZipCoder.checkedHash([BII)I @ 27 c2
Event: 4.317 Thread 0x000002782e38b4c0 DEOPT PACKING pc=0x000002781d69988c sp=0x000000c86fcfdb90
Event: 4.317 Thread 0x000002782e38b4c0 DEOPT UNPACKING pc=0x000002781d1369a3 sp=0x000000c86fcfda58 mode 2
Event: 4.317 Thread 0x000002782e38b4c0 Uncommon trap: trap_request=0xffffff45 fr.pc=0x000002781d6ab75c relative=0x000000000000015c
Event: 4.317 Thread 0x000002782e38b4c0 Uncommon trap: reason=unstable_if action=reinterpret pc=0x000002781d6ab75c method=java.lang.StringCoding.hasNegatives([BII)Z @ 12 c2
Event: 4.317 Thread 0x000002782e38b4c0 DEOPT PACKING pc=0x000002781d6ab75c sp=0x000000c86fcfd900
Event: 4.317 Thread 0x000002782e38b4c0 DEOPT UNPACKING pc=0x000002781d1369a3 sp=0x000000c86fcfd890 mode 2
Event: 4.317 Thread 0x000002782e38b4c0 Uncommon trap: trap_request=0xffffff45 fr.pc=0x000002781d6c48a0 relative=0x0000000000000280
Event: 4.317 Thread 0x000002782e38b4c0 Uncommon trap: reason=unstable_if action=reinterpret pc=0x000002781d6c48a0 method=java.lang.String.hashCode()I @ 20 c2
Event: 4.317 Thread 0x000002782e38b4c0 DEOPT PACKING pc=0x000002781d6c48a0 sp=0x000000c86fcfda40
Event: 4.317 Thread 0x000002782e38b4c0 DEOPT UNPACKING pc=0x000002781d1369a3 sp=0x000000c86fcfd978 mode 2
Event: 4.318 Thread 0x000002782e38b4c0 Uncommon trap: trap_request=0xffffff45 fr.pc=0x000002781d6d1530 relative=0x0000000000000190
Event: 4.318 Thread 0x000002782e38b4c0 Uncommon trap: reason=unstable_if action=reinterpret pc=0x000002781d6d1530 method=java.util.zip.ZipFile$Source.isMetaName([BII)Z @ 57 c2
Event: 4.318 Thread 0x000002782e38b4c0 DEOPT PACKING pc=0x000002781d6d1530 sp=0x000000c86fcfdba0
Event: 4.318 Thread 0x000002782e38b4c0 DEOPT UNPACKING pc=0x000002781d1369a3 sp=0x000000c86fcfdb30 mode 2

Classes unloaded (0 events):
No events

Classes redefined (0 events):
No events

Internal exceptions (16 events):
Event: 1.566 Thread 0x0000027810e9e000 Exception <a 'java/lang/NoSuchMethodError'{0x00000000c6457438}: 'void java.lang.invoke.DirectMethodHandle$Holder.invokeStatic(java.lang.Object, java.lang.Object, java.lang.Object)'> (0x00000000c6457438) 
thrown [s\src\hotspot\share\interpreter\linkResolver.cpp, line 759]
Event: 1.627 Thread 0x0000027810e9e000 Exception <a 'java/lang/NoSuchMethodError'{0x00000000c64c1af8}: 'void java.lang.invoke.DirectMethodHandle$Holder.invokeStatic(java.lang.Object, java.lang.Object, java.lang.Object, java.lang.Object)'> (0x00000000c64c1af8) 
thrown [s\src\hotspot\share\interpreter\linkResolver.cpp, line 759]
Event: 1.839 Thread 0x0000027810e9e000 Exception <a 'java/lang/NoSuchMethodError'{0x00000000c615da38}: 'java.lang.Object java.lang.invoke.DirectMethodHandle$Holder.newInvokeSpecial(java.lang.Object, java.lang.Object, java.lang.Object, java.lang.Object, java.lang.Object)'> (0x00000000c615da38) 
thrown [s\src\hotspot\share\interpreter\linkResolver.cpp, line 759]
Event: 1.850 Thread 0x0000027810e9e000 Exception <a 'java/lang/NoSuchMethodError'{0x00000000c6191a98}: 'void java.lang.invoke.DirectMethodHandle$Holder.invokeSpecial(java.lang.Object, java.lang.Object, java.lang.Object)'> (0x00000000c6191a98) 
thrown [s\src\hotspot\share\interpreter\linkResolver.cpp, line 759]
Event: 1.955 Thread 0x000002782e1c8580 Exception <a 'java/lang/NoSuchMethodError'{0x00000000c60a5048}: 'java.lang.Object java.lang.invoke.Invokers$Holder.linkToTargetMethod(java.lang.Object, long, java.lang.Object, java.lang.Object)'> (0x00000000c60a5048) 
thrown [s\src\hotspot\share\interpreter\linkResolver.cpp, line 759]
Event: 2.005 Thread 0x000002782e21e980 Exception <a 'java/lang/NoSuchMethodError'{0x00000000c5f2ad10}: 'int java.lang.invoke.DirectMethodHandle$Holder.invokeStatic(java.lang.Object, java.lang.Object, int)'> (0x00000000c5f2ad10) 
thrown [s\src\hotspot\share\interpreter\linkResolver.cpp, line 759]
Event: 2.017 Thread 0x000002782e21e980 Exception <a 'java/lang/NoSuchMethodError'{0x00000000c5f484f0}: 'java.lang.Object java.lang.invoke.DirectMethodHandle$Holder.invokeStaticInit(java.lang.Object, int, int, int, int)'> (0x00000000c5f484f0) 
thrown [s\src\hotspot\share\interpreter\linkResolver.cpp, line 759]
Event: 2.183 Thread 0x000002782e21e980 Exception <a 'java/lang/NoSuchMethodError'{0x00000000c5fba788}: 'java.lang.Object java.lang.invoke.DirectMethodHandle$Holder.invokeStaticInit(java.lang.Object, java.lang.Object, int, int, int, int)'> (0x00000000c5fba788) 
thrown [s\src\hotspot\share\interpreter\linkResolver.cpp, line 759]
Event: 2.240 Thread 0x000002782e21e980 Exception <a 'java/lang/NoClassDefFoundError'{0x00000000c5e39ba0}: org/slf4j/impl/StaticLoggerBinder> (0x00000000c5e39ba0) 
thrown [s\src\hotspot\share\classfile\systemDictionary.cpp, line 245]
Event: 2.243 Thread 0x000002782e21e980 Exception <a 'java/io/IOException'{0x00000000c5e3a0c0}> (0x00000000c5e3a0c0) 
thrown [s\src\hotspot\share\prims\jni.cpp, line 516]
Event: 2.243 Thread 0x000002782e21e980 Exception <a 'java/io/IOException'{0x00000000c5e3a700}> (0x00000000c5e3a700) 
thrown [s\src\hotspot\share\prims\jni.cpp, line 516]
Event: 2.244 Thread 0x000002782e21e980 Exception <a 'java/io/IOException'{0x00000000c5e3ae40}> (0x00000000c5e3ae40) 
thrown [s\src\hotspot\share\prims\jni.cpp, line 516]
Event: 2.244 Thread 0x000002782e21e980 Exception <a 'java/io/IOException'{0x00000000c5e3b3f8}> (0x00000000c5e3b3f8) 
thrown [s\src\hotspot\share\prims\jni.cpp, line 516]
Event: 2.244 Thread 0x000002782e21e980 Exception <a 'java/io/IOException'{0x00000000c5e3bb80}> (0x00000000c5e3bb80) 
thrown [s\src\hotspot\share\prims\jni.cpp, line 516]
Event: 2.244 Thread 0x000002782e21e980 Exception <a 'java/io/IOException'{0x00000000c5e3c138}> (0x00000000c5e3c138) 
thrown [s\src\hotspot\share\prims\jni.cpp, line 516]
Event: 3.283 Thread 0x000002782e38b4c0 Exception <a 'java/lang/NoSuchMethodError'{0x00000000c663a9d0}: 'void java.lang.invoke.DirectMethodHandle$Holder.invokeInterface(java.lang.Object, java.lang.Object, java.lang.Object)'> (0x00000000c663a9d0) 
thrown [s\src\hotspot\share\interpreter\linkResolver.cpp, line 759]

VM Operations (18 events):
Event: 0.918 Executing VM operation: HandshakeAllThreads
Event: 0.918 Executing VM operation: HandshakeAllThreads done
Event: 1.685 Executing VM operation: HandshakeAllThreads
Event: 1.685 Executing VM operation: HandshakeAllThreads done
Event: 1.685 Executing VM operation: Cleanup
Event: 1.685 Executing VM operation: Cleanup done
Event: 2.040 Executing VM operation: HandshakeAllThreads
Event: 2.040 Executing VM operation: HandshakeAllThreads done
Event: 2.393 Executing VM operation: HandshakeAllThreads
Event: 2.393 Executing VM operation: HandshakeAllThreads done
Event: 2.448 Executing VM operation: HandshakeAllThreads
Event: 2.448 Executing VM operation: HandshakeAllThreads done
Event: 2.725 Executing VM operation: G1CollectForAllocation
Event: 2.759 Executing VM operation: G1CollectForAllocation done
Event: 3.769 Executing VM operation: Cleanup
Event: 3.770 Executing VM operation: Cleanup done
Event: 4.637 Executing VM operation: HandshakeAllThreads
Event: 4.637 Executing VM operation: HandshakeAllThreads done

Events (20 events):
Event: 3.285 loading class jdk/internal/loader/BootLoader$PackageHelper
Event: 3.286 loading class jdk/internal/loader/BootLoader$PackageHelper done
Event: 3.472 loading class java/net/URLClassLoader$3
Event: 3.472 loading class java/net/URLClassLoader$3 done
Event: 3.472 loading class java/net/URLClassLoader$3$1
Event: 3.472 loading class java/net/URLClassLoader$3$1 done
Event: 3.477 loading class java/io/BufferedReader
Event: 3.477 loading class java/io/BufferedReader done
Event: 3.478 loading class sun/nio/cs/StreamDecoder
Event: 3.478 loading class sun/nio/cs/StreamDecoder done
Event: 3.592 loading class java/net/URLClassLoader$1
Event: 3.592 loading class java/net/URLClassLoader$1 done
Event: 3.969 loading class java/io/FilePermission$1
Event: 3.970 loading class jdk/internal/access/JavaIOFilePermissionAccess
Event: 3.970 loading class jdk/internal/access/JavaIOFilePermissionAccess done
Event: 3.970 loading class java/io/FilePermission$1 done
Event: 3.970 loading class java/io/FilePermissionCollection
Event: 3.970 loading class java/io/FilePermissionCollection done
Event: 3.970 loading class java/io/FilePermissionCollection$1
Event: 3.970 loading class java/io/FilePermissionCollection$1 done


Dynamic libraries:
0x00007ff65e810000 - 0x00007ff65e81e000 	C:\Users\HP\.vscode\extensions\redhat.java-1.29.0-win32-x64\jre\17.0.10-win32-x86_64\bin\java.exe
0x00007ffaa5fd0000 - 0x00007ffaa61e6000 	C:\WINDOWS\SYSTEM32\ntdll.dll
0x00007ffaa5ec0000 - 0x00007ffaa5f84000 	C:\WINDOWS\System32\KERNEL32.DLL
0x00007ffaa3920000 - 0x00007ffaa3cc7000 	C:\WINDOWS\System32\KERNELBASE.dll
0x00007ffa7ef70000 - 0x00007ffa7ef8b000 	C:\Users\HP\.vscode\extensions\redhat.java-1.29.0-win32-x64\jre\17.0.10-win32-x86_64\bin\VCRUNTIME140.dll
0x00007ffa7f620000 - 0x00007ffa7f637000 	C:\Users\HP\.vscode\extensions\redhat.java-1.29.0-win32-x64\jre\17.0.10-win32-x86_64\bin\jli.dll
0x00007ffaa35c0000 - 0x00007ffaa36d1000 	C:\WINDOWS\System32\ucrtbase.dll
0x00007ffaa54c0000 - 0x00007ffaa566e000 	C:\WINDOWS\System32\USER32.dll
0x00007ffaa36e0000 - 0x00007ffaa3706000 	C:\WINDOWS\System32\win32u.dll
0x00007ffaa4520000 - 0x00007ffaa4549000 	C:\WINDOWS\System32\GDI32.dll
0x00007ffaa32f0000 - 0x00007ffaa3409000 	C:\WINDOWS\System32\gdi32full.dll
0x00007ffaa3880000 - 0x00007ffaa391a000 	C:\WINDOWS\System32\msvcp_win.dll
0x00007ffa8bb40000 - 0x00007ffa8bdd3000 	C:\WINDOWS\WinSxS\amd64_microsoft.windows.common-controls_6595b64144ccf1df_6.0.22621.3235_none_270f74e173860f98\COMCTL32.dll
0x00007ffaa5670000 - 0x00007ffaa5717000 	C:\WINDOWS\System32\msvcrt.dll
0x00007ffaa3f70000 - 0x00007ffaa3fa1000 	C:\WINDOWS\System32\IMM32.DLL
0x00007ffa8e210000 - 0x00007ffa8e21c000 	C:\Users\HP\.vscode\extensions\redhat.java-1.29.0-win32-x64\jre\17.0.10-win32-x86_64\bin\vcruntime140_1.dll
0x00007ffa56c80000 - 0x00007ffa56d0d000 	C:\Users\HP\.vscode\extensions\redhat.java-1.29.0-win32-x64\jre\17.0.10-win32-x86_64\bin\msvcp140.dll
0x00007ffa2d2c0000 - 0x00007ffa2df22000 	C:\Users\HP\.vscode\extensions\redhat.java-1.29.0-win32-x64\jre\17.0.10-win32-x86_64\bin\server\jvm.dll
0x00007ffaa5400000 - 0x00007ffaa54b2000 	C:\WINDOWS\System32\ADVAPI32.dll
0x00007ffaa3eb0000 - 0x00007ffaa3f58000 	C:\WINDOWS\System32\sechost.dll
0x00007ffaa3cd0000 - 0x00007ffaa3cf8000 	C:\WINDOWS\System32\bcrypt.dll
0x00007ffaa57f0000 - 0x00007ffaa5905000 	C:\WINDOWS\System32\RPCRT4.dll
0x00007ffaa31c0000 - 0x00007ffaa320d000 	C:\WINDOWS\SYSTEM32\POWRPROF.dll
0x00007ffa9a000000 - 0x00007ffa9a034000 	C:\WINDOWS\SYSTEM32\WINMM.dll
0x00007ffa95120000 - 0x00007ffa9512a000 	C:\WINDOWS\SYSTEM32\VERSION.dll
0x00007ffa7ef60000 - 0x00007ffa7ef69000 	C:\WINDOWS\SYSTEM32\WSOCK32.dll
0x00007ffaa5240000 - 0x00007ffaa52b1000 	C:\WINDOWS\System32\WS2_32.dll
0x00007ffaa30f0000 - 0x00007ffaa3103000 	C:\WINDOWS\SYSTEM32\UMPDC.dll
0x00007ffaa22f0000 - 0x00007ffaa2308000 	C:\WINDOWS\SYSTEM32\kernel.appcore.dll
0x00007ffa8be10000 - 0x00007ffa8be1a000 	C:\Users\HP\.vscode\extensions\redhat.java-1.29.0-win32-x64\jre\17.0.10-win32-x86_64\bin\jimage.dll
0x00007ffaa0b30000 - 0x00007ffaa0d63000 	C:\WINDOWS\SYSTEM32\DBGHELP.DLL
0x00007ffaa3fb0000 - 0x00007ffaa4338000 	C:\WINDOWS\System32\combase.dll
0x00007ffaa4340000 - 0x00007ffaa4417000 	C:\WINDOWS\System32\OLEAUT32.dll
0x00007ffa7f260000 - 0x00007ffa7f292000 	C:\WINDOWS\SYSTEM32\dbgcore.DLL
0x00007ffaa34d0000 - 0x00007ffaa3549000 	C:\WINDOWS\System32\bcryptPrimitives.dll
0x00007ffa6cdc0000 - 0x00007ffa6cde5000 	C:\Users\HP\.vscode\extensions\redhat.java-1.29.0-win32-x64\jre\17.0.10-win32-x86_64\bin\java.dll
0x00007ffa72500000 - 0x00007ffa72518000 	C:\Users\HP\.vscode\extensions\redhat.java-1.29.0-win32-x64\jre\17.0.10-win32-x86_64\bin\zip.dll
0x00007ffaa4550000 - 0x00007ffaa4dac000 	C:\WINDOWS\System32\SHELL32.dll
0x00007ffaa1200000 - 0x00007ffaa1af9000 	C:\WINDOWS\SYSTEM32\windows.storage.dll
0x00007ffaa10c0000 - 0x00007ffaa11fe000 	C:\WINDOWS\SYSTEM32\wintypes.dll
0x00007ffaa5a70000 - 0x00007ffaa5b63000 	C:\WINDOWS\System32\SHCORE.dll
0x00007ffaa5720000 - 0x00007ffaa577e000 	C:\WINDOWS\System32\shlwapi.dll
0x00007ffaa3220000 - 0x00007ffaa3241000 	C:\WINDOWS\SYSTEM32\profapi.dll
0x00007ffa71cb0000 - 0x00007ffa71cc9000 	C:\Users\HP\.vscode\extensions\redhat.java-1.29.0-win32-x64\jre\17.0.10-win32-x86_64\bin\net.dll
0x00007ffa9ad90000 - 0x00007ffa9aec6000 	C:\WINDOWS\SYSTEM32\WINHTTP.dll
0x00007ffaa2760000 - 0x00007ffaa27c9000 	C:\WINDOWS\system32\mswsock.dll
0x00007ffa6cda0000 - 0x00007ffa6cdb6000 	C:\Users\HP\.vscode\extensions\redhat.java-1.29.0-win32-x64\jre\17.0.10-win32-x86_64\bin\nio.dll
0x00007ffaa29a0000 - 0x00007ffaa29bb000 	C:\WINDOWS\SYSTEM32\CRYPTSP.dll
0x00007ffaa2250000 - 0x00007ffaa2285000 	C:\WINDOWS\system32\rsaenh.dll
0x00007ffaa2820000 - 0x00007ffaa2848000 	C:\WINDOWS\SYSTEM32\USERENV.dll
0x00007ffaa29c0000 - 0x00007ffaa29cc000 	C:\WINDOWS\SYSTEM32\CRYPTBASE.dll
0x00007ffaa1d60000 - 0x00007ffaa1d8d000 	C:\WINDOWS\SYSTEM32\IPHLPAPI.DLL
0x00007ffaa4db0000 - 0x00007ffaa4db9000 	C:\WINDOWS\System32\NSI.dll
0x00007ffa9ad20000 - 0x00007ffa9ad39000 	C:\WINDOWS\SYSTEM32\dhcpcsvc6.DLL
0x00007ffa9ad00000 - 0x00007ffa9ad1f000 	C:\WINDOWS\SYSTEM32\dhcpcsvc.DLL
0x00007ffaa1e20000 - 0x00007ffaa1f19000 	C:\WINDOWS\SYSTEM32\DNSAPI.dll
0x00007ffa8a6c0000 - 0x00007ffa8a6d0000 	C:\Users\HP\.vscode\extensions\redhat.java-1.29.0-win32-x64\jre\17.0.10-win32-x86_64\bin\verify.dll

dbghelp: loaded successfully - version: 4.0.5 - missing functions: none
symbol engine: initialized successfully - sym options: 0x614 - pdb path: .;C:\Users\HP\.vscode\extensions\redhat.java-1.29.0-win32-x64\jre\17.0.10-win32-x86_64\bin;C:\WINDOWS\SYSTEM32;C:\WINDOWS\WinSxS\amd64_microsoft.windows.common-controls_6595b64144ccf1df_6.0.22621.3235_none_270f74e173860f98;C:\Users\HP\.vscode\extensions\redhat.java-1.29.0-win32-x64\jre\17.0.10-win32-x86_64\bin\server

VM Arguments:
jvm_args: --add-opens=java.base/java.lang=ALL-UNNAMED --add-opens=java.base/java.io=ALL-UNNAMED --add-opens=java.base/java.util=ALL-UNNAMED -Dplugin.dir=C:\Users\HP\.vscode\extensions\redhat.java-1.29.0-win32-x64\server\..\..\vscjava.vscode-gradle-3.13.5\server\plugins 
java_command: com.microsoft.java.bs.core.Launcher
java_class_path (initial): C:\Users\HP\.vscode\extensions\redhat.java-1.29.0-win32-x64\server\..\..\vscjava.vscode-gradle-3.13.5\server\server.jar;C:\Users\HP\.vscode\extensions\redhat.java-1.29.0-win32-x64\server\..\..\vscjava.vscode-gradle-3.13.5\server\runtime\bsp4j-2.1.0-M4.jar;C:\Users\HP\.vscode\extensions\redhat.java-1.29.0-win32-x64\server\..\..\vscjava.vscode-gradle-3.13.5\server\runtime\checker-qual-3.5.0.jar;C:\Users\HP\.vscode\extensions\redhat.java-1.29.0-win32-x64\server\..\..\vscjava.vscode-gradle-3.13.5\server\runtime\commons-lang3-3.13.0.jar;C:\Users\HP\.vscode\extensions\redhat.java-1.29.0-win32-x64\server\..\..\vscjava.vscode-gradle-3.13.5\server\runtime\error_prone_annotations-2.3.4.jar;C:\Users\HP\.vscode\extensions\redhat.java-1.29.0-win32-x64\server\..\..\vscjava.vscode-gradle-3.13.5\server\runtime\failureaccess-1.0.1.jar;C:\Users\HP\.vscode\extensions\redhat.java-1.29.0-win32-x64\server\..\..\vscjava.vscode-gradle-3.13.5\server\runtime\gradle-tooling-api-8.1.1.jar;C:\Users\HP\.vscode\extensions\redhat.java-1.29.0-win32-x64\server\..\..\vscjava.vscode-gradle-3.13.5\server\runtime\gson-2.9.1.jar;C:\Users\HP\.vscode\extensions\redhat.java-1.29.0-win32-x64\server\..\..\vscjava.vscode-gradle-3.13.5\server\runtime\guava-30.1-jre.jar;C:\Users\HP\.vscode\extensions\redhat.java-1.29.0-win32-x64\server\..\..\vscjava.vscode-gradle-3.13.5\server\runtime\j2objc-annotations-1.3.jar;C:\Users\HP\.vscode\extensions\redhat.java-1.29.0-win32-x64\server\..\..\vscjava.vscode-gradle-3.13.5\server\runtime\jsr305-3.0.2.jar;C:\Users\HP\.vscode\extensions\redhat.java-1.29.0-win32-x64\server\..\..\vscjava.vscode-gradle-3.13.5\server\runtime\listenablefuture-9999.0-empty-to-avoid-conflict-with-guava.jar;C:\Users\HP\.vscode\extensions\redhat.java-1.29.0-win32-x64\server\..\..\vscjava.vscode-gradle-3.13.5\server\runtime\model.jar;C:\Users\HP\.vscode\extensions\redhat.java-1.29.0-win32-x64\server\..\..\vscjava.vscode-gradle-3.13.5\server\runtime\org.eclipse.lsp4j.generat
Launcher Type: SUN_STANDARD

[Global flags]
     intx CICompilerCount                          = 3                                         {product} {ergonomic}
     uint ConcGCThreads                            = 1                                         {product} {ergonomic}
     uint G1ConcRefinementThreads                  = 4                                         {product} {ergonomic}
   size_t G1HeapRegionSize                         = 1048576                                   {product} {ergonomic}
    uintx GCDrainStackTargetSize                   = 64                                        {product} {ergonomic}
   size_t InitialHeapSize                          = 65011712                                  {product} {ergonomic}
   size_t MarkStackSize                            = 4194304                                   {product} {ergonomic}
   size_t MaxHeapSize                              = 1027604480                                {product} {ergonomic}
   size_t MaxNewSize                               = 616562688                                 {product} {ergonomic}
   size_t MinHeapDeltaBytes                        = 1048576                                   {product} {ergonomic}
   size_t MinHeapSize                              = 8388608                                   {product} {ergonomic}
    uintx NonNMethodCodeHeapSize                   = 5832780                                {pd product} {ergonomic}
    uintx NonProfiledCodeHeapSize                  = 122912730                              {pd product} {ergonomic}
    uintx ProfiledCodeHeapSize                     = 122912730                              {pd product} {ergonomic}
    uintx ReservedCodeCacheSize                    = 251658240                              {pd product} {ergonomic}
     bool SegmentedCodeCache                       = true                                      {product} {ergonomic}
   size_t SoftMaxHeapSize                          = 1027604480                             {manageable} {ergonomic}
     bool UseCompressedClassPointers               = true                           {product lp64_product} {ergonomic}
     bool UseCompressedOops                        = true                           {product lp64_product} {ergonomic}
     bool UseG1GC                                  = true                                      {product} {ergonomic}
     bool UseLargePagesIndividualAllocation        = false                                  {pd product} {ergonomic}

Logging:
Log output configuration:
 #0: stdout all=warning uptime,level,tags
 #1: stderr all=off uptime,level,tags

Environment Variables:
JAVA_HOME=D:\APAP JAVA\Java\jdk-17
PATH=C:\Python312\Scripts\;C:\Python312\;C:\Program Files\Common Files\Oracle\Java\javapath;C:\Program Files (x86)\Common Files\Oracle\Java\javapath;C:\WINDOWS\system32;C:\WINDOWS;C:\WINDOWS\System32\Wbem;C:\WINDOWS\System32\WindowsPowerShell\v1.0\;C:\WINDOWS\System32\OpenSSH\;C:\Users\Ron\AppData\Local\Programs\Python\Python39;C:\Users\Ron\AppData\Local\Programs\Python\Python39\Scripts;C:\Users\HP\AppData\Local\Programs\Python\Python310\;C:\Users\HP\AppData\Local\Programs\Python\Python310\\Scripts;D:\PuTTY\;D:\Git\cmd;C:\Program Files\Docker\Docker\resources\bin;D:\APAP JAVA\Java\jdk-17\bin;D:\NODE JS\;C:\ProgramData\chocolatey\bin;C:\Users\HP\AppData\Local\Programs\Python\Python310\Scripts\;C:\Users\HP\AppData\Local\Programs\Python\Python310\;C:\Users\Ron\AppData\Local\Programs\Python\Python39;C:\Users\Ron\AppData\Local\Programs\Python\Python39\Scripts;C:\Users\HP\AppData\Local\Programs\Microsoft VS Code\bin;C:\Users\HP\Documents\COOLYEAH\Semester 3\PBP\FLUTTER\bin;C:\Users\HP\Documents\COOLYEAH\Semester 3\PBP\FLUTTER\flutter\bin;C:\Users\HP\AppData\Local\Microsoft\WindowsApps;D:\FLUTTER\bin;C:\Users\HP\AppData\Roaming\npm
USERNAME=HP
OS=Windows_NT
PROCESSOR_IDENTIFIER=Intel64 Family 6 Model 142 Stepping 12, GenuineIntel
TMP=C:\Users\HP\AppData\Local\Temp
TEMP=C:\Users\HP\AppData\Local\Temp



Periodic native trim disabled


---------------  S Y S T E M  ---------------

OS:
 Windows 11 , 64 bit Build 22621 (10.0.22621.3374)
OS uptime: 4 days 17:13 hours
Hyper-V role detected

CPU: total 4 (initial active 4) (2 cores per cpu, 2 threads per core) family 6 model 142 stepping 12 microcode 0xec, cx8, cmov, fxsr, ht, mmx, 3dnowpref, sse, sse2, sse3, ssse3, sse4.1, sse4.2, popcnt, lzcnt, tsc, tscinvbit, avx, avx2, aes, erms, clmul, bmi1, bmi2, adx, fma, vzeroupper, clflush, clflushopt, hv
Processor Information for all 4 processors :
  Max Mhz: 2592, Current Mhz: 2093, Mhz Limit: 2073

Memory: 4k page, system-wide physical 3919M (104M free)
TotalPageFile size 15695M (AvailPageFile size 0M)
current process WorkingSet (physical memory assigned to process): 75M, peak: 75M
current process commit charge ("private bytes"): 148M, peak: 148M

vm_info: OpenJDK 64-Bit Server VM (17.0.10+7) for windows-amd64 JRE (17.0.10+7), built on Jan 16 2024 23:25:11 by "admin" with MS VC++ 16.10 / 16.11 (VS2019)

END.
