#
# There is insufficient memory for the Java Runtime Environment to continue.
# Native memory allocation (malloc) failed to allocate 1023056 bytes for Chunk::new
# Possible reasons:
#   The system is out of physical RAM or swap space
#   The process is running with CompressedOops enabled, and the Java Heap may be blocking the growth of the native heap
# Possible solutions:
#   Reduce memory load on the system
#   Increase physical memory or swap space
#   Check if swap backing store is full
#   Decrease Java heap size (-Xmx/-Xms)
#   Decrease number of Java threads
#   Decrease Java thread stack sizes (-Xss)
#   Set larger code cache with -XX:ReservedCodeCacheSize=
#   JVM is running with Unscaled Compressed Oops mode in which the Java heap is
#     placed in the first 4GB address space. The Java Heap base address is the
#     maximum limit for the native heap growth. Please use -XX:HeapBaseMinAddress
#     to set the Java Heap base and to place the Java Heap above 4GB virtual address.
# This output file may be truncated or incomplete.
#
#  Out of Memory Error (arena.cpp:189), pid=15216, tid=22992
#
# JRE version: Java(TM) SE Runtime Environment (17.0.8+9) (build 17.0.8+9-LTS-211)
# Java VM: Java HotSpot(TM) 64-Bit Server VM (17.0.8+9-LTS-211, mixed mode, sharing, tiered, compressed oops, compressed class ptrs, g1 gc, windows-amd64)
# No core dump will be written. Minidumps are not enabled by default on client versions of Windows
#

---------------  S U M M A R Y ------------

Command Line: --add-opens=java.base/java.util=ALL-UNNAMED --add-opens=java.base/java.lang=ALL-UNNAMED --add-opens=java.base/java.lang.invoke=ALL-UNNAMED --add-opens=java.prefs/java.util.prefs=ALL-UNNAMED --add-opens=java.base/java.nio.charset=ALL-UNNAMED --add-opens=java.base/java.net=ALL-UNNAMED --add-opens=java.base/java.util.concurrent.atomic=ALL-UNNAMED -XX:MaxMetaspaceSize=384m -XX:+HeapDumpOnOutOfMemoryError -Xms256m -Xmx512m -Dfile.encoding=windows-1252 -Duser.country=ID -Duser.language=en -Duser.variant -javaagent:C:\Users\HP\.gradle\wrapper\dists\gradle-8.5-bin\5t9huq95ubn472n8rpzujfbqh\gradle-8.5\lib\agents\gradle-instrumentation-agent-8.5.jar org.gradle.launcher.daemon.bootstrap.GradleDaemon 8.5

Host: Intel(R) Core(TM) i3-10110U CPU @ 2.10GHz, 4 cores, 3G,  Windows 11 , 64 bit Build 22621 (10.0.22621.3235)
Time: Tue Apr  9 14:58:33 2024 SE Asia Standard Time elapsed time: 65.242597 seconds (0d 0h 1m 5s)

---------------  T H R E A D  ---------------

Current thread (0x0000013db6126480):  JavaThread "C2 CompilerThread0" daemon [_thread_in_native, id=22992, stack(0x0000000fc5a00000,0x0000000fc5b00000)]


Current CompileTask:
C2:  65243 8210   !   4       io.spring.gradle.dependencymanagement.org.codehaus.plexus.interpolation.StringSearchInterpolator::interpolate (668 bytes)

Stack: [0x0000000fc5a00000,0x0000000fc5b00000]
Native frames: (J=compiled Java code, j=interpreted, Vv=VM code, C=native code)
V  [jvm.dll+0x677d0a]
V  [jvm.dll+0x7d8c54]
V  [jvm.dll+0x7da3fe]
V  [jvm.dll+0x7daa63]
V  [jvm.dll+0x245c5f]
V  [jvm.dll+0xaaa6b]
V  [jvm.dll+0xab00c]
V  [jvm.dll+0x2ab5cf]
V  [jvm.dll+0x580435]
V  [jvm.dll+0x220b22]
V  [jvm.dll+0x220eff]
V  [jvm.dll+0x219e56]
V  [jvm.dll+0x217329]
V  [jvm.dll+0x1a3af0]
V  [jvm.dll+0x2270be]
V  [jvm.dll+0x22535b]
V  [jvm.dll+0x78e7bc]
V  [jvm.dll+0x788bba]
V  [jvm.dll+0x676b35]
C  [ucrtbase.dll+0x29363]
C  [KERNEL32.DLL+0x1257d]
C  [ntdll.dll+0x5aa58]


---------------  P R O C E S S  ---------------

Threads class SMR info:
_java_thread_list=0x0000013dd2a8ccb0, length=86, elements={
0x0000013d9c0b6d70, 0x0000013db6105370, 0x0000013db61061e0, 0x0000013db61212c0,
0x0000013db6121e70, 0x0000013db6124930, 0x0000013db61252e0, 0x0000013db6126480,
0x0000013db612bb50, 0x0000013db6298070, 0x0000013db60f1710, 0x0000013db6387d40,
0x0000013dd0ccca30, 0x0000013dd0f50fb0, 0x0000013dd039dd50, 0x0000013dd0c6a450,
0x0000013db64a9170, 0x0000013dd0346710, 0x0000013db62d0230, 0x0000013db64a2a40,
0x0000013db64a2570, 0x0000013db64a2f10, 0x0000013db64a33e0, 0x0000013db64a1bd0,
0x0000013db64a20a0, 0x0000013dd1229bd0, 0x0000013dd122bd80, 0x0000013dd12253a0,
0x0000013dd1227ef0, 0x0000013dd122aa40, 0x0000013dd122b3e0, 0x0000013dd1226210,
0x0000013dd12283c0, 0x0000013dd1229700, 0x0000013dd1228890, 0x0000013dd1229230,
0x0000013dd1392300, 0x0000013dd1225870, 0x0000013dd1393b10, 0x0000013dd1393640,
0x0000013dd186cbf0, 0x0000013dd186df30, 0x0000013dd186d0c0, 0x0000013dd1c8aca0,
0x0000013dd122b8b0, 0x0000013dd1c8b170, 0x0000013dd1c8b640, 0x0000013dd1c8bb10,
0x0000013dd186e8d0, 0x0000013dd122a0a0, 0x0000013dd1c8a300, 0x0000013dd1c8a7d0,
0x0000013dd0fc3db0, 0x0000013dd1cd6920, 0x0000013dd1cd8130, 0x0000013dd186e400,
0x0000013dd186d590, 0x0000013dd186eda0, 0x0000013dd186da60, 0x0000013dd186c250,
0x0000013dd1cd6df0, 0x0000013dd186b3e0, 0x0000013dd186b8b0, 0x0000013dd186bd80,
0x0000013dd1225d40, 0x0000013dd1227550, 0x0000013dd12266e0, 0x0000013dd1224a00,
0x0000013dd1224530, 0x0000013dd122a570, 0x0000013dd0fc3410, 0x0000013dd0fc2f40,
0x0000013dd0fc4280, 0x0000013dd0fc4750, 0x0000013dd2deced0, 0x0000013dd2ded3a0,
0x0000013dd2ded870, 0x0000013dd2dec060, 0x0000013dd2dec530, 0x0000013dd2deca00,
0x0000013dd1226bb0, 0x0000013dd1227080, 0x0000013dd1227a20, 0x0000013dd293e1c0,
0x0000013dd293f500, 0x0000013dd1cd6450
}

Java Threads: ( => current thread )
  0x0000013d9c0b6d70 JavaThread "main" [_thread_blocked, id=8032, stack(0x0000000fc4c00000,0x0000000fc4d00000)]
  0x0000013db6105370 JavaThread "Reference Handler" daemon [_thread_blocked, id=19120, stack(0x0000000fc5400000,0x0000000fc5500000)]
  0x0000013db61061e0 JavaThread "Finalizer" daemon [_thread_blocked, id=3948, stack(0x0000000fc5500000,0x0000000fc5600000)]
  0x0000013db61212c0 JavaThread "Signal Dispatcher" daemon [_thread_blocked, id=17296, stack(0x0000000fc5600000,0x0000000fc5700000)]
  0x0000013db6121e70 JavaThread "Attach Listener" daemon [_thread_blocked, id=10496, stack(0x0000000fc5700000,0x0000000fc5800000)]
  0x0000013db6124930 JavaThread "Service Thread" daemon [_thread_blocked, id=9904, stack(0x0000000fc5800000,0x0000000fc5900000)]
  0x0000013db61252e0 JavaThread "Monitor Deflation Thread" daemon [_thread_blocked, id=26412, stack(0x0000000fc5900000,0x0000000fc5a00000)]
=>0x0000013db6126480 JavaThread "C2 CompilerThread0" daemon [_thread_in_native, id=22992, stack(0x0000000fc5a00000,0x0000000fc5b00000)]
  0x0000013db612bb50 JavaThread "C1 CompilerThread0" daemon [_thread_blocked, id=27508, stack(0x0000000fc5b00000,0x0000000fc5c00000)]
  0x0000013db6298070 JavaThread "Sweeper thread" daemon [_thread_blocked, id=10156, stack(0x0000000fc5c00000,0x0000000fc5d00000)]
  0x0000013db60f1710 JavaThread "Common-Cleaner" daemon [_thread_blocked, id=21724, stack(0x0000000fc5d00000,0x0000000fc5e00000)]
  0x0000013db6387d40 JavaThread "Notification Thread" daemon [_thread_blocked, id=14376, stack(0x0000000fc5e00000,0x0000000fc5f00000)]
  0x0000013dd0ccca30 JavaThread "Daemon health stats" [_thread_blocked, id=19276, stack(0x0000000fc6300000,0x0000000fc6400000)]
  0x0000013dd0f50fb0 JavaThread "Incoming local TCP Connector on port 51731" [_thread_in_native, id=16516, stack(0x0000000fc6400000,0x0000000fc6500000)]
  0x0000013dd039dd50 JavaThread "Daemon periodic checks" [_thread_blocked, id=27916, stack(0x0000000fc6500000,0x0000000fc6600000)]
  0x0000013dd0c6a450 JavaThread "Daemon" [_thread_blocked, id=27728, stack(0x0000000fc6600000,0x0000000fc6700000)]
  0x0000013db64a9170 JavaThread "Handler for socket connection from /127.0.0.1:51731 to /127.0.0.1:51732" [_thread_in_native, id=11280, stack(0x0000000fc6700000,0x0000000fc6800000)]
  0x0000013dd0346710 JavaThread "Cancel handler" [_thread_blocked, id=23044, stack(0x0000000fc6800000,0x0000000fc6900000)]
  0x0000013db62d0230 JavaThread "Daemon worker" [_thread_blocked, id=10600, stack(0x0000000fc6900000,0x0000000fc6a00000)]
  0x0000013db64a2a40 JavaThread "Asynchronous log dispatcher for DefaultDaemonConnection: socket connection from /127.0.0.1:51731 to /127.0.0.1:51732" [_thread_blocked, id=24936, stack(0x0000000fc6a00000,0x0000000fc6b00000)]
  0x0000013db64a2570 JavaThread "Stdin handler" [_thread_blocked, id=10188, stack(0x0000000fc6b00000,0x0000000fc6c00000)]
  0x0000013db64a2f10 JavaThread "Daemon client event forwarder" [_thread_blocked, id=22244, stack(0x0000000fc6c00000,0x0000000fc6d00000)]
  0x0000013db64a33e0 JavaThread "Cache worker for journal cache (C:\Users\HP\.gradle\caches\journal-1)" [_thread_blocked, id=2160, stack(0x0000000fc6d00000,0x0000000fc6e00000)]
  0x0000013db64a1bd0 JavaThread "File lock request listener" [_thread_in_native, id=22684, stack(0x0000000fc6e00000,0x0000000fc6f00000)]
  0x0000013db64a20a0 JavaThread "Cache worker for file hash cache (C:\Users\HP\.gradle\caches\8.5\fileHashes)" [_thread_blocked, id=4132, stack(0x0000000fc6f00000,0x0000000fc7000000)]
  0x0000013dd1229bd0 JavaThread "File watcher server" daemon [_thread_in_native, id=27236, stack(0x0000000fc7000000,0x0000000fc7100000)]
  0x0000013dd122bd80 JavaThread "File watcher consumer" daemon [_thread_blocked, id=16464, stack(0x0000000fc7100000,0x0000000fc7200000)]
  0x0000013dd12253a0 JavaThread "Cache worker for checksums cache (D:\pindahan\COOLYEAH\Semester 6\Propensi\TK\d02-rtx\smail\.gradle\8.5\checksums)" [_thread_blocked, id=28252, stack(0x0000000fc7200000,0x0000000fc7300000)]
  0x0000013dd1227ef0 JavaThread "Cache worker for file hash cache (D:\pindahan\COOLYEAH\Semester 6\Propensi\TK\d02-rtx\smail\.gradle\8.5\fileHashes)" [_thread_blocked, id=17024, stack(0x0000000fc7300000,0x0000000fc7400000)]
  0x0000013dd122aa40 JavaThread "Cache worker for cache directory md-supplier (C:\Users\HP\.gradle\caches\8.5\md-supplier)" [_thread_blocked, id=26200, stack(0x0000000fc7400000,0x0000000fc7500000)]
  0x0000013dd122b3e0 JavaThread "Cache worker for cache directory md-rule (C:\Users\HP\.gradle\caches\8.5\md-rule)" [_thread_blocked, id=21924, stack(0x0000000fc7500000,0x0000000fc7600000)]
  0x0000013dd1226210 JavaThread "Cache worker for file content cache (C:\Users\HP\.gradle\caches\8.5\fileContent)" [_thread_blocked, id=23712, stack(0x0000000fc7600000,0x0000000fc7700000)]
  0x0000013dd12283c0 JavaThread "Cache worker for execution history cache (C:\Users\HP\.gradle\caches\8.5\executionHistory)" [_thread_blocked, id=24044, stack(0x0000000fc7700000,0x0000000fc7800000)]
  0x0000013dd1229700 JavaThread "jar transforms" [_thread_blocked, id=20572, stack(0x0000000fc7800000,0x0000000fc7900000)]
  0x0000013dd1228890 JavaThread "jar transforms Thread 2" [_thread_blocked, id=28100, stack(0x0000000fc7900000,0x0000000fc7a00000)]
  0x0000013dd1229230 JavaThread "Cache worker for dependencies-accessors (D:\pindahan\COOLYEAH\Semester 6\Propensi\TK\d02-rtx\smail\.gradle\8.5\dependencies-accessors)" [_thread_blocked, id=11392, stack(0x0000000fc7a00000,0x0000000fc7b00000)]
  0x0000013dd1392300 JavaThread "jar transforms Thread 3" [_thread_blocked, id=19844, stack(0x0000000fc7b00000,0x0000000fc7c00000)]
  0x0000013dd1225870 JavaThread "File lock release action executor" [_thread_blocked, id=21604, stack(0x0000000fc7c00000,0x0000000fc7d00000)]
  0x0000013dd1393b10 JavaThread "Cache worker for Build Output Cleanup Cache (D:\pindahan\COOLYEAH\Semester 6\Propensi\TK\d02-rtx\smail\.gradle\buildOutputCleanup)" [_thread_blocked, id=19128, stack(0x0000000fc7d00000,0x0000000fc7e00000)]
  0x0000013dd1393640 JavaThread "Unconstrained build operations" [_thread_blocked, id=5040, stack(0x0000000fc7e00000,0x0000000fc7f00000)]
  0x0000013dd186cbf0 JavaThread "Unconstrained build operations Thread 2" [_thread_blocked, id=17376, stack(0x0000000fc7f00000,0x0000000fc8000000)]
  0x0000013dd186df30 JavaThread "Unconstrained build operations Thread 3" [_thread_blocked, id=9812, stack(0x0000000fc8000000,0x0000000fc8100000)]
  0x0000013dd186d0c0 JavaThread "jar transforms Thread 4" [_thread_blocked, id=11076, stack(0x0000000fc8100000,0x0000000fc8200000)]
  0x0000013dd1c8aca0 JavaThread "Memory manager" [_thread_blocked, id=27092, stack(0x0000000fc8200000,0x0000000fc8300000)]
  0x0000013dd122b8b0 JavaThread "included builds" [_thread_blocked, id=20976, stack(0x0000000fc8300000,0x0000000fc8400000)]
  0x0000013dd1c8b170 JavaThread "Execution worker" [_thread_blocked, id=25232, stack(0x0000000fc8400000,0x0000000fc8500000)]
  0x0000013dd1c8b640 JavaThread "Execution worker Thread 2" [_thread_in_Java, id=14680, stack(0x0000000fc8500000,0x0000000fc8600000)]
  0x0000013dd1c8bb10 JavaThread "Execution worker Thread 3" [_thread_blocked, id=27876, stack(0x0000000fc8600000,0x0000000fc8700000)]
  0x0000013dd186e8d0 JavaThread "Cache worker for execution history cache (D:\pindahan\COOLYEAH\Semester 6\Propensi\TK\d02-rtx\smail\.gradle\8.5\executionHistory)" [_thread_blocked, id=22960, stack(0x0000000fc8700000,0x0000000fc8800000)]
  0x0000013dd122a0a0 JavaThread "Unconstrained build operations Thread 4" [_thread_blocked, id=23892, stack(0x0000000fc8b00000,0x0000000fc8c00000)]
  0x0000013dd1c8a300 JavaThread "Unconstrained build operations Thread 5" [_thread_blocked, id=24876, stack(0x0000000fc8c00000,0x0000000fc8d00000)]
  0x0000013dd1c8a7d0 JavaThread "Unconstrained build operations Thread 6" [_thread_blocked, id=8592, stack(0x0000000fc8d00000,0x0000000fc8e00000)]
  0x0000013dd0fc3db0 JavaThread "Unconstrained build operations Thread 7" [_thread_blocked, id=27120, stack(0x0000000fc8e00000,0x0000000fc8f00000)]
  0x0000013dd1cd6920 JavaThread "Unconstrained build operations Thread 8" [_thread_blocked, id=23736, stack(0x0000000fc8f00000,0x0000000fc9000000)]
  0x0000013dd1cd8130 JavaThread "Unconstrained build operations Thread 9" [_thread_blocked, id=27516, stack(0x0000000fc9000000,0x0000000fc9100000)]
  0x0000013dd186e400 JavaThread "Unconstrained build operations Thread 10" [_thread_blocked, id=27024, stack(0x0000000fc9100000,0x0000000fc9200000)]
  0x0000013dd186d590 JavaThread "Unconstrained build operations Thread 11" [_thread_blocked, id=18884, stack(0x0000000fc9200000,0x0000000fc9300000)]
  0x0000013dd186eda0 JavaThread "Unconstrained build operations Thread 12" [_thread_blocked, id=26516, stack(0x0000000fc9300000,0x0000000fc9400000)]
  0x0000013dd186da60 JavaThread "Unconstrained build operations Thread 13" [_thread_blocked, id=23524, stack(0x0000000fc9400000,0x0000000fc9500000)]
  0x0000013dd186c250 JavaThread "Unconstrained build operations Thread 14" [_thread_blocked, id=17996, stack(0x0000000fc9500000,0x0000000fc9600000)]
  0x0000013dd1cd6df0 JavaThread "Unconstrained build operations Thread 15" [_thread_blocked, id=18916, stack(0x0000000fc9600000,0x0000000fc9700000)]
  0x0000013dd186b3e0 JavaThread "Unconstrained build operations Thread 16" [_thread_blocked, id=3016, stack(0x0000000fc9700000,0x0000000fc9800000)]
  0x0000013dd186b8b0 JavaThread "Unconstrained build operations Thread 17" [_thread_blocked, id=27416, stack(0x0000000fc9800000,0x0000000fc9900000)]
  0x0000013dd186bd80 JavaThread "Unconstrained build operations Thread 18" [_thread_blocked, id=2296, stack(0x0000000fc9900000,0x0000000fc9a00000)]
  0x0000013dd1225d40 JavaThread "Unconstrained build operations Thread 19" [_thread_blocked, id=13840, stack(0x0000000fc9a00000,0x0000000fc9b00000)]
  0x0000013dd1227550 JavaThread "Unconstrained build operations Thread 20" [_thread_blocked, id=10556, stack(0x0000000fc9b00000,0x0000000fc9c00000)]
  0x0000013dd12266e0 JavaThread "Unconstrained build operations Thread 21" [_thread_blocked, id=19236, stack(0x0000000fc9c00000,0x0000000fc9d00000)]
  0x0000013dd1224a00 JavaThread "Unconstrained build operations Thread 22" [_thread_blocked, id=28500, stack(0x0000000fc9d00000,0x0000000fc9e00000)]
  0x0000013dd1224530 JavaThread "Unconstrained build operations Thread 23" [_thread_blocked, id=18968, stack(0x0000000fc9e00000,0x0000000fc9f00000)]
  0x0000013dd122a570 JavaThread "Unconstrained build operations Thread 24" [_thread_blocked, id=13140, stack(0x0000000fc9f00000,0x0000000fca000000)]
  0x0000013dd0fc3410 JavaThread "Unconstrained build operations Thread 25" [_thread_blocked, id=10528, stack(0x0000000fca000000,0x0000000fca100000)]
  0x0000013dd0fc2f40 JavaThread "Unconstrained build operations Thread 26" [_thread_blocked, id=6356, stack(0x0000000fca100000,0x0000000fca200000)]
  0x0000013dd0fc4280 JavaThread "Unconstrained build operations Thread 27" [_thread_blocked, id=25452, stack(0x0000000fca200000,0x0000000fca300000)]
  0x0000013dd0fc4750 JavaThread "Unconstrained build operations Thread 28" [_thread_blocked, id=17044, stack(0x0000000fca300000,0x0000000fca400000)]
  0x0000013dd2deced0 JavaThread "Unconstrained build operations Thread 29" [_thread_blocked, id=9064, stack(0x0000000fca400000,0x0000000fca500000)]
  0x0000013dd2ded3a0 JavaThread "Unconstrained build operations Thread 30" [_thread_blocked, id=27732, stack(0x0000000fca500000,0x0000000fca600000)]
  0x0000013dd2ded870 JavaThread "Unconstrained build operations Thread 31" [_thread_blocked, id=26724, stack(0x0000000fca600000,0x0000000fca700000)]
  0x0000013dd2dec060 JavaThread "Unconstrained build operations Thread 32" [_thread_blocked, id=24892, stack(0x0000000fca700000,0x0000000fca800000)]
  0x0000013dd2dec530 JavaThread "Unconstrained build operations Thread 33" [_thread_blocked, id=19792, stack(0x0000000fca800000,0x0000000fca900000)]
  0x0000013dd2deca00 JavaThread "Unconstrained build operations Thread 34" [_thread_blocked, id=18248, stack(0x0000000fca900000,0x0000000fcaa00000)]
  0x0000013dd1226bb0 JavaThread "Unconstrained build operations Thread 35" [_thread_blocked, id=21480, stack(0x0000000fcaa00000,0x0000000fcab00000)]
  0x0000013dd1227080 JavaThread "Unconstrained build operations Thread 36" [_thread_blocked, id=17080, stack(0x0000000fcab00000,0x0000000fcac00000)]
  0x0000013dd1227a20 JavaThread "Unconstrained build operations Thread 37" [_thread_blocked, id=12584, stack(0x0000000fcac00000,0x0000000fcad00000)]
  0x0000013dd293e1c0 JavaThread "Unconstrained build operations Thread 38" [_thread_blocked, id=1852, stack(0x0000000fcad00000,0x0000000fcae00000)]
  0x0000013dd293f500 JavaThread "Unconstrained build operations Thread 39" [_thread_blocked, id=28352, stack(0x0000000fcae00000,0x0000000fcaf00000)]
  0x0000013dd1cd6450 JavaThread "Unconstrained build operations Thread 40" [_thread_blocked, id=9720, stack(0x0000000fcaf00000,0x0000000fcb000000)]

Other Threads:
  0x0000013db6102ff0 VMThread "VM Thread" [stack: 0x0000000fc5300000,0x0000000fc5400000] [id=23916]
  0x0000013db63f2fd0 WatcherThread [stack: 0x0000000fc5f00000,0x0000000fc6000000] [id=6024]
  0x0000013d9c0e3830 GCTaskThread "GC Thread#0" [stack: 0x0000000fc4e00000,0x0000000fc4f00000] [id=20252]
  0x0000013db668e7b0 GCTaskThread "GC Thread#1" [stack: 0x0000000fc6000000,0x0000000fc6100000] [id=6388]
  0x0000013db668ea60 GCTaskThread "GC Thread#2" [stack: 0x0000000fc6100000,0x0000000fc6200000] [id=10272]
  0x0000013db668ed10 GCTaskThread "GC Thread#3" [stack: 0x0000000fc6200000,0x0000000fc6300000] [id=22152]
  0x0000013d9c0e8770 ConcurrentGCThread "G1 Main Marker" [stack: 0x0000000fc4f00000,0x0000000fc5000000] [id=5956]
  0x0000013d9c0e9180 ConcurrentGCThread "G1 Conc#0" [stack: 0x0000000fc5000000,0x0000000fc5100000] [id=14380]
  0x0000013db5fc40d0 ConcurrentGCThread "G1 Refine#0" [stack: 0x0000000fc5100000,0x0000000fc5200000] [id=23220]
  0x0000013dd2419d20 ConcurrentGCThread "G1 Refine#1" [stack: 0x0000000fc8a00000,0x0000000fc8b00000] [id=26972]
  0x0000013db5fc4a00 ConcurrentGCThread "G1 Service" [stack: 0x0000000fc5200000,0x0000000fc5300000] [id=25620]

Threads with active compile tasks:
C2 CompilerThread0    65472 8210   !   4       io.spring.gradle.dependencymanagement.org.codehaus.plexus.interpolation.StringSearchInterpolator::interpolate (668 bytes)

VM state: not at safepoint (normal execution)

VM Mutex/Monitor currently owned by a thread: None

Heap address: 0x00000000e0000000, size: 512 MB, Compressed Oops mode: 32-bit

CDS archive(s) mapped at: [0x0000013db7000000-0x0000013db7bd0000-0x0000013db7bd0000), size 12386304, SharedBaseAddress: 0x0000013db7000000, ArchiveRelocationMode: 1.
Compressed class space mapped at: 0x0000013db8000000-0x0000013dcc000000, reserved size: 335544320
Narrow klass base: 0x0000013db7000000, Narrow klass shift: 0, Narrow klass range: 0x100000000

GC Precious Log:
 CPUs: 4 total, 4 available
 Memory: 3919M
 Large Page Support: Disabled
 NUMA Support: Disabled
 Compressed Oops: Enabled (32-bit)
 Heap Region Size: 1M
 Heap Min Capacity: 256M
 Heap Initial Capacity: 256M
 Heap Max Capacity: 512M
 Pre-touch: Disabled
 Parallel Workers: 4
 Concurrent Workers: 1
 Concurrent Refinement Workers: 4
 Periodic GC: Disabled

Heap:
 garbage-first heap   total 262144K, used 108499K [0x00000000e0000000, 0x0000000100000000)
  region size 1024K, 86 young (88064K), 17 survivors (17408K)
 Metaspace       used 51619K, committed 52160K, reserved 393216K
  class space    used 7173K, committed 7424K, reserved 327680K

Heap Regions: E=young(eden), S=young(survivor), O=old, HS=humongous(starts), HC=humongous(continues), CS=collection set, F=free, OA=open archive, CA=closed archive, TAMS=top-at-mark-start (previous, next)
|   0|0x00000000e0000000, 0x00000000e0100000, 0x00000000e0100000|100%| O|  |TAMS 0x00000000e0100000, 0x00000000e0000000| Untracked 
|   1|0x00000000e0100000, 0x00000000e0200000, 0x00000000e0200000|100%| O|  |TAMS 0x00000000e0200000, 0x00000000e0100000| Untracked 
|   2|0x00000000e0200000, 0x00000000e0300000, 0x00000000e0300000|100%|HS|  |TAMS 0x00000000e0300000, 0x00000000e0200000| Complete 
|   3|0x00000000e0300000, 0x00000000e0400000, 0x00000000e0400000|100%|HC|  |TAMS 0x00000000e0400000, 0x00000000e0300000| Complete 
|   4|0x00000000e0400000, 0x00000000e0500000, 0x00000000e0500000|100%|HC|  |TAMS 0x00000000e0500000, 0x00000000e0400000| Complete 
|   5|0x00000000e0500000, 0x00000000e0600000, 0x00000000e0600000|100%|HC|  |TAMS 0x00000000e0600000, 0x00000000e0500000| Complete 
|   6|0x00000000e0600000, 0x00000000e0700000, 0x00000000e0700000|100%| O|  |TAMS 0x00000000e0700000, 0x00000000e0600000| Untracked 
|   7|0x00000000e0700000, 0x00000000e0800000, 0x00000000e0800000|100%| O|  |TAMS 0x00000000e0800000, 0x00000000e0700000| Untracked 
|   8|0x00000000e0800000, 0x00000000e0900000, 0x00000000e0900000|100%| O|  |TAMS 0x00000000e0900000, 0x00000000e0800000| Untracked 
|   9|0x00000000e0900000, 0x00000000e0a00000, 0x00000000e0a00000|100%| O|  |TAMS 0x00000000e0a00000, 0x00000000e0900000| Untracked 
|  10|0x00000000e0a00000, 0x00000000e0b00000, 0x00000000e0b00000|100%| O|  |TAMS 0x00000000e0ad4000, 0x00000000e0a00000| Untracked 
|  11|0x00000000e0b00000, 0x00000000e0b00000, 0x00000000e0c00000|  0%| F|  |TAMS 0x00000000e0b00000, 0x00000000e0b00000| Untracked 
|  12|0x00000000e0c00000, 0x00000000e0c00000, 0x00000000e0d00000|  0%| F|  |TAMS 0x00000000e0c00000, 0x00000000e0c00000| Untracked 
|  13|0x00000000e0d00000, 0x00000000e0e00000, 0x00000000e0e00000|100%| O|  |TAMS 0x00000000e0d00000, 0x00000000e0d00000| Untracked 
|  14|0x00000000e0e00000, 0x00000000e0f00000, 0x00000000e0f00000|100%| O|  |TAMS 0x00000000e0e00000, 0x00000000e0e00000| Untracked 
|  15|0x00000000e0f00000, 0x00000000e1000000, 0x00000000e1000000|100%| O|  |TAMS 0x00000000e0f00000, 0x00000000e0f00000| Untracked 
|  16|0x00000000e1000000, 0x00000000e1100000, 0x00000000e1100000|100%| O|  |TAMS 0x00000000e1000000, 0x00000000e1000000| Untracked 
|  17|0x00000000e1100000, 0x00000000e1200000, 0x00000000e1200000|100%| O|  |TAMS 0x00000000e1100000, 0x00000000e1100000| Untracked 
|  18|0x00000000e1200000, 0x00000000e1300000, 0x00000000e1300000|100%| O|  |TAMS 0x00000000e1200000, 0x00000000e1200000| Untracked 
|  19|0x00000000e1300000, 0x00000000e1400000, 0x00000000e1400000|100%| O|  |TAMS 0x00000000e1300000, 0x00000000e1300000| Untracked 
|  20|0x00000000e1400000, 0x00000000e1500000, 0x00000000e1500000|100%| O|  |TAMS 0x00000000e1400000, 0x00000000e1400000| Untracked 
|  21|0x00000000e1500000, 0x00000000e1600000, 0x00000000e1600000|100%| O|  |TAMS 0x00000000e1500000, 0x00000000e1500000| Untracked 
|  22|0x00000000e1600000, 0x00000000e1700000, 0x00000000e1700000|100%| O|  |TAMS 0x00000000e1600000, 0x00000000e1600000| Untracked 
|  23|0x00000000e1700000, 0x00000000e17fc200, 0x00000000e1800000| 98%| O|  |TAMS 0x00000000e1700000, 0x00000000e1700000| Untracked 
|  24|0x00000000e1800000, 0x00000000e1800000, 0x00000000e1900000|  0%| F|  |TAMS 0x00000000e1800000, 0x00000000e1800000| Untracked 
|  25|0x00000000e1900000, 0x00000000e1900000, 0x00000000e1a00000|  0%| F|  |TAMS 0x00000000e1900000, 0x00000000e1900000| Untracked 
|  26|0x00000000e1a00000, 0x00000000e1a00000, 0x00000000e1b00000|  0%| F|  |TAMS 0x00000000e1a00000, 0x00000000e1a00000| Untracked 
|  27|0x00000000e1b00000, 0x00000000e1b00000, 0x00000000e1c00000|  0%| F|  |TAMS 0x00000000e1b00000, 0x00000000e1b00000| Untracked 
|  28|0x00000000e1c00000, 0x00000000e1c00000, 0x00000000e1d00000|  0%| F|  |TAMS 0x00000000e1c00000, 0x00000000e1c00000| Untracked 
|  29|0x00000000e1d00000, 0x00000000e1d00000, 0x00000000e1e00000|  0%| F|  |TAMS 0x00000000e1d00000, 0x00000000e1d00000| Untracked 
|  30|0x00000000e1e00000, 0x00000000e1e00000, 0x00000000e1f00000|  0%| F|  |TAMS 0x00000000e1e00000, 0x00000000e1e00000| Untracked 
|  31|0x00000000e1f00000, 0x00000000e1f00000, 0x00000000e2000000|  0%| F|  |TAMS 0x00000000e1f00000, 0x00000000e1f00000| Untracked 
|  32|0x00000000e2000000, 0x00000000e2000000, 0x00000000e2100000|  0%| F|  |TAMS 0x00000000e2000000, 0x00000000e2000000| Untracked 
|  33|0x00000000e2100000, 0x00000000e2100000, 0x00000000e2200000|  0%| F|  |TAMS 0x00000000e2100000, 0x00000000e2100000| Untracked 
|  34|0x00000000e2200000, 0x00000000e2200000, 0x00000000e2300000|  0%| F|  |TAMS 0x00000000e2200000, 0x00000000e2200000| Untracked 
|  35|0x00000000e2300000, 0x00000000e2300000, 0x00000000e2400000|  0%| F|  |TAMS 0x00000000e2300000, 0x00000000e2300000| Untracked 
|  36|0x00000000e2400000, 0x00000000e2400000, 0x00000000e2500000|  0%| F|  |TAMS 0x00000000e2400000, 0x00000000e2400000| Untracked 
|  37|0x00000000e2500000, 0x00000000e2500000, 0x00000000e2600000|  0%| F|  |TAMS 0x00000000e2500000, 0x00000000e2500000| Untracked 
|  38|0x00000000e2600000, 0x00000000e2600000, 0x00000000e2700000|  0%| F|  |TAMS 0x00000000e2600000, 0x00000000e2600000| Untracked 
|  39|0x00000000e2700000, 0x00000000e2700000, 0x00000000e2800000|  0%| F|  |TAMS 0x00000000e2700000, 0x00000000e2700000| Untracked 
|  40|0x00000000e2800000, 0x00000000e2800000, 0x00000000e2900000|  0%| F|  |TAMS 0x00000000e2800000, 0x00000000e2800000| Untracked 
|  41|0x00000000e2900000, 0x00000000e2900000, 0x00000000e2a00000|  0%| F|  |TAMS 0x00000000e2900000, 0x00000000e2900000| Untracked 
|  42|0x00000000e2a00000, 0x00000000e2a00000, 0x00000000e2b00000|  0%| F|  |TAMS 0x00000000e2a00000, 0x00000000e2a00000| Untracked 
|  43|0x00000000e2b00000, 0x00000000e2b00000, 0x00000000e2c00000|  0%| F|  |TAMS 0x00000000e2b00000, 0x00000000e2b00000| Untracked 
|  44|0x00000000e2c00000, 0x00000000e2c00000, 0x00000000e2d00000|  0%| F|  |TAMS 0x00000000e2c00000, 0x00000000e2c00000| Untracked 
|  45|0x00000000e2d00000, 0x00000000e2d00000, 0x00000000e2e00000|  0%| F|  |TAMS 0x00000000e2d00000, 0x00000000e2d00000| Untracked 
|  46|0x00000000e2e00000, 0x00000000e2e00000, 0x00000000e2f00000|  0%| F|  |TAMS 0x00000000e2e00000, 0x00000000e2e00000| Untracked 
|  47|0x00000000e2f00000, 0x00000000e2f00000, 0x00000000e3000000|  0%| F|  |TAMS 0x00000000e2f00000, 0x00000000e2f00000| Untracked 
|  48|0x00000000e3000000, 0x00000000e3000000, 0x00000000e3100000|  0%| F|  |TAMS 0x00000000e3000000, 0x00000000e3000000| Untracked 
|  49|0x00000000e3100000, 0x00000000e3100000, 0x00000000e3200000|  0%| F|  |TAMS 0x00000000e3100000, 0x00000000e3100000| Untracked 
|  50|0x00000000e3200000, 0x00000000e3200000, 0x00000000e3300000|  0%| F|  |TAMS 0x00000000e3200000, 0x00000000e3200000| Untracked 
|  51|0x00000000e3300000, 0x00000000e3300000, 0x00000000e3400000|  0%| F|  |TAMS 0x00000000e3300000, 0x00000000e3300000| Untracked 
|  52|0x00000000e3400000, 0x00000000e3400000, 0x00000000e3500000|  0%| F|  |TAMS 0x00000000e3400000, 0x00000000e3400000| Untracked 
|  53|0x00000000e3500000, 0x00000000e3500000, 0x00000000e3600000|  0%| F|  |TAMS 0x00000000e3500000, 0x00000000e3500000| Untracked 
|  54|0x00000000e3600000, 0x00000000e3600000, 0x00000000e3700000|  0%| F|  |TAMS 0x00000000e3600000, 0x00000000e3600000| Untracked 
|  55|0x00000000e3700000, 0x00000000e3700000, 0x00000000e3800000|  0%| F|  |TAMS 0x00000000e3700000, 0x00000000e3700000| Untracked 
|  56|0x00000000e3800000, 0x00000000e3800000, 0x00000000e3900000|  0%| F|  |TAMS 0x00000000e3800000, 0x00000000e3800000| Untracked 
|  57|0x00000000e3900000, 0x00000000e3900000, 0x00000000e3a00000|  0%| F|  |TAMS 0x00000000e3900000, 0x00000000e3900000| Untracked 
|  58|0x00000000e3a00000, 0x00000000e3a00000, 0x00000000e3b00000|  0%| F|  |TAMS 0x00000000e3a00000, 0x00000000e3a00000| Untracked 
|  59|0x00000000e3b00000, 0x00000000e3b00000, 0x00000000e3c00000|  0%| F|  |TAMS 0x00000000e3b00000, 0x00000000e3b00000| Untracked 
|  60|0x00000000e3c00000, 0x00000000e3c00000, 0x00000000e3d00000|  0%| F|  |TAMS 0x00000000e3c00000, 0x00000000e3c00000| Untracked 
|  61|0x00000000e3d00000, 0x00000000e3d00000, 0x00000000e3e00000|  0%| F|  |TAMS 0x00000000e3d00000, 0x00000000e3d00000| Untracked 
|  62|0x00000000e3e00000, 0x00000000e3e00000, 0x00000000e3f00000|  0%| F|  |TAMS 0x00000000e3e00000, 0x00000000e3e00000| Untracked 
|  63|0x00000000e3f00000, 0x00000000e3f00000, 0x00000000e4000000|  0%| F|  |TAMS 0x00000000e3f00000, 0x00000000e3f00000| Untracked 
|  64|0x00000000e4000000, 0x00000000e4000000, 0x00000000e4100000|  0%| F|  |TAMS 0x00000000e4000000, 0x00000000e4000000| Untracked 
|  65|0x00000000e4100000, 0x00000000e4100000, 0x00000000e4200000|  0%| F|  |TAMS 0x00000000e4100000, 0x00000000e4100000| Untracked 
|  66|0x00000000e4200000, 0x00000000e4200000, 0x00000000e4300000|  0%| F|  |TAMS 0x00000000e4200000, 0x00000000e4200000| Untracked 
|  67|0x00000000e4300000, 0x00000000e4300000, 0x00000000e4400000|  0%| F|  |TAMS 0x00000000e4300000, 0x00000000e4300000| Untracked 
|  68|0x00000000e4400000, 0x00000000e4400000, 0x00000000e4500000|  0%| F|  |TAMS 0x00000000e4400000, 0x00000000e4400000| Untracked 
|  69|0x00000000e4500000, 0x00000000e4500000, 0x00000000e4600000|  0%| F|  |TAMS 0x00000000e4500000, 0x00000000e4500000| Untracked 
|  70|0x00000000e4600000, 0x00000000e4600000, 0x00000000e4700000|  0%| F|  |TAMS 0x00000000e4600000, 0x00000000e4600000| Untracked 
|  71|0x00000000e4700000, 0x00000000e4700000, 0x00000000e4800000|  0%| F|  |TAMS 0x00000000e4700000, 0x00000000e4700000| Untracked 
|  72|0x00000000e4800000, 0x00000000e4800000, 0x00000000e4900000|  0%| F|  |TAMS 0x00000000e4800000, 0x00000000e4800000| Untracked 
|  73|0x00000000e4900000, 0x00000000e4900000, 0x00000000e4a00000|  0%| F|  |TAMS 0x00000000e4900000, 0x00000000e4900000| Untracked 
|  74|0x00000000e4a00000, 0x00000000e4a00000, 0x00000000e4b00000|  0%| F|  |TAMS 0x00000000e4a00000, 0x00000000e4a00000| Untracked 
|  75|0x00000000e4b00000, 0x00000000e4b00000, 0x00000000e4c00000|  0%| F|  |TAMS 0x00000000e4b00000, 0x00000000e4b00000| Untracked 
|  76|0x00000000e4c00000, 0x00000000e4c00000, 0x00000000e4d00000|  0%| F|  |TAMS 0x00000000e4c00000, 0x00000000e4c00000| Untracked 
|  77|0x00000000e4d00000, 0x00000000e4d00000, 0x00000000e4e00000|  0%| F|  |TAMS 0x00000000e4d00000, 0x00000000e4d00000| Untracked 
|  78|0x00000000e4e00000, 0x00000000e4e00000, 0x00000000e4f00000|  0%| F|  |TAMS 0x00000000e4e00000, 0x00000000e4e00000| Untracked 
|  79|0x00000000e4f00000, 0x00000000e4f00000, 0x00000000e5000000|  0%| F|  |TAMS 0x00000000e4f00000, 0x00000000e4f00000| Untracked 
|  80|0x00000000e5000000, 0x00000000e5000000, 0x00000000e5100000|  0%| F|  |TAMS 0x00000000e5000000, 0x00000000e5000000| Untracked 
|  81|0x00000000e5100000, 0x00000000e5100000, 0x00000000e5200000|  0%| F|  |TAMS 0x00000000e5100000, 0x00000000e5100000| Untracked 
|  82|0x00000000e5200000, 0x00000000e5200000, 0x00000000e5300000|  0%| F|  |TAMS 0x00000000e5200000, 0x00000000e5200000| Untracked 
|  83|0x00000000e5300000, 0x00000000e5300000, 0x00000000e5400000|  0%| F|  |TAMS 0x00000000e5300000, 0x00000000e5300000| Untracked 
|  84|0x00000000e5400000, 0x00000000e5400000, 0x00000000e5500000|  0%| F|  |TAMS 0x00000000e5400000, 0x00000000e5400000| Untracked 
|  85|0x00000000e5500000, 0x00000000e5500000, 0x00000000e5600000|  0%| F|  |TAMS 0x00000000e5500000, 0x00000000e5500000| Untracked 
|  86|0x00000000e5600000, 0x00000000e56f8d18, 0x00000000e5700000| 97%| S|CS|TAMS 0x00000000e5600000, 0x00000000e5600000| Complete 
|  87|0x00000000e5700000, 0x00000000e5800000, 0x00000000e5800000|100%| S|CS|TAMS 0x00000000e5700000, 0x00000000e5700000| Complete 
|  88|0x00000000e5800000, 0x00000000e5900000, 0x00000000e5900000|100%| S|CS|TAMS 0x00000000e5800000, 0x00000000e5800000| Complete 
|  89|0x00000000e5900000, 0x00000000e5a00000, 0x00000000e5a00000|100%| S|CS|TAMS 0x00000000e5900000, 0x00000000e5900000| Complete 
|  90|0x00000000e5a00000, 0x00000000e5b00000, 0x00000000e5b00000|100%| S|CS|TAMS 0x00000000e5a00000, 0x00000000e5a00000| Complete 
|  91|0x00000000e5b00000, 0x00000000e5c00000, 0x00000000e5c00000|100%| S|CS|TAMS 0x00000000e5b00000, 0x00000000e5b00000| Complete 
|  92|0x00000000e5c00000, 0x00000000e5d00000, 0x00000000e5d00000|100%| S|CS|TAMS 0x00000000e5c00000, 0x00000000e5c00000| Complete 
|  93|0x00000000e5d00000, 0x00000000e5e00000, 0x00000000e5e00000|100%| S|CS|TAMS 0x00000000e5d00000, 0x00000000e5d00000| Complete 
|  94|0x00000000e5e00000, 0x00000000e5f00000, 0x00000000e5f00000|100%| S|CS|TAMS 0x00000000e5e00000, 0x00000000e5e00000| Complete 
|  95|0x00000000e5f00000, 0x00000000e6000000, 0x00000000e6000000|100%| S|CS|TAMS 0x00000000e5f00000, 0x00000000e5f00000| Complete 
|  96|0x00000000e6000000, 0x00000000e6100000, 0x00000000e6100000|100%| S|CS|TAMS 0x00000000e6000000, 0x00000000e6000000| Complete 
|  97|0x00000000e6100000, 0x00000000e6200000, 0x00000000e6200000|100%| S|CS|TAMS 0x00000000e6100000, 0x00000000e6100000| Complete 
|  98|0x00000000e6200000, 0x00000000e6300000, 0x00000000e6300000|100%| S|CS|TAMS 0x00000000e6200000, 0x00000000e6200000| Complete 
|  99|0x00000000e6300000, 0x00000000e6400000, 0x00000000e6400000|100%| S|CS|TAMS 0x00000000e6300000, 0x00000000e6300000| Complete 
| 100|0x00000000e6400000, 0x00000000e6500000, 0x00000000e6500000|100%| S|CS|TAMS 0x00000000e6400000, 0x00000000e6400000| Complete 
| 101|0x00000000e6500000, 0x00000000e6600000, 0x00000000e6600000|100%| S|CS|TAMS 0x00000000e6500000, 0x00000000e6500000| Complete 
| 102|0x00000000e6600000, 0x00000000e6700000, 0x00000000e6700000|100%| S|CS|TAMS 0x00000000e6600000, 0x00000000e6600000| Complete 
| 103|0x00000000e6700000, 0x00000000e6700000, 0x00000000e6800000|  0%| F|  |TAMS 0x00000000e6700000, 0x00000000e6700000| Untracked 
| 104|0x00000000e6800000, 0x00000000e6800000, 0x00000000e6900000|  0%| F|  |TAMS 0x00000000e6800000, 0x00000000e6800000| Untracked 
| 105|0x00000000e6900000, 0x00000000e6900000, 0x00000000e6a00000|  0%| F|  |TAMS 0x00000000e6900000, 0x00000000e6900000| Untracked 
| 106|0x00000000e6a00000, 0x00000000e6a00000, 0x00000000e6b00000|  0%| F|  |TAMS 0x00000000e6a00000, 0x00000000e6a00000| Untracked 
| 107|0x00000000e6b00000, 0x00000000e6b00000, 0x00000000e6c00000|  0%| F|  |TAMS 0x00000000e6b00000, 0x00000000e6b00000| Untracked 
| 108|0x00000000e6c00000, 0x00000000e6c00000, 0x00000000e6d00000|  0%| F|  |TAMS 0x00000000e6c00000, 0x00000000e6c00000| Untracked 
| 109|0x00000000e6d00000, 0x00000000e6d00000, 0x00000000e6e00000|  0%| F|  |TAMS 0x00000000e6d00000, 0x00000000e6d00000| Untracked 
| 110|0x00000000e6e00000, 0x00000000e6e00000, 0x00000000e6f00000|  0%| F|  |TAMS 0x00000000e6e00000, 0x00000000e6e00000| Untracked 
| 111|0x00000000e6f00000, 0x00000000e6f00000, 0x00000000e7000000|  0%| F|  |TAMS 0x00000000e6f00000, 0x00000000e6f00000| Untracked 
| 112|0x00000000e7000000, 0x00000000e7000000, 0x00000000e7100000|  0%| F|  |TAMS 0x00000000e7000000, 0x00000000e7000000| Untracked 
| 113|0x00000000e7100000, 0x00000000e7100000, 0x00000000e7200000|  0%| F|  |TAMS 0x00000000e7100000, 0x00000000e7100000| Untracked 
| 114|0x00000000e7200000, 0x00000000e7200000, 0x00000000e7300000|  0%| F|  |TAMS 0x00000000e7200000, 0x00000000e7200000| Untracked 
| 115|0x00000000e7300000, 0x00000000e7300000, 0x00000000e7400000|  0%| F|  |TAMS 0x00000000e7300000, 0x00000000e7300000| Untracked 
| 116|0x00000000e7400000, 0x00000000e7400000, 0x00000000e7500000|  0%| F|  |TAMS 0x00000000e7400000, 0x00000000e7400000| Untracked 
| 117|0x00000000e7500000, 0x00000000e7500000, 0x00000000e7600000|  0%| F|  |TAMS 0x00000000e7500000, 0x00000000e7500000| Untracked 
| 118|0x00000000e7600000, 0x00000000e7600000, 0x00000000e7700000|  0%| F|  |TAMS 0x00000000e7600000, 0x00000000e7600000| Untracked 
| 119|0x00000000e7700000, 0x00000000e7700000, 0x00000000e7800000|  0%| F|  |TAMS 0x00000000e7700000, 0x00000000e7700000| Untracked 
| 120|0x00000000e7800000, 0x00000000e7800000, 0x00000000e7900000|  0%| F|  |TAMS 0x00000000e7800000, 0x00000000e7800000| Untracked 
| 121|0x00000000e7900000, 0x00000000e7900000, 0x00000000e7a00000|  0%| F|  |TAMS 0x00000000e7900000, 0x00000000e7900000| Untracked 
| 122|0x00000000e7a00000, 0x00000000e7a00000, 0x00000000e7b00000|  0%| F|  |TAMS 0x00000000e7a00000, 0x00000000e7a00000| Untracked 
| 123|0x00000000e7b00000, 0x00000000e7b00000, 0x00000000e7c00000|  0%| F|  |TAMS 0x00000000e7b00000, 0x00000000e7b00000| Untracked 
| 124|0x00000000e7c00000, 0x00000000e7c00000, 0x00000000e7d00000|  0%| F|  |TAMS 0x00000000e7c00000, 0x00000000e7c00000| Untracked 
| 125|0x00000000e7d00000, 0x00000000e7d00000, 0x00000000e7e00000|  0%| F|  |TAMS 0x00000000e7d00000, 0x00000000e7d00000| Untracked 
| 126|0x00000000e7e00000, 0x00000000e7e00000, 0x00000000e7f00000|  0%| F|  |TAMS 0x00000000e7e00000, 0x00000000e7e00000| Untracked 
| 127|0x00000000e7f00000, 0x00000000e7f00000, 0x00000000e8000000|  0%| F|  |TAMS 0x00000000e7f00000, 0x00000000e7f00000| Untracked 
| 128|0x00000000e8000000, 0x00000000e8000000, 0x00000000e8100000|  0%| F|  |TAMS 0x00000000e8000000, 0x00000000e8000000| Untracked 
| 129|0x00000000e8100000, 0x00000000e8100000, 0x00000000e8200000|  0%| F|  |TAMS 0x00000000e8100000, 0x00000000e8100000| Untracked 
| 130|0x00000000e8200000, 0x00000000e8200000, 0x00000000e8300000|  0%| F|  |TAMS 0x00000000e8200000, 0x00000000e8200000| Untracked 
| 131|0x00000000e8300000, 0x00000000e8300000, 0x00000000e8400000|  0%| F|  |TAMS 0x00000000e8300000, 0x00000000e8300000| Untracked 
| 132|0x00000000e8400000, 0x00000000e8400000, 0x00000000e8500000|  0%| F|  |TAMS 0x00000000e8400000, 0x00000000e8400000| Untracked 
| 133|0x00000000e8500000, 0x00000000e8500000, 0x00000000e8600000|  0%| F|  |TAMS 0x00000000e8500000, 0x00000000e8500000| Untracked 
| 134|0x00000000e8600000, 0x00000000e8600000, 0x00000000e8700000|  0%| F|  |TAMS 0x00000000e8600000, 0x00000000e8600000| Untracked 
| 135|0x00000000e8700000, 0x00000000e8700000, 0x00000000e8800000|  0%| F|  |TAMS 0x00000000e8700000, 0x00000000e8700000| Untracked 
| 136|0x00000000e8800000, 0x00000000e8800000, 0x00000000e8900000|  0%| F|  |TAMS 0x00000000e8800000, 0x00000000e8800000| Untracked 
| 137|0x00000000e8900000, 0x00000000e8900000, 0x00000000e8a00000|  0%| F|  |TAMS 0x00000000e8900000, 0x00000000e8900000| Untracked 
| 138|0x00000000e8a00000, 0x00000000e8a00000, 0x00000000e8b00000|  0%| F|  |TAMS 0x00000000e8a00000, 0x00000000e8a00000| Untracked 
| 139|0x00000000e8b00000, 0x00000000e8b00000, 0x00000000e8c00000|  0%| F|  |TAMS 0x00000000e8b00000, 0x00000000e8b00000| Untracked 
| 140|0x00000000e8c00000, 0x00000000e8c00000, 0x00000000e8d00000|  0%| F|  |TAMS 0x00000000e8c00000, 0x00000000e8c00000| Untracked 
| 141|0x00000000e8d00000, 0x00000000e8d00000, 0x00000000e8e00000|  0%| F|  |TAMS 0x00000000e8d00000, 0x00000000e8d00000| Untracked 
| 142|0x00000000e8e00000, 0x00000000e8e00000, 0x00000000e8f00000|  0%| F|  |TAMS 0x00000000e8e00000, 0x00000000e8e00000| Untracked 
| 143|0x00000000e8f00000, 0x00000000e8f00000, 0x00000000e9000000|  0%| F|  |TAMS 0x00000000e8f00000, 0x00000000e8f00000| Untracked 
| 144|0x00000000e9000000, 0x00000000e9000000, 0x00000000e9100000|  0%| F|  |TAMS 0x00000000e9000000, 0x00000000e9000000| Untracked 
| 145|0x00000000e9100000, 0x00000000e9100000, 0x00000000e9200000|  0%| F|  |TAMS 0x00000000e9100000, 0x00000000e9100000| Untracked 
| 146|0x00000000e9200000, 0x00000000e9200000, 0x00000000e9300000|  0%| F|  |TAMS 0x00000000e9200000, 0x00000000e9200000| Untracked 
| 147|0x00000000e9300000, 0x00000000e9300000, 0x00000000e9400000|  0%| F|  |TAMS 0x00000000e9300000, 0x00000000e9300000| Untracked 
| 148|0x00000000e9400000, 0x00000000e9400000, 0x00000000e9500000|  0%| F|  |TAMS 0x00000000e9400000, 0x00000000e9400000| Untracked 
| 149|0x00000000e9500000, 0x00000000e9500000, 0x00000000e9600000|  0%| F|  |TAMS 0x00000000e9500000, 0x00000000e9500000| Untracked 
| 150|0x00000000e9600000, 0x00000000e9600000, 0x00000000e9700000|  0%| F|  |TAMS 0x00000000e9600000, 0x00000000e9600000| Untracked 
| 151|0x00000000e9700000, 0x00000000e9700000, 0x00000000e9800000|  0%| F|  |TAMS 0x00000000e9700000, 0x00000000e9700000| Untracked 
| 152|0x00000000e9800000, 0x00000000e9800000, 0x00000000e9900000|  0%| F|  |TAMS 0x00000000e9800000, 0x00000000e9800000| Untracked 
| 153|0x00000000e9900000, 0x00000000e9900000, 0x00000000e9a00000|  0%| F|  |TAMS 0x00000000e9900000, 0x00000000e9900000| Untracked 
| 154|0x00000000e9a00000, 0x00000000e9a00000, 0x00000000e9b00000|  0%| F|  |TAMS 0x00000000e9a00000, 0x00000000e9a00000| Untracked 
| 155|0x00000000e9b00000, 0x00000000e9b00000, 0x00000000e9c00000|  0%| F|  |TAMS 0x00000000e9b00000, 0x00000000e9b00000| Untracked 
| 156|0x00000000e9c00000, 0x00000000e9c00000, 0x00000000e9d00000|  0%| F|  |TAMS 0x00000000e9c00000, 0x00000000e9c00000| Untracked 
| 157|0x00000000e9d00000, 0x00000000e9d00000, 0x00000000e9e00000|  0%| F|  |TAMS 0x00000000e9d00000, 0x00000000e9d00000| Untracked 
| 158|0x00000000e9e00000, 0x00000000e9e00000, 0x00000000e9f00000|  0%| F|  |TAMS 0x00000000e9e00000, 0x00000000e9e00000| Untracked 
| 159|0x00000000e9f00000, 0x00000000e9f00000, 0x00000000ea000000|  0%| F|  |TAMS 0x00000000e9f00000, 0x00000000e9f00000| Untracked 
| 160|0x00000000ea000000, 0x00000000ea000000, 0x00000000ea100000|  0%| F|  |TAMS 0x00000000ea000000, 0x00000000ea000000| Untracked 
| 161|0x00000000ea100000, 0x00000000ea100000, 0x00000000ea200000|  0%| F|  |TAMS 0x00000000ea100000, 0x00000000ea100000| Untracked 
| 162|0x00000000ea200000, 0x00000000ea200000, 0x00000000ea300000|  0%| F|  |TAMS 0x00000000ea200000, 0x00000000ea200000| Untracked 
| 163|0x00000000ea300000, 0x00000000ea300000, 0x00000000ea400000|  0%| F|  |TAMS 0x00000000ea300000, 0x00000000ea300000| Untracked 
| 164|0x00000000ea400000, 0x00000000ea400000, 0x00000000ea500000|  0%| F|  |TAMS 0x00000000ea400000, 0x00000000ea400000| Untracked 
| 165|0x00000000ea500000, 0x00000000ea500000, 0x00000000ea600000|  0%| F|  |TAMS 0x00000000ea500000, 0x00000000ea500000| Untracked 
| 166|0x00000000ea600000, 0x00000000ea600000, 0x00000000ea700000|  0%| F|  |TAMS 0x00000000ea600000, 0x00000000ea600000| Untracked 
| 167|0x00000000ea700000, 0x00000000ea700000, 0x00000000ea800000|  0%| F|  |TAMS 0x00000000ea700000, 0x00000000ea700000| Untracked 
| 168|0x00000000ea800000, 0x00000000ea800000, 0x00000000ea900000|  0%| F|  |TAMS 0x00000000ea800000, 0x00000000ea800000| Untracked 
| 169|0x00000000ea900000, 0x00000000ea900000, 0x00000000eaa00000|  0%| F|  |TAMS 0x00000000ea900000, 0x00000000ea900000| Untracked 
| 170|0x00000000eaa00000, 0x00000000eaa00000, 0x00000000eab00000|  0%| F|  |TAMS 0x00000000eaa00000, 0x00000000eaa00000| Untracked 
| 171|0x00000000eab00000, 0x00000000eab00000, 0x00000000eac00000|  0%| F|  |TAMS 0x00000000eab00000, 0x00000000eab00000| Untracked 
| 172|0x00000000eac00000, 0x00000000eac00000, 0x00000000ead00000|  0%| F|  |TAMS 0x00000000eac00000, 0x00000000eac00000| Untracked 
| 173|0x00000000ead00000, 0x00000000ead00000, 0x00000000eae00000|  0%| F|  |TAMS 0x00000000ead00000, 0x00000000ead00000| Untracked 
| 174|0x00000000eae00000, 0x00000000eae00000, 0x00000000eaf00000|  0%| F|  |TAMS 0x00000000eae00000, 0x00000000eae00000| Untracked 
| 175|0x00000000eaf00000, 0x00000000eaf00000, 0x00000000eb000000|  0%| F|  |TAMS 0x00000000eaf00000, 0x00000000eaf00000| Untracked 
| 176|0x00000000eb000000, 0x00000000eb000000, 0x00000000eb100000|  0%| F|  |TAMS 0x00000000eb000000, 0x00000000eb000000| Untracked 
| 177|0x00000000eb100000, 0x00000000eb100000, 0x00000000eb200000|  0%| F|  |TAMS 0x00000000eb100000, 0x00000000eb100000| Untracked 
| 178|0x00000000eb200000, 0x00000000eb200000, 0x00000000eb300000|  0%| F|  |TAMS 0x00000000eb200000, 0x00000000eb200000| Untracked 
| 179|0x00000000eb300000, 0x00000000eb300000, 0x00000000eb400000|  0%| F|  |TAMS 0x00000000eb300000, 0x00000000eb300000| Untracked 
| 180|0x00000000eb400000, 0x00000000eb400000, 0x00000000eb500000|  0%| F|  |TAMS 0x00000000eb400000, 0x00000000eb400000| Untracked 
| 181|0x00000000eb500000, 0x00000000eb500000, 0x00000000eb600000|  0%| F|  |TAMS 0x00000000eb500000, 0x00000000eb500000| Untracked 
| 182|0x00000000eb600000, 0x00000000eb600000, 0x00000000eb700000|  0%| F|  |TAMS 0x00000000eb600000, 0x00000000eb600000| Untracked 
| 183|0x00000000eb700000, 0x00000000eb700000, 0x00000000eb800000|  0%| F|  |TAMS 0x00000000eb700000, 0x00000000eb700000| Untracked 
| 184|0x00000000eb800000, 0x00000000eb800000, 0x00000000eb900000|  0%| F|  |TAMS 0x00000000eb800000, 0x00000000eb800000| Untracked 
| 185|0x00000000eb900000, 0x00000000eb900000, 0x00000000eba00000|  0%| F|  |TAMS 0x00000000eb900000, 0x00000000eb900000| Untracked 
| 186|0x00000000eba00000, 0x00000000eba00000, 0x00000000ebb00000|  0%| F|  |TAMS 0x00000000eba00000, 0x00000000eba00000| Untracked 
| 187|0x00000000ebb00000, 0x00000000ebbbde20, 0x00000000ebc00000| 74%| E|  |TAMS 0x00000000ebb00000, 0x00000000ebb00000| Complete 
| 188|0x00000000ebc00000, 0x00000000ebd00000, 0x00000000ebd00000|100%| E|CS|TAMS 0x00000000ebc00000, 0x00000000ebc00000| Complete 
| 189|0x00000000ebd00000, 0x00000000ebe00000, 0x00000000ebe00000|100%| E|CS|TAMS 0x00000000ebd00000, 0x00000000ebd00000| Complete 
| 190|0x00000000ebe00000, 0x00000000ebf00000, 0x00000000ebf00000|100%| E|  |TAMS 0x00000000ebe00000, 0x00000000ebe00000| Complete 
| 191|0x00000000ebf00000, 0x00000000ec000000, 0x00000000ec000000|100%| E|CS|TAMS 0x00000000ebf00000, 0x00000000ebf00000| Complete 
| 192|0x00000000ec000000, 0x00000000ec100000, 0x00000000ec100000|100%| E|CS|TAMS 0x00000000ec000000, 0x00000000ec000000| Complete 
| 193|0x00000000ec100000, 0x00000000ec200000, 0x00000000ec200000|100%| E|CS|TAMS 0x00000000ec100000, 0x00000000ec100000| Complete 
| 194|0x00000000ec200000, 0x00000000ec300000, 0x00000000ec300000|100%| E|CS|TAMS 0x00000000ec200000, 0x00000000ec200000| Complete 
| 195|0x00000000ec300000, 0x00000000ec400000, 0x00000000ec400000|100%| E|CS|TAMS 0x00000000ec300000, 0x00000000ec300000| Complete 
| 196|0x00000000ec400000, 0x00000000ec500000, 0x00000000ec500000|100%| E|CS|TAMS 0x00000000ec400000, 0x00000000ec400000| Complete 
| 197|0x00000000ec500000, 0x00000000ec600000, 0x00000000ec600000|100%| E|CS|TAMS 0x00000000ec500000, 0x00000000ec500000| Complete 
| 198|0x00000000ec600000, 0x00000000ec700000, 0x00000000ec700000|100%| E|CS|TAMS 0x00000000ec600000, 0x00000000ec600000| Complete 
| 199|0x00000000ec700000, 0x00000000ec800000, 0x00000000ec800000|100%| E|CS|TAMS 0x00000000ec700000, 0x00000000ec700000| Complete 
| 200|0x00000000ec800000, 0x00000000ec900000, 0x00000000ec900000|100%| E|CS|TAMS 0x00000000ec800000, 0x00000000ec800000| Complete 
| 201|0x00000000ec900000, 0x00000000eca00000, 0x00000000eca00000|100%| E|CS|TAMS 0x00000000ec900000, 0x00000000ec900000| Complete 
| 202|0x00000000eca00000, 0x00000000ecb00000, 0x00000000ecb00000|100%| E|CS|TAMS 0x00000000eca00000, 0x00000000eca00000| Complete 
| 203|0x00000000ecb00000, 0x00000000ecc00000, 0x00000000ecc00000|100%| E|CS|TAMS 0x00000000ecb00000, 0x00000000ecb00000| Complete 
| 204|0x00000000ecc00000, 0x00000000ecd00000, 0x00000000ecd00000|100%| E|CS|TAMS 0x00000000ecc00000, 0x00000000ecc00000| Complete 
| 205|0x00000000ecd00000, 0x00000000ece00000, 0x00000000ece00000|100%| E|CS|TAMS 0x00000000ecd00000, 0x00000000ecd00000| Complete 
| 206|0x00000000ece00000, 0x00000000ecf00000, 0x00000000ecf00000|100%| E|CS|TAMS 0x00000000ece00000, 0x00000000ece00000| Complete 
| 207|0x00000000ecf00000, 0x00000000ed000000, 0x00000000ed000000|100%| E|CS|TAMS 0x00000000ecf00000, 0x00000000ecf00000| Complete 
| 208|0x00000000ed000000, 0x00000000ed100000, 0x00000000ed100000|100%| E|CS|TAMS 0x00000000ed000000, 0x00000000ed000000| Complete 
| 209|0x00000000ed100000, 0x00000000ed200000, 0x00000000ed200000|100%| E|CS|TAMS 0x00000000ed100000, 0x00000000ed100000| Complete 
| 210|0x00000000ed200000, 0x00000000ed300000, 0x00000000ed300000|100%| E|CS|TAMS 0x00000000ed200000, 0x00000000ed200000| Complete 
| 211|0x00000000ed300000, 0x00000000ed400000, 0x00000000ed400000|100%| E|CS|TAMS 0x00000000ed300000, 0x00000000ed300000| Complete 
| 212|0x00000000ed400000, 0x00000000ed500000, 0x00000000ed500000|100%| E|CS|TAMS 0x00000000ed400000, 0x00000000ed400000| Complete 
| 213|0x00000000ed500000, 0x00000000ed600000, 0x00000000ed600000|100%| E|CS|TAMS 0x00000000ed500000, 0x00000000ed500000| Complete 
| 214|0x00000000ed600000, 0x00000000ed700000, 0x00000000ed700000|100%| E|CS|TAMS 0x00000000ed600000, 0x00000000ed600000| Complete 
| 215|0x00000000ed700000, 0x00000000ed800000, 0x00000000ed800000|100%| E|CS|TAMS 0x00000000ed700000, 0x00000000ed700000| Complete 
| 216|0x00000000ed800000, 0x00000000ed900000, 0x00000000ed900000|100%| E|CS|TAMS 0x00000000ed800000, 0x00000000ed800000| Complete 
| 217|0x00000000ed900000, 0x00000000eda00000, 0x00000000eda00000|100%| E|CS|TAMS 0x00000000ed900000, 0x00000000ed900000| Complete 
| 218|0x00000000eda00000, 0x00000000edb00000, 0x00000000edb00000|100%| E|CS|TAMS 0x00000000eda00000, 0x00000000eda00000| Complete 
| 219|0x00000000edb00000, 0x00000000edc00000, 0x00000000edc00000|100%| E|CS|TAMS 0x00000000edb00000, 0x00000000edb00000| Complete 
| 220|0x00000000edc00000, 0x00000000edd00000, 0x00000000edd00000|100%| E|CS|TAMS 0x00000000edc00000, 0x00000000edc00000| Complete 
| 221|0x00000000edd00000, 0x00000000ede00000, 0x00000000ede00000|100%| E|CS|TAMS 0x00000000edd00000, 0x00000000edd00000| Complete 
| 222|0x00000000ede00000, 0x00000000edf00000, 0x00000000edf00000|100%| E|CS|TAMS 0x00000000ede00000, 0x00000000ede00000| Complete 
| 223|0x00000000edf00000, 0x00000000ee000000, 0x00000000ee000000|100%| E|CS|TAMS 0x00000000edf00000, 0x00000000edf00000| Complete 
| 224|0x00000000ee000000, 0x00000000ee100000, 0x00000000ee100000|100%| E|CS|TAMS 0x00000000ee000000, 0x00000000ee000000| Complete 
| 225|0x00000000ee100000, 0x00000000ee200000, 0x00000000ee200000|100%| E|CS|TAMS 0x00000000ee100000, 0x00000000ee100000| Complete 
| 226|0x00000000ee200000, 0x00000000ee300000, 0x00000000ee300000|100%| E|CS|TAMS 0x00000000ee200000, 0x00000000ee200000| Complete 
| 227|0x00000000ee300000, 0x00000000ee400000, 0x00000000ee400000|100%| E|CS|TAMS 0x00000000ee300000, 0x00000000ee300000| Complete 
| 228|0x00000000ee400000, 0x00000000ee500000, 0x00000000ee500000|100%| E|CS|TAMS 0x00000000ee400000, 0x00000000ee400000| Complete 
| 229|0x00000000ee500000, 0x00000000ee600000, 0x00000000ee600000|100%| E|CS|TAMS 0x00000000ee500000, 0x00000000ee500000| Complete 
| 230|0x00000000ee600000, 0x00000000ee700000, 0x00000000ee700000|100%| E|CS|TAMS 0x00000000ee600000, 0x00000000ee600000| Complete 
| 231|0x00000000ee700000, 0x00000000ee800000, 0x00000000ee800000|100%| E|CS|TAMS 0x00000000ee700000, 0x00000000ee700000| Complete 
| 232|0x00000000ee800000, 0x00000000ee900000, 0x00000000ee900000|100%| E|CS|TAMS 0x00000000ee800000, 0x00000000ee800000| Complete 
| 233|0x00000000ee900000, 0x00000000eea00000, 0x00000000eea00000|100%| E|CS|TAMS 0x00000000ee900000, 0x00000000ee900000| Complete 
| 234|0x00000000eea00000, 0x00000000eeb00000, 0x00000000eeb00000|100%| E|CS|TAMS 0x00000000eea00000, 0x00000000eea00000| Complete 
| 235|0x00000000eeb00000, 0x00000000eec00000, 0x00000000eec00000|100%| E|CS|TAMS 0x00000000eeb00000, 0x00000000eeb00000| Complete 
| 236|0x00000000eec00000, 0x00000000eed00000, 0x00000000eed00000|100%| E|CS|TAMS 0x00000000eec00000, 0x00000000eec00000| Complete 
| 237|0x00000000eed00000, 0x00000000eee00000, 0x00000000eee00000|100%| E|CS|TAMS 0x00000000eed00000, 0x00000000eed00000| Complete 
| 238|0x00000000eee00000, 0x00000000eef00000, 0x00000000eef00000|100%| E|CS|TAMS 0x00000000eee00000, 0x00000000eee00000| Complete 
| 239|0x00000000eef00000, 0x00000000ef000000, 0x00000000ef000000|100%| E|CS|TAMS 0x00000000eef00000, 0x00000000eef00000| Complete 
| 240|0x00000000ef000000, 0x00000000ef100000, 0x00000000ef100000|100%| E|CS|TAMS 0x00000000ef000000, 0x00000000ef000000| Complete 
| 241|0x00000000ef100000, 0x00000000ef200000, 0x00000000ef200000|100%| E|CS|TAMS 0x00000000ef100000, 0x00000000ef100000| Complete 
| 242|0x00000000ef200000, 0x00000000ef300000, 0x00000000ef300000|100%| E|CS|TAMS 0x00000000ef200000, 0x00000000ef200000| Complete 
| 243|0x00000000ef300000, 0x00000000ef400000, 0x00000000ef400000|100%| E|CS|TAMS 0x00000000ef300000, 0x00000000ef300000| Complete 
| 244|0x00000000ef400000, 0x00000000ef500000, 0x00000000ef500000|100%| E|CS|TAMS 0x00000000ef400000, 0x00000000ef400000| Complete 
| 245|0x00000000ef500000, 0x00000000ef600000, 0x00000000ef600000|100%| E|CS|TAMS 0x00000000ef500000, 0x00000000ef500000| Complete 
| 246|0x00000000ef600000, 0x00000000ef700000, 0x00000000ef700000|100%| E|CS|TAMS 0x00000000ef600000, 0x00000000ef600000| Complete 
| 247|0x00000000ef700000, 0x00000000ef800000, 0x00000000ef800000|100%| E|CS|TAMS 0x00000000ef700000, 0x00000000ef700000| Complete 
| 248|0x00000000ef800000, 0x00000000ef900000, 0x00000000ef900000|100%| E|CS|TAMS 0x00000000ef800000, 0x00000000ef800000| Complete 
| 249|0x00000000ef900000, 0x00000000efa00000, 0x00000000efa00000|100%| E|CS|TAMS 0x00000000ef900000, 0x00000000ef900000| Complete 
| 250|0x00000000efa00000, 0x00000000efb00000, 0x00000000efb00000|100%| E|CS|TAMS 0x00000000efa00000, 0x00000000efa00000| Complete 
| 251|0x00000000efb00000, 0x00000000efc00000, 0x00000000efc00000|100%| E|CS|TAMS 0x00000000efb00000, 0x00000000efb00000| Complete 
| 252|0x00000000efc00000, 0x00000000efd00000, 0x00000000efd00000|100%| E|CS|TAMS 0x00000000efc00000, 0x00000000efc00000| Complete 
| 253|0x00000000efd00000, 0x00000000efe00000, 0x00000000efe00000|100%| E|CS|TAMS 0x00000000efd00000, 0x00000000efd00000| Complete 
| 254|0x00000000efe00000, 0x00000000eff00000, 0x00000000eff00000|100%| E|CS|TAMS 0x00000000efe00000, 0x00000000efe00000| Complete 
| 255|0x00000000eff00000, 0x00000000f0000000, 0x00000000f0000000|100%| E|CS|TAMS 0x00000000eff00000, 0x00000000eff00000| Complete 

Card table byte_map: [0x0000013db2950000,0x0000013db2a50000] _byte_map_base: 0x0000013db2250000

Marking Bits (Prev, Next): (CMBitMap*) 0x0000013d9c0e3e40, (CMBitMap*) 0x0000013d9c0e3e80
 Prev Bits: [0x0000013db2b50000, 0x0000013db3350000)
 Next Bits: [0x0000013db3350000, 0x0000013db3b50000)

Polling page: 0x0000013d9b880000

Metaspace:

Usage:
  Non-class:     43.41 MB used.
      Class:      7.00 MB used.
       Both:     50.41 MB used.

Virtual space:
  Non-class space:       64.00 MB reserved,      43.69 MB ( 68%) committed,  1 nodes.
      Class space:      320.00 MB reserved,       7.25 MB (  2%) committed,  1 nodes.
             Both:      384.00 MB reserved,      50.94 MB ( 13%) committed. 

Chunk freelists:
   Non-Class:  4.36 MB
       Class:  8.80 MB
        Both:  13.16 MB

MaxMetaspaceSize: 384.00 MB
CompressedClassSpaceSize: 320.00 MB
Initial GC threshold: 21.00 MB
Current GC threshold: 58.88 MB
CDS: on
MetaspaceReclaimPolicy: balanced
 - commit_granule_bytes: 65536.
 - commit_granule_words: 8192.
 - virtual_space_node_default_size: 8388608.
 - enlarge_chunks_in_place: 1.
 - new_chunks_are_fully_committed: 0.
 - uncommit_free_chunks: 1.
 - use_allocation_guard: 0.
 - handle_deallocations: 1.


Internal statistics:

num_allocs_failed_limit: 6.
num_arena_births: 552.
num_arena_deaths: 0.
num_vsnodes_births: 2.
num_vsnodes_deaths: 0.
num_space_committed: 815.
num_space_uncommitted: 0.
num_chunks_returned_to_freelist: 6.
num_chunks_taken_from_freelist: 2590.
num_chunk_merges: 6.
num_chunk_splits: 1726.
num_chunks_enlarged: 1175.
num_purges: 0.
num_inconsistent_stats: 0.

CodeHeap 'non-profiled nmethods': size=120000Kb used=4138Kb max_used=4138Kb free=115861Kb
 bounds [0x0000013dab420000, 0x0000013dab830000, 0x0000013db2950000]
CodeHeap 'profiled nmethods': size=120000Kb used=14667Kb max_used=14667Kb free=105333Kb
 bounds [0x0000013da3950000, 0x0000013da47b0000, 0x0000013daae80000]
CodeHeap 'non-nmethods': size=5760Kb used=2320Kb max_used=2395Kb free=3439Kb
 bounds [0x0000013daae80000, 0x0000013dab0f0000, 0x0000013dab420000]
 total_blobs=8317 nmethods=7484 adapters=745
 compilation: enabled
              stopped_count=0, restarted_count=0
 full_count=0

Compilation events (20 events):
Event: 64.806 Thread 0x0000013db612bb50 nmethod 8205 0x0000013da477f310 code [0x0000013da477f4e0, 0x0000013da477f8f8]
Event: 64.806 Thread 0x0000013db612bb50 8206       3       java.util.regex.CharPredicates::lambda$ASCII_SPACE$20 (20 bytes)
Event: 64.807 Thread 0x0000013db612bb50 nmethod 8206 0x0000013da477fa90 code [0x0000013da477fc40, 0x0000013da477ffb8]
Event: 64.807 Thread 0x0000013db612bb50 8207       3       jdk.internal.loader.URLClassPath::findResource (38 bytes)
Event: 64.808 Thread 0x0000013db612bb50 nmethod 8207 0x0000013da4780110 code [0x0000013da47802e0, 0x0000013da4780638]
Event: 64.809 Thread 0x0000013db6126480 nmethod 8202 0x0000013dab826490 code [0x0000013dab826680, 0x0000013dab827270]
Event: 64.817 Thread 0x0000013db612bb50 8208       3       io.spring.gradle.dependencymanagement.org.codehaus.plexus.util.xml.pull.MXParser::requireInput (107 bytes)
Event: 64.820 Thread 0x0000013db612bb50 nmethod 8208 0x0000013da4780790 code [0x0000013da4780a60, 0x0000013da4781638]
Event: 64.831 Thread 0x0000013db612bb50 8209       3       io.spring.gradle.dependencymanagement.org.apache.maven.model.RepositoryBase::getLocation (209 bytes)
Event: 64.833 Thread 0x0000013db612bb50 nmethod 8209 0x0000013da4781b10 code [0x0000013da4781dc0, 0x0000013da4782c38]
Event: 64.835 Thread 0x0000013db6126480 8210   !   4       io.spring.gradle.dependencymanagement.org.codehaus.plexus.interpolation.StringSearchInterpolator::interpolate (668 bytes)
Event: 64.837 Thread 0x0000013db612bb50 8212   !   3       jdk.internal.reflect.GeneratedMethodAccessor3::invoke (61 bytes)
Event: 64.840 Thread 0x0000013db612bb50 nmethod 8212 0x0000013da4782e90 code [0x0000013da47830a0, 0x0000013da4783728]
Event: 64.861 Thread 0x0000013db612bb50 8213       3       java.nio.HeapCharBuffer::slice (49 bytes)
Event: 64.863 Thread 0x0000013db612bb50 nmethod 8213 0x0000013da4783a10 code [0x0000013da4783bc0, 0x0000013da4783e28]
Event: 64.878 Thread 0x0000013db612bb50 8214       1       io.spring.gradle.dependencymanagement.org.apache.maven.model.Model::getName (5 bytes)
Event: 64.878 Thread 0x0000013db612bb50 nmethod 8214 0x0000013dab827910 code [0x0000013dab827aa0, 0x0000013dab827b78]
Event: 64.942 Thread 0x0000013db612bb50 8215       3       io.spring.gradle.dependencymanagement.org.apache.maven.model.PluginExecution::<init> (16 bytes)
Event: 64.948 Thread 0x0000013db612bb50 nmethod 8215 0x0000013da4783f10 code [0x0000013da47840c0, 0x0000013da47842f8]
Event: 65.004 Thread 0x0000013db612bb50 8216       3       io.spring.gradle.dependencymanagement.org.apache.maven.model.io.xpp3.MavenXpp3Reader::parseModel (1606 bytes)

GC Heap History (12 events):
Event: 1.899 GC heap before
{Heap before GC invocations=0 (full 0):
 garbage-first heap   total 262144K, used 13312K [0x00000000e0000000, 0x0000000100000000)
  region size 1024K, 13 young (13312K), 0 survivors (0K)
 Metaspace       used 1042K, committed 1152K, reserved 393216K
  class space    used 81K, committed 128K, reserved 327680K
}
Event: 1.915 GC heap after
{Heap after GC invocations=1 (full 0):
 garbage-first heap   total 262144K, used 3262K [0x00000000e0000000, 0x0000000100000000)
  region size 1024K, 2 young (2048K), 2 survivors (2048K)
 Metaspace       used 1042K, committed 1152K, reserved 393216K
  class space    used 81K, committed 128K, reserved 327680K
}
Event: 4.239 GC heap before
{Heap before GC invocations=1 (full 0):
 garbage-first heap   total 262144K, used 21694K [0x00000000e0000000, 0x0000000100000000)
  region size 1024K, 17 young (17408K), 2 survivors (2048K)
 Metaspace       used 3891K, committed 4032K, reserved 393216K
  class space    used 488K, committed 576K, reserved 327680K
}
Event: 4.245 GC heap after
{Heap after GC invocations=2 (full 0):
 garbage-first heap   total 262144K, used 10950K [0x00000000e0000000, 0x0000000100000000)
  region size 1024K, 3 young (3072K), 3 survivors (3072K)
 Metaspace       used 3891K, committed 4032K, reserved 393216K
  class space    used 488K, committed 576K, reserved 327680K
}
Event: 5.697 GC heap before
{Heap before GC invocations=2 (full 0):
 garbage-first heap   total 262144K, used 32454K [0x00000000e0000000, 0x0000000100000000)
  region size 1024K, 24 young (24576K), 3 survivors (3072K)
 Metaspace       used 4023K, committed 4160K, reserved 393216K
  class space    used 492K, committed 576K, reserved 327680K
}
Event: 5.701 GC heap after
{Heap after GC invocations=3 (full 0):
 garbage-first heap   total 262144K, used 11586K [0x00000000e0000000, 0x0000000100000000)
  region size 1024K, 1 young (1024K), 1 survivors (1024K)
 Metaspace       used 4023K, committed 4160K, reserved 393216K
  class space    used 492K, committed 576K, reserved 327680K
}
Event: 17.200 GC heap before
{Heap before GC invocations=3 (full 0):
 garbage-first heap   total 262144K, used 129346K [0x00000000e0000000, 0x0000000100000000)
  region size 1024K, 117 young (119808K), 1 survivors (1024K)
 Metaspace       used 21263K, committed 21504K, reserved 393216K
  class space    used 3099K, committed 3200K, reserved 327680K
}
Event: 17.220 GC heap after
{Heap after GC invocations=4 (full 0):
 garbage-first heap   total 262144K, used 22821K [0x00000000e0000000, 0x0000000100000000)
  region size 1024K, 12 young (12288K), 12 survivors (12288K)
 Metaspace       used 21263K, committed 21504K, reserved 393216K
  class space    used 3099K, committed 3200K, reserved 327680K
}
Event: 24.187 GC heap before
{Heap before GC invocations=5 (full 0):
 garbage-first heap   total 262144K, used 133413K [0x00000000e0000000, 0x0000000100000000)
  region size 1024K, 120 young (122880K), 12 survivors (12288K)
 Metaspace       used 35721K, committed 36096K, reserved 393216K
  class space    used 4965K, committed 5184K, reserved 327680K
}
Event: 24.210 GC heap after
{Heap after GC invocations=6 (full 0):
 garbage-first heap   total 262144K, used 31176K [0x00000000e0000000, 0x0000000100000000)
  region size 1024K, 9 young (9216K), 9 survivors (9216K)
 Metaspace       used 35721K, committed 36096K, reserved 393216K
  class space    used 4965K, committed 5184K, reserved 327680K
}
Event: 40.703 GC heap before
{Heap before GC invocations=7 (full 0):
 garbage-first heap   total 262144K, used 182728K [0x00000000e0000000, 0x0000000100000000)
  region size 1024K, 153 young (156672K), 9 survivors (9216K)
 Metaspace       used 49920K, committed 50368K, reserved 393216K
  class space    used 7092K, committed 7296K, reserved 327680K
}
Event: 40.849 GC heap after
{Heap after GC invocations=8 (full 0):
 garbage-first heap   total 262144K, used 39891K [0x00000000e0000000, 0x0000000100000000)
  region size 1024K, 17 young (17408K), 17 survivors (17408K)
 Metaspace       used 49920K, committed 50368K, reserved 393216K
  class space    used 7092K, committed 7296K, reserved 327680K
}

Deoptimization events (20 events):
Event: 53.385 Thread 0x0000013dd1c8b640 Uncommon trap: trap_request=0xffffff45 fr.pc=0x0000013dab4ca42c relative=0x0000000000000c2c
Event: 53.385 Thread 0x0000013dd1c8b640 Uncommon trap: reason=unstable_if action=reinterpret pc=0x0000013dab4ca42c method=com.esotericsoftware.kryo.io.Input.readString()Ljava/lang/String; @ 28 c2
Event: 53.385 Thread 0x0000013dd1c8b640 DEOPT PACKING pc=0x0000013dab4ca42c sp=0x0000000fc85fa7f0
Event: 53.385 Thread 0x0000013dd1c8b640 DEOPT UNPACKING pc=0x0000013daaed23a3 sp=0x0000000fc85fa7c8 mode 2
Event: 53.395 Thread 0x0000013dd1c8b640 Uncommon trap: trap_request=0xffffffde fr.pc=0x0000013dab79d114 relative=0x00000000000057b4
Event: 53.395 Thread 0x0000013dd1c8b640 Uncommon trap: reason=class_check action=maybe_recompile pc=0x0000013dab79d114 method=org.gradle.api.internal.artifacts.ivyservice.resolveengine.result.DesugaredAttributeContainerSerializer.read(Lorg/gradle/internal/serialize/Decoder;)Lorg/gradle/api/inte
Event: 53.395 Thread 0x0000013dd1c8b640 DEOPT PACKING pc=0x0000013dab79d114 sp=0x0000000fc85fa760
Event: 53.396 Thread 0x0000013dd1c8b640 DEOPT UNPACKING pc=0x0000013daaed23a3 sp=0x0000000fc85fa790 mode 2
Event: 54.465 Thread 0x0000013dd1c8b640 DEOPT PACKING pc=0x0000013da3db91dc sp=0x0000000fc85f8c00
Event: 54.465 Thread 0x0000013dd1c8b640 DEOPT UNPACKING pc=0x0000013daaed2b43 sp=0x0000000fc85f8180 mode 0
Event: 54.556 Thread 0x0000013dd1c8b640 DEOPT PACKING pc=0x0000013da3db91dc sp=0x0000000fc85f9480
Event: 54.556 Thread 0x0000013dd1c8b640 DEOPT UNPACKING pc=0x0000013daaed2b43 sp=0x0000000fc85f8a00 mode 0
Event: 54.746 Thread 0x0000013dd1c8b640 DEOPT PACKING pc=0x0000013da42aa643 sp=0x0000000fc85f8f80
Event: 54.746 Thread 0x0000013dd1c8b640 DEOPT UNPACKING pc=0x0000013daaed2b43 sp=0x0000000fc85f8408 mode 0
Event: 57.304 Thread 0x0000013dd1c8b640 DEOPT PACKING pc=0x0000013da4414f76 sp=0x0000000fc85fa3d0
Event: 57.306 Thread 0x0000013dd1c8b640 DEOPT UNPACKING pc=0x0000013daaed2b43 sp=0x0000000fc85f98d0 mode 0
Event: 57.469 Thread 0x0000013dd1c8b640 DEOPT PACKING pc=0x0000013da424eb59 sp=0x0000000fc85f8e70
Event: 57.470 Thread 0x0000013dd1c8b640 DEOPT UNPACKING pc=0x0000013daaed2b43 sp=0x0000000fc85f8368 mode 0
Event: 60.423 Thread 0x0000013dd1c8b640 DEOPT PACKING pc=0x0000013da43a6c04 sp=0x0000000fc85f9b00
Event: 60.426 Thread 0x0000013dd1c8b640 DEOPT UNPACKING pc=0x0000013daaed2b43 sp=0x0000000fc85f9058 mode 0

Classes unloaded (0 events):
No events

Classes redefined (0 events):
No events

Internal exceptions (20 events):
Event: 35.655 Thread 0x0000013db62d0230 Exception <a 'java/lang/NoSuchMethodError'{0x00000000e883e408}: 'java.lang.Object java.lang.invoke.DirectMethodHandle$Holder.newInvokeSpecial(java.lang.Object, java.lang.Object, java.lang.Object, java.lang.Object, java.lang.Object, java.lang.Object, int)'> (0x00000000e883e408) 
thrown [s\open\src\hotspot\share\interpreter\linkResolver.cpp, line 759]
Event: 35.656 Thread 0x0000013db62d0230 Exception <a 'java/lang/NoSuchMethodError'{0x00000000e8843c40}: 'java.lang.Object java.lang.invoke.DirectMethodHandle$Holder.invokeSpecial(java.lang.Object, java.lang.Object, java.lang.Object, java.lang.Object, java.lang.Object, java.lang.Object, java.lang.Object, int)'> (0x00000000e8843c40) 
thrown [s\open\src\hotspot\share\interpreter\linkResolver.cpp, line 759]
Event: 35.657 Thread 0x0000013db62d0230 Exception <a 'java/lang/NoSuchMethodError'{0x00000000e8849060}: 'java.lang.Object java.lang.invoke.Invokers$Holder.linkToTargetMethod(java.lang.Object, java.lang.Object, java.lang.Object, java.lang.Object, java.lang.Object, int, java.lang.Object)'> (0x00000000e8849060) 
thrown [s\open\src\hotspot\share\interpreter\linkResolver.cpp, line 759]
Event: 36.451 Thread 0x0000013db62d0230 Exception <a 'java/lang/NoSuchMethodError'{0x00000000e8489a10}: 'int java.lang.invoke.DirectMethodHandle$Holder.invokeSpecialIFC(java.lang.Object, java.lang.Object, java.lang.Object, java.lang.Object, java.lang.Object)'> (0x00000000e8489a10) 
thrown [s\open\src\hotspot\share\interpreter\linkResolver.cpp, line 759]
Event: 37.130 Thread 0x0000013db62d0230 Exception <a 'java/lang/NoSuchMethodError'{0x00000000e801d2f8}: 'java.lang.Object java.lang.invoke.DirectMethodHandle$Holder.newInvokeSpecial(java.lang.Object, java.lang.Object, int)'> (0x00000000e801d2f8) 
thrown [s\open\src\hotspot\share\interpreter\linkResolver.cpp, line 759]
Event: 37.866 Thread 0x0000013dd122b8b0 Exception <a 'java/lang/NoSuchMethodError'{0x00000000e7a545a0}: 'java.lang.Object java.lang.invoke.DirectMethodHandle$Holder.newInvokeSpecial(java.lang.Object, java.lang.Object, java.lang.Object, java.lang.Object, int, java.lang.Object)'> (0x00000000e7a545a0) 
thrown [s\open\src\hotspot\share\interpreter\linkResolver.cpp, line 759]
Event: 37.868 Thread 0x0000013dd122b8b0 Exception <a 'java/lang/NoSuchMethodError'{0x00000000e7a58908}: 'java.lang.Object java.lang.invoke.Invokers$Holder.linkToTargetMethod(java.lang.Object, java.lang.Object, java.lang.Object, int, java.lang.Object, java.lang.Object)'> (0x00000000e7a58908) 
thrown [s\open\src\hotspot\share\interpreter\linkResolver.cpp, line 759]
Event: 38.052 Thread 0x0000013dd1c8b640 Exception <a 'java/lang/NoSuchMethodError'{0x00000000e791de30}: 'void java.lang.invoke.DirectMethodHandle$Holder.invokeInterface(java.lang.Object, java.lang.Object, java.lang.Object, java.lang.Object)'> (0x00000000e791de30) 
thrown [s\open\src\hotspot\share\interpreter\linkResolver.cpp, line 759]
Event: 38.335 Thread 0x0000013dd1c8b640 Exception <a 'java/lang/IncompatibleClassChangeError'{0x00000000e7703188}: Found class java.lang.Object, but interface was expected> (0x00000000e7703188) 
thrown [s\open\src\hotspot\share\interpreter\linkResolver.cpp, line 826]
Event: 39.334 Thread 0x0000013dd1c8b640 Exception <a 'java/lang/IncompatibleClassChangeError'{0x00000000e7304568}: Found class java.lang.Object, but interface was expected> (0x00000000e7304568) 
thrown [s\open\src\hotspot\share\interpreter\linkResolver.cpp, line 826]
Event: 39.369 Thread 0x0000013dd1c8b640 Exception <a 'java/lang/NoSuchMethodError'{0x00000000e7331420}: static Ljava/lang/Object;.<clinit>()V> (0x00000000e7331420) 
thrown [s\open\src\hotspot\share\prims\jni.cpp, line 1107]
Event: 40.647 Thread 0x0000013dd1c8b640 Implicit null exception at 0x0000013dab68ab60 to 0x0000013dab68bcbc
Event: 41.122 Thread 0x0000013dd1c8b640 Exception <a 'java/lang/ClassNotFoundException'{0x00000000efe6e128}: org/gradle/api/internal/plugins/NaggingBasePluginConventionBeanInfo> (0x00000000efe6e128) 
thrown [s\open\src\hotspot\share\classfile\systemDictionary.cpp, line 256]
Event: 41.135 Thread 0x0000013dd1c8b640 Exception <a 'java/lang/ClassNotFoundException'{0x00000000efe7add0}: org/gradle/api/plugins/BasePluginConventionBeanInfo> (0x00000000efe7add0) 
thrown [s\open\src\hotspot\share\classfile\systemDictionary.cpp, line 256]
Event: 41.144 Thread 0x0000013dd1c8b640 Exception <a 'java/lang/ClassNotFoundException'{0x00000000efe877e8}: org/gradle/api/plugins/BasePluginConventionCustomizer> (0x00000000efe877e8) 
thrown [s\open\src\hotspot\share\classfile\systemDictionary.cpp, line 256]
Event: 41.162 Thread 0x0000013dd1c8b640 Exception <a 'java/lang/ClassNotFoundException'{0x00000000efe9e7f8}: org/gradle/api/internal/plugins/NaggingBasePluginConventionCustomizer> (0x00000000efe9e7f8) 
thrown [s\open\src\hotspot\share\classfile\systemDictionary.cpp, line 256]
Event: 41.250 Thread 0x0000013dd1c8b640 Exception <a 'java/lang/ClassNotFoundException'{0x00000000efefef00}: org/gradle/api/plugins/internal/NaggingJavaPluginConventionBeanInfo> (0x00000000efefef00) 
thrown [s\open\src\hotspot\share\classfile\systemDictionary.cpp, line 256]
Event: 41.270 Thread 0x0000013dd1c8b640 Exception <a 'java/lang/ClassNotFoundException'{0x00000000efd0be58}: org/gradle/api/plugins/JavaPluginConventionBeanInfo> (0x00000000efd0be58) 
thrown [s\open\src\hotspot\share\classfile\systemDictionary.cpp, line 256]
Event: 41.272 Thread 0x0000013dd1c8b640 Exception <a 'java/lang/ClassNotFoundException'{0x00000000efd18870}: org/gradle/api/plugins/JavaPluginConventionCustomizer> (0x00000000efd18870) 
thrown [s\open\src\hotspot\share\classfile\systemDictionary.cpp, line 256]
Event: 41.279 Thread 0x0000013dd1c8b640 Exception <a 'java/lang/ClassNotFoundException'{0x00000000efd39520}: org/gradle/api/plugins/internal/NaggingJavaPluginConventionCustomizer> (0x00000000efd39520) 
thrown [s\open\src\hotspot\share\classfile\systemDictionary.cpp, line 256]

VM Operations (20 events):
Event: 55.138 Executing VM operation: Cleanup
Event: 55.247 Executing VM operation: Cleanup done
Event: 56.265 Executing VM operation: Cleanup
Event: 56.265 Executing VM operation: Cleanup done
Event: 57.809 Executing VM operation: HandshakeAllThreads
Event: 57.810 Executing VM operation: HandshakeAllThreads done
Event: 57.810 Executing VM operation: Cleanup
Event: 57.816 Executing VM operation: Cleanup done
Event: 58.852 Executing VM operation: Cleanup
Event: 58.855 Executing VM operation: Cleanup done
Event: 59.860 Executing VM operation: Cleanup
Event: 59.876 Executing VM operation: Cleanup done
Event: 60.879 Executing VM operation: Cleanup
Event: 60.882 Executing VM operation: Cleanup done
Event: 61.890 Executing VM operation: Cleanup
Event: 61.942 Executing VM operation: Cleanup done
Event: 62.984 Executing VM operation: Cleanup
Event: 62.992 Executing VM operation: Cleanup done
Event: 64.008 Executing VM operation: Cleanup
Event: 64.204 Executing VM operation: Cleanup done

Events (20 events):
Event: 44.655 Thread 0x0000013dd12266e0 Thread added: 0x0000013dd12266e0
Event: 44.788 Thread 0x0000013dd1224a00 Thread added: 0x0000013dd1224a00
Event: 44.824 Thread 0x0000013dd1224530 Thread added: 0x0000013dd1224530
Event: 44.962 Thread 0x0000013dd122a570 Thread added: 0x0000013dd122a570
Event: 45.437 Thread 0x0000013dd0fc3410 Thread added: 0x0000013dd0fc3410
Event: 45.638 Thread 0x0000013dd0fc2f40 Thread added: 0x0000013dd0fc2f40
Event: 45.939 Thread 0x0000013dd0fc4280 Thread added: 0x0000013dd0fc4280
Event: 46.015 Thread 0x0000013dd0fc4750 Thread added: 0x0000013dd0fc4750
Event: 46.064 Thread 0x0000013dd2deced0 Thread added: 0x0000013dd2deced0
Event: 46.104 Thread 0x0000013dd2ded3a0 Thread added: 0x0000013dd2ded3a0
Event: 46.157 Thread 0x0000013dd2ded870 Thread added: 0x0000013dd2ded870
Event: 46.180 Thread 0x0000013dd2dec060 Thread added: 0x0000013dd2dec060
Event: 46.237 Thread 0x0000013dd2dec530 Thread added: 0x0000013dd2dec530
Event: 46.377 Thread 0x0000013dd2deca00 Thread added: 0x0000013dd2deca00
Event: 46.431 Thread 0x0000013dd1226bb0 Thread added: 0x0000013dd1226bb0
Event: 46.520 Thread 0x0000013dd1227080 Thread added: 0x0000013dd1227080
Event: 46.552 Thread 0x0000013dd1227a20 Thread added: 0x0000013dd1227a20
Event: 46.618 Thread 0x0000013dd293e1c0 Thread added: 0x0000013dd293e1c0
Event: 46.687 Thread 0x0000013dd293f500 Thread added: 0x0000013dd293f500
Event: 46.767 Thread 0x0000013dd1cd6450 Thread added: 0x0000013dd1cd6450


Dynamic libraries:
0x00007ff758150000 - 0x00007ff758160000 	D:\APAP JAVA\Java\jdk-17\bin\java.exe
0x00007ffe9e4b0000 - 0x00007ffe9e6c6000 	C:\WINDOWS\SYSTEM32\ntdll.dll
0x00007ffe9d220000 - 0x00007ffe9d2e4000 	C:\WINDOWS\System32\KERNEL32.DLL
0x00007ffe9b820000 - 0x00007ffe9bbc6000 	C:\WINDOWS\System32\KERNELBASE.dll
0x00007ffe9bbd0000 - 0x00007ffe9bce1000 	C:\WINDOWS\System32\ucrtbase.dll
0x00007ffe834d0000 - 0x00007ffe834e9000 	D:\APAP JAVA\Java\jdk-17\bin\jli.dll
0x00007ffe9c6f0000 - 0x00007ffe9c7a2000 	C:\WINDOWS\System32\ADVAPI32.dll
0x00007ffe9d740000 - 0x00007ffe9d7e7000 	C:\WINDOWS\System32\msvcrt.dll
0x00007ffe9d3d0000 - 0x00007ffe9d478000 	C:\WINDOWS\System32\sechost.dll
0x00007ffe9bdb0000 - 0x00007ffe9bdd8000 	C:\WINDOWS\System32\bcrypt.dll
0x00007ffe9c7b0000 - 0x00007ffe9c8c5000 	C:\WINDOWS\System32\RPCRT4.dll
0x00007ffe9d070000 - 0x00007ffe9d21d000 	C:\WINDOWS\System32\USER32.dll
0x00007ffe9b7f0000 - 0x00007ffe9b816000 	C:\WINDOWS\System32\win32u.dll
0x00007ffe9d6f0000 - 0x00007ffe9d719000 	C:\WINDOWS\System32\GDI32.dll
0x00007ffe9be60000 - 0x00007ffe9bf78000 	C:\WINDOWS\System32\gdi32full.dll
0x00007ffe9bf80000 - 0x00007ffe9c01a000 	C:\WINDOWS\System32\msvcp_win.dll
0x00007ffe7ca60000 - 0x00007ffe7ca7b000 	D:\APAP JAVA\Java\jdk-17\bin\VCRUNTIME140.dll
0x00007ffe83e20000 - 0x00007ffe840b3000 	C:\WINDOWS\WinSxS\amd64_microsoft.windows.common-controls_6595b64144ccf1df_6.0.22621.3235_none_270f74e173860f98\COMCTL32.dll
0x00007ffe92470000 - 0x00007ffe9247a000 	C:\WINDOWS\SYSTEM32\VERSION.dll
0x00007ffe9d7f0000 - 0x00007ffe9d821000 	C:\WINDOWS\System32\IMM32.DLL
0x00007ffe96c30000 - 0x00007ffe96c3c000 	D:\APAP JAVA\Java\jdk-17\bin\vcruntime140_1.dll
0x00007ffe5a750000 - 0x00007ffe5a7de000 	D:\APAP JAVA\Java\jdk-17\bin\msvcp140.dll
0x00007ffe2ebe0000 - 0x00007ffe2f7be000 	D:\APAP JAVA\Java\jdk-17\bin\server\jvm.dll
0x00007ffe9c930000 - 0x00007ffe9c938000 	C:\WINDOWS\System32\PSAPI.DLL
0x00007ffe75450000 - 0x00007ffe75459000 	C:\WINDOWS\SYSTEM32\WSOCK32.dll
0x00007ffe9c590000 - 0x00007ffe9c601000 	C:\WINDOWS\System32\WS2_32.dll
0x00007ffe935d0000 - 0x00007ffe93604000 	C:\WINDOWS\SYSTEM32\WINMM.dll
0x00007ffe9a8e0000 - 0x00007ffe9a8f8000 	C:\WINDOWS\SYSTEM32\kernel.appcore.dll
0x00007ffe91b00000 - 0x00007ffe91b0a000 	D:\APAP JAVA\Java\jdk-17\bin\jimage.dll
0x00007ffe98dc0000 - 0x00007ffe98ff3000 	C:\WINDOWS\SYSTEM32\DBGHELP.DLL
0x00007ffe9c200000 - 0x00007ffe9c588000 	C:\WINDOWS\System32\combase.dll
0x00007ffe9d2f0000 - 0x00007ffe9d3c7000 	C:\WINDOWS\System32\OLEAUT32.dll
0x00007ffe78e80000 - 0x00007ffe78eb2000 	C:\WINDOWS\SYSTEM32\dbgcore.DLL
0x00007ffe9bde0000 - 0x00007ffe9be5a000 	C:\WINDOWS\System32\bcryptPrimitives.dll
0x00007ffe8ad70000 - 0x00007ffe8ad7e000 	D:\APAP JAVA\Java\jdk-17\bin\instrument.dll
0x00007ffe7ac60000 - 0x00007ffe7ac85000 	D:\APAP JAVA\Java\jdk-17\bin\java.dll
0x00007ffe58630000 - 0x00007ffe58707000 	D:\APAP JAVA\Java\jdk-17\bin\jsvml.dll
0x00007ffe9dc10000 - 0x00007ffe9e46d000 	C:\WINDOWS\System32\SHELL32.dll
0x00007ffe99710000 - 0x00007ffe9a008000 	C:\WINDOWS\SYSTEM32\windows.storage.dll
0x00007ffe995d0000 - 0x00007ffe9970e000 	C:\WINDOWS\SYSTEM32\wintypes.dll
0x00007ffe9d480000 - 0x00007ffe9d573000 	C:\WINDOWS\System32\SHCORE.dll
0x00007ffe9c8d0000 - 0x00007ffe9c92e000 	C:\WINDOWS\System32\shlwapi.dll
0x00007ffe9b720000 - 0x00007ffe9b746000 	C:\WINDOWS\SYSTEM32\profapi.dll
0x00007ffe6b1e0000 - 0x00007ffe6b1f8000 	D:\APAP JAVA\Java\jdk-17\bin\zip.dll
0x00007ffe73490000 - 0x00007ffe734a9000 	D:\APAP JAVA\Java\jdk-17\bin\net.dll
0x00007ffe924c0000 - 0x00007ffe925f7000 	C:\WINDOWS\SYSTEM32\WINHTTP.dll
0x00007ffe9ad60000 - 0x00007ffe9adc9000 	C:\WINDOWS\system32\mswsock.dll
0x00007ffe72d20000 - 0x00007ffe72d36000 	D:\APAP JAVA\Java\jdk-17\bin\nio.dll
0x00007ffe8c2b0000 - 0x00007ffe8c2c0000 	D:\APAP JAVA\Java\jdk-17\bin\verify.dll
0x00007ffe5c9d0000 - 0x00007ffe5c9f7000 	C:\Users\HP\.gradle\native\c067742578af261105cb4f569cf0c3c89f3d7b1fecec35dd04571415982c5e48\windows-amd64\native-platform.dll
0x00007ffe4f410000 - 0x00007ffe4f554000 	C:\Users\HP\.gradle\native\38dada09dfb8b06ba9b0570ebf7e218e3eb74d4ef43ca46872605cf95ebc2f47\windows-amd64\native-platform-file-events.dll
0x00007ffe8bfd0000 - 0x00007ffe8bfda000 	D:\APAP JAVA\Java\jdk-17\bin\management.dll
0x00007ffe8ae60000 - 0x00007ffe8ae6b000 	D:\APAP JAVA\Java\jdk-17\bin\management_ext.dll
0x00007ffe9afd0000 - 0x00007ffe9afeb000 	C:\WINDOWS\SYSTEM32\CRYPTSP.dll
0x00007ffe9a840000 - 0x00007ffe9a875000 	C:\WINDOWS\system32\rsaenh.dll
0x00007ffe9ae70000 - 0x00007ffe9ae9c000 	C:\WINDOWS\SYSTEM32\USERENV.dll
0x00007ffe9aff0000 - 0x00007ffe9affc000 	C:\WINDOWS\SYSTEM32\CRYPTBASE.dll
0x00007ffe9a2e0000 - 0x00007ffe9a30d000 	C:\WINDOWS\SYSTEM32\IPHLPAPI.DLL
0x00007ffe9cb80000 - 0x00007ffe9cb89000 	C:\WINDOWS\System32\NSI.dll
0x00007ffe924a0000 - 0x00007ffe924b9000 	C:\WINDOWS\SYSTEM32\dhcpcsvc6.DLL
0x00007ffe92480000 - 0x00007ffe9249f000 	C:\WINDOWS\SYSTEM32\dhcpcsvc.DLL
0x00007ffe9a350000 - 0x00007ffe9a449000 	C:\WINDOWS\SYSTEM32\DNSAPI.dll
0x00007ffe84190000 - 0x00007ffe8419e000 	D:\APAP JAVA\Java\jdk-17\bin\sunmscapi.dll
0x00007ffe9c090000 - 0x00007ffe9c1f6000 	C:\WINDOWS\System32\CRYPT32.dll
0x00007ffe9b1b0000 - 0x00007ffe9b1de000 	C:\WINDOWS\SYSTEM32\ncrypt.dll
0x00007ffe9b170000 - 0x00007ffe9b1a7000 	C:\WINDOWS\SYSTEM32\NTASN1.dll
0x00007ffe83730000 - 0x00007ffe83738000 	C:\WINDOWS\system32\wshunix.dll

dbghelp: loaded successfully - version: 4.0.5 - missing functions: none
symbol engine: initialized successfully - sym options: 0x614 - pdb path: .;D:\APAP JAVA\Java\jdk-17\bin;C:\WINDOWS\SYSTEM32;C:\WINDOWS\WinSxS\amd64_microsoft.windows.common-controls_6595b64144ccf1df_6.0.22621.3235_none_270f74e173860f98;D:\APAP JAVA\Java\jdk-17\bin\server;C:\Users\HP\.gradle\native\c067742578af261105cb4f569cf0c3c89f3d7b1fecec35dd04571415982c5e48\windows-amd64;C:\Users\HP\.gradle\native\38dada09dfb8b06ba9b0570ebf7e218e3eb74d4ef43ca46872605cf95ebc2f47\windows-amd64

VM Arguments:
jvm_args: --add-opens=java.base/java.util=ALL-UNNAMED --add-opens=java.base/java.lang=ALL-UNNAMED --add-opens=java.base/java.lang.invoke=ALL-UNNAMED --add-opens=java.prefs/java.util.prefs=ALL-UNNAMED --add-opens=java.base/java.nio.charset=ALL-UNNAMED --add-opens=java.base/java.net=ALL-UNNAMED --add-opens=java.base/java.util.concurrent.atomic=ALL-UNNAMED -XX:MaxMetaspaceSize=384m -XX:+HeapDumpOnOutOfMemoryError -Xms256m -Xmx512m -Dfile.encoding=windows-1252 -Duser.country=ID -Duser.language=en -Duser.variant -javaagent:C:\Users\HP\.gradle\wrapper\dists\gradle-8.5-bin\5t9huq95ubn472n8rpzujfbqh\gradle-8.5\lib\agents\gradle-instrumentation-agent-8.5.jar 
java_command: org.gradle.launcher.daemon.bootstrap.GradleDaemon 8.5
java_class_path (initial): C:\Users\HP\.gradle\wrapper\dists\gradle-8.5-bin\5t9huq95ubn472n8rpzujfbqh\gradle-8.5\lib\gradle-launcher-8.5.jar
Launcher Type: SUN_STANDARD

[Global flags]
     intx CICompilerCount                          = 3                                         {product} {ergonomic}
   size_t CompressedClassSpaceSize                 = 335544320                                 {product} {ergonomic}
     uint ConcGCThreads                            = 1                                         {product} {ergonomic}
     uint G1ConcRefinementThreads                  = 4                                         {product} {ergonomic}
   size_t G1HeapRegionSize                         = 1048576                                   {product} {ergonomic}
    uintx GCDrainStackTargetSize                   = 64                                        {product} {ergonomic}
     bool HeapDumpOnOutOfMemoryError               = true                                   {manageable} {command line}
   size_t InitialHeapSize                          = 268435456                                 {product} {command line}
   size_t MarkStackSize                            = 4194304                                   {product} {ergonomic}
   size_t MaxHeapSize                              = 536870912                                 {product} {command line}
   size_t MaxMetaspaceSize                         = 402653184                                 {product} {command line}
   size_t MaxNewSize                               = 321912832                                 {product} {ergonomic}
   size_t MinHeapDeltaBytes                        = 1048576                                   {product} {ergonomic}
   size_t MinHeapSize                              = 268435456                                 {product} {command line}
    uintx NonNMethodCodeHeapSize                   = 5832780                                {pd product} {ergonomic}
    uintx NonProfiledCodeHeapSize                  = 122912730                              {pd product} {ergonomic}
    uintx ProfiledCodeHeapSize                     = 122912730                              {pd product} {ergonomic}
    uintx ReservedCodeCacheSize                    = 251658240                              {pd product} {ergonomic}
     bool SegmentedCodeCache                       = true                                      {product} {ergonomic}
   size_t SoftMaxHeapSize                          = 536870912                              {manageable} {ergonomic}
     bool UseCompressedClassPointers               = true                           {product lp64_product} {ergonomic}
     bool UseCompressedOops                        = true                           {product lp64_product} {ergonomic}
     bool UseG1GC                                  = true                                      {product} {ergonomic}
     bool UseLargePagesIndividualAllocation        = false                                  {pd product} {ergonomic}

Logging:
Log output configuration:
 #0: stdout all=warning uptime,level,tags
 #1: stderr all=off uptime,level,tags

Environment Variables:
JAVA_HOME=D:\APAP JAVA\Java\jdk-17
CLASSPATH=D:\pindahan\COOLYEAH\Semester 6\Propensi\TK\d02-rtx\smail\\gradle\wrapper\gradle-wrapper.jar
PATH=C:\Python312\Scripts\;C:\Python312\;C:\Program Files\Common Files\Oracle\Java\javapath;C:\Program Files (x86)\Common Files\Oracle\Java\javapath;C:\WINDOWS\system32;C:\WINDOWS;C:\WINDOWS\System32\Wbem;C:\WINDOWS\System32\WindowsPowerShell\v1.0\;C:\WINDOWS\System32\OpenSSH\;C:\Users\Ron\AppData\Local\Programs\Python\Python39;C:\Users\Ron\AppData\Local\Programs\Python\Python39\Scripts;C:\Users\HP\AppData\Local\Programs\Python\Python310\;C:\Users\HP\AppData\Local\Programs\Python\Python310\\Scripts;D:\PuTTY\;D:\Git\cmd;C:\Program Files\Docker\Docker\resources\bin;D:\APAP JAVA\Java\jdk-17\bin;D:\NODE JS\;C:\ProgramData\chocolatey\bin;C:\Users\HP\AppData\Local\Programs\Python\Python310\Scripts\;C:\Users\HP\AppData\Local\Programs\Python\Python310\;C:\Users\Ron\AppData\Local\Programs\Python\Python39;C:\Users\Ron\AppData\Local\Programs\Python\Python39\Scripts;C:\Users\HP\AppData\Local\Programs\Microsoft VS Code\bin;C:\Users\HP\Documents\COOLYEAH\Semester 3\PBP\FLUTTER\bin;C:\Users\HP\Documents\COOLYEAH\Semester 3\PBP\FLUTTER\flutter\bin;C:\Users\HP\AppData\Local\Microsoft\WindowsApps;D:\FLUTTER\bin;C:\Users\HP\AppData\Roaming\npm
USERNAME=HP
LANG=en_US.UTF-8
OS=Windows_NT
PROCESSOR_IDENTIFIER=Intel64 Family 6 Model 142 Stepping 12, GenuineIntel



---------------  S Y S T E M  ---------------

OS:
 Windows 11 , 64 bit Build 22621 (10.0.22621.3235)
OS uptime: 3 days 19:21 hours
Hyper-V role detected

CPU: total 4 (initial active 4) (2 cores per cpu, 2 threads per core) family 6 model 142 stepping 12 microcode 0xec, cx8, cmov, fxsr, ht, mmx, 3dnowpref, sse, sse2, sse3, ssse3, sse4.1, sse4.2, popcnt, lzcnt, tsc, tscinvbit, avx, avx2, aes, erms, clmul, bmi1, bmi2, adx, fma, vzeroupper, clflush, clflushopt, hv

Memory: 4k page, system-wide physical 3919M (27M free)
TotalPageFile size 15695M (AvailPageFile size 8M)
current process WorkingSet (physical memory assigned to process): 76M, peak: 243M
current process commit charge ("private bytes"): 462M, peak: 465M

vm_info: Java HotSpot(TM) 64-Bit Server VM (17.0.8+9-LTS-211) for windows-amd64 JRE (17.0.8+9-LTS-211), built on Jun 14 2023 10:34:31 by "mach5one" with MS VC++ 17.1 (VS2022)

END.
