#
# There is insufficient memory for the Java Runtime Environment to continue.
# Native memory allocation (malloc) failed to allocate 1173296 bytes for Chunk::new
# Possible reasons:
#   The system is out of physical RAM or swap space
#   The process is running with CompressedOops enabled, and the Java Heap may be blocking the growth of the native heap
# Possible solutions:
#   Reduce memory load on the system
#   Increase physical memory or swap space
#   Check if swap backing store is full
#   Decrease Java heap size (-Xmx/-Xms)
#   Decrease number of Java threads
#   Decrease Java thread stack sizes (-Xss)
#   Set larger code cache with -XX:ReservedCodeCacheSize=
#   JVM is running with Unscaled Compressed Oops mode in which the Java heap is
#     placed in the first 4GB address space. The Java Heap base address is the
#     maximum limit for the native heap growth. Please use -XX:HeapBaseMinAddress
#     to set the Java Heap base and to place the Java Heap above 4GB virtual address.
# This output file may be truncated or incomplete.
#
#  Out of Memory Error (arena.cpp:191), pid=10436, tid=17556
#
# JRE version: OpenJDK Runtime Environment Temurin-17.0.10+7 (17.0.10+7) (build 17.0.10+7)
# Java VM: OpenJDK 64-Bit Server VM Temurin-17.0.10+7 (17.0.10+7, mixed mode, tiered, compressed oops, compressed class ptrs, parallel gc, windows-amd64)
# No core dump will be written. Minidumps are not enabled by default on client versions of Windows
#

---------------  S U M M A R Y ------------

Command Line: --add-modules=ALL-SYSTEM --add-opens=java.base/java.util=ALL-UNNAMED --add-opens=java.base/java.lang=ALL-UNNAMED --add-opens=java.base/sun.nio.fs=ALL-UNNAMED -Declipse.application=org.eclipse.jdt.ls.core.id1 -Dosgi.bundles.defaultStartLevel=4 -Declipse.product=org.eclipse.jdt.ls.core.product -Djava.import.generatesMetadataFilesAtProjectRoot=false -DDetectVMInstallationsJob.disabled=true -Dfile.encoding=utf8 -XX:+UseParallelGC -XX:GCTimeRatio=4 -XX:AdaptiveSizePolicyWeight=90 -Dsun.zip.disableMemoryMapping=true -Xmx1G -Xms100m -Xlog:disable -javaagent:c:\Users\HP\.vscode\extensions\redhat.java-1.28.1-win32-x64\lombok\lombok-1.18.31.jar c:\Users\HP\.vscode\extensions\redhat.java-1.28.1-win32-x64\server\plugins\org.eclipse.equinox.launcher_1.6.700.v20231214-2017.jar -configuration c:\Users\HP\AppData\Roaming\Code\User\globalStorage\redhat.java\1.28.1\config_ss_win -data c:\Users\HP\AppData\Roaming\Code\User\workspaceStorage\0d828789c167c72f6f5361a28a300af2\redhat.java\ss_ws --stdio

Host: Intel(R) Core(TM) i3-10110U CPU @ 2.10GHz, 4 cores, 3G,  Windows 11 , 64 bit Build 22621 (10.0.22621.3085)
Time: Sat Mar  9 12:21:26 2024 SE Asia Standard Time elapsed time: 8.799025 seconds (0d 0h 0m 8s)

---------------  T H R E A D  ---------------

Current thread (0x0000022070e94590):  JavaThread "C2 CompilerThread0" daemon [_thread_in_native, id=17556, stack(0x0000008db8800000,0x0000008db8900000)]


Current CompileTask:
C2:   8799 2352       4       org.lombokweb.asm.ClassReader::readMethod (1066 bytes)

Stack: [0x0000008db8800000,0x0000008db8900000]
Native frames: (J=compiled Java code, j=interpreted, Vv=VM code, C=native code)
V  [jvm.dll+0x67d2c9]
V  [jvm.dll+0x834afa]
V  [jvm.dll+0x8365be]
V  [jvm.dll+0x836c23]
V  [jvm.dll+0x2477ff]
V  [jvm.dll+0xac514]
V  [jvm.dll+0xacb5c]
V  [jvm.dll+0x366782]
V  [jvm.dll+0x330bfa]
V  [jvm.dll+0x33009a]
V  [jvm.dll+0x219ef1]
V  [jvm.dll+0x219311]
V  [jvm.dll+0x1a502d]
V  [jvm.dll+0x2290de]
V  [jvm.dll+0x2272ac]
V  [jvm.dll+0x7e9bb7]
V  [jvm.dll+0x7e3fba]
V  [jvm.dll+0x67c1b5]
C  [ucrtbase.dll+0x29363]
C  [KERNEL32.DLL+0x1257d]
C  [ntdll.dll+0x5aa58]


---------------  P R O C E S S  ---------------

Threads class SMR info:
_java_thread_list=0x000002207634f830, length=21, elements={
0x000002205b0cf680, 0x0000022070e5f020, 0x0000022070e617e0, 0x0000022070e8e320,
0x0000022070e8efb0, 0x0000022070e8fd40, 0x0000022070e91980, 0x0000022070e94590,
0x000002207602ffb0, 0x000002207604cc60, 0x00000220760f2380, 0x00000220762fd8f0,
0x00000220766d2ef0, 0x00000220766fe330, 0x00000220767c98b0, 0x0000022076b4b010,
0x00000220767c7360, 0x0000022076be7a80, 0x0000022076be84a0, 0x0000022076be98e0,
0x0000022076be89b0
}

Java Threads: ( => current thread )
  0x000002205b0cf680 JavaThread "main" [_thread_blocked, id=14412, stack(0x0000008db7f00000,0x0000008db8000000)]
  0x0000022070e5f020 JavaThread "Reference Handler" daemon [_thread_blocked, id=11472, stack(0x0000008db8200000,0x0000008db8300000)]
  0x0000022070e617e0 JavaThread "Finalizer" daemon [_thread_blocked, id=15064, stack(0x0000008db8300000,0x0000008db8400000)]
  0x0000022070e8e320 JavaThread "Signal Dispatcher" daemon [_thread_blocked, id=16868, stack(0x0000008db8400000,0x0000008db8500000)]
  0x0000022070e8efb0 JavaThread "Attach Listener" daemon [_thread_blocked, id=29648, stack(0x0000008db8500000,0x0000008db8600000)]
  0x0000022070e8fd40 JavaThread "Service Thread" daemon [_thread_blocked, id=12660, stack(0x0000008db8600000,0x0000008db8700000)]
  0x0000022070e91980 JavaThread "Monitor Deflation Thread" daemon [_thread_blocked, id=1688, stack(0x0000008db8700000,0x0000008db8800000)]
=>0x0000022070e94590 JavaThread "C2 CompilerThread0" daemon [_thread_in_native, id=17556, stack(0x0000008db8800000,0x0000008db8900000)]
  0x000002207602ffb0 JavaThread "C1 CompilerThread0" daemon [_thread_blocked, id=27712, stack(0x0000008db8900000,0x0000008db8a00000)]
  0x000002207604cc60 JavaThread "Sweeper thread" daemon [_thread_blocked, id=17916, stack(0x0000008db8a00000,0x0000008db8b00000)]
  0x00000220760f2380 JavaThread "Common-Cleaner" daemon [_thread_blocked, id=14904, stack(0x0000008db8b00000,0x0000008db8c00000)]
  0x00000220762fd8f0 JavaThread "Notification Thread" daemon [_thread_blocked, id=20620, stack(0x0000008db8c00000,0x0000008db8d00000)]
  0x00000220766d2ef0 JavaThread "Active Thread: Equinox Container: 0bb91f98-0f4c-4e4b-8d7e-63cfa9f322a4" [_thread_blocked, id=32280, stack(0x0000008db9100000,0x0000008db9200000)]
  0x00000220766fe330 JavaThread "Framework Event Dispatcher: Equinox Container: 0bb91f98-0f4c-4e4b-8d7e-63cfa9f322a4" daemon [_thread_blocked, id=2432, stack(0x0000008db9200000,0x0000008db9300000)]
  0x00000220767c98b0 JavaThread "Start Level: Equinox Container: 0bb91f98-0f4c-4e4b-8d7e-63cfa9f322a4" daemon [_thread_in_vm, id=27796, stack(0x0000008db9300000,0x0000008db9400000)]
  0x0000022076b4b010 JavaThread "SCR Component Actor" daemon [_thread_blocked, id=27744, stack(0x0000008db9400000,0x0000008db9500000)]
  0x00000220767c7360 JavaThread "SCR Component Registry" daemon [_thread_blocked, id=19784, stack(0x0000008db9500000,0x0000008db9600000)]
  0x0000022076be7a80 JavaThread "Worker-JM" [_thread_blocked, id=31204, stack(0x0000008db9600000,0x0000008db9700000)]
  0x0000022076be84a0 JavaThread "Worker-0" [_thread_blocked, id=3192, stack(0x0000008db9700000,0x0000008db9800000)]
  0x0000022076be98e0 JavaThread "Worker-1" [_thread_blocked, id=31852, stack(0x0000008db9800000,0x0000008db9900000)]
  0x0000022076be89b0 JavaThread "Worker-2" [_thread_blocked, id=23700, stack(0x0000008db9900000,0x0000008db9a00000)]

Other Threads:
  0x0000022070e49950 VMThread "VM Thread" [stack: 0x0000008db8100000,0x0000008db8200000] [id=28728]
  0x00000220763ca580 WatcherThread [stack: 0x0000008db8d00000,0x0000008db8e00000] [id=30840]
  0x000002205b0e4030 GCTaskThread "GC Thread#0" [stack: 0x0000008db8000000,0x0000008db8100000] [id=21724]
  0x00000220768e7460 GCTaskThread "GC Thread#1" [stack: 0x0000008db8e00000,0x0000008db8f00000] [id=16964]
  0x00000220768e7720 GCTaskThread "GC Thread#2" [stack: 0x0000008db8f00000,0x0000008db9000000] [id=13344]
  0x00000220768e79e0 GCTaskThread "GC Thread#3" [stack: 0x0000008db9000000,0x0000008db9100000] [id=27200]

Threads with active compile tasks:
C2 CompilerThread0     8838 2352       4       org.lombokweb.asm.ClassReader::readMethod (1066 bytes)

VM state: not at safepoint (normal execution)

VM Mutex/Monitor currently owned by a thread: None

Heap address: 0x00000000c0000000, size: 1024 MB, Compressed Oops mode: 32-bit

CDS archive(s) not mapped
Compressed class space mapped at: 0x0000000100000000-0x0000000140000000, reserved size: 1073741824
Narrow klass base: 0x0000000000000000, Narrow klass shift: 3, Narrow klass range: 0x140000000

GC Precious Log:
 CPUs: 4 total, 4 available
 Memory: 3919M
 Large Page Support: Disabled
 NUMA Support: Disabled
 Compressed Oops: Enabled (32-bit)
 Alignments: Space 512K, Generation 512K, Heap 2M
 Heap Min Capacity: 100M
 Heap Initial Capacity: 100M
 Heap Max Capacity: 1G
 Pre-touch: Disabled
 Parallel Workers: 4

Heap:
 PSYoungGen      total 26112K, used 13029K [0x00000000eab00000, 0x00000000ec880000, 0x0000000100000000)
  eden space 25088K, 48% used [0x00000000eab00000,0x00000000eb6fafb0,0x00000000ec380000)
  from space 1024K, 74% used [0x00000000ec400000,0x00000000ec4be6f0,0x00000000ec500000)
  to   space 2560K, 0% used [0x00000000ec600000,0x00000000ec600000,0x00000000ec880000)
 ParOldGen       total 68608K, used 6630K [0x00000000c0000000, 0x00000000c4300000, 0x00000000eab00000)
  object space 68608K, 9% used [0x00000000c0000000,0x00000000c0679928,0x00000000c4300000)
 Metaspace       used 25640K, committed 26048K, reserved 1114112K
  class space    used 2509K, committed 2688K, reserved 1048576K

Card table byte_map: [0x000002206e740000,0x000002206e950000] _byte_map_base: 0x000002206e140000

Marking Bits: (ParMarkBitMap*) 0x00007ffe9bc2d7d0
 Begin Bits: [0x000002206eab0000, 0x000002206fab0000)
 End Bits:   [0x000002206fab0000, 0x0000022070ab0000)

Polling page: 0x000002205b180000

Metaspace:

Usage:
  Non-class:     22.59 MB used.
      Class:      2.45 MB used.
       Both:     25.04 MB used.

Virtual space:
  Non-class space:       64.00 MB reserved,      22.81 MB ( 36%) committed,  1 nodes.
      Class space:        1.00 GB reserved,       2.62 MB ( <1%) committed,  1 nodes.
             Both:        1.06 GB reserved,      25.44 MB (  2%) committed. 

Chunk freelists:
   Non-Class:  9.12 MB
       Class:  13.38 MB
        Both:  22.50 MB

MaxMetaspaceSize: unlimited
CompressedClassSpaceSize: 1.00 GB
Initial GC threshold: 21.00 MB
Current GC threshold: 35.00 MB
CDS: off
MetaspaceReclaimPolicy: balanced
 - commit_granule_bytes: 65536.
 - commit_granule_words: 8192.
 - virtual_space_node_default_size: 8388608.
 - enlarge_chunks_in_place: 1.
 - new_chunks_are_fully_committed: 0.
 - uncommit_free_chunks: 1.
 - use_allocation_guard: 0.
 - handle_deallocations: 1.


Internal statistics:

num_allocs_failed_limit: 3.
num_arena_births: 276.
num_arena_deaths: 14.
num_vsnodes_births: 2.
num_vsnodes_deaths: 0.
num_space_committed: 407.
num_space_uncommitted: 0.
num_chunks_returned_to_freelist: 17.
num_chunks_taken_from_freelist: 973.
num_chunk_merges: 5.
num_chunk_splits: 624.
num_chunks_enlarged: 436.
num_inconsistent_stats: 0.

CodeHeap 'non-profiled nmethods': size=120000Kb used=929Kb max_used=929Kb free=119071Kb
 bounds [0x0000022067030000, 0x00000220672a0000, 0x000002206e560000]
CodeHeap 'profiled nmethods': size=120000Kb used=4654Kb max_used=4654Kb free=115345Kb
 bounds [0x000002205f560000, 0x000002205f9f0000, 0x0000022066a90000]
CodeHeap 'non-nmethods': size=5760Kb used=1224Kb max_used=1224Kb free=4536Kb
 bounds [0x0000022066a90000, 0x0000022066d00000, 0x0000022067030000]
 total_blobs=2902 nmethods=2370 adapters=446
 compilation: enabled
              stopped_count=0, restarted_count=0
 full_count=0

Compilation events (20 events):
Event: 8.736 Thread 0x000002207602ffb0 nmethod 2361% 0x000002205f9db810 code [0x000002205f9dbdc0, 0x000002205f9de9c8]
Event: 8.736 Thread 0x000002207602ffb0 2366       3       org.lombokweb.asm.MethodWriter::visitLabel (328 bytes)
Event: 8.737 Thread 0x000002207602ffb0 nmethod 2366 0x000002205f9dfb90 code [0x000002205f9dfdc0, 0x000002205f9e06f8]
Event: 8.737 Thread 0x000002207602ffb0 2362       3       java.util.regex.Pattern$BmpCharPropertyGreedy::match (89 bytes)
Event: 8.738 Thread 0x000002207602ffb0 nmethod 2362 0x000002205f9e0990 code [0x000002205f9e0b80, 0x000002205f9e11c8]
Event: 8.738 Thread 0x000002207602ffb0 2364       3       org.lombokweb.asm.ByteVector::put11 (52 bytes)
Event: 8.738 Thread 0x000002207602ffb0 nmethod 2364 0x000002205f9e1410 code [0x000002205f9e15c0, 0x000002205f9e17c8]
Event: 8.738 Thread 0x000002207602ffb0 2365       1       lombok.patcher.MethodLogistics::getReturnOpcode (5 bytes)
Event: 8.738 Thread 0x000002207602ffb0 nmethod 2365 0x0000022067118110 code [0x00000220671182a0, 0x0000022067118378]
Event: 8.738 Thread 0x000002207602ffb0 2363       3       java.util.regex.Pattern$BranchConn::match (11 bytes)
Event: 8.738 Thread 0x000002207602ffb0 nmethod 2363 0x000002205f9e1910 code [0x000002205f9e1ac0, 0x000002205f9e1c88]
Event: 8.776 Thread 0x000002207602ffb0 2368       3       org.lombokweb.asm.ClassReader::<init> (371 bytes)
Event: 8.778 Thread 0x000002207602ffb0 nmethod 2368 0x000002205f9e1d90 code [0x000002205f9e2060, 0x000002205f9e3218]
Event: 8.780 Thread 0x000002207602ffb0 2369       3       org.lombokweb.asm.SymbolTable::<init> (536 bytes)
Event: 8.784 Thread 0x000002207602ffb0 nmethod 2369 0x000002205f9e3790 code [0x000002205f9e3d20, 0x000002205f9e6628]
Event: 8.789 Thread 0x000002207602ffb0 2370       3       org.lombokweb.asm.ClassReader::readLong (29 bytes)
Event: 8.789 Thread 0x000002207602ffb0 nmethod 2370 0x000002205f9e7790 code [0x000002205f9e7940, 0x000002205f9e7af8]
Event: 8.795 Thread 0x000002207602ffb0 2371       3       org.lombokweb.asm.SymbolTable::addConstantMethodref (24 bytes)
Event: 8.795 Thread 0x000002207602ffb0 nmethod 2371 0x000002205f9e7c10 code [0x000002205f9e7dc0, 0x000002205f9e7f68]
Event: 8.795 Thread 0x000002207602ffb0 2372       3       org.lombokweb.asm.MethodWriter::visitFrame (811 bytes)

GC Heap History (12 events):
Event: 2.318 GC heap before
{Heap before GC invocations=1 (full 0):
 PSYoungGen      total 29696K, used 25600K [0x00000000eab00000, 0x00000000ecc00000, 0x0000000100000000)
  eden space 25600K, 100% used [0x00000000eab00000,0x00000000ec400000,0x00000000ec400000)
  from space 4096K, 0% used [0x00000000ec800000,0x00000000ec800000,0x00000000ecc00000)
  to   space 4096K, 0% used [0x00000000ec400000,0x00000000ec400000,0x00000000ec800000)
 ParOldGen       total 68608K, used 0K [0x00000000c0000000, 0x00000000c4300000, 0x00000000eab00000)
  object space 68608K, 0% used [0x00000000c0000000,0x00000000c0000000,0x00000000c4300000)
 Metaspace       used 11017K, committed 11200K, reserved 1114112K
  class space    used 1098K, committed 1216K, reserved 1048576K
}
Event: 2.325 GC heap after
{Heap after GC invocations=1 (full 0):
 PSYoungGen      total 29696K, used 3198K [0x00000000eab00000, 0x00000000ecc00000, 0x0000000100000000)
  eden space 25600K, 0% used [0x00000000eab00000,0x00000000eab00000,0x00000000ec400000)
  from space 4096K, 78% used [0x00000000ec400000,0x00000000ec71fb98,0x00000000ec800000)
  to   space 4096K, 0% used [0x00000000ec800000,0x00000000ec800000,0x00000000ecc00000)
 ParOldGen       total 68608K, used 16K [0x00000000c0000000, 0x00000000c4300000, 0x00000000eab00000)
  object space 68608K, 0% used [0x00000000c0000000,0x00000000c0004000,0x00000000c4300000)
 Metaspace       used 11017K, committed 11200K, reserved 1114112K
  class space    used 1098K, committed 1216K, reserved 1048576K
}
Event: 4.308 GC heap before
{Heap before GC invocations=2 (full 0):
 PSYoungGen      total 29696K, used 28798K [0x00000000eab00000, 0x00000000ecc00000, 0x0000000100000000)
  eden space 25600K, 100% used [0x00000000eab00000,0x00000000ec400000,0x00000000ec400000)
  from space 4096K, 78% used [0x00000000ec400000,0x00000000ec71fb98,0x00000000ec800000)
  to   space 4096K, 0% used [0x00000000ec800000,0x00000000ec800000,0x00000000ecc00000)
 ParOldGen       total 68608K, used 16K [0x00000000c0000000, 0x00000000c4300000, 0x00000000eab00000)
  object space 68608K, 0% used [0x00000000c0000000,0x00000000c0004000,0x00000000c4300000)
 Metaspace       used 14844K, committed 15104K, reserved 1114112K
  class space    used 1507K, committed 1664K, reserved 1048576K
}
Event: 4.317 GC heap after
{Heap after GC invocations=2 (full 0):
 PSYoungGen      total 29696K, used 4089K [0x00000000eab00000, 0x00000000ecc00000, 0x0000000100000000)
  eden space 25600K, 0% used [0x00000000eab00000,0x00000000eab00000,0x00000000ec400000)
  from space 4096K, 99% used [0x00000000ec800000,0x00000000ecbfe630,0x00000000ecc00000)
  to   space 4096K, 0% used [0x00000000ec400000,0x00000000ec400000,0x00000000ec800000)
 ParOldGen       total 68608K, used 738K [0x00000000c0000000, 0x00000000c4300000, 0x00000000eab00000)
  object space 68608K, 1% used [0x00000000c0000000,0x00000000c00b8b60,0x00000000c4300000)
 Metaspace       used 14844K, committed 15104K, reserved 1114112K
  class space    used 1507K, committed 1664K, reserved 1048576K
}
Event: 6.408 GC heap before
{Heap before GC invocations=3 (full 0):
 PSYoungGen      total 29696K, used 29689K [0x00000000eab00000, 0x00000000ecc00000, 0x0000000100000000)
  eden space 25600K, 100% used [0x00000000eab00000,0x00000000ec400000,0x00000000ec400000)
  from space 4096K, 99% used [0x00000000ec800000,0x00000000ecbfe630,0x00000000ecc00000)
  to   space 4096K, 0% used [0x00000000ec400000,0x00000000ec400000,0x00000000ec800000)
 ParOldGen       total 68608K, used 738K [0x00000000c0000000, 0x00000000c4300000, 0x00000000eab00000)
  object space 68608K, 1% used [0x00000000c0000000,0x00000000c00b8b60,0x00000000c4300000)
 Metaspace       used 19988K, committed 20416K, reserved 1114112K
  class space    used 2036K, committed 2176K, reserved 1048576K
}
Event: 6.415 GC heap after
{Heap after GC invocations=3 (full 0):
 PSYoungGen      total 29696K, used 4088K [0x00000000eab00000, 0x00000000ecc00000, 0x0000000100000000)
  eden space 25600K, 0% used [0x00000000eab00000,0x00000000eab00000,0x00000000ec400000)
  from space 4096K, 99% used [0x00000000ec400000,0x00000000ec7fe318,0x00000000ec800000)
  to   space 4096K, 0% used [0x00000000ec800000,0x00000000ec800000,0x00000000ecc00000)
 ParOldGen       total 68608K, used 2495K [0x00000000c0000000, 0x00000000c4300000, 0x00000000eab00000)
  object space 68608K, 3% used [0x00000000c0000000,0x00000000c026ff00,0x00000000c4300000)
 Metaspace       used 19988K, committed 20416K, reserved 1114112K
  class space    used 2036K, committed 2176K, reserved 1048576K
}
Event: 7.793 GC heap before
{Heap before GC invocations=4 (full 0):
 PSYoungGen      total 29696K, used 10697K [0x00000000eab00000, 0x00000000ecc00000, 0x0000000100000000)
  eden space 25600K, 25% used [0x00000000eab00000,0x00000000eb174150,0x00000000ec400000)
  from space 4096K, 99% used [0x00000000ec400000,0x00000000ec7fe318,0x00000000ec800000)
  to   space 4096K, 0% used [0x00000000ec800000,0x00000000ec800000,0x00000000ecc00000)
 ParOldGen       total 68608K, used 2495K [0x00000000c0000000, 0x00000000c4300000, 0x00000000eab00000)
  object space 68608K, 3% used [0x00000000c0000000,0x00000000c026ff00,0x00000000c4300000)
 Metaspace       used 21047K, committed 21504K, reserved 1114112K
  class space    used 2159K, committed 2368K, reserved 1048576K
}
Event: 7.799 GC heap after
{Heap after GC invocations=4 (full 0):
 PSYoungGen      total 29696K, used 4095K [0x00000000eab00000, 0x00000000ecc00000, 0x0000000100000000)
  eden space 25600K, 0% used [0x00000000eab00000,0x00000000eab00000,0x00000000ec400000)
  from space 4096K, 99% used [0x00000000ec800000,0x00000000ecbffeb0,0x00000000ecc00000)
  to   space 4096K, 0% used [0x00000000ec400000,0x00000000ec400000,0x00000000ec800000)
 ParOldGen       total 68608K, used 2732K [0x00000000c0000000, 0x00000000c4300000, 0x00000000eab00000)
  object space 68608K, 3% used [0x00000000c0000000,0x00000000c02ab108,0x00000000c4300000)
 Metaspace       used 21047K, committed 21504K, reserved 1114112K
  class space    used 2159K, committed 2368K, reserved 1048576K
}
Event: 7.799 GC heap before
{Heap before GC invocations=5 (full 1):
 PSYoungGen      total 29696K, used 4095K [0x00000000eab00000, 0x00000000ecc00000, 0x0000000100000000)
  eden space 25600K, 0% used [0x00000000eab00000,0x00000000eab00000,0x00000000ec400000)
  from space 4096K, 99% used [0x00000000ec800000,0x00000000ecbffeb0,0x00000000ecc00000)
  to   space 4096K, 0% used [0x00000000ec400000,0x00000000ec400000,0x00000000ec800000)
 ParOldGen       total 68608K, used 2732K [0x00000000c0000000, 0x00000000c4300000, 0x00000000eab00000)
  object space 68608K, 3% used [0x00000000c0000000,0x00000000c02ab108,0x00000000c4300000)
 Metaspace       used 21047K, committed 21504K, reserved 1114112K
  class space    used 2159K, committed 2368K, reserved 1048576K
}
Event: 7.846 GC heap after
{Heap after GC invocations=5 (full 1):
 PSYoungGen      total 29696K, used 0K [0x00000000eab00000, 0x00000000ecc00000, 0x0000000100000000)
  eden space 25600K, 0% used [0x00000000eab00000,0x00000000eab00000,0x00000000ec400000)
  from space 4096K, 0% used [0x00000000ec800000,0x00000000ec800000,0x00000000ecc00000)
  to   space 4096K, 0% used [0x00000000ec400000,0x00000000ec400000,0x00000000ec800000)
 ParOldGen       total 68608K, used 6622K [0x00000000c0000000, 0x00000000c4300000, 0x00000000eab00000)
  object space 68608K, 9% used [0x00000000c0000000,0x00000000c0677928,0x00000000c4300000)
 Metaspace       used 21033K, committed 21504K, reserved 1114112K
  class space    used 2155K, committed 2368K, reserved 1048576K
}
Event: 8.541 GC heap before
{Heap before GC invocations=6 (full 1):
 PSYoungGen      total 29696K, used 25600K [0x00000000eab00000, 0x00000000ecc00000, 0x0000000100000000)
  eden space 25600K, 100% used [0x00000000eab00000,0x00000000ec400000,0x00000000ec400000)
  from space 4096K, 0% used [0x00000000ec800000,0x00000000ec800000,0x00000000ecc00000)
  to   space 4096K, 0% used [0x00000000ec400000,0x00000000ec400000,0x00000000ec800000)
 ParOldGen       total 68608K, used 6622K [0x00000000c0000000, 0x00000000c4300000, 0x00000000eab00000)
  object space 68608K, 9% used [0x00000000c0000000,0x00000000c0677928,0x00000000c4300000)
 Metaspace       used 24031K, committed 24448K, reserved 1114112K
  class space    used 2362K, committed 2560K, reserved 1048576K
}
Event: 8.543 GC heap after
{Heap after GC invocations=6 (full 1):
 PSYoungGen      total 26112K, used 761K [0x00000000eab00000, 0x00000000ec880000, 0x0000000100000000)
  eden space 25088K, 0% used [0x00000000eab00000,0x00000000eab00000,0x00000000ec380000)
  from space 1024K, 74% used [0x00000000ec400000,0x00000000ec4be6f0,0x00000000ec500000)
  to   space 2560K, 0% used [0x00000000ec600000,0x00000000ec600000,0x00000000ec880000)
 ParOldGen       total 68608K, used 6630K [0x00000000c0000000, 0x00000000c4300000, 0x00000000eab00000)
  object space 68608K, 9% used [0x00000000c0000000,0x00000000c0679928,0x00000000c4300000)
 Metaspace       used 24031K, committed 24448K, reserved 1114112K
  class space    used 2362K, committed 2560K, reserved 1048576K
}

Dll operation events (9 events):
Event: 0.030 Loaded shared library c:\Users\HP\.vscode\extensions\redhat.java-1.28.1-win32-x64\jre\17.0.10-win32-x86_64\bin\java.dll
Event: 0.352 Loaded shared library c:\Users\HP\.vscode\extensions\redhat.java-1.28.1-win32-x64\jre\17.0.10-win32-x86_64\bin\zip.dll
Event: 0.358 Loaded shared library C:\Users\HP\.vscode\extensions\redhat.java-1.28.1-win32-x64\jre\17.0.10-win32-x86_64\bin\instrument.dll
Event: 0.380 Loaded shared library C:\Users\HP\.vscode\extensions\redhat.java-1.28.1-win32-x64\jre\17.0.10-win32-x86_64\bin\net.dll
Event: 0.386 Loaded shared library C:\Users\HP\.vscode\extensions\redhat.java-1.28.1-win32-x64\jre\17.0.10-win32-x86_64\bin\nio.dll
Event: 0.399 Loaded shared library C:\Users\HP\.vscode\extensions\redhat.java-1.28.1-win32-x64\jre\17.0.10-win32-x86_64\bin\zip.dll
Event: 0.427 Loaded shared library C:\Users\HP\.vscode\extensions\redhat.java-1.28.1-win32-x64\jre\17.0.10-win32-x86_64\bin\jimage.dll
Event: 0.542 Loaded shared library c:\Users\HP\.vscode\extensions\redhat.java-1.28.1-win32-x64\jre\17.0.10-win32-x86_64\bin\verify.dll
Event: 3.420 Loaded shared library C:\Users\HP\AppData\Roaming\Code\User\globalStorage\redhat.java\1.28.1\config_ss_win\org.eclipse.equinox.launcher\org.eclipse.equinox.launcher.win32.win32.x86_64_1.2.900.v20240129-1338\eclipse_11900.dll

Deoptimization events (20 events):
Event: 6.266 Thread 0x00000220767c98b0 Uncommon trap: trap_request=0xffffff45 fr.pc=0x00000220670f3274 relative=0x0000000000001054
Event: 6.266 Thread 0x00000220767c98b0 Uncommon trap: reason=unstable_if action=reinterpret pc=0x00000220670f3274 method=java.util.Properties.loadConvert([CIILjava/lang/StringBuilder;)Ljava/lang/String; @ 491 c2
Event: 6.266 Thread 0x00000220767c98b0 DEOPT PACKING pc=0x00000220670f3274 sp=0x0000008db93f7eb0
Event: 6.266 Thread 0x00000220767c98b0 DEOPT UNPACKING pc=0x0000022066ae66a3 sp=0x0000008db93f7e90 mode 2
Event: 6.952 Thread 0x00000220767c98b0 Uncommon trap: trap_request=0xffffff45 fr.pc=0x00000220670cd940 relative=0x0000000000000040
Event: 6.952 Thread 0x00000220767c98b0 Uncommon trap: reason=unstable_if action=reinterpret pc=0x00000220670cd940 method=sun.nio.fs.WindowsPathParser.isSlash(C)Z @ 9 c2
Event: 6.952 Thread 0x00000220767c98b0 DEOPT PACKING pc=0x00000220670cd940 sp=0x0000008db93f9520
Event: 6.952 Thread 0x00000220767c98b0 DEOPT UNPACKING pc=0x0000022066ae66a3 sp=0x0000008db93f94a8 mode 2
Event: 7.287 Thread 0x00000220767c98b0 Uncommon trap: trap_request=0xffffff45 fr.pc=0x00000220670f9fa8 relative=0x0000000000000208
Event: 7.287 Thread 0x00000220767c98b0 Uncommon trap: reason=unstable_if action=reinterpret pc=0x00000220670f9fa8 method=java.net.URI$Parser.scan(IIJJ)I @ 42 c2
Event: 7.287 Thread 0x00000220767c98b0 DEOPT PACKING pc=0x00000220670f9fa8 sp=0x0000008db93f9030
Event: 7.287 Thread 0x00000220767c98b0 DEOPT UNPACKING pc=0x0000022066ae66a3 sp=0x0000008db93f8fb0 mode 2
Event: 7.851 Thread 0x00000220767c98b0 Uncommon trap: trap_request=0xffffff45 fr.pc=0x00000220670d86ec relative=0x00000000000001cc
Event: 7.851 Thread 0x00000220767c98b0 Uncommon trap: reason=unstable_if action=reinterpret pc=0x00000220670d86ec method=java.util.concurrent.ConcurrentHashMap.get(Ljava/lang/Object;)Ljava/lang/Object; @ 76 c2
Event: 7.851 Thread 0x00000220767c98b0 DEOPT PACKING pc=0x00000220670d86ec sp=0x0000008db93f68f0
Event: 7.851 Thread 0x00000220767c98b0 DEOPT UNPACKING pc=0x0000022066ae66a3 sp=0x0000008db93f6868 mode 2
Event: 8.733 Thread 0x00000220767c98b0 Uncommon trap: trap_request=0xffffff45 fr.pc=0x0000022067116b34 relative=0x0000000000000314
Event: 8.733 Thread 0x00000220767c98b0 Uncommon trap: reason=unstable_if action=reinterpret pc=0x0000022067116b34 method=org.lombokweb.asm.Label.resolve([BI)Z @ 80 c2
Event: 8.733 Thread 0x00000220767c98b0 DEOPT PACKING pc=0x0000022067116b34 sp=0x0000008db93ef0a0
Event: 8.733 Thread 0x00000220767c98b0 DEOPT UNPACKING pc=0x0000022066ae66a3 sp=0x0000008db93eefa0 mode 2

Classes unloaded (7 events):
Event: 7.805 Thread 0x0000022070e49950 Unloading class 0x000000010021a400 'java/lang/invoke/LambdaForm$MH+0x000000010021a400'
Event: 7.805 Thread 0x0000022070e49950 Unloading class 0x000000010021a000 'java/lang/invoke/LambdaForm$MH+0x000000010021a000'
Event: 7.805 Thread 0x0000022070e49950 Unloading class 0x0000000100219c00 'java/lang/invoke/LambdaForm$MH+0x0000000100219c00'
Event: 7.806 Thread 0x0000022070e49950 Unloading class 0x0000000100219800 'java/lang/invoke/LambdaForm$MH+0x0000000100219800'
Event: 7.806 Thread 0x0000022070e49950 Unloading class 0x0000000100219400 'java/lang/invoke/LambdaForm$BMH+0x0000000100219400'
Event: 7.806 Thread 0x0000022070e49950 Unloading class 0x0000000100219000 'java/lang/invoke/LambdaForm$DMH+0x0000000100219000'
Event: 7.806 Thread 0x0000022070e49950 Unloading class 0x0000000100214400 'java/lang/invoke/LambdaForm$DMH+0x0000000100214400'

Classes redefined (0 events):
No events

Internal exceptions (20 events):
Event: 6.082 Thread 0x00000220767c98b0 Exception <a 'java/lang/NoSuchMethodError'{0x00000000ebf3b270}: 'int java.lang.invoke.DirectMethodHandle$Holder.invokeStatic(java.lang.Object, java.lang.Object, int)'> (0x00000000ebf3b270) 
thrown [s\src\hotspot\share\interpreter\linkResolver.cpp, line 759]
Event: 6.083 Thread 0x00000220767c98b0 Exception <a 'java/lang/NoSuchMethodError'{0x00000000ebf3f298}: 'int java.lang.invoke.DirectMethodHandle$Holder.invokeSpecial(java.lang.Object, java.lang.Object, java.lang.Object, int)'> (0x00000000ebf3f298) 
thrown [s\src\hotspot\share\interpreter\linkResolver.cpp, line 759]
Event: 6.086 Thread 0x00000220767c98b0 Exception <a 'java/lang/NoSuchMethodError'{0x00000000ebf59fb8}: 'java.lang.Object java.lang.invoke.DirectMethodHandle$Holder.invokeStatic(java.lang.Object, java.lang.Object, java.lang.Object, java.lang.Object, int)'> (0x00000000ebf59fb8) 
thrown [s\src\hotspot\share\interpreter\linkResolver.cpp, line 759]
Event: 6.089 Thread 0x00000220767c98b0 Exception <a 'java/lang/NoSuchMethodError'{0x00000000ebf661f8}: 'java.lang.Object java.lang.invoke.DelegatingMethodHandle$Holder.reinvoke_L(java.lang.Object, java.lang.Object, java.lang.Object, java.lang.Object, int, int)'> (0x00000000ebf661f8) 
thrown [s\src\hotspot\share\interpreter\linkResolver.cpp, line 759]
Event: 6.093 Thread 0x00000220767c98b0 Exception <a 'java/lang/NoSuchMethodError'{0x00000000ebf7aaf0}: 'java.lang.Object java.lang.invoke.Invokers$Holder.invokeExact_MT(java.lang.Object, java.lang.Object, java.lang.Object, java.lang.Object)'> (0x00000000ebf7aaf0) 
thrown [s\src\hotspot\share\interpreter\linkResolver.cpp, line 759]
Event: 6.302 Thread 0x00000220767c98b0 Exception <a 'java/io/FileNotFoundException'{0x00000000ec1eb0c0}> (0x00000000ec1eb0c0) 
thrown [s\src\hotspot\share\prims\jni.cpp, line 516]
Event: 6.303 Thread 0x00000220767c98b0 Exception <a 'java/io/FileNotFoundException'{0x00000000ec1f19e8}> (0x00000000ec1f19e8) 
thrown [s\src\hotspot\share\prims\jni.cpp, line 516]
Event: 6.465 Thread 0x00000220767c98b0 Exception <a 'java/lang/NoSuchMethodError'{0x00000000eabd76f8}: 'java.lang.Object java.lang.invoke.DirectMethodHandle$Holder.newInvokeSpecial(java.lang.Object, java.lang.Object, java.lang.Object, java.lang.Object, java.lang.Object)'> (0x00000000eabd76f8) 
thrown [s\src\hotspot\share\interpreter\linkResolver.cpp, line 759]
Event: 7.625 Thread 0x00000220767c98b0 Exception <a 'java/lang/NoSuchMethodError'{0x00000000eaf516b0}: 'java.lang.Object java.lang.invoke.DirectMethodHandle$Holder.invokeSpecial(java.lang.Object, java.lang.Object, java.lang.Object, long, java.lang.Object)'> (0x00000000eaf516b0) 
thrown [s\src\hotspot\share\interpreter\linkResolver.cpp, line 759]
Event: 7.637 Thread 0x00000220767c98b0 Exception <a 'java/lang/NoSuchMethodError'{0x00000000eaf59868}: 'java.lang.Object java.lang.invoke.DirectMethodHandle$Holder.newInvokeSpecial(java.lang.Object, java.lang.Object, java.lang.Object, long)'> (0x00000000eaf59868) 
thrown [s\src\hotspot\share\interpreter\linkResolver.cpp, line 759]
Event: 7.640 Thread 0x00000220767c98b0 Exception <a 'java/lang/NoSuchMethodError'{0x00000000eaf5de08}: 'java.lang.Object java.lang.invoke.DirectMethodHandle$Holder.invokeSpecial(java.lang.Object, java.lang.Object, java.lang.Object, java.lang.Object, long)'> (0x00000000eaf5de08) 
thrown [s\src\hotspot\share\interpreter\linkResolver.cpp, line 759]
Event: 7.641 Thread 0x00000220767c98b0 Exception <a 'java/lang/NoSuchMethodError'{0x00000000eaf61c80}: 'java.lang.Object java.lang.invoke.Invokers$Holder.linkToTargetMethod(java.lang.Object, java.lang.Object, long, java.lang.Object)'> (0x00000000eaf61c80) 
thrown [s\src\hotspot\share\interpreter\linkResolver.cpp, line 759]
Event: 7.695 Thread 0x00000220767c98b0 Exception <a 'java/lang/NoSuchMethodError'{0x00000000eafbfc88}: 'int java.lang.invoke.DirectMethodHandle$Holder.invokeStaticInit(java.lang.Object, java.lang.Object, java.lang.Object)'> (0x00000000eafbfc88) 
thrown [s\src\hotspot\share\interpreter\linkResolver.cpp, line 759]
Event: 7.718 Thread 0x00000220767c98b0 Exception <a 'java/lang/IncompatibleClassChangeError'{0x00000000eb04bf88}: Found class java.lang.Object, but interface was expected> (0x00000000eb04bf88) 
thrown [s\src\hotspot\share\interpreter\linkResolver.cpp, line 826]
Event: 7.760 Thread 0x00000220767c98b0 Exception <a 'java/lang/NoSuchMethodError'{0x00000000eb062e98}: 'java.lang.Object java.lang.invoke.DirectMethodHandle$Holder.invokeSpecial(java.lang.Object, java.lang.Object, java.lang.Object, int, java.lang.Object, java.lang.Object)'> (0x00000000eb062e98) 
thrown [s\src\hotspot\share\interpreter\linkResolver.cpp, line 759]
Event: 7.762 Thread 0x00000220767c98b0 Exception <a 'java/lang/NoSuchMethodError'{0x00000000eb06b620}: 'java.lang.Object java.lang.invoke.DirectMethodHandle$Holder.newInvokeSpecial(java.lang.Object, java.lang.Object, java.lang.Object, int, java.lang.Object)'> (0x00000000eb06b620) 
thrown [s\src\hotspot\share\interpreter\linkResolver.cpp, line 759]
Event: 7.762 Thread 0x00000220767c98b0 Exception <a 'java/lang/NoSuchMethodError'{0x00000000eb06fa78}: 'java.lang.Object java.lang.invoke.DirectMethodHandle$Holder.invokeSpecial(java.lang.Object, java.lang.Object, java.lang.Object, java.lang.Object, int, java.lang.Object)'> (0x00000000eb06fa78) 
thrown [s\src\hotspot\share\interpreter\linkResolver.cpp, line 759]
Event: 7.767 Thread 0x0000022076be84a0 Exception <a 'java/lang/NoSuchMethodError'{0x00000000eafc9d50}: 'java.lang.Object java.lang.invoke.DirectMethodHandle$Holder.invokeSpecial(java.lang.Object, java.lang.Object, int, java.lang.Object, java.lang.Object)'> (0x00000000eafc9d50) 
thrown [s\src\hotspot\share\interpreter\linkResolver.cpp, line 759]
Event: 7.768 Thread 0x0000022076be84a0 Exception <a 'java/lang/NoSuchMethodError'{0x00000000eafd1420}: 'java.lang.Object java.lang.invoke.DirectMethodHandle$Holder.newInvokeSpecial(java.lang.Object, java.lang.Object, int, java.lang.Object)'> (0x00000000eafd1420) 
thrown [s\src\hotspot\share\interpreter\linkResolver.cpp, line 759]
Event: 7.768 Thread 0x0000022076be84a0 Exception <a 'java/lang/NoSuchMethodError'{0x00000000eafd4f30}: 'java.lang.Object java.lang.invoke.DirectMethodHandle$Holder.invokeSpecial(java.lang.Object, java.lang.Object, java.lang.Object, int, java.lang.Object)'> (0x00000000eafd4f30) 
thrown [s\src\hotspot\share\interpreter\linkResolver.cpp, line 759]

VM Operations (20 events):
Event: 3.687 Executing VM operation: Cleanup
Event: 3.687 Executing VM operation: Cleanup done
Event: 4.308 Executing VM operation: ParallelGCFailedAllocation
Event: 4.317 Executing VM operation: ParallelGCFailedAllocation done
Event: 5.332 Executing VM operation: Cleanup
Event: 5.332 Executing VM operation: Cleanup done
Event: 5.595 Executing VM operation: HandshakeAllThreads
Event: 5.595 Executing VM operation: HandshakeAllThreads done
Event: 6.076 Executing VM operation: HandshakeAllThreads
Event: 6.076 Executing VM operation: HandshakeAllThreads done
Event: 6.408 Executing VM operation: ParallelGCFailedAllocation
Event: 6.415 Executing VM operation: ParallelGCFailedAllocation done
Event: 7.415 Executing VM operation: Cleanup
Event: 7.415 Executing VM operation: Cleanup done
Event: 7.790 Executing VM operation: HandshakeAllThreads
Event: 7.790 Executing VM operation: HandshakeAllThreads done
Event: 7.793 Executing VM operation: CollectForMetadataAllocation
Event: 7.852 Executing VM operation: CollectForMetadataAllocation done
Event: 8.541 Executing VM operation: ParallelGCFailedAllocation
Event: 8.543 Executing VM operation: ParallelGCFailedAllocation done

Events (20 events):
Event: 8.036 loading class java/util/zip/GZIPInputStream done
Event: 8.037 loading class java/util/zip/GZIPOutputStream
Event: 8.037 loading class java/util/zip/GZIPOutputStream done
Event: 8.041 loading class java/net/SocketTimeoutException
Event: 8.041 loading class java/io/InterruptedIOException
Event: 8.041 loading class java/io/InterruptedIOException done
Event: 8.041 loading class java/net/SocketTimeoutException done
Event: 8.041 loading class java/net/SocketException
Event: 8.041 loading class java/net/SocketException done
Event: 8.041 loading class java/net/UnknownHostException
Event: 8.041 loading class java/net/UnknownHostException done
Event: 8.041 loading class java/net/ProtocolException
Event: 8.041 loading class java/net/ProtocolException done
Event: 8.050 Thread 0x0000022076be89b0 Thread added: 0x0000022076be89b0
Event: 8.075 loading class java/lang/ThreadLocal$SuppliedThreadLocal
Event: 8.075 loading class java/lang/ThreadLocal$SuppliedThreadLocal done
Event: 8.354 loading class java/io/FileWriter
Event: 8.354 loading class java/io/FileWriter done
Event: 8.362 loading class java/lang/NegativeArraySizeException
Event: 8.362 loading class java/lang/NegativeArraySizeException done


Dynamic libraries:
0x00007ff6cb0e0000 - 0x00007ff6cb0ee000 	c:\Users\HP\.vscode\extensions\redhat.java-1.28.1-win32-x64\jre\17.0.10-win32-x86_64\bin\java.exe
0x00007ffef2f50000 - 0x00007ffef3167000 	C:\WINDOWS\SYSTEM32\ntdll.dll
0x00007ffef1ba0000 - 0x00007ffef1c64000 	C:\WINDOWS\System32\KERNEL32.DLL
0x00007ffef08f0000 - 0x00007ffef0c96000 	C:\WINDOWS\System32\KERNELBASE.dll
0x00007ffef03b0000 - 0x00007ffef04c1000 	C:\WINDOWS\System32\ucrtbase.dll
0x00007ffed2140000 - 0x00007ffed215b000 	c:\Users\HP\.vscode\extensions\redhat.java-1.28.1-win32-x64\jre\17.0.10-win32-x86_64\bin\VCRUNTIME140.dll
0x00007ffed4780000 - 0x00007ffed4797000 	c:\Users\HP\.vscode\extensions\redhat.java-1.28.1-win32-x64\jre\17.0.10-win32-x86_64\bin\jli.dll
0x00007ffef1c70000 - 0x00007ffef1e1e000 	C:\WINDOWS\System32\USER32.dll
0x00007ffef08c0000 - 0x00007ffef08e6000 	C:\WINDOWS\System32\win32u.dll
0x00007ffef0cc0000 - 0x00007ffef0ce9000 	C:\WINDOWS\System32\GDI32.dll
0x00007ffef0590000 - 0x00007ffef06a8000 	C:\WINDOWS\System32\gdi32full.dll
0x00007ffed8820000 - 0x00007ffed8ab3000 	C:\WINDOWS\WinSxS\amd64_microsoft.windows.common-controls_6595b64144ccf1df_6.0.22621.2506_none_270c5ae97388e100\COMCTL32.dll
0x00007ffef0820000 - 0x00007ffef08ba000 	C:\WINDOWS\System32\msvcp_win.dll
0x00007ffef2ac0000 - 0x00007ffef2b67000 	C:\WINDOWS\System32\msvcrt.dll
0x00007ffef2230000 - 0x00007ffef2261000 	C:\WINDOWS\System32\IMM32.DLL
0x00007ffedd8c0000 - 0x00007ffedd8cc000 	c:\Users\HP\.vscode\extensions\redhat.java-1.28.1-win32-x64\jre\17.0.10-win32-x86_64\bin\vcruntime140_1.dll
0x00007ffeb5ad0000 - 0x00007ffeb5b5d000 	c:\Users\HP\.vscode\extensions\redhat.java-1.28.1-win32-x64\jre\17.0.10-win32-x86_64\bin\msvcp140.dll
0x00007ffe9b090000 - 0x00007ffe9bcf2000 	c:\Users\HP\.vscode\extensions\redhat.java-1.28.1-win32-x64\jre\17.0.10-win32-x86_64\bin\server\jvm.dll
0x00007ffef2510000 - 0x00007ffef25c3000 	C:\WINDOWS\System32\ADVAPI32.dll
0x00007ffef1630000 - 0x00007ffef16d8000 	C:\WINDOWS\System32\sechost.dll
0x00007ffef0380000 - 0x00007ffef03a8000 	C:\WINDOWS\System32\bcrypt.dll
0x00007ffef1880000 - 0x00007ffef1997000 	C:\WINDOWS\System32\RPCRT4.dll
0x00007ffeef0e0000 - 0x00007ffeef12d000 	C:\WINDOWS\SYSTEM32\POWRPROF.dll
0x00007ffee7950000 - 0x00007ffee7984000 	C:\WINDOWS\SYSTEM32\WINMM.dll
0x00007ffecb770000 - 0x00007ffecb779000 	C:\WINDOWS\SYSTEM32\WSOCK32.dll
0x00007ffef1aa0000 - 0x00007ffef1b11000 	C:\WINDOWS\System32\WS2_32.dll
0x00007ffee6f30000 - 0x00007ffee6f3a000 	C:\WINDOWS\SYSTEM32\VERSION.dll
0x00007ffeef0c0000 - 0x00007ffeef0d3000 	C:\WINDOWS\SYSTEM32\UMPDC.dll
0x00007ffeef320000 - 0x00007ffeef338000 	C:\WINDOWS\SYSTEM32\kernel.appcore.dll
0x00007ffed80b0000 - 0x00007ffed80ba000 	c:\Users\HP\.vscode\extensions\redhat.java-1.28.1-win32-x64\jre\17.0.10-win32-x86_64\bin\jimage.dll
0x00007ffeedc90000 - 0x00007ffeedec3000 	C:\WINDOWS\SYSTEM32\DBGHELP.DLL
0x00007ffef2b80000 - 0x00007ffef2f09000 	C:\WINDOWS\System32\combase.dll
0x00007ffef0cf0000 - 0x00007ffef0dc7000 	C:\WINDOWS\System32\OLEAUT32.dll
0x00007ffeccca0000 - 0x00007ffecccd2000 	C:\WINDOWS\SYSTEM32\dbgcore.DLL
0x00007ffef0300000 - 0x00007ffef037a000 	C:\WINDOWS\System32\bcryptPrimitives.dll
0x00007ffee79c0000 - 0x00007ffee79ce000 	c:\Users\HP\.vscode\extensions\redhat.java-1.28.1-win32-x64\jre\17.0.10-win32-x86_64\bin\instrument.dll
0x00007ffebb180000 - 0x00007ffebb1a5000 	c:\Users\HP\.vscode\extensions\redhat.java-1.28.1-win32-x64\jre\17.0.10-win32-x86_64\bin\java.dll
0x00007ffecff30000 - 0x00007ffecff48000 	c:\Users\HP\.vscode\extensions\redhat.java-1.28.1-win32-x64\jre\17.0.10-win32-x86_64\bin\zip.dll
0x00007ffef0dd0000 - 0x00007ffef162b000 	C:\WINDOWS\System32\SHELL32.dll
0x00007ffeee1b0000 - 0x00007ffeeeaa6000 	C:\WINDOWS\SYSTEM32\windows.storage.dll
0x00007ffeedf60000 - 0x00007ffeee09e000 	C:\WINDOWS\SYSTEM32\wintypes.dll
0x00007ffef19a0000 - 0x00007ffef1a93000 	C:\WINDOWS\System32\SHCORE.dll
0x00007ffef1e20000 - 0x00007ffef1e7e000 	C:\WINDOWS\System32\shlwapi.dll
0x00007ffef01c0000 - 0x00007ffef01e6000 	C:\WINDOWS\SYSTEM32\profapi.dll
0x00007ffecfac0000 - 0x00007ffecfad9000 	C:\Users\HP\.vscode\extensions\redhat.java-1.28.1-win32-x64\jre\17.0.10-win32-x86_64\bin\net.dll
0x00007ffee6f90000 - 0x00007ffee70c7000 	C:\WINDOWS\SYSTEM32\WINHTTP.dll
0x00007ffeef800000 - 0x00007ffeef869000 	C:\WINDOWS\system32\mswsock.dll
0x00007ffecf840000 - 0x00007ffecf856000 	C:\Users\HP\.vscode\extensions\redhat.java-1.28.1-win32-x64\jre\17.0.10-win32-x86_64\bin\nio.dll
0x00007ffeeb750000 - 0x00007ffeeb760000 	c:\Users\HP\.vscode\extensions\redhat.java-1.28.1-win32-x64\jre\17.0.10-win32-x86_64\bin\verify.dll
0x00007ffedd660000 - 0x00007ffedd69e000 	C:\Users\HP\AppData\Roaming\Code\User\globalStorage\redhat.java\1.28.1\config_ss_win\org.eclipse.equinox.launcher\org.eclipse.equinox.launcher.win32.win32.x86_64_1.2.900.v20240129-1338\eclipse_11900.dll
0x00007ffef16e0000 - 0x00007ffef1880000 	C:\WINDOWS\System32\ole32.dll

dbghelp: loaded successfully - version: 4.0.5 - missing functions: none
symbol engine: initialized successfully - sym options: 0x614 - pdb path: .;c:\Users\HP\.vscode\extensions\redhat.java-1.28.1-win32-x64\jre\17.0.10-win32-x86_64\bin;C:\WINDOWS\SYSTEM32;C:\WINDOWS\WinSxS\amd64_microsoft.windows.common-controls_6595b64144ccf1df_6.0.22621.2506_none_270c5ae97388e100;c:\Users\HP\.vscode\extensions\redhat.java-1.28.1-win32-x64\jre\17.0.10-win32-x86_64\bin\server;C:\Users\HP\AppData\Roaming\Code\User\globalStorage\redhat.java\1.28.1\config_ss_win\org.eclipse.equinox.launcher\org.eclipse.equinox.launcher.win32.win32.x86_64_1.2.900.v20240129-1338

VM Arguments:
jvm_args: --add-modules=ALL-SYSTEM --add-opens=java.base/java.util=ALL-UNNAMED --add-opens=java.base/java.lang=ALL-UNNAMED --add-opens=java.base/sun.nio.fs=ALL-UNNAMED -Declipse.application=org.eclipse.jdt.ls.core.id1 -Dosgi.bundles.defaultStartLevel=4 -Declipse.product=org.eclipse.jdt.ls.core.product -Djava.import.generatesMetadataFilesAtProjectRoot=false -DDetectVMInstallationsJob.disabled=true -Dfile.encoding=utf8 -XX:+UseParallelGC -XX:GCTimeRatio=4 -XX:AdaptiveSizePolicyWeight=90 -Dsun.zip.disableMemoryMapping=true -Xmx1G -Xms100m -Xlog:disable -javaagent:c:\Users\HP\.vscode\extensions\redhat.java-1.28.1-win32-x64\lombok\lombok-1.18.31.jar 
java_command: c:\Users\HP\.vscode\extensions\redhat.java-1.28.1-win32-x64\server\plugins\org.eclipse.equinox.launcher_1.6.700.v20231214-2017.jar -configuration c:\Users\HP\AppData\Roaming\Code\User\globalStorage\redhat.java\1.28.1\config_ss_win -data c:\Users\HP\AppData\Roaming\Code\User\workspaceStorage\0d828789c167c72f6f5361a28a300af2\redhat.java\ss_ws --stdio
java_class_path (initial): c:\Users\HP\.vscode\extensions\redhat.java-1.28.1-win32-x64\server\plugins\org.eclipse.equinox.launcher_1.6.700.v20231214-2017.jar
Launcher Type: SUN_STANDARD

[Global flags]
    uintx AdaptiveSizePolicyWeight                 = 90                                        {product} {command line}
     intx CICompilerCount                          = 3                                         {product} {ergonomic}
    uintx GCTimeRatio                              = 4                                         {product} {command line}
   size_t InitialHeapSize                          = 104857600                                 {product} {command line}
   size_t MaxHeapSize                              = 1073741824                                {product} {command line}
   size_t MaxNewSize                               = 357564416                                 {product} {ergonomic}
   size_t MinHeapDeltaBytes                        = 524288                                    {product} {ergonomic}
   size_t MinHeapSize                              = 104857600                                 {product} {command line}
   size_t NewSize                                  = 34603008                                  {product} {ergonomic}
    uintx NonNMethodCodeHeapSize                   = 5832780                                {pd product} {ergonomic}
    uintx NonProfiledCodeHeapSize                  = 122912730                              {pd product} {ergonomic}
   size_t OldSize                                  = 70254592                                  {product} {ergonomic}
    uintx ProfiledCodeHeapSize                     = 122912730                              {pd product} {ergonomic}
    uintx ReservedCodeCacheSize                    = 251658240                              {pd product} {ergonomic}
     bool SegmentedCodeCache                       = true                                      {product} {ergonomic}
   size_t SoftMaxHeapSize                          = 1073741824                             {manageable} {ergonomic}
     bool UseCompressedClassPointers               = true                           {product lp64_product} {ergonomic}
     bool UseCompressedOops                        = true                           {product lp64_product} {ergonomic}
     bool UseLargePagesIndividualAllocation        = false                                  {pd product} {ergonomic}
     bool UseParallelGC                            = true                                      {product} {command line}

Logging:
Log output configuration:
 #0: stdout all=off uptime,level,tags
 #1: stderr all=off uptime,level,tags

Environment Variables:
JAVA_HOME=D:\APAP JAVA\Java\jdk-17
PATH=C:\Python312\Scripts\;C:\Python312\;C:\Program Files\Common Files\Oracle\Java\javapath;C:\Program Files (x86)\Common Files\Oracle\Java\javapath;C:\WINDOWS\system32;C:\WINDOWS;C:\WINDOWS\System32\Wbem;C:\WINDOWS\System32\WindowsPowerShell\v1.0\;C:\WINDOWS\System32\OpenSSH\;C:\Users\Ron\AppData\Local\Programs\Python\Python39;C:\Users\Ron\AppData\Local\Programs\Python\Python39\Scripts;C:\Users\HP\AppData\Local\Programs\Python\Python310\;C:\Users\HP\AppData\Local\Programs\Python\Python310\\Scripts;D:\PuTTY\;D:\Git\cmd;C:\Program Files\Docker\Docker\resources\bin;D:\APAP JAVA\Java\jdk-17\bin;D:\NODE JS\;C:\ProgramData\chocolatey\bin;C:\Users\HP\AppData\Local\Programs\Python\Python310\Scripts\;C:\Users\HP\AppData\Local\Programs\Python\Python310\;C:\Users\Ron\AppData\Local\Programs\Python\Python39;C:\Users\Ron\AppData\Local\Programs\Python\Python39\Scripts;C:\Users\HP\AppData\Local\Programs\Microsoft VS Code\bin;C:\Users\HP\Documents\COOLYEAH\Semester 3\PBP\FLUTTER\bin;C:\Users\HP\Documents\COOLYEAH\Semester 3\PBP\FLUTTER\flutter\bin;C:\Users\HP\AppData\Local\Microsoft\WindowsApps;D:\FLUTTER\bin;C:\Users\HP\AppData\Roaming\npm
USERNAME=HP
OS=Windows_NT
PROCESSOR_IDENTIFIER=Intel64 Family 6 Model 142 Stepping 12, GenuineIntel
TMP=C:\Users\HP\AppData\Local\Temp
TEMP=C:\Users\HP\AppData\Local\Temp



Periodic native trim disabled


---------------  S Y S T E M  ---------------

OS:
 Windows 11 , 64 bit Build 22621 (10.0.22621.3085)
OS uptime: 0 days 15:09 hours
Hyper-V role detected

CPU: total 4 (initial active 4) (2 cores per cpu, 2 threads per core) family 6 model 142 stepping 12 microcode 0xec, cx8, cmov, fxsr, ht, mmx, 3dnowpref, sse, sse2, sse3, ssse3, sse4.1, sse4.2, popcnt, lzcnt, tsc, tscinvbit, avx, avx2, aes, erms, clmul, bmi1, bmi2, adx, fma, vzeroupper, clflush, clflushopt, hv
Processor Information for all 4 processors :
  Max Mhz: 2592, Current Mhz: 2093, Mhz Limit: 2073

Memory: 4k page, system-wide physical 3919M (116M free)
TotalPageFile size 15695M (AvailPageFile size 3M)
current process WorkingSet (physical memory assigned to process): 119M, peak: 119M
current process commit charge ("private bytes"): 216M, peak: 216M

vm_info: OpenJDK 64-Bit Server VM (17.0.10+7) for windows-amd64 JRE (17.0.10+7), built on Jan 16 2024 23:25:11 by "admin" with MS VC++ 16.10 / 16.11 (VS2019)

END.
