#
# There is insufficient memory for the Java Runtime Environment to continue.
# Native memory allocation (malloc) failed to allocate 1149296 bytes for Chunk::new
# Possible reasons:
#   The system is out of physical RAM or swap space
#   The process is running with CompressedOops enabled, and the Java Heap may be blocking the growth of the native heap
# Possible solutions:
#   Reduce memory load on the system
#   Increase physical memory or swap space
#   Check if swap backing store is full
#   Decrease Java heap size (-Xmx/-Xms)
#   Decrease number of Java threads
#   Decrease Java thread stack sizes (-Xss)
#   Set larger code cache with -XX:ReservedCodeCacheSize=
#   JVM is running with Unscaled Compressed Oops mode in which the Java heap is
#     placed in the first 4GB address space. The Java Heap base address is the
#     maximum limit for the native heap growth. Please use -XX:HeapBaseMinAddress
#     to set the Java Heap base and to place the Java Heap above 4GB virtual address.
# This output file may be truncated or incomplete.
#
#  Out of Memory Error (arena.cpp:191), pid=9356, tid=27364
#
# JRE version: OpenJDK Runtime Environment Temurin-17.0.10+7 (17.0.10+7) (build 17.0.10+7)
# Java VM: OpenJDK 64-Bit Server VM Temurin-17.0.10+7 (17.0.10+7, mixed mode, tiered, compressed oops, compressed class ptrs, parallel gc, windows-amd64)
# No core dump will be written. Minidumps are not enabled by default on client versions of Windows
#

---------------  S U M M A R Y ------------

Command Line: --add-modules=ALL-SYSTEM --add-opens=java.base/java.util=ALL-UNNAMED --add-opens=java.base/java.lang=ALL-UNNAMED --add-opens=java.base/sun.nio.fs=ALL-UNNAMED -Declipse.application=org.eclipse.jdt.ls.core.id1 -Dosgi.bundles.defaultStartLevel=4 -Declipse.product=org.eclipse.jdt.ls.core.product -Djava.import.generatesMetadataFilesAtProjectRoot=false -DDetectVMInstallationsJob.disabled=true -Dfile.encoding=utf8 -XX:+UseParallelGC -XX:GCTimeRatio=4 -XX:AdaptiveSizePolicyWeight=90 -Dsun.zip.disableMemoryMapping=true -Xmx1G -Xms100m -Xlog:disable -javaagent:c:\Users\HP\.vscode\extensions\redhat.java-1.29.0-win32-x64\lombok\lombok-1.18.32.jar -XX:+HeapDumpOnOutOfMemoryError -XX:HeapDumpPath=c:\Users\HP\AppData\Roaming\Code\User\workspaceStorage\0d828789c167c72f6f5361a28a300af2\redhat.java -Daether.dependencyCollector.impl=bf c:\Users\HP\.vscode\extensions\redhat.java-1.29.0-win32-x64\server\plugins\org.eclipse.equinox.launcher_1.6.800.v20240304-1850.jar -configuration c:\Users\HP\AppData\Roaming\Code\User\globalStorage\redhat.java\1.29.0\config_win -data c:\Users\HP\AppData\Roaming\Code\User\workspaceStorage\0d828789c167c72f6f5361a28a300af2\redhat.java\jdt_ws --stdio

Host: Intel(R) Core(TM) i3-10110U CPU @ 2.10GHz, 4 cores, 3G,  Windows 11 , 64 bit Build 22621 (10.0.22621.3374)
Time: Sat Apr 20 14:58:01 2024 SE Asia Standard Time elapsed time: 218.338385 seconds (0d 0h 3m 38s)

---------------  T H R E A D  ---------------

Current thread (0x000001a92a88f4e0):  JavaThread "C2 CompilerThread0" daemon [_thread_in_native, id=27364, stack(0x000000897d300000,0x000000897d400000)]


Current CompileTask:
C2: 218338 7509       4       java.lang.invoke.MethodType::makeImpl (109 bytes)

Stack: [0x000000897d300000,0x000000897d400000]
Native frames: (J=compiled Java code, j=interpreted, Vv=VM code, C=native code)
V  [jvm.dll+0x67d2c9]
V  [jvm.dll+0x834afa]
V  [jvm.dll+0x8365be]
V  [jvm.dll+0x836c23]
V  [jvm.dll+0x2477ff]
V  [jvm.dll+0xac514]
V  [jvm.dll+0xacb5c]
V  [jvm.dll+0x366782]
V  [jvm.dll+0x330bfa]
V  [jvm.dll+0x33009a]
V  [jvm.dll+0x219ef1]
V  [jvm.dll+0x219311]
V  [jvm.dll+0x1a502d]
V  [jvm.dll+0x2290de]
V  [jvm.dll+0x2272ac]
V  [jvm.dll+0x7e9bb7]
V  [jvm.dll+0x7e3fba]
V  [jvm.dll+0x67c1b5]
C  [ucrtbase.dll+0x29333]
C  [KERNEL32.DLL+0x1257d]
C  [ntdll.dll+0x5aa48]


---------------  P R O C E S S  ---------------

Threads class SMR info:
_java_thread_list=0x000001a93304fec0, length=33, elements={
0x000001a914aff170, 0x000001a92a85e370, 0x000001a92a85fe50, 0x000001a92a88c670,
0x000001a92a88d140, 0x000001a92a88dc10, 0x000001a92a88e6e0, 0x000001a92a88f4e0,
0x000001a92faf5010, 0x000001a92faf9cf0, 0x000001a914b5f950, 0x000001a92feaeab0,
0x000001a930654b90, 0x000001a9305928d0, 0x000001a930311320, 0x000001a9308130c0,
0x000001a92fe05a10, 0x000001a930c798d0, 0x000001a930c78eb0, 0x000001a930c793c0,
0x000001a930c7a2f0, 0x000001a930c7b730, 0x000001a930c7ad10, 0x000001a930c7c150,
0x000001a9316cde10, 0x000001a9316cbfb0, 0x000001a9316cd3f0, 0x000001a9316ce320,
0x000001a9316ce830, 0x000001a9316cd900, 0x000001a9316cb080, 0x000001a9316cc9d0,
0x000001a9316cb590
}

Java Threads: ( => current thread )
  0x000001a914aff170 JavaThread "main" [_thread_blocked, id=30188, stack(0x000000897c900000,0x000000897ca00000)]
  0x000001a92a85e370 JavaThread "Reference Handler" daemon [_thread_blocked, id=29724, stack(0x000000897cd00000,0x000000897ce00000)]
  0x000001a92a85fe50 JavaThread "Finalizer" daemon [_thread_blocked, id=24212, stack(0x000000897ce00000,0x000000897cf00000)]
  0x000001a92a88c670 JavaThread "Signal Dispatcher" daemon [_thread_blocked, id=23596, stack(0x000000897cf00000,0x000000897d000000)]
  0x000001a92a88d140 JavaThread "Attach Listener" daemon [_thread_blocked, id=24104, stack(0x000000897d000000,0x000000897d100000)]
  0x000001a92a88dc10 JavaThread "Service Thread" daemon [_thread_blocked, id=22784, stack(0x000000897d100000,0x000000897d200000)]
  0x000001a92a88e6e0 JavaThread "Monitor Deflation Thread" daemon [_thread_blocked, id=28968, stack(0x000000897d200000,0x000000897d300000)]
=>0x000001a92a88f4e0 JavaThread "C2 CompilerThread0" daemon [_thread_in_native, id=27364, stack(0x000000897d300000,0x000000897d400000)]
  0x000001a92faf5010 JavaThread "C1 CompilerThread0" daemon [_thread_blocked, id=22396, stack(0x000000897d400000,0x000000897d500000)]
  0x000001a92faf9cf0 JavaThread "Sweeper thread" daemon [_thread_blocked, id=4812, stack(0x000000897d500000,0x000000897d600000)]
  0x000001a914b5f950 JavaThread "Common-Cleaner" daemon [_thread_blocked, id=6676, stack(0x000000897d600000,0x000000897d700000)]
  0x000001a92feaeab0 JavaThread "Notification Thread" daemon [_thread_blocked, id=29844, stack(0x000000897d700000,0x000000897d800000)]
  0x000001a930654b90 JavaThread "Active Thread: Equinox Container: 087d1ce8-7738-4b9d-847e-bf26e6ef6ef8" [_thread_blocked, id=8652, stack(0x000000897dc00000,0x000000897dd00000)]
  0x000001a9305928d0 JavaThread "Framework Event Dispatcher: Equinox Container: 087d1ce8-7738-4b9d-847e-bf26e6ef6ef8" daemon [_thread_blocked, id=24872, stack(0x000000897dd00000,0x000000897de00000)]
  0x000001a930311320 JavaThread "Start Level: Equinox Container: 087d1ce8-7738-4b9d-847e-bf26e6ef6ef8" daemon [_thread_blocked, id=14356, stack(0x000000897de00000,0x000000897df00000)]
  0x000001a9308130c0 JavaThread "Bundle File Closer" daemon [_thread_blocked, id=16816, stack(0x000000897df00000,0x000000897e000000)]
  0x000001a92fe05a10 JavaThread "SCR Component Actor" daemon [_thread_blocked, id=14344, stack(0x000000897e000000,0x000000897e100000)]
  0x000001a930c798d0 JavaThread "Worker-JM" [_thread_blocked, id=9988, stack(0x000000897e200000,0x000000897e300000)]
  0x000001a930c78eb0 JavaThread "Worker-0" [_thread_blocked, id=17172, stack(0x000000897e300000,0x000000897e400000)]
  0x000001a930c793c0 JavaThread "Worker-2" [_thread_blocked, id=27340, stack(0x000000897e500000,0x000000897e600000)]
  0x000001a930c7a2f0 JavaThread "Worker-3: Java indexing... " [_thread_blocked, id=19896, stack(0x000000897e600000,0x000000897e700000)]
  0x000001a930c7b730 JavaThread "Worker-4" [_thread_blocked, id=28504, stack(0x000000897e700000,0x000000897e800000)]
  0x000001a930c7ad10 JavaThread "Java indexing" daemon [_thread_in_Java, id=20444, stack(0x000000897e800000,0x000000897e900000)]
  0x000001a930c7c150 JavaThread "JNA Cleaner" daemon [_thread_blocked, id=17400, stack(0x000000897ea00000,0x000000897eb00000)]
  0x000001a9316cde10 JavaThread "pool-2-thread-1" [_thread_blocked, id=19724, stack(0x000000897e100000,0x000000897e200000)]
  0x000001a9316cbfb0 JavaThread "WorkspaceEventsHandler" [_thread_blocked, id=26720, stack(0x000000897eb00000,0x000000897ec00000)]
  0x000001a9316cd3f0 JavaThread "pool-1-thread-1" [_thread_in_native, id=23476, stack(0x000000897ec00000,0x000000897ed00000)]
  0x000001a9316ce320 JavaThread "pool-3-thread-1" [_thread_in_native, id=18744, stack(0x000000897ed00000,0x000000897ee00000)]
  0x000001a9316ce830 JavaThread "Worker-6" [_thread_in_vm, id=22200, stack(0x000000897c800000,0x000000897c900000)]
  0x000001a9316cd900 JavaThread "Worker-7" [_thread_blocked, id=7804, stack(0x000000897ca00000,0x000000897cb00000)]
  0x000001a9316cb080 JavaThread "ForkJoinPool.commonPool-worker-1" daemon [_thread_blocked, id=26444, stack(0x000000897e400000,0x000000897e500000)]
  0x000001a9316cc9d0 JavaThread "ForkJoinPool.commonPool-worker-2" daemon [_thread_blocked, id=22184, stack(0x000000897e900000,0x000000897ea00000)]
  0x000001a9316cb590 JavaThread "ForkJoinPool.commonPool-worker-3" daemon [_thread_blocked, id=22012, stack(0x000000897ee00000,0x000000897ef00000)]

Other Threads:
  0x000001a92a8488b0 VMThread "VM Thread" [stack: 0x000000897cc00000,0x000000897cd00000] [id=29792]
  0x000001a92fec02b0 WatcherThread [stack: 0x000000897d800000,0x000000897d900000] [id=18524]
  0x000001a914b148e0 GCTaskThread "GC Thread#0" [stack: 0x000000897cb00000,0x000000897cc00000] [id=22940]
  0x000001a93035e3d0 GCTaskThread "GC Thread#1" [stack: 0x000000897d900000,0x000000897da00000] [id=21336]
  0x000001a930340680 GCTaskThread "GC Thread#2" [stack: 0x000000897da00000,0x000000897db00000] [id=1488]
  0x000001a930340940 GCTaskThread "GC Thread#3" [stack: 0x000000897db00000,0x000000897dc00000] [id=15260]

Threads with active compile tasks:
C2 CompilerThread0   218398 7509       4       java.lang.invoke.MethodType::makeImpl (109 bytes)

VM state: not at safepoint (normal execution)

VM Mutex/Monitor currently owned by a thread: None

Heap address: 0x00000000c0000000, size: 1024 MB, Compressed Oops mode: 32-bit

CDS archive(s) not mapped
Compressed class space mapped at: 0x0000000100000000-0x0000000140000000, reserved size: 1073741824
Narrow klass base: 0x0000000000000000, Narrow klass shift: 3, Narrow klass range: 0x140000000

GC Precious Log:
 CPUs: 4 total, 4 available
 Memory: 3919M
 Large Page Support: Disabled
 NUMA Support: Disabled
 Compressed Oops: Enabled (32-bit)
 Alignments: Space 512K, Generation 512K, Heap 2M
 Heap Min Capacity: 100M
 Heap Initial Capacity: 100M
 Heap Max Capacity: 1G
 Pre-touch: Disabled
 Parallel Workers: 4

Heap:
 PSYoungGen      total 17920K, used 14412K [0x00000000eab00000, 0x00000000ec400000, 0x0000000100000000)
  eden space 11264K, 68% used [0x00000000eab00000,0x00000000eb295488,0x00000000eb600000)
  from space 6656K, 99% used [0x00000000eb700000,0x00000000ebd7dc38,0x00000000ebd80000)
  to   space 6144K, 0% used [0x00000000ebe00000,0x00000000ebe00000,0x00000000ec400000)
 ParOldGen       total 699392K, used 189061K [0x00000000c0000000, 0x00000000eab00000, 0x00000000eab00000)
  object space 699392K, 27% used [0x00000000c0000000,0x00000000cb8a1530,0x00000000eab00000)
 Metaspace       used 57703K, committed 58752K, reserved 1114112K
  class space    used 6168K, committed 6656K, reserved 1048576K

Card table byte_map: [0x000001a928120000,0x000001a928330000] _byte_map_base: 0x000001a927b20000

Marking Bits: (ParMarkBitMap*) 0x00007ffa2e5ed7d0
 Begin Bits: [0x000001a928490000, 0x000001a929490000)
 End Bits:   [0x000001a929490000, 0x000001a92a490000)

Polling page: 0x000001a914970000

Metaspace:

Usage:
  Non-class:     50.33 MB used.
      Class:      6.02 MB used.
       Both:     56.35 MB used.

Virtual space:
  Non-class space:       64.00 MB reserved,      50.88 MB ( 79%) committed,  1 nodes.
      Class space:        1.00 GB reserved,       6.50 MB ( <1%) committed,  1 nodes.
             Both:        1.06 GB reserved,      57.38 MB (  5%) committed. 

Chunk freelists:
   Non-Class:  12.51 MB
       Class:  9.39 MB
        Both:  21.90 MB

MaxMetaspaceSize: unlimited
CompressedClassSpaceSize: 1.00 GB
Initial GC threshold: 21.00 MB
Current GC threshold: 90.75 MB
CDS: off
MetaspaceReclaimPolicy: balanced
 - commit_granule_bytes: 65536.
 - commit_granule_words: 8192.
 - virtual_space_node_default_size: 8388608.
 - enlarge_chunks_in_place: 1.
 - new_chunks_are_fully_committed: 0.
 - uncommit_free_chunks: 1.
 - use_allocation_guard: 0.
 - handle_deallocations: 1.


Internal statistics:

num_allocs_failed_limit: 6.
num_arena_births: 616.
num_arena_deaths: 14.
num_vsnodes_births: 2.
num_vsnodes_deaths: 0.
num_space_committed: 918.
num_space_uncommitted: 0.
num_chunks_returned_to_freelist: 20.
num_chunks_taken_from_freelist: 2830.
num_chunk_merges: 8.
num_chunk_splits: 1779.
num_chunks_enlarged: 1110.
num_inconsistent_stats: 0.

CodeHeap 'non-profiled nmethods': size=120000Kb used=4457Kb max_used=5086Kb free=115542Kb
 bounds [0x000001a920a10000, 0x000001a920f10000, 0x000001a927f40000]
CodeHeap 'profiled nmethods': size=120000Kb used=12190Kb max_used=13740Kb free=107809Kb
 bounds [0x000001a918f40000, 0x000001a919cb0000, 0x000001a920470000]
CodeHeap 'non-nmethods': size=5760Kb used=1317Kb max_used=1394Kb free=4442Kb
 bounds [0x000001a920470000, 0x000001a9206e0000, 0x000001a920a10000]
 total_blobs=6784 nmethods=6125 adapters=571
 compilation: enabled
              stopped_count=0, restarted_count=0
 full_count=0

Compilation events (20 events):
Event: 218.184 Thread 0x000001a92faf5010 nmethod 7500 0x000001a919acf310 code [0x000001a919acf740, 0x000001a919ad2d78]
Event: 218.184 Thread 0x000001a92faf5010 7504       3       org.eclipse.core.internal.dtree.DeltaDataTree::getData (135 bytes)
Event: 218.185 Thread 0x000001a92faf5010 nmethod 7504 0x000001a91951d690 code [0x000001a91951d940, 0x000001a91951e828]
Event: 218.185 Thread 0x000001a92faf5010 7501       3       org.eclipse.core.internal.dtree.NodeComparison::isUnchanged (11 bytes)
Event: 218.185 Thread 0x000001a92faf5010 nmethod 7501 0x000001a9194ae490 code [0x000001a9194ae620, 0x000001a9194ae798]
Event: 218.185 Thread 0x000001a92faf5010 7503       1       org.eclipse.core.internal.dtree.DeltaDataTree::getParent (5 bytes)
Event: 218.185 Thread 0x000001a92faf5010 nmethod 7503 0x000001a920a76d10 code [0x000001a920a76ea0, 0x000001a920a76f78]
Event: 218.185 Thread 0x000001a92faf5010 7502       3       com.google.gson.stream.JsonWriter::open (19 bytes)
Event: 218.185 Thread 0x000001a92faf5010 nmethod 7502 0x000001a919273b10 code [0x000001a919273cc0, 0x000001a919273f28]
Event: 218.188 Thread 0x000001a92faf5010 7505       1       sun.util.calendar.CalendarDate::setLeapYear (6 bytes)
Event: 218.188 Thread 0x000001a92faf5010 nmethod 7505 0x000001a920a76a10 code [0x000001a920a76ba0, 0x000001a920a76c78]
Event: 218.190 Thread 0x000001a92faf5010 7506       1       org.eclipse.osgi.internal.log.ExtendedLogEntryImpl::getContext (5 bytes)
Event: 218.191 Thread 0x000001a92faf5010 nmethod 7506 0x000001a920a76710 code [0x000001a920a768a0, 0x000001a920a76978]
Event: 218.192 Thread 0x000001a92faf5010 7507       3       org.eclipse.core.internal.dtree.DeltaDataTree::getChildren (59 bytes)
Event: 218.192 Thread 0x000001a92faf5010 nmethod 7507 0x000001a919198a10 code [0x000001a919198c00, 0x000001a919199138]
Event: 218.203 Thread 0x000001a92a88f4e0 7508   !   4       jdk.internal.ref.PhantomCleanable::insert (53 bytes)
Event: 218.204 Thread 0x000001a92a88f4e0 nmethod 7508 0x000001a920a76190 code [0x000001a920a76300, 0x000001a920a76558]
Event: 218.204 Thread 0x000001a92a88f4e0 7509       4       java.lang.invoke.MethodType::makeImpl (109 bytes)
Event: 218.204 Thread 0x000001a92faf5010 7510       3       java.util.concurrent.atomic.AtomicLong::updateAndGet (59 bytes)
Event: 218.205 Thread 0x000001a92faf5010 nmethod 7510 0x000001a91923c490 code [0x000001a91923c680, 0x000001a91923cb98]

GC Heap History (20 events):
Event: 215.554 GC heap before
{Heap before GC invocations=1419 (full 1285):
 PSYoungGen      total 11776K, used 11755K [0x00000000eab00000, 0x00000000ebf00000, 0x0000000100000000)
  eden space 7680K, 99% used [0x00000000eab00000,0x00000000eb27f1e0,0x00000000eb280000)
  from space 4096K, 99% used [0x00000000eb280000,0x00000000eb67ba38,0x00000000eb680000)
  to   space 6144K, 0% used [0x00000000eb900000,0x00000000eb900000,0x00000000ebf00000)
 ParOldGen       total 699392K, used 171796K [0x00000000c0000000, 0x00000000eab00000, 0x00000000eab00000)
  object space 699392K, 24% used [0x00000000c0000000,0x00000000ca7c5170,0x00000000eab00000)
 Metaspace       used 57132K, committed 58240K, reserved 1114112K
  class space    used 6101K, committed 6592K, reserved 1048576K
}
Event: 215.562 GC heap after
{Heap after GC invocations=1419 (full 1285):
 PSYoungGen      total 12800K, used 4148K [0x00000000eab00000, 0x00000000ebd80000, 0x0000000100000000)
  eden space 8192K, 0% used [0x00000000eab00000,0x00000000eab00000,0x00000000eb300000)
  from space 4608K, 90% used [0x00000000eb900000,0x00000000ebd0d3c0,0x00000000ebd80000)
  to   space 5120K, 0% used [0x00000000eb380000,0x00000000eb380000,0x00000000eb880000)
 ParOldGen       total 699392K, used 173397K [0x00000000c0000000, 0x00000000eab00000, 0x00000000eab00000)
  object space 699392K, 24% used [0x00000000c0000000,0x00000000ca955710,0x00000000eab00000)
 Metaspace       used 57132K, committed 58240K, reserved 1114112K
  class space    used 6101K, committed 6592K, reserved 1048576K
}
Event: 215.618 GC heap before
{Heap before GC invocations=1420 (full 1285):
 PSYoungGen      total 12800K, used 12340K [0x00000000eab00000, 0x00000000ebd80000, 0x0000000100000000)
  eden space 8192K, 100% used [0x00000000eab00000,0x00000000eb300000,0x00000000eb300000)
  from space 4608K, 90% used [0x00000000eb900000,0x00000000ebd0d3c0,0x00000000ebd80000)
  to   space 5120K, 0% used [0x00000000eb380000,0x00000000eb380000,0x00000000eb880000)
 ParOldGen       total 699392K, used 173397K [0x00000000c0000000, 0x00000000eab00000, 0x00000000eab00000)
  object space 699392K, 24% used [0x00000000c0000000,0x00000000ca955710,0x00000000eab00000)
 Metaspace       used 57136K, committed 58240K, reserved 1114112K
  class space    used 6102K, committed 6592K, reserved 1048576K
}
Event: 215.626 GC heap after
{Heap after GC invocations=1420 (full 1285):
 PSYoungGen      total 13824K, used 5108K [0x00000000eab00000, 0x00000000ec080000, 0x0000000100000000)
  eden space 8704K, 0% used [0x00000000eab00000,0x00000000eab00000,0x00000000eb380000)
  from space 5120K, 99% used [0x00000000eb380000,0x00000000eb87d138,0x00000000eb880000)
  to   space 6656K, 0% used [0x00000000eba00000,0x00000000eba00000,0x00000000ec080000)
 ParOldGen       total 699392K, used 174189K [0x00000000c0000000, 0x00000000eab00000, 0x00000000eab00000)
  object space 699392K, 24% used [0x00000000c0000000,0x00000000caa1b6a8,0x00000000eab00000)
 Metaspace       used 57136K, committed 58240K, reserved 1114112K
  class space    used 6102K, committed 6592K, reserved 1048576K
}
Event: 215.738 GC heap before
{Heap before GC invocations=1421 (full 1285):
 PSYoungGen      total 13824K, used 13812K [0x00000000eab00000, 0x00000000ec080000, 0x0000000100000000)
  eden space 8704K, 100% used [0x00000000eab00000,0x00000000eb380000,0x00000000eb380000)
  from space 5120K, 99% used [0x00000000eb380000,0x00000000eb87d138,0x00000000eb880000)
  to   space 6656K, 0% used [0x00000000eba00000,0x00000000eba00000,0x00000000ec080000)
 ParOldGen       total 699392K, used 174189K [0x00000000c0000000, 0x00000000eab00000, 0x00000000eab00000)
  object space 699392K, 24% used [0x00000000c0000000,0x00000000caa1b6a8,0x00000000eab00000)
 Metaspace       used 57250K, committed 58368K, reserved 1114112K
  class space    used 6106K, committed 6592K, reserved 1048576K
}
Event: 215.753 GC heap after
{Heap after GC invocations=1421 (full 1285):
 PSYoungGen      total 14336K, used 4864K [0x00000000eab00000, 0x00000000ebf00000, 0x0000000100000000)
  eden space 9216K, 0% used [0x00000000eab00000,0x00000000eab00000,0x00000000eb400000)
  from space 5120K, 95% used [0x00000000eba00000,0x00000000ebec0270,0x00000000ebf00000)
  to   space 5632K, 0% used [0x00000000eb400000,0x00000000eb400000,0x00000000eb980000)
 ParOldGen       total 699392K, used 176197K [0x00000000c0000000, 0x00000000eab00000, 0x00000000eab00000)
  object space 699392K, 25% used [0x00000000c0000000,0x00000000cac11470,0x00000000eab00000)
 Metaspace       used 57250K, committed 58368K, reserved 1114112K
  class space    used 6106K, committed 6592K, reserved 1048576K
}
Event: 215.947 GC heap before
{Heap before GC invocations=1422 (full 1285):
 PSYoungGen      total 14336K, used 14080K [0x00000000eab00000, 0x00000000ebf00000, 0x0000000100000000)
  eden space 9216K, 100% used [0x00000000eab00000,0x00000000eb400000,0x00000000eb400000)
  from space 5120K, 95% used [0x00000000eba00000,0x00000000ebec0270,0x00000000ebf00000)
  to   space 5632K, 0% used [0x00000000eb400000,0x00000000eb400000,0x00000000eb980000)
 ParOldGen       total 699392K, used 176197K [0x00000000c0000000, 0x00000000eab00000, 0x00000000eab00000)
  object space 699392K, 25% used [0x00000000c0000000,0x00000000cac11470,0x00000000eab00000)
 Metaspace       used 57394K, committed 58496K, reserved 1114112K
  class space    used 6130K, committed 6592K, reserved 1048576K
}
Event: 215.963 GC heap after
{Heap after GC invocations=1422 (full 1285):
 PSYoungGen      total 14848K, used 5627K [0x00000000eab00000, 0x00000000ec280000, 0x0000000100000000)
  eden space 9216K, 0% used [0x00000000eab00000,0x00000000eab00000,0x00000000eb400000)
  from space 5632K, 99% used [0x00000000eb400000,0x00000000eb97ed40,0x00000000eb980000)
  to   space 7168K, 0% used [0x00000000ebb80000,0x00000000ebb80000,0x00000000ec280000)
 ParOldGen       total 699392K, used 177182K [0x00000000c0000000, 0x00000000eab00000, 0x00000000eab00000)
  object space 699392K, 25% used [0x00000000c0000000,0x00000000cad07bf0,0x00000000eab00000)
 Metaspace       used 57394K, committed 58496K, reserved 1114112K
  class space    used 6130K, committed 6592K, reserved 1048576K
}
Event: 216.070 GC heap before
{Heap before GC invocations=1423 (full 1285):
 PSYoungGen      total 14848K, used 14843K [0x00000000eab00000, 0x00000000ec280000, 0x0000000100000000)
  eden space 9216K, 100% used [0x00000000eab00000,0x00000000eb400000,0x00000000eb400000)
  from space 5632K, 99% used [0x00000000eb400000,0x00000000eb97ed40,0x00000000eb980000)
  to   space 7168K, 0% used [0x00000000ebb80000,0x00000000ebb80000,0x00000000ec280000)
 ParOldGen       total 699392K, used 177182K [0x00000000c0000000, 0x00000000eab00000, 0x00000000eab00000)
  object space 699392K, 25% used [0x00000000c0000000,0x00000000cad07bf0,0x00000000eab00000)
 Metaspace       used 57397K, committed 58496K, reserved 1114112K
  class space    used 6131K, committed 6592K, reserved 1048576K
}
Event: 216.077 GC heap after
{Heap after GC invocations=1423 (full 1285):
 PSYoungGen      total 15360K, used 5445K [0x00000000eab00000, 0x00000000ec100000, 0x0000000100000000)
  eden space 9728K, 0% used [0x00000000eab00000,0x00000000eab00000,0x00000000eb480000)
  from space 5632K, 96% used [0x00000000ebb80000,0x00000000ec0d1460,0x00000000ec100000)
  to   space 6144K, 0% used [0x00000000eb500000,0x00000000eb500000,0x00000000ebb00000)
 ParOldGen       total 699392K, used 179733K [0x00000000c0000000, 0x00000000eab00000, 0x00000000eab00000)
  object space 699392K, 25% used [0x00000000c0000000,0x00000000caf857c8,0x00000000eab00000)
 Metaspace       used 57397K, committed 58496K, reserved 1114112K
  class space    used 6131K, committed 6592K, reserved 1048576K
}
Event: 216.465 GC heap before
{Heap before GC invocations=1424 (full 1285):
 PSYoungGen      total 15360K, used 15173K [0x00000000eab00000, 0x00000000ec100000, 0x0000000100000000)
  eden space 9728K, 100% used [0x00000000eab00000,0x00000000eb480000,0x00000000eb480000)
  from space 5632K, 96% used [0x00000000ebb80000,0x00000000ec0d1460,0x00000000ec100000)
  to   space 6144K, 0% used [0x00000000eb500000,0x00000000eb500000,0x00000000ebb00000)
 ParOldGen       total 699392K, used 179733K [0x00000000c0000000, 0x00000000eab00000, 0x00000000eab00000)
  object space 699392K, 25% used [0x00000000c0000000,0x00000000caf857c8,0x00000000eab00000)
 Metaspace       used 57513K, committed 58560K, reserved 1114112K
  class space    used 6142K, committed 6592K, reserved 1048576K
}
Event: 216.472 GC heap after
{Heap after GC invocations=1424 (full 1285):
 PSYoungGen      total 16384K, used 6116K [0x00000000eab00000, 0x00000000ec400000, 0x0000000100000000)
  eden space 10240K, 0% used [0x00000000eab00000,0x00000000eab00000,0x00000000eb500000)
  from space 6144K, 99% used [0x00000000eb500000,0x00000000ebaf93a0,0x00000000ebb00000)
  to   space 7680K, 0% used [0x00000000ebc80000,0x00000000ebc80000,0x00000000ec400000)
 ParOldGen       total 699392K, used 180819K [0x00000000c0000000, 0x00000000eab00000, 0x00000000eab00000)
  object space 699392K, 25% used [0x00000000c0000000,0x00000000cb094c58,0x00000000eab00000)
 Metaspace       used 57513K, committed 58560K, reserved 1114112K
  class space    used 6142K, committed 6592K, reserved 1048576K
}
Event: 216.888 GC heap before
{Heap before GC invocations=1425 (full 1285):
 PSYoungGen      total 16384K, used 16356K [0x00000000eab00000, 0x00000000ec400000, 0x0000000100000000)
  eden space 10240K, 100% used [0x00000000eab00000,0x00000000eb500000,0x00000000eb500000)
  from space 6144K, 99% used [0x00000000eb500000,0x00000000ebaf93a0,0x00000000ebb00000)
  to   space 7680K, 0% used [0x00000000ebc80000,0x00000000ebc80000,0x00000000ec400000)
 ParOldGen       total 699392K, used 180819K [0x00000000c0000000, 0x00000000eab00000, 0x00000000eab00000)
  object space 699392K, 25% used [0x00000000c0000000,0x00000000cb094c58,0x00000000eab00000)
 Metaspace       used 57525K, committed 58624K, reserved 1114112K
  class space    used 6143K, committed 6592K, reserved 1048576K
}
Event: 216.913 GC heap after
{Heap after GC invocations=1425 (full 1285):
 PSYoungGen      total 16896K, used 5548K [0x00000000eab00000, 0x00000000ec280000, 0x0000000100000000)
  eden space 10752K, 0% used [0x00000000eab00000,0x00000000eab00000,0x00000000eb580000)
  from space 6144K, 90% used [0x00000000ebc80000,0x00000000ec1eb3e8,0x00000000ec280000)
  to   space 6656K, 0% used [0x00000000eb580000,0x00000000eb580000,0x00000000ebc00000)
 ParOldGen       total 699392K, used 183484K [0x00000000c0000000, 0x00000000eab00000, 0x00000000eab00000)
  object space 699392K, 26% used [0x00000000c0000000,0x00000000cb32f360,0x00000000eab00000)
 Metaspace       used 57525K, committed 58624K, reserved 1114112K
  class space    used 6143K, committed 6592K, reserved 1048576K
}
Event: 217.102 GC heap before
{Heap before GC invocations=1426 (full 1285):
 PSYoungGen      total 16896K, used 16300K [0x00000000eab00000, 0x00000000ec280000, 0x0000000100000000)
  eden space 10752K, 100% used [0x00000000eab00000,0x00000000eb580000,0x00000000eb580000)
  from space 6144K, 90% used [0x00000000ebc80000,0x00000000ec1eb3e8,0x00000000ec280000)
  to   space 6656K, 0% used [0x00000000eb580000,0x00000000eb580000,0x00000000ebc00000)
 ParOldGen       total 699392K, used 183484K [0x00000000c0000000, 0x00000000eab00000, 0x00000000eab00000)
  object space 699392K, 26% used [0x00000000c0000000,0x00000000cb32f360,0x00000000eab00000)
 Metaspace       used 57525K, committed 58624K, reserved 1114112K
  class space    used 6143K, committed 6592K, reserved 1048576K
}
Event: 217.120 GC heap after
{Heap after GC invocations=1426 (full 1285):
 PSYoungGen      total 17408K, used 6654K [0x00000000eab00000, 0x00000000ec600000, 0x0000000100000000)
  eden space 10752K, 0% used [0x00000000eab00000,0x00000000eab00000,0x00000000eb580000)
  from space 6656K, 99% used [0x00000000eb580000,0x00000000ebbff9d0,0x00000000ebc00000)
  to   space 8192K, 0% used [0x00000000ebe00000,0x00000000ebe00000,0x00000000ec600000)
 ParOldGen       total 699392K, used 184566K [0x00000000c0000000, 0x00000000eab00000, 0x00000000eab00000)
  object space 699392K, 26% used [0x00000000c0000000,0x00000000cb43da60,0x00000000eab00000)
 Metaspace       used 57525K, committed 58624K, reserved 1114112K
  class space    used 6143K, committed 6592K, reserved 1048576K
}
Event: 217.232 GC heap before
{Heap before GC invocations=1427 (full 1285):
 PSYoungGen      total 17408K, used 17406K [0x00000000eab00000, 0x00000000ec600000, 0x0000000100000000)
  eden space 10752K, 100% used [0x00000000eab00000,0x00000000eb580000,0x00000000eb580000)
  from space 6656K, 99% used [0x00000000eb580000,0x00000000ebbff9d0,0x00000000ebc00000)
  to   space 8192K, 0% used [0x00000000ebe00000,0x00000000ebe00000,0x00000000ec600000)
 ParOldGen       total 699392K, used 184566K [0x00000000c0000000, 0x00000000eab00000, 0x00000000eab00000)
  object space 699392K, 26% used [0x00000000c0000000,0x00000000cb43da60,0x00000000eab00000)
 Metaspace       used 57527K, committed 58624K, reserved 1114112K
  class space    used 6143K, committed 6592K, reserved 1048576K
}
Event: 217.246 GC heap after
{Heap after GC invocations=1427 (full 1285):
 PSYoungGen      total 17408K, used 6030K [0x00000000eab00000, 0x00000000ec400000, 0x0000000100000000)
  eden space 11264K, 0% used [0x00000000eab00000,0x00000000eab00000,0x00000000eb600000)
  from space 6144K, 98% used [0x00000000ebe00000,0x00000000ec3e3b40,0x00000000ec400000)
  to   space 6656K, 0% used [0x00000000eb700000,0x00000000eb700000,0x00000000ebd80000)
 ParOldGen       total 699392K, used 187473K [0x00000000c0000000, 0x00000000eab00000, 0x00000000eab00000)
  object space 699392K, 26% used [0x00000000c0000000,0x00000000cb714728,0x00000000eab00000)
 Metaspace       used 57527K, committed 58624K, reserved 1114112K
  class space    used 6143K, committed 6592K, reserved 1048576K
}
Event: 217.723 GC heap before
{Heap before GC invocations=1428 (full 1285):
 PSYoungGen      total 17408K, used 17294K [0x00000000eab00000, 0x00000000ec400000, 0x0000000100000000)
  eden space 11264K, 100% used [0x00000000eab00000,0x00000000eb600000,0x00000000eb600000)
  from space 6144K, 98% used [0x00000000ebe00000,0x00000000ec3e3b40,0x00000000ec400000)
  to   space 6656K, 0% used [0x00000000eb700000,0x00000000eb700000,0x00000000ebd80000)
 ParOldGen       total 699392K, used 187473K [0x00000000c0000000, 0x00000000eab00000, 0x00000000eab00000)
  object space 699392K, 26% used [0x00000000c0000000,0x00000000cb714728,0x00000000eab00000)
 Metaspace       used 57573K, committed 58688K, reserved 1114112K
  class space    used 6148K, committed 6656K, reserved 1048576K
}
Event: 217.733 GC heap after
{Heap after GC invocations=1428 (full 1285):
 PSYoungGen      total 17920K, used 6647K [0x00000000eab00000, 0x00000000ec400000, 0x0000000100000000)
  eden space 11264K, 0% used [0x00000000eab00000,0x00000000eab00000,0x00000000eb600000)
  from space 6656K, 99% used [0x00000000eb700000,0x00000000ebd7dc38,0x00000000ebd80000)
  to   space 6144K, 0% used [0x00000000ebe00000,0x00000000ebe00000,0x00000000ec400000)
 ParOldGen       total 699392K, used 189061K [0x00000000c0000000, 0x00000000eab00000, 0x00000000eab00000)
  object space 699392K, 27% used [0x00000000c0000000,0x00000000cb8a1530,0x00000000eab00000)
 Metaspace       used 57573K, committed 58688K, reserved 1114112K
  class space    used 6148K, committed 6656K, reserved 1048576K
}

Dll operation events (10 events):
Event: 0.061 Loaded shared library c:\Users\HP\.vscode\extensions\redhat.java-1.29.0-win32-x64\jre\17.0.10-win32-x86_64\bin\java.dll
Event: 0.665 Loaded shared library c:\Users\HP\.vscode\extensions\redhat.java-1.29.0-win32-x64\jre\17.0.10-win32-x86_64\bin\zip.dll
Event: 0.670 Loaded shared library C:\Users\HP\.vscode\extensions\redhat.java-1.29.0-win32-x64\jre\17.0.10-win32-x86_64\bin\instrument.dll
Event: 0.749 Loaded shared library C:\Users\HP\.vscode\extensions\redhat.java-1.29.0-win32-x64\jre\17.0.10-win32-x86_64\bin\net.dll
Event: 0.754 Loaded shared library C:\Users\HP\.vscode\extensions\redhat.java-1.29.0-win32-x64\jre\17.0.10-win32-x86_64\bin\nio.dll
Event: 0.784 Loaded shared library C:\Users\HP\.vscode\extensions\redhat.java-1.29.0-win32-x64\jre\17.0.10-win32-x86_64\bin\zip.dll
Event: 0.815 Loaded shared library C:\Users\HP\.vscode\extensions\redhat.java-1.29.0-win32-x64\jre\17.0.10-win32-x86_64\bin\jimage.dll
Event: 1.214 Loaded shared library c:\Users\HP\.vscode\extensions\redhat.java-1.29.0-win32-x64\jre\17.0.10-win32-x86_64\bin\verify.dll
Event: 5.952 Loaded shared library C:\Users\HP\AppData\Roaming\Code\User\globalStorage\redhat.java\1.29.0\config_win\org.eclipse.equinox.launcher\org.eclipse.equinox.launcher.win32.win32.x86_64_1.2.900.v20240213-1244\eclipse_11900.dll
Event: 18.174 Loaded shared library C:\Users\HP\AppData\Local\Temp\jna-2312\jna13251402253153678635.dll

Deoptimization events (20 events):
Event: 216.778 Thread 0x000001a9316cb080 Uncommon trap: trap_request=0xffffffde fr.pc=0x000001a920ccde64 relative=0x0000000000000404
Event: 216.778 Thread 0x000001a9316cb080 Uncommon trap: reason=class_check action=maybe_recompile pc=0x000001a920ccde64 method=org.eclipse.core.internal.dtree.DeltaDataTree.lookup(Lorg/eclipse/core/runtime/IPath;)Lorg/eclipse/core/internal/dtree/DataTreeLookup; @ 125 c2
Event: 216.778 Thread 0x000001a9316cb080 DEOPT PACKING pc=0x000001a920ccde64 sp=0x000000897e4fd9c0
Event: 216.778 Thread 0x000001a9316cb080 DEOPT UNPACKING pc=0x000001a9204c66a3 sp=0x000000897e4fd958 mode 2
Event: 216.779 Thread 0x000001a9316ce830 DEOPT PACKING pc=0x000001a9196a0375 sp=0x000000897c8fec80
Event: 216.779 Thread 0x000001a9316ce830 DEOPT UNPACKING pc=0x000001a9204c6e43 sp=0x000000897c8fe130 mode 0
Event: 216.800 Thread 0x000001a9316cb080 Uncommon trap: trap_request=0xffffffde fr.pc=0x000001a920ccde64 relative=0x0000000000000404
Event: 216.800 Thread 0x000001a9316cb080 Uncommon trap: reason=class_check action=maybe_recompile pc=0x000001a920ccde64 method=org.eclipse.core.internal.dtree.DeltaDataTree.lookup(Lorg/eclipse/core/runtime/IPath;)Lorg/eclipse/core/internal/dtree/DataTreeLookup; @ 125 c2
Event: 216.800 Thread 0x000001a9316cb080 DEOPT PACKING pc=0x000001a920ccde64 sp=0x000000897e4fda80
Event: 216.800 Thread 0x000001a9316cb080 DEOPT UNPACKING pc=0x000001a9204c66a3 sp=0x000000897e4fda18 mode 2
Event: 217.199 Thread 0x000001a9316cb080 DEOPT PACKING pc=0x000001a919c107fc sp=0x000000897e4fd390
Event: 217.199 Thread 0x000001a9316cb080 DEOPT UNPACKING pc=0x000001a9204c6e43 sp=0x000000897e4fc910 mode 0
Event: 217.910 Thread 0x000001a9316cb080 DEOPT PACKING pc=0x000001a919c107fc sp=0x000000897e4fd770
Event: 217.910 Thread 0x000001a9316cb080 DEOPT UNPACKING pc=0x000001a9204c6e43 sp=0x000000897e4fccf0 mode 0
Event: 218.126 Thread 0x000001a9316ccee0 DEOPT PACKING pc=0x000001a919196829 sp=0x000000897f1fec60
Event: 218.126 Thread 0x000001a9316ccee0 DEOPT UNPACKING pc=0x000001a9204c6e43 sp=0x000000897f1fe0b8 mode 3
Event: 218.126 Thread 0x000001a930c79de0 DEOPT PACKING pc=0x000001a9191855b8 sp=0x000000897f3fe970
Event: 218.126 Thread 0x000001a930c79de0 DEOPT UNPACKING pc=0x000001a9204c6e43 sp=0x000000897f3fddf8 mode 3
Event: 218.171 Thread 0x000001a930c78eb0 DEOPT PACKING pc=0x000001a91982026e sp=0x000000897e3febb0
Event: 218.171 Thread 0x000001a930c78eb0 DEOPT UNPACKING pc=0x000001a9204c6e43 sp=0x000000897e3fe038 mode 0

Classes unloaded (7 events):
Event: 10.716 Thread 0x000001a92a8488b0 Unloading class 0x0000000100248400 'java/lang/invoke/LambdaForm$MH+0x0000000100248400'
Event: 10.716 Thread 0x000001a92a8488b0 Unloading class 0x0000000100248000 'java/lang/invoke/LambdaForm$MH+0x0000000100248000'
Event: 10.716 Thread 0x000001a92a8488b0 Unloading class 0x0000000100247c00 'java/lang/invoke/LambdaForm$MH+0x0000000100247c00'
Event: 10.716 Thread 0x000001a92a8488b0 Unloading class 0x0000000100247800 'java/lang/invoke/LambdaForm$MH+0x0000000100247800'
Event: 10.716 Thread 0x000001a92a8488b0 Unloading class 0x0000000100247400 'java/lang/invoke/LambdaForm$BMH+0x0000000100247400'
Event: 10.716 Thread 0x000001a92a8488b0 Unloading class 0x0000000100247000 'java/lang/invoke/LambdaForm$DMH+0x0000000100247000'
Event: 10.716 Thread 0x000001a92a8488b0 Unloading class 0x0000000100244400 'java/lang/invoke/LambdaForm$DMH+0x0000000100244400'

Classes redefined (0 events):
No events

Internal exceptions (20 events):
Event: 216.958 Thread 0x000001a9316cb080 Exception <a 'sun/nio/fs/WindowsException'{0x00000000eacc8ec0}> (0x00000000eacc8ec0) 
thrown [s\src\hotspot\share\prims\jni.cpp, line 516]
Event: 216.993 Thread 0x000001a9316cb080 Exception <a 'sun/nio/fs/WindowsException'{0x00000000eae401b8}> (0x00000000eae401b8) 
thrown [s\src\hotspot\share\prims\jni.cpp, line 516]
Event: 217.088 Thread 0x000001a9316cb080 Exception <a 'sun/nio/fs/WindowsException'{0x00000000eb4fc630}> (0x00000000eb4fc630) 
thrown [s\src\hotspot\share\prims\jni.cpp, line 516]
Event: 217.136 Thread 0x000001a9316cb080 Exception <a 'sun/nio/fs/WindowsException'{0x00000000ead10728}> (0x00000000ead10728) 
thrown [s\src\hotspot\share\prims\jni.cpp, line 516]
Event: 217.218 Thread 0x000001a9316cb080 Exception <a 'sun/nio/fs/WindowsException'{0x00000000eb4b3ea0}> (0x00000000eb4b3ea0) 
thrown [s\src\hotspot\share\prims\jni.cpp, line 516]
Event: 217.510 Thread 0x000001a9316cb080 Exception <a 'sun/nio/fs/WindowsException'{0x00000000eb49a8a8}> (0x00000000eb49a8a8) 
thrown [s\src\hotspot\share\prims\jni.cpp, line 516]
Event: 217.593 Thread 0x000001a9316cb080 Exception <a 'sun/nio/fs/WindowsException'{0x00000000eb4b56d0}> (0x00000000eb4b56d0) 
thrown [s\src\hotspot\share\prims\jni.cpp, line 516]
Event: 217.661 Thread 0x000001a9316cb080 Exception <a 'sun/nio/fs/WindowsException'{0x00000000eb532a80}> (0x00000000eb532a80) 
thrown [s\src\hotspot\share\prims\jni.cpp, line 516]
Event: 217.737 Thread 0x000001a9316cb080 Exception <a 'sun/nio/fs/WindowsException'{0x00000000eab3c250}> (0x00000000eab3c250) 
thrown [s\src\hotspot\share\prims\jni.cpp, line 516]
Event: 217.765 Thread 0x000001a9316cb080 Exception <a 'sun/nio/fs/WindowsException'{0x00000000eabbe540}> (0x00000000eabbe540) 
thrown [s\src\hotspot\share\prims\jni.cpp, line 516]
Event: 217.811 Thread 0x000001a9316cb080 Exception <a 'sun/nio/fs/WindowsException'{0x00000000eac3a5d8}> (0x00000000eac3a5d8) 
thrown [s\src\hotspot\share\prims\jni.cpp, line 516]
Event: 217.842 Thread 0x000001a9316cb080 Exception <a 'sun/nio/fs/WindowsException'{0x00000000ead21cc8}> (0x00000000ead21cc8) 
thrown [s\src\hotspot\share\prims\jni.cpp, line 516]
Event: 217.849 Thread 0x000001a9316cb080 Exception <a 'sun/nio/fs/WindowsException'{0x00000000ead2ece8}> (0x00000000ead2ece8) 
thrown [s\src\hotspot\share\prims\jni.cpp, line 516]
Event: 217.866 Thread 0x000001a9316cb080 Exception <a 'sun/nio/fs/WindowsException'{0x00000000ead40cc0}> (0x00000000ead40cc0) 
thrown [s\src\hotspot\share\prims\jni.cpp, line 516]
Event: 217.909 Thread 0x000001a9316cb080 Exception <a 'sun/nio/fs/WindowsException'{0x00000000ead53698}> (0x00000000ead53698) 
thrown [s\src\hotspot\share\prims\jni.cpp, line 516]
Event: 217.923 Thread 0x000001a9316cb080 Exception <a 'sun/nio/fs/WindowsException'{0x00000000ead665d0}> (0x00000000ead665d0) 
thrown [s\src\hotspot\share\prims\jni.cpp, line 516]
Event: 218.035 Thread 0x000001a9316cb080 Exception <a 'sun/nio/fs/WindowsException'{0x00000000eade2310}> (0x00000000eade2310) 
thrown [s\src\hotspot\share\prims\jni.cpp, line 516]
Event: 218.133 Thread 0x000001a9316cb080 Exception <a 'java/io/FileNotFoundException'{0x00000000eaf92648}> (0x00000000eaf92648) 
thrown [s\src\hotspot\share\prims\jni.cpp, line 516]
Event: 218.145 Thread 0x000001a9316cb080 Exception <a 'sun/nio/fs/WindowsException'{0x00000000eaff7e50}> (0x00000000eaff7e50) 
thrown [s\src\hotspot\share\prims\jni.cpp, line 516]
Event: 218.179 Thread 0x000001a930c78eb0 Exception <a 'java/lang/NoSuchMethodError'{0x00000000eb1316e0}: 'java.lang.Object java.lang.invoke.DirectMethodHandle$Holder.newInvokeSpecial(java.lang.Object, java.lang.Object, java.lang.Object, java.lang.Object, java.lang.Object, java.lang.Object)'> (0x00000000eb1316e0) 
thrown [s\src\hotspot\share\interpreter\linkResolver.cpp, line 759]

VM Operations (20 events):
Event: 215.947 Executing VM operation: ParallelGCFailedAllocation
Event: 215.964 Executing VM operation: ParallelGCFailedAllocation done
Event: 216.067 Executing VM operation: ParallelGCFailedAllocation
Event: 216.082 Executing VM operation: ParallelGCFailedAllocation done
Event: 216.158 Executing VM operation: HandshakeAllThreads
Event: 216.161 Executing VM operation: HandshakeAllThreads done
Event: 216.444 Executing VM operation: ParallelGCFailedAllocation
Event: 216.473 Executing VM operation: ParallelGCFailedAllocation done
Event: 216.888 Executing VM operation: ParallelGCFailedAllocation
Event: 216.913 Executing VM operation: ParallelGCFailedAllocation done
Event: 217.101 Executing VM operation: ParallelGCFailedAllocation
Event: 217.120 Executing VM operation: ParallelGCFailedAllocation done
Event: 217.232 Executing VM operation: ParallelGCFailedAllocation
Event: 217.246 Executing VM operation: ParallelGCFailedAllocation done
Event: 217.723 Executing VM operation: ParallelGCFailedAllocation
Event: 217.735 Executing VM operation: ParallelGCFailedAllocation done
Event: 218.139 Executing VM operation: HandshakeAllThreads
Event: 218.139 Executing VM operation: HandshakeAllThreads done
Event: 218.151 Executing VM operation: HandshakeAllThreads
Event: 218.151 Executing VM operation: HandshakeAllThreads done

Events (20 events):
Event: 214.582 Thread 0x000001a92faf9cf0 flushing nmethod 0x000001a919bdc010
Event: 214.582 Thread 0x000001a92faf9cf0 flushing nmethod 0x000001a919bec990
Event: 214.582 Thread 0x000001a92faf9cf0 flushing nmethod 0x000001a919bf0b90
Event: 214.582 Thread 0x000001a92faf9cf0 flushing nmethod 0x000001a919ca6410
Event: 216.231 Thread 0x000001a9316cc9d0 Thread added: 0x000001a9316cc9d0
Event: 216.231 loading class java/util/concurrent/CompletableFuture$UniExceptionally
Event: 216.231 loading class java/util/concurrent/CompletableFuture$UniExceptionally done
Event: 216.244 Thread 0x000001a9316cb590 Thread added: 0x000001a9316cb590
Event: 216.245 loading class java/util/HashMap$ValueSpliterator
Event: 216.246 loading class java/util/HashMap$ValueSpliterator done
Event: 218.096 Thread 0x000001a9316cc4c0 Thread added: 0x000001a9316cc4c0
Event: 218.096 Thread 0x000001a9316cbaa0 Thread added: 0x000001a9316cbaa0
Event: 218.097 Thread 0x000001a9316ccee0 Thread added: 0x000001a9316ccee0
Event: 218.097 Thread 0x000001a930c7bc40 Thread added: 0x000001a930c7bc40
Event: 218.098 Thread 0x000001a930c79de0 Thread added: 0x000001a930c79de0
Event: 218.160 Thread 0x000001a930c7bc40 Thread exited: 0x000001a930c7bc40
Event: 218.163 Thread 0x000001a930c79de0 Thread exited: 0x000001a930c79de0
Event: 218.165 Thread 0x000001a9316ccee0 Thread exited: 0x000001a9316ccee0
Event: 218.171 Thread 0x000001a9316cc4c0 Thread exited: 0x000001a9316cc4c0
Event: 218.173 Thread 0x000001a9316cbaa0 Thread exited: 0x000001a9316cbaa0


Dynamic libraries:
0x00007ff6a1db0000 - 0x00007ff6a1dbe000 	c:\Users\HP\.vscode\extensions\redhat.java-1.29.0-win32-x64\jre\17.0.10-win32-x86_64\bin\java.exe
0x00007ffaa5fd0000 - 0x00007ffaa61e6000 	C:\WINDOWS\SYSTEM32\ntdll.dll
0x00007ffaa5ec0000 - 0x00007ffaa5f84000 	C:\WINDOWS\System32\KERNEL32.DLL
0x00007ffaa3920000 - 0x00007ffaa3cc7000 	C:\WINDOWS\System32\KERNELBASE.dll
0x00007ffaa35c0000 - 0x00007ffaa36d1000 	C:\WINDOWS\System32\ucrtbase.dll
0x00007ffa7ef70000 - 0x00007ffa7ef87000 	c:\Users\HP\.vscode\extensions\redhat.java-1.29.0-win32-x64\jre\17.0.10-win32-x86_64\bin\jli.dll
0x00007ffaa54c0000 - 0x00007ffaa566e000 	C:\WINDOWS\System32\USER32.dll
0x00007ffaa36e0000 - 0x00007ffaa3706000 	C:\WINDOWS\System32\win32u.dll
0x00007ffaa4520000 - 0x00007ffaa4549000 	C:\WINDOWS\System32\GDI32.dll
0x00007ffaa32f0000 - 0x00007ffaa3409000 	C:\WINDOWS\System32\gdi32full.dll
0x00007ffaa3880000 - 0x00007ffaa391a000 	C:\WINDOWS\System32\msvcp_win.dll
0x00007ffa72500000 - 0x00007ffa7251b000 	c:\Users\HP\.vscode\extensions\redhat.java-1.29.0-win32-x64\jre\17.0.10-win32-x86_64\bin\VCRUNTIME140.dll
0x00007ffa8bb40000 - 0x00007ffa8bdd3000 	C:\WINDOWS\WinSxS\amd64_microsoft.windows.common-controls_6595b64144ccf1df_6.0.22621.3235_none_270f74e173860f98\COMCTL32.dll
0x00007ffaa5670000 - 0x00007ffaa5717000 	C:\WINDOWS\System32\msvcrt.dll
0x00007ffaa3f70000 - 0x00007ffaa3fa1000 	C:\WINDOWS\System32\IMM32.DLL
0x00007ffa8e210000 - 0x00007ffa8e21c000 	c:\Users\HP\.vscode\extensions\redhat.java-1.29.0-win32-x64\jre\17.0.10-win32-x86_64\bin\vcruntime140_1.dll
0x00007ffa52d00000 - 0x00007ffa52d8d000 	c:\Users\HP\.vscode\extensions\redhat.java-1.29.0-win32-x64\jre\17.0.10-win32-x86_64\bin\msvcp140.dll
0x00007ffa2da50000 - 0x00007ffa2e6b2000 	c:\Users\HP\.vscode\extensions\redhat.java-1.29.0-win32-x64\jre\17.0.10-win32-x86_64\bin\server\jvm.dll
0x00007ffaa5400000 - 0x00007ffaa54b2000 	C:\WINDOWS\System32\ADVAPI32.dll
0x00007ffaa3eb0000 - 0x00007ffaa3f58000 	C:\WINDOWS\System32\sechost.dll
0x00007ffaa3cd0000 - 0x00007ffaa3cf8000 	C:\WINDOWS\System32\bcrypt.dll
0x00007ffaa57f0000 - 0x00007ffaa5905000 	C:\WINDOWS\System32\RPCRT4.dll
0x00007ffaa31c0000 - 0x00007ffaa320d000 	C:\WINDOWS\SYSTEM32\POWRPROF.dll
0x00007ffa7ef60000 - 0x00007ffa7ef69000 	C:\WINDOWS\SYSTEM32\WSOCK32.dll
0x00007ffaa5240000 - 0x00007ffaa52b1000 	C:\WINDOWS\System32\WS2_32.dll
0x00007ffa9a000000 - 0x00007ffa9a034000 	C:\WINDOWS\SYSTEM32\WINMM.dll
0x00007ffa95120000 - 0x00007ffa9512a000 	C:\WINDOWS\SYSTEM32\VERSION.dll
0x00007ffaa30f0000 - 0x00007ffaa3103000 	C:\WINDOWS\SYSTEM32\UMPDC.dll
0x00007ffaa22f0000 - 0x00007ffaa2308000 	C:\WINDOWS\SYSTEM32\kernel.appcore.dll
0x00007ffa8be10000 - 0x00007ffa8be1a000 	c:\Users\HP\.vscode\extensions\redhat.java-1.29.0-win32-x64\jre\17.0.10-win32-x86_64\bin\jimage.dll
0x00007ffaa0b30000 - 0x00007ffaa0d63000 	C:\WINDOWS\SYSTEM32\DBGHELP.DLL
0x00007ffaa3fb0000 - 0x00007ffaa4338000 	C:\WINDOWS\System32\combase.dll
0x00007ffaa4340000 - 0x00007ffaa4417000 	C:\WINDOWS\System32\OLEAUT32.dll
0x00007ffa7f260000 - 0x00007ffa7f292000 	C:\WINDOWS\SYSTEM32\dbgcore.DLL
0x00007ffaa34d0000 - 0x00007ffaa3549000 	C:\WINDOWS\System32\bcryptPrimitives.dll
0x00007ffa8a8d0000 - 0x00007ffa8a8de000 	c:\Users\HP\.vscode\extensions\redhat.java-1.29.0-win32-x64\jre\17.0.10-win32-x86_64\bin\instrument.dll
0x00007ffa6c9b0000 - 0x00007ffa6c9d5000 	c:\Users\HP\.vscode\extensions\redhat.java-1.29.0-win32-x64\jre\17.0.10-win32-x86_64\bin\java.dll
0x00007ffa71cb0000 - 0x00007ffa71cc8000 	c:\Users\HP\.vscode\extensions\redhat.java-1.29.0-win32-x64\jre\17.0.10-win32-x86_64\bin\zip.dll
0x00007ffaa4550000 - 0x00007ffaa4dac000 	C:\WINDOWS\System32\SHELL32.dll
0x00007ffaa1200000 - 0x00007ffaa1af9000 	C:\WINDOWS\SYSTEM32\windows.storage.dll
0x00007ffaa10c0000 - 0x00007ffaa11fe000 	C:\WINDOWS\SYSTEM32\wintypes.dll
0x00007ffaa5a70000 - 0x00007ffaa5b63000 	C:\WINDOWS\System32\SHCORE.dll
0x00007ffaa5720000 - 0x00007ffaa577e000 	C:\WINDOWS\System32\shlwapi.dll
0x00007ffaa3220000 - 0x00007ffaa3241000 	C:\WINDOWS\SYSTEM32\profapi.dll
0x00007ffa6c780000 - 0x00007ffa6c799000 	C:\Users\HP\.vscode\extensions\redhat.java-1.29.0-win32-x64\jre\17.0.10-win32-x86_64\bin\net.dll
0x00007ffa9ad90000 - 0x00007ffa9aec6000 	C:\WINDOWS\SYSTEM32\WINHTTP.dll
0x00007ffaa2760000 - 0x00007ffaa27c9000 	C:\WINDOWS\system32\mswsock.dll
0x00007ffa6c2a0000 - 0x00007ffa6c2b6000 	C:\Users\HP\.vscode\extensions\redhat.java-1.29.0-win32-x64\jre\17.0.10-win32-x86_64\bin\nio.dll
0x00007ffa8a6c0000 - 0x00007ffa8a6d0000 	c:\Users\HP\.vscode\extensions\redhat.java-1.29.0-win32-x64\jre\17.0.10-win32-x86_64\bin\verify.dll
0x00007ffa5a7c0000 - 0x00007ffa5a7fe000 	C:\Users\HP\AppData\Roaming\Code\User\globalStorage\redhat.java\1.29.0\config_win\org.eclipse.equinox.launcher\org.eclipse.equinox.launcher.win32.win32.x86_64_1.2.900.v20240213-1244\eclipse_11900.dll
0x00007ffaa3d00000 - 0x00007ffaa3ea5000 	C:\WINDOWS\System32\ole32.dll
0x00007ffaa29a0000 - 0x00007ffaa29bb000 	C:\WINDOWS\SYSTEM32\CRYPTSP.dll
0x00007ffaa2250000 - 0x00007ffaa2285000 	C:\WINDOWS\system32\rsaenh.dll
0x00007ffaa2820000 - 0x00007ffaa2848000 	C:\WINDOWS\SYSTEM32\USERENV.dll
0x00007ffaa29c0000 - 0x00007ffaa29cc000 	C:\WINDOWS\SYSTEM32\CRYPTBASE.dll
0x00007ffaa1d60000 - 0x00007ffaa1d8d000 	C:\WINDOWS\SYSTEM32\IPHLPAPI.DLL
0x00007ffaa4db0000 - 0x00007ffaa4db9000 	C:\WINDOWS\System32\NSI.dll
0x00007ffa9ad20000 - 0x00007ffa9ad39000 	C:\WINDOWS\SYSTEM32\dhcpcsvc6.DLL
0x00007ffa9ad00000 - 0x00007ffa9ad1f000 	C:\WINDOWS\SYSTEM32\dhcpcsvc.DLL
0x00007ffaa1e20000 - 0x00007ffaa1f19000 	C:\WINDOWS\SYSTEM32\DNSAPI.dll
0x00007ffa576f0000 - 0x00007ffa57735000 	C:\Users\HP\AppData\Local\Temp\jna-2312\jna13251402253153678635.dll
0x00007ffaa5eb0000 - 0x00007ffaa5eb8000 	C:\WINDOWS\System32\PSAPI.DLL

dbghelp: loaded successfully - version: 4.0.5 - missing functions: none
symbol engine: initialized successfully - sym options: 0x614 - pdb path: .;c:\Users\HP\.vscode\extensions\redhat.java-1.29.0-win32-x64\jre\17.0.10-win32-x86_64\bin;C:\WINDOWS\SYSTEM32;C:\WINDOWS\WinSxS\amd64_microsoft.windows.common-controls_6595b64144ccf1df_6.0.22621.3235_none_270f74e173860f98;c:\Users\HP\.vscode\extensions\redhat.java-1.29.0-win32-x64\jre\17.0.10-win32-x86_64\bin\server;C:\Users\HP\AppData\Roaming\Code\User\globalStorage\redhat.java\1.29.0\config_win\org.eclipse.equinox.launcher\org.eclipse.equinox.launcher.win32.win32.x86_64_1.2.900.v20240213-1244;C:\Users\HP\AppData\Local\Temp\jna-2312

VM Arguments:
jvm_args: --add-modules=ALL-SYSTEM --add-opens=java.base/java.util=ALL-UNNAMED --add-opens=java.base/java.lang=ALL-UNNAMED --add-opens=java.base/sun.nio.fs=ALL-UNNAMED -Declipse.application=org.eclipse.jdt.ls.core.id1 -Dosgi.bundles.defaultStartLevel=4 -Declipse.product=org.eclipse.jdt.ls.core.product -Djava.import.generatesMetadataFilesAtProjectRoot=false -DDetectVMInstallationsJob.disabled=true -Dfile.encoding=utf8 -XX:+UseParallelGC -XX:GCTimeRatio=4 -XX:AdaptiveSizePolicyWeight=90 -Dsun.zip.disableMemoryMapping=true -Xmx1G -Xms100m -Xlog:disable -javaagent:c:\Users\HP\.vscode\extensions\redhat.java-1.29.0-win32-x64\lombok\lombok-1.18.32.jar -XX:+HeapDumpOnOutOfMemoryError -XX:HeapDumpPath=c:\Users\HP\AppData\Roaming\Code\User\workspaceStorage\0d828789c167c72f6f5361a28a300af2\redhat.java -Daether.dependencyCollector.impl=bf 
java_command: c:\Users\HP\.vscode\extensions\redhat.java-1.29.0-win32-x64\server\plugins\org.eclipse.equinox.launcher_1.6.800.v20240304-1850.jar -configuration c:\Users\HP\AppData\Roaming\Code\User\globalStorage\redhat.java\1.29.0\config_win -data c:\Users\HP\AppData\Roaming\Code\User\workspaceStorage\0d828789c167c72f6f5361a28a300af2\redhat.java\jdt_ws --stdio
java_class_path (initial): c:\Users\HP\.vscode\extensions\redhat.java-1.29.0-win32-x64\server\plugins\org.eclipse.equinox.launcher_1.6.800.v20240304-1850.jar
Launcher Type: SUN_STANDARD

[Global flags]
    uintx AdaptiveSizePolicyWeight                 = 90                                        {product} {command line}
     intx CICompilerCount                          = 3                                         {product} {ergonomic}
    uintx GCTimeRatio                              = 4                                         {product} {command line}
     bool HeapDumpOnOutOfMemoryError               = true                                   {manageable} {command line}
    ccstr HeapDumpPath                             = c:\Users\HP\AppData\Roaming\Code\User\workspaceStorage\0d828789c167c72f6f5361a28a300af2\redhat.java         {manageable} {command line}
   size_t InitialHeapSize                          = 104857600                                 {product} {command line}
   size_t MaxHeapSize                              = 1073741824                                {product} {command line}
   size_t MaxNewSize                               = 357564416                                 {product} {ergonomic}
   size_t MinHeapDeltaBytes                        = 524288                                    {product} {ergonomic}
   size_t MinHeapSize                              = 104857600                                 {product} {command line}
   size_t NewSize                                  = 34603008                                  {product} {ergonomic}
    uintx NonNMethodCodeHeapSize                   = 5832780                                {pd product} {ergonomic}
    uintx NonProfiledCodeHeapSize                  = 122912730                              {pd product} {ergonomic}
   size_t OldSize                                  = 70254592                                  {product} {ergonomic}
    uintx ProfiledCodeHeapSize                     = 122912730                              {pd product} {ergonomic}
    uintx ReservedCodeCacheSize                    = 251658240                              {pd product} {ergonomic}
     bool SegmentedCodeCache                       = true                                      {product} {ergonomic}
   size_t SoftMaxHeapSize                          = 1073741824                             {manageable} {ergonomic}
     bool UseCompressedClassPointers               = true                           {product lp64_product} {ergonomic}
     bool UseCompressedOops                        = true                           {product lp64_product} {ergonomic}
     bool UseLargePagesIndividualAllocation        = false                                  {pd product} {ergonomic}
     bool UseParallelGC                            = true                                      {product} {command line}

Logging:
Log output configuration:
 #0: stdout all=off uptime,level,tags
 #1: stderr all=off uptime,level,tags

Environment Variables:
JAVA_HOME=D:\APAP JAVA\Java\jdk-17
PATH=C:\Python312\Scripts\;C:\Python312\;C:\Program Files\Common Files\Oracle\Java\javapath;C:\Program Files (x86)\Common Files\Oracle\Java\javapath;C:\WINDOWS\system32;C:\WINDOWS;C:\WINDOWS\System32\Wbem;C:\WINDOWS\System32\WindowsPowerShell\v1.0\;C:\WINDOWS\System32\OpenSSH\;C:\Users\Ron\AppData\Local\Programs\Python\Python39;C:\Users\Ron\AppData\Local\Programs\Python\Python39\Scripts;C:\Users\HP\AppData\Local\Programs\Python\Python310\;C:\Users\HP\AppData\Local\Programs\Python\Python310\\Scripts;D:\PuTTY\;D:\Git\cmd;C:\Program Files\Docker\Docker\resources\bin;D:\APAP JAVA\Java\jdk-17\bin;D:\NODE JS\;C:\ProgramData\chocolatey\bin;C:\Users\HP\AppData\Local\Programs\Python\Python310\Scripts\;C:\Users\HP\AppData\Local\Programs\Python\Python310\;C:\Users\Ron\AppData\Local\Programs\Python\Python39;C:\Users\Ron\AppData\Local\Programs\Python\Python39\Scripts;C:\Users\HP\AppData\Local\Programs\Microsoft VS Code\bin;C:\Users\HP\Documents\COOLYEAH\Semester 3\PBP\FLUTTER\bin;C:\Users\HP\Documents\COOLYEAH\Semester 3\PBP\FLUTTER\flutter\bin;C:\Users\HP\AppData\Local\Microsoft\WindowsApps;D:\FLUTTER\bin;C:\Users\HP\AppData\Roaming\npm
USERNAME=HP
OS=Windows_NT
PROCESSOR_IDENTIFIER=Intel64 Family 6 Model 142 Stepping 12, GenuineIntel
TMP=C:\Users\HP\AppData\Local\Temp
TEMP=C:\Users\HP\AppData\Local\Temp



Periodic native trim disabled


---------------  S Y S T E M  ---------------

OS:
 Windows 11 , 64 bit Build 22621 (10.0.22621.3374)
OS uptime: 4 days 17:19 hours
Hyper-V role detected

CPU: total 4 (initial active 4) (2 cores per cpu, 2 threads per core) family 6 model 142 stepping 12 microcode 0xec, cx8, cmov, fxsr, ht, mmx, 3dnowpref, sse, sse2, sse3, ssse3, sse4.1, sse4.2, popcnt, lzcnt, tsc, tscinvbit, avx, avx2, aes, erms, clmul, bmi1, bmi2, adx, fma, vzeroupper, clflush, clflushopt, hv
Processor Information for all 4 processors :
  Max Mhz: 2592, Current Mhz: 2093, Mhz Limit: 2073

Memory: 4k page, system-wide physical 3919M (7M free)
TotalPageFile size 15695M (AvailPageFile size 2M)
current process WorkingSet (physical memory assigned to process): 242M, peak: 283M
current process commit charge ("private bytes"): 898M, peak: 901M

vm_info: OpenJDK 64-Bit Server VM (17.0.10+7) for windows-amd64 JRE (17.0.10+7), built on Jan 16 2024 23:25:11 by "admin" with MS VC++ 16.10 / 16.11 (VS2019)

END.
