#
# There is insufficient memory for the Java Runtime Environment to continue.
# Native memory allocation (malloc) failed to allocate 591696 bytes for Chunk::new
# Possible reasons:
#   The system is out of physical RAM or swap space
#   The process is running with CompressedOops enabled, and the Java Heap may be blocking the growth of the native heap
# Possible solutions:
#   Reduce memory load on the system
#   Increase physical memory or swap space
#   Check if swap backing store is full
#   Decrease Java heap size (-Xmx/-Xms)
#   Decrease number of Java threads
#   Decrease Java thread stack sizes (-Xss)
#   Set larger code cache with -XX:ReservedCodeCacheSize=
#   JVM is running with Unscaled Compressed Oops mode in which the Java heap is
#     placed in the first 4GB address space. The Java Heap base address is the
#     maximum limit for the native heap growth. Please use -XX:HeapBaseMinAddress
#     to set the Java Heap base and to place the Java Heap above 4GB virtual address.
# This output file may be truncated or incomplete.
#
#  Out of Memory Error (arena.cpp:191), pid=9112, tid=27152
#
# JRE version: OpenJDK Runtime Environment Temurin-17.0.10+7 (17.0.10+7) (build 17.0.10+7)
# Java VM: OpenJDK 64-Bit Server VM Temurin-17.0.10+7 (17.0.10+7, mixed mode, tiered, compressed oops, compressed class ptrs, parallel gc, windows-amd64)
# No core dump will be written. Minidumps are not enabled by default on client versions of Windows
#

---------------  S U M M A R Y ------------

Command Line: --add-modules=ALL-SYSTEM --add-opens=java.base/java.util=ALL-UNNAMED --add-opens=java.base/java.lang=ALL-UNNAMED --add-opens=java.base/sun.nio.fs=ALL-UNNAMED -Declipse.application=org.eclipse.jdt.ls.core.id1 -Dosgi.bundles.defaultStartLevel=4 -Declipse.product=org.eclipse.jdt.ls.core.product -Djava.import.generatesMetadataFilesAtProjectRoot=false -DDetectVMInstallationsJob.disabled=true -Dfile.encoding=utf8 -XX:+UseParallelGC -XX:GCTimeRatio=4 -XX:AdaptiveSizePolicyWeight=90 -Dsun.zip.disableMemoryMapping=true -Xmx1G -Xms100m -Xlog:disable -javaagent:c:\Users\HP\.vscode\extensions\redhat.java-1.28.1-win32-x64\lombok\lombok-1.18.31.jar c:\Users\HP\.vscode\extensions\redhat.java-1.28.1-win32-x64\server\plugins\org.eclipse.equinox.launcher_1.6.700.v20231214-2017.jar -configuration c:\Users\HP\AppData\Roaming\Code\User\globalStorage\redhat.java\1.28.1\config_ss_win -data c:\Users\HP\AppData\Roaming\Code\User\workspaceStorage\0d828789c167c72f6f5361a28a300af2\redhat.java\ss_ws --stdio

Host: Intel(R) Core(TM) i3-10110U CPU @ 2.10GHz, 4 cores, 3G,  Windows 11 , 64 bit Build 22621 (10.0.22621.3085)
Time: Sat Mar  9 12:21:33 2024 SE Asia Standard Time elapsed time: 6.335804 seconds (0d 0h 0m 6s)

---------------  T H R E A D  ---------------

Current thread (0x000001fbf9fe4490):  JavaThread "C2 CompilerThread0" daemon [_thread_in_native, id=27152, stack(0x00000056bb900000,0x00000056bba00000)]


Current CompileTask:
C2:   6335 1754       4       sun.util.locale.BaseLocale::getInstance (149 bytes)

Stack: [0x00000056bb900000,0x00000056bba00000]
Native frames: (J=compiled Java code, j=interpreted, Vv=VM code, C=native code)
V  [jvm.dll+0x67d2c9]
V  [jvm.dll+0x834afa]
V  [jvm.dll+0x8365be]
V  [jvm.dll+0x836c23]
V  [jvm.dll+0x2477ff]
V  [jvm.dll+0xac514]
V  [jvm.dll+0xacb5c]
V  [jvm.dll+0x366782]
V  [jvm.dll+0x330bfa]
V  [jvm.dll+0x33009a]
V  [jvm.dll+0x219ef1]
V  [jvm.dll+0x219311]
V  [jvm.dll+0x1a502d]
V  [jvm.dll+0x2290de]
V  [jvm.dll+0x2272ac]
V  [jvm.dll+0x7e9bb7]
V  [jvm.dll+0x7e3fba]
V  [jvm.dll+0x67c1b5]
C  [ucrtbase.dll+0x29363]
C  [KERNEL32.DLL+0x1257d]
C  [ntdll.dll+0x5aa58]


---------------  P R O C E S S  ---------------

Threads class SMR info:
_java_thread_list=0x000001fbffb15c30, length=17, elements={
0x000001fbf51703b0, 0x000001fbf9fae010, 0x000001fbf9fb0550, 0x000001fbf9fde320,
0x000001fbf9fdefb0, 0x000001fbf9fdfd40, 0x000001fbf9fe3890, 0x000001fbf9fe4490,
0x000001fbff137f60, 0x000001fbff138c20, 0x000001fbf9edc120, 0x000001fbff3a1770,
0x000001fbffa30dd0, 0x000001fbff82f630, 0x000001fbffab1200, 0x000001fbffab0b00,
0x000001fbffc992f0
}

Java Threads: ( => current thread )
  0x000001fbf51703b0 JavaThread "main" [_thread_blocked, id=12604, stack(0x00000056bb000000,0x00000056bb100000)]
  0x000001fbf9fae010 JavaThread "Reference Handler" daemon [_thread_blocked, id=26912, stack(0x00000056bb300000,0x00000056bb400000)]
  0x000001fbf9fb0550 JavaThread "Finalizer" daemon [_thread_blocked, id=27780, stack(0x00000056bb400000,0x00000056bb500000)]
  0x000001fbf9fde320 JavaThread "Signal Dispatcher" daemon [_thread_blocked, id=20632, stack(0x00000056bb500000,0x00000056bb600000)]
  0x000001fbf9fdefb0 JavaThread "Attach Listener" daemon [_thread_blocked, id=32084, stack(0x00000056bb600000,0x00000056bb700000)]
  0x000001fbf9fdfd40 JavaThread "Service Thread" daemon [_thread_blocked, id=27664, stack(0x00000056bb700000,0x00000056bb800000)]
  0x000001fbf9fe3890 JavaThread "Monitor Deflation Thread" daemon [_thread_blocked, id=10948, stack(0x00000056bb800000,0x00000056bb900000)]
=>0x000001fbf9fe4490 JavaThread "C2 CompilerThread0" daemon [_thread_in_native, id=27152, stack(0x00000056bb900000,0x00000056bba00000)]
  0x000001fbff137f60 JavaThread "C1 CompilerThread0" daemon [_thread_in_vm, id=31688, stack(0x00000056bba00000,0x00000056bbb00000)]
  0x000001fbff138c20 JavaThread "Sweeper thread" daemon [_thread_blocked, id=29588, stack(0x00000056bbb00000,0x00000056bbc00000)]
  0x000001fbf9edc120 JavaThread "Common-Cleaner" daemon [_thread_blocked, id=30768, stack(0x00000056bbc00000,0x00000056bbd00000)]
  0x000001fbff3a1770 JavaThread "Notification Thread" daemon [_thread_blocked, id=9596, stack(0x00000056bbd00000,0x00000056bbe00000)]
  0x000001fbffa30dd0 JavaThread "Active Thread: Equinox Container: 9216cde9-0ca7-4934-9fa1-dedab25b0418" [_thread_blocked, id=7212, stack(0x00000056bc200000,0x00000056bc300000)]
  0x000001fbff82f630 JavaThread "Framework Event Dispatcher: Equinox Container: 9216cde9-0ca7-4934-9fa1-dedab25b0418" daemon [_thread_blocked, id=29612, stack(0x00000056bc300000,0x00000056bc400000)]
  0x000001fbffab1200 JavaThread "Start Level: Equinox Container: 9216cde9-0ca7-4934-9fa1-dedab25b0418" daemon [_thread_in_vm, id=31068, stack(0x00000056bc400000,0x00000056bc500000)]
  0x000001fbffab0b00 JavaThread "SCR Component Actor" daemon [_thread_blocked, id=26932, stack(0x00000056bc500000,0x00000056bc600000)]
  0x000001fbffc992f0 JavaThread "SCR Component Registry" daemon [_thread_blocked, id=30820, stack(0x00000056bc600000,0x00000056bc700000)]

Other Threads:
  0x000001fbf9f9a710 VMThread "VM Thread" [stack: 0x00000056bb200000,0x00000056bb300000] [id=32344]
  0x000001fbff3a1c50 WatcherThread [stack: 0x00000056bbe00000,0x00000056bbf00000] [id=31784]
  0x000001fbf5183d50 GCTaskThread "GC Thread#0" [stack: 0x00000056bb100000,0x00000056bb200000] [id=30296]
  0x000001fbff8ff180 GCTaskThread "GC Thread#1" [stack: 0x00000056bbf00000,0x00000056bc000000] [id=11776]
  0x000001fbff9bccc0 GCTaskThread "GC Thread#2" [stack: 0x00000056bc000000,0x00000056bc100000] [id=17852]
  0x000001fbff9c0f90 GCTaskThread "GC Thread#3" [stack: 0x00000056bc100000,0x00000056bc200000] [id=17508]

Threads with active compile tasks:
C2 CompilerThread0     6374 1754       4       sun.util.locale.BaseLocale::getInstance (149 bytes)

VM state: not at safepoint (normal execution)

VM Mutex/Monitor currently owned by a thread: None

OutOfMemory and StackOverflow Exception counts:
OutOfMemoryError java_heap_errors=1
LinkageErrors=11

Heap address: 0x00000000c0000000, size: 1024 MB, Compressed Oops mode: 32-bit

CDS archive(s) not mapped
Compressed class space mapped at: 0x0000000100000000-0x0000000140000000, reserved size: 1073741824
Narrow klass base: 0x0000000000000000, Narrow klass shift: 3, Narrow klass range: 0x140000000

GC Precious Log:
 CPUs: 4 total, 4 available
 Memory: 3919M
 Large Page Support: Disabled
 NUMA Support: Disabled
 Compressed Oops: Enabled (32-bit)
 Alignments: Space 512K, Generation 512K, Heap 2M
 Heap Min Capacity: 100M
 Heap Initial Capacity: 100M
 Heap Max Capacity: 1G
 Pre-touch: Disabled
 Parallel Workers: 4

Heap:
 PSYoungGen      total 29696K, used 11767K [0x00000000eab00000, 0x00000000ecc00000, 0x0000000100000000)
  eden space 25600K, 29% used [0x00000000eab00000,0x00000000eb27f508,0x00000000ec400000)
  from space 4096K, 99% used [0x00000000ec800000,0x00000000ecbfe980,0x00000000ecc00000)
  to   space 4096K, 0% used [0x00000000ec400000,0x00000000ec400000,0x00000000ec800000)
 ParOldGen       total 68608K, used 738K [0x00000000c0000000, 0x00000000c4300000, 0x00000000eab00000)
  object space 68608K, 1% used [0x00000000c0000000,0x00000000c00b8af8,0x00000000c4300000)
 Metaspace       used 16472K, committed 16704K, reserved 1114112K
  class space    used 1672K, committed 1792K, reserved 1048576K

Card table byte_map: [0x000001fbf4b00000,0x000001fbf4d10000] _byte_map_base: 0x000001fbf4500000

Marking Bits: (ParMarkBitMap*) 0x00007ffe9bc2d7d0
 Begin Bits: [0x000001fbf7e00000, 0x000001fbf8e00000)
 End Bits:   [0x000001fbf8e00000, 0x000001fbf9e00000)

Polling page: 0x000001fbf30e0000

Metaspace:

Usage:
  Non-class:     14.45 MB used.
      Class:      1.63 MB used.
       Both:     16.09 MB used.

Virtual space:
  Non-class space:       64.00 MB reserved,      14.56 MB ( 23%) committed,  1 nodes.
      Class space:        1.00 GB reserved,       1.75 MB ( <1%) committed,  1 nodes.
             Both:        1.06 GB reserved,      16.31 MB (  1%) committed. 

Chunk freelists:
   Non-Class:  928.00 KB
       Class:  14.09 MB
        Both:  15.00 MB

MaxMetaspaceSize: unlimited
CompressedClassSpaceSize: 1.00 GB
Initial GC threshold: 21.00 MB
Current GC threshold: 21.00 MB
CDS: off
MetaspaceReclaimPolicy: balanced
 - commit_granule_bytes: 65536.
 - commit_granule_words: 8192.
 - virtual_space_node_default_size: 8388608.
 - enlarge_chunks_in_place: 1.
 - new_chunks_are_fully_committed: 0.
 - uncommit_free_chunks: 1.
 - use_allocation_guard: 0.
 - handle_deallocations: 1.


Internal statistics:

num_allocs_failed_limit: 0.
num_arena_births: 106.
num_arena_deaths: 0.
num_vsnodes_births: 2.
num_vsnodes_deaths: 0.
num_space_committed: 261.
num_space_uncommitted: 0.
num_chunks_returned_to_freelist: 0.
num_chunks_taken_from_freelist: 346.
num_chunk_merges: 0.
num_chunk_splits: 220.
num_chunks_enlarged: 165.
num_inconsistent_stats: 0.

CodeHeap 'non-profiled nmethods': size=120000Kb used=736Kb max_used=736Kb free=119263Kb
 bounds [0x000001fb87ad0000, 0x000001fb87d40000, 0x000001fb8f000000]
CodeHeap 'profiled nmethods': size=120000Kb used=3414Kb max_used=3414Kb free=116585Kb
 bounds [0x000001fb80000000, 0x000001fb80360000, 0x000001fb87530000]
CodeHeap 'non-nmethods': size=5760Kb used=1170Kb max_used=1194Kb free=4589Kb
 bounds [0x000001fb87530000, 0x000001fb877a0000, 0x000001fb87ad0000]
 total_blobs=2241 nmethods=1776 adapters=379
 compilation: enabled
              stopped_count=0, restarted_count=0
 full_count=0

Compilation events (20 events):
Event: 6.286 Thread 0x000001fbff137f60 1761       3       org.eclipse.osgi.internal.framework.EquinoxBundle::getState (101 bytes)
Event: 6.287 Thread 0x000001fbff137f60 nmethod 1761 0x000001fb8034bb10 code [0x000001fb8034bd80, 0x000001fb8034c778]
Event: 6.287 Thread 0x000001fbff137f60 1762   !   3       org.eclipse.osgi.internal.framework.EquinoxBundle::$SWITCH_TABLE$org$eclipse$osgi$container$Module$State (115 bytes)
Event: 6.288 Thread 0x000001fbff137f60 nmethod 1762 0x000001fb8034cb10 code [0x000001fb8034cd00, 0x000001fb8034d268]
Event: 6.298 Thread 0x000001fbff137f60 1764       1       com.sun.org.apache.xerces.internal.utils.XMLSecurityManager$Limit::systemProperty (5 bytes)
Event: 6.298 Thread 0x000001fbff137f60 nmethod 1764 0x000001fb87b87310 code [0x000001fb87b874a0, 0x000001fb87b87578]
Event: 6.299 Thread 0x000001fbff137f60 1765       1       com.sun.org.apache.xerces.internal.util.Status::isExceptional (5 bytes)
Event: 6.299 Thread 0x000001fbff137f60 nmethod 1765 0x000001fb87b87610 code [0x000001fb87b877a0, 0x000001fb87b87878]
Event: 6.305 Thread 0x000001fbff137f60 1766       3       com.sun.org.apache.xerces.internal.impl.XMLEntityScanner::checkEntityLimit (50 bytes)
Event: 6.306 Thread 0x000001fbff137f60 nmethod 1766 0x000001fb8034d490 code [0x000001fb8034d660, 0x000001fb8034d998]
Event: 6.306 Thread 0x000001fbff137f60 1767       3       com.sun.org.apache.xerces.internal.impl.XMLEntityScanner::checkBeforeLoad (140 bytes)
Event: 6.306 Thread 0x000001fbff137f60 nmethod 1767 0x000001fb8034da90 code [0x000001fb8034dc80, 0x000001fb8034e198]
Event: 6.312 Thread 0x000001fbff137f60 1768       3       java.util.concurrent.locks.ReentrantLock::lock (8 bytes)
Event: 6.313 Thread 0x000001fbff137f60 nmethod 1768 0x000001fb8034e390 code [0x000001fb8034e540, 0x000001fb8034e7f8]
Event: 6.313 Thread 0x000001fbff137f60 1769       3       java.util.concurrent.locks.ReentrantLock$Sync::lock (13 bytes)
Event: 6.313 Thread 0x000001fbff137f60 nmethod 1769 0x000001fb8034e910 code [0x000001fb8034eac0, 0x000001fb8034ecf8]
Event: 6.313 Thread 0x000001fbff137f60 1770       1       java.util.concurrent.atomic.AtomicReference::get (5 bytes)
Event: 6.313 Thread 0x000001fbff137f60 nmethod 1770 0x000001fb87b87910 code [0x000001fb87b87aa0, 0x000001fb87b87b78]
Event: 6.319 Thread 0x000001fbff137f60 1771       3       org.eclipse.osgi.internal.framework.EquinoxBundle::getSymbolicName (11 bytes)
Event: 6.320 Thread 0x000001fbff137f60 nmethod 1771 0x000001fb8034ed90 code [0x000001fb8034ef40, 0x000001fb8034f108]

GC Heap History (4 events):
Event: 3.540 GC heap before
{Heap before GC invocations=1 (full 0):
 PSYoungGen      total 29696K, used 25600K [0x00000000eab00000, 0x00000000ecc00000, 0x0000000100000000)
  eden space 25600K, 100% used [0x00000000eab00000,0x00000000ec400000,0x00000000ec400000)
  from space 4096K, 0% used [0x00000000ec800000,0x00000000ec800000,0x00000000ecc00000)
  to   space 4096K, 0% used [0x00000000ec400000,0x00000000ec400000,0x00000000ec800000)
 ParOldGen       total 68608K, used 0K [0x00000000c0000000, 0x00000000c4300000, 0x00000000eab00000)
  object space 68608K, 0% used [0x00000000c0000000,0x00000000c0000000,0x00000000c4300000)
 Metaspace       used 11022K, committed 11200K, reserved 1114112K
  class space    used 1098K, committed 1216K, reserved 1048576K
}
Event: 3.600 GC heap after
{Heap after GC invocations=1 (full 0):
 PSYoungGen      total 29696K, used 3166K [0x00000000eab00000, 0x00000000ecc00000, 0x0000000100000000)
  eden space 25600K, 0% used [0x00000000eab00000,0x00000000eab00000,0x00000000ec400000)
  from space 4096K, 77% used [0x00000000ec400000,0x00000000ec717b98,0x00000000ec800000)
  to   space 4096K, 0% used [0x00000000ec800000,0x00000000ec800000,0x00000000ecc00000)
 ParOldGen       total 68608K, used 16K [0x00000000c0000000, 0x00000000c4300000, 0x00000000eab00000)
  object space 68608K, 0% used [0x00000000c0000000,0x00000000c0004000,0x00000000c4300000)
 Metaspace       used 11022K, committed 11200K, reserved 1114112K
  class space    used 1098K, committed 1216K, reserved 1048576K
}
Event: 5.948 GC heap before
{Heap before GC invocations=2 (full 0):
 PSYoungGen      total 29696K, used 28766K [0x00000000eab00000, 0x00000000ecc00000, 0x0000000100000000)
  eden space 25600K, 100% used [0x00000000eab00000,0x00000000ec400000,0x00000000ec400000)
  from space 4096K, 77% used [0x00000000ec400000,0x00000000ec717b98,0x00000000ec800000)
  to   space 4096K, 0% used [0x00000000ec800000,0x00000000ec800000,0x00000000ecc00000)
 ParOldGen       total 68608K, used 16K [0x00000000c0000000, 0x00000000c4300000, 0x00000000eab00000)
  object space 68608K, 0% used [0x00000000c0000000,0x00000000c0004000,0x00000000c4300000)
 Metaspace       used 14923K, committed 15168K, reserved 1114112K
  class space    used 1514K, committed 1664K, reserved 1048576K
}
Event: 5.956 GC heap after
{Heap after GC invocations=2 (full 0):
 PSYoungGen      total 29696K, used 4090K [0x00000000eab00000, 0x00000000ecc00000, 0x0000000100000000)
  eden space 25600K, 0% used [0x00000000eab00000,0x00000000eab00000,0x00000000ec400000)
  from space 4096K, 99% used [0x00000000ec800000,0x00000000ecbfe980,0x00000000ecc00000)
  to   space 4096K, 0% used [0x00000000ec400000,0x00000000ec400000,0x00000000ec800000)
 ParOldGen       total 68608K, used 738K [0x00000000c0000000, 0x00000000c4300000, 0x00000000eab00000)
  object space 68608K, 1% used [0x00000000c0000000,0x00000000c00b8af8,0x00000000c4300000)
 Metaspace       used 14923K, committed 15168K, reserved 1114112K
  class space    used 1514K, committed 1664K, reserved 1048576K
}

Dll operation events (9 events):
Event: 0.037 Loaded shared library c:\Users\HP\.vscode\extensions\redhat.java-1.28.1-win32-x64\jre\17.0.10-win32-x86_64\bin\java.dll
Event: 0.488 Loaded shared library c:\Users\HP\.vscode\extensions\redhat.java-1.28.1-win32-x64\jre\17.0.10-win32-x86_64\bin\zip.dll
Event: 0.554 Loaded shared library C:\Users\HP\.vscode\extensions\redhat.java-1.28.1-win32-x64\jre\17.0.10-win32-x86_64\bin\instrument.dll
Event: 0.621 Loaded shared library C:\Users\HP\.vscode\extensions\redhat.java-1.28.1-win32-x64\jre\17.0.10-win32-x86_64\bin\net.dll
Event: 0.656 Loaded shared library C:\Users\HP\.vscode\extensions\redhat.java-1.28.1-win32-x64\jre\17.0.10-win32-x86_64\bin\nio.dll
Event: 0.784 Loaded shared library C:\Users\HP\.vscode\extensions\redhat.java-1.28.1-win32-x64\jre\17.0.10-win32-x86_64\bin\zip.dll
Event: 0.886 Loaded shared library C:\Users\HP\.vscode\extensions\redhat.java-1.28.1-win32-x64\jre\17.0.10-win32-x86_64\bin\jimage.dll
Event: 1.051 Loaded shared library c:\Users\HP\.vscode\extensions\redhat.java-1.28.1-win32-x64\jre\17.0.10-win32-x86_64\bin\verify.dll
Event: 5.579 Loaded shared library C:\Users\HP\AppData\Roaming\Code\User\globalStorage\redhat.java\1.28.1\config_ss_win\org.eclipse.equinox.launcher\org.eclipse.equinox.launcher.win32.win32.x86_64_1.2.900.v20240129-1338\eclipse_11900.dll

Deoptimization events (20 events):
Event: 6.067 Thread 0x000001fbffab1200 Uncommon trap: trap_request=0xffffffde fr.pc=0x000001fb87b35a9c relative=0x00000000000004bc
Event: 6.067 Thread 0x000001fbffab1200 Uncommon trap: reason=class_check action=maybe_recompile pc=0x000001fb87b35a9c method=java.io.DataInputStream.readInt()I @ 6 c2
Event: 6.067 Thread 0x000001fbffab1200 DEOPT PACKING pc=0x000001fb87b35a9c sp=0x00000056bc4fd000
Event: 6.067 Thread 0x000001fbffab1200 DEOPT UNPACKING pc=0x000001fb875866a3 sp=0x00000056bc4fcfb8 mode 2
Event: 6.067 Thread 0x000001fbffab1200 Uncommon trap: trap_request=0xffffffde fr.pc=0x000001fb87b35a9c relative=0x00000000000004bc
Event: 6.067 Thread 0x000001fbffab1200 Uncommon trap: reason=class_check action=maybe_recompile pc=0x000001fb87b35a9c method=java.io.DataInputStream.readInt()I @ 6 c2
Event: 6.067 Thread 0x000001fbffab1200 DEOPT PACKING pc=0x000001fb87b35a9c sp=0x00000056bc4fcf80
Event: 6.067 Thread 0x000001fbffab1200 DEOPT UNPACKING pc=0x000001fb875866a3 sp=0x00000056bc4fcf38 mode 2
Event: 6.067 Thread 0x000001fbffab1200 Uncommon trap: trap_request=0xffffffde fr.pc=0x000001fb87b35a9c relative=0x00000000000004bc
Event: 6.067 Thread 0x000001fbffab1200 Uncommon trap: reason=class_check action=maybe_recompile pc=0x000001fb87b35a9c method=java.io.DataInputStream.readInt()I @ 6 c2
Event: 6.067 Thread 0x000001fbffab1200 DEOPT PACKING pc=0x000001fb87b35a9c sp=0x00000056bc4fcf80
Event: 6.067 Thread 0x000001fbffab1200 DEOPT UNPACKING pc=0x000001fb875866a3 sp=0x00000056bc4fcf38 mode 2
Event: 6.067 Thread 0x000001fbffab1200 Uncommon trap: trap_request=0xffffffde fr.pc=0x000001fb87b35a9c relative=0x00000000000004bc
Event: 6.067 Thread 0x000001fbffab1200 Uncommon trap: reason=class_check action=maybe_recompile pc=0x000001fb87b35a9c method=java.io.DataInputStream.readInt()I @ 6 c2
Event: 6.067 Thread 0x000001fbffab1200 DEOPT PACKING pc=0x000001fb87b35a9c sp=0x00000056bc4fd000
Event: 6.067 Thread 0x000001fbffab1200 DEOPT UNPACKING pc=0x000001fb875866a3 sp=0x00000056bc4fcfb8 mode 2
Event: 6.085 Thread 0x000001fbffab1200 Uncommon trap: trap_request=0xffffff45 fr.pc=0x000001fb87b23674 relative=0x0000000000000074
Event: 6.085 Thread 0x000001fbffab1200 Uncommon trap: reason=unstable_if action=reinterpret pc=0x000001fb87b23674 method=jdk.internal.misc.Unsafe.convEndian(ZJ)J @ 4 c2
Event: 6.085 Thread 0x000001fbffab1200 DEOPT PACKING pc=0x000001fb87b23674 sp=0x00000056bc4fbd90
Event: 6.085 Thread 0x000001fbffab1200 DEOPT UNPACKING pc=0x000001fb875866a3 sp=0x00000056bc4fbcb8 mode 2

Classes unloaded (0 events):
No events

Classes redefined (0 events):
No events

Internal exceptions (20 events):
Event: 2.465 Thread 0x000001fbf51703b0 Exception <a 'java/lang/ClassNotFoundException'{0x00000000ec0a8e08}: sun/net/www/protocol/c/Handler> (0x00000000ec0a8e08) 
thrown [s\src\hotspot\share\classfile\systemDictionary.cpp, line 256]
Event: 2.467 Thread 0x000001fbf51703b0 Exception <a 'java/lang/ClassNotFoundException'{0x00000000ec0aa188}: sun/net/www/protocol/d/Handler> (0x00000000ec0aa188) 
thrown [s\src\hotspot\share\classfile\systemDictionary.cpp, line 256]
Event: 2.467 Thread 0x000001fbf51703b0 Exception <a 'java/lang/ClassNotFoundException'{0x00000000ec0ab378}: sun/net/www/protocol/c/Handler> (0x00000000ec0ab378) 
thrown [s\src\hotspot\share\classfile\systemDictionary.cpp, line 256]
Event: 2.573 Thread 0x000001fbf51703b0 Exception <a 'java/io/FileNotFoundException'{0x00000000ec0ce588}> (0x00000000ec0ce588) 
thrown [s\src\hotspot\share\prims\jni.cpp, line 516]
Event: 3.186 Thread 0x000001fbf51703b0 Implicit null exception at 0x000001fb87b25580 to 0x000001fb87b25fe8
Event: 3.187 Thread 0x000001fbf51703b0 Implicit null exception at 0x000001fb87b1c46c to 0x000001fb87b1c668
Event: 3.187 Thread 0x000001fbf51703b0 Implicit null exception at 0x000001fb87b12c8e to 0x000001fb87b12edc
Event: 3.494 Thread 0x000001fbf51703b0 Exception <a 'java/lang/NoSuchMethodError'{0x00000000ec3a0958}: 'int java.lang.invoke.DirectMethodHandle$Holder.invokeStaticInit(java.lang.Object, java.lang.Object, java.lang.Object, java.lang.Object)'> (0x00000000ec3a0958) 
thrown [s\src\hotspot\share\interpreter\linkResolver.cpp, line 759]
Event: 3.498 Thread 0x000001fbf51703b0 Exception <a 'java/lang/NoSuchMethodError'{0x00000000ec3aafc8}: 'java.lang.Object java.lang.invoke.DirectMethodHandle$Holder.invokeInterface(java.lang.Object, java.lang.Object)'> (0x00000000ec3aafc8) 
thrown [s\src\hotspot\share\interpreter\linkResolver.cpp, line 759]
Event: 3.498 Thread 0x000001fbf51703b0 Exception <a 'java/lang/IncompatibleClassChangeError'{0x00000000ec3ae7c0}: Found class java.lang.Object, but interface was expected> (0x00000000ec3ae7c0) 
thrown [s\src\hotspot\share\interpreter\linkResolver.cpp, line 826]
Event: 3.504 Thread 0x000001fbf51703b0 Exception <a 'java/lang/NoSuchMethodError'{0x00000000ec3b2cb0}: 'void java.lang.invoke.DirectMethodHandle$Holder.invokeStatic(java.lang.Object, java.lang.Object)'> (0x00000000ec3b2cb0) 
thrown [s\src\hotspot\share\interpreter\linkResolver.cpp, line 759]
Event: 3.509 Thread 0x000001fbf51703b0 Exception <a 'java/lang/NoSuchMethodError'{0x00000000ec3b64b0}: 'void java.lang.invoke.DirectMethodHandle$Holder.invokeStaticInit(java.lang.Object, java.lang.Object)'> (0x00000000ec3b64b0) 
thrown [s\src\hotspot\share\interpreter\linkResolver.cpp, line 759]
Event: 3.516 Thread 0x000001fbf51703b0 Exception <a 'java/lang/NoSuchMethodError'{0x00000000ec3bd920}: 'int java.lang.invoke.DirectMethodHandle$Holder.invokeStaticInit(java.lang.Object, java.lang.Object)'> (0x00000000ec3bd920) 
thrown [s\src\hotspot\share\interpreter\linkResolver.cpp, line 759]
Event: 3.688 Thread 0x000001fbf51703b0 Exception <a 'java/lang/NoSuchMethodError'{0x00000000eabea568}: 'void java.lang.invoke.DirectMethodHandle$Holder.invokeSpecial(java.lang.Object, java.lang.Object, java.lang.Object)'> (0x00000000eabea568) 
thrown [s\src\hotspot\share\interpreter\linkResolver.cpp, line 759]
Event: 4.977 Thread 0x000001fbf51703b0 Exception <a 'java/lang/NoSuchMethodError'{0x00000000eb8a4310}: 'java.lang.Object java.lang.invoke.DirectMethodHandle$Holder.newInvokeSpecial(java.lang.Object, int, java.lang.Object)'> (0x00000000eb8a4310) 
thrown [s\src\hotspot\share\interpreter\linkResolver.cpp, line 759]
Event: 5.563 Thread 0x000001fbf51703b0 Exception <a 'java/lang/UnsatisfiedLinkError'{0x00000000ebe26868}: 'void org.eclipse.equinox.launcher.JNIBridge._update_splash()'> (0x00000000ebe26868) 
thrown [s\src\hotspot\share\prims\nativeLookup.cpp, line 543]
Event: 5.683 Thread 0x000001fbffab1200 Exception <a 'java/lang/NoSuchMethodError'{0x00000000ec10ae98}: 'java.lang.Object java.lang.invoke.DirectMethodHandle$Holder.invokeStaticInit(java.lang.Object)'> (0x00000000ec10ae98) 
thrown [s\src\hotspot\share\interpreter\linkResolver.cpp, line 759]
Event: 5.832 Thread 0x000001fbffab1200 Exception <a 'java/lang/NullPointerException'{0x00000000ec245410}> (0x00000000ec245410) 
thrown [s\src\hotspot\share\interpreter\linkResolver.cpp, line 1350]
Event: 5.832 Thread 0x000001fbffab1200 Exception <a 'java/lang/NullPointerException'{0x00000000ec2456e8}> (0x00000000ec2456e8) 
thrown [s\src\hotspot\share\interpreter\linkResolver.cpp, line 1350]
Event: 6.044 Thread 0x000001fbffab1200 Exception <a 'java/lang/OutOfMemoryError'{0x00000000eaea82c8}> (0x00000000eaea82c8) 
thrown [s\src\hotspot\share\prims\jni.cpp, line 535]

VM Operations (20 events):
Event: 4.782 Executing VM operation: HandshakeAllThreads
Event: 4.782 Executing VM operation: HandshakeAllThreads done
Event: 4.785 Executing VM operation: HandshakeAllThreads
Event: 4.785 Executing VM operation: HandshakeAllThreads done
Event: 4.923 Executing VM operation: HandshakeAllThreads
Event: 4.923 Executing VM operation: HandshakeAllThreads done
Event: 4.951 Executing VM operation: HandshakeAllThreads
Event: 4.951 Executing VM operation: HandshakeAllThreads done
Event: 5.822 Executing VM operation: HandshakeAllThreads
Event: 5.822 Executing VM operation: HandshakeAllThreads done
Event: 5.822 Executing VM operation: Cleanup
Event: 5.822 Executing VM operation: Cleanup done
Event: 5.948 Executing VM operation: ParallelGCFailedAllocation
Event: 5.956 Executing VM operation: ParallelGCFailedAllocation done
Event: 6.072 Executing VM operation: HandshakeAllThreads
Event: 6.072 Executing VM operation: HandshakeAllThreads done
Event: 6.085 Executing VM operation: HandshakeAllThreads
Event: 6.085 Executing VM operation: HandshakeAllThreads done
Event: 6.268 Executing VM operation: HandshakeAllThreads
Event: 6.268 Executing VM operation: HandshakeAllThreads done

Events (20 events):
Event: 6.270 loading class java/io/PrintWriter done
Event: 6.271 loading class java/lang/Throwable$WrappedPrintWriter
Event: 6.272 loading class java/lang/Throwable$PrintStreamOrWriter
Event: 6.272 loading class java/lang/Throwable$PrintStreamOrWriter done
Event: 6.272 loading class java/lang/Throwable$WrappedPrintWriter done
Event: 6.281 loading class java/io/FileOutputStream$1
Event: 6.282 loading class java/io/FileOutputStream$1 done
Event: 6.323 loading class java/util/concurrent/RejectedExecutionException
Event: 6.323 loading class java/util/concurrent/RejectedExecutionException done
Event: 6.324 loading class java/util/concurrent/CompletionStage
Event: 6.327 loading class java/util/concurrent/CompletionStage done
Event: 6.332 loading class java/util/Timer
Event: 6.332 loading class java/util/Timer done
Event: 6.332 loading class java/util/TaskQueue
Event: 6.332 loading class java/util/TaskQueue done
Event: 6.332 loading class java/util/TimerThread
Event: 6.332 loading class java/util/TimerThread done
Event: 6.332 loading class java/util/Timer$ThreadReaper
Event: 6.332 loading class java/util/Timer$ThreadReaper done
Event: 6.333 Thread 0x000001fbffc992f0 Thread added: 0x000001fbffc992f0


Dynamic libraries:
0x00007ff6cb0e0000 - 0x00007ff6cb0ee000 	c:\Users\HP\.vscode\extensions\redhat.java-1.28.1-win32-x64\jre\17.0.10-win32-x86_64\bin\java.exe
0x00007ffef2f50000 - 0x00007ffef3167000 	C:\WINDOWS\SYSTEM32\ntdll.dll
0x00007ffef1ba0000 - 0x00007ffef1c64000 	C:\WINDOWS\System32\KERNEL32.DLL
0x00007ffef08f0000 - 0x00007ffef0c96000 	C:\WINDOWS\System32\KERNELBASE.dll
0x00007ffef03b0000 - 0x00007ffef04c1000 	C:\WINDOWS\System32\ucrtbase.dll
0x00007ffed4780000 - 0x00007ffed4797000 	c:\Users\HP\.vscode\extensions\redhat.java-1.28.1-win32-x64\jre\17.0.10-win32-x86_64\bin\jli.dll
0x00007ffef1c70000 - 0x00007ffef1e1e000 	C:\WINDOWS\System32\USER32.dll
0x00007ffef08c0000 - 0x00007ffef08e6000 	C:\WINDOWS\System32\win32u.dll
0x00007ffef0cc0000 - 0x00007ffef0ce9000 	C:\WINDOWS\System32\GDI32.dll
0x00007ffef0590000 - 0x00007ffef06a8000 	C:\WINDOWS\System32\gdi32full.dll
0x00007ffef0820000 - 0x00007ffef08ba000 	C:\WINDOWS\System32\msvcp_win.dll
0x00007ffed2140000 - 0x00007ffed215b000 	c:\Users\HP\.vscode\extensions\redhat.java-1.28.1-win32-x64\jre\17.0.10-win32-x86_64\bin\VCRUNTIME140.dll
0x00007ffed8820000 - 0x00007ffed8ab3000 	C:\WINDOWS\WinSxS\amd64_microsoft.windows.common-controls_6595b64144ccf1df_6.0.22621.2506_none_270c5ae97388e100\COMCTL32.dll
0x00007ffef2ac0000 - 0x00007ffef2b67000 	C:\WINDOWS\System32\msvcrt.dll
0x00007ffef2230000 - 0x00007ffef2261000 	C:\WINDOWS\System32\IMM32.DLL
0x00007ffedd8c0000 - 0x00007ffedd8cc000 	c:\Users\HP\.vscode\extensions\redhat.java-1.28.1-win32-x64\jre\17.0.10-win32-x86_64\bin\vcruntime140_1.dll
0x00007ffeb5ad0000 - 0x00007ffeb5b5d000 	c:\Users\HP\.vscode\extensions\redhat.java-1.28.1-win32-x64\jre\17.0.10-win32-x86_64\bin\msvcp140.dll
0x00007ffe9b090000 - 0x00007ffe9bcf2000 	c:\Users\HP\.vscode\extensions\redhat.java-1.28.1-win32-x64\jre\17.0.10-win32-x86_64\bin\server\jvm.dll
0x00007ffef2510000 - 0x00007ffef25c3000 	C:\WINDOWS\System32\ADVAPI32.dll
0x00007ffef1630000 - 0x00007ffef16d8000 	C:\WINDOWS\System32\sechost.dll
0x00007ffef0380000 - 0x00007ffef03a8000 	C:\WINDOWS\System32\bcrypt.dll
0x00007ffef1880000 - 0x00007ffef1997000 	C:\WINDOWS\System32\RPCRT4.dll
0x00007ffeef0e0000 - 0x00007ffeef12d000 	C:\WINDOWS\SYSTEM32\POWRPROF.dll
0x00007ffecb770000 - 0x00007ffecb779000 	C:\WINDOWS\SYSTEM32\WSOCK32.dll
0x00007ffef1aa0000 - 0x00007ffef1b11000 	C:\WINDOWS\System32\WS2_32.dll
0x00007ffee7950000 - 0x00007ffee7984000 	C:\WINDOWS\SYSTEM32\WINMM.dll
0x00007ffee6f30000 - 0x00007ffee6f3a000 	C:\WINDOWS\SYSTEM32\VERSION.dll
0x00007ffeef0c0000 - 0x00007ffeef0d3000 	C:\WINDOWS\SYSTEM32\UMPDC.dll
0x00007ffeef320000 - 0x00007ffeef338000 	C:\WINDOWS\SYSTEM32\kernel.appcore.dll
0x00007ffed80b0000 - 0x00007ffed80ba000 	c:\Users\HP\.vscode\extensions\redhat.java-1.28.1-win32-x64\jre\17.0.10-win32-x86_64\bin\jimage.dll
0x00007ffeedc90000 - 0x00007ffeedec3000 	C:\WINDOWS\SYSTEM32\DBGHELP.DLL
0x00007ffef2b80000 - 0x00007ffef2f09000 	C:\WINDOWS\System32\combase.dll
0x00007ffef0cf0000 - 0x00007ffef0dc7000 	C:\WINDOWS\System32\OLEAUT32.dll
0x00007ffeccca0000 - 0x00007ffecccd2000 	C:\WINDOWS\SYSTEM32\dbgcore.DLL
0x00007ffef0300000 - 0x00007ffef037a000 	C:\WINDOWS\System32\bcryptPrimitives.dll
0x00007ffee79c0000 - 0x00007ffee79ce000 	c:\Users\HP\.vscode\extensions\redhat.java-1.28.1-win32-x64\jre\17.0.10-win32-x86_64\bin\instrument.dll
0x00007ffebb180000 - 0x00007ffebb1a5000 	c:\Users\HP\.vscode\extensions\redhat.java-1.28.1-win32-x64\jre\17.0.10-win32-x86_64\bin\java.dll
0x00007ffecff30000 - 0x00007ffecff48000 	c:\Users\HP\.vscode\extensions\redhat.java-1.28.1-win32-x64\jre\17.0.10-win32-x86_64\bin\zip.dll
0x00007ffef0dd0000 - 0x00007ffef162b000 	C:\WINDOWS\System32\SHELL32.dll
0x00007ffeee1b0000 - 0x00007ffeeeaa6000 	C:\WINDOWS\SYSTEM32\windows.storage.dll
0x00007ffeedf60000 - 0x00007ffeee09e000 	C:\WINDOWS\SYSTEM32\wintypes.dll
0x00007ffef19a0000 - 0x00007ffef1a93000 	C:\WINDOWS\System32\SHCORE.dll
0x00007ffef1e20000 - 0x00007ffef1e7e000 	C:\WINDOWS\System32\shlwapi.dll
0x00007ffef01c0000 - 0x00007ffef01e6000 	C:\WINDOWS\SYSTEM32\profapi.dll
0x00007ffecfac0000 - 0x00007ffecfad9000 	C:\Users\HP\.vscode\extensions\redhat.java-1.28.1-win32-x64\jre\17.0.10-win32-x86_64\bin\net.dll
0x00007ffee6f90000 - 0x00007ffee70c7000 	C:\WINDOWS\SYSTEM32\WINHTTP.dll
0x00007ffeef800000 - 0x00007ffeef869000 	C:\WINDOWS\system32\mswsock.dll
0x00007ffecf840000 - 0x00007ffecf856000 	C:\Users\HP\.vscode\extensions\redhat.java-1.28.1-win32-x64\jre\17.0.10-win32-x86_64\bin\nio.dll
0x00007ffeeb750000 - 0x00007ffeeb760000 	c:\Users\HP\.vscode\extensions\redhat.java-1.28.1-win32-x64\jre\17.0.10-win32-x86_64\bin\verify.dll
0x00007ffedd660000 - 0x00007ffedd69e000 	C:\Users\HP\AppData\Roaming\Code\User\globalStorage\redhat.java\1.28.1\config_ss_win\org.eclipse.equinox.launcher\org.eclipse.equinox.launcher.win32.win32.x86_64_1.2.900.v20240129-1338\eclipse_11900.dll
0x00007ffef16e0000 - 0x00007ffef1880000 	C:\WINDOWS\System32\ole32.dll

dbghelp: loaded successfully - version: 4.0.5 - missing functions: none
symbol engine: initialized successfully - sym options: 0x614 - pdb path: .;c:\Users\HP\.vscode\extensions\redhat.java-1.28.1-win32-x64\jre\17.0.10-win32-x86_64\bin;C:\WINDOWS\SYSTEM32;C:\WINDOWS\WinSxS\amd64_microsoft.windows.common-controls_6595b64144ccf1df_6.0.22621.2506_none_270c5ae97388e100;c:\Users\HP\.vscode\extensions\redhat.java-1.28.1-win32-x64\jre\17.0.10-win32-x86_64\bin\server;C:\Users\HP\AppData\Roaming\Code\User\globalStorage\redhat.java\1.28.1\config_ss_win\org.eclipse.equinox.launcher\org.eclipse.equinox.launcher.win32.win32.x86_64_1.2.900.v20240129-1338

VM Arguments:
jvm_args: --add-modules=ALL-SYSTEM --add-opens=java.base/java.util=ALL-UNNAMED --add-opens=java.base/java.lang=ALL-UNNAMED --add-opens=java.base/sun.nio.fs=ALL-UNNAMED -Declipse.application=org.eclipse.jdt.ls.core.id1 -Dosgi.bundles.defaultStartLevel=4 -Declipse.product=org.eclipse.jdt.ls.core.product -Djava.import.generatesMetadataFilesAtProjectRoot=false -DDetectVMInstallationsJob.disabled=true -Dfile.encoding=utf8 -XX:+UseParallelGC -XX:GCTimeRatio=4 -XX:AdaptiveSizePolicyWeight=90 -Dsun.zip.disableMemoryMapping=true -Xmx1G -Xms100m -Xlog:disable -javaagent:c:\Users\HP\.vscode\extensions\redhat.java-1.28.1-win32-x64\lombok\lombok-1.18.31.jar 
java_command: c:\Users\HP\.vscode\extensions\redhat.java-1.28.1-win32-x64\server\plugins\org.eclipse.equinox.launcher_1.6.700.v20231214-2017.jar -configuration c:\Users\HP\AppData\Roaming\Code\User\globalStorage\redhat.java\1.28.1\config_ss_win -data c:\Users\HP\AppData\Roaming\Code\User\workspaceStorage\0d828789c167c72f6f5361a28a300af2\redhat.java\ss_ws --stdio
java_class_path (initial): c:\Users\HP\.vscode\extensions\redhat.java-1.28.1-win32-x64\server\plugins\org.eclipse.equinox.launcher_1.6.700.v20231214-2017.jar
Launcher Type: SUN_STANDARD

[Global flags]
    uintx AdaptiveSizePolicyWeight                 = 90                                        {product} {command line}
     intx CICompilerCount                          = 3                                         {product} {ergonomic}
    uintx GCTimeRatio                              = 4                                         {product} {command line}
   size_t InitialHeapSize                          = 104857600                                 {product} {command line}
   size_t MaxHeapSize                              = 1073741824                                {product} {command line}
   size_t MaxNewSize                               = 357564416                                 {product} {ergonomic}
   size_t MinHeapDeltaBytes                        = 524288                                    {product} {ergonomic}
   size_t MinHeapSize                              = 104857600                                 {product} {command line}
   size_t NewSize                                  = 34603008                                  {product} {ergonomic}
    uintx NonNMethodCodeHeapSize                   = 5832780                                {pd product} {ergonomic}
    uintx NonProfiledCodeHeapSize                  = 122912730                              {pd product} {ergonomic}
   size_t OldSize                                  = 70254592                                  {product} {ergonomic}
    uintx ProfiledCodeHeapSize                     = 122912730                              {pd product} {ergonomic}
    uintx ReservedCodeCacheSize                    = 251658240                              {pd product} {ergonomic}
     bool SegmentedCodeCache                       = true                                      {product} {ergonomic}
   size_t SoftMaxHeapSize                          = 1073741824                             {manageable} {ergonomic}
     bool UseCompressedClassPointers               = true                           {product lp64_product} {ergonomic}
     bool UseCompressedOops                        = true                           {product lp64_product} {ergonomic}
     bool UseLargePagesIndividualAllocation        = false                                  {pd product} {ergonomic}
     bool UseParallelGC                            = true                                      {product} {command line}

Logging:
Log output configuration:
 #0: stdout all=off uptime,level,tags
 #1: stderr all=off uptime,level,tags

Environment Variables:
JAVA_HOME=D:\APAP JAVA\Java\jdk-17
PATH=C:\Python312\Scripts\;C:\Python312\;C:\Program Files\Common Files\Oracle\Java\javapath;C:\Program Files (x86)\Common Files\Oracle\Java\javapath;C:\WINDOWS\system32;C:\WINDOWS;C:\WINDOWS\System32\Wbem;C:\WINDOWS\System32\WindowsPowerShell\v1.0\;C:\WINDOWS\System32\OpenSSH\;C:\Users\Ron\AppData\Local\Programs\Python\Python39;C:\Users\Ron\AppData\Local\Programs\Python\Python39\Scripts;C:\Users\HP\AppData\Local\Programs\Python\Python310\;C:\Users\HP\AppData\Local\Programs\Python\Python310\\Scripts;D:\PuTTY\;D:\Git\cmd;C:\Program Files\Docker\Docker\resources\bin;D:\APAP JAVA\Java\jdk-17\bin;D:\NODE JS\;C:\ProgramData\chocolatey\bin;C:\Users\HP\AppData\Local\Programs\Python\Python310\Scripts\;C:\Users\HP\AppData\Local\Programs\Python\Python310\;C:\Users\Ron\AppData\Local\Programs\Python\Python39;C:\Users\Ron\AppData\Local\Programs\Python\Python39\Scripts;C:\Users\HP\AppData\Local\Programs\Microsoft VS Code\bin;C:\Users\HP\Documents\COOLYEAH\Semester 3\PBP\FLUTTER\bin;C:\Users\HP\Documents\COOLYEAH\Semester 3\PBP\FLUTTER\flutter\bin;C:\Users\HP\AppData\Local\Microsoft\WindowsApps;D:\FLUTTER\bin;C:\Users\HP\AppData\Roaming\npm
USERNAME=HP
OS=Windows_NT
PROCESSOR_IDENTIFIER=Intel64 Family 6 Model 142 Stepping 12, GenuineIntel
TMP=C:\Users\HP\AppData\Local\Temp
TEMP=C:\Users\HP\AppData\Local\Temp



Periodic native trim disabled


---------------  S Y S T E M  ---------------

OS:
 Windows 11 , 64 bit Build 22621 (10.0.22621.3085)
OS uptime: 0 days 15:09 hours
Hyper-V role detected

CPU: total 4 (initial active 4) (2 cores per cpu, 2 threads per core) family 6 model 142 stepping 12 microcode 0xec, cx8, cmov, fxsr, ht, mmx, 3dnowpref, sse, sse2, sse3, ssse3, sse4.1, sse4.2, popcnt, lzcnt, tsc, tscinvbit, avx, avx2, aes, erms, clmul, bmi1, bmi2, adx, fma, vzeroupper, clflush, clflushopt, hv
Processor Information for all 4 processors :
  Max Mhz: 2592, Current Mhz: 2093, Mhz Limit: 2073

Memory: 4k page, system-wide physical 3919M (90M free)
TotalPageFile size 15695M (AvailPageFile size 0M)
current process WorkingSet (physical memory assigned to process): 92M, peak: 92M
current process commit charge ("private bytes"): 194M, peak: 195M

vm_info: OpenJDK 64-Bit Server VM (17.0.10+7) for windows-amd64 JRE (17.0.10+7), built on Jan 16 2024 23:25:11 by "admin" with MS VC++ 16.10 / 16.11 (VS2019)

END.
