#
# There is insufficient memory for the Java Runtime Environment to continue.
# Native memory allocation (malloc) failed to allocate 32744 bytes for ChunkPool::allocate
# Possible reasons:
#   The system is out of physical RAM or swap space
#   The process is running with CompressedOops enabled, and the Java Heap may be blocking the growth of the native heap
# Possible solutions:
#   Reduce memory load on the system
#   Increase physical memory or swap space
#   Check if swap backing store is full
#   Decrease Java heap size (-Xmx/-Xms)
#   Decrease number of Java threads
#   Decrease Java thread stack sizes (-Xss)
#   Set larger code cache with -XX:ReservedCodeCacheSize=
#   JVM is running with Unscaled Compressed Oops mode in which the Java heap is
#     placed in the first 4GB address space. The Java Heap base address is the
#     maximum limit for the native heap growth. Please use -XX:HeapBaseMinAddress
#     to set the Java Heap base and to place the Java Heap above 4GB virtual address.
# This output file may be truncated or incomplete.
#
#  Out of Memory Error (arena.cpp:78), pid=21428, tid=1088
#
# JRE version: Java(TM) SE Runtime Environment (17.0.8+9) (build 17.0.8+9-LTS-211)
# Java VM: Java HotSpot(TM) 64-Bit Server VM (17.0.8+9-LTS-211, mixed mode, sharing, tiered, compressed oops, compressed class ptrs, g1 gc, windows-amd64)
# No core dump will be written. Minidumps are not enabled by default on client versions of Windows
#

---------------  S U M M A R Y ------------

Command Line: -Xmx64m -Xms64m -Dorg.gradle.appname=gradlew org.gradle.wrapper.GradleWrapperMain bootRun

Host: Intel(R) Core(TM) i3-10110U CPU @ 2.10GHz, 4 cores, 3G,  Windows 11 , 64 bit Build 22621 (10.0.22621.3235)
Time: Fri Apr 12 23:11:46 2024 SE Asia Standard Time elapsed time: 274.986343 seconds (0d 0h 4m 34s)

---------------  T H R E A D  ---------------

Current thread (0x000001aa245ea220):  JavaThread "C2 CompilerThread0" daemon [_thread_in_native, id=1088, stack(0x0000008be1000000,0x0000008be1100000)]


Current CompileTask:
C2: 274986 2129       4       java.util.concurrent.ScheduledThreadPoolExecutor$ScheduledFutureTask::getDelay (16 bytes)

Stack: [0x0000008be1000000,0x0000008be1100000]
Native frames: (J=compiled Java code, j=interpreted, Vv=VM code, C=native code)
V  [jvm.dll+0x677d0a]
V  [jvm.dll+0x7d8c54]
V  [jvm.dll+0x7da3fe]
V  [jvm.dll+0x7daa63]
V  [jvm.dll+0x245c5f]
V  [jvm.dll+0xaacc0]
V  [jvm.dll+0xab00c]
V  [jvm.dll+0x60503e]
V  [jvm.dll+0x6051df]
V  [jvm.dll+0x6051df]
V  [jvm.dll+0x6051df]
V  [jvm.dll+0x60aa7c]
V  [jvm.dll+0x60b99c]
V  [jvm.dll+0x609e74]
V  [jvm.dll+0x217e7e]
V  [jvm.dll+0x217431]
V  [jvm.dll+0x1a3af0]
V  [jvm.dll+0x2270be]
V  [jvm.dll+0x22535b]
V  [jvm.dll+0x78e7bc]
V  [jvm.dll+0x788bba]
V  [jvm.dll+0x676b35]
C  [ucrtbase.dll+0x29363]
C  [KERNEL32.DLL+0x1257d]
C  [ntdll.dll+0x5aa58]


---------------  P R O C E S S  ---------------

Threads class SMR info:
_java_thread_list=0x000001aa6aa46e10, length=15, elements={
0x000001aa0b700ae0, 0x000001aa245c6dc0, 0x000001aa245c83d0, 0x000001aa245dd2d0,
0x000001aa245dfd90, 0x000001aa245e0ee0, 0x000001aa245e5cd0, 0x000001aa245ea220,
0x000001aa245eacc0, 0x000001aa245ede60, 0x000001aa24830e10, 0x000001aa24839d20,
0x000001aa2464e500, 0x000001aa6ac416d0, 0x000001aa6a87a450
}

Java Threads: ( => current thread )
  0x000001aa0b700ae0 JavaThread "main" [_thread_in_native, id=29968, stack(0x0000008be0300000,0x0000008be0400000)]
  0x000001aa245c6dc0 JavaThread "Reference Handler" daemon [_thread_blocked, id=30512, stack(0x0000008be0a00000,0x0000008be0b00000)]
  0x000001aa245c83d0 JavaThread "Finalizer" daemon [_thread_blocked, id=27580, stack(0x0000008be0b00000,0x0000008be0c00000)]
  0x000001aa245dd2d0 JavaThread "Signal Dispatcher" daemon [_thread_blocked, id=27328, stack(0x0000008be0c00000,0x0000008be0d00000)]
  0x000001aa245dfd90 JavaThread "Attach Listener" daemon [_thread_blocked, id=27276, stack(0x0000008be0d00000,0x0000008be0e00000)]
  0x000001aa245e0ee0 JavaThread "Service Thread" daemon [_thread_blocked, id=5112, stack(0x0000008be0e00000,0x0000008be0f00000)]
  0x000001aa245e5cd0 JavaThread "Monitor Deflation Thread" daemon [_thread_blocked, id=26744, stack(0x0000008be0f00000,0x0000008be1000000)]
=>0x000001aa245ea220 JavaThread "C2 CompilerThread0" daemon [_thread_in_native, id=1088, stack(0x0000008be1000000,0x0000008be1100000)]
  0x000001aa245eacc0 JavaThread "C1 CompilerThread0" daemon [_thread_blocked, id=3796, stack(0x0000008be1100000,0x0000008be1200000)]
  0x000001aa245ede60 JavaThread "Sweeper thread" daemon [_thread_blocked, id=11984, stack(0x0000008be1200000,0x0000008be1300000)]
  0x000001aa24830e10 JavaThread "Notification Thread" daemon [_thread_blocked, id=10416, stack(0x0000008be1300000,0x0000008be1400000)]
  0x000001aa24839d20 JavaThread "Common-Cleaner" daemon [_thread_blocked, id=21636, stack(0x0000008be1500000,0x0000008be1600000)]
  0x000001aa2464e500 JavaThread "pool-1-thread-1" [_thread_blocked, id=21000, stack(0x0000008be1900000,0x0000008be1a00000)]
  0x000001aa6ac416d0 JavaThread "DisconnectableInputStream source reader" daemon [_thread_in_native, id=20380, stack(0x0000008be1c00000,0x0000008be1d00000)]
  0x000001aa6a87a450 JavaThread "Forward input" [_thread_blocked, id=24756, stack(0x0000008be1d00000,0x0000008be1e00000)]

Other Threads:
  0x000001aa0b7ce590 VMThread "VM Thread" [stack: 0x0000008be0900000,0x0000008be0a00000] [id=24108]
  0x000001aa0b72c050 WatcherThread [stack: 0x0000008be1400000,0x0000008be1500000] [id=940]
  0x000001aa0b722a40 GCTaskThread "GC Thread#0" [stack: 0x0000008be0400000,0x0000008be0500000] [id=16176]
  0x000001aa6a0516e0 GCTaskThread "GC Thread#1" [stack: 0x0000008be1600000,0x0000008be1700000] [id=28116]
  0x000001aa6a04eca0 GCTaskThread "GC Thread#2" [stack: 0x0000008be1700000,0x0000008be1800000] [id=25968]
  0x000001aa24b04780 GCTaskThread "GC Thread#3" [stack: 0x0000008be1800000,0x0000008be1900000] [id=25044]
  0x000001aa0b724920 ConcurrentGCThread "G1 Main Marker" [stack: 0x0000008be0500000,0x0000008be0600000] [id=13516]
  0x000001aa0b725330 ConcurrentGCThread "G1 Conc#0" [stack: 0x0000008be0600000,0x0000008be0700000] [id=19588]
  0x000001aa0b774610 ConcurrentGCThread "G1 Refine#0" [stack: 0x0000008be0700000,0x0000008be0800000] [id=19676]
  0x000001aa0b775030 ConcurrentGCThread "G1 Service" [stack: 0x0000008be0800000,0x0000008be0900000] [id=9728]

Threads with active compile tasks:
C2 CompilerThread0   275047 2129       4       java.util.concurrent.ScheduledThreadPoolExecutor$ScheduledFutureTask::getDelay (16 bytes)

VM state: not at safepoint (normal execution)

VM Mutex/Monitor currently owned by a thread: None

Heap address: 0x00000000fc000000, size: 64 MB, Compressed Oops mode: 32-bit

CDS archive(s) mapped at: [0x000001aa25000000-0x000001aa25bd0000-0x000001aa25bd0000), size 12386304, SharedBaseAddress: 0x000001aa25000000, ArchiveRelocationMode: 1.
Compressed class space mapped at: 0x000001aa26000000-0x000001aa66000000, reserved size: 1073741824
Narrow klass base: 0x000001aa25000000, Narrow klass shift: 0, Narrow klass range: 0x100000000

GC Precious Log:
 CPUs: 4 total, 4 available
 Memory: 3919M
 Large Page Support: Disabled
 NUMA Support: Disabled
 Compressed Oops: Enabled (32-bit)
 Heap Region Size: 1M
 Heap Min Capacity: 64M
 Heap Initial Capacity: 64M
 Heap Max Capacity: 64M
 Pre-touch: Disabled
 Parallel Workers: 4
 Concurrent Workers: 1
 Concurrent Refinement Workers: 4
 Periodic GC: Disabled

Heap:
 garbage-first heap   total 65536K, used 16507K [0x00000000fc000000, 0x0000000100000000)
  region size 1024K, 7 young (7168K), 3 survivors (3072K)
 Metaspace       used 10215K, committed 10432K, reserved 1114112K
  class space    used 1291K, committed 1408K, reserved 1048576K

Heap Regions: E=young(eden), S=young(survivor), O=old, HS=humongous(starts), HC=humongous(continues), CS=collection set, F=free, OA=open archive, CA=closed archive, TAMS=top-at-mark-start (previous, next)
|   0|0x00000000fc000000, 0x00000000fc100000, 0x00000000fc100000|100%| O|  |TAMS 0x00000000fc000000, 0x00000000fc000000| Untracked 
|   1|0x00000000fc100000, 0x00000000fc200000, 0x00000000fc200000|100%| O|  |TAMS 0x00000000fc100000, 0x00000000fc100000| Untracked 
|   2|0x00000000fc200000, 0x00000000fc300000, 0x00000000fc300000|100%|HS|  |TAMS 0x00000000fc200000, 0x00000000fc200000| Complete 
|   3|0x00000000fc300000, 0x00000000fc400000, 0x00000000fc400000|100%|HC|  |TAMS 0x00000000fc300000, 0x00000000fc300000| Complete 
|   4|0x00000000fc400000, 0x00000000fc500000, 0x00000000fc500000|100%|HC|  |TAMS 0x00000000fc400000, 0x00000000fc400000| Complete 
|   5|0x00000000fc500000, 0x00000000fc600000, 0x00000000fc600000|100%|HC|  |TAMS 0x00000000fc500000, 0x00000000fc500000| Complete 
|   6|0x00000000fc600000, 0x00000000fc700000, 0x00000000fc700000|100%| O|  |TAMS 0x00000000fc600000, 0x00000000fc600000| Untracked 
|   7|0x00000000fc700000, 0x00000000fc800000, 0x00000000fc800000|100%| O|  |TAMS 0x00000000fc700000, 0x00000000fc700000| Untracked 
|   8|0x00000000fc800000, 0x00000000fc900000, 0x00000000fc900000|100%| O|  |TAMS 0x00000000fc800000, 0x00000000fc800000| Untracked 
|   9|0x00000000fc900000, 0x00000000fca00000, 0x00000000fca00000|100%| O|  |TAMS 0x00000000fc900000, 0x00000000fc900000| Untracked 
|  10|0x00000000fca00000, 0x00000000fca90400, 0x00000000fcb00000| 56%| O|  |TAMS 0x00000000fca00000, 0x00000000fca00000| Untracked 
|  11|0x00000000fcb00000, 0x00000000fcb00000, 0x00000000fcc00000|  0%| F|  |TAMS 0x00000000fcb00000, 0x00000000fcb00000| Untracked 
|  12|0x00000000fcc00000, 0x00000000fcc00000, 0x00000000fcd00000|  0%| F|  |TAMS 0x00000000fcc00000, 0x00000000fcc00000| Untracked 
|  13|0x00000000fcd00000, 0x00000000fcd00000, 0x00000000fce00000|  0%| F|  |TAMS 0x00000000fcd00000, 0x00000000fcd00000| Untracked 
|  14|0x00000000fce00000, 0x00000000fce00000, 0x00000000fcf00000|  0%| F|  |TAMS 0x00000000fce00000, 0x00000000fce00000| Untracked 
|  15|0x00000000fcf00000, 0x00000000fcf00000, 0x00000000fd000000|  0%| F|  |TAMS 0x00000000fcf00000, 0x00000000fcf00000| Untracked 
|  16|0x00000000fd000000, 0x00000000fd000000, 0x00000000fd100000|  0%| F|  |TAMS 0x00000000fd000000, 0x00000000fd000000| Untracked 
|  17|0x00000000fd100000, 0x00000000fd100000, 0x00000000fd200000|  0%| F|  |TAMS 0x00000000fd100000, 0x00000000fd100000| Untracked 
|  18|0x00000000fd200000, 0x00000000fd200000, 0x00000000fd300000|  0%| F|  |TAMS 0x00000000fd200000, 0x00000000fd200000| Untracked 
|  19|0x00000000fd300000, 0x00000000fd300000, 0x00000000fd400000|  0%| F|  |TAMS 0x00000000fd300000, 0x00000000fd300000| Untracked 
|  20|0x00000000fd400000, 0x00000000fd400000, 0x00000000fd500000|  0%| F|  |TAMS 0x00000000fd400000, 0x00000000fd400000| Untracked 
|  21|0x00000000fd500000, 0x00000000fd500000, 0x00000000fd600000|  0%| F|  |TAMS 0x00000000fd500000, 0x00000000fd500000| Untracked 
|  22|0x00000000fd600000, 0x00000000fd600000, 0x00000000fd700000|  0%| F|  |TAMS 0x00000000fd600000, 0x00000000fd600000| Untracked 
|  23|0x00000000fd700000, 0x00000000fd700000, 0x00000000fd800000|  0%| F|  |TAMS 0x00000000fd700000, 0x00000000fd700000| Untracked 
|  24|0x00000000fd800000, 0x00000000fd800000, 0x00000000fd900000|  0%| F|  |TAMS 0x00000000fd800000, 0x00000000fd800000| Untracked 
|  25|0x00000000fd900000, 0x00000000fd900000, 0x00000000fda00000|  0%| F|  |TAMS 0x00000000fd900000, 0x00000000fd900000| Untracked 
|  26|0x00000000fda00000, 0x00000000fda00000, 0x00000000fdb00000|  0%| F|  |TAMS 0x00000000fda00000, 0x00000000fda00000| Untracked 
|  27|0x00000000fdb00000, 0x00000000fdb00000, 0x00000000fdc00000|  0%| F|  |TAMS 0x00000000fdb00000, 0x00000000fdb00000| Untracked 
|  28|0x00000000fdc00000, 0x00000000fdc00000, 0x00000000fdd00000|  0%| F|  |TAMS 0x00000000fdc00000, 0x00000000fdc00000| Untracked 
|  29|0x00000000fdd00000, 0x00000000fdd00000, 0x00000000fde00000|  0%| F|  |TAMS 0x00000000fdd00000, 0x00000000fdd00000| Untracked 
|  30|0x00000000fde00000, 0x00000000fde00000, 0x00000000fdf00000|  0%| F|  |TAMS 0x00000000fde00000, 0x00000000fde00000| Untracked 
|  31|0x00000000fdf00000, 0x00000000fdf00000, 0x00000000fe000000|  0%| F|  |TAMS 0x00000000fdf00000, 0x00000000fdf00000| Untracked 
|  32|0x00000000fe000000, 0x00000000fe000000, 0x00000000fe100000|  0%| F|  |TAMS 0x00000000fe000000, 0x00000000fe000000| Untracked 
|  33|0x00000000fe100000, 0x00000000fe100000, 0x00000000fe200000|  0%| F|  |TAMS 0x00000000fe100000, 0x00000000fe100000| Untracked 
|  34|0x00000000fe200000, 0x00000000fe200000, 0x00000000fe300000|  0%| F|  |TAMS 0x00000000fe200000, 0x00000000fe200000| Untracked 
|  35|0x00000000fe300000, 0x00000000fe300000, 0x00000000fe400000|  0%| F|  |TAMS 0x00000000fe300000, 0x00000000fe300000| Untracked 
|  36|0x00000000fe400000, 0x00000000fe400000, 0x00000000fe500000|  0%| F|  |TAMS 0x00000000fe400000, 0x00000000fe400000| Untracked 
|  37|0x00000000fe500000, 0x00000000fe500000, 0x00000000fe600000|  0%| F|  |TAMS 0x00000000fe500000, 0x00000000fe500000| Untracked 
|  38|0x00000000fe600000, 0x00000000fe68ea90, 0x00000000fe700000| 55%| S|CS|TAMS 0x00000000fe600000, 0x00000000fe600000| Complete 
|  39|0x00000000fe700000, 0x00000000fe800000, 0x00000000fe800000|100%| S|CS|TAMS 0x00000000fe700000, 0x00000000fe700000| Complete 
|  40|0x00000000fe800000, 0x00000000fe900000, 0x00000000fe900000|100%| S|CS|TAMS 0x00000000fe800000, 0x00000000fe800000| Complete 
|  41|0x00000000fe900000, 0x00000000fe900000, 0x00000000fea00000|  0%| F|  |TAMS 0x00000000fe900000, 0x00000000fe900000| Untracked 
|  42|0x00000000fea00000, 0x00000000fea00000, 0x00000000feb00000|  0%| F|  |TAMS 0x00000000fea00000, 0x00000000fea00000| Untracked 
|  43|0x00000000feb00000, 0x00000000feb00000, 0x00000000fec00000|  0%| F|  |TAMS 0x00000000feb00000, 0x00000000feb00000| Untracked 
|  44|0x00000000fec00000, 0x00000000fec00000, 0x00000000fed00000|  0%| F|  |TAMS 0x00000000fec00000, 0x00000000fec00000| Untracked 
|  45|0x00000000fed00000, 0x00000000fed00000, 0x00000000fee00000|  0%| F|  |TAMS 0x00000000fed00000, 0x00000000fed00000| Untracked 
|  46|0x00000000fee00000, 0x00000000fee00000, 0x00000000fef00000|  0%| F|  |TAMS 0x00000000fee00000, 0x00000000fee00000| Untracked 
|  47|0x00000000fef00000, 0x00000000fef00000, 0x00000000ff000000|  0%| F|  |TAMS 0x00000000fef00000, 0x00000000fef00000| Untracked 
|  48|0x00000000ff000000, 0x00000000ff000000, 0x00000000ff100000|  0%| F|  |TAMS 0x00000000ff000000, 0x00000000ff000000| Untracked 
|  49|0x00000000ff100000, 0x00000000ff100000, 0x00000000ff200000|  0%| F|  |TAMS 0x00000000ff100000, 0x00000000ff100000| Untracked 
|  50|0x00000000ff200000, 0x00000000ff200000, 0x00000000ff300000|  0%| F|  |TAMS 0x00000000ff200000, 0x00000000ff200000| Untracked 
|  51|0x00000000ff300000, 0x00000000ff300000, 0x00000000ff400000|  0%| F|  |TAMS 0x00000000ff300000, 0x00000000ff300000| Untracked 
|  52|0x00000000ff400000, 0x00000000ff400000, 0x00000000ff500000|  0%| F|  |TAMS 0x00000000ff400000, 0x00000000ff400000| Untracked 
|  53|0x00000000ff500000, 0x00000000ff500000, 0x00000000ff600000|  0%| F|  |TAMS 0x00000000ff500000, 0x00000000ff500000| Untracked 
|  54|0x00000000ff600000, 0x00000000ff600000, 0x00000000ff700000|  0%| F|  |TAMS 0x00000000ff600000, 0x00000000ff600000| Untracked 
|  55|0x00000000ff700000, 0x00000000ff700000, 0x00000000ff800000|  0%| F|  |TAMS 0x00000000ff700000, 0x00000000ff700000| Untracked 
|  56|0x00000000ff800000, 0x00000000ff800000, 0x00000000ff900000|  0%| F|  |TAMS 0x00000000ff800000, 0x00000000ff800000| Untracked 
|  57|0x00000000ff900000, 0x00000000ff900000, 0x00000000ffa00000|  0%| F|  |TAMS 0x00000000ff900000, 0x00000000ff900000| Untracked 
|  58|0x00000000ffa00000, 0x00000000ffa00000, 0x00000000ffb00000|  0%| F|  |TAMS 0x00000000ffa00000, 0x00000000ffa00000| Untracked 
|  59|0x00000000ffb00000, 0x00000000ffb00000, 0x00000000ffc00000|  0%| F|  |TAMS 0x00000000ffb00000, 0x00000000ffb00000| Untracked 
|  60|0x00000000ffc00000, 0x00000000ffcef078, 0x00000000ffd00000| 93%| E|  |TAMS 0x00000000ffc00000, 0x00000000ffc00000| Complete 
|  61|0x00000000ffd00000, 0x00000000ffe00000, 0x00000000ffe00000|100%| E|CS|TAMS 0x00000000ffd00000, 0x00000000ffd00000| Complete 
|  62|0x00000000ffe00000, 0x00000000fff00000, 0x00000000fff00000|100%| E|CS|TAMS 0x00000000ffe00000, 0x00000000ffe00000| Complete 
|  63|0x00000000fff00000, 0x0000000100000000, 0x0000000100000000|100%| E|CS|TAMS 0x00000000fff00000, 0x00000000fff00000| Complete 

Card table byte_map: [0x000001aa0b550000,0x000001aa0b570000] _byte_map_base: 0x000001aa0ad70000

Marking Bits (Prev, Next): (CMBitMap*) 0x000001aa0b723050, (CMBitMap*) 0x000001aa0b723090
 Prev Bits: [0x000001aa0b590000, 0x000001aa0b690000)
 Next Bits: [0x000001aa21fa0000, 0x000001aa220a0000)

Polling page: 0x000001aa0aed0000

Metaspace:

Usage:
  Non-class:      8.71 MB used.
      Class:      1.26 MB used.
       Both:      9.98 MB used.

Virtual space:
  Non-class space:       64.00 MB reserved,       8.81 MB ( 14%) committed,  1 nodes.
      Class space:        1.00 GB reserved,       1.38 MB ( <1%) committed,  1 nodes.
             Both:        1.06 GB reserved,      10.19 MB ( <1%) committed. 

Chunk freelists:
   Non-Class:  6.47 MB
       Class:  14.55 MB
        Both:  21.01 MB

MaxMetaspaceSize: unlimited
CompressedClassSpaceSize: 1.00 GB
Initial GC threshold: 21.00 MB
Current GC threshold: 21.00 MB
CDS: on
MetaspaceReclaimPolicy: balanced
 - commit_granule_bytes: 65536.
 - commit_granule_words: 8192.
 - virtual_space_node_default_size: 8388608.
 - enlarge_chunks_in_place: 1.
 - new_chunks_are_fully_committed: 0.
 - uncommit_free_chunks: 1.
 - use_allocation_guard: 0.
 - handle_deallocations: 1.


Internal statistics:

num_allocs_failed_limit: 0.
num_arena_births: 88.
num_arena_deaths: 0.
num_vsnodes_births: 2.
num_vsnodes_deaths: 0.
num_space_committed: 163.
num_space_uncommitted: 0.
num_chunks_returned_to_freelist: 0.
num_chunks_taken_from_freelist: 343.
num_chunk_merges: 0.
num_chunk_splits: 245.
num_chunks_enlarged: 202.
num_purges: 0.
num_inconsistent_stats: 0.

CodeHeap 'non-profiled nmethods': size=120000Kb used=830Kb max_used=830Kb free=119169Kb
 bounds [0x000001aa1aa70000, 0x000001aa1ace0000, 0x000001aa21fa0000]
CodeHeap 'profiled nmethods': size=120000Kb used=4294Kb max_used=4294Kb free=115706Kb
 bounds [0x000001aa12fa0000, 0x000001aa133e0000, 0x000001aa1a4d0000]
CodeHeap 'non-nmethods': size=5760Kb used=1188Kb max_used=1216Kb free=4571Kb
 bounds [0x000001aa1a4d0000, 0x000001aa1a740000, 0x000001aa1aa70000]
 total_blobs=2618 nmethods=2127 adapters=404
 compilation: enabled
              stopped_count=0, restarted_count=0
 full_count=0

Compilation events (20 events):
Event: 256.585 Thread 0x000001aa245eacc0 nmethod 2119 0x000001aa133ce490 code [0x000001aa133ce6c0, 0x000001aa133ced68]
Event: 262.572 Thread 0x000001aa245eacc0 2120       3       com.google.common.collect.Lists::computeArrayListCapacity (23 bytes)
Event: 262.576 Thread 0x000001aa245eacc0 nmethod 2120 0x000001aa133cf010 code [0x000001aa133cf1c0, 0x000001aa133cf468]
Event: 262.576 Thread 0x000001aa245eacc0 2121       3       com.google.common.primitives.Ints::saturatedCast (25 bytes)
Event: 262.576 Thread 0x000001aa245eacc0 nmethod 2121 0x000001aa133cf590 code [0x000001aa133cf740, 0x000001aa133cf918]
Event: 264.575 Thread 0x000001aa245eacc0 2122       3       org.gradle.internal.logging.console.DefaultColorMap$CompositeColor::on (40 bytes)
Event: 264.575 Thread 0x000001aa245eacc0 nmethod 2122 0x000001aa133cf990 code [0x000001aa133cfb80, 0x000001aa133d0178]
Event: 264.575 Thread 0x000001aa245eacc0 2124       3       org.gradle.internal.logging.console.DefaultColorMap$CompositeColor::off (43 bytes)
Event: 264.576 Thread 0x000001aa245eacc0 nmethod 2124 0x000001aa133d0310 code [0x000001aa133d0500, 0x000001aa133d0b28]
Event: 264.576 Thread 0x000001aa245eacc0 2123       3       org.gradle.internal.logging.console.DefaultColorMap$ForegroundColor::on (10 bytes)
Event: 264.577 Thread 0x000001aa245eacc0 nmethod 2123 0x000001aa133d0d10 code [0x000001aa133d0f00, 0x000001aa133d1558]
Event: 268.475 Thread 0x000001aa245ea220 2125       4       java.lang.AbstractStringBuilder::insert (54 bytes)
Event: 268.487 Thread 0x000001aa245ea220 nmethod 2125 0x000001aa1ab3de10 code [0x000001aa1ab3dfc0, 0x000001aa1ab3e938]
Event: 268.487 Thread 0x000001aa245ea220 2126       4       java.lang.String::checkOffset (48 bytes)
Event: 268.488 Thread 0x000001aa245ea220 nmethod 2126 0x000001aa1ab3ee10 code [0x000001aa1ab3ef80, 0x000001aa1ab3f018]
Event: 269.083 Thread 0x000001aa245ea220 2127       4       java.util.concurrent.locks.LockSupport::setBlocker (12 bytes)
Event: 269.084 Thread 0x000001aa245ea220 nmethod 2127 0x000001aa1ab3f110 code [0x000001aa1ab3f280, 0x000001aa1ab3f3b8]
Event: 272.885 Thread 0x000001aa245ea220 2128       4       java.util.AbstractList::listIterator (6 bytes)
Event: 272.893 Thread 0x000001aa245ea220 nmethod 2128 0x000001aa1ab3f410 code [0x000001aa1ab3f5a0, 0x000001aa1ab3f798]
Event: 274.970 Thread 0x000001aa245ea220 2129       4       java.util.concurrent.ScheduledThreadPoolExecutor$ScheduledFutureTask::getDelay (16 bytes)

GC Heap History (6 events):
Event: 4.030 GC heap before
{Heap before GC invocations=0 (full 0):
 garbage-first heap   total 65536K, used 12288K [0x00000000fc000000, 0x0000000100000000)
  region size 1024K, 13 young (13312K), 0 survivors (0K)
 Metaspace       used 1776K, committed 1920K, reserved 1114112K
  class space    used 161K, committed 192K, reserved 1048576K
}
Event: 4.084 GC heap after
{Heap after GC invocations=1 (full 0):
 garbage-first heap   total 65536K, used 3560K [0x00000000fc000000, 0x0000000100000000)
  region size 1024K, 2 young (2048K), 2 survivors (2048K)
 Metaspace       used 1776K, committed 1920K, reserved 1114112K
  class space    used 161K, committed 192K, reserved 1048576K
}
Event: 9.430 GC heap before
{Heap before GC invocations=1 (full 0):
 garbage-first heap   total 65536K, used 23016K [0x00000000fc000000, 0x0000000100000000)
  region size 1024K, 17 young (17408K), 2 survivors (2048K)
 Metaspace       used 5102K, committed 5312K, reserved 1114112K
  class space    used 677K, committed 768K, reserved 1048576K
}
Event: 9.453 GC heap after
{Heap after GC invocations=2 (full 0):
 garbage-first heap   total 65536K, used 10863K [0x00000000fc000000, 0x0000000100000000)
  region size 1024K, 3 young (3072K), 3 survivors (3072K)
 Metaspace       used 5102K, committed 5312K, reserved 1114112K
  class space    used 677K, committed 768K, reserved 1048576K
}
Event: 65.584 GC heap before
{Heap before GC invocations=2 (full 0):
 garbage-first heap   total 65536K, used 31343K [0x00000000fc000000, 0x0000000100000000)
  region size 1024K, 23 young (23552K), 3 survivors (3072K)
 Metaspace       used 10152K, committed 10368K, reserved 1114112K
  class space    used 1291K, committed 1408K, reserved 1048576K
}
Event: 65.671 GC heap after
{Heap after GC invocations=3 (full 0):
 garbage-first heap   total 65536K, used 13435K [0x00000000fc000000, 0x0000000100000000)
  region size 1024K, 3 young (3072K), 3 survivors (3072K)
 Metaspace       used 10152K, committed 10368K, reserved 1114112K
  class space    used 1291K, committed 1408K, reserved 1048576K
}

Deoptimization events (20 events):
Event: 14.543 Thread 0x000001aa6a9b6010 Uncommon trap: trap_request=0xffffff45 fr.pc=0x000001aa1aacb2c8 relative=0x0000000000000048
Event: 14.543 Thread 0x000001aa6a9b6010 Uncommon trap: reason=unstable_if action=reinterpret pc=0x000001aa1aacb2c8 method=java.lang.CharacterData.of(I)Ljava/lang/CharacterData; @ 4 c2
Event: 14.543 Thread 0x000001aa6a9b6010 DEOPT PACKING pc=0x000001aa1aacb2c8 sp=0x0000008be1afe5b0
Event: 14.543 Thread 0x000001aa6a9b6010 DEOPT UNPACKING pc=0x000001aa1a5223a3 sp=0x0000008be1afe548 mode 2
Event: 14.546 Thread 0x000001aa6a9b6010 Uncommon trap: trap_request=0xffffff45 fr.pc=0x000001aa1aae47d4 relative=0x0000000000000134
Event: 14.546 Thread 0x000001aa6a9b6010 Uncommon trap: reason=unstable_if action=reinterpret pc=0x000001aa1aae47d4 method=java.lang.AbstractStringBuilder.putStringAt(ILjava/lang/String;II)V @ 8 c2
Event: 14.546 Thread 0x000001aa6a9b6010 DEOPT PACKING pc=0x000001aa1aae47d4 sp=0x0000008be1afedf0
Event: 14.546 Thread 0x000001aa6a9b6010 DEOPT UNPACKING pc=0x000001aa1a5223a3 sp=0x0000008be1afed20 mode 2
Event: 14.546 Thread 0x000001aa6a9b6010 Uncommon trap: trap_request=0xffffff45 fr.pc=0x000001aa1aae4c94 relative=0x0000000000000114
Event: 14.546 Thread 0x000001aa6a9b6010 Uncommon trap: reason=unstable_if action=reinterpret pc=0x000001aa1aae4c94 method=java.lang.String.getBytes([BIIBI)V @ 6 c2
Event: 14.546 Thread 0x000001aa6a9b6010 DEOPT PACKING pc=0x000001aa1aae4c94 sp=0x0000008be1afecc0
Event: 14.546 Thread 0x000001aa6a9b6010 DEOPT UNPACKING pc=0x000001aa1a5223a3 sp=0x0000008be1afec58 mode 2
Event: 21.082 Thread 0x000001aa6a9b6010 Uncommon trap: trap_request=0xffffff45 fr.pc=0x000001aa1aa88e04 relative=0x0000000000000084
Event: 21.082 Thread 0x000001aa6a9b6010 Uncommon trap: reason=unstable_if action=reinterpret pc=0x000001aa1aa88e04 method=java.lang.String.codePointAt(I)I @ 4 c2
Event: 21.082 Thread 0x000001aa6a9b6010 DEOPT PACKING pc=0x000001aa1aa88e04 sp=0x0000008be1afee30
Event: 21.082 Thread 0x000001aa6a9b6010 DEOPT UNPACKING pc=0x000001aa1a5223a3 sp=0x0000008be1afedc8 mode 2
Event: 21.269 Thread 0x000001aa0b700ae0 Uncommon trap: trap_request=0xffffff45 fr.pc=0x000001aa1ab0f704 relative=0x0000000000000204
Event: 21.269 Thread 0x000001aa0b700ae0 Uncommon trap: reason=unstable_if action=reinterpret pc=0x000001aa1ab0f704 method=java.util.HashMap.putVal(ILjava/lang/Object;Ljava/lang/Object;ZZ)Ljava/lang/Object; @ 162 c2
Event: 21.269 Thread 0x000001aa0b700ae0 DEOPT PACKING pc=0x000001aa1ab0f704 sp=0x0000008be03fa470
Event: 21.269 Thread 0x000001aa0b700ae0 DEOPT UNPACKING pc=0x000001aa1a5223a3 sp=0x0000008be03fa410 mode 2

Classes unloaded (0 events):
No events

Classes redefined (0 events):
No events

Internal exceptions (20 events):
Event: 8.454 Thread 0x000001aa0b700ae0 Exception <a 'java/lang/NoSuchMethodError'{0x00000000ff5178e0}: 'java.lang.Object java.lang.invoke.DirectMethodHandle$Holder.invokeVirtual(java.lang.Object, java.lang.Object, java.lang.Object, java.lang.Object, java.lang.Object, java.lang.Object, java.lang.Object)'> (0x00000000ff5178e0) 
thrown [s\open\src\hotspot\share\interpreter\linkResolver.cpp, line 759]
Event: 8.460 Thread 0x000001aa0b700ae0 Exception <a 'java/lang/NoSuchMethodError'{0x00000000ff528e58}: 'java.lang.Object java.lang.invoke.Invokers$Holder.invoker(java.lang.Object, java.lang.Object, java.lang.Object)'> (0x00000000ff528e58) 
thrown [s\open\src\hotspot\share\interpreter\linkResolver.cpp, line 759]
Event: 8.463 Thread 0x000001aa0b700ae0 Exception <a 'java/lang/NoSuchMethodError'{0x00000000ff531f28}: 'java.lang.Object java.lang.invoke.DirectMethodHandle$Holder.invokeStatic(java.lang.Object, java.lang.Object, int)'> (0x00000000ff531f28) 
thrown [s\open\src\hotspot\share\interpreter\linkResolver.cpp, line 759]
Event: 8.466 Thread 0x000001aa0b700ae0 Exception <a 'java/lang/NoSuchMethodError'{0x00000000ff53dc18}: 'void java.lang.invoke.DelegatingMethodHandle$Holder.delegate(java.lang.Object, java.lang.Object, int, java.lang.Object)'> (0x00000000ff53dc18) 
thrown [s\open\src\hotspot\share\interpreter\linkResolver.cpp, line 759]
Event: 8.467 Thread 0x000001aa0b700ae0 Exception <a 'java/lang/NoSuchMethodError'{0x00000000ff541d60}: 'int java.lang.invoke.DirectMethodHandle$Holder.invokeSpecial(java.lang.Object, java.lang.Object, java.lang.Object)'> (0x00000000ff541d60) 
thrown [s\open\src\hotspot\share\interpreter\linkResolver.cpp, line 759]
Event: 8.474 Thread 0x000001aa0b700ae0 Exception <a 'java/lang/NoSuchMethodError'{0x00000000ff555110}: 'java.lang.Object java.lang.invoke.Invokers$Holder.invokeExact_MT(java.lang.Object, java.lang.Object, java.lang.Object, java.lang.Object)'> (0x00000000ff555110) 
thrown [s\open\src\hotspot\share\interpreter\linkResolver.cpp, line 759]
Event: 9.734 Thread 0x000001aa0b700ae0 Exception <a 'java/lang/NoSuchMethodError'{0x00000000ffee9888}: 'void java.lang.invoke.DirectMethodHandle$Holder.invokeSpecial(java.lang.Object, java.lang.Object, java.lang.Object)'> (0x00000000ffee9888) 
thrown [s\open\src\hotspot\share\interpreter\linkResolver.cpp, line 759]
Event: 9.927 Thread 0x000001aa0b700ae0 Implicit null exception at 0x000001aa1aabf48f to 0x000001aa1aabfa04
Event: 9.927 Thread 0x000001aa0b700ae0 Implicit null exception at 0x000001aa1aab0a8f to 0x000001aa1aab100c
Event: 10.053 Thread 0x000001aa0b700ae0 Exception <a 'java/lang/NoSuchMethodError'{0x00000000ffc30148}: 'java.lang.Object java.lang.invoke.DirectMethodHandle$Holder.invokeStaticInit(java.lang.Object)'> (0x00000000ffc30148) 
thrown [s\open\src\hotspot\share\interpreter\linkResolver.cpp, line 759]
Event: 10.554 Thread 0x000001aa0b700ae0 Exception <a 'java/lang/NoSuchMethodError'{0x00000000ff9edd48}: 'java.lang.Object java.lang.invoke.DirectMethodHandle$Holder.invokeStaticInit(java.lang.Object, int, int, int, int)'> (0x00000000ff9edd48) 
thrown [s\open\src\hotspot\share\interpreter\linkResolver.cpp, line 759]
Event: 11.764 Thread 0x000001aa0b700ae0 Exception <a 'java/lang/NoSuchMethodError'{0x00000000ff874ec0}: 'java.lang.Object java.lang.invoke.DirectMethodHandle$Holder.invokeStaticInit(java.lang.Object, java.lang.Object, int, int, int, int)'> (0x00000000ff874ec0) 
thrown [s\open\src\hotspot\share\interpreter\linkResolver.cpp, line 759]
Event: 12.139 Thread 0x000001aa0b700ae0 Exception <a 'java/lang/NoSuchMethodError'{0x00000000ff8a3a40}: 'void java.lang.invoke.DirectMethodHandle$Holder.invokeStatic(java.lang.Object, java.lang.Object, java.lang.Object)'> (0x00000000ff8a3a40) 
thrown [s\open\src\hotspot\share\interpreter\linkResolver.cpp, line 759]
Event: 13.033 Thread 0x000001aa0b700ae0 Implicit null exception at 0x000001aa1aaa6bf2 to 0x000001aa1aaa720c
Event: 13.037 Thread 0x000001aa0b700ae0 Implicit null exception at 0x000001aa1aaa7872 to 0x000001aa1aaa7e8c
Event: 14.479 Thread 0x000001aa6a9b6010 Exception <a 'java/lang/NoSuchMethodError'{0x00000000ff0748e0}: 'void java.lang.invoke.DirectMethodHandle$Holder.invokeStatic(java.lang.Object, long)'> (0x00000000ff0748e0) 
thrown [s\open\src\hotspot\share\interpreter\linkResolver.cpp, line 759]
Event: 14.480 Thread 0x000001aa6a9b6010 Exception <a 'java/lang/NoSuchMethodError'{0x00000000ff07a238}: 'java.lang.Object java.lang.invoke.DirectMethodHandle$Holder.newInvokeSpecial(java.lang.Object, long)'> (0x00000000ff07a238) 
thrown [s\open\src\hotspot\share\interpreter\linkResolver.cpp, line 759]
Event: 14.486 Thread 0x000001aa6a9b6010 Exception <a 'java/lang/NoSuchMethodError'{0x00000000ff084de0}: 'java.lang.Object java.lang.invoke.DirectMethodHandle$Holder.invokeStaticInit(java.lang.Object, java.lang.Object, long, java.lang.Object)'> (0x00000000ff084de0) 
thrown [s\open\src\hotspot\share\interpreter\linkResolver.cpp, line 759]
Event: 14.486 Thread 0x000001aa6a9b6010 Exception <a 'java/lang/NoSuchMethodError'{0x00000000ff08b468}: 'java.lang.Object java.lang.invoke.DirectMethodHandle$Holder.newInvokeSpecial(java.lang.Object, java.lang.Object, long)'> (0x00000000ff08b468) 
thrown [s\open\src\hotspot\share\interpreter\linkResolver.cpp, line 759]
Event: 14.487 Thread 0x000001aa6a9b6010 Exception <a 'java/lang/NoSuchMethodError'{0x00000000ff08f758}: 'java.lang.Object java.lang.invoke.Invokers$Holder.linkToTargetMethod(java.lang.Object, long, java.lang.Object)'> (0x00000000ff08f758) 
thrown [s\open\src\hotspot\share\interpreter\linkResolver.cpp, line 759]

VM Operations (20 events):
Event: 151.404 Executing VM operation: Cleanup
Event: 151.406 Executing VM operation: Cleanup done
Event: 157.456 Executing VM operation: Cleanup
Event: 157.456 Executing VM operation: Cleanup done
Event: 169.595 Executing VM operation: Cleanup
Event: 169.595 Executing VM operation: Cleanup done
Event: 179.698 Executing VM operation: Cleanup
Event: 179.698 Executing VM operation: Cleanup done
Event: 183.736 Executing VM operation: Cleanup
Event: 183.736 Executing VM operation: Cleanup done
Event: 190.805 Executing VM operation: Cleanup
Event: 190.806 Executing VM operation: Cleanup done
Event: 230.104 Executing VM operation: Cleanup
Event: 230.104 Executing VM operation: Cleanup done
Event: 266.401 Executing VM operation: Cleanup
Event: 266.401 Executing VM operation: Cleanup done
Event: 273.484 Executing VM operation: Cleanup
Event: 273.485 Executing VM operation: Cleanup done
Event: 274.486 Executing VM operation: Cleanup
Event: 274.486 Executing VM operation: Cleanup done

Events (20 events):
Event: 29.623 loading class jdk/internal/reflect/ByteVectorImpl
Event: 29.624 loading class jdk/internal/reflect/ByteVector
Event: 29.624 loading class jdk/internal/reflect/ByteVector done
Event: 29.624 loading class jdk/internal/reflect/ByteVectorImpl done
Event: 29.624 loading class jdk/internal/reflect/ClassFileAssembler
Event: 29.624 loading class jdk/internal/reflect/ClassFileAssembler done
Event: 29.624 loading class jdk/internal/reflect/UTF8
Event: 29.624 loading class jdk/internal/reflect/UTF8 done
Event: 29.625 loading class jdk/internal/reflect/Label
Event: 29.625 loading class jdk/internal/reflect/Label done
Event: 29.625 loading class jdk/internal/reflect/Label$PatchInfo
Event: 29.625 loading class jdk/internal/reflect/Label$PatchInfo done
Event: 29.625 loading class jdk/internal/reflect/MethodAccessorGenerator$1
Event: 29.625 loading class jdk/internal/reflect/MethodAccessorGenerator$1 done
Event: 29.626 loading class jdk/internal/reflect/ClassDefiner
Event: 29.626 loading class jdk/internal/reflect/ClassDefiner done
Event: 29.626 loading class jdk/internal/reflect/ClassDefiner$1
Event: 29.626 loading class jdk/internal/reflect/ClassDefiner$1 done
Event: 32.237 loading class java/util/ArrayList$ListItr
Event: 32.238 loading class java/util/ArrayList$ListItr done


Dynamic libraries:
0x00007ff714110000 - 0x00007ff714120000 	D:\APAP JAVA\Java\jdk-17\bin\java.exe
0x00007ffe9e4b0000 - 0x00007ffe9e6c6000 	C:\WINDOWS\SYSTEM32\ntdll.dll
0x00007ffe9d220000 - 0x00007ffe9d2e4000 	C:\WINDOWS\System32\KERNEL32.DLL
0x00007ffe9b820000 - 0x00007ffe9bbc6000 	C:\WINDOWS\System32\KERNELBASE.dll
0x00007ffe9bbd0000 - 0x00007ffe9bce1000 	C:\WINDOWS\System32\ucrtbase.dll
0x00007ffe8c1a0000 - 0x00007ffe8c1b9000 	D:\APAP JAVA\Java\jdk-17\bin\jli.dll
0x00007ffe9c6f0000 - 0x00007ffe9c7a2000 	C:\WINDOWS\System32\ADVAPI32.dll
0x00007ffe8a900000 - 0x00007ffe8a91b000 	D:\APAP JAVA\Java\jdk-17\bin\VCRUNTIME140.dll
0x00007ffe9d740000 - 0x00007ffe9d7e7000 	C:\WINDOWS\System32\msvcrt.dll
0x00007ffe9d3d0000 - 0x00007ffe9d478000 	C:\WINDOWS\System32\sechost.dll
0x00007ffe9bdb0000 - 0x00007ffe9bdd8000 	C:\WINDOWS\System32\bcrypt.dll
0x00007ffe9c7b0000 - 0x00007ffe9c8c5000 	C:\WINDOWS\System32\RPCRT4.dll
0x00007ffe9d070000 - 0x00007ffe9d21d000 	C:\WINDOWS\System32\USER32.dll
0x00007ffe83e20000 - 0x00007ffe840b3000 	C:\WINDOWS\WinSxS\amd64_microsoft.windows.common-controls_6595b64144ccf1df_6.0.22621.3235_none_270f74e173860f98\COMCTL32.dll
0x00007ffe9b7f0000 - 0x00007ffe9b816000 	C:\WINDOWS\System32\win32u.dll
0x00007ffe9d6f0000 - 0x00007ffe9d719000 	C:\WINDOWS\System32\GDI32.dll
0x00007ffe9be60000 - 0x00007ffe9bf78000 	C:\WINDOWS\System32\gdi32full.dll
0x00007ffe9bf80000 - 0x00007ffe9c01a000 	C:\WINDOWS\System32\msvcp_win.dll
0x00007ffe92470000 - 0x00007ffe9247a000 	C:\WINDOWS\SYSTEM32\VERSION.dll
0x00007ffe9d7f0000 - 0x00007ffe9d821000 	C:\WINDOWS\System32\IMM32.DLL
0x00007ffe8c120000 - 0x00007ffe8c12c000 	D:\APAP JAVA\Java\jdk-17\bin\vcruntime140_1.dll
0x00007ffe64c50000 - 0x00007ffe64cde000 	D:\APAP JAVA\Java\jdk-17\bin\msvcp140.dll
0x00007ffe17450000 - 0x00007ffe1802e000 	D:\APAP JAVA\Java\jdk-17\bin\server\jvm.dll
0x00007ffe9c930000 - 0x00007ffe9c938000 	C:\WINDOWS\System32\PSAPI.DLL
0x00007ffe935d0000 - 0x00007ffe93604000 	C:\WINDOWS\SYSTEM32\WINMM.dll
0x00007ffe75450000 - 0x00007ffe75459000 	C:\WINDOWS\SYSTEM32\WSOCK32.dll
0x00007ffe9c590000 - 0x00007ffe9c601000 	C:\WINDOWS\System32\WS2_32.dll
0x00007ffe9a8e0000 - 0x00007ffe9a8f8000 	C:\WINDOWS\SYSTEM32\kernel.appcore.dll
0x00007ffe8bfd0000 - 0x00007ffe8bfda000 	D:\APAP JAVA\Java\jdk-17\bin\jimage.dll
0x00007ffe98dc0000 - 0x00007ffe98ff3000 	C:\WINDOWS\SYSTEM32\DBGHELP.DLL
0x00007ffe9c200000 - 0x00007ffe9c588000 	C:\WINDOWS\System32\combase.dll
0x00007ffe9d2f0000 - 0x00007ffe9d3c7000 	C:\WINDOWS\System32\OLEAUT32.dll
0x00007ffe78e80000 - 0x00007ffe78eb2000 	C:\WINDOWS\SYSTEM32\dbgcore.DLL
0x00007ffe9bde0000 - 0x00007ffe9be5a000 	C:\WINDOWS\System32\bcryptPrimitives.dll
0x00007ffe83040000 - 0x00007ffe83065000 	D:\APAP JAVA\Java\jdk-17\bin\java.dll
0x00007ffe600e0000 - 0x00007ffe601b7000 	D:\APAP JAVA\Java\jdk-17\bin\jsvml.dll
0x00007ffe9dc10000 - 0x00007ffe9e46d000 	C:\WINDOWS\System32\SHELL32.dll
0x00007ffe99710000 - 0x00007ffe9a008000 	C:\WINDOWS\SYSTEM32\windows.storage.dll
0x00007ffe995d0000 - 0x00007ffe9970e000 	C:\WINDOWS\SYSTEM32\wintypes.dll
0x00007ffe9d480000 - 0x00007ffe9d573000 	C:\WINDOWS\System32\SHCORE.dll
0x00007ffe9c8d0000 - 0x00007ffe9c92e000 	C:\WINDOWS\System32\shlwapi.dll
0x00007ffe9b720000 - 0x00007ffe9b746000 	C:\WINDOWS\SYSTEM32\profapi.dll
0x00007ffe8a8e0000 - 0x00007ffe8a8f9000 	D:\APAP JAVA\Java\jdk-17\bin\net.dll
0x00007ffe924c0000 - 0x00007ffe925f7000 	C:\WINDOWS\SYSTEM32\WINHTTP.dll
0x00007ffe9ad60000 - 0x00007ffe9adc9000 	C:\WINDOWS\system32\mswsock.dll
0x00007ffe8a710000 - 0x00007ffe8a726000 	D:\APAP JAVA\Java\jdk-17\bin\nio.dll
0x00007ffe847f0000 - 0x00007ffe84808000 	D:\APAP JAVA\Java\jdk-17\bin\zip.dll
0x00007ffe8c1c0000 - 0x00007ffe8c1d0000 	D:\APAP JAVA\Java\jdk-17\bin\verify.dll
0x00007ffe6a770000 - 0x00007ffe6a797000 	C:\Users\HP\.gradle\native\c067742578af261105cb4f569cf0c3c89f3d7b1fecec35dd04571415982c5e48\windows-amd64\native-platform.dll
0x00007ffe8af90000 - 0x00007ffe8af9a000 	C:\Users\HP\.gradle\native\jansi\1.18\windows64\jansi.dll
0x00007ffe845d0000 - 0x00007ffe845da000 	D:\APAP JAVA\Java\jdk-17\bin\management.dll
0x00007ffe83de0000 - 0x00007ffe83deb000 	D:\APAP JAVA\Java\jdk-17\bin\management_ext.dll
0x00007ffe9afd0000 - 0x00007ffe9afeb000 	C:\WINDOWS\SYSTEM32\CRYPTSP.dll
0x00007ffe9a840000 - 0x00007ffe9a875000 	C:\WINDOWS\system32\rsaenh.dll
0x00007ffe9ae70000 - 0x00007ffe9ae9c000 	C:\WINDOWS\SYSTEM32\USERENV.dll
0x00007ffe9aff0000 - 0x00007ffe9affc000 	C:\WINDOWS\SYSTEM32\CRYPTBASE.dll
0x00007ffe9a2e0000 - 0x00007ffe9a30d000 	C:\WINDOWS\SYSTEM32\IPHLPAPI.DLL
0x00007ffe9cb80000 - 0x00007ffe9cb89000 	C:\WINDOWS\System32\NSI.dll
0x00007ffe924a0000 - 0x00007ffe924b9000 	C:\WINDOWS\SYSTEM32\dhcpcsvc6.DLL
0x00007ffe92480000 - 0x00007ffe9249f000 	C:\WINDOWS\SYSTEM32\dhcpcsvc.DLL
0x00007ffe9a350000 - 0x00007ffe9a449000 	C:\WINDOWS\SYSTEM32\DNSAPI.dll
0x00007ffe83a50000 - 0x00007ffe83a5e000 	D:\APAP JAVA\Java\jdk-17\bin\sunmscapi.dll
0x00007ffe9c090000 - 0x00007ffe9c1f6000 	C:\WINDOWS\System32\CRYPT32.dll
0x00007ffe9b1b0000 - 0x00007ffe9b1de000 	C:\WINDOWS\SYSTEM32\ncrypt.dll
0x00007ffe9b170000 - 0x00007ffe9b1a7000 	C:\WINDOWS\SYSTEM32\NTASN1.dll
0x00007ffe94bf0000 - 0x00007ffe94bf8000 	C:\WINDOWS\system32\wshunix.dll

dbghelp: loaded successfully - version: 4.0.5 - missing functions: none
symbol engine: initialized successfully - sym options: 0x614 - pdb path: .;D:\APAP JAVA\Java\jdk-17\bin;C:\WINDOWS\SYSTEM32;C:\WINDOWS\WinSxS\amd64_microsoft.windows.common-controls_6595b64144ccf1df_6.0.22621.3235_none_270f74e173860f98;D:\APAP JAVA\Java\jdk-17\bin\server;C:\Users\HP\.gradle\native\c067742578af261105cb4f569cf0c3c89f3d7b1fecec35dd04571415982c5e48\windows-amd64;C:\Users\HP\.gradle\native\jansi\1.18\windows64

VM Arguments:
jvm_args: -Xmx64m -Xms64m -Dorg.gradle.appname=gradlew 
java_command: org.gradle.wrapper.GradleWrapperMain bootRun
java_class_path (initial): D:\pindahan\COOLYEAH\Semester 6\Propensi\TK\d02-rtx\smail\\gradle\wrapper\gradle-wrapper.jar
Launcher Type: SUN_STANDARD

[Global flags]
     intx CICompilerCount                          = 3                                         {product} {ergonomic}
     uint ConcGCThreads                            = 1                                         {product} {ergonomic}
     uint G1ConcRefinementThreads                  = 4                                         {product} {ergonomic}
   size_t G1HeapRegionSize                         = 1048576                                   {product} {ergonomic}
    uintx GCDrainStackTargetSize                   = 64                                        {product} {ergonomic}
   size_t InitialHeapSize                          = 67108864                                  {product} {command line}
   size_t MarkStackSize                            = 4194304                                   {product} {ergonomic}
   size_t MaxHeapSize                              = 67108864                                  {product} {command line}
   size_t MaxNewSize                               = 39845888                                  {product} {ergonomic}
   size_t MinHeapDeltaBytes                        = 1048576                                   {product} {ergonomic}
   size_t MinHeapSize                              = 67108864                                  {product} {command line}
    uintx NonNMethodCodeHeapSize                   = 5832780                                {pd product} {ergonomic}
    uintx NonProfiledCodeHeapSize                  = 122912730                              {pd product} {ergonomic}
    uintx ProfiledCodeHeapSize                     = 122912730                              {pd product} {ergonomic}
    uintx ReservedCodeCacheSize                    = 251658240                              {pd product} {ergonomic}
     bool SegmentedCodeCache                       = true                                      {product} {ergonomic}
   size_t SoftMaxHeapSize                          = 67108864                               {manageable} {ergonomic}
     bool UseCompressedClassPointers               = true                           {product lp64_product} {ergonomic}
     bool UseCompressedOops                        = true                           {product lp64_product} {ergonomic}
     bool UseG1GC                                  = true                                      {product} {ergonomic}
     bool UseLargePagesIndividualAllocation        = false                                  {pd product} {ergonomic}

Logging:
Log output configuration:
 #0: stdout all=warning uptime,level,tags
 #1: stderr all=off uptime,level,tags

Environment Variables:
JAVA_HOME=D:\APAP JAVA\Java\jdk-17
CLASSPATH=D:\pindahan\COOLYEAH\Semester 6\Propensi\TK\d02-rtx\smail\\gradle\wrapper\gradle-wrapper.jar
PATH=C:\Python312\Scripts\;C:\Python312\;C:\Program Files\Common Files\Oracle\Java\javapath;C:\Program Files (x86)\Common Files\Oracle\Java\javapath;C:\WINDOWS\system32;C:\WINDOWS;C:\WINDOWS\System32\Wbem;C:\WINDOWS\System32\WindowsPowerShell\v1.0\;C:\WINDOWS\System32\OpenSSH\;C:\Users\Ron\AppData\Local\Programs\Python\Python39;C:\Users\Ron\AppData\Local\Programs\Python\Python39\Scripts;C:\Users\HP\AppData\Local\Programs\Python\Python310\;C:\Users\HP\AppData\Local\Programs\Python\Python310\\Scripts;D:\PuTTY\;D:\Git\cmd;C:\Program Files\Docker\Docker\resources\bin;D:\APAP JAVA\Java\jdk-17\bin;D:\NODE JS\;C:\ProgramData\chocolatey\bin;C:\Users\HP\AppData\Local\Programs\Python\Python310\Scripts\;C:\Users\HP\AppData\Local\Programs\Python\Python310\;C:\Users\Ron\AppData\Local\Programs\Python\Python39;C:\Users\Ron\AppData\Local\Programs\Python\Python39\Scripts;C:\Users\HP\AppData\Local\Programs\Microsoft VS Code\bin;C:\Users\HP\Documents\COOLYEAH\Semester 3\PBP\FLUTTER\bin;C:\Users\HP\Documents\COOLYEAH\Semester 3\PBP\FLUTTER\flutter\bin;C:\Users\HP\AppData\Local\Microsoft\WindowsApps;D:\FLUTTER\bin;C:\Users\HP\AppData\Roaming\npm
USERNAME=HP
LANG=en_US.UTF-8
OS=Windows_NT
PROCESSOR_IDENTIFIER=Intel64 Family 6 Model 142 Stepping 12, GenuineIntel



---------------  S Y S T E M  ---------------

OS:
 Windows 11 , 64 bit Build 22621 (10.0.22621.3235)
OS uptime: 7 days 3:34 hours
Hyper-V role detected

CPU: total 4 (initial active 4) (2 cores per cpu, 2 threads per core) family 6 model 142 stepping 12 microcode 0xec, cx8, cmov, fxsr, ht, mmx, 3dnowpref, sse, sse2, sse3, ssse3, sse4.1, sse4.2, popcnt, lzcnt, tsc, tscinvbit, avx, avx2, aes, erms, clmul, bmi1, bmi2, adx, fma, vzeroupper, clflush, clflushopt, hv

Memory: 4k page, system-wide physical 3919M (25M free)
TotalPageFile size 15695M (AvailPageFile size 0M)
current process WorkingSet (physical memory assigned to process): 14M, peak: 73M
current process commit charge ("private bytes"): 156M, peak: 160M

vm_info: Java HotSpot(TM) 64-Bit Server VM (17.0.8+9-LTS-211) for windows-amd64 JRE (17.0.8+9-LTS-211), built on Jun 14 2023 10:34:31 by "mach5one" with MS VC++ 17.1 (VS2022)

END.
