#
# There is insufficient memory for the Java Runtime Environment to continue.
# Native memory allocation (mmap) failed to map 65011712 bytes for G1 virtual space
# Possible reasons:
#   The system is out of physical RAM or swap space
#   The process is running with CompressedOops enabled, and the Java Heap may be blocking the growth of the native heap
# Possible solutions:
#   Reduce memory load on the system
#   Increase physical memory or swap space
#   Check if swap backing store is full
#   Decrease Java heap size (-Xmx/-Xms)
#   Decrease number of Java threads
#   Decrease Java thread stack sizes (-Xss)
#   Set larger code cache with -XX:ReservedCodeCacheSize=
#   JVM is running with Unscaled Compressed Oops mode in which the Java heap is
#     placed in the first 4GB address space. The Java Heap base address is the
#     maximum limit for the native heap growth. Please use -XX:HeapBaseMinAddress
#     to set the Java Heap base and to place the Java Heap above 4GB virtual address.
# This output file may be truncated or incomplete.
#
#  Out of Memory Error (os_windows.cpp:3550), pid=28036, tid=25872
#
# JRE version:  (17.0.8+9) (build )
# Java VM: Java HotSpot(TM) 64-Bit Server VM (17.0.8+9-LTS-211, mixed mode, emulated-client, sharing, tiered, compressed oops, compressed class ptrs, g1 gc, windows-amd64)
# No core dump will be written. Minidumps are not enabled by default on client versions of Windows
#

---------------  S U M M A R Y ------------

Command Line: -XX:TieredStopAtLevel=1 -Dfile.encoding=windows-1252 -Duser.country=ID -Duser.language=en -Duser.variant propensi.smail.SmailApplication

Host: Intel(R) Core(TM) i3-10110U CPU @ 2.10GHz, 4 cores, 3G,  Windows 11 , 64 bit Build 22621 (10.0.22621.3235)
Time: Tue Apr  9 15:02:14 2024 SE Asia Standard Time elapsed time: 0.367590 seconds (0d 0h 0m 0s)

---------------  T H R E A D  ---------------

Current thread (0x000002cdb8e1ee90):  JavaThread "Unknown thread" [_thread_in_vm, id=25872, stack(0x000000d4b2d00000,0x000000d4b2e00000)]

Stack: [0x000000d4b2d00000,0x000000d4b2e00000]
Native frames: (J=compiled Java code, j=interpreted, Vv=VM code, C=native code)
V  [jvm.dll+0x677d0a]
V  [jvm.dll+0x7d8c54]
V  [jvm.dll+0x7da3fe]
V  [jvm.dll+0x7daa63]
V  [jvm.dll+0x245c5f]
V  [jvm.dll+0x674bb9]
V  [jvm.dll+0x6694f2]
V  [jvm.dll+0x3031d6]
V  [jvm.dll+0x30a756]
V  [jvm.dll+0x359f9e]
V  [jvm.dll+0x35a1cf]
V  [jvm.dll+0x2da3e8]
V  [jvm.dll+0x2db354]
V  [jvm.dll+0x7aa711]
V  [jvm.dll+0x367b51]
V  [jvm.dll+0x789979]
V  [jvm.dll+0x3eb05f]
V  [jvm.dll+0x3ecae1]
C  [jli.dll+0x5297]
C  [ucrtbase.dll+0x29363]
C  [KERNEL32.DLL+0x1257d]
C  [ntdll.dll+0x5aa58]


---------------  P R O C E S S  ---------------

Threads class SMR info:
_java_thread_list=0x00007ffe2f0759d8, length=0, elements={
}

Java Threads: ( => current thread )

Other Threads:
  0x000002cdb8e5aba0 GCTaskThread "GC Thread#0" [stack: 0x000000d4b2e00000,0x000000d4b2f00000] [id=3108]
  0x000002cdb8e63560 ConcurrentGCThread "G1 Main Marker" [stack: 0x000000d4b2f00000,0x000000d4b3000000] [id=13512]
  0x000002cdb8e63f70 ConcurrentGCThread "G1 Conc#0" [stack: 0x000000d4b3000000,0x000000d4b3100000] [id=19204]

[error occurred during error reporting (printing all threads), id 0xc0000005, EXCEPTION_ACCESS_VIOLATION (0xc0000005) at pc=0x00007ffe2e8ab047]

VM state: not at safepoint (not fully initialized)

VM Mutex/Monitor currently owned by a thread:  ([mutex/lock_event])
[0x000002cdb6d5b140] Heap_lock - owner thread: 0x000002cdb8e1ee90

Heap address: 0x00000000c2c00000, size: 980 MB, Compressed Oops mode: 32-bit

CDS archive(s) mapped at: [0x0000000000000000-0x0000000000000000-0x0000000000000000), size 0, SharedBaseAddress: 0x0000000800000000, ArchiveRelocationMode: 1.
Narrow klass base: 0x0000000000000000, Narrow klass shift: 0, Narrow klass range: 0x0

GC Precious Log:
<Empty>

Heap:
 garbage-first heap   total 0K, used 0K [0x00000000c2c00000, 0x0000000100000000)
  region size 1024K, 0 young (0K), 0 survivors (0K)

[error occurred during error reporting (printing heap information), id 0xc0000005, EXCEPTION_ACCESS_VIOLATION (0xc0000005) at pc=0x00007ffe2ec91499]

GC Heap History (0 events):
No events

Deoptimization events (0 events):
No events

Classes unloaded (0 events):
No events

Classes redefined (0 events):
No events

Internal exceptions (0 events):
No events

VM Operations (0 events):
No events

Events (1 events):
Event: 0.208 Loaded shared library D:\APAP JAVA\Java\jdk-17\bin\java.dll


Dynamic libraries:
0x00007ff6611e0000 - 0x00007ff6611f0000 	D:\APAP JAVA\Java\jdk-17\bin\java.exe
0x00007ffe9e4b0000 - 0x00007ffe9e6c6000 	C:\WINDOWS\SYSTEM32\ntdll.dll
0x00007ffe9d220000 - 0x00007ffe9d2e4000 	C:\WINDOWS\System32\KERNEL32.DLL
0x00007ffe9b820000 - 0x00007ffe9bbc6000 	C:\WINDOWS\System32\KERNELBASE.dll
0x00007ffe9bbd0000 - 0x00007ffe9bce1000 	C:\WINDOWS\System32\ucrtbase.dll
0x00007ffe838b0000 - 0x00007ffe838c9000 	D:\APAP JAVA\Java\jdk-17\bin\jli.dll
0x00007ffe9c6f0000 - 0x00007ffe9c7a2000 	C:\WINDOWS\System32\ADVAPI32.dll
0x00007ffe9d740000 - 0x00007ffe9d7e7000 	C:\WINDOWS\System32\msvcrt.dll
0x00007ffe9d3d0000 - 0x00007ffe9d478000 	C:\WINDOWS\System32\sechost.dll
0x00007ffe9bdb0000 - 0x00007ffe9bdd8000 	C:\WINDOWS\System32\bcrypt.dll
0x00007ffe9c7b0000 - 0x00007ffe9c8c5000 	C:\WINDOWS\System32\RPCRT4.dll
0x00007ffe9d070000 - 0x00007ffe9d21d000 	C:\WINDOWS\System32\USER32.dll
0x00007ffe9b7f0000 - 0x00007ffe9b816000 	C:\WINDOWS\System32\win32u.dll
0x00007ffe9d6f0000 - 0x00007ffe9d719000 	C:\WINDOWS\System32\GDI32.dll
0x00007ffe9be60000 - 0x00007ffe9bf78000 	C:\WINDOWS\System32\gdi32full.dll
0x00007ffe9bf80000 - 0x00007ffe9c01a000 	C:\WINDOWS\System32\msvcp_win.dll
0x00007ffe80e90000 - 0x00007ffe80eab000 	D:\APAP JAVA\Java\jdk-17\bin\VCRUNTIME140.dll
0x00007ffe83e20000 - 0x00007ffe840b3000 	C:\WINDOWS\WinSxS\amd64_microsoft.windows.common-controls_6595b64144ccf1df_6.0.22621.3235_none_270f74e173860f98\COMCTL32.dll
0x00007ffe92470000 - 0x00007ffe9247a000 	C:\WINDOWS\SYSTEM32\VERSION.dll
0x00007ffe9d7f0000 - 0x00007ffe9d821000 	C:\WINDOWS\System32\IMM32.DLL
0x00007ffe96c30000 - 0x00007ffe96c3c000 	D:\APAP JAVA\Java\jdk-17\bin\vcruntime140_1.dll
0x00007ffe56a40000 - 0x00007ffe56ace000 	D:\APAP JAVA\Java\jdk-17\bin\msvcp140.dll
0x00007ffe2e5c0000 - 0x00007ffe2f19e000 	D:\APAP JAVA\Java\jdk-17\bin\server\jvm.dll
0x00007ffe9c930000 - 0x00007ffe9c938000 	C:\WINDOWS\System32\PSAPI.DLL
0x00007ffe935d0000 - 0x00007ffe93604000 	C:\WINDOWS\SYSTEM32\WINMM.dll
0x00007ffe75450000 - 0x00007ffe75459000 	C:\WINDOWS\SYSTEM32\WSOCK32.dll
0x00007ffe9c590000 - 0x00007ffe9c601000 	C:\WINDOWS\System32\ws2_32.DLL
0x00007ffe9a8e0000 - 0x00007ffe9a8f8000 	C:\WINDOWS\SYSTEM32\kernel.appcore.dll
0x00007ffe91b00000 - 0x00007ffe91b0a000 	D:\APAP JAVA\Java\jdk-17\bin\jimage.dll
0x00007ffe98dc0000 - 0x00007ffe98ff3000 	C:\WINDOWS\SYSTEM32\DBGHELP.DLL
0x00007ffe9c200000 - 0x00007ffe9c588000 	C:\WINDOWS\System32\combase.dll
0x00007ffe9d2f0000 - 0x00007ffe9d3c7000 	C:\WINDOWS\System32\OLEAUT32.dll
0x00007ffe78e80000 - 0x00007ffe78eb2000 	C:\WINDOWS\SYSTEM32\dbgcore.DLL
0x00007ffe9bde0000 - 0x00007ffe9be5a000 	C:\WINDOWS\System32\bcryptPrimitives.dll
0x00007ffe7ca50000 - 0x00007ffe7ca75000 	D:\APAP JAVA\Java\jdk-17\bin\java.dll

dbghelp: loaded successfully - version: 4.0.5 - missing functions: none
symbol engine: initialized successfully - sym options: 0x614 - pdb path: .;D:\APAP JAVA\Java\jdk-17\bin;C:\WINDOWS\SYSTEM32;C:\WINDOWS\WinSxS\amd64_microsoft.windows.common-controls_6595b64144ccf1df_6.0.22621.3235_none_270f74e173860f98;D:\APAP JAVA\Java\jdk-17\bin\server

VM Arguments:
jvm_args: -XX:TieredStopAtLevel=1 -Dfile.encoding=windows-1252 -Duser.country=ID -Duser.language=en -Duser.variant 
java_command: propensi.smail.SmailApplication
java_class_path (initial): D:\pindahan\COOLYEAH\Semester 6\Propensi\TK\d02-rtx\smail\build\classes\java\main;D:\pindahan\COOLYEAH\Semester 6\Propensi\TK\d02-rtx\smail\build\resources\main;C:\Users\HP\.gradle\caches\modules-2\files-2.1\org.springframework.boot\spring-boot-devtools\3.2.2\5d4ce10e0c8d4a6cc040a1836280f379893a8213\spring-boot-devtools-3.2.2.jar;C:\Users\HP\.gradle\caches\modules-2\files-2.1\org.mapstruct\mapstruct\1.5.3.Final\5f5d063858957ef086858bc3d003f702082297f3\mapstruct-1.5.3.Final.jar;C:\Users\HP\.gradle\caches\modules-2\files-2.1\org.hibernate.orm\hibernate-core\6.4.1.Final\3dcefddf6609e6491d37208bcc0cab1273598cbd\hibernate-core-6.4.1.Final.jar;C:\Users\HP\.gradle\caches\modules-2\files-2.1\org.glassfish.jaxb\jaxb-runtime\4.0.2\e4e4e0c5b0d42054d00dc4023901572a60d368c7\jaxb-runtime-4.0.2.jar;C:\Users\HP\.gradle\caches\modules-2\files-2.1\io.jsonwebtoken\jjwt\0.9.1\54d2abfc3e63a28824d35bf600d6a5d627da681a\jjwt-0.9.1.jar;C:\Users\HP\.gradle\caches\modules-2\files-2.1\javax.xml.bind\jaxb-api\2.4.0-b180830.0359\b54184b7dcab2031add3f525550c7f1b7e12209d\jaxb-api-2.4.0-b180830.0359.jar;C:\Users\HP\.gradle\caches\modules-2\files-2.1\org.thymeleaf.extras\thymeleaf-extras-springsecurity5\3.0.4.RELEASE\88bb10bf73ce285208dd848e8eb17f897ebb02d4\thymeleaf-extras-springsecurity5-3.0.4.RELEASE.jar;C:\Users\HP\.gradle\caches\modules-2\files-2.1\org.postgresql\postgresql\42.6.0\7614cfce466145b84972781ab0079b8dea49e363\postgresql-42.6.0.jar;C:\Users\HP\.gradle\caches\modules-2\files-2.1\org.springframework.boot\spring-boot-autoconfigure\3.2.2\5c407409f8d260a4bc6e173d16fc3b36e6adec21\spring-boot-autoconfigure-3.2.2.jar;C:\Users\HP\.gradle\caches\modules-2\files-2.1\org.springframework.boot\spring-boot\3.2.2\9f274d1bd822c4c57bb5b37ecae2380b980f567\spring-boot-3.2.2.jar;C:\Users\HP\.gradle\caches\modules-2\files-2.1\org.thymeleaf\thymeleaf-spring6\3.1.2.RELEASE\6030c7b4e260c41336f378e53da6e8531263f24b\thymeleaf-spring6-3.1.2.RELEASE.jar;C:\Users\HP\.gradle\caches\mod
Launcher Type: SUN_STANDARD

[Global flags]
     intx CICompilerCount                          = 3                                         {product} {ergonomic}
     uint ConcGCThreads                            = 1                                         {product} {ergonomic}
     uint G1ConcRefinementThreads                  = 4                                         {product} {ergonomic}
   size_t G1HeapRegionSize                         = 1048576                                   {product} {ergonomic}
    uintx GCDrainStackTargetSize                   = 64                                        {product} {ergonomic}
   size_t InitialHeapSize                          = 65011712                                  {product} {ergonomic}
   size_t MarkStackSize                            = 4194304                                   {product} {ergonomic}
   size_t MaxHeapSize                              = 1027604480                                {product} {ergonomic}
   size_t MinHeapDeltaBytes                        = 1048576                                   {product} {ergonomic}
   size_t MinHeapSize                              = 8388608                                   {product} {ergonomic}
    uintx NonProfiledCodeHeapSize                  = 0                                      {pd product} {ergonomic}
     bool ProfileInterpreter                       = false                                  {pd product} {command line}
    uintx ProfiledCodeHeapSize                     = 0                                      {pd product} {ergonomic}
   size_t SoftMaxHeapSize                          = 1027604480                             {manageable} {ergonomic}
     intx TieredStopAtLevel                        = 1                                         {product} {command line}
     bool UseCompressedClassPointers               = true                           {product lp64_product} {ergonomic}
     bool UseCompressedOops                        = true                           {product lp64_product} {ergonomic}
     bool UseG1GC                                  = true                                      {product} {ergonomic}
     bool UseLargePagesIndividualAllocation        = false                                  {pd product} {ergonomic}

Logging:
Log output configuration:
 #0: stdout all=warning uptime,level,tags
 #1: stderr all=off uptime,level,tags

Environment Variables:
JAVA_HOME=D:\APAP JAVA\Java\jdk-17
CLASSPATH=D:\pindahan\COOLYEAH\Semester 6\Propensi\TK\d02-rtx\smail\\gradle\wrapper\gradle-wrapper.jar
PATH=C:\Python312\Scripts\;C:\Python312\;C:\Program Files\Common Files\Oracle\Java\javapath;C:\Program Files (x86)\Common Files\Oracle\Java\javapath;C:\WINDOWS\system32;C:\WINDOWS;C:\WINDOWS\System32\Wbem;C:\WINDOWS\System32\WindowsPowerShell\v1.0\;C:\WINDOWS\System32\OpenSSH\;C:\Users\Ron\AppData\Local\Programs\Python\Python39;C:\Users\Ron\AppData\Local\Programs\Python\Python39\Scripts;C:\Users\HP\AppData\Local\Programs\Python\Python310\;C:\Users\HP\AppData\Local\Programs\Python\Python310\\Scripts;D:\PuTTY\;D:\Git\cmd;C:\Program Files\Docker\Docker\resources\bin;D:\APAP JAVA\Java\jdk-17\bin;D:\NODE JS\;C:\ProgramData\chocolatey\bin;C:\Users\HP\AppData\Local\Programs\Python\Python310\Scripts\;C:\Users\HP\AppData\Local\Programs\Python\Python310\;C:\Users\Ron\AppData\Local\Programs\Python\Python39;C:\Users\Ron\AppData\Local\Programs\Python\Python39\Scripts;C:\Users\HP\AppData\Local\Programs\Microsoft VS Code\bin;C:\Users\HP\Documents\COOLYEAH\Semester 3\PBP\FLUTTER\bin;C:\Users\HP\Documents\COOLYEAH\Semester 3\PBP\FLUTTER\flutter\bin;C:\Users\HP\AppData\Local\Microsoft\WindowsApps;D:\FLUTTER\bin;C:\Users\HP\AppData\Roaming\npm
USERNAME=HP
LANG=en_US.UTF-8
OS=Windows_NT
PROCESSOR_IDENTIFIER=Intel64 Family 6 Model 142 Stepping 12, GenuineIntel



---------------  S Y S T E M  ---------------

OS:
 Windows 11 , 64 bit Build 22621 (10.0.22621.3235)
OS uptime: 3 days 19:25 hours
Hyper-V role detected

CPU: total 4 (initial active 4) (2 cores per cpu, 2 threads per core) family 6 model 142 stepping 12 microcode 0xec, cx8, cmov, fxsr, ht, mmx, 3dnowpref, sse, sse2, sse3, ssse3, sse4.1, sse4.2, popcnt, lzcnt, tsc, tscinvbit, avx, avx2, aes, erms, clmul, bmi1, bmi2, adx, fma, vzeroupper, clflush, clflushopt, hv

Memory: 4k page, system-wide physical 3919M (40M free)
TotalPageFile size 15695M (AvailPageFile size 63M)
current process WorkingSet (physical memory assigned to process): 10M, peak: 10M
current process commit charge ("private bytes"): 46M, peak: 108M

vm_info: Java HotSpot(TM) 64-Bit Server VM (17.0.8+9-LTS-211) for windows-amd64 JRE (17.0.8+9-LTS-211), built on Jun 14 2023 10:34:31 by "mach5one" with MS VC++ 17.1 (VS2022)

END.
