#
# There is insufficient memory for the Java Runtime Environment to continue.
# Native memory allocation (malloc) failed to allocate 1829888 bytes for Chunk::new
# Possible reasons:
#   The system is out of physical RAM or swap space
#   The process is running with CompressedOops enabled, and the Java Heap may be blocking the growth of the native heap
# Possible solutions:
#   Reduce memory load on the system
#   Increase physical memory or swap space
#   Check if swap backing store is full
#   Decrease Java heap size (-Xmx/-Xms)
#   Decrease number of Java threads
#   Decrease Java thread stack sizes (-Xss)
#   Set larger code cache with -XX:ReservedCodeCacheSize=
#   JVM is running with Unscaled Compressed Oops mode in which the Java heap is
#     placed in the first 4GB address space. The Java Heap base address is the
#     maximum limit for the native heap growth. Please use -XX:HeapBaseMinAddress
#     to set the Java Heap base and to place the Java Heap above 4GB virtual address.
# This output file may be truncated or incomplete.
#
#  Out of Memory Error (arena.cpp:191), pid=5064, tid=3380
#
# JRE version: OpenJDK Runtime Environment Temurin-17.0.10+7 (17.0.10+7) (build 17.0.10+7)
# Java VM: OpenJDK 64-Bit Server VM Temurin-17.0.10+7 (17.0.10+7, mixed mode, tiered, compressed oops, compressed class ptrs, parallel gc, windows-amd64)
# No core dump will be written. Minidumps are not enabled by default on client versions of Windows
#

---------------  S U M M A R Y ------------

Command Line: --add-modules=ALL-SYSTEM --add-opens=java.base/java.util=ALL-UNNAMED --add-opens=java.base/java.lang=ALL-UNNAMED --add-opens=java.base/sun.nio.fs=ALL-UNNAMED -Declipse.application=org.eclipse.jdt.ls.core.id1 -Dosgi.bundles.defaultStartLevel=4 -Declipse.product=org.eclipse.jdt.ls.core.product -Djava.import.generatesMetadataFilesAtProjectRoot=false -DDetectVMInstallationsJob.disabled=true -Dfile.encoding=utf8 -XX:+UseParallelGC -XX:GCTimeRatio=4 -XX:AdaptiveSizePolicyWeight=90 -Dsun.zip.disableMemoryMapping=true -Xmx1G -Xms100m -Xlog:disable -javaagent:c:\Users\HP\.vscode\extensions\redhat.java-1.28.1-win32-x64\lombok\lombok-1.18.31.jar c:\Users\HP\.vscode\extensions\redhat.java-1.28.1-win32-x64\server\plugins\org.eclipse.equinox.launcher_1.6.700.v20231214-2017.jar -configuration c:\Users\HP\AppData\Roaming\Code\User\globalStorage\redhat.java\1.28.1\config_ss_win -data c:\Users\HP\AppData\Roaming\Code\User\workspaceStorage\0d828789c167c72f6f5361a28a300af2\redhat.java\ss_ws --stdio

Host: Intel(R) Core(TM) i3-10110U CPU @ 2.10GHz, 4 cores, 3G,  Windows 11 , 64 bit Build 22621 (10.0.22621.3085)
Time: Sat Mar  9 19:13:07 2024 SE Asia Standard Time elapsed time: 12.914085 seconds (0d 0h 0m 12s)

---------------  T H R E A D  ---------------

Current thread (0x000001f532bba560):  JavaThread "C2 CompilerThread0" daemon [_thread_in_native, id=3380, stack(0x000000d2ef300000,0x000000d2ef400000)]


Current CompileTask:
C2:  12914 4197       4       org.lombokweb.asm.ClassReader::readMethod (1066 bytes)

Stack: [0x000000d2ef300000,0x000000d2ef400000]
Native frames: (J=compiled Java code, j=interpreted, Vv=VM code, C=native code)
V  [jvm.dll+0x67d2c9]
V  [jvm.dll+0x834afa]
V  [jvm.dll+0x8365be]
V  [jvm.dll+0x836c23]
V  [jvm.dll+0x2477ff]
V  [jvm.dll+0xac514]
V  [jvm.dll+0xacb5c]
V  [jvm.dll+0x3667d7]
V  [jvm.dll+0x330bfa]
V  [jvm.dll+0x33009a]
V  [jvm.dll+0x219ef1]
V  [jvm.dll+0x219311]
V  [jvm.dll+0x1a502d]
V  [jvm.dll+0x2290de]
V  [jvm.dll+0x2272ac]
V  [jvm.dll+0x7e9bb7]
V  [jvm.dll+0x7e3fba]
V  [jvm.dll+0x67c1b5]
C  [ucrtbase.dll+0x29363]
C  [KERNEL32.DLL+0x1257d]
C  [ntdll.dll+0x5aa58]


---------------  P R O C E S S  ---------------

Threads class SMR info:
_java_thread_list=0x000001f53948c3b0, length=25, elements={
0x000001f51ed3f5c0, 0x000001f532b7a010, 0x000001f532b7baf0, 0x000001f532bac320,
0x000001f532bacdf0, 0x000001f532baddd0, 0x000001f532bb1d90, 0x000001f532bba560,
0x000001f532bbb7b0, 0x000001f532bbf180, 0x000001f532bb1370, 0x000001f532bb36e0,
0x000001f532baff30, 0x000001f532bb22a0, 0x000001f532bb27b0, 0x000001f532bb0e60,
0x000001f532bb31d0, 0x000001f532bb0950, 0x000001f5386de8c0, 0x000001f5386df7f0,
0x000001f5386dcf70, 0x000001f5386dfd00, 0x000001f5386dca60, 0x000001f5386dd990,
0x000001f539694fa0
}

Java Threads: ( => current thread )
  0x000001f51ed3f5c0 JavaThread "main" [_thread_blocked, id=4960, stack(0x000000d2eea00000,0x000000d2eeb00000)]
  0x000001f532b7a010 JavaThread "Reference Handler" daemon [_thread_blocked, id=23528, stack(0x000000d2eed00000,0x000000d2eee00000)]
  0x000001f532b7baf0 JavaThread "Finalizer" daemon [_thread_blocked, id=21844, stack(0x000000d2eee00000,0x000000d2eef00000)]
  0x000001f532bac320 JavaThread "Signal Dispatcher" daemon [_thread_blocked, id=22488, stack(0x000000d2eef00000,0x000000d2ef000000)]
  0x000001f532bacdf0 JavaThread "Attach Listener" daemon [_thread_blocked, id=9268, stack(0x000000d2ef000000,0x000000d2ef100000)]
  0x000001f532baddd0 JavaThread "Service Thread" daemon [_thread_blocked, id=23516, stack(0x000000d2ef100000,0x000000d2ef200000)]
  0x000001f532bb1d90 JavaThread "Monitor Deflation Thread" daemon [_thread_blocked, id=12868, stack(0x000000d2ef200000,0x000000d2ef300000)]
=>0x000001f532bba560 JavaThread "C2 CompilerThread0" daemon [_thread_in_native, id=3380, stack(0x000000d2ef300000,0x000000d2ef400000)]
  0x000001f532bbb7b0 JavaThread "C1 CompilerThread0" daemon [_thread_in_native, id=21724, stack(0x000000d2ef400000,0x000000d2ef500000)]
  0x000001f532bbf180 JavaThread "Sweeper thread" daemon [_thread_blocked, id=19224, stack(0x000000d2ef500000,0x000000d2ef600000)]
  0x000001f532bb1370 JavaThread "Common-Cleaner" daemon [_thread_blocked, id=20756, stack(0x000000d2ef600000,0x000000d2ef700000)]
  0x000001f532bb36e0 JavaThread "Notification Thread" daemon [_thread_blocked, id=23096, stack(0x000000d2ef700000,0x000000d2ef800000)]
  0x000001f532baff30 JavaThread "Active Thread: Equinox Container: 35029842-8ee6-4a77-a302-6205dfd88577" [_thread_blocked, id=9476, stack(0x000000d2efc00000,0x000000d2efd00000)]
  0x000001f532bb22a0 JavaThread "Framework Event Dispatcher: Equinox Container: 35029842-8ee6-4a77-a302-6205dfd88577" daemon [_thread_blocked, id=22312, stack(0x000000d2efd00000,0x000000d2efe00000)]
  0x000001f532bb27b0 JavaThread "Start Level: Equinox Container: 35029842-8ee6-4a77-a302-6205dfd88577" daemon [_thread_blocked, id=12892, stack(0x000000d2efe00000,0x000000d2eff00000)]
  0x000001f532bb0e60 JavaThread "SCR Component Actor" daemon [_thread_blocked, id=8676, stack(0x000000d2eff00000,0x000000d2f0000000)]
  0x000001f532bb31d0 JavaThread "Worker-JM" [_thread_blocked, id=22912, stack(0x000000d2f0100000,0x000000d2f0200000)]
  0x000001f532bb0950 JavaThread "Worker-0" [_thread_blocked, id=22380, stack(0x000000d2f0200000,0x000000d2f0300000)]
  0x000001f5386de8c0 JavaThread "Worker-1" [_thread_blocked, id=2448, stack(0x000000d2f0300000,0x000000d2f0400000)]
  0x000001f5386df7f0 JavaThread "JNA Cleaner" daemon [_thread_blocked, id=8652, stack(0x000000d2f0400000,0x000000d2f0500000)]
  0x000001f5386dcf70 JavaThread "pool-2-thread-1" [_thread_blocked, id=14100, stack(0x000000d2f0500000,0x000000d2f0600000)]
  0x000001f5386dfd00 JavaThread "WorkspaceEventsHandler" [_thread_blocked, id=20356, stack(0x000000d2f0600000,0x000000d2f0700000)]
  0x000001f5386dca60 JavaThread "pool-1-thread-1" [_thread_in_Java, id=4092, stack(0x000000d2f0700000,0x000000d2f0800000)]
  0x000001f5386dd990 JavaThread "Worker-2" [_thread_blocked, id=10616, stack(0x000000d2f0000000,0x000000d2f0100000)]
  0x000001f539694fa0 JavaThread "C2 CompilerThread1" daemon [_thread_in_native, id=6404, stack(0x000000d2f0800000,0x000000d2f0900000)]

Other Threads:
  0x000001f51edecd30 VMThread "VM Thread" [stack: 0x000000d2eec00000,0x000000d2eed00000] [id=1960]
  0x000001f537faacc0 WatcherThread [stack: 0x000000d2ef800000,0x000000d2ef900000] [id=4376]
  0x000001f51ed528f0 GCTaskThread "GC Thread#0" [stack: 0x000000d2eeb00000,0x000000d2eec00000] [id=1348]
  0x000001f53887c780 GCTaskThread "GC Thread#1" [stack: 0x000000d2ef900000,0x000000d2efa00000] [id=15236]
  0x000001f538182fb0 GCTaskThread "GC Thread#2" [stack: 0x000000d2efa00000,0x000000d2efb00000] [id=3324]
  0x000001f538183270 GCTaskThread "GC Thread#3" [stack: 0x000000d2efb00000,0x000000d2efc00000] [id=13364]

Threads with active compile tasks:
C2 CompilerThread0    13044 4197       4       org.lombokweb.asm.ClassReader::readMethod (1066 bytes)
C1 CompilerThread0    13044 4410       3       lombok.core.TypeLibrary::toQualifieds (81 bytes)
C2 CompilerThread1    13044 4398       4       org.eclipse.jdt.internal.compiler.parser.Parser::consumeRule (7964 bytes)

VM state: not at safepoint (normal execution)

VM Mutex/Monitor currently owned by a thread: None

Heap address: 0x00000000c0000000, size: 1024 MB, Compressed Oops mode: 32-bit

CDS archive(s) not mapped
Compressed class space mapped at: 0x0000000100000000-0x0000000140000000, reserved size: 1073741824
Narrow klass base: 0x0000000000000000, Narrow klass shift: 3, Narrow klass range: 0x140000000

GC Precious Log:
 CPUs: 4 total, 4 available
 Memory: 3919M
 Large Page Support: Disabled
 NUMA Support: Disabled
 Compressed Oops: Enabled (32-bit)
 Alignments: Space 512K, Generation 512K, Heap 2M
 Heap Min Capacity: 100M
 Heap Initial Capacity: 100M
 Heap Max Capacity: 1G
 Pre-touch: Disabled
 Parallel Workers: 4

Heap:
 PSYoungGen      total 23040K, used 16737K [0x00000000eab00000, 0x00000000ec300000, 0x0000000100000000)
  eden space 22016K, 73% used [0x00000000eab00000,0x00000000ebaba8a8,0x00000000ec080000)
  from space 1024K, 61% used [0x00000000ec200000,0x00000000ec29dbb8,0x00000000ec300000)
  to   space 1024K, 0% used [0x00000000ec100000,0x00000000ec100000,0x00000000ec200000)
 ParOldGen       total 68608K, used 27367K [0x00000000c0000000, 0x00000000c4300000, 0x00000000eab00000)
  object space 68608K, 39% used [0x00000000c0000000,0x00000000c1ab9ef0,0x00000000c4300000)
 Metaspace       used 43895K, committed 44608K, reserved 1114112K
  class space    used 4436K, committed 4800K, reserved 1048576K

Card table byte_map: [0x000001f51e6d0000,0x000001f51e8e0000] _byte_map_base: 0x000001f51e0d0000

Marking Bits: (ParMarkBitMap*) 0x00007ff97444d7d0
 Begin Bits: [0x000001f5309d0000, 0x000001f5319d0000)
 End Bits:   [0x000001f5319d0000, 0x000001f5329d0000)

Polling page: 0x000001f51cc50000

Metaspace:

Usage:
  Non-class:     38.53 MB used.
      Class:      4.33 MB used.
       Both:     42.87 MB used.

Virtual space:
  Non-class space:       64.00 MB reserved,      38.88 MB ( 61%) committed,  1 nodes.
      Class space:        1.00 GB reserved,       4.69 MB ( <1%) committed,  1 nodes.
             Both:        1.06 GB reserved,      43.56 MB (  4%) committed. 

Chunk freelists:
   Non-Class:  8.94 MB
       Class:  11.37 MB
        Both:  20.31 MB

MaxMetaspaceSize: unlimited
CompressedClassSpaceSize: 1.00 GB
Initial GC threshold: 21.00 MB
Current GC threshold: 58.38 MB
CDS: off
MetaspaceReclaimPolicy: balanced
 - commit_granule_bytes: 65536.
 - commit_granule_words: 8192.
 - virtual_space_node_default_size: 8388608.
 - enlarge_chunks_in_place: 1.
 - new_chunks_are_fully_committed: 0.
 - uncommit_free_chunks: 1.
 - use_allocation_guard: 0.
 - handle_deallocations: 1.


Internal statistics:

num_allocs_failed_limit: 6.
num_arena_births: 402.
num_arena_deaths: 14.
num_vsnodes_births: 2.
num_vsnodes_deaths: 0.
num_space_committed: 697.
num_space_uncommitted: 0.
num_chunks_returned_to_freelist: 20.
num_chunks_taken_from_freelist: 1851.
num_chunk_merges: 8.
num_chunk_splits: 1215.
num_chunks_enlarged: 805.
num_inconsistent_stats: 0.

CodeHeap 'non-profiled nmethods': size=120000Kb used=2258Kb max_used=2258Kb free=117741Kb
 bounds [0x000001f5294a0000, 0x000001f529710000, 0x000001f5309d0000]
CodeHeap 'profiled nmethods': size=120000Kb used=9774Kb max_used=9774Kb free=110226Kb
 bounds [0x000001f5219d0000, 0x000001f522360000, 0x000001f528f00000]
CodeHeap 'non-nmethods': size=5760Kb used=1298Kb max_used=1378Kb free=4461Kb
 bounds [0x000001f528f00000, 0x000001f529170000, 0x000001f5294a0000]
 total_blobs=5031 nmethods=4401 adapters=544
 compilation: enabled
              stopped_count=0, restarted_count=0
 full_count=0

Compilation events (20 events):
Event: 12.850 Thread 0x000001f532bbb7b0 4313   !   3       org.eclipse.jdt.internal.core.JavaProject::checkPreferencesExist (32 bytes)
Event: 12.851 Thread 0x000001f532bbb7b0 nmethod 4313 0x000001f52230ee90 code [0x000001f52230f060, 0x000001f52230f3f8]
Event: 12.851 Thread 0x000001f532bbb7b0 4314   !   3       org.eclipse.jdt.internal.core.JavaProject::getOption (43 bytes)
Event: 12.851 Thread 0x000001f532bbb7b0 nmethod 4314 0x000001f52230f590 code [0x000001f52230f780, 0x000001f52230fb98]
Event: 12.851 Thread 0x000001f532bbb7b0 4315       1       org.eclipse.jdt.internal.core.CompilationUnit::getElementType (2 bytes)
Event: 12.851 Thread 0x000001f532bbb7b0 nmethod 4315 0x000001f5296c4f90 code [0x000001f5296c5120, 0x000001f5296c51f8]
Event: 12.853 Thread 0x000001f532bbb7b0 4316       1       org.eclipse.core.internal.jobs.InternalJob::setPrevious (6 bytes)
Event: 12.853 Thread 0x000001f532bbb7b0 nmethod 4316 0x000001f5296c5290 code [0x000001f5296c5420, 0x000001f5296c54f8]
Event: 12.853 Thread 0x000001f532bbb7b0 4317       3       sun.nio.cs.UTF_8$Decoder::decodeLoop (28 bytes)
Event: 12.854 Thread 0x000001f532bbb7b0 nmethod 4317 0x000001f52230fd90 code [0x000001f52230ff60, 0x000001f522310378]
Event: 12.854 Thread 0x000001f532bbb7b0 4318       3       sun.nio.cs.UTF_8$Decoder::decodeArrayLoop (688 bytes)
Event: 12.858 Thread 0x000001f532bbb7b0 nmethod 4318 0x000001f522310510 code [0x000001f522310d40, 0x000001f522315d18]
Event: 12.858 Thread 0x000001f532bbb7b0 4319       3       java.lang.System$2::decodeASCII (11 bytes)
Event: 12.858 Thread 0x000001f532bbb7b0 nmethod 4319 0x000001f522317490 code [0x000001f522317620, 0x000001f522317768]
Event: 12.865 Thread 0x000001f532bbb7b0 4320       1       lombok.eclipse.HandlerLibrary$VisitorContainer::getPriority (5 bytes)
Event: 12.865 Thread 0x000001f532bbb7b0 nmethod 4320 0x000001f5296c5590 code [0x000001f5296c5720, 0x000001f5296c57f8]
Event: 12.865 Thread 0x000001f532bbb7b0 4321       3       lombok.core.configuration.FileSystemSourceCache::ensureContent (48 bytes)
Event: 12.865 Thread 0x000001f532bbb7b0 nmethod 4321 0x000001f522317810 code [0x000001f522317a00, 0x000001f522317fd8]
Event: 12.865 Thread 0x000001f532bbb7b0 4322       3       lombok.core.configuration.ConfigurationFile$RegularConfigurationFile::parent (39 bytes)
Event: 12.866 Thread 0x000001f532bbb7b0 nmethod 4322 0x000001f522318190 code [0x000001f5223183a0, 0x000001f5223189e8]

GC Heap History (20 events):
Event: 7.309 GC heap before
{Heap before GC invocations=11 (full 2):
 PSYoungGen      total 27648K, used 3705K [0x00000000eab00000, 0x00000000eca00000, 0x0000000100000000)
  eden space 23552K, 0% used [0x00000000eab00000,0x00000000eab00000,0x00000000ec200000)
  from space 4096K, 90% used [0x00000000ec280000,0x00000000ec61e798,0x00000000ec680000)
  to   space 3584K, 0% used [0x00000000ec680000,0x00000000ec680000,0x00000000eca00000)
 ParOldGen       total 68608K, used 9397K [0x00000000c0000000, 0x00000000c4300000, 0x00000000eab00000)
  object space 68608K, 13% used [0x00000000c0000000,0x00000000c092d450,0x00000000c4300000)
 Metaspace       used 35200K, committed 35840K, reserved 1114112K
  class space    used 3553K, committed 3840K, reserved 1048576K
}
Event: 7.346 GC heap after
{Heap after GC invocations=11 (full 2):
 PSYoungGen      total 27648K, used 0K [0x00000000eab00000, 0x00000000eca00000, 0x0000000100000000)
  eden space 23552K, 0% used [0x00000000eab00000,0x00000000eab00000,0x00000000ec200000)
  from space 4096K, 0% used [0x00000000ec280000,0x00000000ec280000,0x00000000ec680000)
  to   space 3584K, 0% used [0x00000000ec680000,0x00000000ec680000,0x00000000eca00000)
 ParOldGen       total 68608K, used 12824K [0x00000000c0000000, 0x00000000c4300000, 0x00000000eab00000)
  object space 68608K, 18% used [0x00000000c0000000,0x00000000c0c86368,0x00000000c4300000)
 Metaspace       used 35200K, committed 35840K, reserved 1114112K
  class space    used 3553K, committed 3840K, reserved 1048576K
}
Event: 7.982 GC heap before
{Heap before GC invocations=12 (full 2):
 PSYoungGen      total 27648K, used 23552K [0x00000000eab00000, 0x00000000eca00000, 0x0000000100000000)
  eden space 23552K, 100% used [0x00000000eab00000,0x00000000ec200000,0x00000000ec200000)
  from space 4096K, 0% used [0x00000000ec280000,0x00000000ec280000,0x00000000ec680000)
  to   space 3584K, 0% used [0x00000000ec680000,0x00000000ec680000,0x00000000eca00000)
 ParOldGen       total 68608K, used 12824K [0x00000000c0000000, 0x00000000c4300000, 0x00000000eab00000)
  object space 68608K, 18% used [0x00000000c0000000,0x00000000c0c86368,0x00000000c4300000)
 Metaspace       used 36743K, committed 37376K, reserved 1114112K
  class space    used 3731K, committed 4032K, reserved 1048576K
}
Event: 7.985 GC heap after
{Heap after GC invocations=12 (full 2):
 PSYoungGen      total 25600K, used 2176K [0x00000000eab00000, 0x00000000ec900000, 0x0000000100000000)
  eden space 23040K, 0% used [0x00000000eab00000,0x00000000eab00000,0x00000000ec180000)
  from space 2560K, 85% used [0x00000000ec680000,0x00000000ec8a0040,0x00000000ec900000)
  to   space 3072K, 0% used [0x00000000ec300000,0x00000000ec300000,0x00000000ec600000)
 ParOldGen       total 68608K, used 12832K [0x00000000c0000000, 0x00000000c4300000, 0x00000000eab00000)
  object space 68608K, 18% used [0x00000000c0000000,0x00000000c0c88368,0x00000000c4300000)
 Metaspace       used 36743K, committed 37376K, reserved 1114112K
  class space    used 3731K, committed 4032K, reserved 1048576K
}
Event: 8.720 GC heap before
{Heap before GC invocations=13 (full 2):
 PSYoungGen      total 25600K, used 25216K [0x00000000eab00000, 0x00000000ec900000, 0x0000000100000000)
  eden space 23040K, 100% used [0x00000000eab00000,0x00000000ec180000,0x00000000ec180000)
  from space 2560K, 85% used [0x00000000ec680000,0x00000000ec8a0040,0x00000000ec900000)
  to   space 3072K, 0% used [0x00000000ec300000,0x00000000ec300000,0x00000000ec600000)
 ParOldGen       total 68608K, used 12832K [0x00000000c0000000, 0x00000000c4300000, 0x00000000eab00000)
  object space 68608K, 18% used [0x00000000c0000000,0x00000000c0c88368,0x00000000c4300000)
 Metaspace       used 36959K, committed 37632K, reserved 1114112K
  class space    used 3750K, committed 4032K, reserved 1048576K
}
Event: 8.728 GC heap after
{Heap after GC invocations=13 (full 2):
 PSYoungGen      total 25088K, used 2240K [0x00000000eab00000, 0x00000000ec700000, 0x0000000100000000)
  eden space 22528K, 0% used [0x00000000eab00000,0x00000000eab00000,0x00000000ec100000)
  from space 2560K, 87% used [0x00000000ec300000,0x00000000ec530010,0x00000000ec580000)
  to   space 1536K, 0% used [0x00000000ec580000,0x00000000ec580000,0x00000000ec700000)
 ParOldGen       total 68608K, used 14926K [0x00000000c0000000, 0x00000000c4300000, 0x00000000eab00000)
  object space 68608K, 21% used [0x00000000c0000000,0x00000000c0e939e0,0x00000000c4300000)
 Metaspace       used 36959K, committed 37632K, reserved 1114112K
  class space    used 3750K, committed 4032K, reserved 1048576K
}
Event: 9.285 GC heap before
{Heap before GC invocations=14 (full 2):
 PSYoungGen      total 25088K, used 24768K [0x00000000eab00000, 0x00000000ec700000, 0x0000000100000000)
  eden space 22528K, 100% used [0x00000000eab00000,0x00000000ec100000,0x00000000ec100000)
  from space 2560K, 87% used [0x00000000ec300000,0x00000000ec530010,0x00000000ec580000)
  to   space 1536K, 0% used [0x00000000ec580000,0x00000000ec580000,0x00000000ec700000)
 ParOldGen       total 68608K, used 14926K [0x00000000c0000000, 0x00000000c4300000, 0x00000000eab00000)
  object space 68608K, 21% used [0x00000000c0000000,0x00000000c0e939e0,0x00000000c4300000)
 Metaspace       used 37034K, committed 37760K, reserved 1114112K
  class space    used 3763K, committed 4096K, reserved 1048576K
}
Event: 9.292 GC heap after
{Heap after GC invocations=14 (full 2):
 PSYoungGen      total 23552K, used 1504K [0x00000000eab00000, 0x00000000eca80000, 0x0000000100000000)
  eden space 22016K, 0% used [0x00000000eab00000,0x00000000eab00000,0x00000000ec080000)
  from space 1536K, 97% used [0x00000000ec580000,0x00000000ec6f8010,0x00000000ec700000)
  to   space 5120K, 0% used [0x00000000ec080000,0x00000000ec080000,0x00000000ec580000)
 ParOldGen       total 68608K, used 17814K [0x00000000c0000000, 0x00000000c4300000, 0x00000000eab00000)
  object space 68608K, 25% used [0x00000000c0000000,0x00000000c11659e0,0x00000000c4300000)
 Metaspace       used 37034K, committed 37760K, reserved 1114112K
  class space    used 3763K, committed 4096K, reserved 1048576K
}
Event: 9.408 GC heap before
{Heap before GC invocations=15 (full 2):
 PSYoungGen      total 23552K, used 23520K [0x00000000eab00000, 0x00000000eca80000, 0x0000000100000000)
  eden space 22016K, 100% used [0x00000000eab00000,0x00000000ec080000,0x00000000ec080000)
  from space 1536K, 97% used [0x00000000ec580000,0x00000000ec6f8010,0x00000000ec700000)
  to   space 5120K, 0% used [0x00000000ec080000,0x00000000ec080000,0x00000000ec580000)
 ParOldGen       total 68608K, used 17814K [0x00000000c0000000, 0x00000000c4300000, 0x00000000eab00000)
  object space 68608K, 25% used [0x00000000c0000000,0x00000000c11659e0,0x00000000c4300000)
 Metaspace       used 37035K, committed 37760K, reserved 1114112K
  class space    used 3763K, committed 4096K, reserved 1048576K
}
Event: 9.414 GC heap after
{Heap after GC invocations=15 (full 2):
 PSYoungGen      total 24576K, used 2432K [0x00000000eab00000, 0x00000000ec780000, 0x0000000100000000)
  eden space 22016K, 0% used [0x00000000eab00000,0x00000000eab00000,0x00000000ec080000)
  from space 2560K, 95% used [0x00000000ec080000,0x00000000ec2e0000,0x00000000ec300000)
  to   space 3584K, 0% used [0x00000000ec400000,0x00000000ec400000,0x00000000ec780000)
 ParOldGen       total 68608K, used 19330K [0x00000000c0000000, 0x00000000c4300000, 0x00000000eab00000)
  object space 68608K, 28% used [0x00000000c0000000,0x00000000c12e0908,0x00000000c4300000)
 Metaspace       used 37035K, committed 37760K, reserved 1114112K
  class space    used 3763K, committed 4096K, reserved 1048576K
}
Event: 9.464 GC heap before
{Heap before GC invocations=16 (full 2):
 PSYoungGen      total 24576K, used 24448K [0x00000000eab00000, 0x00000000ec780000, 0x0000000100000000)
  eden space 22016K, 100% used [0x00000000eab00000,0x00000000ec080000,0x00000000ec080000)
  from space 2560K, 95% used [0x00000000ec080000,0x00000000ec2e0000,0x00000000ec300000)
  to   space 3584K, 0% used [0x00000000ec400000,0x00000000ec400000,0x00000000ec780000)
 ParOldGen       total 68608K, used 19330K [0x00000000c0000000, 0x00000000c4300000, 0x00000000eab00000)
  object space 68608K, 28% used [0x00000000c0000000,0x00000000c12e0908,0x00000000c4300000)
 Metaspace       used 37035K, committed 37760K, reserved 1114112K
  class space    used 3763K, committed 4096K, reserved 1048576K
}
Event: 9.470 GC heap after
{Heap after GC invocations=16 (full 2):
 PSYoungGen      total 24576K, used 2464K [0x00000000eab00000, 0x00000000ec680000, 0x0000000100000000)
  eden space 22016K, 0% used [0x00000000eab00000,0x00000000eab00000,0x00000000ec080000)
  from space 2560K, 96% used [0x00000000ec400000,0x00000000ec668010,0x00000000ec680000)
  to   space 3072K, 0% used [0x00000000ec080000,0x00000000ec080000,0x00000000ec380000)
 ParOldGen       total 68608K, used 21738K [0x00000000c0000000, 0x00000000c4300000, 0x00000000eab00000)
  object space 68608K, 31% used [0x00000000c0000000,0x00000000c153a908,0x00000000c4300000)
 Metaspace       used 37035K, committed 37760K, reserved 1114112K
  class space    used 3763K, committed 4096K, reserved 1048576K
}
Event: 10.701 GC heap before
{Heap before GC invocations=17 (full 2):
 PSYoungGen      total 24576K, used 24480K [0x00000000eab00000, 0x00000000ec680000, 0x0000000100000000)
  eden space 22016K, 100% used [0x00000000eab00000,0x00000000ec080000,0x00000000ec080000)
  from space 2560K, 96% used [0x00000000ec400000,0x00000000ec668010,0x00000000ec680000)
  to   space 3072K, 0% used [0x00000000ec080000,0x00000000ec080000,0x00000000ec380000)
 ParOldGen       total 68608K, used 21738K [0x00000000c0000000, 0x00000000c4300000, 0x00000000eab00000)
  object space 68608K, 31% used [0x00000000c0000000,0x00000000c153a908,0x00000000c4300000)
 Metaspace       used 39174K, committed 39808K, reserved 1114112K
  class space    used 4005K, committed 4288K, reserved 1048576K
}
Event: 10.706 GC heap after
{Heap after GC invocations=17 (full 2):
 PSYoungGen      total 24576K, used 2200K [0x00000000eab00000, 0x00000000ec580000, 0x0000000100000000)
  eden space 22016K, 0% used [0x00000000eab00000,0x00000000eab00000,0x00000000ec080000)
  from space 2560K, 85% used [0x00000000ec080000,0x00000000ec2a6228,0x00000000ec300000)
  to   space 2560K, 0% used [0x00000000ec300000,0x00000000ec300000,0x00000000ec580000)
 ParOldGen       total 68608K, used 24130K [0x00000000c0000000, 0x00000000c4300000, 0x00000000eab00000)
  object space 68608K, 35% used [0x00000000c0000000,0x00000000c1790918,0x00000000c4300000)
 Metaspace       used 39174K, committed 39808K, reserved 1114112K
  class space    used 4005K, committed 4288K, reserved 1048576K
}
Event: 11.518 GC heap before
{Heap before GC invocations=18 (full 2):
 PSYoungGen      total 24576K, used 24200K [0x00000000eab00000, 0x00000000ec580000, 0x0000000100000000)
  eden space 22016K, 99% used [0x00000000eab00000,0x00000000ec07be28,0x00000000ec080000)
  from space 2560K, 85% used [0x00000000ec080000,0x00000000ec2a6228,0x00000000ec300000)
  to   space 2560K, 0% used [0x00000000ec300000,0x00000000ec300000,0x00000000ec580000)
 ParOldGen       total 68608K, used 24130K [0x00000000c0000000, 0x00000000c4300000, 0x00000000eab00000)
  object space 68608K, 35% used [0x00000000c0000000,0x00000000c1790918,0x00000000c4300000)
 Metaspace       used 40281K, committed 41024K, reserved 1114112K
  class space    used 4154K, committed 4480K, reserved 1048576K
}
Event: 11.522 GC heap after
{Heap after GC invocations=18 (full 2):
 PSYoungGen      total 22528K, used 320K [0x00000000eab00000, 0x00000000ec380000, 0x0000000100000000)
  eden space 22016K, 0% used [0x00000000eab00000,0x00000000eab00000,0x00000000ec080000)
  from space 512K, 62% used [0x00000000ec300000,0x00000000ec350000,0x00000000ec380000)
  to   space 1536K, 0% used [0x00000000ec080000,0x00000000ec080000,0x00000000ec200000)
 ParOldGen       total 68608K, used 26267K [0x00000000c0000000, 0x00000000c4300000, 0x00000000eab00000)
  object space 68608K, 38% used [0x00000000c0000000,0x00000000c19a6d58,0x00000000c4300000)
 Metaspace       used 40281K, committed 41024K, reserved 1114112K
  class space    used 4154K, committed 4480K, reserved 1048576K
}
Event: 12.368 GC heap before
{Heap before GC invocations=19 (full 2):
 PSYoungGen      total 22528K, used 22336K [0x00000000eab00000, 0x00000000ec380000, 0x0000000100000000)
  eden space 22016K, 100% used [0x00000000eab00000,0x00000000ec080000,0x00000000ec080000)
  from space 512K, 62% used [0x00000000ec300000,0x00000000ec350000,0x00000000ec380000)
  to   space 1536K, 0% used [0x00000000ec080000,0x00000000ec080000,0x00000000ec200000)
 ParOldGen       total 68608K, used 26267K [0x00000000c0000000, 0x00000000c4300000, 0x00000000eab00000)
  object space 68608K, 38% used [0x00000000c0000000,0x00000000c19a6d58,0x00000000c4300000)
 Metaspace       used 42465K, committed 43136K, reserved 1114112K
  class space    used 4305K, committed 4608K, reserved 1048576K
}
Event: 12.371 GC heap after
{Heap after GC invocations=19 (full 2):
 PSYoungGen      total 23552K, used 1211K [0x00000000eab00000, 0x00000000ec380000, 0x0000000100000000)
  eden space 22016K, 0% used [0x00000000eab00000,0x00000000eab00000,0x00000000ec080000)
  from space 1536K, 78% used [0x00000000ec080000,0x00000000ec1aef70,0x00000000ec200000)
  to   space 1536K, 0% used [0x00000000ec200000,0x00000000ec200000,0x00000000ec380000)
 ParOldGen       total 68608K, used 26507K [0x00000000c0000000, 0x00000000c4300000, 0x00000000eab00000)
  object space 68608K, 38% used [0x00000000c0000000,0x00000000c19e2d58,0x00000000c4300000)
 Metaspace       used 42465K, committed 43136K, reserved 1114112K
  class space    used 4305K, committed 4608K, reserved 1048576K
}
Event: 12.498 GC heap before
{Heap before GC invocations=20 (full 2):
 PSYoungGen      total 23552K, used 23227K [0x00000000eab00000, 0x00000000ec380000, 0x0000000100000000)
  eden space 22016K, 100% used [0x00000000eab00000,0x00000000ec080000,0x00000000ec080000)
  from space 1536K, 78% used [0x00000000ec080000,0x00000000ec1aef70,0x00000000ec200000)
  to   space 1536K, 0% used [0x00000000ec200000,0x00000000ec200000,0x00000000ec380000)
 ParOldGen       total 68608K, used 26507K [0x00000000c0000000, 0x00000000c4300000, 0x00000000eab00000)
  object space 68608K, 38% used [0x00000000c0000000,0x00000000c19e2d58,0x00000000c4300000)
 Metaspace       used 42505K, committed 43200K, reserved 1114112K
  class space    used 4305K, committed 4608K, reserved 1048576K
}
Event: 12.500 GC heap after
{Heap after GC invocations=20 (full 2):
 PSYoungGen      total 23040K, used 630K [0x00000000eab00000, 0x00000000ec300000, 0x0000000100000000)
  eden space 22016K, 0% used [0x00000000eab00000,0x00000000eab00000,0x00000000ec080000)
  from space 1024K, 61% used [0x00000000ec200000,0x00000000ec29dbb8,0x00000000ec300000)
  to   space 1024K, 0% used [0x00000000ec100000,0x00000000ec100000,0x00000000ec200000)
 ParOldGen       total 68608K, used 27367K [0x00000000c0000000, 0x00000000c4300000, 0x00000000eab00000)
  object space 68608K, 39% used [0x00000000c0000000,0x00000000c1ab9ef0,0x00000000c4300000)
 Metaspace       used 42505K, committed 43200K, reserved 1114112K
  class space    used 4305K, committed 4608K, reserved 1048576K
}

Dll operation events (10 events):
Event: 0.160 Loaded shared library c:\Users\HP\.vscode\extensions\redhat.java-1.28.1-win32-x64\jre\17.0.10-win32-x86_64\bin\java.dll
Event: 0.413 Loaded shared library c:\Users\HP\.vscode\extensions\redhat.java-1.28.1-win32-x64\jre\17.0.10-win32-x86_64\bin\zip.dll
Event: 0.430 Loaded shared library C:\Users\HP\.vscode\extensions\redhat.java-1.28.1-win32-x64\jre\17.0.10-win32-x86_64\bin\instrument.dll
Event: 0.444 Loaded shared library C:\Users\HP\.vscode\extensions\redhat.java-1.28.1-win32-x64\jre\17.0.10-win32-x86_64\bin\net.dll
Event: 0.452 Loaded shared library C:\Users\HP\.vscode\extensions\redhat.java-1.28.1-win32-x64\jre\17.0.10-win32-x86_64\bin\nio.dll
Event: 0.460 Loaded shared library C:\Users\HP\.vscode\extensions\redhat.java-1.28.1-win32-x64\jre\17.0.10-win32-x86_64\bin\zip.dll
Event: 0.475 Loaded shared library C:\Users\HP\.vscode\extensions\redhat.java-1.28.1-win32-x64\jre\17.0.10-win32-x86_64\bin\jimage.dll
Event: 0.608 Loaded shared library c:\Users\HP\.vscode\extensions\redhat.java-1.28.1-win32-x64\jre\17.0.10-win32-x86_64\bin\verify.dll
Event: 2.081 Loaded shared library C:\Users\HP\AppData\Roaming\Code\User\globalStorage\redhat.java\1.28.1\config_ss_win\org.eclipse.equinox.launcher\org.eclipse.equinox.launcher.win32.win32.x86_64_1.2.900.v20240129-1338\eclipse_11900.dll
Event: 5.960 Loaded shared library C:\Users\HP\AppData\Local\Temp\jna-2312\jna12093329017494361663.dll

Deoptimization events (20 events):
Event: 12.428 Thread 0x000001f5386dca60 DEOPT PACKING pc=0x000001f521e4e21b sp=0x000000d2f07f8c70
Event: 12.428 Thread 0x000001f5386dca60 DEOPT UNPACKING pc=0x000001f528f56e43 sp=0x000000d2f07f8170 mode 0
Event: 12.466 Thread 0x000001f5386dca60 DEOPT PACKING pc=0x000001f521e4e21b sp=0x000000d2f07f8c70
Event: 12.466 Thread 0x000001f5386dca60 DEOPT UNPACKING pc=0x000001f528f56e43 sp=0x000000d2f07f8170 mode 0
Event: 12.478 Thread 0x000001f5386dca60 DEOPT PACKING pc=0x000001f521e4e21b sp=0x000000d2f07f8c70
Event: 12.478 Thread 0x000001f5386dca60 DEOPT UNPACKING pc=0x000001f528f56e43 sp=0x000000d2f07f8170 mode 0
Event: 12.485 Thread 0x000001f5386dca60 DEOPT PACKING pc=0x000001f521e4e21b sp=0x000000d2f07f8c70
Event: 12.485 Thread 0x000001f5386dca60 DEOPT UNPACKING pc=0x000001f528f56e43 sp=0x000000d2f07f8170 mode 0
Event: 12.496 Thread 0x000001f5386dca60 DEOPT PACKING pc=0x000001f521e4e21b sp=0x000000d2f07f8c70
Event: 12.496 Thread 0x000001f5386dca60 DEOPT UNPACKING pc=0x000001f528f56e43 sp=0x000000d2f07f8170 mode 0
Event: 12.502 Thread 0x000001f5386dca60 DEOPT PACKING pc=0x000001f521e4e21b sp=0x000000d2f07f8c70
Event: 12.502 Thread 0x000001f5386dca60 DEOPT UNPACKING pc=0x000001f528f56e43 sp=0x000000d2f07f8170 mode 0
Event: 12.509 Thread 0x000001f5386dca60 DEOPT PACKING pc=0x000001f521e4e21b sp=0x000000d2f07f8c70
Event: 12.509 Thread 0x000001f5386dca60 DEOPT UNPACKING pc=0x000001f528f56e43 sp=0x000000d2f07f8170 mode 0
Event: 12.523 Thread 0x000001f5386dca60 DEOPT PACKING pc=0x000001f521e4e21b sp=0x000000d2f07f8c70
Event: 12.523 Thread 0x000001f5386dca60 DEOPT UNPACKING pc=0x000001f528f56e43 sp=0x000000d2f07f8170 mode 0
Event: 12.818 Thread 0x000001f5386dca60 Uncommon trap: trap_request=0xffffffc6 fr.pc=0x000001f5295abfc4 relative=0x00000000000006c4
Event: 12.818 Thread 0x000001f5386dca60 Uncommon trap: reason=bimorphic_or_optimized_type_check action=maybe_recompile pc=0x000001f5295abfc4 method=java.util.HashMap.putVal(ILjava/lang/Object;Ljava/lang/Object;ZZ)Ljava/lang/Object; @ 203 c2
Event: 12.818 Thread 0x000001f5386dca60 DEOPT PACKING pc=0x000001f5295abfc4 sp=0x000000d2f07fdc50
Event: 12.818 Thread 0x000001f5386dca60 DEOPT UNPACKING pc=0x000001f528f566a3 sp=0x000000d2f07fdbc0 mode 2

Classes unloaded (7 events):
Event: 3.030 Thread 0x000001f51edecd30 Unloading class 0x000000010021a400 'java/lang/invoke/LambdaForm$MH+0x000000010021a400'
Event: 3.030 Thread 0x000001f51edecd30 Unloading class 0x000000010021a000 'java/lang/invoke/LambdaForm$MH+0x000000010021a000'
Event: 3.030 Thread 0x000001f51edecd30 Unloading class 0x0000000100219c00 'java/lang/invoke/LambdaForm$MH+0x0000000100219c00'
Event: 3.030 Thread 0x000001f51edecd30 Unloading class 0x0000000100219800 'java/lang/invoke/LambdaForm$MH+0x0000000100219800'
Event: 3.030 Thread 0x000001f51edecd30 Unloading class 0x0000000100219400 'java/lang/invoke/LambdaForm$BMH+0x0000000100219400'
Event: 3.030 Thread 0x000001f51edecd30 Unloading class 0x0000000100219000 'java/lang/invoke/LambdaForm$DMH+0x0000000100219000'
Event: 3.030 Thread 0x000001f51edecd30 Unloading class 0x0000000100214400 'java/lang/invoke/LambdaForm$DMH+0x0000000100214400'

Classes redefined (0 events):
No events

Internal exceptions (20 events):
Event: 6.143 Thread 0x000001f532bb27b0 Exception <a 'java/io/FileNotFoundException'{0x00000000eb0c39d0}> (0x00000000eb0c39d0) 
thrown [s\src\hotspot\share\prims\jni.cpp, line 516]
Event: 6.178 Thread 0x000001f532bb27b0 Exception <a 'java/lang/UnsatisfiedLinkError'{0x00000000eb152760}: The specified procedure could not be found.
> (0x00000000eb152760) 
thrown [s\src\hotspot\share\prims\jni.cpp, line 535]
Event: 6.267 Thread 0x000001f51ed3f5c0 Exception <a 'java/lang/NoSuchMethodError'{0x00000000eb3322e8}: 'java.lang.Object java.lang.invoke.DirectMethodHandle$Holder.invokeStatic(java.lang.Object, java.lang.Object, long, java.lang.Object)'> (0x00000000eb3322e8) 
thrown [s\src\hotspot\share\interpreter\linkResolver.cpp, line 759]
Event: 6.267 Thread 0x000001f51ed3f5c0 Exception <a 'java/lang/NoSuchMethodError'{0x00000000eb335d80}: 'java.lang.Object java.lang.invoke.DirectMethodHandle$Holder.invokeStaticInit(java.lang.Object, java.lang.Object, long, java.lang.Object)'> (0x00000000eb335d80) 
thrown [s\src\hotspot\share\interpreter\linkResolver.cpp, line 759]
Event: 6.268 Thread 0x000001f51ed3f5c0 Exception <a 'java/lang/NoSuchMethodError'{0x00000000eb33c600}: 'java.lang.Object java.lang.invoke.DirectMethodHandle$Holder.newInvokeSpecial(java.lang.Object, java.lang.Object, long)'> (0x00000000eb33c600) 
thrown [s\src\hotspot\share\interpreter\linkResolver.cpp, line 759]
Event: 6.362 Thread 0x000001f51ed3f5c0 Exception <a 'java/lang/NoSuchMethodError'{0x00000000eb4fe1e0}: 'void java.lang.invoke.DirectMethodHandle$Holder.invokeStatic(java.lang.Object, java.lang.Object, java.lang.Object, java.lang.Object)'> (0x00000000eb4fe1e0) 
thrown [s\src\hotspot\share\interpreter\linkResolver.cpp, line 759]
Event: 6.910 Thread 0x000001f51ed3f5c0 Exception <a 'java/lang/NoSuchMethodError'{0x00000000ebd534d8}: 'void java.lang.invoke.DirectMethodHandle$Holder.invokeSpecial(java.lang.Object, java.lang.Object, java.lang.Object, java.lang.Object, java.lang.Object, java.lang.Object)'> (0x00000000ebd534d8) 
thrown [s\src\hotspot\share\interpreter\linkResolver.cpp, line 759]
Event: 6.914 Thread 0x000001f51ed3f5c0 Exception <a 'java/lang/IncompatibleClassChangeError'{0x00000000ebd5cee0}: Found class java.lang.Object, but interface was expected> (0x00000000ebd5cee0) 
thrown [s\src\hotspot\share\interpreter\linkResolver.cpp, line 826]
Event: 7.202 Thread 0x000001f5386dca60 Exception <a 'java/io/FileNotFoundException'{0x00000000eabfa5a8}> (0x00000000eabfa5a8) 
thrown [s\src\hotspot\share\prims\jni.cpp, line 516]
Event: 7.268 Thread 0x000001f532bb0950 Exception <a 'java/io/FileNotFoundException'{0x00000000eadd07a8}> (0x00000000eadd07a8) 
thrown [s\src\hotspot\share\prims\jni.cpp, line 516]
Event: 7.269 Thread 0x000001f532bb0950 Exception <a 'java/io/FileNotFoundException'{0x00000000eadd1788}> (0x00000000eadd1788) 
thrown [s\src\hotspot\share\prims\jni.cpp, line 516]
Event: 7.269 Thread 0x000001f532bb0950 Exception <a 'java/io/FileNotFoundException'{0x00000000eadd24d8}> (0x00000000eadd24d8) 
thrown [s\src\hotspot\share\prims\jni.cpp, line 516]
Event: 7.283 Thread 0x000001f5386dca60 Exception <a 'sun/nio/fs/WindowsException'{0x00000000eadb7148}> (0x00000000eadb7148) 
thrown [s\src\hotspot\share\prims\jni.cpp, line 516]
Event: 7.443 Thread 0x000001f5386dca60 Exception <a 'java/lang/NoSuchMethodError'{0x00000000eaed58c0}: 'int java.lang.invoke.DirectMethodHandle$Holder.invokeVirtual(java.lang.Object, java.lang.Object)'> (0x00000000eaed58c0) 
thrown [s\src\hotspot\share\interpreter\linkResolver.cpp, line 759]
Event: 7.446 Thread 0x000001f532bb0950 Exception <a 'java/lang/NoSuchMethodError'{0x00000000eaf1dc98}: 'java.lang.Object java.lang.invoke.Invokers$Holder.invoke_MT(java.lang.Object, java.lang.Object, java.lang.Object)'> (0x00000000eaf1dc98) 
thrown [s\src\hotspot\share\interpreter\linkResolver.cpp, line 759]
Event: 8.115 Thread 0x000001f532bb0950 Exception <a 'java/io/FileNotFoundException'{0x00000000eae4db98}> (0x00000000eae4db98) 
thrown [s\src\hotspot\share\prims\jni.cpp, line 516]
Event: 8.115 Thread 0x000001f532bb0950 Exception <a 'java/io/FileNotFoundException'{0x00000000eae4f0b8}> (0x00000000eae4f0b8) 
thrown [s\src\hotspot\share\prims\jni.cpp, line 516]
Event: 8.118 Thread 0x000001f532bb0950 Exception <a 'java/lang/NoSuchMethodError'{0x00000000eae70b78}: 'void java.lang.invoke.DirectMethodHandle$Holder.invokeStaticInit(java.lang.Object, java.lang.Object, java.lang.Object)'> (0x00000000eae70b78) 
thrown [s\src\hotspot\share\interpreter\linkResolver.cpp, line 759]
Event: 9.826 Thread 0x000001f5386dca60 Exception <a 'java/lang/NoSuchMethodError'{0x00000000eb158888}: 'java.lang.Object java.lang.invoke.DirectMethodHandle$Holder.invokeInterface(java.lang.Object, java.lang.Object, java.lang.Object)'> (0x00000000eb158888) 
thrown [s\src\hotspot\share\interpreter\linkResolver.cpp, line 759]
Event: 11.597 Thread 0x000001f5386dca60 Implicit null exception at 0x000001f52968efcf to 0x000001f52968fcbc

VM Operations (20 events):
Event: 9.464 Executing VM operation: ParallelGCFailedAllocation
Event: 9.470 Executing VM operation: ParallelGCFailedAllocation done
Event: 10.086 Executing VM operation: HandshakeAllThreads
Event: 10.086 Executing VM operation: HandshakeAllThreads done
Event: 10.664 Executing VM operation: HandshakeAllThreads
Event: 10.664 Executing VM operation: HandshakeAllThreads done
Event: 10.664 Executing VM operation: Cleanup
Event: 10.664 Executing VM operation: Cleanup done
Event: 10.700 Executing VM operation: ParallelGCFailedAllocation
Event: 10.706 Executing VM operation: ParallelGCFailedAllocation done
Event: 11.518 Executing VM operation: ParallelGCFailedAllocation
Event: 11.522 Executing VM operation: ParallelGCFailedAllocation done
Event: 11.879 Executing VM operation: HandshakeAllThreads
Event: 11.879 Executing VM operation: HandshakeAllThreads done
Event: 12.368 Executing VM operation: ParallelGCFailedAllocation
Event: 12.371 Executing VM operation: ParallelGCFailedAllocation done
Event: 12.498 Executing VM operation: ParallelGCFailedAllocation
Event: 12.500 Executing VM operation: ParallelGCFailedAllocation done
Event: 12.722 Executing VM operation: HandshakeAllThreads
Event: 12.722 Executing VM operation: HandshakeAllThreads done

Events (20 events):
Event: 11.202 loading class java/util/Vector$1 done
Event: 11.597 loading class java/util/Collections$UnmodifiableSortedSet
Event: 11.598 loading class java/util/Collections$UnmodifiableSortedSet done
Event: 11.704 loading class java/util/regex/Pattern$Caret
Event: 11.706 loading class java/util/regex/Pattern$Caret done
Event: 11.903 loading class java/util/Hashtable$ValueCollection
Event: 11.903 loading class java/util/Hashtable$ValueCollection done
Event: 12.736 loading class java/util/function/ToIntFunction
Event: 12.736 loading class java/util/function/ToIntFunction done
Event: 12.737 loading class java/util/stream/ReferencePipeline$4
Event: 12.740 loading class java/util/stream/ReferencePipeline$4 done
Event: 12.740 loading class java/util/stream/Nodes$IntFixedNodeBuilder
Event: 12.741 loading class java/util/stream/Node$Builder$OfInt
Event: 12.741 loading class java/util/stream/Node$Builder$OfInt done
Event: 12.741 loading class java/util/stream/Nodes$IntArrayNode
Event: 12.741 loading class java/util/stream/Nodes$IntArrayNode done
Event: 12.741 loading class java/util/stream/Nodes$IntFixedNodeBuilder done
Event: 12.741 loading class java/util/stream/ReferencePipeline$4$1
Event: 12.742 loading class java/util/stream/ReferencePipeline$4$1 done
Event: 12.754 Thread 0x000001f539694fa0 Thread added: 0x000001f539694fa0


Dynamic libraries:
0x00007ff684890000 - 0x00007ff68489e000 	c:\Users\HP\.vscode\extensions\redhat.java-1.28.1-win32-x64\jre\17.0.10-win32-x86_64\bin\java.exe
0x00007ffa1dd70000 - 0x00007ffa1df87000 	C:\WINDOWS\SYSTEM32\ntdll.dll
0x00007ffa1cf30000 - 0x00007ffa1cff4000 	C:\WINDOWS\System32\KERNEL32.DLL
0x00007ffa1b150000 - 0x00007ffa1b4f6000 	C:\WINDOWS\System32\KERNELBASE.dll
0x00007ffa1b710000 - 0x00007ffa1b821000 	C:\WINDOWS\System32\ucrtbase.dll
0x00007ffa12900000 - 0x00007ffa1291b000 	c:\Users\HP\.vscode\extensions\redhat.java-1.28.1-win32-x64\jre\17.0.10-win32-x86_64\bin\VCRUNTIME140.dll
0x00007ffa146c0000 - 0x00007ffa146d7000 	c:\Users\HP\.vscode\extensions\redhat.java-1.28.1-win32-x64\jre\17.0.10-win32-x86_64\bin\jli.dll
0x00007ffa1da50000 - 0x00007ffa1dbfe000 	C:\WINDOWS\System32\USER32.dll
0x00007ffa1b860000 - 0x00007ffa1b886000 	C:\WINDOWS\System32\win32u.dll
0x00007ffa1cef0000 - 0x00007ffa1cf19000 	C:\WINDOWS\System32\GDI32.dll
0x00007ffa1b500000 - 0x00007ffa1b618000 	C:\WINDOWS\System32\gdi32full.dll
0x00007ffa1b0b0000 - 0x00007ffa1b14a000 	C:\WINDOWS\System32\msvcp_win.dll
0x00007ffa03690000 - 0x00007ffa03923000 	C:\WINDOWS\WinSxS\amd64_microsoft.windows.common-controls_6595b64144ccf1df_6.0.22621.2506_none_270c5ae97388e100\COMCTL32.dll
0x00007ffa1bee0000 - 0x00007ffa1bf87000 	C:\WINDOWS\System32\msvcrt.dll
0x00007ffa1dc00000 - 0x00007ffa1dc31000 	C:\WINDOWS\System32\IMM32.DLL
0x00007ffa17ab0000 - 0x00007ffa17abc000 	c:\Users\HP\.vscode\extensions\redhat.java-1.28.1-win32-x64\jre\17.0.10-win32-x86_64\bin\vcruntime140_1.dll
0x00007ff9cc550000 - 0x00007ff9cc5dd000 	c:\Users\HP\.vscode\extensions\redhat.java-1.28.1-win32-x64\jre\17.0.10-win32-x86_64\bin\msvcp140.dll
0x00007ff9738b0000 - 0x00007ff974512000 	c:\Users\HP\.vscode\extensions\redhat.java-1.28.1-win32-x64\jre\17.0.10-win32-x86_64\bin\server\jvm.dll
0x00007ffa1d300000 - 0x00007ffa1d3b3000 	C:\WINDOWS\System32\ADVAPI32.dll
0x00007ffa1d250000 - 0x00007ffa1d2f8000 	C:\WINDOWS\System32\sechost.dll
0x00007ffa1b830000 - 0x00007ffa1b858000 	C:\WINDOWS\System32\bcrypt.dll
0x00007ffa1c810000 - 0x00007ffa1c927000 	C:\WINDOWS\System32\RPCRT4.dll
0x00007ffa19f00000 - 0x00007ffa19f4d000 	C:\WINDOWS\SYSTEM32\POWRPROF.dll
0x00007ffa12af0000 - 0x00007ffa12b24000 	C:\WINDOWS\SYSTEM32\WINMM.dll
0x00007ff9fae20000 - 0x00007ff9fae29000 	C:\WINDOWS\SYSTEM32\WSOCK32.dll
0x00007ffa1ca30000 - 0x00007ffa1caa1000 	C:\WINDOWS\System32\WS2_32.dll
0x00007ffa118b0000 - 0x00007ffa118ba000 	C:\WINDOWS\SYSTEM32\VERSION.dll
0x00007ffa19ee0000 - 0x00007ffa19ef3000 	C:\WINDOWS\SYSTEM32\UMPDC.dll
0x00007ffa1a140000 - 0x00007ffa1a158000 	C:\WINDOWS\SYSTEM32\kernel.appcore.dll
0x00007ffa17a70000 - 0x00007ffa17a7a000 	c:\Users\HP\.vscode\extensions\redhat.java-1.28.1-win32-x64\jre\17.0.10-win32-x86_64\bin\jimage.dll
0x00007ffa18950000 - 0x00007ffa18b83000 	C:\WINDOWS\SYSTEM32\DBGHELP.DLL
0x00007ffa1bb50000 - 0x00007ffa1bed9000 	C:\WINDOWS\System32\combase.dll
0x00007ffa1dc40000 - 0x00007ffa1dd17000 	C:\WINDOWS\System32\OLEAUT32.dll
0x00007ff9f7c00000 - 0x00007ff9f7c32000 	C:\WINDOWS\SYSTEM32\dbgcore.DLL
0x00007ffa1b620000 - 0x00007ffa1b69a000 	C:\WINDOWS\System32\bcryptPrimitives.dll
0x00007ffa0ca30000 - 0x00007ffa0ca3e000 	c:\Users\HP\.vscode\extensions\redhat.java-1.28.1-win32-x64\jre\17.0.10-win32-x86_64\bin\instrument.dll
0x00007ff9ce0c0000 - 0x00007ff9ce0e5000 	c:\Users\HP\.vscode\extensions\redhat.java-1.28.1-win32-x64\jre\17.0.10-win32-x86_64\bin\java.dll
0x00007ff9cdc50000 - 0x00007ff9cdc68000 	c:\Users\HP\.vscode\extensions\redhat.java-1.28.1-win32-x64\jre\17.0.10-win32-x86_64\bin\zip.dll
0x00007ffa1bfb0000 - 0x00007ffa1c80b000 	C:\WINDOWS\System32\SHELL32.dll
0x00007ffa18fd0000 - 0x00007ffa198c6000 	C:\WINDOWS\SYSTEM32\windows.storage.dll
0x00007ffa18e90000 - 0x00007ffa18fce000 	C:\WINDOWS\SYSTEM32\wintypes.dll
0x00007ffa1d950000 - 0x00007ffa1da43000 	C:\WINDOWS\System32\SHCORE.dll
0x00007ffa1d8f0000 - 0x00007ffa1d94e000 	C:\WINDOWS\System32\shlwapi.dll
0x00007ffa1afe0000 - 0x00007ffa1b006000 	C:\WINDOWS\SYSTEM32\profapi.dll
0x00007ff9cd3e0000 - 0x00007ff9cd3f9000 	C:\Users\HP\.vscode\extensions\redhat.java-1.28.1-win32-x64\jre\17.0.10-win32-x86_64\bin\net.dll
0x00007ffa13810000 - 0x00007ffa13947000 	C:\WINDOWS\SYSTEM32\WINHTTP.dll
0x00007ffa1a620000 - 0x00007ffa1a689000 	C:\WINDOWS\system32\mswsock.dll
0x00007ff9cc530000 - 0x00007ff9cc546000 	C:\Users\HP\.vscode\extensions\redhat.java-1.28.1-win32-x64\jre\17.0.10-win32-x86_64\bin\nio.dll
0x00007ffa0ca20000 - 0x00007ffa0ca30000 	c:\Users\HP\.vscode\extensions\redhat.java-1.28.1-win32-x64\jre\17.0.10-win32-x86_64\bin\verify.dll
0x00007ff9eee20000 - 0x00007ff9eee5e000 	C:\Users\HP\AppData\Roaming\Code\User\globalStorage\redhat.java\1.28.1\config_ss_win\org.eclipse.equinox.launcher\org.eclipse.equinox.launcher.win32.win32.x86_64_1.2.900.v20240129-1338\eclipse_11900.dll
0x00007ffa1cbe0000 - 0x00007ffa1cd80000 	C:\WINDOWS\System32\ole32.dll
0x00007ffa1a8b0000 - 0x00007ffa1a8cb000 	C:\WINDOWS\SYSTEM32\CRYPTSP.dll
0x00007ffa1a100000 - 0x00007ffa1a135000 	C:\WINDOWS\system32\rsaenh.dll
0x00007ffa1a730000 - 0x00007ffa1a75c000 	C:\WINDOWS\SYSTEM32\USERENV.dll
0x00007ffa1a8d0000 - 0x00007ffa1a8dc000 	C:\WINDOWS\SYSTEM32\CRYPTBASE.dll
0x00007ffa19c30000 - 0x00007ffa19c5d000 	C:\WINDOWS\SYSTEM32\IPHLPAPI.DLL
0x00007ffa1d000000 - 0x00007ffa1d009000 	C:\WINDOWS\System32\NSI.dll
0x00007ffa12e50000 - 0x00007ffa12e69000 	C:\WINDOWS\SYSTEM32\dhcpcsvc6.DLL
0x00007ffa12df0000 - 0x00007ffa12e0f000 	C:\WINDOWS\SYSTEM32\dhcpcsvc.DLL
0x00007ffa19c60000 - 0x00007ffa19d59000 	C:\WINDOWS\SYSTEM32\DNSAPI.dll
0x00007ff9eedd0000 - 0x00007ff9eee15000 	C:\Users\HP\AppData\Local\Temp\jna-2312\jna12093329017494361663.dll
0x00007ffa1cf20000 - 0x00007ffa1cf28000 	C:\WINDOWS\System32\PSAPI.DLL

dbghelp: loaded successfully - version: 4.0.5 - missing functions: none
symbol engine: initialized successfully - sym options: 0x614 - pdb path: .;c:\Users\HP\.vscode\extensions\redhat.java-1.28.1-win32-x64\jre\17.0.10-win32-x86_64\bin;C:\WINDOWS\SYSTEM32;C:\WINDOWS\WinSxS\amd64_microsoft.windows.common-controls_6595b64144ccf1df_6.0.22621.2506_none_270c5ae97388e100;c:\Users\HP\.vscode\extensions\redhat.java-1.28.1-win32-x64\jre\17.0.10-win32-x86_64\bin\server;C:\Users\HP\AppData\Roaming\Code\User\globalStorage\redhat.java\1.28.1\config_ss_win\org.eclipse.equinox.launcher\org.eclipse.equinox.launcher.win32.win32.x86_64_1.2.900.v20240129-1338;C:\Users\HP\AppData\Local\Temp\jna-2312

VM Arguments:
jvm_args: --add-modules=ALL-SYSTEM --add-opens=java.base/java.util=ALL-UNNAMED --add-opens=java.base/java.lang=ALL-UNNAMED --add-opens=java.base/sun.nio.fs=ALL-UNNAMED -Declipse.application=org.eclipse.jdt.ls.core.id1 -Dosgi.bundles.defaultStartLevel=4 -Declipse.product=org.eclipse.jdt.ls.core.product -Djava.import.generatesMetadataFilesAtProjectRoot=false -DDetectVMInstallationsJob.disabled=true -Dfile.encoding=utf8 -XX:+UseParallelGC -XX:GCTimeRatio=4 -XX:AdaptiveSizePolicyWeight=90 -Dsun.zip.disableMemoryMapping=true -Xmx1G -Xms100m -Xlog:disable -javaagent:c:\Users\HP\.vscode\extensions\redhat.java-1.28.1-win32-x64\lombok\lombok-1.18.31.jar 
java_command: c:\Users\HP\.vscode\extensions\redhat.java-1.28.1-win32-x64\server\plugins\org.eclipse.equinox.launcher_1.6.700.v20231214-2017.jar -configuration c:\Users\HP\AppData\Roaming\Code\User\globalStorage\redhat.java\1.28.1\config_ss_win -data c:\Users\HP\AppData\Roaming\Code\User\workspaceStorage\0d828789c167c72f6f5361a28a300af2\redhat.java\ss_ws --stdio
java_class_path (initial): c:\Users\HP\.vscode\extensions\redhat.java-1.28.1-win32-x64\server\plugins\org.eclipse.equinox.launcher_1.6.700.v20231214-2017.jar
Launcher Type: SUN_STANDARD

[Global flags]
    uintx AdaptiveSizePolicyWeight                 = 90                                        {product} {command line}
     intx CICompilerCount                          = 3                                         {product} {ergonomic}
    uintx GCTimeRatio                              = 4                                         {product} {command line}
   size_t InitialHeapSize                          = 104857600                                 {product} {command line}
   size_t MaxHeapSize                              = 1073741824                                {product} {command line}
   size_t MaxNewSize                               = 357564416                                 {product} {ergonomic}
   size_t MinHeapDeltaBytes                        = 524288                                    {product} {ergonomic}
   size_t MinHeapSize                              = 104857600                                 {product} {command line}
   size_t NewSize                                  = 34603008                                  {product} {ergonomic}
    uintx NonNMethodCodeHeapSize                   = 5832780                                {pd product} {ergonomic}
    uintx NonProfiledCodeHeapSize                  = 122912730                              {pd product} {ergonomic}
   size_t OldSize                                  = 70254592                                  {product} {ergonomic}
    uintx ProfiledCodeHeapSize                     = 122912730                              {pd product} {ergonomic}
    uintx ReservedCodeCacheSize                    = 251658240                              {pd product} {ergonomic}
     bool SegmentedCodeCache                       = true                                      {product} {ergonomic}
   size_t SoftMaxHeapSize                          = 1073741824                             {manageable} {ergonomic}
     bool UseCompressedClassPointers               = true                           {product lp64_product} {ergonomic}
     bool UseCompressedOops                        = true                           {product lp64_product} {ergonomic}
     bool UseLargePagesIndividualAllocation        = false                                  {pd product} {ergonomic}
     bool UseParallelGC                            = true                                      {product} {command line}

Logging:
Log output configuration:
 #0: stdout all=off uptime,level,tags
 #1: stderr all=off uptime,level,tags

Environment Variables:
JAVA_HOME=D:\APAP JAVA\Java\jdk-17
PATH=C:\Python312\Scripts\;C:\Python312\;C:\Program Files\Common Files\Oracle\Java\javapath;C:\Program Files (x86)\Common Files\Oracle\Java\javapath;C:\WINDOWS\system32;C:\WINDOWS;C:\WINDOWS\System32\Wbem;C:\WINDOWS\System32\WindowsPowerShell\v1.0\;C:\WINDOWS\System32\OpenSSH\;C:\Users\Ron\AppData\Local\Programs\Python\Python39;C:\Users\Ron\AppData\Local\Programs\Python\Python39\Scripts;C:\Users\HP\AppData\Local\Programs\Python\Python310\;C:\Users\HP\AppData\Local\Programs\Python\Python310\\Scripts;D:\PuTTY\;D:\Git\cmd;C:\Program Files\Docker\Docker\resources\bin;D:\APAP JAVA\Java\jdk-17\bin;D:\NODE JS\;C:\ProgramData\chocolatey\bin;C:\Users\HP\AppData\Local\Programs\Python\Python310\Scripts\;C:\Users\HP\AppData\Local\Programs\Python\Python310\;C:\Users\Ron\AppData\Local\Programs\Python\Python39;C:\Users\Ron\AppData\Local\Programs\Python\Python39\Scripts;C:\Users\HP\AppData\Local\Programs\Microsoft VS Code\bin;C:\Users\HP\Documents\COOLYEAH\Semester 3\PBP\FLUTTER\bin;C:\Users\HP\Documents\COOLYEAH\Semester 3\PBP\FLUTTER\flutter\bin;C:\Users\HP\AppData\Local\Microsoft\WindowsApps;D:\FLUTTER\bin;C:\Users\HP\AppData\Roaming\npm
USERNAME=HP
OS=Windows_NT
PROCESSOR_IDENTIFIER=Intel64 Family 6 Model 142 Stepping 12, GenuineIntel
TMP=C:\Users\HP\AppData\Local\Temp
TEMP=C:\Users\HP\AppData\Local\Temp



Periodic native trim disabled


---------------  S Y S T E M  ---------------

OS:
 Windows 11 , 64 bit Build 22621 (10.0.22621.3085)
OS uptime: 0 days 4:31 hours
Hyper-V role detected

CPU: total 4 (initial active 4) (2 cores per cpu, 2 threads per core) family 6 model 142 stepping 12 microcode 0xec, cx8, cmov, fxsr, ht, mmx, 3dnowpref, sse, sse2, sse3, ssse3, sse4.1, sse4.2, popcnt, lzcnt, tsc, tscinvbit, avx, avx2, aes, erms, clmul, bmi1, bmi2, adx, fma, vzeroupper, clflush, clflushopt, hv
Processor Information for all 4 processors :
  Max Mhz: 2592, Current Mhz: 2093, Mhz Limit: 2073

Memory: 4k page, system-wide physical 3919M (443M free)
TotalPageFile size 15695M (AvailPageFile size 13M)
current process WorkingSet (physical memory assigned to process): 172M, peak: 174M
current process commit charge ("private bytes"): 260M, peak: 263M

vm_info: OpenJDK 64-Bit Server VM (17.0.10+7) for windows-amd64 JRE (17.0.10+7), built on Jan 16 2024 23:25:11 by "admin" with MS VC++ 16.10 / 16.11 (VS2019)

END.
