#
# There is insufficient memory for the Java Runtime Environment to continue.
# Native memory allocation (malloc) failed to allocate 1257184 bytes for Chunk::new
# Possible reasons:
#   The system is out of physical RAM or swap space
#   The process is running with CompressedOops enabled, and the Java Heap may be blocking the growth of the native heap
# Possible solutions:
#   Reduce memory load on the system
#   Increase physical memory or swap space
#   Check if swap backing store is full
#   Decrease Java heap size (-Xmx/-Xms)
#   Decrease number of Java threads
#   Decrease Java thread stack sizes (-Xss)
#   Set larger code cache with -XX:ReservedCodeCacheSize=
#   JVM is running with Unscaled Compressed Oops mode in which the Java heap is
#     placed in the first 4GB address space. The Java Heap base address is the
#     maximum limit for the native heap growth. Please use -XX:HeapBaseMinAddress
#     to set the Java Heap base and to place the Java Heap above 4GB virtual address.
# This output file may be truncated or incomplete.
#
#  Out of Memory Error (arena.cpp:189), pid=25512, tid=21564
#
# JRE version: Java(TM) SE Runtime Environment (17.0.8+9) (build 17.0.8+9-LTS-211)
# Java VM: Java HotSpot(TM) 64-Bit Server VM (17.0.8+9-LTS-211, mixed mode, sharing, tiered, compressed oops, compressed class ptrs, g1 gc, windows-amd64)
# No core dump will be written. Minidumps are not enabled by default on client versions of Windows
#

---------------  S U M M A R Y ------------

Command Line: --add-opens=java.base/java.util=ALL-UNNAMED --add-opens=java.base/java.lang=ALL-UNNAMED --add-opens=java.base/java.lang.invoke=ALL-UNNAMED --add-opens=java.prefs/java.util.prefs=ALL-UNNAMED --add-opens=java.base/java.nio.charset=ALL-UNNAMED --add-opens=java.base/java.net=ALL-UNNAMED --add-opens=java.base/java.util.concurrent.atomic=ALL-UNNAMED -XX:MaxMetaspaceSize=384m -XX:+HeapDumpOnOutOfMemoryError -Xms256m -Xmx512m -Dfile.encoding=windows-1252 -Duser.country=ID -Duser.language=en -Duser.variant -javaagent:C:\Users\HP\.gradle\wrapper\dists\gradle-8.5-bin\5t9huq95ubn472n8rpzujfbqh\gradle-8.5\lib\agents\gradle-instrumentation-agent-8.5.jar org.gradle.launcher.daemon.bootstrap.GradleDaemon 8.5

Host: Intel(R) Core(TM) i3-10110U CPU @ 2.10GHz, 4 cores, 3G,  Windows 11 , 64 bit Build 22621 (10.0.22621.3374)
Time: Sat Apr 20 14:51:08 2024 SE Asia Standard Time elapsed time: 59.636847 seconds (0d 0h 0m 59s)

---------------  T H R E A D  ---------------

Current thread (0x000002316a93c190):  JavaThread "C2 CompilerThread0" daemon [_thread_in_native, id=21564, stack(0x000000929ef00000,0x000000929f000000)]


Current CompileTask:
C2:  59637 11977   !   4       com.sun.tools.javac.parser.JavaTokenizer::readToken (1731 bytes)

Stack: [0x000000929ef00000,0x000000929f000000]
Native frames: (J=compiled Java code, j=interpreted, Vv=VM code, C=native code)
V  [jvm.dll+0x677d0a]
V  [jvm.dll+0x7d8c54]
V  [jvm.dll+0x7da3fe]
V  [jvm.dll+0x7daa63]
V  [jvm.dll+0x245c5f]
V  [jvm.dll+0xaaa6b]
V  [jvm.dll+0xab00c]
V  [jvm.dll+0x361e8e]
V  [jvm.dll+0x1bba6a]
V  [jvm.dll+0x218157]
V  [jvm.dll+0x217431]
V  [jvm.dll+0x1a3af0]
V  [jvm.dll+0x2270be]
V  [jvm.dll+0x22535b]
V  [jvm.dll+0x78e7bc]
V  [jvm.dll+0x788bba]
V  [jvm.dll+0x676b35]
C  [ucrtbase.dll+0x29333]
C  [KERNEL32.DLL+0x1257d]
C  [ntdll.dll+0x5aa48]


---------------  P R O C E S S  ---------------

Threads class SMR info:
_java_thread_list=0x0000023119dc9f30, length=89, elements={
0x000002314e99b0c0, 0x000002316a91dec0, 0x000002316a91ed30, 0x000002316a936fd0,
0x000002316a937b80, 0x000002316a93a640, 0x000002316a93aff0, 0x000002316a93c190,
0x000002316a93e040, 0x0000023119161ae0, 0x000002316a906020, 0x0000023119302270,
0x000002311a43ded0, 0x000002311aa48050, 0x000002311a89f490, 0x000002311ac20160,
0x0000023119d87550, 0x000002311b0145a0, 0x000002311a934970, 0x000002311a9f03c0,
0x000002311a9f2a40, 0x000002311a9f1230, 0x000002311a9ef550, 0x000002311a9f20a0,
0x000002311a9f0d60, 0x000002311a9f1700, 0x000002311a9f0890, 0x000002311a9f2570,
0x000002311a9f1bd0, 0x000002311a9ef080, 0x000002311a9efa20, 0x000002311a9efef0,
0x000002311c32c590, 0x000002311c328700, 0x000002311c32c0c0, 0x000002311c329a40,
0x000002311c328230, 0x000002311c32cf30, 0x000002311c327d60, 0x000002311c328bd0,
0x000002311c32d400, 0x000002311c3290a0, 0x000002311c329570, 0x000002311c32dda0,
0x000002311c32b720, 0x000002311c329f10, 0x000002311c32a3e0, 0x000002311c32a8b0,
0x000002311c32ad80, 0x000002311c327890, 0x000002311c32f0e0, 0x0000023119e2c5b0,
0x0000023119e26a40, 0x0000023119e28250, 0x0000023119e273e0, 0x0000023119e28720,
0x0000023119e28bf0, 0x0000023119e2ada0, 0x0000023119e290c0, 0x0000023119e29590,
0x0000023119e29a60, 0x0000023119e26f10, 0x0000023119e29f30, 0x0000023119e2a8d0,
0x0000023119e2ca80, 0x0000023119e2a400, 0x0000023119e2d420, 0x0000023119e2b270,
0x0000023119e278b0, 0x0000023119e27d80, 0x0000023119e2b740, 0x0000023119e2bc10,
0x0000023119e2d8f0, 0x0000023119e26570, 0x0000023119e2c0e0, 0x0000023119e2cf50,
0x0000023119e260a0, 0x000002311d618870, 0x000002311d61b3c0, 0x000002311d61d0a0,
0x000002311d61e8b0, 0x000002311d61df10, 0x000002311d61b890, 0x000002311d61bd60,
0x000002311d61c230, 0x000002311d618d40, 0x000002311d619210, 0x000002311d61aa20,
0x000002311d6196e0
}

Java Threads: ( => current thread )
  0x000002314e99b0c0 JavaThread "main" [_thread_blocked, id=22900, stack(0x000000929e200000,0x000000929e300000)]
  0x000002316a91dec0 JavaThread "Reference Handler" daemon [_thread_blocked, id=26236, stack(0x000000929e900000,0x000000929ea00000)]
  0x000002316a91ed30 JavaThread "Finalizer" daemon [_thread_blocked, id=12960, stack(0x000000929ea00000,0x000000929eb00000)]
  0x000002316a936fd0 JavaThread "Signal Dispatcher" daemon [_thread_blocked, id=20972, stack(0x000000929eb00000,0x000000929ec00000)]
  0x000002316a937b80 JavaThread "Attach Listener" daemon [_thread_blocked, id=24408, stack(0x000000929ec00000,0x000000929ed00000)]
  0x000002316a93a640 JavaThread "Service Thread" daemon [_thread_blocked, id=19400, stack(0x000000929ed00000,0x000000929ee00000)]
  0x000002316a93aff0 JavaThread "Monitor Deflation Thread" daemon [_thread_blocked, id=23836, stack(0x000000929ee00000,0x000000929ef00000)]
=>0x000002316a93c190 JavaThread "C2 CompilerThread0" daemon [_thread_in_native, id=21564, stack(0x000000929ef00000,0x000000929f000000)]
  0x000002316a93e040 JavaThread "C1 CompilerThread0" daemon [_thread_blocked, id=24392, stack(0x000000929f000000,0x000000929f100000)]
  0x0000023119161ae0 JavaThread "Sweeper thread" daemon [_thread_blocked, id=26452, stack(0x000000929f100000,0x000000929f200000)]
  0x000002316a906020 JavaThread "Common-Cleaner" daemon [_thread_blocked, id=22144, stack(0x000000929f200000,0x000000929f300000)]
  0x0000023119302270 JavaThread "Notification Thread" daemon [_thread_blocked, id=24880, stack(0x000000929f300000,0x000000929f400000)]
  0x000002311a43ded0 JavaThread "Daemon health stats" [_thread_blocked, id=19976, stack(0x000000929f900000,0x000000929fa00000)]
  0x000002311aa48050 JavaThread "Incoming local TCP Connector on port 53422" [_thread_in_native, id=25836, stack(0x000000929fa00000,0x000000929fb00000)]
  0x000002311a89f490 JavaThread "Daemon periodic checks" [_thread_blocked, id=27792, stack(0x000000929fb00000,0x000000929fc00000)]
  0x000002311ac20160 JavaThread "Daemon" [_thread_blocked, id=29216, stack(0x000000929f800000,0x000000929f900000)]
  0x0000023119d87550 JavaThread "Handler for socket connection from /127.0.0.1:53422 to /127.0.0.1:53423" [_thread_in_native, id=6980, stack(0x000000929fc00000,0x000000929fd00000)]
  0x000002311b0145a0 JavaThread "Cancel handler" [_thread_blocked, id=29552, stack(0x000000929fd00000,0x000000929fe00000)]
  0x000002311a934970 JavaThread "Daemon worker" [_thread_blocked, id=26148, stack(0x000000929fe00000,0x000000929ff00000)]
  0x000002311a9f03c0 JavaThread "Asynchronous log dispatcher for DefaultDaemonConnection: socket connection from /127.0.0.1:53422 to /127.0.0.1:53423" [_thread_blocked, id=17652, stack(0x000000929ff00000,0x00000092a0000000)]
  0x000002311a9f2a40 JavaThread "Stdin handler" [_thread_blocked, id=27692, stack(0x00000092a0000000,0x00000092a0100000)]
  0x000002311a9f1230 JavaThread "Daemon client event forwarder" [_thread_blocked, id=25732, stack(0x00000092a0100000,0x00000092a0200000)]
  0x000002311a9ef550 JavaThread "Cache worker for journal cache (C:\Users\HP\.gradle\caches\journal-1)" [_thread_blocked, id=5992, stack(0x00000092a0200000,0x00000092a0300000)]
  0x000002311a9f20a0 JavaThread "File lock request listener" [_thread_in_native, id=25696, stack(0x00000092a0300000,0x00000092a0400000)]
  0x000002311a9f0d60 JavaThread "Cache worker for file hash cache (C:\Users\HP\.gradle\caches\8.5\fileHashes)" [_thread_blocked, id=18792, stack(0x00000092a0400000,0x00000092a0500000)]
  0x000002311a9f1700 JavaThread "File watcher server" daemon [_thread_in_native, id=18048, stack(0x00000092a0600000,0x00000092a0700000)]
  0x000002311a9f0890 JavaThread "File watcher consumer" daemon [_thread_blocked, id=15376, stack(0x00000092a0700000,0x00000092a0800000)]
  0x000002311a9f2570 JavaThread "Cache worker for checksums cache (D:\pindahan\COOLYEAH\Semester 6\Propensi\TK\d02-rtx\smail\.gradle\8.5\checksums)" [_thread_blocked, id=4132, stack(0x00000092a0800000,0x00000092a0900000)]
  0x000002311a9f1bd0 JavaThread "Cache worker for file hash cache (D:\pindahan\COOLYEAH\Semester 6\Propensi\TK\d02-rtx\smail\.gradle\8.5\fileHashes)" [_thread_blocked, id=16652, stack(0x00000092a0900000,0x00000092a0a00000)]
  0x000002311a9ef080 JavaThread "Cache worker for cache directory md-supplier (C:\Users\HP\.gradle\caches\8.5\md-supplier)" [_thread_blocked, id=4792, stack(0x00000092a0a00000,0x00000092a0b00000)]
  0x000002311a9efa20 JavaThread "Cache worker for cache directory md-rule (C:\Users\HP\.gradle\caches\8.5\md-rule)" [_thread_blocked, id=24512, stack(0x00000092a0500000,0x00000092a0600000)]
  0x000002311a9efef0 JavaThread "Cache worker for file content cache (C:\Users\HP\.gradle\caches\8.5\fileContent)" [_thread_blocked, id=18500, stack(0x00000092a0c00000,0x00000092a0d00000)]
  0x000002311c32c590 JavaThread "Cache worker for execution history cache (C:\Users\HP\.gradle\caches\8.5\executionHistory)" [_thread_blocked, id=18996, stack(0x00000092a0d00000,0x00000092a0e00000)]
  0x000002311c328700 JavaThread "jar transforms" [_thread_blocked, id=28224, stack(0x00000092a0e00000,0x00000092a0f00000)]
  0x000002311c32c0c0 JavaThread "jar transforms Thread 2" [_thread_blocked, id=3544, stack(0x00000092a0f00000,0x00000092a1000000)]
  0x000002311c329a40 JavaThread "Cache worker for dependencies-accessors (D:\pindahan\COOLYEAH\Semester 6\Propensi\TK\d02-rtx\smail\.gradle\8.5\dependencies-accessors)" [_thread_blocked, id=29420, stack(0x00000092a1000000,0x00000092a1100000)]
  0x000002311c328230 JavaThread "jar transforms Thread 3" [_thread_blocked, id=23108, stack(0x00000092a0b00000,0x00000092a0c00000)]
  0x000002311c32cf30 JavaThread "Cache worker for Build Output Cleanup Cache (D:\pindahan\COOLYEAH\Semester 6\Propensi\TK\d02-rtx\smail\.gradle\buildOutputCleanup)" [_thread_blocked, id=9048, stack(0x00000092a1200000,0x00000092a1300000)]
  0x000002311c327d60 JavaThread "Unconstrained build operations" [_thread_blocked, id=7616, stack(0x00000092a1300000,0x00000092a1400000)]
  0x000002311c328bd0 JavaThread "Unconstrained build operations Thread 2" [_thread_blocked, id=29292, stack(0x00000092a1400000,0x00000092a1500000)]
  0x000002311c32d400 JavaThread "Unconstrained build operations Thread 3" [_thread_blocked, id=22200, stack(0x00000092a1500000,0x00000092a1600000)]
  0x000002311c3290a0 JavaThread "jar transforms Thread 4" [_thread_blocked, id=14592, stack(0x00000092a1100000,0x00000092a1200000)]
  0x000002311c329570 JavaThread "Memory manager" [_thread_blocked, id=24916, stack(0x00000092a1600000,0x00000092a1700000)]
  0x000002311c32dda0 JavaThread "included builds" [_thread_in_native, id=29640, stack(0x00000092a1800000,0x00000092a1900000)]
  0x000002311c32b720 JavaThread "Execution worker" [_thread_blocked, id=28728, stack(0x00000092a1900000,0x00000092a1a00000)]
  0x000002311c329f10 JavaThread "Execution worker Thread 2" [_thread_blocked, id=13964, stack(0x00000092a1a00000,0x00000092a1b00000)]
  0x000002311c32a3e0 JavaThread "Execution worker Thread 3" [_thread_blocked, id=18320, stack(0x00000092a1b00000,0x00000092a1c00000)]
  0x000002311c32a8b0 JavaThread "Cache worker for execution history cache (D:\pindahan\COOLYEAH\Semester 6\Propensi\TK\d02-rtx\smail\.gradle\8.5\executionHistory)" [_thread_blocked, id=22076, stack(0x00000092a1c00000,0x00000092a1d00000)]
  0x000002311c32ad80 JavaThread "Unconstrained build operations Thread 4" [_thread_blocked, id=17660, stack(0x00000092a1d00000,0x00000092a1e00000)]
  0x000002311c327890 JavaThread "Unconstrained build operations Thread 5" [_thread_blocked, id=12056, stack(0x00000092a1e00000,0x00000092a1f00000)]
  0x000002311c32f0e0 JavaThread "Unconstrained build operations Thread 6" [_thread_blocked, id=18084, stack(0x00000092a1f00000,0x00000092a2000000)]
  0x0000023119e2c5b0 JavaThread "Unconstrained build operations Thread 7" [_thread_blocked, id=25380, stack(0x00000092a2000000,0x00000092a2100000)]
  0x0000023119e26a40 JavaThread "Unconstrained build operations Thread 8" [_thread_blocked, id=24652, stack(0x00000092a2100000,0x00000092a2200000)]
  0x0000023119e28250 JavaThread "Unconstrained build operations Thread 9" [_thread_blocked, id=21440, stack(0x00000092a2200000,0x00000092a2300000)]
  0x0000023119e273e0 JavaThread "Unconstrained build operations Thread 10" [_thread_blocked, id=16956, stack(0x00000092a2300000,0x00000092a2400000)]
  0x0000023119e28720 JavaThread "Unconstrained build operations Thread 11" [_thread_blocked, id=21928, stack(0x00000092a2400000,0x00000092a2500000)]
  0x0000023119e28bf0 JavaThread "Unconstrained build operations Thread 12" [_thread_blocked, id=14076, stack(0x00000092a2500000,0x00000092a2600000)]
  0x0000023119e2ada0 JavaThread "Unconstrained build operations Thread 13" [_thread_blocked, id=15752, stack(0x00000092a2600000,0x00000092a2700000)]
  0x0000023119e290c0 JavaThread "Unconstrained build operations Thread 14" [_thread_blocked, id=25796, stack(0x00000092a2700000,0x00000092a2800000)]
  0x0000023119e29590 JavaThread "Unconstrained build operations Thread 15" [_thread_blocked, id=29464, stack(0x00000092a2800000,0x00000092a2900000)]
  0x0000023119e29a60 JavaThread "Unconstrained build operations Thread 16" [_thread_blocked, id=21264, stack(0x00000092a2900000,0x00000092a2a00000)]
  0x0000023119e26f10 JavaThread "Unconstrained build operations Thread 17" [_thread_blocked, id=26044, stack(0x00000092a2a00000,0x00000092a2b00000)]
  0x0000023119e29f30 JavaThread "Unconstrained build operations Thread 18" [_thread_blocked, id=16656, stack(0x00000092a2b00000,0x00000092a2c00000)]
  0x0000023119e2a8d0 JavaThread "Unconstrained build operations Thread 19" [_thread_blocked, id=19996, stack(0x00000092a2c00000,0x00000092a2d00000)]
  0x0000023119e2ca80 JavaThread "Unconstrained build operations Thread 20" [_thread_blocked, id=18080, stack(0x00000092a2d00000,0x00000092a2e00000)]
  0x0000023119e2a400 JavaThread "Unconstrained build operations Thread 21" [_thread_blocked, id=29324, stack(0x00000092a2e00000,0x00000092a2f00000)]
  0x0000023119e2d420 JavaThread "Unconstrained build operations Thread 22" [_thread_blocked, id=28816, stack(0x00000092a2f00000,0x00000092a3000000)]
  0x0000023119e2b270 JavaThread "Unconstrained build operations Thread 23" [_thread_blocked, id=14696, stack(0x00000092a3000000,0x00000092a3100000)]
  0x0000023119e278b0 JavaThread "Unconstrained build operations Thread 24" [_thread_blocked, id=24680, stack(0x00000092a3100000,0x00000092a3200000)]
  0x0000023119e27d80 JavaThread "Unconstrained build operations Thread 25" [_thread_blocked, id=25072, stack(0x00000092a3200000,0x00000092a3300000)]
  0x0000023119e2b740 JavaThread "Unconstrained build operations Thread 26" [_thread_blocked, id=27604, stack(0x00000092a3300000,0x00000092a3400000)]
  0x0000023119e2bc10 JavaThread "Unconstrained build operations Thread 27" [_thread_blocked, id=16572, stack(0x00000092a3400000,0x00000092a3500000)]
  0x0000023119e2d8f0 JavaThread "Unconstrained build operations Thread 28" [_thread_blocked, id=29984, stack(0x00000092a3500000,0x00000092a3600000)]
  0x0000023119e26570 JavaThread "Unconstrained build operations Thread 29" [_thread_blocked, id=29868, stack(0x00000092a3600000,0x00000092a3700000)]
  0x0000023119e2c0e0 JavaThread "Unconstrained build operations Thread 30" [_thread_blocked, id=26444, stack(0x00000092a3700000,0x00000092a3800000)]
  0x0000023119e2cf50 JavaThread "Unconstrained build operations Thread 31" [_thread_blocked, id=27032, stack(0x00000092a3800000,0x00000092a3900000)]
  0x0000023119e260a0 JavaThread "Unconstrained build operations Thread 32" [_thread_blocked, id=30352, stack(0x00000092a3900000,0x00000092a3a00000)]
  0x000002311d618870 JavaThread "Unconstrained build operations Thread 33" [_thread_blocked, id=5292, stack(0x00000092a3a00000,0x00000092a3b00000)]
  0x000002311d61b3c0 JavaThread "Unconstrained build operations Thread 34" [_thread_blocked, id=28024, stack(0x00000092a3b00000,0x00000092a3c00000)]
  0x000002311d61d0a0 JavaThread "Unconstrained build operations Thread 35" [_thread_blocked, id=28624, stack(0x00000092a3c00000,0x00000092a3d00000)]
  0x000002311d61e8b0 JavaThread "Unconstrained build operations Thread 36" [_thread_blocked, id=26704, stack(0x00000092a3d00000,0x00000092a3e00000)]
  0x000002311d61df10 JavaThread "Unconstrained build operations Thread 37" [_thread_blocked, id=26716, stack(0x00000092a3e00000,0x00000092a3f00000)]
  0x000002311d61b890 JavaThread "Unconstrained build operations Thread 38" [_thread_blocked, id=11752, stack(0x00000092a3f00000,0x00000092a4000000)]
  0x000002311d61bd60 JavaThread "Unconstrained build operations Thread 39" [_thread_blocked, id=14584, stack(0x00000092a4000000,0x00000092a4100000)]
  0x000002311d61c230 JavaThread "Unconstrained build operations Thread 40" [_thread_blocked, id=27684, stack(0x00000092a4100000,0x00000092a4200000)]
  0x000002311d618d40 JavaThread "Cache worker for Java compile cache (C:\Users\HP\.gradle\caches\8.5\javaCompile)" [_thread_blocked, id=21344, stack(0x00000092a4400000,0x00000092a4500000)]
  0x000002311d619210 JavaThread "Build operations" [_thread_blocked, id=23560, stack(0x00000092a4700000,0x00000092a4800000)]
  0x000002311d61aa20 JavaThread "Build operations Thread 2" [_thread_blocked, id=29036, stack(0x00000092a4800000,0x00000092a4900000)]
  0x000002311d6196e0 JavaThread "Build operations Thread 3" [_thread_blocked, id=23728, stack(0x00000092a4900000,0x00000092a4a00000)]

Other Threads:
  0x000002316a91a2d0 VMThread "VM Thread" [stack: 0x000000929e800000,0x000000929e900000] [id=27160]
  0x000002314e9cec40 WatcherThread [stack: 0x000000929f400000,0x000000929f500000] [id=23900]
  0x000002314e9c6a50 GCTaskThread "GC Thread#0" [stack: 0x000000929e300000,0x000000929e400000] [id=21032]
  0x000002311953e020 GCTaskThread "GC Thread#1" [stack: 0x000000929f500000,0x000000929f600000] [id=30644]
  0x000002311953e2d0 GCTaskThread "GC Thread#2" [stack: 0x000000929f600000,0x000000929f700000] [id=30112]
  0x000002311953e580 GCTaskThread "GC Thread#3" [stack: 0x000000929f700000,0x000000929f800000] [id=20668]
  0x000002314e9c7960 ConcurrentGCThread "G1 Main Marker" [stack: 0x000000929e400000,0x000000929e500000] [id=29280]
  0x000002314e92eb90 ConcurrentGCThread "G1 Conc#0" [stack: 0x000000929e500000,0x000000929e600000] [id=23280]
  0x000002316a7d60d0 ConcurrentGCThread "G1 Refine#0" [stack: 0x000000929e600000,0x000000929e700000] [id=27148]
  0x000002311c91dbe0 ConcurrentGCThread "G1 Refine#1" [stack: 0x00000092a1700000,0x00000092a1800000] [id=22948]
  0x000002311c91f000 ConcurrentGCThread "G1 Refine#2" [stack: 0x00000092a4300000,0x00000092a4400000] [id=18968]
  0x000002316a7d6900 ConcurrentGCThread "G1 Service" [stack: 0x000000929e700000,0x000000929e800000] [id=18948]

Threads with active compile tasks:
C2 CompilerThread0    59703 11977   !   4       com.sun.tools.javac.parser.JavaTokenizer::readToken (1731 bytes)

VM state: not at safepoint (normal execution)

VM Mutex/Monitor currently owned by a thread: None

Heap address: 0x00000000e0000000, size: 512 MB, Compressed Oops mode: 32-bit

CDS archive(s) mapped at: [0x0000023100000000-0x0000023100bd0000-0x0000023100bd0000), size 12386304, SharedBaseAddress: 0x0000023100000000, ArchiveRelocationMode: 1.
Compressed class space mapped at: 0x0000023101000000-0x0000023115000000, reserved size: 335544320
Narrow klass base: 0x0000023100000000, Narrow klass shift: 0, Narrow klass range: 0x100000000

GC Precious Log:
 CPUs: 4 total, 4 available
 Memory: 3919M
 Large Page Support: Disabled
 NUMA Support: Disabled
 Compressed Oops: Enabled (32-bit)
 Heap Region Size: 1M
 Heap Min Capacity: 256M
 Heap Initial Capacity: 256M
 Heap Max Capacity: 512M
 Pre-touch: Disabled
 Parallel Workers: 4
 Concurrent Workers: 1
 Concurrent Refinement Workers: 4
 Periodic GC: Disabled

Heap:
 garbage-first heap   total 262144K, used 165693K [0x00000000e0000000, 0x0000000100000000)
  region size 1024K, 116 young (118784K), 9 survivors (9216K)
 Metaspace       used 75432K, committed 75968K, reserved 458752K
  class space    used 10100K, committed 10368K, reserved 327680K

Heap Regions: E=young(eden), S=young(survivor), O=old, HS=humongous(starts), HC=humongous(continues), CS=collection set, F=free, OA=open archive, CA=closed archive, TAMS=top-at-mark-start (previous, next)
|   0|0x00000000e0000000, 0x00000000e0100000, 0x00000000e0100000|100%| O|  |TAMS 0x00000000e0100000, 0x00000000e0000000| Untracked 
|   1|0x00000000e0100000, 0x00000000e0200000, 0x00000000e0200000|100%| O|  |TAMS 0x00000000e0200000, 0x00000000e0100000| Untracked 
|   2|0x00000000e0200000, 0x00000000e0300000, 0x00000000e0300000|100%|HS|  |TAMS 0x00000000e0300000, 0x00000000e0200000| Complete 
|   3|0x00000000e0300000, 0x00000000e0400000, 0x00000000e0400000|100%|HC|  |TAMS 0x00000000e0400000, 0x00000000e0300000| Complete 
|   4|0x00000000e0400000, 0x00000000e0500000, 0x00000000e0500000|100%|HC|  |TAMS 0x00000000e0500000, 0x00000000e0400000| Complete 
|   5|0x00000000e0500000, 0x00000000e0600000, 0x00000000e0600000|100%|HC|  |TAMS 0x00000000e0600000, 0x00000000e0500000| Complete 
|   6|0x00000000e0600000, 0x00000000e0700000, 0x00000000e0700000|100%| O|  |TAMS 0x00000000e0700000, 0x00000000e0600000| Untracked 
|   7|0x00000000e0700000, 0x00000000e0800000, 0x00000000e0800000|100%| O|  |TAMS 0x00000000e0800000, 0x00000000e0700000| Untracked 
|   8|0x00000000e0800000, 0x00000000e0900000, 0x00000000e0900000|100%| O|  |TAMS 0x00000000e0800000, 0x00000000e0800000| Untracked 
|   9|0x00000000e0900000, 0x00000000e0a00000, 0x00000000e0a00000|100%| O|  |TAMS 0x00000000e0a00000, 0x00000000e0900000| Untracked 
|  10|0x00000000e0a00000, 0x00000000e0b00000, 0x00000000e0b00000|100%| O|  |TAMS 0x00000000e0b00000, 0x00000000e0a00000| Untracked 
|  11|0x00000000e0b00000, 0x00000000e0c00000, 0x00000000e0c00000|100%| O|  |TAMS 0x00000000e0c00000, 0x00000000e0b00000| Untracked 
|  12|0x00000000e0c00000, 0x00000000e0d00000, 0x00000000e0d00000|100%| O|  |TAMS 0x00000000e0d00000, 0x00000000e0c00000| Untracked 
|  13|0x00000000e0d00000, 0x00000000e0e00000, 0x00000000e0e00000|100%| O|  |TAMS 0x00000000e0e00000, 0x00000000e0d00000| Untracked 
|  14|0x00000000e0e00000, 0x00000000e0f00000, 0x00000000e0f00000|100%| O|  |TAMS 0x00000000e0f00000, 0x00000000e0e00000| Untracked 
|  15|0x00000000e0f00000, 0x00000000e1000000, 0x00000000e1000000|100%| O|  |TAMS 0x00000000e1000000, 0x00000000e0f00000| Untracked 
|  16|0x00000000e1000000, 0x00000000e1100000, 0x00000000e1100000|100%| O|  |TAMS 0x00000000e1100000, 0x00000000e1000000| Untracked 
|  17|0x00000000e1100000, 0x00000000e1200000, 0x00000000e1200000|100%| O|  |TAMS 0x00000000e1200000, 0x00000000e1100000| Untracked 
|  18|0x00000000e1200000, 0x00000000e1300000, 0x00000000e1300000|100%| O|  |TAMS 0x00000000e1300000, 0x00000000e1200000| Untracked 
|  19|0x00000000e1300000, 0x00000000e1400000, 0x00000000e1400000|100%| O|  |TAMS 0x00000000e1400000, 0x00000000e1300000| Untracked 
|  20|0x00000000e1400000, 0x00000000e1500000, 0x00000000e1500000|100%| O|  |TAMS 0x00000000e1500000, 0x00000000e1400000| Untracked 
|  21|0x00000000e1500000, 0x00000000e1600000, 0x00000000e1600000|100%| O|  |TAMS 0x00000000e1600000, 0x00000000e1500000| Untracked 
|  22|0x00000000e1600000, 0x00000000e1700000, 0x00000000e1700000|100%| O|  |TAMS 0x00000000e1700000, 0x00000000e1600000| Untracked 
|  23|0x00000000e1700000, 0x00000000e1800000, 0x00000000e1800000|100%| O|  |TAMS 0x00000000e1800000, 0x00000000e1700000| Untracked 
|  24|0x00000000e1800000, 0x00000000e1900000, 0x00000000e1900000|100%| O|  |TAMS 0x00000000e1900000, 0x00000000e1800000| Untracked 
|  25|0x00000000e1900000, 0x00000000e1a00000, 0x00000000e1a00000|100%| O|  |TAMS 0x00000000e1a00000, 0x00000000e1900000| Untracked 
|  26|0x00000000e1a00000, 0x00000000e1b00000, 0x00000000e1b00000|100%| O|  |TAMS 0x00000000e1b00000, 0x00000000e1a00000| Untracked 
|  27|0x00000000e1b00000, 0x00000000e1c00000, 0x00000000e1c00000|100%| O|  |TAMS 0x00000000e1c00000, 0x00000000e1b00000| Untracked 
|  28|0x00000000e1c00000, 0x00000000e1d00000, 0x00000000e1d00000|100%| O|  |TAMS 0x00000000e1d00000, 0x00000000e1c00000| Untracked 
|  29|0x00000000e1d00000, 0x00000000e1e00000, 0x00000000e1e00000|100%| O|  |TAMS 0x00000000e1e00000, 0x00000000e1d00000| Untracked 
|  30|0x00000000e1e00000, 0x00000000e1f00000, 0x00000000e1f00000|100%| O|  |TAMS 0x00000000e1e00000, 0x00000000e1e00000| Untracked 
|  31|0x00000000e1f00000, 0x00000000e2000000, 0x00000000e2000000|100%| O|  |TAMS 0x00000000e1f00000, 0x00000000e1f00000| Untracked 
|  32|0x00000000e2000000, 0x00000000e2100000, 0x00000000e2100000|100%| O|  |TAMS 0x00000000e2000000, 0x00000000e2000000| Untracked 
|  33|0x00000000e2100000, 0x00000000e2200000, 0x00000000e2200000|100%| O|  |TAMS 0x00000000e2100000, 0x00000000e2100000| Untracked 
|  34|0x00000000e2200000, 0x00000000e2300000, 0x00000000e2300000|100%| O|  |TAMS 0x00000000e2200000, 0x00000000e2200000| Untracked 
|  35|0x00000000e2300000, 0x00000000e2400000, 0x00000000e2400000|100%| O|  |TAMS 0x00000000e2300000, 0x00000000e2300000| Untracked 
|  36|0x00000000e2400000, 0x00000000e2500000, 0x00000000e2500000|100%| O|  |TAMS 0x00000000e2400000, 0x00000000e2400000| Untracked 
|  37|0x00000000e2500000, 0x00000000e2600000, 0x00000000e2600000|100%| O|  |TAMS 0x00000000e2500000, 0x00000000e2500000| Untracked 
|  38|0x00000000e2600000, 0x00000000e2700000, 0x00000000e2700000|100%| O|  |TAMS 0x00000000e2600000, 0x00000000e2600000| Untracked 
|  39|0x00000000e2700000, 0x00000000e2800000, 0x00000000e2800000|100%| O|  |TAMS 0x00000000e2700000, 0x00000000e2700000| Untracked 
|  40|0x00000000e2800000, 0x00000000e2900000, 0x00000000e2900000|100%| O|  |TAMS 0x00000000e2800000, 0x00000000e2800000| Untracked 
|  41|0x00000000e2900000, 0x00000000e2a00000, 0x00000000e2a00000|100%| O|  |TAMS 0x00000000e2900000, 0x00000000e2900000| Untracked 
|  42|0x00000000e2a00000, 0x00000000e2b00000, 0x00000000e2b00000|100%| O|  |TAMS 0x00000000e2a00000, 0x00000000e2a00000| Untracked 
|  43|0x00000000e2b00000, 0x00000000e2c00000, 0x00000000e2c00000|100%| O|  |TAMS 0x00000000e2b00000, 0x00000000e2b00000| Untracked 
|  44|0x00000000e2c00000, 0x00000000e2d00000, 0x00000000e2d00000|100%| O|  |TAMS 0x00000000e2c00000, 0x00000000e2c00000| Untracked 
|  45|0x00000000e2d00000, 0x00000000e2e00000, 0x00000000e2e00000|100%| O|  |TAMS 0x00000000e2d00000, 0x00000000e2d00000| Untracked 
|  46|0x00000000e2e00000, 0x00000000e2f00000, 0x00000000e2f00000|100%| O|  |TAMS 0x00000000e2e00000, 0x00000000e2e00000| Untracked 
|  47|0x00000000e2f00000, 0x00000000e2fcf600, 0x00000000e3000000| 81%| O|  |TAMS 0x00000000e2f00000, 0x00000000e2f00000| Untracked 
|  48|0x00000000e3000000, 0x00000000e3000000, 0x00000000e3100000|  0%| F|  |TAMS 0x00000000e3000000, 0x00000000e3000000| Untracked 
|  49|0x00000000e3100000, 0x00000000e3100000, 0x00000000e3200000|  0%| F|  |TAMS 0x00000000e3100000, 0x00000000e3100000| Untracked 
|  50|0x00000000e3200000, 0x00000000e3200000, 0x00000000e3300000|  0%| F|  |TAMS 0x00000000e3200000, 0x00000000e3200000| Untracked 
|  51|0x00000000e3300000, 0x00000000e3300000, 0x00000000e3400000|  0%| F|  |TAMS 0x00000000e3300000, 0x00000000e3300000| Untracked 
|  52|0x00000000e3400000, 0x00000000e3400000, 0x00000000e3500000|  0%| F|  |TAMS 0x00000000e3400000, 0x00000000e3400000| Untracked 
|  53|0x00000000e3500000, 0x00000000e3500000, 0x00000000e3600000|  0%| F|  |TAMS 0x00000000e3500000, 0x00000000e3500000| Untracked 
|  54|0x00000000e3600000, 0x00000000e3600000, 0x00000000e3700000|  0%| F|  |TAMS 0x00000000e3600000, 0x00000000e3600000| Untracked 
|  55|0x00000000e3700000, 0x00000000e3700000, 0x00000000e3800000|  0%| F|  |TAMS 0x00000000e3700000, 0x00000000e3700000| Untracked 
|  56|0x00000000e3800000, 0x00000000e3800000, 0x00000000e3900000|  0%| F|  |TAMS 0x00000000e3800000, 0x00000000e3800000| Untracked 
|  57|0x00000000e3900000, 0x00000000e3900000, 0x00000000e3a00000|  0%| F|  |TAMS 0x00000000e3900000, 0x00000000e3900000| Untracked 
|  58|0x00000000e3a00000, 0x00000000e3a00000, 0x00000000e3b00000|  0%| F|  |TAMS 0x00000000e3a00000, 0x00000000e3a00000| Untracked 
|  59|0x00000000e3b00000, 0x00000000e3b00000, 0x00000000e3c00000|  0%| F|  |TAMS 0x00000000e3b00000, 0x00000000e3b00000| Untracked 
|  60|0x00000000e3c00000, 0x00000000e3c00000, 0x00000000e3d00000|  0%| F|  |TAMS 0x00000000e3c00000, 0x00000000e3c00000| Untracked 
|  61|0x00000000e3d00000, 0x00000000e3d00000, 0x00000000e3e00000|  0%| F|  |TAMS 0x00000000e3d00000, 0x00000000e3d00000| Untracked 
|  62|0x00000000e3e00000, 0x00000000e3e00000, 0x00000000e3f00000|  0%| F|  |TAMS 0x00000000e3e00000, 0x00000000e3e00000| Untracked 
|  63|0x00000000e3f00000, 0x00000000e3f00000, 0x00000000e4000000|  0%| F|  |TAMS 0x00000000e3f00000, 0x00000000e3f00000| Untracked 
|  64|0x00000000e4000000, 0x00000000e4000000, 0x00000000e4100000|  0%| F|  |TAMS 0x00000000e4000000, 0x00000000e4000000| Untracked 
|  65|0x00000000e4100000, 0x00000000e4100000, 0x00000000e4200000|  0%| F|  |TAMS 0x00000000e4100000, 0x00000000e4100000| Untracked 
|  66|0x00000000e4200000, 0x00000000e4200000, 0x00000000e4300000|  0%| F|  |TAMS 0x00000000e4200000, 0x00000000e4200000| Untracked 
|  67|0x00000000e4300000, 0x00000000e4300000, 0x00000000e4400000|  0%| F|  |TAMS 0x00000000e4300000, 0x00000000e4300000| Untracked 
|  68|0x00000000e4400000, 0x00000000e4400000, 0x00000000e4500000|  0%| F|  |TAMS 0x00000000e4400000, 0x00000000e4400000| Untracked 
|  69|0x00000000e4500000, 0x00000000e4500000, 0x00000000e4600000|  0%| F|  |TAMS 0x00000000e4500000, 0x00000000e4500000| Untracked 
|  70|0x00000000e4600000, 0x00000000e4600000, 0x00000000e4700000|  0%| F|  |TAMS 0x00000000e4600000, 0x00000000e4600000| Untracked 
|  71|0x00000000e4700000, 0x00000000e4700000, 0x00000000e4800000|  0%| F|  |TAMS 0x00000000e4700000, 0x00000000e4700000| Untracked 
|  72|0x00000000e4800000, 0x00000000e4800000, 0x00000000e4900000|  0%| F|  |TAMS 0x00000000e4800000, 0x00000000e4800000| Untracked 
|  73|0x00000000e4900000, 0x00000000e4900000, 0x00000000e4a00000|  0%| F|  |TAMS 0x00000000e4900000, 0x00000000e4900000| Untracked 
|  74|0x00000000e4a00000, 0x00000000e4a00000, 0x00000000e4b00000|  0%| F|  |TAMS 0x00000000e4a00000, 0x00000000e4a00000| Untracked 
|  75|0x00000000e4b00000, 0x00000000e4b00000, 0x00000000e4c00000|  0%| F|  |TAMS 0x00000000e4b00000, 0x00000000e4b00000| Untracked 
|  76|0x00000000e4c00000, 0x00000000e4c00000, 0x00000000e4d00000|  0%| F|  |TAMS 0x00000000e4c00000, 0x00000000e4c00000| Untracked 
|  77|0x00000000e4d00000, 0x00000000e4d00000, 0x00000000e4e00000|  0%| F|  |TAMS 0x00000000e4d00000, 0x00000000e4d00000| Untracked 
|  78|0x00000000e4e00000, 0x00000000e4e00000, 0x00000000e4f00000|  0%| F|  |TAMS 0x00000000e4e00000, 0x00000000e4e00000| Untracked 
|  79|0x00000000e4f00000, 0x00000000e4f00000, 0x00000000e5000000|  0%| F|  |TAMS 0x00000000e4f00000, 0x00000000e4f00000| Untracked 
|  80|0x00000000e5000000, 0x00000000e5000000, 0x00000000e5100000|  0%| F|  |TAMS 0x00000000e5000000, 0x00000000e5000000| Untracked 
|  81|0x00000000e5100000, 0x00000000e5100000, 0x00000000e5200000|  0%| F|  |TAMS 0x00000000e5100000, 0x00000000e5100000| Untracked 
|  82|0x00000000e5200000, 0x00000000e5200000, 0x00000000e5300000|  0%| F|  |TAMS 0x00000000e5200000, 0x00000000e5200000| Untracked 
|  83|0x00000000e5300000, 0x00000000e5300000, 0x00000000e5400000|  0%| F|  |TAMS 0x00000000e5300000, 0x00000000e5300000| Untracked 
|  84|0x00000000e5400000, 0x00000000e5400000, 0x00000000e5500000|  0%| F|  |TAMS 0x00000000e5400000, 0x00000000e5400000| Untracked 
|  85|0x00000000e5500000, 0x00000000e5500000, 0x00000000e5600000|  0%| F|  |TAMS 0x00000000e5500000, 0x00000000e5500000| Untracked 
|  86|0x00000000e5600000, 0x00000000e5600000, 0x00000000e5700000|  0%| F|  |TAMS 0x00000000e5600000, 0x00000000e5600000| Untracked 
|  87|0x00000000e5700000, 0x00000000e5700000, 0x00000000e5800000|  0%| F|  |TAMS 0x00000000e5700000, 0x00000000e5700000| Untracked 
|  88|0x00000000e5800000, 0x00000000e5800000, 0x00000000e5900000|  0%| F|  |TAMS 0x00000000e5800000, 0x00000000e5800000| Untracked 
|  89|0x00000000e5900000, 0x00000000e5900000, 0x00000000e5a00000|  0%| F|  |TAMS 0x00000000e5900000, 0x00000000e5900000| Untracked 
|  90|0x00000000e5a00000, 0x00000000e5a00000, 0x00000000e5b00000|  0%| F|  |TAMS 0x00000000e5a00000, 0x00000000e5a00000| Untracked 
|  91|0x00000000e5b00000, 0x00000000e5b00000, 0x00000000e5c00000|  0%| F|  |TAMS 0x00000000e5b00000, 0x00000000e5b00000| Untracked 
|  92|0x00000000e5c00000, 0x00000000e5c00000, 0x00000000e5d00000|  0%| F|  |TAMS 0x00000000e5c00000, 0x00000000e5c00000| Untracked 
|  93|0x00000000e5d00000, 0x00000000e5d00000, 0x00000000e5e00000|  0%| F|  |TAMS 0x00000000e5d00000, 0x00000000e5d00000| Untracked 
|  94|0x00000000e5e00000, 0x00000000e5e00000, 0x00000000e5f00000|  0%| F|  |TAMS 0x00000000e5e00000, 0x00000000e5e00000| Untracked 
|  95|0x00000000e5f00000, 0x00000000e5f00000, 0x00000000e6000000|  0%| F|  |TAMS 0x00000000e5f00000, 0x00000000e5f00000| Untracked 
|  96|0x00000000e6000000, 0x00000000e6000000, 0x00000000e6100000|  0%| F|  |TAMS 0x00000000e6000000, 0x00000000e6000000| Untracked 
|  97|0x00000000e6100000, 0x00000000e6100000, 0x00000000e6200000|  0%| F|  |TAMS 0x00000000e6100000, 0x00000000e6100000| Untracked 
|  98|0x00000000e6200000, 0x00000000e6200000, 0x00000000e6300000|  0%| F|  |TAMS 0x00000000e6200000, 0x00000000e6200000| Untracked 
|  99|0x00000000e6300000, 0x00000000e6300000, 0x00000000e6400000|  0%| F|  |TAMS 0x00000000e6300000, 0x00000000e6300000| Untracked 
| 100|0x00000000e6400000, 0x00000000e6400000, 0x00000000e6500000|  0%| F|  |TAMS 0x00000000e6400000, 0x00000000e6400000| Untracked 
| 101|0x00000000e6500000, 0x00000000e6500000, 0x00000000e6600000|  0%| F|  |TAMS 0x00000000e6500000, 0x00000000e6500000| Untracked 
| 102|0x00000000e6600000, 0x00000000e6600000, 0x00000000e6700000|  0%| F|  |TAMS 0x00000000e6600000, 0x00000000e6600000| Untracked 
| 103|0x00000000e6700000, 0x00000000e6700000, 0x00000000e6800000|  0%| F|  |TAMS 0x00000000e6700000, 0x00000000e6700000| Untracked 
| 104|0x00000000e6800000, 0x00000000e6800000, 0x00000000e6900000|  0%| F|  |TAMS 0x00000000e6800000, 0x00000000e6800000| Untracked 
| 105|0x00000000e6900000, 0x00000000e6900000, 0x00000000e6a00000|  0%| F|  |TAMS 0x00000000e6900000, 0x00000000e6900000| Untracked 
| 106|0x00000000e6a00000, 0x00000000e6a00000, 0x00000000e6b00000|  0%| F|  |TAMS 0x00000000e6a00000, 0x00000000e6a00000| Untracked 
| 107|0x00000000e6b00000, 0x00000000e6b00000, 0x00000000e6c00000|  0%| F|  |TAMS 0x00000000e6b00000, 0x00000000e6b00000| Untracked 
| 108|0x00000000e6c00000, 0x00000000e6c00000, 0x00000000e6d00000|  0%| F|  |TAMS 0x00000000e6c00000, 0x00000000e6c00000| Untracked 
| 109|0x00000000e6d00000, 0x00000000e6d00000, 0x00000000e6e00000|  0%| F|  |TAMS 0x00000000e6d00000, 0x00000000e6d00000| Untracked 
| 110|0x00000000e6e00000, 0x00000000e6e00000, 0x00000000e6f00000|  0%| F|  |TAMS 0x00000000e6e00000, 0x00000000e6e00000| Untracked 
| 111|0x00000000e6f00000, 0x00000000e6f00000, 0x00000000e7000000|  0%| F|  |TAMS 0x00000000e6f00000, 0x00000000e6f00000| Untracked 
| 112|0x00000000e7000000, 0x00000000e7000000, 0x00000000e7100000|  0%| F|  |TAMS 0x00000000e7000000, 0x00000000e7000000| Untracked 
| 113|0x00000000e7100000, 0x00000000e7100000, 0x00000000e7200000|  0%| F|  |TAMS 0x00000000e7100000, 0x00000000e7100000| Untracked 
| 114|0x00000000e7200000, 0x00000000e7300000, 0x00000000e7300000|100%| S|CS|TAMS 0x00000000e7200000, 0x00000000e7200000| Complete 
| 115|0x00000000e7300000, 0x00000000e7400000, 0x00000000e7400000|100%| S|CS|TAMS 0x00000000e7300000, 0x00000000e7300000| Complete 
| 116|0x00000000e7400000, 0x00000000e7500000, 0x00000000e7500000|100%| S|CS|TAMS 0x00000000e7400000, 0x00000000e7400000| Complete 
| 117|0x00000000e7500000, 0x00000000e7600000, 0x00000000e7600000|100%| S|CS|TAMS 0x00000000e7500000, 0x00000000e7500000| Complete 
| 118|0x00000000e7600000, 0x00000000e7700000, 0x00000000e7700000|100%| S|CS|TAMS 0x00000000e7600000, 0x00000000e7600000| Complete 
| 119|0x00000000e7700000, 0x00000000e7800000, 0x00000000e7800000|100%| S|CS|TAMS 0x00000000e7700000, 0x00000000e7700000| Complete 
| 120|0x00000000e7800000, 0x00000000e7900000, 0x00000000e7900000|100%| S|CS|TAMS 0x00000000e7800000, 0x00000000e7800000| Complete 
| 121|0x00000000e7900000, 0x00000000e7a00000, 0x00000000e7a00000|100%| S|CS|TAMS 0x00000000e7900000, 0x00000000e7900000| Complete 
| 122|0x00000000e7a00000, 0x00000000e7b00000, 0x00000000e7b00000|100%| S|CS|TAMS 0x00000000e7a00000, 0x00000000e7a00000| Complete 
| 123|0x00000000e7b00000, 0x00000000e7b00000, 0x00000000e7c00000|  0%| F|  |TAMS 0x00000000e7b00000, 0x00000000e7b00000| Untracked 
| 124|0x00000000e7c00000, 0x00000000e7c00000, 0x00000000e7d00000|  0%| F|  |TAMS 0x00000000e7c00000, 0x00000000e7c00000| Untracked 
| 125|0x00000000e7d00000, 0x00000000e7d00000, 0x00000000e7e00000|  0%| F|  |TAMS 0x00000000e7d00000, 0x00000000e7d00000| Untracked 
| 126|0x00000000e7e00000, 0x00000000e7e00000, 0x00000000e7f00000|  0%| F|  |TAMS 0x00000000e7e00000, 0x00000000e7e00000| Untracked 
| 127|0x00000000e7f00000, 0x00000000e7f00000, 0x00000000e8000000|  0%| F|  |TAMS 0x00000000e7f00000, 0x00000000e7f00000| Untracked 
| 128|0x00000000e8000000, 0x00000000e8000000, 0x00000000e8100000|  0%| F|  |TAMS 0x00000000e8000000, 0x00000000e8000000| Untracked 
| 129|0x00000000e8100000, 0x00000000e8100000, 0x00000000e8200000|  0%| F|  |TAMS 0x00000000e8100000, 0x00000000e8100000| Untracked 
| 130|0x00000000e8200000, 0x00000000e8200000, 0x00000000e8300000|  0%| F|  |TAMS 0x00000000e8200000, 0x00000000e8200000| Untracked 
| 131|0x00000000e8300000, 0x00000000e8300000, 0x00000000e8400000|  0%| F|  |TAMS 0x00000000e8300000, 0x00000000e8300000| Untracked 
| 132|0x00000000e8400000, 0x00000000e8400000, 0x00000000e8500000|  0%| F|  |TAMS 0x00000000e8400000, 0x00000000e8400000| Untracked 
| 133|0x00000000e8500000, 0x00000000e8500000, 0x00000000e8600000|  0%| F|  |TAMS 0x00000000e8500000, 0x00000000e8500000| Untracked 
| 134|0x00000000e8600000, 0x00000000e8600000, 0x00000000e8700000|  0%| F|  |TAMS 0x00000000e8600000, 0x00000000e8600000| Untracked 
| 135|0x00000000e8700000, 0x00000000e8700000, 0x00000000e8800000|  0%| F|  |TAMS 0x00000000e8700000, 0x00000000e8700000| Untracked 
| 136|0x00000000e8800000, 0x00000000e8800000, 0x00000000e8900000|  0%| F|  |TAMS 0x00000000e8800000, 0x00000000e8800000| Untracked 
| 137|0x00000000e8900000, 0x00000000e8900000, 0x00000000e8a00000|  0%| F|  |TAMS 0x00000000e8900000, 0x00000000e8900000| Untracked 
| 138|0x00000000e8a00000, 0x00000000e8a00000, 0x00000000e8b00000|  0%| F|  |TAMS 0x00000000e8a00000, 0x00000000e8a00000| Untracked 
| 139|0x00000000e8b00000, 0x00000000e8b00000, 0x00000000e8c00000|  0%| F|  |TAMS 0x00000000e8b00000, 0x00000000e8b00000| Untracked 
| 140|0x00000000e8c00000, 0x00000000e8c00000, 0x00000000e8d00000|  0%| F|  |TAMS 0x00000000e8c00000, 0x00000000e8c00000| Untracked 
| 141|0x00000000e8d00000, 0x00000000e8d00000, 0x00000000e8e00000|  0%| F|  |TAMS 0x00000000e8d00000, 0x00000000e8d00000| Untracked 
| 142|0x00000000e8e00000, 0x00000000e8e00000, 0x00000000e8f00000|  0%| F|  |TAMS 0x00000000e8e00000, 0x00000000e8e00000| Untracked 
| 143|0x00000000e8f00000, 0x00000000e8f00000, 0x00000000e9000000|  0%| F|  |TAMS 0x00000000e8f00000, 0x00000000e8f00000| Untracked 
| 144|0x00000000e9000000, 0x00000000e9000000, 0x00000000e9100000|  0%| F|  |TAMS 0x00000000e9000000, 0x00000000e9000000| Untracked 
| 145|0x00000000e9100000, 0x00000000e9100000, 0x00000000e9200000|  0%| F|  |TAMS 0x00000000e9100000, 0x00000000e9100000| Untracked 
| 146|0x00000000e9200000, 0x00000000e9200000, 0x00000000e9300000|  0%| F|  |TAMS 0x00000000e9200000, 0x00000000e9200000| Untracked 
| 147|0x00000000e9300000, 0x00000000e9300000, 0x00000000e9400000|  0%| F|  |TAMS 0x00000000e9300000, 0x00000000e9300000| Untracked 
| 148|0x00000000e9400000, 0x00000000e9400000, 0x00000000e9500000|  0%| F|  |TAMS 0x00000000e9400000, 0x00000000e9400000| Untracked 
| 149|0x00000000e9500000, 0x00000000e9600000, 0x00000000e9600000|100%| E|  |TAMS 0x00000000e9500000, 0x00000000e9500000| Complete 
| 150|0x00000000e9600000, 0x00000000e9700000, 0x00000000e9700000|100%| E|CS|TAMS 0x00000000e9600000, 0x00000000e9600000| Complete 
| 151|0x00000000e9700000, 0x00000000e9800000, 0x00000000e9800000|100%| E|CS|TAMS 0x00000000e9700000, 0x00000000e9700000| Complete 
| 152|0x00000000e9800000, 0x00000000e9900000, 0x00000000e9900000|100%| E|CS|TAMS 0x00000000e9800000, 0x00000000e9800000| Complete 
| 153|0x00000000e9900000, 0x00000000e9a00000, 0x00000000e9a00000|100%| E|CS|TAMS 0x00000000e9900000, 0x00000000e9900000| Complete 
| 154|0x00000000e9a00000, 0x00000000e9b00000, 0x00000000e9b00000|100%| E|CS|TAMS 0x00000000e9a00000, 0x00000000e9a00000| Complete 
| 155|0x00000000e9b00000, 0x00000000e9c00000, 0x00000000e9c00000|100%| E|CS|TAMS 0x00000000e9b00000, 0x00000000e9b00000| Complete 
| 156|0x00000000e9c00000, 0x00000000e9d00000, 0x00000000e9d00000|100%| E|CS|TAMS 0x00000000e9c00000, 0x00000000e9c00000| Complete 
| 157|0x00000000e9d00000, 0x00000000e9e00000, 0x00000000e9e00000|100%| E|CS|TAMS 0x00000000e9d00000, 0x00000000e9d00000| Complete 
| 158|0x00000000e9e00000, 0x00000000e9f00000, 0x00000000e9f00000|100%| E|CS|TAMS 0x00000000e9e00000, 0x00000000e9e00000| Complete 
| 159|0x00000000e9f00000, 0x00000000ea000000, 0x00000000ea000000|100%| E|CS|TAMS 0x00000000e9f00000, 0x00000000e9f00000| Complete 
| 160|0x00000000ea000000, 0x00000000ea100000, 0x00000000ea100000|100%| E|CS|TAMS 0x00000000ea000000, 0x00000000ea000000| Complete 
| 161|0x00000000ea100000, 0x00000000ea200000, 0x00000000ea200000|100%| E|CS|TAMS 0x00000000ea100000, 0x00000000ea100000| Complete 
| 162|0x00000000ea200000, 0x00000000ea300000, 0x00000000ea300000|100%| E|CS|TAMS 0x00000000ea200000, 0x00000000ea200000| Complete 
| 163|0x00000000ea300000, 0x00000000ea400000, 0x00000000ea400000|100%| E|CS|TAMS 0x00000000ea300000, 0x00000000ea300000| Complete 
| 164|0x00000000ea400000, 0x00000000ea500000, 0x00000000ea500000|100%| E|CS|TAMS 0x00000000ea400000, 0x00000000ea400000| Complete 
| 165|0x00000000ea500000, 0x00000000ea600000, 0x00000000ea600000|100%| E|CS|TAMS 0x00000000ea500000, 0x00000000ea500000| Complete 
| 166|0x00000000ea600000, 0x00000000ea700000, 0x00000000ea700000|100%| E|CS|TAMS 0x00000000ea600000, 0x00000000ea600000| Complete 
| 167|0x00000000ea700000, 0x00000000ea800000, 0x00000000ea800000|100%| E|CS|TAMS 0x00000000ea700000, 0x00000000ea700000| Complete 
| 168|0x00000000ea800000, 0x00000000ea900000, 0x00000000ea900000|100%| E|CS|TAMS 0x00000000ea800000, 0x00000000ea800000| Complete 
| 169|0x00000000ea900000, 0x00000000eaa00000, 0x00000000eaa00000|100%| E|CS|TAMS 0x00000000ea900000, 0x00000000ea900000| Complete 
| 170|0x00000000eaa00000, 0x00000000eab00000, 0x00000000eab00000|100%| E|CS|TAMS 0x00000000eaa00000, 0x00000000eaa00000| Complete 
| 171|0x00000000eab00000, 0x00000000eac00000, 0x00000000eac00000|100%| E|CS|TAMS 0x00000000eab00000, 0x00000000eab00000| Complete 
| 172|0x00000000eac00000, 0x00000000ead00000, 0x00000000ead00000|100%| E|CS|TAMS 0x00000000eac00000, 0x00000000eac00000| Complete 
| 173|0x00000000ead00000, 0x00000000eae00000, 0x00000000eae00000|100%| E|CS|TAMS 0x00000000ead00000, 0x00000000ead00000| Complete 
| 174|0x00000000eae00000, 0x00000000eaf00000, 0x00000000eaf00000|100%| E|CS|TAMS 0x00000000eae00000, 0x00000000eae00000| Complete 
| 175|0x00000000eaf00000, 0x00000000eb000000, 0x00000000eb000000|100%| E|CS|TAMS 0x00000000eaf00000, 0x00000000eaf00000| Complete 
| 176|0x00000000eb000000, 0x00000000eb100000, 0x00000000eb100000|100%| E|CS|TAMS 0x00000000eb000000, 0x00000000eb000000| Complete 
| 177|0x00000000eb100000, 0x00000000eb200000, 0x00000000eb200000|100%| E|CS|TAMS 0x00000000eb100000, 0x00000000eb100000| Complete 
| 178|0x00000000eb200000, 0x00000000eb300000, 0x00000000eb300000|100%| E|CS|TAMS 0x00000000eb200000, 0x00000000eb200000| Complete 
| 179|0x00000000eb300000, 0x00000000eb400000, 0x00000000eb400000|100%| E|CS|TAMS 0x00000000eb300000, 0x00000000eb300000| Complete 
| 180|0x00000000eb400000, 0x00000000eb500000, 0x00000000eb500000|100%| E|CS|TAMS 0x00000000eb400000, 0x00000000eb400000| Complete 
| 181|0x00000000eb500000, 0x00000000eb600000, 0x00000000eb600000|100%| E|CS|TAMS 0x00000000eb500000, 0x00000000eb500000| Complete 
| 182|0x00000000eb600000, 0x00000000eb700000, 0x00000000eb700000|100%| E|CS|TAMS 0x00000000eb600000, 0x00000000eb600000| Complete 
| 183|0x00000000eb700000, 0x00000000eb800000, 0x00000000eb800000|100%| E|CS|TAMS 0x00000000eb700000, 0x00000000eb700000| Complete 
| 184|0x00000000eb800000, 0x00000000eb900000, 0x00000000eb900000|100%| E|CS|TAMS 0x00000000eb800000, 0x00000000eb800000| Complete 
| 185|0x00000000eb900000, 0x00000000eba00000, 0x00000000eba00000|100%| E|CS|TAMS 0x00000000eb900000, 0x00000000eb900000| Complete 
| 186|0x00000000eba00000, 0x00000000ebb00000, 0x00000000ebb00000|100%| E|CS|TAMS 0x00000000eba00000, 0x00000000eba00000| Complete 
| 187|0x00000000ebb00000, 0x00000000ebc00000, 0x00000000ebc00000|100%| E|CS|TAMS 0x00000000ebb00000, 0x00000000ebb00000| Complete 
| 188|0x00000000ebc00000, 0x00000000ebd00000, 0x00000000ebd00000|100%| E|CS|TAMS 0x00000000ebc00000, 0x00000000ebc00000| Complete 
| 189|0x00000000ebd00000, 0x00000000ebe00000, 0x00000000ebe00000|100%| E|CS|TAMS 0x00000000ebd00000, 0x00000000ebd00000| Complete 
| 190|0x00000000ebe00000, 0x00000000ebf00000, 0x00000000ebf00000|100%| E|CS|TAMS 0x00000000ebe00000, 0x00000000ebe00000| Complete 
| 191|0x00000000ebf00000, 0x00000000ec000000, 0x00000000ec000000|100%| E|CS|TAMS 0x00000000ebf00000, 0x00000000ebf00000| Complete 
| 192|0x00000000ec000000, 0x00000000ec100000, 0x00000000ec100000|100%| E|CS|TAMS 0x00000000ec000000, 0x00000000ec000000| Complete 
| 193|0x00000000ec100000, 0x00000000ec200000, 0x00000000ec200000|100%| E|CS|TAMS 0x00000000ec100000, 0x00000000ec100000| Complete 
| 194|0x00000000ec200000, 0x00000000ec300000, 0x00000000ec300000|100%| E|CS|TAMS 0x00000000ec200000, 0x00000000ec200000| Complete 
| 195|0x00000000ec300000, 0x00000000ec400000, 0x00000000ec400000|100%| E|CS|TAMS 0x00000000ec300000, 0x00000000ec300000| Complete 
| 196|0x00000000ec400000, 0x00000000ec500000, 0x00000000ec500000|100%| E|CS|TAMS 0x00000000ec400000, 0x00000000ec400000| Complete 
| 197|0x00000000ec500000, 0x00000000ec600000, 0x00000000ec600000|100%| E|CS|TAMS 0x00000000ec500000, 0x00000000ec500000| Complete 
| 198|0x00000000ec600000, 0x00000000ec700000, 0x00000000ec700000|100%| E|CS|TAMS 0x00000000ec600000, 0x00000000ec600000| Complete 
| 199|0x00000000ec700000, 0x00000000ec800000, 0x00000000ec800000|100%| E|  |TAMS 0x00000000ec700000, 0x00000000ec700000| Complete 
| 200|0x00000000ec800000, 0x00000000ec900000, 0x00000000ec900000|100%| E|CS|TAMS 0x00000000ec800000, 0x00000000ec800000| Complete 
| 201|0x00000000ec900000, 0x00000000eca00000, 0x00000000eca00000|100%| E|CS|TAMS 0x00000000ec900000, 0x00000000ec900000| Complete 
| 202|0x00000000eca00000, 0x00000000ecb00000, 0x00000000ecb00000|100%| E|CS|TAMS 0x00000000eca00000, 0x00000000eca00000| Complete 
| 203|0x00000000ecb00000, 0x00000000ecc00000, 0x00000000ecc00000|100%| E|CS|TAMS 0x00000000ecb00000, 0x00000000ecb00000| Complete 
| 204|0x00000000ecc00000, 0x00000000ecd00000, 0x00000000ecd00000|100%| E|CS|TAMS 0x00000000ecc00000, 0x00000000ecc00000| Complete 
| 205|0x00000000ecd00000, 0x00000000ece00000, 0x00000000ece00000|100%| E|CS|TAMS 0x00000000ecd00000, 0x00000000ecd00000| Complete 
| 206|0x00000000ece00000, 0x00000000ecf00000, 0x00000000ecf00000|100%| E|CS|TAMS 0x00000000ece00000, 0x00000000ece00000| Complete 
| 207|0x00000000ecf00000, 0x00000000ed000000, 0x00000000ed000000|100%| E|CS|TAMS 0x00000000ecf00000, 0x00000000ecf00000| Complete 
| 208|0x00000000ed000000, 0x00000000ed100000, 0x00000000ed100000|100%| E|CS|TAMS 0x00000000ed000000, 0x00000000ed000000| Complete 
| 209|0x00000000ed100000, 0x00000000ed200000, 0x00000000ed200000|100%| E|CS|TAMS 0x00000000ed100000, 0x00000000ed100000| Complete 
| 210|0x00000000ed200000, 0x00000000ed300000, 0x00000000ed300000|100%| E|CS|TAMS 0x00000000ed200000, 0x00000000ed200000| Complete 
| 211|0x00000000ed300000, 0x00000000ed400000, 0x00000000ed400000|100%| E|CS|TAMS 0x00000000ed300000, 0x00000000ed300000| Complete 
| 212|0x00000000ed400000, 0x00000000ed500000, 0x00000000ed500000|100%| E|CS|TAMS 0x00000000ed400000, 0x00000000ed400000| Complete 
| 213|0x00000000ed500000, 0x00000000ed600000, 0x00000000ed600000|100%| E|CS|TAMS 0x00000000ed500000, 0x00000000ed500000| Complete 
| 214|0x00000000ed600000, 0x00000000ed700000, 0x00000000ed700000|100%| E|CS|TAMS 0x00000000ed600000, 0x00000000ed600000| Complete 
| 215|0x00000000ed700000, 0x00000000ed800000, 0x00000000ed800000|100%| E|CS|TAMS 0x00000000ed700000, 0x00000000ed700000| Complete 
| 216|0x00000000ed800000, 0x00000000ed900000, 0x00000000ed900000|100%| E|CS|TAMS 0x00000000ed800000, 0x00000000ed800000| Complete 
| 217|0x00000000ed900000, 0x00000000eda00000, 0x00000000eda00000|100%| E|CS|TAMS 0x00000000ed900000, 0x00000000ed900000| Complete 
| 218|0x00000000eda00000, 0x00000000edb00000, 0x00000000edb00000|100%| E|CS|TAMS 0x00000000eda00000, 0x00000000eda00000| Complete 
| 219|0x00000000edb00000, 0x00000000edc00000, 0x00000000edc00000|100%| E|CS|TAMS 0x00000000edb00000, 0x00000000edb00000| Complete 
| 220|0x00000000edc00000, 0x00000000edd00000, 0x00000000edd00000|100%| E|CS|TAMS 0x00000000edc00000, 0x00000000edc00000| Complete 
| 221|0x00000000edd00000, 0x00000000ede00000, 0x00000000ede00000|100%| E|CS|TAMS 0x00000000edd00000, 0x00000000edd00000| Complete 
| 222|0x00000000ede00000, 0x00000000edf00000, 0x00000000edf00000|100%| E|CS|TAMS 0x00000000ede00000, 0x00000000ede00000| Complete 
| 223|0x00000000edf00000, 0x00000000ee000000, 0x00000000ee000000|100%| E|CS|TAMS 0x00000000edf00000, 0x00000000edf00000| Complete 
| 224|0x00000000ee000000, 0x00000000ee100000, 0x00000000ee100000|100%| E|CS|TAMS 0x00000000ee000000, 0x00000000ee000000| Complete 
| 225|0x00000000ee100000, 0x00000000ee200000, 0x00000000ee200000|100%| E|CS|TAMS 0x00000000ee100000, 0x00000000ee100000| Complete 
| 226|0x00000000ee200000, 0x00000000ee300000, 0x00000000ee300000|100%| E|CS|TAMS 0x00000000ee200000, 0x00000000ee200000| Complete 
| 227|0x00000000ee300000, 0x00000000ee400000, 0x00000000ee400000|100%| E|CS|TAMS 0x00000000ee300000, 0x00000000ee300000| Complete 
| 228|0x00000000ee400000, 0x00000000ee500000, 0x00000000ee500000|100%| E|CS|TAMS 0x00000000ee400000, 0x00000000ee400000| Complete 
| 229|0x00000000ee500000, 0x00000000ee600000, 0x00000000ee600000|100%| E|CS|TAMS 0x00000000ee500000, 0x00000000ee500000| Complete 
| 230|0x00000000ee600000, 0x00000000ee700000, 0x00000000ee700000|100%| E|CS|TAMS 0x00000000ee600000, 0x00000000ee600000| Complete 
| 231|0x00000000ee700000, 0x00000000ee800000, 0x00000000ee800000|100%| E|CS|TAMS 0x00000000ee700000, 0x00000000ee700000| Complete 
| 232|0x00000000ee800000, 0x00000000ee900000, 0x00000000ee900000|100%| E|CS|TAMS 0x00000000ee800000, 0x00000000ee800000| Complete 
| 233|0x00000000ee900000, 0x00000000eea00000, 0x00000000eea00000|100%| E|CS|TAMS 0x00000000ee900000, 0x00000000ee900000| Complete 
| 234|0x00000000eea00000, 0x00000000eeb00000, 0x00000000eeb00000|100%| E|CS|TAMS 0x00000000eea00000, 0x00000000eea00000| Complete 
| 235|0x00000000eeb00000, 0x00000000eec00000, 0x00000000eec00000|100%| E|CS|TAMS 0x00000000eeb00000, 0x00000000eeb00000| Complete 
| 236|0x00000000eec00000, 0x00000000eed00000, 0x00000000eed00000|100%| E|CS|TAMS 0x00000000eec00000, 0x00000000eec00000| Complete 
| 237|0x00000000eed00000, 0x00000000eee00000, 0x00000000eee00000|100%| E|CS|TAMS 0x00000000eed00000, 0x00000000eed00000| Complete 
| 238|0x00000000eee00000, 0x00000000eef00000, 0x00000000eef00000|100%| E|CS|TAMS 0x00000000eee00000, 0x00000000eee00000| Complete 
| 239|0x00000000eef00000, 0x00000000ef000000, 0x00000000ef000000|100%| E|CS|TAMS 0x00000000eef00000, 0x00000000eef00000| Complete 
| 240|0x00000000ef000000, 0x00000000ef100000, 0x00000000ef100000|100%| E|CS|TAMS 0x00000000ef000000, 0x00000000ef000000| Complete 
| 241|0x00000000ef100000, 0x00000000ef200000, 0x00000000ef200000|100%| E|CS|TAMS 0x00000000ef100000, 0x00000000ef100000| Complete 
| 242|0x00000000ef200000, 0x00000000ef300000, 0x00000000ef300000|100%| E|CS|TAMS 0x00000000ef200000, 0x00000000ef200000| Complete 
| 243|0x00000000ef300000, 0x00000000ef400000, 0x00000000ef400000|100%| E|CS|TAMS 0x00000000ef300000, 0x00000000ef300000| Complete 
| 244|0x00000000ef400000, 0x00000000ef500000, 0x00000000ef500000|100%| E|CS|TAMS 0x00000000ef400000, 0x00000000ef400000| Complete 
| 245|0x00000000ef500000, 0x00000000ef600000, 0x00000000ef600000|100%| E|CS|TAMS 0x00000000ef500000, 0x00000000ef500000| Complete 
| 246|0x00000000ef600000, 0x00000000ef700000, 0x00000000ef700000|100%| E|CS|TAMS 0x00000000ef600000, 0x00000000ef600000| Complete 
| 247|0x00000000ef700000, 0x00000000ef800000, 0x00000000ef800000|100%| E|CS|TAMS 0x00000000ef700000, 0x00000000ef700000| Complete 
| 248|0x00000000ef800000, 0x00000000ef900000, 0x00000000ef900000|100%| E|CS|TAMS 0x00000000ef800000, 0x00000000ef800000| Complete 
| 249|0x00000000ef900000, 0x00000000efa00000, 0x00000000efa00000|100%| E|CS|TAMS 0x00000000ef900000, 0x00000000ef900000| Complete 
| 250|0x00000000efa00000, 0x00000000efb00000, 0x00000000efb00000|100%| E|CS|TAMS 0x00000000efa00000, 0x00000000efa00000| Complete 
| 251|0x00000000efb00000, 0x00000000efc00000, 0x00000000efc00000|100%| E|CS|TAMS 0x00000000efb00000, 0x00000000efb00000| Complete 
| 252|0x00000000efc00000, 0x00000000efd00000, 0x00000000efd00000|100%| E|CS|TAMS 0x00000000efc00000, 0x00000000efc00000| Complete 
| 253|0x00000000efd00000, 0x00000000efe00000, 0x00000000efe00000|100%| E|CS|TAMS 0x00000000efd00000, 0x00000000efd00000| Complete 
| 254|0x00000000efe00000, 0x00000000eff00000, 0x00000000eff00000|100%| E|CS|TAMS 0x00000000efe00000, 0x00000000efe00000| Complete 
| 255|0x00000000eff00000, 0x00000000f0000000, 0x00000000f0000000|100%| E|CS|TAMS 0x00000000eff00000, 0x00000000eff00000| Complete 

Card table byte_map: [0x0000023167140000,0x0000023167240000] _byte_map_base: 0x0000023166a40000

Marking Bits (Prev, Next): (CMBitMap*) 0x000002314e9c70a0, (CMBitMap*) 0x000002314e9c7060
 Prev Bits: [0x0000023167b40000, 0x0000023168340000)
 Next Bits: [0x0000023167340000, 0x0000023167b40000)

Polling page: 0x000002314ea60000

Metaspace:

Usage:
  Non-class:     63.80 MB used.
      Class:      9.86 MB used.
       Both:     73.66 MB used.

Virtual space:
  Non-class space:      128.00 MB reserved,      64.06 MB ( 50%) committed,  2 nodes.
      Class space:      320.00 MB reserved,      10.12 MB (  3%) committed,  1 nodes.
             Both:      448.00 MB reserved,      74.19 MB ( 17%) committed. 

Chunk freelists:
   Non-Class:  15.73 MB
       Class:  5.89 MB
        Both:  21.62 MB

MaxMetaspaceSize: 384.00 MB
CompressedClassSpaceSize: 320.00 MB
Initial GC threshold: 21.00 MB
Current GC threshold: 85.56 MB
CDS: on
MetaspaceReclaimPolicy: balanced
 - commit_granule_bytes: 65536.
 - commit_granule_words: 8192.
 - virtual_space_node_default_size: 8388608.
 - enlarge_chunks_in_place: 1.
 - new_chunks_are_fully_committed: 0.
 - uncommit_free_chunks: 1.
 - use_allocation_guard: 0.
 - handle_deallocations: 1.


Internal statistics:

num_allocs_failed_limit: 15.
num_arena_births: 636.
num_arena_deaths: 0.
num_vsnodes_births: 3.
num_vsnodes_deaths: 0.
num_space_committed: 1187.
num_space_uncommitted: 0.
num_chunks_returned_to_freelist: 15.
num_chunks_taken_from_freelist: 3383.
num_chunk_merges: 15.
num_chunk_splits: 2312.
num_chunks_enlarged: 1611.
num_purges: 0.
num_inconsistent_stats: 0.

CodeHeap 'non-profiled nmethods': size=120000Kb used=5858Kb max_used=5858Kb free=114141Kb
 bounds [0x000002315f4d0000, 0x000002315fa90000, 0x0000023166a00000]
CodeHeap 'profiled nmethods': size=120000Kb used=20722Kb max_used=20722Kb free=99277Kb
 bounds [0x0000023157a00000, 0x0000023158e40000, 0x000002315ef30000]
CodeHeap 'non-nmethods': size=5760Kb used=2398Kb max_used=2471Kb free=3361Kb
 bounds [0x000002315ef30000, 0x000002315f1c0000, 0x000002315f4d0000]
 total_blobs=11512 nmethods=10583 adapters=840
 compilation: enabled
              stopped_count=0, restarted_count=0
 full_count=0

Compilation events (20 events):
Event: 59.617 Thread 0x000002316a93e040 12140       2       java.util.concurrent.locks.ReentrantReadWriteLock$Sync::tryReleaseShared (146 bytes)
Event: 59.619 Thread 0x000002316a93e040 nmethod 12140 0x0000023158e33190 code [0x0000023158e33380, 0x0000023158e33878]
Event: 59.619 Thread 0x000002316a93e040 12146   !   2       com.sun.tools.javac.file.JavacFileManager$ArchiveContainer::walkDirectories (134 bytes)
Event: 59.619 Thread 0x000002316a93e040 nmethod 12146 0x0000023158e33c10 code [0x0000023158e33ea0, 0x0000023158e344b8]
Event: 59.619 Thread 0x000002316a93e040 12147       2       jdk.nio.zipfs.ZipPath::getFileName (5 bytes)
Event: 59.619 Thread 0x000002316a93e040 nmethod 12147 0x0000023158e34910 code [0x0000023158e34aa0, 0x0000023158e34bc8]
Event: 59.619 Thread 0x000002316a93e040 12148       2       com.sun.tools.javac.file.JavacFileManager$ArchiveContainer::isValid (39 bytes)
Event: 59.620 Thread 0x000002316a93e040 nmethod 12148 0x0000023158e34c90 code [0x0000023158e34e60, 0x0000023158e35098]
Event: 59.620 Thread 0x000002316a93e040 12141       2       java.util.concurrent.locks.ReentrantReadWriteLock$NonfairSync::readerShouldBlock (5 bytes)
Event: 59.620 Thread 0x000002316a93e040 nmethod 12141 0x0000023158e35290 code [0x0000023158e35420, 0x0000023158e35548]
Event: 59.620 Thread 0x000002316a93e040 12142       2       java.util.concurrent.locks.AbstractQueuedSynchronizer::apparentlyFirstQueuedIsExclusive (38 bytes)
Event: 59.620 Thread 0x000002316a93e040 nmethod 12142 0x0000023158e35610 code [0x0000023158e357a0, 0x0000023158e35938]
Event: 59.620 Thread 0x000002316a93e040 12145       2       jdk.nio.zipfs.ZipFileSystem::endRead (15 bytes)
Event: 59.621 Thread 0x000002316a93e040 nmethod 12145 0x0000023158e35a10 code [0x0000023158e35bc0, 0x0000023158e35d98]
Event: 59.621 Thread 0x000002316a93e040 12144       2       jdk.nio.zipfs.ZipFileSystem::ensureOpen (16 bytes)
Event: 59.621 Thread 0x000002316a93e040 nmethod 12144 0x0000023158e35f10 code [0x0000023158e360c0, 0x0000023158e36288]
Event: 59.621 Thread 0x000002316a93e040 12149       1       java.util.concurrent.locks.ReentrantReadWriteLock::writeLock (5 bytes)
Event: 59.621 Thread 0x000002316a93e040 nmethod 12149 0x000002315fa88390 code [0x000002315fa88520, 0x000002315fa885f8]
Event: 59.621 Thread 0x000002316a93e040 12138       2       java.util.concurrent.locks.ReentrantReadWriteLock$Sync::sharedCount (5 bytes)
Event: 59.621 Thread 0x000002316a93e040 nmethod 12138 0x0000023158e36390 code [0x0000023158e36520, 0x0000023158e36618]

GC Heap History (20 events):
Event: 1.599 GC heap before
{Heap before GC invocations=0 (full 0):
 garbage-first heap   total 262144K, used 13312K [0x00000000e0000000, 0x0000000100000000)
  region size 1024K, 13 young (13312K), 0 survivors (0K)
 Metaspace       used 1033K, committed 1152K, reserved 393216K
  class space    used 81K, committed 128K, reserved 327680K
}
Event: 1.606 GC heap after
{Heap after GC invocations=1 (full 0):
 garbage-first heap   total 262144K, used 3229K [0x00000000e0000000, 0x0000000100000000)
  region size 1024K, 2 young (2048K), 2 survivors (2048K)
 Metaspace       used 1033K, committed 1152K, reserved 393216K
  class space    used 81K, committed 128K, reserved 327680K
}
Event: 13.902 GC heap before
{Heap before GC invocations=1 (full 0):
 garbage-first heap   total 262144K, used 22685K [0x00000000e0000000, 0x0000000100000000)
  region size 1024K, 17 young (17408K), 2 survivors (2048K)
 Metaspace       used 3884K, committed 4032K, reserved 393216K
  class space    used 488K, committed 576K, reserved 327680K
}
Event: 13.927 GC heap after
{Heap after GC invocations=2 (full 0):
 garbage-first heap   total 262144K, used 10683K [0x00000000e0000000, 0x0000000100000000)
  region size 1024K, 3 young (3072K), 3 survivors (3072K)
 Metaspace       used 3884K, committed 4032K, reserved 393216K
  class space    used 488K, committed 576K, reserved 327680K
}
Event: 14.837 GC heap before
{Heap before GC invocations=2 (full 0):
 garbage-first heap   total 262144K, used 31163K [0x00000000e0000000, 0x0000000100000000)
  region size 1024K, 23 young (23552K), 3 survivors (3072K)
 Metaspace       used 4006K, committed 4160K, reserved 393216K
  class space    used 491K, committed 576K, reserved 327680K
}
Event: 14.840 GC heap after
{Heap after GC invocations=3 (full 0):
 garbage-first heap   total 262144K, used 11430K [0x00000000e0000000, 0x0000000100000000)
  region size 1024K, 1 young (1024K), 1 survivors (1024K)
 Metaspace       used 4006K, committed 4160K, reserved 393216K
  class space    used 491K, committed 576K, reserved 327680K
}
Event: 19.399 GC heap before
{Heap before GC invocations=3 (full 0):
 garbage-first heap   total 262144K, used 133286K [0x00000000e0000000, 0x0000000100000000)
  region size 1024K, 120 young (122880K), 1 survivors (1024K)
 Metaspace       used 21237K, committed 21504K, reserved 393216K
  class space    used 3111K, committed 3200K, reserved 327680K
}
Event: 19.414 GC heap after
{Heap after GC invocations=4 (full 0):
 garbage-first heap   total 262144K, used 22522K [0x00000000e0000000, 0x0000000100000000)
  region size 1024K, 12 young (12288K), 12 survivors (12288K)
 Metaspace       used 21237K, committed 21504K, reserved 393216K
  class space    used 3111K, committed 3200K, reserved 327680K
}
Event: 22.507 GC heap before
{Heap before GC invocations=5 (full 0):
 garbage-first heap   total 262144K, used 132090K [0x00000000e0000000, 0x0000000100000000)
  region size 1024K, 119 young (121856K), 12 survivors (12288K)
 Metaspace       used 35671K, committed 35968K, reserved 393216K
  class space    used 4961K, committed 5120K, reserved 327680K
}
Event: 22.525 GC heap after
{Heap after GC invocations=6 (full 0):
 garbage-first heap   total 262144K, used 30930K [0x00000000e0000000, 0x0000000100000000)
  region size 1024K, 9 young (9216K), 9 survivors (9216K)
 Metaspace       used 35671K, committed 35968K, reserved 393216K
  class space    used 4961K, committed 5120K, reserved 327680K
}
Event: 22.614 GC heap before
{Heap before GC invocations=6 (full 0):
 garbage-first heap   total 262144K, used 32978K [0x00000000e0000000, 0x0000000100000000)
  region size 1024K, 12 young (12288K), 9 survivors (9216K)
 Metaspace       used 35956K, committed 36288K, reserved 393216K
  class space    used 5020K, committed 5184K, reserved 327680K
}
Event: 22.624 GC heap after
{Heap after GC invocations=7 (full 0):
 garbage-first heap   total 262144K, used 31068K [0x00000000e0000000, 0x0000000100000000)
  region size 1024K, 2 young (2048K), 2 survivors (2048K)
 Metaspace       used 35956K, committed 36288K, reserved 393216K
  class space    used 5020K, committed 5184K, reserved 327680K
}
Event: 22.662 GC heap before
{Heap before GC invocations=7 (full 0):
 garbage-first heap   total 262144K, used 38236K [0x00000000e0000000, 0x0000000100000000)
  region size 1024K, 6 young (6144K), 2 survivors (2048K)
 Metaspace       used 36242K, committed 36608K, reserved 393216K
  class space    used 5032K, committed 5248K, reserved 327680K
}
Event: 22.665 GC heap after
{Heap after GC invocations=8 (full 0):
 garbage-first heap   total 262144K, used 32295K [0x00000000e0000000, 0x0000000100000000)
  region size 1024K, 1 young (1024K), 1 survivors (1024K)
 Metaspace       used 36242K, committed 36608K, reserved 393216K
  class space    used 5032K, committed 5248K, reserved 327680K
}
Event: 27.607 GC heap before
{Heap before GC invocations=9 (full 0):
 garbage-first heap   total 262144K, used 183847K [0x00000000e0000000, 0x0000000100000000)
  region size 1024K, 149 young (152576K), 1 survivors (1024K)
 Metaspace       used 51950K, committed 52352K, reserved 393216K
  class space    used 7361K, committed 7552K, reserved 327680K
}
Event: 27.628 GC heap after
{Heap after GC invocations=10 (full 0):
 garbage-first heap   total 262144K, used 39744K [0x00000000e0000000, 0x0000000100000000)
  region size 1024K, 10 young (10240K), 10 survivors (10240K)
 Metaspace       used 51950K, committed 52352K, reserved 393216K
  class space    used 7361K, committed 7552K, reserved 327680K
}
Event: 36.534 GC heap before
{Heap before GC invocations=11 (full 0):
 garbage-first heap   total 262144K, used 185152K [0x00000000e0000000, 0x0000000100000000)
  region size 1024K, 153 young (156672K), 10 survivors (10240K)
 Metaspace       used 65730K, committed 66240K, reserved 393216K
  class space    used 8979K, committed 9216K, reserved 327680K
}
Event: 36.625 GC heap after
{Heap after GC invocations=12 (full 0):
 garbage-first heap   total 262144K, used 50999K [0x00000000e0000000, 0x0000000100000000)
  region size 1024K, 20 young (20480K), 20 survivors (20480K)
 Metaspace       used 65730K, committed 66240K, reserved 393216K
  class space    used 8979K, committed 9216K, reserved 327680K
}
Event: 48.115 GC heap before
{Heap before GC invocations=12 (full 0):
 garbage-first heap   total 262144K, used 186167K [0x00000000e0000000, 0x0000000100000000)
  region size 1024K, 153 young (156672K), 20 survivors (20480K)
 Metaspace       used 67856K, committed 68352K, reserved 393216K
  class space    used 9192K, committed 9408K, reserved 327680K
}
Event: 48.212 GC heap after
{Heap after GC invocations=13 (full 0):
 garbage-first heap   total 262144K, used 58173K [0x00000000e0000000, 0x0000000100000000)
  region size 1024K, 9 young (9216K), 9 survivors (9216K)
 Metaspace       used 67856K, committed 68352K, reserved 393216K
  class space    used 9192K, committed 9408K, reserved 327680K
}

Deoptimization events (20 events):
Event: 59.375 Thread 0x000002311c32dda0 Uncommon trap: trap_request=0xffffff45 fr.pc=0x000002315fa7fedc relative=0x00000000000002bc
Event: 59.375 Thread 0x000002311c32dda0 Uncommon trap: reason=unstable_if action=reinterpret pc=0x000002315fa7fedc method=com.sun.tools.javac.parser.JavaTokenizer.scanIdent()V @ 9 c2
Event: 59.375 Thread 0x000002311c32dda0 DEOPT PACKING pc=0x000002315fa7fedc sp=0x00000092a18f65c0
Event: 59.375 Thread 0x000002311c32dda0 DEOPT UNPACKING pc=0x000002315ef823a3 sp=0x00000092a18f65d0 mode 2
Event: 59.512 Thread 0x000002311c32dda0 Uncommon trap: trap_request=0xffffff45 fr.pc=0x000002315fa7d000 relative=0x0000000000000080
Event: 59.512 Thread 0x000002311c32dda0 Uncommon trap: reason=unstable_if action=reinterpret pc=0x000002315fa7d000 method=com.sun.tools.javac.parser.UnicodeReader.isOneOf(CCC)Z @ 13 c2
Event: 59.512 Thread 0x000002311c32dda0 DEOPT PACKING pc=0x000002315fa7d000 sp=0x00000092a18f8340
Event: 59.512 Thread 0x000002311c32dda0 DEOPT UNPACKING pc=0x000002315ef823a3 sp=0x00000092a18f82c0 mode 2
Event: 59.524 Thread 0x000002311c32dda0 Uncommon trap: trap_request=0xffffff45 fr.pc=0x000002315f6b89fc relative=0x000000000000015c
Event: 59.524 Thread 0x000002311c32dda0 Uncommon trap: reason=unstable_if action=reinterpret pc=0x000002315f6b89fc method=jdk.internal.jrtfs.JrtPath.normalize(Ljava/lang/String;)Ljava/lang/String; @ 78 c2
Event: 59.524 Thread 0x000002311c32dda0 DEOPT PACKING pc=0x000002315f6b89fc sp=0x00000092a18f8240
Event: 59.524 Thread 0x000002311c32dda0 DEOPT UNPACKING pc=0x000002315ef823a3 sp=0x00000092a18f81c0 mode 2
Event: 59.559 Thread 0x000002311c32dda0 Uncommon trap: trap_request=0xffffff45 fr.pc=0x000002315fa7d988 relative=0x0000000000000208
Event: 59.559 Thread 0x000002311c32dda0 Uncommon trap: reason=unstable_if action=reinterpret pc=0x000002315fa7d988 method=com.sun.tools.javac.util.Name$Table.equals([BI[BII)Z @ 22 c2
Event: 59.559 Thread 0x000002311c32dda0 DEOPT PACKING pc=0x000002315fa7d988 sp=0x00000092a18f7d80
Event: 59.559 Thread 0x000002311c32dda0 DEOPT UNPACKING pc=0x000002315ef823a3 sp=0x00000092a18f7cf8 mode 2
Event: 59.597 Thread 0x000002311c32dda0 Uncommon trap: trap_request=0xffffff45 fr.pc=0x000002315f6a8ad4 relative=0x0000000000000154
Event: 59.597 Thread 0x000002311c32dda0 Uncommon trap: reason=unstable_if action=reinterpret pc=0x000002315f6a8ad4 method=java.util.Arrays.hashCode([B)I @ 1 c2
Event: 59.597 Thread 0x000002311c32dda0 DEOPT PACKING pc=0x000002315f6a8ad4 sp=0x00000092a18f7b10
Event: 59.597 Thread 0x000002311c32dda0 DEOPT UNPACKING pc=0x000002315ef823a3 sp=0x00000092a18f7a80 mode 2

Classes unloaded (0 events):
No events

Classes redefined (0 events):
No events

Internal exceptions (20 events):
Event: 28.564 Thread 0x000002311c32dda0 Exception <a 'java/lang/NoSuchMethodError'{0x00000000ee68ddf0}: static Ljava/lang/Object;.<clinit>()V> (0x00000000ee68ddf0) 
thrown [s\open\src\hotspot\share\prims\jni.cpp, line 1107]
Event: 28.906 Thread 0x000002311c32dda0 Exception <a 'java/lang/ClassNotFoundException'{0x00000000ed8fefa0}: org/gradle/api/internal/plugins/NaggingBasePluginConventionBeanInfo> (0x00000000ed8fefa0) 
thrown [s\open\src\hotspot\share\classfile\systemDictionary.cpp, line 256]
Event: 28.907 Thread 0x000002311c32dda0 Exception <a 'java/lang/ClassNotFoundException'{0x00000000ed70d458}: org/gradle/api/plugins/BasePluginConventionBeanInfo> (0x00000000ed70d458) 
thrown [s\open\src\hotspot\share\classfile\systemDictionary.cpp, line 256]
Event: 28.907 Thread 0x000002311c32dda0 Exception <a 'java/lang/ClassNotFoundException'{0x00000000ed71b3b0}: org/gradle/api/plugins/BasePluginConventionCustomizer> (0x00000000ed71b3b0) 
thrown [s\open\src\hotspot\share\classfile\systemDictionary.cpp, line 256]
Event: 28.908 Thread 0x000002311c32dda0 Exception <a 'java/lang/ClassNotFoundException'{0x00000000ed733900}: org/gradle/api/internal/plugins/NaggingBasePluginConventionCustomizer> (0x00000000ed733900) 
thrown [s\open\src\hotspot\share\classfile\systemDictionary.cpp, line 256]
Event: 28.912 Thread 0x000002311c32dda0 Exception <a 'java/lang/ClassNotFoundException'{0x00000000ed778570}: org/gradle/api/plugins/internal/NaggingJavaPluginConventionBeanInfo> (0x00000000ed778570) 
thrown [s\open\src\hotspot\share\classfile\systemDictionary.cpp, line 256]
Event: 28.913 Thread 0x000002311c32dda0 Exception <a 'java/lang/ClassNotFoundException'{0x00000000ed7867c0}: org/gradle/api/plugins/JavaPluginConventionBeanInfo> (0x00000000ed7867c0) 
thrown [s\open\src\hotspot\share\classfile\systemDictionary.cpp, line 256]
Event: 28.914 Thread 0x000002311c32dda0 Exception <a 'java/lang/ClassNotFoundException'{0x00000000ed794718}: org/gradle/api/plugins/JavaPluginConventionCustomizer> (0x00000000ed794718) 
thrown [s\open\src\hotspot\share\classfile\systemDictionary.cpp, line 256]
Event: 28.915 Thread 0x000002311c32dda0 Exception <a 'java/lang/ClassNotFoundException'{0x00000000ed7b6908}: org/gradle/api/plugins/internal/NaggingJavaPluginConventionCustomizer> (0x00000000ed7b6908) 
thrown [s\open\src\hotspot\share\classfile\systemDictionary.cpp, line 256]
Event: 31.663 Thread 0x000002311c32dda0 Implicit null exception at 0x000002315f6c79cb to 0x000002315f6c79f0
Event: 31.719 Thread 0x000002311c32dda0 Exception <a 'sun/nio/fs/WindowsException'{0x00000000eb4a7d80}> (0x00000000eb4a7d80) 
thrown [s\open\src\hotspot\share\prims\jni.cpp, line 516]
Event: 42.230 Thread 0x000002311c32dda0 Exception <a 'java/lang/NoSuchMethodError'{0x00000000ebf21898}: 'void java.lang.invoke.DirectMethodHandle$Holder.invokeVirtual(java.lang.Object, java.lang.Object, java.lang.Object, java.lang.Object)'> (0x00000000ebf21898) 
thrown [s\open\src\hotspot\share\interpreter\linkResolver.cpp, line 759]
Event: 45.776 Thread 0x000002311c32dda0 Exception <a 'java/lang/NoSuchMethodError'{0x00000000ea479488}: 'int java.lang.invoke.DirectMethodHandle$Holder.invokeStaticInit(java.lang.Object, java.lang.Object, java.lang.Object, java.lang.Object, java.lang.Object)'> (0x00000000ea479488) 
thrown [s\open\src\hotspot\share\interpreter\linkResolver.cpp, line 759]
Event: 47.349 Thread 0x000002311d61aa20 Exception <a 'java/lang/NoSuchMethodError'{0x00000000e9883690}: 'long java.lang.invoke.DirectMethodHandle$Holder.invokeVirtual(java.lang.Object, java.lang.Object)'> (0x00000000e9883690) 
thrown [s\open\src\hotspot\share\interpreter\linkResolver.cpp, line 759]
Event: 49.953 Thread 0x000002311c32dda0 Exception <a 'java/lang/NoSuchMethodError'{0x00000000eb2976f0}: 'java.lang.Object java.lang.invoke.DirectMethodHandle$Holder.invokeSpecial(java.lang.Object, java.lang.Object, int, java.lang.Object, java.lang.Object, java.lang.Object, java.lang.Object)'> (0x00000000eb2976f0) 
thrown [s\open\src\hotspot\share\interpreter\linkResolver.cpp, line 759]
Event: 59.520 Thread 0x000002311c32dda0 Exception <a 'sun/nio/fs/WindowsException'{0x00000000e9832310}> (0x00000000e9832310) 
thrown [s\open\src\hotspot\share\prims\jni.cpp, line 516]
Event: 59.521 Thread 0x000002311c32dda0 Exception <a 'sun/nio/fs/WindowsException'{0x00000000e9832698}> (0x00000000e9832698) 
thrown [s\open\src\hotspot\share\prims\jni.cpp, line 516]
Event: 59.561 Thread 0x000002311c32dda0 Exception <a 'java/lang/NoSuchMethodError'{0x00000000e98e4100}: 'java.lang.Object java.lang.invoke.DirectMethodHandle$Holder.invokeVirtual(java.lang.Object, java.lang.Object, java.lang.Object, int, int)'> (0x00000000e98e4100) 
thrown [s\open\src\hotspot\share\interpreter\linkResolver.cpp, line 759]
Event: 59.562 Thread 0x000002311c32dda0 Exception <a 'java/lang/NoSuchMethodError'{0x00000000e98eb818}: 'java.lang.Object java.lang.invoke.DirectMethodHandle$Holder.invokeVirtual(java.lang.Object, java.lang.Object, int)'> (0x00000000e98eb818) 
thrown [s\open\src\hotspot\share\interpreter\linkResolver.cpp, line 759]
Event: 59.597 Thread 0x000002311c32dda0 Implicit null exception at 0x000002315f6a898c to 0x000002315f6a8ac6

VM Operations (20 events):
Event: 48.113 Executing VM operation: G1CollectForAllocation
Event: 48.213 Executing VM operation: G1CollectForAllocation done
Event: 49.213 Executing VM operation: Cleanup
Event: 49.230 Executing VM operation: Cleanup done
Event: 50.082 Executing VM operation: HandshakeAllThreads
Event: 50.082 Executing VM operation: HandshakeAllThreads done
Event: 50.299 Executing VM operation: HandshakeAllThreads
Event: 50.299 Executing VM operation: HandshakeAllThreads done
Event: 50.299 Executing VM operation: Cleanup
Event: 50.299 Executing VM operation: Cleanup done
Event: 51.301 Executing VM operation: Cleanup
Event: 51.301 Executing VM operation: Cleanup done
Event: 52.314 Executing VM operation: Cleanup
Event: 52.315 Executing VM operation: Cleanup done
Event: 53.327 Executing VM operation: Cleanup
Event: 53.327 Executing VM operation: Cleanup done
Event: 58.362 Executing VM operation: Cleanup
Event: 58.362 Executing VM operation: Cleanup done
Event: 59.365 Executing VM operation: Cleanup
Event: 59.365 Executing VM operation: Cleanup done

Events (20 events):
Event: 50.330 loading class java/util/jar/JarInputStream
Event: 50.330 loading class java/util/zip/ZipInputStream
Event: 50.331 loading class java/util/zip/ZipInputStream done
Event: 50.331 loading class java/util/jar/JarInputStream done
Event: 50.331 loading class java/io/PushbackInputStream
Event: 50.331 loading class java/io/PushbackInputStream done
Event: 58.017 loading class java/time/Instant$1
Event: 58.020 loading class java/time/Instant$1 done
Event: 58.452 loading class java/net/URLDecoder
Event: 58.453 loading class java/net/URLDecoder done
Event: 58.453 loading class java/net/URLEncoder
Event: 58.453 loading class java/net/URLEncoder done
Event: 58.458 loading class java/util/WeakHashMap$EntrySet
Event: 58.459 loading class java/util/WeakHashMap$EntrySet done
Event: 58.459 loading class java/util/WeakHashMap$EntryIterator
Event: 58.460 loading class java/util/WeakHashMap$EntryIterator done
Event: 58.961 loading class java/util/regex/Pattern$Caret
Event: 58.962 loading class java/util/regex/Pattern$Caret done
Event: 59.546 loading class java/util/regex/Pattern$Bound
Event: 59.546 loading class java/util/regex/Pattern$Bound done


Dynamic libraries:
0x00007ff790240000 - 0x00007ff790250000 	D:\APAP JAVA\Java\jdk-17\bin\java.exe
0x00007ffaa5fd0000 - 0x00007ffaa61e6000 	C:\WINDOWS\SYSTEM32\ntdll.dll
0x00007ffaa5ec0000 - 0x00007ffaa5f84000 	C:\WINDOWS\System32\KERNEL32.DLL
0x00007ffaa3920000 - 0x00007ffaa3cc7000 	C:\WINDOWS\System32\KERNELBASE.dll
0x00007ffaa35c0000 - 0x00007ffaa36d1000 	C:\WINDOWS\System32\ucrtbase.dll
0x00007ffa6b5a0000 - 0x00007ffa6b5b9000 	D:\APAP JAVA\Java\jdk-17\bin\jli.dll
0x00007ffaa5400000 - 0x00007ffaa54b2000 	C:\WINDOWS\System32\ADVAPI32.dll
0x00007ffaa5670000 - 0x00007ffaa5717000 	C:\WINDOWS\System32\msvcrt.dll
0x00007ffaa3eb0000 - 0x00007ffaa3f58000 	C:\WINDOWS\System32\sechost.dll
0x00007ffaa3cd0000 - 0x00007ffaa3cf8000 	C:\WINDOWS\System32\bcrypt.dll
0x00007ffaa57f0000 - 0x00007ffaa5905000 	C:\WINDOWS\System32\RPCRT4.dll
0x00007ffa6c2a0000 - 0x00007ffa6c2bb000 	D:\APAP JAVA\Java\jdk-17\bin\VCRUNTIME140.dll
0x00007ffa8bb40000 - 0x00007ffa8bdd3000 	C:\WINDOWS\WinSxS\amd64_microsoft.windows.common-controls_6595b64144ccf1df_6.0.22621.3235_none_270f74e173860f98\COMCTL32.dll
0x00007ffaa54c0000 - 0x00007ffaa566e000 	C:\WINDOWS\System32\USER32.dll
0x00007ffaa36e0000 - 0x00007ffaa3706000 	C:\WINDOWS\System32\win32u.dll
0x00007ffaa4520000 - 0x00007ffaa4549000 	C:\WINDOWS\System32\GDI32.dll
0x00007ffaa32f0000 - 0x00007ffaa3409000 	C:\WINDOWS\System32\gdi32full.dll
0x00007ffaa3880000 - 0x00007ffaa391a000 	C:\WINDOWS\System32\msvcp_win.dll
0x00007ffa95120000 - 0x00007ffa9512a000 	C:\WINDOWS\SYSTEM32\VERSION.dll
0x00007ffaa3f70000 - 0x00007ffaa3fa1000 	C:\WINDOWS\System32\IMM32.DLL
0x00007ffa6cd90000 - 0x00007ffa6cd9c000 	D:\APAP JAVA\Java\jdk-17\bin\vcruntime140_1.dll
0x00007ffa52db0000 - 0x00007ffa52e3e000 	D:\APAP JAVA\Java\jdk-17\bin\msvcp140.dll
0x00007ffa2c6e0000 - 0x00007ffa2d2be000 	D:\APAP JAVA\Java\jdk-17\bin\server\jvm.dll
0x00007ffaa5eb0000 - 0x00007ffaa5eb8000 	C:\WINDOWS\System32\PSAPI.DLL
0x00007ffa7ef60000 - 0x00007ffa7ef69000 	C:\WINDOWS\SYSTEM32\WSOCK32.dll
0x00007ffaa5240000 - 0x00007ffaa52b1000 	C:\WINDOWS\System32\WS2_32.dll
0x00007ffa9a000000 - 0x00007ffa9a034000 	C:\WINDOWS\SYSTEM32\WINMM.dll
0x00007ffaa22f0000 - 0x00007ffaa2308000 	C:\WINDOWS\SYSTEM32\kernel.appcore.dll
0x00007ffa6cc50000 - 0x00007ffa6cc5a000 	D:\APAP JAVA\Java\jdk-17\bin\jimage.dll
0x00007ffaa0b30000 - 0x00007ffaa0d63000 	C:\WINDOWS\SYSTEM32\DBGHELP.DLL
0x00007ffaa3fb0000 - 0x00007ffaa4338000 	C:\WINDOWS\System32\combase.dll
0x00007ffaa4340000 - 0x00007ffaa4417000 	C:\WINDOWS\System32\OLEAUT32.dll
0x00007ffa7f260000 - 0x00007ffa7f292000 	C:\WINDOWS\SYSTEM32\dbgcore.DLL
0x00007ffaa34d0000 - 0x00007ffaa3549000 	C:\WINDOWS\System32\bcryptPrimitives.dll
0x00007ffa634a0000 - 0x00007ffa634ae000 	D:\APAP JAVA\Java\jdk-17\bin\instrument.dll
0x00007ffa579f0000 - 0x00007ffa57a15000 	D:\APAP JAVA\Java\jdk-17\bin\java.dll
0x00007ffa45170000 - 0x00007ffa45247000 	D:\APAP JAVA\Java\jdk-17\bin\jsvml.dll
0x00007ffaa4550000 - 0x00007ffaa4dac000 	C:\WINDOWS\System32\SHELL32.dll
0x00007ffaa1200000 - 0x00007ffaa1af9000 	C:\WINDOWS\SYSTEM32\windows.storage.dll
0x00007ffaa10c0000 - 0x00007ffaa11fe000 	C:\WINDOWS\SYSTEM32\wintypes.dll
0x00007ffaa5a70000 - 0x00007ffaa5b63000 	C:\WINDOWS\System32\SHCORE.dll
0x00007ffaa5720000 - 0x00007ffaa577e000 	C:\WINDOWS\System32\shlwapi.dll
0x00007ffaa3220000 - 0x00007ffaa3241000 	C:\WINDOWS\SYSTEM32\profapi.dll
0x00007ffa63b20000 - 0x00007ffa63b38000 	D:\APAP JAVA\Java\jdk-17\bin\zip.dll
0x00007ffa6b180000 - 0x00007ffa6b199000 	D:\APAP JAVA\Java\jdk-17\bin\net.dll
0x00007ffa9ad90000 - 0x00007ffa9aec6000 	C:\WINDOWS\SYSTEM32\WINHTTP.dll
0x00007ffaa2760000 - 0x00007ffaa27c9000 	C:\WINDOWS\system32\mswsock.dll
0x00007ffa66610000 - 0x00007ffa66626000 	D:\APAP JAVA\Java\jdk-17\bin\nio.dll
0x00007ffa6c8a0000 - 0x00007ffa6c8b0000 	D:\APAP JAVA\Java\jdk-17\bin\verify.dll
0x00007ffa63af0000 - 0x00007ffa63b17000 	C:\Users\HP\.gradle\native\c067742578af261105cb4f569cf0c3c89f3d7b1fecec35dd04571415982c5e48\windows-amd64\native-platform.dll
0x00007ffa393d0000 - 0x00007ffa39514000 	C:\Users\HP\.gradle\native\38dada09dfb8b06ba9b0570ebf7e218e3eb74d4ef43ca46872605cf95ebc2f47\windows-amd64\native-platform-file-events.dll
0x00007ffa68db0000 - 0x00007ffa68dba000 	D:\APAP JAVA\Java\jdk-17\bin\management.dll
0x00007ffa63b70000 - 0x00007ffa63b7b000 	D:\APAP JAVA\Java\jdk-17\bin\management_ext.dll
0x00007ffaa29a0000 - 0x00007ffaa29bb000 	C:\WINDOWS\SYSTEM32\CRYPTSP.dll
0x00007ffaa2250000 - 0x00007ffaa2285000 	C:\WINDOWS\system32\rsaenh.dll
0x00007ffaa2820000 - 0x00007ffaa2848000 	C:\WINDOWS\SYSTEM32\USERENV.dll
0x00007ffaa29c0000 - 0x00007ffaa29cc000 	C:\WINDOWS\SYSTEM32\CRYPTBASE.dll
0x00007ffaa1d60000 - 0x00007ffaa1d8d000 	C:\WINDOWS\SYSTEM32\IPHLPAPI.DLL
0x00007ffaa4db0000 - 0x00007ffaa4db9000 	C:\WINDOWS\System32\NSI.dll
0x00007ffa9ad20000 - 0x00007ffa9ad39000 	C:\WINDOWS\SYSTEM32\dhcpcsvc6.DLL
0x00007ffa9ad00000 - 0x00007ffa9ad1f000 	C:\WINDOWS\SYSTEM32\dhcpcsvc.DLL
0x00007ffaa1e20000 - 0x00007ffaa1f19000 	C:\WINDOWS\SYSTEM32\DNSAPI.dll
0x00007ffa59710000 - 0x00007ffa5971e000 	D:\APAP JAVA\Java\jdk-17\bin\sunmscapi.dll
0x00007ffaa3710000 - 0x00007ffaa3877000 	C:\WINDOWS\System32\CRYPT32.dll
0x00007ffaa2bc0000 - 0x00007ffaa2bee000 	C:\WINDOWS\SYSTEM32\ncrypt.dll
0x00007ffaa2b80000 - 0x00007ffaa2bb7000 	C:\WINDOWS\SYSTEM32\NTASN1.dll
0x00007ffa72140000 - 0x00007ffa72148000 	C:\WINDOWS\system32\wshunix.dll
0x00007ffa85420000 - 0x00007ffa8542a000 	C:\Windows\System32\rasadhlp.dll
0x00007ffa94dc0000 - 0x00007ffa94e43000 	C:\WINDOWS\System32\fwpuclnt.dll

dbghelp: loaded successfully - version: 4.0.5 - missing functions: none
symbol engine: initialized successfully - sym options: 0x614 - pdb path: .;D:\APAP JAVA\Java\jdk-17\bin;C:\WINDOWS\SYSTEM32;C:\WINDOWS\WinSxS\amd64_microsoft.windows.common-controls_6595b64144ccf1df_6.0.22621.3235_none_270f74e173860f98;D:\APAP JAVA\Java\jdk-17\bin\server;C:\Users\HP\.gradle\native\c067742578af261105cb4f569cf0c3c89f3d7b1fecec35dd04571415982c5e48\windows-amd64;C:\Users\HP\.gradle\native\38dada09dfb8b06ba9b0570ebf7e218e3eb74d4ef43ca46872605cf95ebc2f47\windows-amd64

VM Arguments:
jvm_args: --add-opens=java.base/java.util=ALL-UNNAMED --add-opens=java.base/java.lang=ALL-UNNAMED --add-opens=java.base/java.lang.invoke=ALL-UNNAMED --add-opens=java.prefs/java.util.prefs=ALL-UNNAMED --add-opens=java.base/java.nio.charset=ALL-UNNAMED --add-opens=java.base/java.net=ALL-UNNAMED --add-opens=java.base/java.util.concurrent.atomic=ALL-UNNAMED -XX:MaxMetaspaceSize=384m -XX:+HeapDumpOnOutOfMemoryError -Xms256m -Xmx512m -Dfile.encoding=windows-1252 -Duser.country=ID -Duser.language=en -Duser.variant -javaagent:C:\Users\HP\.gradle\wrapper\dists\gradle-8.5-bin\5t9huq95ubn472n8rpzujfbqh\gradle-8.5\lib\agents\gradle-instrumentation-agent-8.5.jar 
java_command: org.gradle.launcher.daemon.bootstrap.GradleDaemon 8.5
java_class_path (initial): C:\Users\HP\.gradle\wrapper\dists\gradle-8.5-bin\5t9huq95ubn472n8rpzujfbqh\gradle-8.5\lib\gradle-launcher-8.5.jar
Launcher Type: SUN_STANDARD

[Global flags]
     intx CICompilerCount                          = 3                                         {product} {ergonomic}
   size_t CompressedClassSpaceSize                 = 335544320                                 {product} {ergonomic}
     uint ConcGCThreads                            = 1                                         {product} {ergonomic}
     uint G1ConcRefinementThreads                  = 4                                         {product} {ergonomic}
   size_t G1HeapRegionSize                         = 1048576                                   {product} {ergonomic}
    uintx GCDrainStackTargetSize                   = 64                                        {product} {ergonomic}
     bool HeapDumpOnOutOfMemoryError               = true                                   {manageable} {command line}
   size_t InitialHeapSize                          = 268435456                                 {product} {command line}
   size_t MarkStackSize                            = 4194304                                   {product} {ergonomic}
   size_t MaxHeapSize                              = 536870912                                 {product} {command line}
   size_t MaxMetaspaceSize                         = 402653184                                 {product} {command line}
   size_t MaxNewSize                               = 321912832                                 {product} {ergonomic}
   size_t MinHeapDeltaBytes                        = 1048576                                   {product} {ergonomic}
   size_t MinHeapSize                              = 268435456                                 {product} {command line}
    uintx NonNMethodCodeHeapSize                   = 5832780                                {pd product} {ergonomic}
    uintx NonProfiledCodeHeapSize                  = 122912730                              {pd product} {ergonomic}
    uintx ProfiledCodeHeapSize                     = 122912730                              {pd product} {ergonomic}
    uintx ReservedCodeCacheSize                    = 251658240                              {pd product} {ergonomic}
     bool SegmentedCodeCache                       = true                                      {product} {ergonomic}
   size_t SoftMaxHeapSize                          = 536870912                              {manageable} {ergonomic}
     bool UseCompressedClassPointers               = true                           {product lp64_product} {ergonomic}
     bool UseCompressedOops                        = true                           {product lp64_product} {ergonomic}
     bool UseG1GC                                  = true                                      {product} {ergonomic}
     bool UseLargePagesIndividualAllocation        = false                                  {pd product} {ergonomic}

Logging:
Log output configuration:
 #0: stdout all=warning uptime,level,tags
 #1: stderr all=off uptime,level,tags

Environment Variables:
JAVA_HOME=D:\APAP JAVA\Java\jdk-17
CLASSPATH=D:\pindahan\COOLYEAH\Semester 6\Propensi\TK\d02-rtx\smail\\gradle\wrapper\gradle-wrapper.jar
PATH=C:\Python312\Scripts\;C:\Python312\;C:\Program Files\Common Files\Oracle\Java\javapath;C:\Program Files (x86)\Common Files\Oracle\Java\javapath;C:\WINDOWS\system32;C:\WINDOWS;C:\WINDOWS\System32\Wbem;C:\WINDOWS\System32\WindowsPowerShell\v1.0\;C:\WINDOWS\System32\OpenSSH\;C:\Users\Ron\AppData\Local\Programs\Python\Python39;C:\Users\Ron\AppData\Local\Programs\Python\Python39\Scripts;C:\Users\HP\AppData\Local\Programs\Python\Python310\;C:\Users\HP\AppData\Local\Programs\Python\Python310\\Scripts;D:\PuTTY\;D:\Git\cmd;C:\Program Files\Docker\Docker\resources\bin;D:\APAP JAVA\Java\jdk-17\bin;D:\NODE JS\;C:\ProgramData\chocolatey\bin;C:\Users\HP\AppData\Local\Programs\Python\Python310\Scripts\;C:\Users\HP\AppData\Local\Programs\Python\Python310\;C:\Users\Ron\AppData\Local\Programs\Python\Python39;C:\Users\Ron\AppData\Local\Programs\Python\Python39\Scripts;C:\Users\HP\AppData\Local\Programs\Microsoft VS Code\bin;C:\Users\HP\Documents\COOLYEAH\Semester 3\PBP\FLUTTER\bin;C:\Users\HP\Documents\COOLYEAH\Semester 3\PBP\FLUTTER\flutter\bin;C:\Users\HP\AppData\Local\Microsoft\WindowsApps;D:\FLUTTER\bin;C:\Users\HP\AppData\Roaming\npm
USERNAME=HP
LANG=en_US.UTF-8
OS=Windows_NT
PROCESSOR_IDENTIFIER=Intel64 Family 6 Model 142 Stepping 12, GenuineIntel



---------------  S Y S T E M  ---------------

OS:
 Windows 11 , 64 bit Build 22621 (10.0.22621.3374)
OS uptime: 4 days 17:12 hours
Hyper-V role detected

CPU: total 4 (initial active 4) (2 cores per cpu, 2 threads per core) family 6 model 142 stepping 12 microcode 0xec, cx8, cmov, fxsr, ht, mmx, 3dnowpref, sse, sse2, sse3, ssse3, sse4.1, sse4.2, popcnt, lzcnt, tsc, tscinvbit, avx, avx2, aes, erms, clmul, bmi1, bmi2, adx, fma, vzeroupper, clflush, clflushopt, hv

Memory: 4k page, system-wide physical 3919M (142M free)
TotalPageFile size 15695M (AvailPageFile size 5M)
current process WorkingSet (physical memory assigned to process): 226M, peak: 374M
current process commit charge ("private bytes"): 511M, peak: 512M

vm_info: Java HotSpot(TM) 64-Bit Server VM (17.0.8+9-LTS-211) for windows-amd64 JRE (17.0.8+9-LTS-211), built on Jun 14 2023 10:34:31 by "mach5one" with MS VC++ 17.1 (VS2022)

END.
