#
# There is insufficient memory for the Java Runtime Environment to continue.
# Native memory allocation (malloc) failed to allocate 1048576 bytes for AllocateHeap
# Possible reasons:
#   The system is out of physical RAM or swap space
#   The process is running with CompressedOops enabled, and the Java Heap may be blocking the growth of the native heap
# Possible solutions:
#   Reduce memory load on the system
#   Increase physical memory or swap space
#   Check if swap backing store is full
#   Decrease Java heap size (-Xmx/-Xms)
#   Decrease number of Java threads
#   Decrease Java thread stack sizes (-Xss)
#   Set larger code cache with -XX:ReservedCodeCacheSize=
#   JVM is running with Unscaled Compressed Oops mode in which the Java heap is
#     placed in the first 4GB address space. The Java Heap base address is the
#     maximum limit for the native heap growth. Please use -XX:HeapBaseMinAddress
#     to set the Java Heap base and to place the Java Heap above 4GB virtual address.
# This output file may be truncated or incomplete.
#
#  Out of Memory Error (allocation.cpp:44), pid=9536, tid=10812
#
# JRE version: OpenJDK Runtime Environment Temurin-17.0.10+7 (17.0.10+7) (build 17.0.10+7)
# Java VM: OpenJDK 64-Bit Server VM Temurin-17.0.10+7 (17.0.10+7, mixed mode, emulated-client, tiered, compressed oops, compressed class ptrs, g1 gc, windows-amd64)
# No core dump will be written. Minidumps are not enabled by default on client versions of Windows
#

---------------  S U M M A R Y ------------

Command Line: -XX:+HeapDumpOnOutOfMemoryError -Xmx1024m -Dsts.lsp.client=vscode -Dsts.log.file=/dev/null -XX:TieredStopAtLevel=1 -Xlog:jni+resolve=off -Dspring.config.location=file:c:\Users\LENOVO\.vscode\extensions\vmware.vscode-spring-boot-1.53.0\language-server\BOOT-INF\classes\application.properties org.springframework.ide.vscode.boot.app.BootLanguageServerBootApp

Host: AMD 3020e with Radeon Graphics                 , 2 cores, 5G,  Windows 11 , 64 bit Build 22621 (10.0.22621.3374)
Time: Fri Apr 12 23:15:34 2024 SE Asia Standard Time elapsed time: 3880.221125 seconds (0d 1h 4m 40s)

---------------  T H R E A D  ---------------

Current thread (0x00000220ffc172f0):  VMThread "VM Thread" [stack: 0x0000009117300000,0x0000009117400000] [id=10812]

Stack: [0x0000009117300000,0x0000009117400000]
Native frames: (J=compiled Java code, j=interpreted, Vv=VM code, C=native code)
V  [jvm.dll+0x67d2c9]
V  [jvm.dll+0x834afa]
V  [jvm.dll+0x8365be]
V  [jvm.dll+0x836c23]
V  [jvm.dll+0x2477ff]
V  [jvm.dll+0xa6c93]
V  [jvm.dll+0x2f8663]
V  [jvm.dll+0x2f42e0]
V  [jvm.dll+0x2dc8c7]
V  [jvm.dll+0x31fb87]
V  [jvm.dll+0x83b11b]
V  [jvm.dll+0x83be61]
V  [jvm.dll+0x83c37d]
V  [jvm.dll+0x83c754]
V  [jvm.dll+0x83c820]
V  [jvm.dll+0x7e3fba]
V  [jvm.dll+0x67c1b5]
C  [ucrtbase.dll+0x29333]
C  [KERNEL32.DLL+0x1257d]
C  [ntdll.dll+0x5aa48]

VM_Operation (0x00000091181fe980): G1CollectFull, mode: safepoint, requested by thread 0x000002208f305960


---------------  P R O C E S S  ---------------

Threads class SMR info:
_java_thread_list=0x000002208f670400, length=21, elements={
0x00000220ffc2e380, 0x00000220ffc2f110, 0x00000220ffc5b6f0, 0x00000220ffc5c480,
0x00000220ffc60270, 0x00000220ffc60b40, 0x00000220ffc634d0, 0x000002208e000820,
0x000002208e1e4af0, 0x000002208e1e9bd0, 0x000002208eed12b0, 0x000002208f305960,
0x000002208f302020, 0x00000220fd737e70, 0x000002208f3dfdb0, 0x000002208f4ee660,
0x000002208f4ef1f0, 0x000002208f4ef6d0, 0x000002208ecdb160, 0x000002208ecdbb80,
0x000002208ecda740
}
_to_delete_list=0x000002208f687910, length=20, elements={
0x00000220ffc2e380, 0x00000220ffc2f110, 0x00000220ffc5b6f0, 0x00000220ffc5c480,
0x00000220ffc60270, 0x00000220ffc60b40, 0x00000220ffc634d0, 0x000002208e000820,
0x000002208e1e4af0, 0x000002208e1e9bd0, 0x000002208eed12b0, 0x000002208f305960,
0x000002208f302020, 0x00000220fd737e70, 0x000002208f3dfdb0, 0x000002208f4ee660,
0x000002208f4ef1f0, 0x000002208f4ef6d0, 0x000002208ecdb160, 0x000002208ecdbb80
}

Java Threads: ( => current thread )
  0x00000220ffc2e380 JavaThread "Reference Handler" daemon [_thread_blocked, id=20168, stack(0x0000009117400000,0x0000009117500000)]
  0x00000220ffc2f110 JavaThread "Finalizer" daemon [_thread_blocked, id=17708, stack(0x0000009117500000,0x0000009117600000)]
  0x00000220ffc5b6f0 JavaThread "Signal Dispatcher" daemon [_thread_blocked, id=20408, stack(0x0000009117600000,0x0000009117700000)]
  0x00000220ffc5c480 JavaThread "Attach Listener" daemon [_thread_blocked, id=7972, stack(0x0000009117700000,0x0000009117800000)]
  0x00000220ffc60270 JavaThread "Service Thread" daemon [_thread_blocked, id=17768, stack(0x0000009117800000,0x0000009117900000)]
  0x00000220ffc60b40 JavaThread "Monitor Deflation Thread" daemon [_thread_blocked, id=19660, stack(0x0000009117900000,0x0000009117a00000)]
  0x00000220ffc634d0 JavaThread "C1 CompilerThread0" daemon [_thread_blocked, id=15480, stack(0x0000009117a00000,0x0000009117b00000)]
  0x000002208e000820 JavaThread "Sweeper thread" daemon [_thread_blocked, id=7692, stack(0x0000009117b00000,0x0000009117c00000)]
  0x000002208e1e4af0 JavaThread "Notification Thread" daemon [_thread_blocked, id=20112, stack(0x0000009117c00000,0x0000009117d00000)]
  0x000002208e1e9bd0 JavaThread "Common-Cleaner" daemon [_thread_blocked, id=19060, stack(0x0000009117e00000,0x0000009117f00000)]
  0x000002208eed12b0 JavaThread "boundedElastic-evictor-1" daemon [_thread_blocked, id=19152, stack(0x0000009118000000,0x0000009118100000)]
  0x000002208f305960 JavaThread "pool-13-thread-1" [_thread_blocked, id=17600, stack(0x0000009118100000,0x0000009118200000)]
  0x000002208f302020 JavaThread "LanguageServerApp-lifecycle" [_thread_blocked, id=17572, stack(0x0000009118200000,0x0000009118300000)]
  0x00000220fd737e70 JavaThread "DestroyJavaVM" [_thread_blocked, id=20084, stack(0x0000009116c00000,0x0000009116d00000)]
  0x000002208f3dfdb0 JavaThread "pool-14-thread-1" [_thread_in_native, id=19340, stack(0x0000009118300000,0x0000009118400000)]
  0x000002208f4ee660 JavaThread "Simple-Language-Server main thread" daemon [_thread_blocked, id=19464, stack(0x0000009118400000,0x0000009118500000)]
  0x000002208f4ef1f0 JavaThread "pool-8-thread-1" [_thread_blocked, id=20068, stack(0x0000009118500000,0x0000009118600000)]
  0x000002208f4ef6d0 JavaThread "parallel-1" daemon [_thread_blocked, id=18816, stack(0x0000009118600000,0x0000009118700000)]
  0x000002208ecdb160 JavaThread "parallel-2" daemon [_thread_blocked, id=18788, stack(0x0000009118700000,0x0000009118800000)]
  0x000002208ecdbb80 JavaThread "pool-6-thread-1" [_thread_blocked, id=20396, stack(0x0000009118800000,0x0000009118900000)]
  0x000002208ecda740 JavaThread "Reconciler-1" daemon [_thread_blocked, id=10676, stack(0x0000009118900000,0x0000009118a00000)]

Other Threads:
=>0x00000220ffc172f0 VMThread "VM Thread" [stack: 0x0000009117300000,0x0000009117400000] [id=10812]
  0x000002208e1e4fd0 WatcherThread [stack: 0x0000009117d00000,0x0000009117e00000] [id=16536]
  0x00000220fd774ab0 GCTaskThread "GC Thread#0" [stack: 0x0000009116e00000,0x0000009116f00000] [id=10896]
  0x000002208e3fe5f0 GCTaskThread "GC Thread#1" [stack: 0x0000009117f00000,0x0000009118000000] [id=14668]
  0x00000220fd77d910 ConcurrentGCThread "G1 Main Marker" [stack: 0x0000009116f00000,0x0000009117000000] [id=19364]
  0x00000220fd77e240 ConcurrentGCThread "G1 Conc#0" [stack: 0x0000009117000000,0x0000009117100000] [id=11596]
  0x00000220fd7d5960 ConcurrentGCThread "G1 Refine#0" [stack: 0x0000009117100000,0x0000009117200000] [id=20160]
  0x00000220fd7d62a0 ConcurrentGCThread "G1 Service" [stack: 0x0000009117200000,0x0000009117300000] [id=16012]

Threads with active compile tasks:

VM state: at safepoint (normal execution)

VM Mutex/Monitor currently owned by a thread:  ([mutex/lock_event])
[0x00000220fd5f1b70] Threads_lock - owner thread: 0x00000220ffc172f0
[0x00000220fd5ee050] Heap_lock - owner thread: 0x000002208f305960

Heap address: 0x00000000c0000000, size: 1024 MB, Compressed Oops mode: 32-bit

CDS archive(s) not mapped
Compressed class space mapped at: 0x0000000100000000-0x0000000140000000, reserved size: 1073741824
Narrow klass base: 0x0000000000000000, Narrow klass shift: 3, Narrow klass range: 0x140000000

GC Precious Log:
 CPUs: 2 total, 2 available
 Memory: 6020M
 Large Page Support: Disabled
 NUMA Support: Disabled
 Compressed Oops: Enabled (32-bit)
 Heap Region Size: 1M
 Heap Min Capacity: 8M
 Heap Initial Capacity: 96M
 Heap Max Capacity: 1G
 Pre-touch: Disabled
 Parallel Workers: 2
 Concurrent Workers: 1
 Concurrent Refinement Workers: 2
 Periodic GC: Disabled

Heap:
 garbage-first heap   total 75776K, used 24209K [0x00000000c0000000, 0x0000000100000000)
  region size 1024K, 1 young (1024K), 0 survivors (0K)
 Metaspace       used 39445K, committed 40000K, reserved 1114112K
  class space    used 5207K, committed 5440K, reserved 1048576K

Heap Regions: E=young(eden), S=young(survivor), O=old, HS=humongous(starts), HC=humongous(continues), CS=collection set, F=free, OA=open archive, CA=closed archive, TAMS=top-at-mark-start (previous, next)
|   0|0x00000000c0000000, 0x00000000c0100000, 0x00000000c0100000|100%|HS|  |TAMS 0x00000000c0100000, 0x00000000c0000000| Untracked 
|   1|0x00000000c0100000, 0x00000000c0200000, 0x00000000c0200000|100%|HC|  |TAMS 0x00000000c0200000, 0x00000000c0100000| Untracked 
|   2|0x00000000c0200000, 0x00000000c0300000, 0x00000000c0300000|100%|HC|  |TAMS 0x00000000c0300000, 0x00000000c0200000| Untracked 
|   3|0x00000000c0300000, 0x00000000c0400000, 0x00000000c0400000|100%|HC|  |TAMS 0x00000000c0400000, 0x00000000c0300000| Untracked 
|   4|0x00000000c0400000, 0x00000000c0500000, 0x00000000c0500000|100%| O|  |TAMS 0x00000000c0500000, 0x00000000c0400000| Untracked 
|   5|0x00000000c0500000, 0x00000000c0600000, 0x00000000c0600000|100%| O|  |TAMS 0x00000000c0600000, 0x00000000c0500000| Untracked 
|   6|0x00000000c0600000, 0x00000000c0700000, 0x00000000c0700000|100%| O|  |TAMS 0x00000000c0700000, 0x00000000c0600000| Untracked 
|   7|0x00000000c0700000, 0x00000000c07fffb8, 0x00000000c0800000| 99%| O|  |TAMS 0x00000000c07fffb8, 0x00000000c0700000| Untracked 
|   8|0x00000000c0800000, 0x00000000c08fffc8, 0x00000000c0900000| 99%| O|  |TAMS 0x00000000c08fffc8, 0x00000000c0800000| Untracked 
|   9|0x00000000c0900000, 0x00000000c0a00000, 0x00000000c0a00000|100%|HS|  |TAMS 0x00000000c0a00000, 0x00000000c0900000| Untracked 
|  10|0x00000000c0a00000, 0x00000000c0b00000, 0x00000000c0b00000|100%|HC|  |TAMS 0x00000000c0b00000, 0x00000000c0a00000| Untracked 
|  11|0x00000000c0b00000, 0x00000000c0c00000, 0x00000000c0c00000|100%| O|  |TAMS 0x00000000c0c00000, 0x00000000c0b00000| Untracked 
|  12|0x00000000c0c00000, 0x00000000c0cffff0, 0x00000000c0d00000| 99%| O|  |TAMS 0x00000000c0cffff0, 0x00000000c0c00000| Untracked 
|  13|0x00000000c0d00000, 0x00000000c0dfffd0, 0x00000000c0e00000| 99%| O|  |TAMS 0x00000000c0dfffd0, 0x00000000c0d00000| Untracked 
|  14|0x00000000c0e00000, 0x00000000c0effff8, 0x00000000c0f00000| 99%| O|  |TAMS 0x00000000c0effff8, 0x00000000c0e00000| Untracked 
|  15|0x00000000c0f00000, 0x00000000c0ffffd8, 0x00000000c1000000| 99%| O|  |TAMS 0x00000000c0ffffd8, 0x00000000c0f00000| Untracked 
|  16|0x00000000c1000000, 0x00000000c1100000, 0x00000000c1100000|100%| O|  |TAMS 0x00000000c1100000, 0x00000000c1000000| Untracked 
|  17|0x00000000c1100000, 0x00000000c11fffe0, 0x00000000c1200000| 99%| O|  |TAMS 0x00000000c11fffe0, 0x00000000c1100000| Untracked 
|  18|0x00000000c1200000, 0x00000000c12fffb0, 0x00000000c1300000| 99%| O|  |TAMS 0x00000000c12fffb0, 0x00000000c1200000| Untracked 
|  19|0x00000000c1300000, 0x00000000c13ffff0, 0x00000000c1400000| 99%| O|  |TAMS 0x00000000c13ffff0, 0x00000000c1300000| Untracked 
|  20|0x00000000c1400000, 0x00000000c14ffff8, 0x00000000c1500000| 99%| O|  |TAMS 0x00000000c14ffff8, 0x00000000c1400000| Untracked 
|  21|0x00000000c1500000, 0x00000000c15fff88, 0x00000000c1600000| 99%| O|  |TAMS 0x00000000c15fff88, 0x00000000c1500000| Untracked 
|  22|0x00000000c1600000, 0x00000000c16ab208, 0x00000000c1700000| 66%| O|  |TAMS 0x00000000c1600000, 0x00000000c1600000| Untracked 
|  23|0x00000000c1700000, 0x00000000c17002a0, 0x00000000c1800000|  0%| O|  |TAMS 0x00000000c1700000, 0x00000000c1700000| Untracked 
|  24|0x00000000c1800000, 0x00000000c18f9358, 0x00000000c1900000| 97%| O|  |TAMS 0x00000000c18f9358, 0x00000000c1800000| Untracked 
|  25|0x00000000c1900000, 0x00000000c1900000, 0x00000000c1a00000|  0%| F|  |TAMS 0x00000000c1900000, 0x00000000c1900000| Untracked 
|  26|0x00000000c1a00000, 0x00000000c1a00000, 0x00000000c1b00000|  0%| F|  |TAMS 0x00000000c1a00000, 0x00000000c1a00000| Untracked 
|  27|0x00000000c1b00000, 0x00000000c1b00000, 0x00000000c1c00000|  0%| F|  |TAMS 0x00000000c1b00000, 0x00000000c1b00000| Untracked 
|  28|0x00000000c1c00000, 0x00000000c1c00000, 0x00000000c1d00000|  0%| F|  |TAMS 0x00000000c1c00000, 0x00000000c1c00000| Untracked 
|  29|0x00000000c1d00000, 0x00000000c1d00000, 0x00000000c1e00000|  0%| F|  |TAMS 0x00000000c1d00000, 0x00000000c1d00000| Untracked 
|  30|0x00000000c1e00000, 0x00000000c1e00000, 0x00000000c1f00000|  0%| F|  |TAMS 0x00000000c1e00000, 0x00000000c1e00000| Untracked 
|  31|0x00000000c1f00000, 0x00000000c1f00000, 0x00000000c2000000|  0%| F|  |TAMS 0x00000000c1f00000, 0x00000000c1f00000| Untracked 
|  32|0x00000000c2000000, 0x00000000c2000000, 0x00000000c2100000|  0%| F|  |TAMS 0x00000000c2000000, 0x00000000c2000000| Untracked 
|  33|0x00000000c2100000, 0x00000000c2100000, 0x00000000c2200000|  0%| F|  |TAMS 0x00000000c2100000, 0x00000000c2100000| Untracked 
|  34|0x00000000c2200000, 0x00000000c2200000, 0x00000000c2300000|  0%| F|  |TAMS 0x00000000c2200000, 0x00000000c2200000| Untracked 
|  35|0x00000000c2300000, 0x00000000c2300000, 0x00000000c2400000|  0%| F|  |TAMS 0x00000000c2300000, 0x00000000c2300000| Untracked 
|  36|0x00000000c2400000, 0x00000000c2400000, 0x00000000c2500000|  0%| F|  |TAMS 0x00000000c2400000, 0x00000000c2400000| Untracked 
|  37|0x00000000c2500000, 0x00000000c2500000, 0x00000000c2600000|  0%| F|  |TAMS 0x00000000c2500000, 0x00000000c2500000| Untracked 
|  38|0x00000000c2600000, 0x00000000c2600000, 0x00000000c2700000|  0%| F|  |TAMS 0x00000000c2600000, 0x00000000c2600000| Untracked 
|  39|0x00000000c2700000, 0x00000000c2700000, 0x00000000c2800000|  0%| F|  |TAMS 0x00000000c2700000, 0x00000000c2700000| Untracked 
|  40|0x00000000c2800000, 0x00000000c2800000, 0x00000000c2900000|  0%| F|  |TAMS 0x00000000c2800000, 0x00000000c2800000| Untracked 
|  41|0x00000000c2900000, 0x00000000c2900000, 0x00000000c2a00000|  0%| F|  |TAMS 0x00000000c2900000, 0x00000000c2900000| Untracked 
|  42|0x00000000c2a00000, 0x00000000c2a00000, 0x00000000c2b00000|  0%| F|  |TAMS 0x00000000c2a00000, 0x00000000c2a00000| Untracked 
|  43|0x00000000c2b00000, 0x00000000c2b00000, 0x00000000c2c00000|  0%| F|  |TAMS 0x00000000c2b00000, 0x00000000c2b00000| Untracked 
|  44|0x00000000c2c00000, 0x00000000c2c00000, 0x00000000c2d00000|  0%| F|  |TAMS 0x00000000c2c00000, 0x00000000c2c00000| Untracked 
|  45|0x00000000c2d00000, 0x00000000c2d00000, 0x00000000c2e00000|  0%| F|  |TAMS 0x00000000c2d00000, 0x00000000c2d00000| Untracked 
|  46|0x00000000c2e00000, 0x00000000c2e00000, 0x00000000c2f00000|  0%| F|  |TAMS 0x00000000c2e00000, 0x00000000c2e00000| Untracked 
|  47|0x00000000c2f00000, 0x00000000c2f00000, 0x00000000c3000000|  0%| F|  |TAMS 0x00000000c2f00000, 0x00000000c2f00000| Untracked 
|  48|0x00000000c3000000, 0x00000000c3000000, 0x00000000c3100000|  0%| F|  |TAMS 0x00000000c3000000, 0x00000000c3000000| Untracked 
|  49|0x00000000c3100000, 0x00000000c3100000, 0x00000000c3200000|  0%| F|  |TAMS 0x00000000c3100000, 0x00000000c3100000| Untracked 
|  50|0x00000000c3200000, 0x00000000c3200000, 0x00000000c3300000|  0%| F|  |TAMS 0x00000000c3200000, 0x00000000c3200000| Untracked 
|  51|0x00000000c3300000, 0x00000000c3300000, 0x00000000c3400000|  0%| F|  |TAMS 0x00000000c3300000, 0x00000000c3300000| Untracked 
|  52|0x00000000c3400000, 0x00000000c3400000, 0x00000000c3500000|  0%| F|  |TAMS 0x00000000c3400000, 0x00000000c3400000| Untracked 
|  53|0x00000000c3500000, 0x00000000c3500000, 0x00000000c3600000|  0%| F|  |TAMS 0x00000000c3500000, 0x00000000c3500000| Untracked 
|  54|0x00000000c3600000, 0x00000000c3600000, 0x00000000c3700000|  0%| F|  |TAMS 0x00000000c3600000, 0x00000000c3600000| Untracked 
|  55|0x00000000c3700000, 0x00000000c3700000, 0x00000000c3800000|  0%| F|  |TAMS 0x00000000c3700000, 0x00000000c3700000| Untracked 
|  56|0x00000000c3800000, 0x00000000c3800000, 0x00000000c3900000|  0%| F|  |TAMS 0x00000000c3800000, 0x00000000c3800000| Untracked 
|  57|0x00000000c3900000, 0x00000000c3900000, 0x00000000c3a00000|  0%| F|  |TAMS 0x00000000c3900000, 0x00000000c3900000| Untracked 
|  58|0x00000000c3a00000, 0x00000000c3a00000, 0x00000000c3b00000|  0%| F|  |TAMS 0x00000000c3a00000, 0x00000000c3a00000| Untracked 
|  59|0x00000000c3b00000, 0x00000000c3b00000, 0x00000000c3c00000|  0%| F|  |TAMS 0x00000000c3b00000, 0x00000000c3b00000| Untracked 
|  60|0x00000000c3c00000, 0x00000000c3c00000, 0x00000000c3d00000|  0%| F|  |TAMS 0x00000000c3c00000, 0x00000000c3c00000| Untracked 
|  61|0x00000000c3d00000, 0x00000000c3d00000, 0x00000000c3e00000|  0%| F|  |TAMS 0x00000000c3d00000, 0x00000000c3d00000| Untracked 
|  62|0x00000000c3e00000, 0x00000000c3e00000, 0x00000000c3f00000|  0%| F|  |TAMS 0x00000000c3e00000, 0x00000000c3e00000| Untracked 
|  63|0x00000000c3f00000, 0x00000000c3f00000, 0x00000000c4000000|  0%| F|  |TAMS 0x00000000c3f00000, 0x00000000c3f00000| Untracked 
|  64|0x00000000c4000000, 0x00000000c4000000, 0x00000000c4100000|  0%| F|  |TAMS 0x00000000c4000000, 0x00000000c4000000| Untracked 
|  65|0x00000000c4100000, 0x00000000c4100000, 0x00000000c4200000|  0%| F|  |TAMS 0x00000000c4100000, 0x00000000c4100000| Untracked 
|  66|0x00000000c4200000, 0x00000000c4200000, 0x00000000c4300000|  0%| F|  |TAMS 0x00000000c4200000, 0x00000000c4200000| Untracked 
|  67|0x00000000c4300000, 0x00000000c4300000, 0x00000000c4400000|  0%| F|  |TAMS 0x00000000c4300000, 0x00000000c4300000| Untracked 
|  68|0x00000000c4400000, 0x00000000c4400000, 0x00000000c4500000|  0%| F|  |TAMS 0x00000000c4400000, 0x00000000c4400000| Untracked 
|  69|0x00000000c4500000, 0x00000000c4500000, 0x00000000c4600000|  0%| F|  |TAMS 0x00000000c4500000, 0x00000000c4500000| Untracked 
|  70|0x00000000c4600000, 0x00000000c4600000, 0x00000000c4700000|  0%| F|  |TAMS 0x00000000c4600000, 0x00000000c4600000| Untracked 
|  71|0x00000000c4700000, 0x00000000c4700000, 0x00000000c4800000|  0%| F|  |TAMS 0x00000000c4700000, 0x00000000c4700000| Untracked 
|  89|0x00000000c5900000, 0x00000000c5900000, 0x00000000c5a00000|  0%| F|  |TAMS 0x00000000c5900000, 0x00000000c5900000| Untracked 
|  95|0x00000000c5f00000, 0x00000000c5f4ccf8, 0x00000000c6000000| 30%| E|  |TAMS 0x00000000c5f00000, 0x00000000c5f00000| Complete 

Card table byte_map: [0x00000220ff470000,0x00000220ff670000] _byte_map_base: 0x00000220fee70000

Marking Bits (Prev, Next): (CMBitMap*) 0x00000220fd774fe0, (CMBitMap*) 0x00000220fd775020
 Prev Bits: [0x0000022085be0000, 0x0000022086be0000)
 Next Bits: [0x0000022086be0000, 0x0000022087be0000)

Polling page: 0x00000220fd7e0000

Metaspace:

Usage:
  Non-class:     33.44 MB used.
      Class:      5.09 MB used.
       Both:     38.52 MB used.

Virtual space:
  Non-class space:       64.00 MB reserved,      33.75 MB ( 53%) committed,  1 nodes.
      Class space:        1.00 GB reserved,       5.31 MB ( <1%) committed,  1 nodes.
             Both:        1.06 GB reserved,      39.06 MB (  4%) committed. 

Chunk freelists:
   Non-Class:  14.37 MB
       Class:  10.71 MB
        Both:  25.08 MB

MaxMetaspaceSize: unlimited
CompressedClassSpaceSize: 1.00 GB
Initial GC threshold: 21.00 MB
Current GC threshold: 65.12 MB
CDS: off
MetaspaceReclaimPolicy: balanced
 - commit_granule_bytes: 65536.
 - commit_granule_words: 8192.
 - virtual_space_node_default_size: 8388608.
 - enlarge_chunks_in_place: 1.
 - new_chunks_are_fully_committed: 0.
 - uncommit_free_chunks: 1.
 - use_allocation_guard: 0.
 - handle_deallocations: 1.


Internal statistics:

num_allocs_failed_limit: 8.
num_arena_births: 502.
num_arena_deaths: 152.
num_vsnodes_births: 2.
num_vsnodes_deaths: 0.
num_space_committed: 625.
num_space_uncommitted: 0.
num_chunks_returned_to_freelist: 176.
num_chunks_taken_from_freelist: 1667.
num_chunk_merges: 54.
num_chunk_splits: 1168.
num_chunks_enlarged: 898.
num_inconsistent_stats: 0.

CodeCache: size=49152Kb used=7034Kb max_used=7034Kb free=42118Kb
 bounds [0x0000022082be0000, 0x00000220832c0000, 0x0000022085be0000]
 total_blobs=4336 nmethods=3790 adapters=473
 compilation: enabled
              stopped_count=0, restarted_count=0
 full_count=0

Compilation events (20 events):
Event: 2704.410 Thread 0x00000220ffc634d0 3802       1       java.lang.ProcessHandleImpl::<init> (27 bytes)
Event: 2704.411 Thread 0x00000220ffc634d0 nmethod 3802 0x00000220832b3990 code [0x00000220832b3b20, 0x00000220832b3c18]
Event: 2714.725 Thread 0x00000220ffc634d0 3803       1       java.lang.ProcessBuilder::environment (147 bytes)
Event: 2714.733 Thread 0x00000220ffc634d0 nmethod 3803 0x00000220832b3c90 code [0x00000220832b3ee0, 0x00000220832b4428]
Event: 2714.733 Thread 0x00000220ffc634d0 3804   !   1       java.lang.ProcessImpl::start (733 bytes)
Event: 2714.742 Thread 0x00000220ffc634d0 nmethod 3804 0x00000220832b4810 code [0x00000220832b4de0, 0x00000220832b7d38]
Event: 2714.742 Thread 0x00000220ffc634d0 3805       1       java.lang.ProcessEnvironment::toEnvironmentBlock (16 bytes)
Event: 2714.743 Thread 0x00000220ffc634d0 nmethod 3805 0x00000220832ba010 code [0x00000220832ba1a0, 0x00000220832ba2c8]
Event: 2714.743 Thread 0x00000220ffc634d0 3806   !   1       java.lang.ProcessImpl::<init> (327 bytes)
Event: 2714.750 Thread 0x00000220ffc634d0 nmethod 3806 0x00000220832ba390 code [0x00000220832ba7e0, 0x00000220832bbb98]
Event: 2714.750 Thread 0x00000220ffc634d0 3807       1       java.lang.invoke.Invokers$Holder::linkToTargetMethod (9 bytes)
Event: 2714.750 Thread 0x00000220ffc634d0 nmethod 3807 0x00000220832bcb10 code [0x00000220832bccc0, 0x00000220832bcdd8]
Event: 2715.024 Thread 0x00000220ffc634d0 3808   !   1       java.io.FilterOutputStream::close (183 bytes)
Event: 2715.050 Thread 0x00000220ffc634d0 nmethod 3808 0x00000220832bce90 code [0x00000220832bd0a0, 0x00000220832bd578]
Event: 2715.050 Thread 0x00000220ffc634d0 3809   !   1       java.io.FileOutputStream::close (69 bytes)
Event: 2715.052 Thread 0x00000220ffc634d0 nmethod 3809 0x00000220832bd810 code [0x00000220832bd9e0, 0x00000220832bdd58]
Event: 2715.052 Thread 0x00000220ffc634d0 3810       1       java.io.FileOutputStream$1::<init> (10 bytes)
Event: 2715.053 Thread 0x00000220ffc634d0 nmethod 3810 0x00000220832bde90 code [0x00000220832be020, 0x00000220832be138]
Event: 2715.053 Thread 0x00000220ffc634d0 3811       1       java.io.FileOutputStream$1::close (11 bytes)
Event: 2715.054 Thread 0x00000220ffc634d0 nmethod 3811 0x00000220832be190 code [0x00000220832be340, 0x00000220832be658]

GC Heap History (20 events):
Event: 3777.675 GC heap before
{Heap before GC invocations=370 (full 358):
 garbage-first heap   total 75776K, used 24209K [0x00000000c0000000, 0x0000000100000000)
  region size 1024K, 1 young (1024K), 0 survivors (0K)
 Metaspace       used 39445K, committed 40000K, reserved 1114112K
  class space    used 5207K, committed 5440K, reserved 1048576K
}
Event: 3777.699 GC heap after
{Heap after GC invocations=371 (full 359):
 garbage-first heap   total 75776K, used 24209K [0x00000000c0000000, 0x0000000100000000)
  region size 1024K, 0 young (0K), 0 survivors (0K)
 Metaspace       used 39445K, committed 40000K, reserved 1114112K
  class space    used 5207K, committed 5440K, reserved 1048576K
}
Event: 3787.915 GC heap before
{Heap before GC invocations=371 (full 359):
 garbage-first heap   total 75776K, used 24209K [0x00000000c0000000, 0x0000000100000000)
  region size 1024K, 1 young (1024K), 0 survivors (0K)
 Metaspace       used 39445K, committed 40000K, reserved 1114112K
  class space    used 5207K, committed 5440K, reserved 1048576K
}
Event: 3787.940 GC heap after
{Heap after GC invocations=372 (full 360):
 garbage-first heap   total 75776K, used 24209K [0x00000000c0000000, 0x0000000100000000)
  region size 1024K, 0 young (0K), 0 survivors (0K)
 Metaspace       used 39445K, committed 40000K, reserved 1114112K
  class space    used 5207K, committed 5440K, reserved 1048576K
}
Event: 3798.158 GC heap before
{Heap before GC invocations=372 (full 360):
 garbage-first heap   total 75776K, used 24209K [0x00000000c0000000, 0x0000000100000000)
  region size 1024K, 1 young (1024K), 0 survivors (0K)
 Metaspace       used 39445K, committed 40000K, reserved 1114112K
  class space    used 5207K, committed 5440K, reserved 1048576K
}
Event: 3798.183 GC heap after
{Heap after GC invocations=373 (full 361):
 garbage-first heap   total 75776K, used 24209K [0x00000000c0000000, 0x0000000100000000)
  region size 1024K, 0 young (0K), 0 survivors (0K)
 Metaspace       used 39445K, committed 40000K, reserved 1114112K
  class space    used 5207K, committed 5440K, reserved 1048576K
}
Event: 3808.369 GC heap before
{Heap before GC invocations=373 (full 361):
 garbage-first heap   total 75776K, used 24209K [0x00000000c0000000, 0x0000000100000000)
  region size 1024K, 1 young (1024K), 0 survivors (0K)
 Metaspace       used 39445K, committed 40000K, reserved 1114112K
  class space    used 5207K, committed 5440K, reserved 1048576K
}
Event: 3808.394 GC heap after
{Heap after GC invocations=374 (full 362):
 garbage-first heap   total 75776K, used 24209K [0x00000000c0000000, 0x0000000100000000)
  region size 1024K, 0 young (0K), 0 survivors (0K)
 Metaspace       used 39445K, committed 40000K, reserved 1114112K
  class space    used 5207K, committed 5440K, reserved 1048576K
}
Event: 3818.580 GC heap before
{Heap before GC invocations=374 (full 362):
 garbage-first heap   total 75776K, used 24209K [0x00000000c0000000, 0x0000000100000000)
  region size 1024K, 1 young (1024K), 0 survivors (0K)
 Metaspace       used 39445K, committed 40000K, reserved 1114112K
  class space    used 5207K, committed 5440K, reserved 1048576K
}
Event: 3818.604 GC heap after
{Heap after GC invocations=375 (full 363):
 garbage-first heap   total 75776K, used 24209K [0x00000000c0000000, 0x0000000100000000)
  region size 1024K, 0 young (0K), 0 survivors (0K)
 Metaspace       used 39445K, committed 40000K, reserved 1114112K
  class space    used 5207K, committed 5440K, reserved 1048576K
}
Event: 3828.791 GC heap before
{Heap before GC invocations=375 (full 363):
 garbage-first heap   total 75776K, used 24209K [0x00000000c0000000, 0x0000000100000000)
  region size 1024K, 1 young (1024K), 0 survivors (0K)
 Metaspace       used 39445K, committed 40000K, reserved 1114112K
  class space    used 5207K, committed 5440K, reserved 1048576K
}
Event: 3828.824 GC heap after
{Heap after GC invocations=376 (full 364):
 garbage-first heap   total 75776K, used 24209K [0x00000000c0000000, 0x0000000100000000)
  region size 1024K, 0 young (0K), 0 survivors (0K)
 Metaspace       used 39445K, committed 40000K, reserved 1114112K
  class space    used 5207K, committed 5440K, reserved 1048576K
}
Event: 3839.027 GC heap before
{Heap before GC invocations=376 (full 364):
 garbage-first heap   total 75776K, used 24209K [0x00000000c0000000, 0x0000000100000000)
  region size 1024K, 1 young (1024K), 0 survivors (0K)
 Metaspace       used 39445K, committed 40000K, reserved 1114112K
  class space    used 5207K, committed 5440K, reserved 1048576K
}
Event: 3839.054 GC heap after
{Heap after GC invocations=377 (full 365):
 garbage-first heap   total 75776K, used 24209K [0x00000000c0000000, 0x0000000100000000)
  region size 1024K, 0 young (0K), 0 survivors (0K)
 Metaspace       used 39445K, committed 40000K, reserved 1114112K
  class space    used 5207K, committed 5440K, reserved 1048576K
}
Event: 3849.242 GC heap before
{Heap before GC invocations=377 (full 365):
 garbage-first heap   total 75776K, used 24209K [0x00000000c0000000, 0x0000000100000000)
  region size 1024K, 1 young (1024K), 0 survivors (0K)
 Metaspace       used 39445K, committed 40000K, reserved 1114112K
  class space    used 5207K, committed 5440K, reserved 1048576K
}
Event: 3849.267 GC heap after
{Heap after GC invocations=378 (full 366):
 garbage-first heap   total 75776K, used 24209K [0x00000000c0000000, 0x0000000100000000)
  region size 1024K, 0 young (0K), 0 survivors (0K)
 Metaspace       used 39445K, committed 40000K, reserved 1114112K
  class space    used 5207K, committed 5440K, reserved 1048576K
}
Event: 3859.468 GC heap before
{Heap before GC invocations=378 (full 366):
 garbage-first heap   total 75776K, used 24209K [0x00000000c0000000, 0x0000000100000000)
  region size 1024K, 1 young (1024K), 0 survivors (0K)
 Metaspace       used 39445K, committed 40000K, reserved 1114112K
  class space    used 5207K, committed 5440K, reserved 1048576K
}
Event: 3859.493 GC heap after
{Heap after GC invocations=379 (full 367):
 garbage-first heap   total 75776K, used 24209K [0x00000000c0000000, 0x0000000100000000)
  region size 1024K, 0 young (0K), 0 survivors (0K)
 Metaspace       used 39445K, committed 40000K, reserved 1114112K
  class space    used 5207K, committed 5440K, reserved 1048576K
}
Event: 3869.689 GC heap before
{Heap before GC invocations=379 (full 367):
 garbage-first heap   total 75776K, used 24209K [0x00000000c0000000, 0x0000000100000000)
  region size 1024K, 1 young (1024K), 0 survivors (0K)
 Metaspace       used 39445K, committed 40000K, reserved 1114112K
  class space    used 5207K, committed 5440K, reserved 1048576K
}
Event: 3869.714 GC heap after
{Heap after GC invocations=380 (full 368):
 garbage-first heap   total 75776K, used 24209K [0x00000000c0000000, 0x0000000100000000)
  region size 1024K, 0 young (0K), 0 survivors (0K)
 Metaspace       used 39445K, committed 40000K, reserved 1114112K
  class space    used 5207K, committed 5440K, reserved 1048576K
}

Dll operation events (8 events):
Event: 0.042 Loaded shared library c:\Users\LENOVO\.vscode\extensions\redhat.java-1.29.0-win32-x64\jre\17.0.10-win32-x86_64\bin\java.dll
Event: 2.666 Loaded shared library C:\Users\LENOVO\.vscode\extensions\redhat.java-1.29.0-win32-x64\jre\17.0.10-win32-x86_64\bin\net.dll
Event: 2.669 Loaded shared library C:\Users\LENOVO\.vscode\extensions\redhat.java-1.29.0-win32-x64\jre\17.0.10-win32-x86_64\bin\nio.dll
Event: 2.681 Loaded shared library C:\Users\LENOVO\.vscode\extensions\redhat.java-1.29.0-win32-x64\jre\17.0.10-win32-x86_64\bin\zip.dll
Event: 5.937 Loaded shared library C:\Users\LENOVO\.vscode\extensions\redhat.java-1.29.0-win32-x64\jre\17.0.10-win32-x86_64\bin\jimage.dll
Event: 27.766 Loaded shared library c:\Users\LENOVO\.vscode\extensions\redhat.java-1.29.0-win32-x64\jre\17.0.10-win32-x86_64\bin\verify.dll
Event: 48.951 Loaded shared library C:\Users\LENOVO\.vscode\extensions\redhat.java-1.29.0-win32-x64\jre\17.0.10-win32-x86_64\bin\management.dll
Event: 48.954 Loaded shared library C:\Users\LENOVO\.vscode\extensions\redhat.java-1.29.0-win32-x64\jre\17.0.10-win32-x86_64\bin\management_ext.dll

Deoptimization events (4 events):
Event: 51.826 Thread 0x000002208f3dfdb0 DEOPT PACKING pc=0x0000022082eea001 sp=0x00000091183fdfa0
Event: 51.826 Thread 0x000002208f3dfdb0 DEOPT UNPACKING pc=0x0000022082c37143 sp=0x00000091183fd430 mode 3
Event: 53.340 Thread 0x000002208f4ee660 DEOPT PACKING pc=0x0000022082f06a17 sp=0x00000091184feda0
Event: 53.340 Thread 0x000002208f4ee660 DEOPT UNPACKING pc=0x0000022082c37143 sp=0x00000091184fe1f8 mode 3

Classes unloaded (20 events):
Event: 110.868 Thread 0x00000220ffc172f0 Unloading class 0x00000001003a9400 'java/lang/invoke/LambdaForm$MH+0x00000001003a9400'
Event: 110.868 Thread 0x00000220ffc172f0 Unloading class 0x00000001003a9000 'java/lang/invoke/LambdaForm$MH+0x00000001003a9000'
Event: 110.868 Thread 0x00000220ffc172f0 Unloading class 0x0000000100096000 'java/lang/invoke/LambdaForm$MH+0x0000000100096000'
Event: 110.868 Thread 0x00000220ffc172f0 Unloading class 0x0000000100095c00 'java/lang/invoke/LambdaForm$MH+0x0000000100095c00'
Event: 110.868 Thread 0x00000220ffc172f0 Unloading class 0x0000000100095800 'java/lang/invoke/LambdaForm$MH+0x0000000100095800'
Event: 110.868 Thread 0x00000220ffc172f0 Unloading class 0x0000000100095400 'java/lang/invoke/LambdaForm$MH+0x0000000100095400'
Event: 110.868 Thread 0x00000220ffc172f0 Unloading class 0x0000000100095000 'java/lang/invoke/LambdaForm$MH+0x0000000100095000'
Event: 110.868 Thread 0x00000220ffc172f0 Unloading class 0x0000000100094c00 'java/lang/invoke/LambdaForm$MH+0x0000000100094c00'
Event: 110.868 Thread 0x00000220ffc172f0 Unloading class 0x0000000100094800 'java/lang/invoke/LambdaForm$MH+0x0000000100094800'
Event: 110.868 Thread 0x00000220ffc172f0 Unloading class 0x0000000100094400 'java/lang/invoke/LambdaForm$MH+0x0000000100094400'
Event: 110.868 Thread 0x00000220ffc172f0 Unloading class 0x000000010008e800 'java/lang/invoke/LambdaForm$MH+0x000000010008e800'
Event: 110.868 Thread 0x00000220ffc172f0 Unloading class 0x000000010008e400 'java/lang/invoke/LambdaForm$MH+0x000000010008e400'
Event: 110.868 Thread 0x00000220ffc172f0 Unloading class 0x000000010008e000 'java/lang/invoke/LambdaForm$MH+0x000000010008e000'
Event: 110.868 Thread 0x00000220ffc172f0 Unloading class 0x000000010008dc00 'java/lang/invoke/LambdaForm$MH+0x000000010008dc00'
Event: 110.868 Thread 0x00000220ffc172f0 Unloading class 0x000000010008d800 'java/lang/invoke/LambdaForm$MH+0x000000010008d800'
Event: 110.868 Thread 0x00000220ffc172f0 Unloading class 0x000000010008d400 'java/lang/invoke/LambdaForm$MH+0x000000010008d400'
Event: 110.869 Thread 0x00000220ffc172f0 Unloading class 0x000000010008cc00 'java/lang/invoke/LambdaForm$MH+0x000000010008cc00'
Event: 110.869 Thread 0x00000220ffc172f0 Unloading class 0x000000010008c800 'java/lang/invoke/LambdaForm$MH+0x000000010008c800'
Event: 110.869 Thread 0x00000220ffc172f0 Unloading class 0x000000010008c000 'java/lang/invoke/LambdaForm$MH+0x000000010008c000'
Event: 110.869 Thread 0x00000220ffc172f0 Unloading class 0x000000010008bc00 'java/lang/invoke/LambdaForm$MH+0x000000010008bc00'

Classes redefined (0 events):
No events

Internal exceptions (20 events):
Event: 39.904 Thread 0x00000220fd737e70 Exception <a 'java/lang/NoSuchMethodError'{0x00000000c43bf2f0}: 'java.lang.Object java.lang.invoke.DirectMethodHandle$Holder.invokeSpecial(java.lang.Object, java.lang.Object, int, java.lang.Object, java.lang.Object)'> (0x00000000c43bf2f0) 
thrown [s\src\hotspot\share\interpreter\linkResolver.cpp, line 759]
Event: 39.904 Thread 0x00000220fd737e70 Exception <a 'java/lang/NoSuchMethodError'{0x00000000c43c2f98}: 'java.lang.Object java.lang.invoke.DelegatingMethodHandle$Holder.delegate(java.lang.Object, int, java.lang.Object, java.lang.Object)'> (0x00000000c43c2f98) 
thrown [s\src\hotspot\share\interpreter\linkResolver.cpp, line 759]
Event: 39.906 Thread 0x00000220fd737e70 Exception <a 'java/lang/NoSuchMethodError'{0x00000000c43d3e20}: 'int java.lang.invoke.Invokers$Holder.linkToTargetMethod(java.lang.Object, java.lang.Object, java.lang.Object)'> (0x00000000c43d3e20) 
thrown [s\src\hotspot\share\interpreter\linkResolver.cpp, line 759]
Event: 41.422 Thread 0x00000220fd737e70 Exception <a 'java/lang/NoSuchMethodError'{0x00000000c3e5c7d0}: 'java.lang.Object java.lang.invoke.DirectMethodHandle$Holder.invokeStaticInit(java.lang.Object, int, int, int, int)'> (0x00000000c3e5c7d0) 
thrown [s\src\hotspot\share\interpreter\linkResolver.cpp, line 759]
Event: 44.618 Thread 0x00000220fd737e70 Exception <a 'java/lang/NoSuchMethodError'{0x00000000c3d4eae8}: 'java.lang.Object java.lang.invoke.DirectMethodHandle$Holder.invokeStaticInit(java.lang.Object, java.lang.Object, int, int, int, int)'> (0x00000000c3d4eae8) 
thrown [s\src\hotspot\share\interpreter\linkResolver.cpp, line 759]
Event: 46.652 Thread 0x00000220fd737e70 Exception <a 'java/lang/NoSuchMethodError'{0x00000000c3591188}: 'void java.lang.invoke.DirectMethodHandle$Holder.invokeSpecialIFC(java.lang.Object, java.lang.Object, java.lang.Object)'> (0x00000000c3591188) 
thrown [s\src\hotspot\share\interpreter\linkResolver.cpp, line 759]
Event: 48.099 Thread 0x00000220fd737e70 Exception <a 'java/lang/NoSuchMethodError'{0x00000000c4142458}: 'int java.lang.invoke.DirectMethodHandle$Holder.invokeStaticInit(java.lang.Object, java.lang.Object, int, java.lang.Object)'> (0x00000000c4142458) 
thrown [s\src\hotspot\share\interpreter\linkResolver.cpp, line 759]
Event: 48.149 Thread 0x00000220fd737e70 Exception <a 'java/lang/NoSuchMethodError'{0x00000000c4054638}: 'void java.lang.invoke.DirectMethodHandle$Holder.invokeSpecial(java.lang.Object, java.lang.Object, java.lang.Object, java.lang.Object, java.lang.Object, java.lang.Object, java.lang.Object)'> (0x00000000c4054638) 
thrown [s\src\hotspot\share\interpreter\linkResolver.cpp, line 759]
Event: 48.388 Thread 0x00000220fd737e70 Exception <a 'java/lang/NoSuchMethodError'{0x00000000c3ce8c48}: 'java.lang.Object java.lang.invoke.DirectMethodHandle$Holder.invokeInterface(java.lang.Object, java.lang.Object, int)'> (0x00000000c3ce8c48) 
thrown [s\src\hotspot\share\interpreter\linkResolver.cpp, line 759]
Event: 48.413 Thread 0x00000220fd737e70 Exception <a 'java/lang/IncompatibleClassChangeError'{0x00000000c3cff540}: Found class java.lang.Object, but interface was expected> (0x00000000c3cff540) 
thrown [s\src\hotspot\share\interpreter\linkResolver.cpp, line 826]
Event: 48.916 Thread 0x00000220fd737e70 Exception <a 'java/lang/NoSuchMethodError'{0x00000000c47dd658}: 'java.lang.Object java.lang.invoke.DirectMethodHandle$Holder.newInvokeSpecial(java.lang.Object, java.lang.Object, int, java.lang.Object, java.lang.Object)'> (0x00000000c47dd658) 
thrown [s\src\hotspot\share\interpreter\linkResolver.cpp, line 759]
Event: 48.919 Thread 0x00000220fd737e70 Exception <a 'java/lang/NoSuchMethodError'{0x00000000c47f0790}: 'java.lang.Object java.lang.invoke.DirectMethodHandle$Holder.invokeSpecial(java.lang.Object, java.lang.Object, int, java.lang.Object, int, java.lang.Object)'> (0x00000000c47f0790) 
thrown [s\src\hotspot\share\interpreter\linkResolver.cpp, line 759]
Event: 48.919 Thread 0x00000220fd737e70 Exception <a 'java/lang/NoSuchMethodError'{0x00000000c47f8598}: 'java.lang.Object java.lang.invoke.DirectMethodHandle$Holder.newInvokeSpecial(java.lang.Object, java.lang.Object, int, java.lang.Object, int)'> (0x00000000c47f8598) 
thrown [s\src\hotspot\share\interpreter\linkResolver.cpp, line 759]
Event: 48.920 Thread 0x00000220fd737e70 Exception <a 'java/lang/NoSuchMethodError'{0x00000000c47fc698}: 'java.lang.Object java.lang.invoke.DirectMethodHandle$Holder.invokeSpecial(java.lang.Object, java.lang.Object, java.lang.Object, int, java.lang.Object, int)'> (0x00000000c47fc698) 
thrown [s\src\hotspot\share\interpreter\linkResolver.cpp, line 759]
Event: 51.296 Thread 0x000002208f4ee660 Exception <a 'java/lang/NoSuchMethodError'{0x00000000c3cb5938}: 'java.lang.Object java.lang.invoke.DirectMethodHandle$Holder.invokeStatic(java.lang.Object, int, java.lang.Object)'> (0x00000000c3cb5938) 
thrown [s\src\hotspot\share\interpreter\linkResolver.cpp, line 759]
Event: 51.739 Thread 0x000002208f3dfdb0 Exception <a 'java/lang/NoSuchMethodError'{0x00000000c3c86890}: 'java.lang.Object java.lang.invoke.DirectMethodHandle$Holder.invokeStatic(java.lang.Object, java.lang.Object, java.lang.Object, int, java.lang.Object, java.lang.Object)'> (0x00000000c3c86890) 
thrown [s\src\hotspot\share\interpreter\linkResolver.cpp, line 759]
Event: 54.653 Thread 0x000002208ecda740 Exception <a 'java/lang/NoSuchMethodError'{0x00000000c33411f8}: 'int java.lang.invoke.DirectMethodHandle$Holder.invokeStatic(java.lang.Object)'> (0x00000000c33411f8) 
thrown [s\src\hotspot\share\interpreter\linkResolver.cpp, line 759]
Event: 54.654 Thread 0x000002208ecda740 Exception <a 'java/lang/NoSuchMethodError'{0x00000000c33445f8}: 'int java.lang.invoke.DirectMethodHandle$Holder.invokeStaticInit(java.lang.Object)'> (0x00000000c33445f8) 
thrown [s\src\hotspot\share\interpreter\linkResolver.cpp, line 759]
Event: 89.237 Thread 0x000002208f305960 Exception <a 'java/lang/NoSuchMethodError'{0x00000000c4682aa8}: 'void java.lang.invoke.DirectMethodHandle$Holder.invokeStatic(java.lang.Object, long)'> (0x00000000c4682aa8) 
thrown [s\src\hotspot\share\interpreter\linkResolver.cpp, line 759]
Event: 89.237 Thread 0x000002208f305960 Exception <a 'java/lang/NoSuchMethodError'{0x00000000c4687e50}: 'java.lang.Object java.lang.invoke.DirectMethodHandle$Holder.newInvokeSpecial(java.lang.Object, long)'> (0x00000000c4687e50) 
thrown [s\src\hotspot\share\interpreter\linkResolver.cpp, line 759]

VM Operations (20 events):
Event: 3777.699 Executing VM operation: G1CollectFull done
Event: 3787.915 Executing VM operation: G1CollectFull
Event: 3787.940 Executing VM operation: G1CollectFull done
Event: 3798.158 Executing VM operation: G1CollectFull
Event: 3798.183 Executing VM operation: G1CollectFull done
Event: 3808.369 Executing VM operation: G1CollectFull
Event: 3808.394 Executing VM operation: G1CollectFull done
Event: 3818.580 Executing VM operation: G1CollectFull
Event: 3818.604 Executing VM operation: G1CollectFull done
Event: 3828.791 Executing VM operation: G1CollectFull
Event: 3828.824 Executing VM operation: G1CollectFull done
Event: 3839.027 Executing VM operation: G1CollectFull
Event: 3839.054 Executing VM operation: G1CollectFull done
Event: 3849.242 Executing VM operation: G1CollectFull
Event: 3849.267 Executing VM operation: G1CollectFull done
Event: 3859.468 Executing VM operation: G1CollectFull
Event: 3859.493 Executing VM operation: G1CollectFull done
Event: 3869.689 Executing VM operation: G1CollectFull
Event: 3869.714 Executing VM operation: G1CollectFull done
Event: 3880.030 Executing VM operation: G1CollectFull

Events (20 events):
Event: 54.669 loading class java/util/EmptyStackException
Event: 54.669 loading class java/util/EmptyStackException done
Event: 54.676 loading class java/io/InvalidClassException
Event: 54.677 loading class java/io/InvalidClassException done
Event: 55.149 loading class java/util/ArrayList$ListItr
Event: 55.149 loading class java/util/ArrayList$ListItr done
Event: 55.593 loading class java/util/regex/Pattern$1
Event: 55.593 loading class java/util/regex/Pattern$1 done
Event: 89.217 loading class java/lang/ProcessBuilder
Event: 89.217 loading class java/lang/ProcessBuilder done
Event: 89.217 loading class java/lang/ProcessImpl
Event: 89.218 loading class java/lang/ProcessImpl done
Event: 89.238 loading class java/lang/ProcessImpl$2
Event: 89.238 loading class java/lang/ProcessImpl$2 done
Event: 89.238 loading class java/lang/Process$PipeInputStream
Event: 89.238 loading class java/lang/Process$PipeInputStream done
Event: 89.239 loading class jdk/internal/event/ProcessStartEvent
Event: 89.239 loading class jdk/internal/event/ProcessStartEvent done
Event: 90.377 loading class java/io/FileOutputStream$1
Event: 90.377 loading class java/io/FileOutputStream$1 done


Dynamic libraries:
0x00007ff7dd2f0000 - 0x00007ff7dd2fe000 	c:\Users\LENOVO\.vscode\extensions\redhat.java-1.29.0-win32-x64\jre\17.0.10-win32-x86_64\bin\java.exe
0x00007fff01270000 - 0x00007fff01486000 	C:\WINDOWS\SYSTEM32\ntdll.dll
0x00007ffeff9c0000 - 0x00007ffeffa84000 	C:\WINDOWS\System32\KERNEL32.DLL
0x00007ffefe5c0000 - 0x00007ffefe967000 	C:\WINDOWS\System32\KERNELBASE.dll
0x00007ffefe970000 - 0x00007ffefea81000 	C:\WINDOWS\System32\ucrtbase.dll
0x00007ffe86900000 - 0x00007ffe86917000 	c:\Users\LENOVO\.vscode\extensions\redhat.java-1.29.0-win32-x64\jre\17.0.10-win32-x86_64\bin\jli.dll
0x00007ffeff5a0000 - 0x00007ffeff74e000 	C:\WINDOWS\System32\USER32.dll
0x00007ffefef70000 - 0x00007ffefef96000 	C:\WINDOWS\System32\win32u.dll
0x00007ffeff1b0000 - 0x00007ffeff1d9000 	C:\WINDOWS\System32\GDI32.dll
0x00007ffefea90000 - 0x00007ffefeba9000 	C:\WINDOWS\System32\gdi32full.dll
0x00007ffefebb0000 - 0x00007ffefec4a000 	C:\WINDOWS\System32\msvcp_win.dll
0x00007ffe868b0000 - 0x00007ffe868cb000 	c:\Users\LENOVO\.vscode\extensions\redhat.java-1.29.0-win32-x64\jre\17.0.10-win32-x86_64\bin\VCRUNTIME140.dll
0x00007ffee0d50000 - 0x00007ffee0fe3000 	C:\WINDOWS\WinSxS\amd64_microsoft.windows.common-controls_6595b64144ccf1df_6.0.22621.3235_none_270f74e173860f98\COMCTL32.dll
0x00007fff00b00000 - 0x00007fff00ba7000 	C:\WINDOWS\System32\msvcrt.dll
0x00007fff006b0000 - 0x00007fff006e1000 	C:\WINDOWS\System32\IMM32.DLL
0x00007ffec2620000 - 0x00007ffec262c000 	c:\Users\LENOVO\.vscode\extensions\redhat.java-1.29.0-win32-x64\jre\17.0.10-win32-x86_64\bin\vcruntime140_1.dll
0x00007ffe851d0000 - 0x00007ffe8525d000 	c:\Users\LENOVO\.vscode\extensions\redhat.java-1.29.0-win32-x64\jre\17.0.10-win32-x86_64\bin\msvcp140.dll
0x00007ffe7c5f0000 - 0x00007ffe7d252000 	c:\Users\LENOVO\.vscode\extensions\redhat.java-1.29.0-win32-x64\jre\17.0.10-win32-x86_64\bin\server\jvm.dll
0x00007ffeffcc0000 - 0x00007ffeffd72000 	C:\WINDOWS\System32\ADVAPI32.dll
0x00007ffeff4f0000 - 0x00007ffeff598000 	C:\WINDOWS\System32\sechost.dll
0x00007ffefe590000 - 0x00007ffefe5b8000 	C:\WINDOWS\System32\bcrypt.dll
0x00007ffeffba0000 - 0x00007ffeffcb5000 	C:\WINDOWS\System32\RPCRT4.dll
0x00007ffefe460000 - 0x00007ffefe4ad000 	C:\WINDOWS\SYSTEM32\POWRPROF.dll
0x00007ffed30c0000 - 0x00007ffed30c9000 	C:\WINDOWS\SYSTEM32\WSOCK32.dll
0x00007fff00c60000 - 0x00007fff00cd1000 	C:\WINDOWS\System32\WS2_32.dll
0x00007ffef6730000 - 0x00007ffef6764000 	C:\WINDOWS\SYSTEM32\WINMM.dll
0x00007ffef6770000 - 0x00007ffef677a000 	C:\WINDOWS\SYSTEM32\VERSION.dll
0x00007ffefe440000 - 0x00007ffefe453000 	C:\WINDOWS\SYSTEM32\UMPDC.dll
0x00007ffefd530000 - 0x00007ffefd548000 	C:\WINDOWS\SYSTEM32\kernel.appcore.dll
0x00007ffebc020000 - 0x00007ffebc02a000 	c:\Users\LENOVO\.vscode\extensions\redhat.java-1.29.0-win32-x64\jre\17.0.10-win32-x86_64\bin\jimage.dll
0x00007ffefbfa0000 - 0x00007ffefc1d3000 	C:\WINDOWS\SYSTEM32\DBGHELP.DLL
0x00007fff006f0000 - 0x00007fff00a78000 	C:\WINDOWS\System32\combase.dll
0x00007ffeff3b0000 - 0x00007ffeff487000 	C:\WINDOWS\System32\OLEAUT32.dll
0x00007ffee9e10000 - 0x00007ffee9e42000 	C:\WINDOWS\SYSTEM32\dbgcore.DLL
0x00007ffefeef0000 - 0x00007ffefef69000 	C:\WINDOWS\System32\bcryptPrimitives.dll
0x00007ffe851a0000 - 0x00007ffe851c5000 	c:\Users\LENOVO\.vscode\extensions\redhat.java-1.29.0-win32-x64\jre\17.0.10-win32-x86_64\bin\java.dll
0x00007ffe85180000 - 0x00007ffe85198000 	c:\Users\LENOVO\.vscode\extensions\redhat.java-1.29.0-win32-x64\jre\17.0.10-win32-x86_64\bin\zip.dll
0x00007ffeffd80000 - 0x00007fff005dc000 	C:\WINDOWS\System32\SHELL32.dll
0x00007ffefc4a0000 - 0x00007ffefcd99000 	C:\WINDOWS\SYSTEM32\windows.storage.dll
0x00007ffefc360000 - 0x00007ffefc49e000 	C:\WINDOWS\SYSTEM32\wintypes.dll
0x00007ffeffaa0000 - 0x00007ffeffb93000 	C:\WINDOWS\System32\SHCORE.dll
0x00007ffeff490000 - 0x00007ffeff4ee000 	C:\WINDOWS\System32\shlwapi.dll
0x00007ffefe4c0000 - 0x00007ffefe4e1000 	C:\WINDOWS\SYSTEM32\profapi.dll
0x00007ffe87140000 - 0x00007ffe87159000 	C:\Users\LENOVO\.vscode\extensions\redhat.java-1.29.0-win32-x64\jre\17.0.10-win32-x86_64\bin\net.dll
0x00007ffef6b60000 - 0x00007ffef6c96000 	C:\WINDOWS\SYSTEM32\WINHTTP.dll
0x00007ffefda00000 - 0x00007ffefda69000 	C:\WINDOWS\system32\mswsock.dll
0x00007ffe86b30000 - 0x00007ffe86b46000 	C:\Users\LENOVO\.vscode\extensions\redhat.java-1.29.0-win32-x64\jre\17.0.10-win32-x86_64\bin\nio.dll
0x00007ffe959a0000 - 0x00007ffe959b0000 	c:\Users\LENOVO\.vscode\extensions\redhat.java-1.29.0-win32-x64\jre\17.0.10-win32-x86_64\bin\verify.dll
0x00007ffefdc30000 - 0x00007ffefdc4b000 	C:\WINDOWS\SYSTEM32\CRYPTSP.dll
0x00007ffefd4f0000 - 0x00007ffefd525000 	C:\WINDOWS\system32\rsaenh.dll
0x00007ffefdac0000 - 0x00007ffefdae8000 	C:\WINDOWS\SYSTEM32\USERENV.dll
0x00007ffefdc50000 - 0x00007ffefdc5c000 	C:\WINDOWS\SYSTEM32\CRYPTBASE.dll
0x00007ffefd090000 - 0x00007ffefd0bd000 	C:\WINDOWS\SYSTEM32\IPHLPAPI.DLL
0x00007fff00ce0000 - 0x00007fff00ce9000 	C:\WINDOWS\System32\NSI.dll
0x00007ffef6de0000 - 0x00007ffef6df9000 	C:\WINDOWS\SYSTEM32\dhcpcsvc6.DLL
0x00007ffef6b10000 - 0x00007ffef6b2f000 	C:\WINDOWS\SYSTEM32\dhcpcsvc.DLL
0x00007ffefd0c0000 - 0x00007ffefd1b9000 	C:\WINDOWS\SYSTEM32\DNSAPI.dll
0x00007ffeec700000 - 0x00007ffeec709000 	C:\Users\LENOVO\.vscode\extensions\redhat.java-1.29.0-win32-x64\jre\17.0.10-win32-x86_64\bin\management.dll
0x00007ffeec6f0000 - 0x00007ffeec6fb000 	C:\Users\LENOVO\.vscode\extensions\redhat.java-1.29.0-win32-x64\jre\17.0.10-win32-x86_64\bin\management_ext.dll
0x00007ffeff9b0000 - 0x00007ffeff9b8000 	C:\WINDOWS\System32\PSAPI.DLL

dbghelp: loaded successfully - version: 4.0.5 - missing functions: none
symbol engine: initialized successfully - sym options: 0x614 - pdb path: .;c:\Users\LENOVO\.vscode\extensions\redhat.java-1.29.0-win32-x64\jre\17.0.10-win32-x86_64\bin;C:\WINDOWS\SYSTEM32;C:\WINDOWS\WinSxS\amd64_microsoft.windows.common-controls_6595b64144ccf1df_6.0.22621.3235_none_270f74e173860f98;c:\Users\LENOVO\.vscode\extensions\redhat.java-1.29.0-win32-x64\jre\17.0.10-win32-x86_64\bin\server

VM Arguments:
jvm_args: -XX:+HeapDumpOnOutOfMemoryError -Xmx1024m -Dsts.lsp.client=vscode -Dsts.log.file=/dev/null -XX:TieredStopAtLevel=1 -Xlog:jni+resolve=off -Dspring.config.location=file:c:\Users\LENOVO\.vscode\extensions\vmware.vscode-spring-boot-1.53.0\language-server\BOOT-INF\classes\application.properties 
java_command: org.springframework.ide.vscode.boot.app.BootLanguageServerBootApp
java_class_path (initial): c:\Users\LENOVO\.vscode\extensions\vmware.vscode-spring-boot-1.53.0\language-server\BOOT-INF\classes;c:\Users\LENOVO\.vscode\extensions\vmware.vscode-spring-boot-1.53.0\language-server\BOOT-INF\lib\annotations-24.1.0.jar;c:\Users\LENOVO\.vscode\extensions\vmware.vscode-spring-boot-1.53.0\language-server\BOOT-INF\lib\antlr4-runtime-4.11.1.jar;c:\Users\LENOVO\.vscode\extensions\vmware.vscode-spring-boot-1.53.0\language-server\BOOT-INF\lib\asm-9.6.jar;c:\Users\LENOVO\.vscode\extensions\vmware.vscode-spring-boot-1.53.0\language-server\BOOT-INF\lib\asm-analysis-9.6.jar;c:\Users\LENOVO\.vscode\extensions\vmware.vscode-spring-boot-1.53.0\language-server\BOOT-INF\lib\asm-tree-9.6.jar;c:\Users\LENOVO\.vscode\extensions\vmware.vscode-spring-boot-1.53.0\language-server\BOOT-INF\lib\asm-util-9.6.jar;c:\Users\LENOVO\.vscode\extensions\vmware.vscode-spring-boot-1.53.0\language-server\BOOT-INF\lib\caffeine-3.1.8.jar;c:\Users\LENOVO\.vscode\extensions\vmware.vscode-spring-boot-1.53.0\language-server\BOOT-INF\lib\checker-qual-3.12.0.jar;c:\Users\LENOVO\.vscode\extensions\vmware.vscode-spring-boot-1.53.0\language-server\BOOT-INF\lib\classgraph-4.8.149.jar;c:\Users\LENOVO\.vscode\extensions\vmware.vscode-spring-boot-1.53.0\language-server\BOOT-INF\lib\commons-codec-1.16.1.jar;c:\Users\LENOVO\.vscode\extensions\vmware.vscode-spring-boot-1.53.0\language-server\BOOT-INF\lib\commons-compress-1.26.0.jar;c:\Users\LENOVO\.vscode\extensions\vmware.vscode-spring-boot-1.53.0\language-server\BOOT-INF\lib\commons-io-2.4.jar;c:\Users\LENOVO\.vscode\extensions\vmware.vscode-spring-boot-1.53.0\language-server\BOOT-INF\lib\commons-java-1.53.0-SNAPSHOT.jar;c:\Users\LENOVO\.vscode\extensions\vmware.vscode-spring-boot-1.53.0\language-server\BOOT-INF\lib\commons-lang3-3.13.0.jar;c:\Users\LENOVO\.vscode\extensions\vmware.vscode-spring-boot-1.53.0\language-server\BOOT-INF\lib\commons-language-server-1.53.0-SNAPSHOT.jar;c:\Users\LENOVO\.vscode\extensions\vmware.vscode-spring-boo
Launcher Type: SUN_STANDARD

[Global flags]
     intx CICompilerCount                          = 2                                         {product} {ergonomic}
     uint ConcGCThreads                            = 1                                         {product} {ergonomic}
     uint G1ConcRefinementThreads                  = 2                                         {product} {ergonomic}
   size_t G1HeapRegionSize                         = 1048576                                   {product} {ergonomic}
    uintx GCDrainStackTargetSize                   = 64                                        {product} {ergonomic}
     bool HeapDumpOnOutOfMemoryError               = true                                   {manageable} {command line}
   size_t InitialHeapSize                          = 100663296                                 {product} {ergonomic}
   size_t MarkStackSize                            = 4194304                                   {product} {ergonomic}
   size_t MaxHeapSize                              = 1073741824                                {product} {command line}
   size_t MaxNewSize                               = 643825664                                 {product} {ergonomic}
   size_t MinHeapDeltaBytes                        = 1048576                                   {product} {ergonomic}
   size_t MinHeapSize                              = 8388608                                   {product} {ergonomic}
    uintx NonProfiledCodeHeapSize                  = 0                                      {pd product} {ergonomic}
     bool ProfileInterpreter                       = false                                  {pd product} {command line}
    uintx ProfiledCodeHeapSize                     = 0                                      {pd product} {ergonomic}
   size_t SoftMaxHeapSize                          = 1073741824                             {manageable} {ergonomic}
     intx TieredStopAtLevel                        = 1                                         {product} {command line}
     bool UseCompressedClassPointers               = true                           {product lp64_product} {ergonomic}
     bool UseCompressedOops                        = true                           {product lp64_product} {ergonomic}
     bool UseG1GC                                  = true                                      {product} {ergonomic}
     bool UseLargePagesIndividualAllocation        = false                                  {pd product} {ergonomic}

Logging:
Log output configuration:
 #0: stdout all=warning,jni+resolve=off uptime,level,tags
 #1: stderr all=off uptime,level,tags

Environment Variables:
JAVA_HOME="C:\Program Files\Java\jdk-17"
PATH=D:\PINDAHAN C\jdk-17_windows-x64_bin (1).exe;C:\Program Files\Common Files\Oracle\Java\javapath;C:\Program Files (x86)\Common Files\Oracle\Java\javapath;C:\Program Files (x86)\Common Files\Intel\Shared Files\cpp\bin\Intel64;C:\WINDOWS\system32;C:\WINDOWS;C:\WINDOWS\System32\Wbem;C:\WINDOWS\System32\WindowsPowerShell\v1.0\;C:\WINDOWS\System32\OpenSSH\;C:\Users\LENOVO\MinGW\bin;D:\PINDAHAN C\PuTTY\;C:\Program Files\Git\cmd;;C:\Program Files\Docker\Docker\resources\bin;C:\Program Files\nodejs\;C:\Users\LENOVO\AppData\Local\Programs\Python\Python39\Scripts\;C:\Users\LENOVO\AppData\Local\Programs\Python\Python39\;C:\Users\LENOVO\AppData\Local\Microsoft\WindowsApps;C:\Users\LENOVO\AppData\Local\Programs\Microsoft VS Code\bin;C:\Users\LENOVO\MinGW\bin;C:\Users\LENOVO\flutter\bin;;C:\Users\LENOVO\AppData\Local\Programs\oh-my-posh\bin;D:\PINDAHAN C\IntelliJ IDEA 2023.2.1\bin;;D:\PINDAHAN C\IntelliJ IDEA Educational Edition 2022.2.2\bin;;C:\Users\LENOVO\AppData\Roaming\npm
USERNAME=LENOVO
OS=Windows_NT
PROCESSOR_IDENTIFIER=AMD64 Family 23 Model 32 Stepping 1, AuthenticAMD
TMP=C:\Users\LENOVO\AppData\Local\Temp
TEMP=C:\Users\LENOVO\AppData\Local\Temp



Periodic native trim disabled


---------------  S Y S T E M  ---------------

OS:
 Windows 11 , 64 bit Build 22621 (10.0.22621.3374)
OS uptime: 0 days 2:14 hours
Hyper-V role detected

CPU: total 2 (initial active 2) (2 cores per cpu, 1 threads per core) family 23 model 32 stepping 1 microcode 0x0, cx8, cmov, fxsr, mmx, 3dnowpref, sse, sse2, sse3, ssse3, sse4a, sse4.1, sse4.2, popcnt, lzcnt, tsc, tscinvbit, avx, avx2, aes, clmul, bmi1, bmi2, adx, sha, fma, vzeroupper, clflush, clflushopt, hv
Processor Information for all 2 processors :
  Max Mhz: 1200, Current Mhz: 1200, Mhz Limit: 1200

Memory: 4k page, system-wide physical 6020M (218M free)
TotalPageFile size 24452M (AvailPageFile size 6M)
current process WorkingSet (physical memory assigned to process): 50M, peak: 166M
current process commit charge ("private bytes"): 195M, peak: 198M

vm_info: OpenJDK 64-Bit Server VM (17.0.10+7) for windows-amd64 JRE (17.0.10+7), built on Jan 16 2024 23:25:11 by "admin" with MS VC++ 16.10 / 16.11 (VS2019)

END.
