#
# There is insufficient memory for the Java Runtime Environment to continue.
# Native memory allocation (malloc) failed to allocate 2097152 bytes for AllocateHeap
# Possible reasons:
#   The system is out of physical RAM or swap space
#   The process is running with CompressedOops enabled, and the Java Heap may be blocking the growth of the native heap
# Possible solutions:
#   Reduce memory load on the system
#   Increase physical memory or swap space
#   Check if swap backing store is full
#   Decrease Java heap size (-Xmx/-Xms)
#   Decrease number of Java threads
#   Decrease Java thread stack sizes (-Xss)
#   Set larger code cache with -XX:ReservedCodeCacheSize=
#   JVM is running with Unscaled Compressed Oops mode in which the Java heap is
#     placed in the first 4GB address space. The Java Heap base address is the
#     maximum limit for the native heap growth. Please use -XX:HeapBaseMinAddress
#     to set the Java Heap base and to place the Java Heap above 4GB virtual address.
# This output file may be truncated or incomplete.
#
#  Out of Memory Error (allocation.cpp:44), pid=151588, tid=163172
#
# JRE version: OpenJDK Runtime Environment Temurin-17.0.10+7 (17.0.10+7) (build 17.0.10+7)
# Java VM: OpenJDK 64-Bit Server VM Temurin-17.0.10+7 (17.0.10+7, mixed mode, emulated-client, tiered, compressed oops, compressed class ptrs, g1 gc, windows-amd64)
# No core dump will be written. Minidumps are not enabled by default on client versions of Windows
#

---------------  S U M M A R Y ------------

Command Line: -XX:+HeapDumpOnOutOfMemoryError -Xmx1024m -Dsts.lsp.client=vscode -Dsts.log.file=/dev/null -XX:TieredStopAtLevel=1 -Xlog:jni+resolve=off -Dspring.config.location=file:c:\Users\LENOVO\.vscode\extensions\vmware.vscode-spring-boot-1.53.0\language-server\BOOT-INF\classes\application.properties org.springframework.ide.vscode.boot.app.BootLanguageServerBootApp

Host: AMD 3020e with Radeon Graphics                 , 2 cores, 5G,  Windows 11 , 64 bit Build 22621 (10.0.22621.3235)
Time: Thu Apr 11 15:33:29 2024 SE Asia Standard Time elapsed time: 115.524289 seconds (0d 0h 1m 55s)

---------------  T H R E A D  ---------------

Current thread (0x00000226fe79ac70):  VMThread "VM Thread" [stack: 0x000000adf1400000,0x000000adf1500000] [id=163172]

Stack: [0x000000adf1400000,0x000000adf1500000]
Native frames: (J=compiled Java code, j=interpreted, Vv=VM code, C=native code)
V  [jvm.dll+0x67d2c9]
V  [jvm.dll+0x834afa]
V  [jvm.dll+0x8365be]
V  [jvm.dll+0x836c23]
V  [jvm.dll+0x2477ff]
V  [jvm.dll+0xa6c93]
V  [jvm.dll+0x2f86f1]
V  [jvm.dll+0x2f42e0]
V  [jvm.dll+0x2dc8c7]
V  [jvm.dll+0x31fb87]
V  [jvm.dll+0x83b11b]
V  [jvm.dll+0x83be61]
V  [jvm.dll+0x83c37d]
V  [jvm.dll+0x83c754]
V  [jvm.dll+0x83c820]
V  [jvm.dll+0x7e3fba]
V  [jvm.dll+0x67c1b5]
C  [ucrtbase.dll+0x29363]
C  [KERNEL32.DLL+0x1257d]
C  [ntdll.dll+0x5aa58]

VM_Operation (0x000000adf22fefe0): G1CollectFull, mode: safepoint, requested by thread 0x00000226ff3ce4a0


---------------  P R O C E S S  ---------------

Threads class SMR info:
_java_thread_list=0x00000226869df3e0, length=17, elements={
0x00000226fe7b0380, 0x00000226fe7b1110, 0x00000226fe7ef410, 0x00000226fe7f2d00,
0x00000226fe7f55e0, 0x00000226fe7f5eb0, 0x00000226fe7f8840, 0x00000226fe960430,
0x00000226feb31f00, 0x00000226feb386c0, 0x00000226ff3cd570, 0x00000226ff3ce4a0,
0x00000226ff3cda80, 0x00000226ff3ce9b0, 0x00000226ff3cdf90, 0x00000226ff3cd060,
0x0000022686163810
}

Java Threads: ( => current thread )
  0x00000226fe7b0380 JavaThread "Reference Handler" daemon [_thread_blocked, id=169240, stack(0x000000adf1500000,0x000000adf1600000)]
  0x00000226fe7b1110 JavaThread "Finalizer" daemon [_thread_blocked, id=168000, stack(0x000000adf1600000,0x000000adf1700000)]
  0x00000226fe7ef410 JavaThread "Signal Dispatcher" daemon [_thread_blocked, id=169860, stack(0x000000adf1700000,0x000000adf1800000)]
  0x00000226fe7f2d00 JavaThread "Attach Listener" daemon [_thread_blocked, id=11064, stack(0x000000adf1800000,0x000000adf1900000)]
  0x00000226fe7f55e0 JavaThread "Service Thread" daemon [_thread_blocked, id=166108, stack(0x000000adf1900000,0x000000adf1a00000)]
  0x00000226fe7f5eb0 JavaThread "Monitor Deflation Thread" daemon [_thread_blocked, id=168104, stack(0x000000adf1a00000,0x000000adf1b00000)]
  0x00000226fe7f8840 JavaThread "C1 CompilerThread0" daemon [_thread_blocked, id=169332, stack(0x000000adf1b00000,0x000000adf1c00000)]
  0x00000226fe960430 JavaThread "Sweeper thread" daemon [_thread_blocked, id=169412, stack(0x000000adf1c00000,0x000000adf1d00000)]
  0x00000226feb31f00 JavaThread "Notification Thread" daemon [_thread_blocked, id=169872, stack(0x000000adf1d00000,0x000000adf1e00000)]
  0x00000226feb386c0 JavaThread "Common-Cleaner" daemon [_thread_blocked, id=168700, stack(0x000000adf1f00000,0x000000adf2000000)]
  0x00000226ff3cd570 JavaThread "boundedElastic-evictor-1" daemon [_thread_blocked, id=170288, stack(0x000000adf2100000,0x000000adf2200000)]
  0x00000226ff3ce4a0 JavaThread "pool-13-thread-1" [_thread_blocked, id=170356, stack(0x000000adf2200000,0x000000adf2300000)]
  0x00000226ff3cda80 JavaThread "LanguageServerApp-lifecycle" [_thread_blocked, id=170400, stack(0x000000adf2300000,0x000000adf2400000)]
  0x00000226ff3ce9b0 JavaThread "DestroyJavaVM" [_thread_blocked, id=169148, stack(0x000000adf0e00000,0x000000adf0f00000)]
  0x00000226ff3cdf90 JavaThread "pool-14-thread-1" [_thread_in_native, id=170588, stack(0x000000adf2400000,0x000000adf2500000)]
  0x00000226ff3cd060 JavaThread "Simple-Language-Server main thread" daemon [_thread_blocked, id=170940, stack(0x000000adf2700000,0x000000adf2800000)]
  0x0000022686163810 JavaThread "pool-6-thread-1" [_thread_blocked, id=169144, stack(0x000000adf2800000,0x000000adf2900000)]

Other Threads:
=>0x00000226fe79ac70 VMThread "VM Thread" [stack: 0x000000adf1400000,0x000000adf1500000] [id=163172]
  0x00000226feb343f0 WatcherThread [stack: 0x000000adf1e00000,0x000000adf1f00000] [id=169676]
  0x00000226f4734b50 GCTaskThread "GC Thread#0" [stack: 0x000000adf0f00000,0x000000adf1000000] [id=167128]
  0x00000226fec47470 GCTaskThread "GC Thread#1" [stack: 0x000000adf2000000,0x000000adf2100000] [id=168748]
  0x00000226f473e9c0 ConcurrentGCThread "G1 Main Marker" [stack: 0x000000adf1000000,0x000000adf1100000] [id=160504]
  0x00000226f473f2f0 ConcurrentGCThread "G1 Conc#0" [stack: 0x000000adf1100000,0x000000adf1200000] [id=160336]
  0x00000226fe610090 ConcurrentGCThread "G1 Refine#0" [stack: 0x000000adf1200000,0x000000adf1300000] [id=168924]
  0x00000226fe6119e0 ConcurrentGCThread "G1 Service" [stack: 0x000000adf1300000,0x000000adf1400000] [id=151000]

Threads with active compile tasks:

VM state: at safepoint (normal execution)

VM Mutex/Monitor currently owned by a thread:  ([mutex/lock_event])
[0x00000226f450ad40] Threads_lock - owner thread: 0x00000226fe79ac70
[0x00000226f46f76e0] Heap_lock - owner thread: 0x00000226ff3ce4a0

Heap address: 0x00000000c0000000, size: 1024 MB, Compressed Oops mode: 32-bit

CDS archive(s) not mapped
Compressed class space mapped at: 0x0000000100000000-0x0000000140000000, reserved size: 1073741824
Narrow klass base: 0x0000000000000000, Narrow klass shift: 3, Narrow klass range: 0x140000000

GC Precious Log:
 CPUs: 2 total, 2 available
 Memory: 6020M
 Large Page Support: Disabled
 NUMA Support: Disabled
 Compressed Oops: Enabled (32-bit)
 Heap Region Size: 1M
 Heap Min Capacity: 8M
 Heap Initial Capacity: 96M
 Heap Max Capacity: 1G
 Pre-touch: Disabled
 Parallel Workers: 2
 Concurrent Workers: 1
 Concurrent Refinement Workers: 2
 Periodic GC: Disabled

Heap:
 garbage-first heap   total 75776K, used 42308K [0x00000000c0000000, 0x0000000100000000)
  region size 1024K, 17 young (17408K), 2 survivors (2048K)
 Metaspace       used 37875K, committed 38336K, reserved 1114112K
  class space    used 4943K, committed 5184K, reserved 1048576K

Heap Regions: E=young(eden), S=young(survivor), O=old, HS=humongous(starts), HC=humongous(continues), CS=collection set, F=free, OA=open archive, CA=closed archive, TAMS=top-at-mark-start (previous, next)
|   0|0x00000000c0000000, 0x00000000c0100000, 0x00000000c0100000|100%|HS|  |TAMS 0x00000000c0100000, 0x00000000c0000000| Complete 
|   1|0x00000000c0100000, 0x00000000c0200000, 0x00000000c0200000|100%|HC|  |TAMS 0x00000000c0200000, 0x00000000c0100000| Complete 
|   2|0x00000000c0200000, 0x00000000c0300000, 0x00000000c0300000|100%|HC|  |TAMS 0x00000000c0300000, 0x00000000c0200000| Complete 
|   3|0x00000000c0300000, 0x00000000c0400000, 0x00000000c0400000|100%|HC|  |TAMS 0x00000000c0400000, 0x00000000c0300000| Complete 
|   4|0x00000000c0400000, 0x00000000c0500000, 0x00000000c0500000|100%| O|  |TAMS 0x00000000c0500000, 0x00000000c0400000| Untracked 
|   5|0x00000000c0500000, 0x00000000c0600000, 0x00000000c0600000|100%| O|  |TAMS 0x00000000c0600000, 0x00000000c0500000| Untracked 
|   6|0x00000000c0600000, 0x00000000c0700000, 0x00000000c0700000|100%| O|  |TAMS 0x00000000c0700000, 0x00000000c0600000| Untracked 
|   7|0x00000000c0700000, 0x00000000c0800000, 0x00000000c0800000|100%| O|  |TAMS 0x00000000c0800000, 0x00000000c0700000| Untracked 
|   8|0x00000000c0800000, 0x00000000c0900000, 0x00000000c0900000|100%| O|  |TAMS 0x00000000c0900000, 0x00000000c0800000| Untracked 
|   9|0x00000000c0900000, 0x00000000c0a00000, 0x00000000c0a00000|100%|HS|  |TAMS 0x00000000c0a00000, 0x00000000c0900000| Complete 
|  10|0x00000000c0a00000, 0x00000000c0b00000, 0x00000000c0b00000|100%|HC|  |TAMS 0x00000000c0b00000, 0x00000000c0a00000| Complete 
|  11|0x00000000c0b00000, 0x00000000c0c00000, 0x00000000c0c00000|100%| O|  |TAMS 0x00000000c0c00000, 0x00000000c0b00000| Untracked 
|  12|0x00000000c0c00000, 0x00000000c0d00000, 0x00000000c0d00000|100%| O|  |TAMS 0x00000000c0d00000, 0x00000000c0c00000| Untracked 
|  13|0x00000000c0d00000, 0x00000000c0e00000, 0x00000000c0e00000|100%| O|  |TAMS 0x00000000c0e00000, 0x00000000c0d00000| Untracked 
|  14|0x00000000c0e00000, 0x00000000c0f00000, 0x00000000c0f00000|100%| O|  |TAMS 0x00000000c0f00000, 0x00000000c0e00000| Untracked 
|  15|0x00000000c0f00000, 0x00000000c1000000, 0x00000000c1000000|100%| O|  |TAMS 0x00000000c1000000, 0x00000000c0f00000| Untracked 
|  16|0x00000000c1000000, 0x00000000c1100000, 0x00000000c1100000|100%| O|  |TAMS 0x00000000c1100000, 0x00000000c1000000| Untracked 
|  17|0x00000000c1100000, 0x00000000c1200000, 0x00000000c1200000|100%| O|  |TAMS 0x00000000c1200000, 0x00000000c1100000| Untracked 
|  18|0x00000000c1200000, 0x00000000c1300000, 0x00000000c1300000|100%| O|  |TAMS 0x00000000c1300000, 0x00000000c1200000| Untracked 
|  19|0x00000000c1300000, 0x00000000c1308c00, 0x00000000c1400000|  3%| O|  |TAMS 0x00000000c1308c00, 0x00000000c1300000| Untracked 
|  20|0x00000000c1400000, 0x00000000c1500000, 0x00000000c1500000|100%| O|  |TAMS 0x00000000c1500000, 0x00000000c1400000| Untracked 
|  21|0x00000000c1500000, 0x00000000c1600000, 0x00000000c1600000|100%| O|  |TAMS 0x00000000c1600000, 0x00000000c1500000| Untracked 
|  22|0x00000000c1600000, 0x00000000c1700000, 0x00000000c1700000|100%| O|  |TAMS 0x00000000c1700000, 0x00000000c1600000| Untracked 
|  23|0x00000000c1700000, 0x00000000c1800000, 0x00000000c1800000|100%| O|  |TAMS 0x00000000c17b2c00, 0x00000000c1700000| Untracked 
|  24|0x00000000c1800000, 0x00000000c1900000, 0x00000000c1900000|100%| O|  |TAMS 0x00000000c1800000, 0x00000000c1800000| Untracked 
|  25|0x00000000c1900000, 0x00000000c1a00000, 0x00000000c1a00000|100%| O|  |TAMS 0x00000000c1900000, 0x00000000c1900000| Untracked 
|  26|0x00000000c1a00000, 0x00000000c1a4a000, 0x00000000c1b00000| 28%| O|  |TAMS 0x00000000c1a00000, 0x00000000c1a00000| Untracked 
|  27|0x00000000c1b00000, 0x00000000c1b00000, 0x00000000c1c00000|  0%| F|  |TAMS 0x00000000c1b00000, 0x00000000c1b00000| Untracked 
|  28|0x00000000c1c00000, 0x00000000c1c00000, 0x00000000c1d00000|  0%| F|  |TAMS 0x00000000c1c00000, 0x00000000c1c00000| Untracked 
|  29|0x00000000c1d00000, 0x00000000c1d00000, 0x00000000c1e00000|  0%| F|  |TAMS 0x00000000c1d00000, 0x00000000c1d00000| Untracked 
|  30|0x00000000c1e00000, 0x00000000c1e00000, 0x00000000c1f00000|  0%| F|  |TAMS 0x00000000c1e00000, 0x00000000c1e00000| Untracked 
|  31|0x00000000c1f00000, 0x00000000c1f00000, 0x00000000c2000000|  0%| F|  |TAMS 0x00000000c1f00000, 0x00000000c1f00000| Untracked 
|  32|0x00000000c2000000, 0x00000000c2000000, 0x00000000c2100000|  0%| F|  |TAMS 0x00000000c2000000, 0x00000000c2000000| Untracked 
|  33|0x00000000c2100000, 0x00000000c2100000, 0x00000000c2200000|  0%| F|  |TAMS 0x00000000c2100000, 0x00000000c2100000| Untracked 
|  34|0x00000000c2200000, 0x00000000c2200000, 0x00000000c2300000|  0%| F|  |TAMS 0x00000000c2200000, 0x00000000c2200000| Untracked 
|  35|0x00000000c2300000, 0x00000000c2300000, 0x00000000c2400000|  0%| F|  |TAMS 0x00000000c2300000, 0x00000000c2300000| Untracked 
|  36|0x00000000c2400000, 0x00000000c2400000, 0x00000000c2500000|  0%| F|  |TAMS 0x00000000c2400000, 0x00000000c2400000| Untracked 
|  37|0x00000000c2500000, 0x00000000c2500000, 0x00000000c2600000|  0%| F|  |TAMS 0x00000000c2500000, 0x00000000c2500000| Untracked 
|  38|0x00000000c2600000, 0x00000000c2600000, 0x00000000c2700000|  0%| F|  |TAMS 0x00000000c2600000, 0x00000000c2600000| Untracked 
|  39|0x00000000c2700000, 0x00000000c2700000, 0x00000000c2800000|  0%| F|  |TAMS 0x00000000c2700000, 0x00000000c2700000| Untracked 
|  40|0x00000000c2800000, 0x00000000c2800000, 0x00000000c2900000|  0%| F|  |TAMS 0x00000000c2800000, 0x00000000c2800000| Untracked 
|  41|0x00000000c2900000, 0x00000000c2900000, 0x00000000c2a00000|  0%| F|  |TAMS 0x00000000c2900000, 0x00000000c2900000| Untracked 
|  42|0x00000000c2a00000, 0x00000000c2a00000, 0x00000000c2b00000|  0%| F|  |TAMS 0x00000000c2a00000, 0x00000000c2a00000| Untracked 
|  43|0x00000000c2b00000, 0x00000000c2b00000, 0x00000000c2c00000|  0%| F|  |TAMS 0x00000000c2b00000, 0x00000000c2b00000| Untracked 
|  44|0x00000000c2c00000, 0x00000000c2c00000, 0x00000000c2d00000|  0%| F|  |TAMS 0x00000000c2c00000, 0x00000000c2c00000| Untracked 
|  45|0x00000000c2d00000, 0x00000000c2d00000, 0x00000000c2e00000|  0%| F|  |TAMS 0x00000000c2d00000, 0x00000000c2d00000| Untracked 
|  46|0x00000000c2e00000, 0x00000000c2e00000, 0x00000000c2f00000|  0%| F|  |TAMS 0x00000000c2e00000, 0x00000000c2e00000| Untracked 
|  47|0x00000000c2f00000, 0x00000000c2f00000, 0x00000000c3000000|  0%| F|  |TAMS 0x00000000c2f00000, 0x00000000c2f00000| Untracked 
|  48|0x00000000c3000000, 0x00000000c3000000, 0x00000000c3100000|  0%| F|  |TAMS 0x00000000c3000000, 0x00000000c3000000| Untracked 
|  49|0x00000000c3100000, 0x00000000c3100000, 0x00000000c3200000|  0%| F|  |TAMS 0x00000000c3100000, 0x00000000c3100000| Untracked 
|  50|0x00000000c3200000, 0x00000000c3200000, 0x00000000c3300000|  0%| F|  |TAMS 0x00000000c3200000, 0x00000000c3200000| Untracked 
|  51|0x00000000c3300000, 0x00000000c3300000, 0x00000000c3400000|  0%| F|  |TAMS 0x00000000c3300000, 0x00000000c3300000| Untracked 
|  52|0x00000000c3400000, 0x00000000c34fe760, 0x00000000c3500000| 99%| S|CS|TAMS 0x00000000c3400000, 0x00000000c3400000| Complete 
|  53|0x00000000c3500000, 0x00000000c3600000, 0x00000000c3600000|100%| S|CS|TAMS 0x00000000c3500000, 0x00000000c3500000| Complete 
|  54|0x00000000c3600000, 0x00000000c3600000, 0x00000000c3700000|  0%| F|  |TAMS 0x00000000c3600000, 0x00000000c3600000| Untracked 
|  55|0x00000000c3700000, 0x00000000c3700000, 0x00000000c3800000|  0%| F|  |TAMS 0x00000000c3700000, 0x00000000c3700000| Untracked 
|  56|0x00000000c3800000, 0x00000000c3800000, 0x00000000c3900000|  0%| F|  |TAMS 0x00000000c3800000, 0x00000000c3800000| Untracked 
|  57|0x00000000c3900000, 0x00000000c3900000, 0x00000000c3a00000|  0%| F|  |TAMS 0x00000000c3900000, 0x00000000c3900000| Untracked 
|  58|0x00000000c3a00000, 0x00000000c3a00000, 0x00000000c3b00000|  0%| F|  |TAMS 0x00000000c3a00000, 0x00000000c3a00000| Untracked 
|  59|0x00000000c3b00000, 0x00000000c3b59550, 0x00000000c3c00000| 34%| E|  |TAMS 0x00000000c3b00000, 0x00000000c3b00000| Complete 
|  60|0x00000000c3c00000, 0x00000000c3d00000, 0x00000000c3d00000|100%| E|CS|TAMS 0x00000000c3c00000, 0x00000000c3c00000| Complete 
|  61|0x00000000c3d00000, 0x00000000c3e00000, 0x00000000c3e00000|100%| E|CS|TAMS 0x00000000c3d00000, 0x00000000c3d00000| Complete 
|  62|0x00000000c3e00000, 0x00000000c3f00000, 0x00000000c3f00000|100%| E|CS|TAMS 0x00000000c3e00000, 0x00000000c3e00000| Complete 
|  63|0x00000000c3f00000, 0x00000000c4000000, 0x00000000c4000000|100%| E|CS|TAMS 0x00000000c3f00000, 0x00000000c3f00000| Complete 
|  64|0x00000000c4000000, 0x00000000c4100000, 0x00000000c4100000|100%| E|CS|TAMS 0x00000000c4000000, 0x00000000c4000000| Complete 
|  65|0x00000000c4100000, 0x00000000c4200000, 0x00000000c4200000|100%| E|CS|TAMS 0x00000000c4100000, 0x00000000c4100000| Complete 
|  66|0x00000000c4200000, 0x00000000c4300000, 0x00000000c4300000|100%| E|CS|TAMS 0x00000000c4200000, 0x00000000c4200000| Complete 
|  67|0x00000000c4300000, 0x00000000c4400000, 0x00000000c4400000|100%| E|CS|TAMS 0x00000000c4300000, 0x00000000c4300000| Complete 
|  68|0x00000000c4400000, 0x00000000c4500000, 0x00000000c4500000|100%| E|CS|TAMS 0x00000000c4400000, 0x00000000c4400000| Complete 
|  69|0x00000000c4500000, 0x00000000c4600000, 0x00000000c4600000|100%| E|CS|TAMS 0x00000000c4500000, 0x00000000c4500000| Complete 
|  70|0x00000000c4600000, 0x00000000c4700000, 0x00000000c4700000|100%| E|CS|TAMS 0x00000000c4600000, 0x00000000c4600000| Complete 
|  71|0x00000000c4700000, 0x00000000c4800000, 0x00000000c4800000|100%| E|CS|TAMS 0x00000000c4700000, 0x00000000c4700000| Complete 
|  90|0x00000000c5a00000, 0x00000000c5b00000, 0x00000000c5b00000|100%| E|CS|TAMS 0x00000000c5a00000, 0x00000000c5a00000| Complete 
|  95|0x00000000c5f00000, 0x00000000c6000000, 0x00000000c6000000|100%| E|CS|TAMS 0x00000000c5f00000, 0x00000000c5f00000| Complete 

Card table byte_map: [0x00000226fbfb0000,0x00000226fc1b0000] _byte_map_base: 0x00000226fb9b0000

Marking Bits (Prev, Next): (CMBitMap*) 0x00000226f4736090, (CMBitMap*) 0x00000226f47360d0
 Prev Bits: [0x00000226fc3b0000, 0x00000226fd3b0000)
 Next Bits: [0x00000226fd3b0000, 0x00000226fe3b0000)

Polling page: 0x00000226f44b0000

Metaspace:

Usage:
  Non-class:     32.16 MB used.
      Class:      4.83 MB used.
       Both:     36.99 MB used.

Virtual space:
  Non-class space:       64.00 MB reserved,      32.38 MB ( 51%) committed,  1 nodes.
      Class space:        1.00 GB reserved,       5.06 MB ( <1%) committed,  1 nodes.
             Both:        1.06 GB reserved,      37.44 MB (  3%) committed. 

Chunk freelists:
   Non-Class:  15.59 MB
       Class:  10.94 MB
        Both:  26.53 MB

MaxMetaspaceSize: unlimited
CompressedClassSpaceSize: 1.00 GB
Initial GC threshold: 21.00 MB
Current GC threshold: 58.88 MB
CDS: off
MetaspaceReclaimPolicy: balanced
 - commit_granule_bytes: 65536.
 - commit_granule_words: 8192.
 - virtual_space_node_default_size: 8388608.
 - enlarge_chunks_in_place: 1.
 - new_chunks_are_fully_committed: 0.
 - uncommit_free_chunks: 1.
 - use_allocation_guard: 0.
 - handle_deallocations: 1.


Internal statistics:

num_allocs_failed_limit: 6.
num_arena_births: 482.
num_arena_deaths: 16.
num_vsnodes_births: 2.
num_vsnodes_deaths: 0.
num_space_committed: 599.
num_space_uncommitted: 0.
num_chunks_returned_to_freelist: 23.
num_chunks_taken_from_freelist: 1598.
num_chunk_merges: 7.
num_chunk_splits: 1092.
num_chunks_enlarged: 833.
num_inconsistent_stats: 0.

CodeCache: size=49152Kb used=6509Kb max_used=6509Kb free=42642Kb
 bounds [0x00000226f8b30000, 0x00000226f9190000, 0x00000226fbb30000]
 total_blobs=4019 nmethods=3476 adapters=469
 compilation: enabled
              stopped_count=0, restarted_count=0
 full_count=0

Compilation events (20 events):
Event: 65.107 Thread 0x00000226fe7f8840 3472       1       java.lang.reflect.Field::get (29 bytes)
Event: 65.108 Thread 0x00000226fe7f8840 nmethod 3472 0x00000226f9187c10 code [0x00000226f9187de0, 0x00000226f9187fd8]
Event: 65.108 Thread 0x00000226fe7f8840 3473       1       com.google.gson.stream.JsonWriter::name (46 bytes)
Event: 65.108 Thread 0x00000226fe7f8840 nmethod 3473 0x00000226f9188110 code [0x00000226f91882e0, 0x00000226f91885e8]
Event: 65.108 Thread 0x00000226fe7f8840 3474       1       java.lang.invoke.Invokers$Holder::linkToTargetMethod (9 bytes)
Event: 65.108 Thread 0x00000226fe7f8840 nmethod 3474 0x00000226f9188710 code [0x00000226f91888c0, 0x00000226f91889d8]
Event: 65.109 Thread 0x00000226fe7f8840 3475   !   1       java.lang.invoke.BoundMethodHandle$Species_L::copyWithExtendL (31 bytes)
Event: 65.110 Thread 0x00000226fe7f8840 nmethod 3475 0x00000226f9188a90 code [0x00000226f9188c80, 0x00000226f9189008]
Event: 65.116 Thread 0x00000226fe7f8840 3476       1       java.time.temporal.ChronoField::range (5 bytes)
Event: 65.116 Thread 0x00000226fe7f8840 nmethod 3476 0x00000226f9189290 code [0x00000226f9189420, 0x00000226f91894f8]
Event: 68.499 Thread 0x00000226fe7f8840 3477       1       com.google.gson.stream.JsonReader::nextName (116 bytes)
Event: 68.500 Thread 0x00000226fe7f8840 nmethod 3477 0x00000226f9189590 code [0x00000226f91897e0, 0x00000226f9189dc8]
Event: 68.500 Thread 0x00000226fe7f8840 3478       1       jdk.internal.reflect.DelegatingMethodAccessorImpl::setDelegate (6 bytes)
Event: 68.500 Thread 0x00000226fe7f8840 nmethod 3478 0x00000226f918a110 code [0x00000226f918a2a0, 0x00000226f918a3b8]
Event: 68.648 Thread 0x00000226fe7f8840 3479       1       java.lang.Long::longValue (5 bytes)
Event: 68.648 Thread 0x00000226fe7f8840 nmethod 3479 0x00000226f918a410 code [0x00000226f918a5a0, 0x00000226f918a678]
Event: 68.969 Thread 0x00000226fe7f8840 3480       1       com.google.common.base.Preconditions::checkNotNull (14 bytes)
Event: 68.969 Thread 0x00000226fe7f8840 nmethod 3480 0x00000226f918a710 code [0x00000226f918a8a0, 0x00000226f918a9c8]
Event: 105.467 Thread 0x00000226fe7f8840 3483       1       java.util.List::of (9 bytes)
Event: 105.467 Thread 0x00000226fe7f8840 nmethod 3483 0x00000226f918b090 code [0x00000226f918b240, 0x00000226f918b4a8]

GC Heap History (18 events):
Event: 3.633 GC heap before
{Heap before GC invocations=0 (full 0):
 garbage-first heap   total 98304K, used 9216K [0x00000000c0000000, 0x0000000100000000)
  region size 1024K, 6 young (6144K), 0 survivors (0K)
 Metaspace       used 4318K, committed 4480K, reserved 1114112K
  class space    used 420K, committed 512K, reserved 1048576K
}
Event: 3.760 GC heap after
{Heap after GC invocations=1 (full 0):
 garbage-first heap   total 98304K, used 7970K [0x00000000c0000000, 0x0000000100000000)
  region size 1024K, 1 young (1024K), 1 survivors (1024K)
 Metaspace       used 4318K, committed 4480K, reserved 1114112K
  class space    used 420K, committed 512K, reserved 1048576K
}
Event: 3.971 GC heap before
{Heap before GC invocations=1 (full 0):
 garbage-first heap   total 98304K, used 10018K [0x00000000c0000000, 0x0000000100000000)
  region size 1024K, 4 young (4096K), 1 survivors (1024K)
 Metaspace       used 4318K, committed 4480K, reserved 1114112K
  class space    used 420K, committed 512K, reserved 1048576K
}
Event: 3.975 GC heap after
{Heap after GC invocations=2 (full 0):
 garbage-first heap   total 98304K, used 9680K [0x00000000c0000000, 0x0000000100000000)
  region size 1024K, 1 young (1024K), 1 survivors (1024K)
 Metaspace       used 4318K, committed 4480K, reserved 1114112K
  class space    used 420K, committed 512K, reserved 1048576K
}
Event: 5.866 GC heap before
{Heap before GC invocations=2 (full 0):
 garbage-first heap   total 98304K, used 16848K [0x00000000c0000000, 0x0000000100000000)
  region size 1024K, 7 young (7168K), 1 survivors (1024K)
 Metaspace       used 6559K, committed 6656K, reserved 1114112K
  class space    used 652K, committed 704K, reserved 1048576K
}
Event: 5.870 GC heap after
{Heap after GC invocations=3 (full 0):
 garbage-first heap   total 98304K, used 15210K [0x00000000c0000000, 0x0000000100000000)
  region size 1024K, 1 young (1024K), 1 survivors (1024K)
 Metaspace       used 6559K, committed 6656K, reserved 1114112K
  class space    used 652K, committed 704K, reserved 1048576K
}
Event: 7.497 GC heap before
{Heap before GC invocations=3 (full 0):
 garbage-first heap   total 98304K, used 26474K [0x00000000c0000000, 0x0000000100000000)
  region size 1024K, 12 young (12288K), 1 survivors (1024K)
 Metaspace       used 9359K, committed 9600K, reserved 1114112K
  class space    used 1110K, committed 1216K, reserved 1048576K
}
Event: 7.501 GC heap after
{Heap after GC invocations=4 (full 0):
 garbage-first heap   total 98304K, used 15847K [0x00000000c0000000, 0x0000000100000000)
  region size 1024K, 2 young (2048K), 2 survivors (2048K)
 Metaspace       used 9359K, committed 9600K, reserved 1114112K
  class space    used 1110K, committed 1216K, reserved 1048576K
}
Event: 13.029 GC heap before
{Heap before GC invocations=4 (full 0):
 garbage-first heap   total 98304K, used 60903K [0x00000000c0000000, 0x0000000100000000)
  region size 1024K, 47 young (48128K), 2 survivors (2048K)
 Metaspace       used 20082K, committed 20352K, reserved 1114112K
  class space    used 2482K, committed 2624K, reserved 1048576K
}
Event: 13.047 GC heap after
{Heap after GC invocations=5 (full 0):
 garbage-first heap   total 98304K, used 19566K [0x00000000c0000000, 0x0000000100000000)
  region size 1024K, 6 young (6144K), 6 survivors (6144K)
 Metaspace       used 20082K, committed 20352K, reserved 1114112K
  class space    used 2482K, committed 2624K, reserved 1048576K
}
Event: 14.346 GC heap before
{Heap before GC invocations=5 (full 0):
 garbage-first heap   total 98304K, used 23662K [0x00000000c0000000, 0x0000000100000000)
  region size 1024K, 11 young (11264K), 6 survivors (6144K)
 Metaspace       used 21285K, committed 21504K, reserved 1114112K
  class space    used 2620K, committed 2752K, reserved 1048576K
}
Event: 14.360 GC heap after
{Heap after GC invocations=6 (full 0):
 garbage-first heap   total 98304K, used 20515K [0x00000000c0000000, 0x0000000100000000)
  region size 1024K, 1 young (1024K), 1 survivors (1024K)
 Metaspace       used 21285K, committed 21504K, reserved 1114112K
  class space    used 2620K, committed 2752K, reserved 1048576K
}
Event: 24.432 GC heap before
{Heap before GC invocations=7 (full 0):
 garbage-first heap   total 75776K, used 60451K [0x00000000c0000000, 0x0000000100000000)
  region size 1024K, 41 young (41984K), 1 survivors (1024K)
 Metaspace       used 28091K, committed 28416K, reserved 1114112K
  class space    used 3512K, committed 3648K, reserved 1048576K
}
Event: 24.443 GC heap after
{Heap after GC invocations=8 (full 0):
 garbage-first heap   total 75776K, used 23309K [0x00000000c0000000, 0x0000000100000000)
  region size 1024K, 4 young (4096K), 4 survivors (4096K)
 Metaspace       used 28091K, committed 28416K, reserved 1114112K
  class space    used 3512K, committed 3648K, reserved 1048576K
}
Event: 35.989 GC heap before
{Heap before GC invocations=8 (full 0):
 garbage-first heap   total 75776K, used 50957K [0x00000000c0000000, 0x0000000100000000)
  region size 1024K, 32 young (32768K), 4 survivors (4096K)
 Metaspace       used 32073K, committed 32512K, reserved 1114112K
  class space    used 4071K, committed 4288K, reserved 1048576K
}
Event: 36.006 GC heap after
{Heap after GC invocations=9 (full 0):
 garbage-first heap   total 75776K, used 27374K [0x00000000c0000000, 0x0000000100000000)
  region size 1024K, 4 young (4096K), 4 survivors (4096K)
 Metaspace       used 32073K, committed 32512K, reserved 1114112K
  class space    used 4071K, committed 4288K, reserved 1048576K
}
Event: 52.545 GC heap before
{Heap before GC invocations=9 (full 0):
 garbage-first heap   total 75776K, used 45806K [0x00000000c0000000, 0x0000000100000000)
  region size 1024K, 24 young (24576K), 4 survivors (4096K)
 Metaspace       used 35716K, committed 36096K, reserved 1114112K
  class space    used 4595K, committed 4800K, reserved 1048576K
}
Event: 52.554 GC heap after
{Heap after GC invocations=10 (full 0):
 garbage-first heap   total 75776K, used 27972K [0x00000000c0000000, 0x0000000100000000)
  region size 1024K, 2 young (2048K), 2 survivors (2048K)
 Metaspace       used 35716K, committed 36096K, reserved 1114112K
  class space    used 4595K, committed 4800K, reserved 1048576K
}

Dll operation events (8 events):
Event: 0.018 Loaded shared library c:\Users\LENOVO\.vscode\extensions\redhat.java-1.28.1-win32-x64\jre\17.0.10-win32-x86_64\bin\java.dll
Event: 1.715 Loaded shared library C:\Users\LENOVO\.vscode\extensions\redhat.java-1.28.1-win32-x64\jre\17.0.10-win32-x86_64\bin\net.dll
Event: 1.721 Loaded shared library C:\Users\LENOVO\.vscode\extensions\redhat.java-1.28.1-win32-x64\jre\17.0.10-win32-x86_64\bin\nio.dll
Event: 1.742 Loaded shared library C:\Users\LENOVO\.vscode\extensions\redhat.java-1.28.1-win32-x64\jre\17.0.10-win32-x86_64\bin\zip.dll
Event: 4.750 Loaded shared library C:\Users\LENOVO\.vscode\extensions\redhat.java-1.28.1-win32-x64\jre\17.0.10-win32-x86_64\bin\jimage.dll
Event: 12.861 Loaded shared library c:\Users\LENOVO\.vscode\extensions\redhat.java-1.28.1-win32-x64\jre\17.0.10-win32-x86_64\bin\verify.dll
Event: 53.095 Loaded shared library C:\Users\LENOVO\.vscode\extensions\redhat.java-1.28.1-win32-x64\jre\17.0.10-win32-x86_64\bin\management.dll
Event: 53.107 Loaded shared library C:\Users\LENOVO\.vscode\extensions\redhat.java-1.28.1-win32-x64\jre\17.0.10-win32-x86_64\bin\management_ext.dll

Deoptimization events (4 events):
Event: 68.501 Thread 0x00000226ff3cdf90 DEOPT PACKING pc=0x00000226f8f27401 sp=0x000000adf24fdae0
Event: 68.501 Thread 0x00000226ff3cdf90 DEOPT UNPACKING pc=0x00000226f8b87143 sp=0x000000adf24fcf70 mode 3
Event: 71.128 Thread 0x00000226ff3cd060 DEOPT PACKING pc=0x00000226f8f06397 sp=0x000000adf27ff3e0
Event: 71.128 Thread 0x00000226ff3cd060 DEOPT UNPACKING pc=0x00000226f8b87143 sp=0x000000adf27fe838 mode 3

Classes unloaded (8 events):
Event: 52.584 Thread 0x00000226fe79ac70 Unloading class 0x000000010008ac00 'java/lang/invoke/LambdaForm$MH+0x000000010008ac00'
Event: 52.584 Thread 0x00000226fe79ac70 Unloading class 0x000000010008a400 'java/lang/invoke/LambdaForm$MH+0x000000010008a400'
Event: 52.584 Thread 0x00000226fe79ac70 Unloading class 0x000000010008a000 'java/lang/invoke/LambdaForm$MH+0x000000010008a000'
Event: 52.584 Thread 0x00000226fe79ac70 Unloading class 0x0000000100089c00 'java/lang/invoke/LambdaForm$MH+0x0000000100089c00'
Event: 52.584 Thread 0x00000226fe79ac70 Unloading class 0x0000000100089800 'java/lang/invoke/LambdaForm$MH+0x0000000100089800'
Event: 52.584 Thread 0x00000226fe79ac70 Unloading class 0x0000000100089400 'java/lang/invoke/LambdaForm$MH+0x0000000100089400'
Event: 52.584 Thread 0x00000226fe79ac70 Unloading class 0x0000000100088c00 'java/lang/invoke/LambdaForm$MH+0x0000000100088c00'
Event: 52.584 Thread 0x00000226fe79ac70 Unloading class 0x0000000100088400 'java/lang/invoke/LambdaForm$MH+0x0000000100088400'

Classes redefined (0 events):
No events

Internal exceptions (20 events):
Event: 25.047 Thread 0x00000226f46f8ec0 Exception <a 'java/lang/NoSuchMethodError'{0x00000000c43c2380}: 'int java.lang.invoke.Invokers$Holder.linkToTargetMethod(java.lang.Object, java.lang.Object)'> (0x00000000c43c2380) 
thrown [s\src\hotspot\share\interpreter\linkResolver.cpp, line 759]
Event: 25.133 Thread 0x00000226f46f8ec0 Exception <a 'java/lang/NoSuchMethodError'{0x00000000c42b16d0}: 'java.lang.Object java.lang.invoke.DirectMethodHandle$Holder.invokeSpecial(java.lang.Object, java.lang.Object, java.lang.Object, java.lang.Object, java.lang.Object, java.lang.Object, java.lang.Object, java.lang.Object, java.lang.Object, java.lang.Object)'> (0x00000000c42b16d0) 
thrown [s\src\hotspot\share\interpreter\linkResolver.cpp, line 759]
Event: 25.134 Thread 0x00000226f46f8ec0 Exception <a 'java/lang/NoSuchMethodError'{0x00000000c42b5cb8}: 'java.lang.Object java.lang.invoke.Invokers$Holder.invoke_MT(java.lang.Object, java.lang.Object, java.lang.Object, java.lang.Object, java.lang.Object, java.lang.Object, java.lang.Object, java.lang.Object, java.lang.Object, java.lang.Object)'> (0x00000000c42b5cb8) 
thrown [s\src\hotspot\share\interpreter\linkResolver.cpp, line 759]
Event: 25.144 Thread 0x00000226f46f8ec0 Exception <a 'java/lang/NoSuchMethodError'{0x00000000c42fd018}: 'java.lang.Object java.lang.invoke.DirectMethodHandle$Holder.invokeSpecial(java.lang.Object, java.lang.Object, int, java.lang.Object, java.lang.Object)'> (0x00000000c42fd018) 
thrown [s\src\hotspot\share\interpreter\linkResolver.cpp, line 759]
Event: 25.144 Thread 0x00000226f46f8ec0 Exception <a 'java/lang/NoSuchMethodError'{0x00000000c4101028}: 'java.lang.Object java.lang.invoke.DelegatingMethodHandle$Holder.delegate(java.lang.Object, int, java.lang.Object, java.lang.Object)'> (0x00000000c4101028) 
thrown [s\src\hotspot\share\interpreter\linkResolver.cpp, line 759]
Event: 25.145 Thread 0x00000226f46f8ec0 Exception <a 'java/lang/NoSuchMethodError'{0x00000000c4111eb0}: 'int java.lang.invoke.Invokers$Holder.linkToTargetMethod(java.lang.Object, java.lang.Object, java.lang.Object)'> (0x00000000c4111eb0) 
thrown [s\src\hotspot\share\interpreter\linkResolver.cpp, line 759]
Event: 27.982 Thread 0x00000226f46f8ec0 Exception <a 'java/lang/NoSuchMethodError'{0x00000000c3d98088}: 'java.lang.Object java.lang.invoke.DirectMethodHandle$Holder.invokeStaticInit(java.lang.Object, int, int, int, int)'> (0x00000000c3d98088) 
thrown [s\src\hotspot\share\interpreter\linkResolver.cpp, line 759]
Event: 29.104 Thread 0x00000226f46f8ec0 Exception <a 'java/lang/NoSuchMethodError'{0x00000000c3c7ed78}: 'java.lang.Object java.lang.invoke.DirectMethodHandle$Holder.invokeStaticInit(java.lang.Object, java.lang.Object, int, int, int, int)'> (0x00000000c3c7ed78) 
thrown [s\src\hotspot\share\interpreter\linkResolver.cpp, line 759]
Event: 33.981 Thread 0x00000226f46f8ec0 Exception <a 'java/lang/NoSuchMethodError'{0x00000000c34c1748}: 'void java.lang.invoke.DirectMethodHandle$Holder.invokeSpecialIFC(java.lang.Object, java.lang.Object, java.lang.Object)'> (0x00000000c34c1748) 
thrown [s\src\hotspot\share\interpreter\linkResolver.cpp, line 759]
Event: 45.133 Thread 0x00000226f46f8ec0 Exception <a 'java/lang/NoSuchMethodError'{0x00000000c3f817d8}: 'int java.lang.invoke.DirectMethodHandle$Holder.invokeStaticInit(java.lang.Object, java.lang.Object, int, java.lang.Object)'> (0x00000000c3f817d8) 
thrown [s\src\hotspot\share\interpreter\linkResolver.cpp, line 759]
Event: 47.057 Thread 0x00000226f46f8ec0 Exception <a 'java/lang/NoSuchMethodError'{0x00000000c3e924f0}: 'void java.lang.invoke.DirectMethodHandle$Holder.invokeSpecial(java.lang.Object, java.lang.Object, java.lang.Object, java.lang.Object, java.lang.Object, java.lang.Object, java.lang.Object)'> (0x00000000c3e924f0) 
thrown [s\src\hotspot\share\interpreter\linkResolver.cpp, line 759]
Event: 49.334 Thread 0x00000226f46f8ec0 Exception <a 'java/lang/NoSuchMethodError'{0x00000000c3927788}: 'java.lang.Object java.lang.invoke.DirectMethodHandle$Holder.invokeInterface(java.lang.Object, java.lang.Object, int)'> (0x00000000c3927788) 
thrown [s\src\hotspot\share\interpreter\linkResolver.cpp, line 759]
Event: 49.348 Thread 0x00000226f46f8ec0 Exception <a 'java/lang/IncompatibleClassChangeError'{0x00000000c393e080}: Found class java.lang.Object, but interface was expected> (0x00000000c393e080) 
thrown [s\src\hotspot\share\interpreter\linkResolver.cpp, line 826]
Event: 52.966 Thread 0x00000226f46f8ec0 Exception <a 'java/lang/NoSuchMethodError'{0x00000000c47c3d38}: 'java.lang.Object java.lang.invoke.DirectMethodHandle$Holder.newInvokeSpecial(java.lang.Object, java.lang.Object, int, java.lang.Object, java.lang.Object)'> (0x00000000c47c3d38) 
thrown [s\src\hotspot\share\interpreter\linkResolver.cpp, line 759]
Event: 52.968 Thread 0x00000226f46f8ec0 Exception <a 'java/lang/NoSuchMethodError'{0x00000000c47d6e70}: 'java.lang.Object java.lang.invoke.DirectMethodHandle$Holder.invokeSpecial(java.lang.Object, java.lang.Object, int, java.lang.Object, int, java.lang.Object)'> (0x00000000c47d6e70) 
thrown [s\src\hotspot\share\interpreter\linkResolver.cpp, line 759]
Event: 52.968 Thread 0x00000226f46f8ec0 Exception <a 'java/lang/NoSuchMethodError'{0x00000000c47dec78}: 'java.lang.Object java.lang.invoke.DirectMethodHandle$Holder.newInvokeSpecial(java.lang.Object, java.lang.Object, int, java.lang.Object, int)'> (0x00000000c47dec78) 
thrown [s\src\hotspot\share\interpreter\linkResolver.cpp, line 759]
Event: 52.969 Thread 0x00000226f46f8ec0 Exception <a 'java/lang/NoSuchMethodError'{0x00000000c47e2d78}: 'java.lang.Object java.lang.invoke.DirectMethodHandle$Holder.invokeSpecial(java.lang.Object, java.lang.Object, java.lang.Object, int, java.lang.Object, int)'> (0x00000000c47e2d78) 
thrown [s\src\hotspot\share\interpreter\linkResolver.cpp, line 759]
Event: 65.091 Thread 0x00000226ff3cd060 Exception <a 'java/lang/NoSuchMethodError'{0x00000000c3c7efa0}: 'java.lang.Object java.lang.invoke.DirectMethodHandle$Holder.invokeStatic(java.lang.Object, int, java.lang.Object)'> (0x00000000c3c7efa0) 
thrown [s\src\hotspot\share\interpreter\linkResolver.cpp, line 759]
Event: 105.465 Thread 0x00000226ff3ce4a0 Exception <a 'java/lang/NoSuchMethodError'{0x00000000c467c1d8}: 'void java.lang.invoke.DirectMethodHandle$Holder.invokeStatic(java.lang.Object, long)'> (0x00000000c467c1d8) 
thrown [s\src\hotspot\share\interpreter\linkResolver.cpp, line 759]
Event: 105.467 Thread 0x00000226ff3ce4a0 Exception <a 'java/lang/NoSuchMethodError'{0x00000000c4681580}: 'java.lang.Object java.lang.invoke.DirectMethodHandle$Holder.newInvokeSpecial(java.lang.Object, long)'> (0x00000000c4681580) 
thrown [s\src\hotspot\share\interpreter\linkResolver.cpp, line 759]

VM Operations (20 events):
Event: 57.969 Executing VM operation: Cleanup done
Event: 59.328 Executing VM operation: Cleanup
Event: 59.758 Executing VM operation: Cleanup done
Event: 60.232 Executing VM operation: HandshakeAllThreads
Event: 60.232 Executing VM operation: HandshakeAllThreads done
Event: 61.245 Executing VM operation: Cleanup
Event: 61.245 Executing VM operation: Cleanup done
Event: 62.298 Executing VM operation: Cleanup
Event: 65.077 Executing VM operation: Cleanup done
Event: 66.093 Executing VM operation: Cleanup
Event: 66.093 Executing VM operation: Cleanup done
Event: 69.031 Executing VM operation: HandshakeAllThreads
Event: 71.126 Executing VM operation: HandshakeAllThreads done
Event: 71.126 Executing VM operation: Cleanup
Event: 71.126 Executing VM operation: Cleanup done
Event: 72.140 Executing VM operation: Cleanup
Event: 72.140 Executing VM operation: Cleanup done
Event: 105.471 Executing VM operation: HandshakeAllThreads
Event: 105.471 Executing VM operation: HandshakeAllThreads done
Event: 115.513 Executing VM operation: G1CollectFull

Events (20 events):
Event: 65.116 loading class java/util/concurrent/ForkJoinWorkerThread done
Event: 68.501 loading class java/util/concurrent/locks/AbstractQueuedSynchronizer$ExclusiveNode
Event: 68.501 loading class java/util/concurrent/locks/AbstractQueuedSynchronizer$ExclusiveNode done
Event: 68.632 loading class java/util/concurrent/CompletableFuture$AsyncRun
Event: 68.633 loading class java/util/concurrent/CompletableFuture$AsyncRun done
Event: 68.645 Thread 0x0000022686163810 Thread added: 0x0000022686163810
Event: 68.900 loading class java/util/concurrent/ConcurrentHashMap$ValueSpliterator
Event: 68.901 loading class java/util/concurrent/ConcurrentHashMap$ValueSpliterator done
Event: 105.131 loading class java/lang/ProcessBuilder
Event: 105.149 loading class java/lang/ProcessBuilder done
Event: 105.149 loading class java/lang/ProcessImpl
Event: 105.209 loading class java/lang/ProcessImpl done
Event: 105.468 loading class java/lang/ProcessImpl$2
Event: 105.468 loading class java/lang/ProcessImpl$2 done
Event: 105.468 loading class java/lang/Process$PipeInputStream
Event: 105.470 loading class java/lang/Process$PipeInputStream done
Event: 105.471 loading class jdk/internal/event/ProcessStartEvent
Event: 105.473 loading class jdk/internal/event/ProcessStartEvent done
Event: 115.512 loading class java/io/FileOutputStream$1
Event: 115.513 loading class java/io/FileOutputStream$1 done


Dynamic libraries:
0x00007ff626cd0000 - 0x00007ff626cde000 	c:\Users\LENOVO\.vscode\extensions\redhat.java-1.28.1-win32-x64\jre\17.0.10-win32-x86_64\bin\java.exe
0x00007ffceb730000 - 0x00007ffceb946000 	C:\WINDOWS\SYSTEM32\ntdll.dll
0x00007ffcea380000 - 0x00007ffcea444000 	C:\WINDOWS\System32\KERNEL32.DLL
0x00007ffce8be0000 - 0x00007ffce8f86000 	C:\WINDOWS\System32\KERNELBASE.dll
0x00007ffce5880000 - 0x00007ffce5917000 	C:\WINDOWS\SYSTEM32\apphelp.dll
0x00007ffce92e0000 - 0x00007ffce93f1000 	C:\WINDOWS\System32\ucrtbase.dll
0x00007ffcd9e50000 - 0x00007ffcd9e67000 	c:\Users\LENOVO\.vscode\extensions\redhat.java-1.28.1-win32-x64\jre\17.0.10-win32-x86_64\bin\jli.dll
0x00007ffceafe0000 - 0x00007ffceb18d000 	C:\WINDOWS\System32\USER32.dll
0x00007ffce9160000 - 0x00007ffce9186000 	C:\WINDOWS\System32\win32u.dll
0x00007ffceb610000 - 0x00007ffceb639000 	C:\WINDOWS\System32\GDI32.dll
0x00007ffce91c0000 - 0x00007ffce92d8000 	C:\WINDOWS\System32\gdi32full.dll
0x00007ffce9000000 - 0x00007ffce909a000 	C:\WINDOWS\System32\msvcp_win.dll
0x00007ffcd9e30000 - 0x00007ffcd9e4b000 	c:\Users\LENOVO\.vscode\extensions\redhat.java-1.28.1-win32-x64\jre\17.0.10-win32-x86_64\bin\VCRUNTIME140.dll
0x00007ffcd8b10000 - 0x00007ffcd8da3000 	C:\WINDOWS\WinSxS\amd64_microsoft.windows.common-controls_6595b64144ccf1df_6.0.22621.3235_none_270f74e173860f98\COMCTL32.dll
0x00007ffceb640000 - 0x00007ffceb6e7000 	C:\WINDOWS\System32\msvcrt.dll
0x00007ffce9ae0000 - 0x00007ffce9b11000 	C:\WINDOWS\System32\IMM32.DLL
0x00007ffcdd430000 - 0x00007ffcdd43c000 	c:\Users\LENOVO\.vscode\extensions\redhat.java-1.28.1-win32-x64\jre\17.0.10-win32-x86_64\bin\vcruntime140_1.dll
0x00007ffcc35f0000 - 0x00007ffcc367d000 	c:\Users\LENOVO\.vscode\extensions\redhat.java-1.28.1-win32-x64\jre\17.0.10-win32-x86_64\bin\msvcp140.dll
0x00007ffca2c60000 - 0x00007ffca38c2000 	c:\Users\LENOVO\.vscode\extensions\redhat.java-1.28.1-win32-x64\jre\17.0.10-win32-x86_64\bin\server\jvm.dll
0x00007ffcea450000 - 0x00007ffcea502000 	C:\WINDOWS\System32\ADVAPI32.dll
0x00007ffce9a30000 - 0x00007ffce9ad8000 	C:\WINDOWS\System32\sechost.dll
0x00007ffce9190000 - 0x00007ffce91b8000 	C:\WINDOWS\System32\bcrypt.dll
0x00007ffcea960000 - 0x00007ffceaa75000 	C:\WINDOWS\System32\RPCRT4.dll
0x00007ffce8950000 - 0x00007ffce899d000 	C:\WINDOWS\SYSTEM32\POWRPROF.dll
0x00007ffcdca60000 - 0x00007ffcdca69000 	C:\WINDOWS\SYSTEM32\WSOCK32.dll
0x00007ffce9500000 - 0x00007ffce9571000 	C:\WINDOWS\System32\WS2_32.dll
0x00007ffce0e90000 - 0x00007ffce0ec4000 	C:\WINDOWS\SYSTEM32\WINMM.dll
0x00007ffce0ed0000 - 0x00007ffce0eda000 	C:\WINDOWS\SYSTEM32\VERSION.dll
0x00007ffce8920000 - 0x00007ffce8933000 	C:\WINDOWS\SYSTEM32\UMPDC.dll
0x00007ffce7a80000 - 0x00007ffce7a98000 	C:\WINDOWS\SYSTEM32\kernel.appcore.dll
0x00007ffcdc8d0000 - 0x00007ffcdc8da000 	c:\Users\LENOVO\.vscode\extensions\redhat.java-1.28.1-win32-x64\jre\17.0.10-win32-x86_64\bin\jimage.dll
0x00007ffce65e0000 - 0x00007ffce6813000 	C:\WINDOWS\SYSTEM32\DBGHELP.DLL
0x00007ffceaa80000 - 0x00007ffceae08000 	C:\WINDOWS\System32\combase.dll
0x00007ffcea770000 - 0x00007ffcea847000 	C:\WINDOWS\System32\OLEAUT32.dll
0x00007ffcd0c40000 - 0x00007ffcd0c72000 	C:\WINDOWS\SYSTEM32\dbgcore.DLL
0x00007ffce9400000 - 0x00007ffce947a000 	C:\WINDOWS\System32\bcryptPrimitives.dll
0x00007ffcd9810000 - 0x00007ffcd9835000 	c:\Users\LENOVO\.vscode\extensions\redhat.java-1.28.1-win32-x64\jre\17.0.10-win32-x86_64\bin\java.dll
0x00007ffcd97f0000 - 0x00007ffcd9808000 	c:\Users\LENOVO\.vscode\extensions\redhat.java-1.28.1-win32-x64\jre\17.0.10-win32-x86_64\bin\zip.dll
0x00007ffce9b20000 - 0x00007ffcea37d000 	C:\WINDOWS\System32\SHELL32.dll
0x00007ffce6980000 - 0x00007ffce7278000 	C:\WINDOWS\SYSTEM32\windows.storage.dll
0x00007ffce6840000 - 0x00007ffce697e000 	C:\WINDOWS\SYSTEM32\wintypes.dll
0x00007ffcea850000 - 0x00007ffcea943000 	C:\WINDOWS\System32\SHCORE.dll
0x00007ffceae20000 - 0x00007ffceae7e000 	C:\WINDOWS\System32\shlwapi.dll
0x00007ffce89a0000 - 0x00007ffce89c6000 	C:\WINDOWS\SYSTEM32\profapi.dll
0x00007ffcd54a0000 - 0x00007ffcd54b9000 	C:\Users\LENOVO\.vscode\extensions\redhat.java-1.28.1-win32-x64\jre\17.0.10-win32-x86_64\bin\net.dll
0x00007ffcdec00000 - 0x00007ffcded37000 	C:\WINDOWS\SYSTEM32\WINHTTP.dll
0x00007ffce7f30000 - 0x00007ffce7f99000 	C:\WINDOWS\system32\mswsock.dll
0x00007ffcd5480000 - 0x00007ffcd5496000 	C:\Users\LENOVO\.vscode\extensions\redhat.java-1.28.1-win32-x64\jre\17.0.10-win32-x86_64\bin\nio.dll
0x00007ffcda1d0000 - 0x00007ffcda1e0000 	c:\Users\LENOVO\.vscode\extensions\redhat.java-1.28.1-win32-x64\jre\17.0.10-win32-x86_64\bin\verify.dll
0x00007ffce8180000 - 0x00007ffce819b000 	C:\WINDOWS\SYSTEM32\CRYPTSP.dll
0x00007ffce79e0000 - 0x00007ffce7a15000 	C:\WINDOWS\system32\rsaenh.dll
0x00007ffce8020000 - 0x00007ffce804c000 	C:\WINDOWS\SYSTEM32\USERENV.dll
0x00007ffce81a0000 - 0x00007ffce81ac000 	C:\WINDOWS\SYSTEM32\CRYPTBASE.dll
0x00007ffce7570000 - 0x00007ffce759d000 	C:\WINDOWS\SYSTEM32\IPHLPAPI.DLL
0x00007ffcea950000 - 0x00007ffcea959000 	C:\WINDOWS\System32\NSI.dll
0x00007ffce0d70000 - 0x00007ffce0d89000 	C:\WINDOWS\SYSTEM32\dhcpcsvc6.DLL
0x00007ffce0cf0000 - 0x00007ffce0d0f000 	C:\WINDOWS\SYSTEM32\dhcpcsvc.DLL
0x00007ffce75b0000 - 0x00007ffce76a9000 	C:\WINDOWS\SYSTEM32\DNSAPI.dll
0x00007ffcd8920000 - 0x00007ffcd8929000 	C:\Users\LENOVO\.vscode\extensions\redhat.java-1.28.1-win32-x64\jre\17.0.10-win32-x86_64\bin\management.dll
0x00007ffcd8910000 - 0x00007ffcd891b000 	C:\Users\LENOVO\.vscode\extensions\redhat.java-1.28.1-win32-x64\jre\17.0.10-win32-x86_64\bin\management_ext.dll
0x00007ffceae10000 - 0x00007ffceae18000 	C:\WINDOWS\System32\PSAPI.DLL

dbghelp: loaded successfully - version: 4.0.5 - missing functions: none
symbol engine: initialized successfully - sym options: 0x614 - pdb path: .;c:\Users\LENOVO\.vscode\extensions\redhat.java-1.28.1-win32-x64\jre\17.0.10-win32-x86_64\bin;C:\WINDOWS\SYSTEM32;C:\WINDOWS\WinSxS\amd64_microsoft.windows.common-controls_6595b64144ccf1df_6.0.22621.3235_none_270f74e173860f98;c:\Users\LENOVO\.vscode\extensions\redhat.java-1.28.1-win32-x64\jre\17.0.10-win32-x86_64\bin\server

VM Arguments:
jvm_args: -XX:+HeapDumpOnOutOfMemoryError -Xmx1024m -Dsts.lsp.client=vscode -Dsts.log.file=/dev/null -XX:TieredStopAtLevel=1 -Xlog:jni+resolve=off -Dspring.config.location=file:c:\Users\LENOVO\.vscode\extensions\vmware.vscode-spring-boot-1.53.0\language-server\BOOT-INF\classes\application.properties 
java_command: org.springframework.ide.vscode.boot.app.BootLanguageServerBootApp
java_class_path (initial): c:\Users\LENOVO\.vscode\extensions\vmware.vscode-spring-boot-1.53.0\language-server\BOOT-INF\classes;c:\Users\LENOVO\.vscode\extensions\vmware.vscode-spring-boot-1.53.0\language-server\BOOT-INF\lib\annotations-24.1.0.jar;c:\Users\LENOVO\.vscode\extensions\vmware.vscode-spring-boot-1.53.0\language-server\BOOT-INF\lib\antlr4-runtime-4.11.1.jar;c:\Users\LENOVO\.vscode\extensions\vmware.vscode-spring-boot-1.53.0\language-server\BOOT-INF\lib\asm-9.6.jar;c:\Users\LENOVO\.vscode\extensions\vmware.vscode-spring-boot-1.53.0\language-server\BOOT-INF\lib\asm-analysis-9.6.jar;c:\Users\LENOVO\.vscode\extensions\vmware.vscode-spring-boot-1.53.0\language-server\BOOT-INF\lib\asm-tree-9.6.jar;c:\Users\LENOVO\.vscode\extensions\vmware.vscode-spring-boot-1.53.0\language-server\BOOT-INF\lib\asm-util-9.6.jar;c:\Users\LENOVO\.vscode\extensions\vmware.vscode-spring-boot-1.53.0\language-server\BOOT-INF\lib\caffeine-3.1.8.jar;c:\Users\LENOVO\.vscode\extensions\vmware.vscode-spring-boot-1.53.0\language-server\BOOT-INF\lib\checker-qual-3.12.0.jar;c:\Users\LENOVO\.vscode\extensions\vmware.vscode-spring-boot-1.53.0\language-server\BOOT-INF\lib\classgraph-4.8.149.jar;c:\Users\LENOVO\.vscode\extensions\vmware.vscode-spring-boot-1.53.0\language-server\BOOT-INF\lib\commons-codec-1.16.1.jar;c:\Users\LENOVO\.vscode\extensions\vmware.vscode-spring-boot-1.53.0\language-server\BOOT-INF\lib\commons-compress-1.26.0.jar;c:\Users\LENOVO\.vscode\extensions\vmware.vscode-spring-boot-1.53.0\language-server\BOOT-INF\lib\commons-io-2.4.jar;c:\Users\LENOVO\.vscode\extensions\vmware.vscode-spring-boot-1.53.0\language-server\BOOT-INF\lib\commons-java-1.53.0-SNAPSHOT.jar;c:\Users\LENOVO\.vscode\extensions\vmware.vscode-spring-boot-1.53.0\language-server\BOOT-INF\lib\commons-lang3-3.13.0.jar;c:\Users\LENOVO\.vscode\extensions\vmware.vscode-spring-boot-1.53.0\language-server\BOOT-INF\lib\commons-language-server-1.53.0-SNAPSHOT.jar;c:\Users\LENOVO\.vscode\extensions\vmware.vscode-spring-boo
Launcher Type: SUN_STANDARD

[Global flags]
     intx CICompilerCount                          = 2                                         {product} {ergonomic}
     uint ConcGCThreads                            = 1                                         {product} {ergonomic}
     uint G1ConcRefinementThreads                  = 2                                         {product} {ergonomic}
   size_t G1HeapRegionSize                         = 1048576                                   {product} {ergonomic}
    uintx GCDrainStackTargetSize                   = 64                                        {product} {ergonomic}
     bool HeapDumpOnOutOfMemoryError               = true                                   {manageable} {command line}
   size_t InitialHeapSize                          = 100663296                                 {product} {ergonomic}
   size_t MarkStackSize                            = 4194304                                   {product} {ergonomic}
   size_t MaxHeapSize                              = 1073741824                                {product} {command line}
   size_t MaxNewSize                               = 643825664                                 {product} {ergonomic}
   size_t MinHeapDeltaBytes                        = 1048576                                   {product} {ergonomic}
   size_t MinHeapSize                              = 8388608                                   {product} {ergonomic}
    uintx NonProfiledCodeHeapSize                  = 0                                      {pd product} {ergonomic}
     bool ProfileInterpreter                       = false                                  {pd product} {command line}
    uintx ProfiledCodeHeapSize                     = 0                                      {pd product} {ergonomic}
   size_t SoftMaxHeapSize                          = 1073741824                             {manageable} {ergonomic}
     intx TieredStopAtLevel                        = 1                                         {product} {command line}
     bool UseCompressedClassPointers               = true                           {product lp64_product} {ergonomic}
     bool UseCompressedOops                        = true                           {product lp64_product} {ergonomic}
     bool UseG1GC                                  = true                                      {product} {ergonomic}
     bool UseLargePagesIndividualAllocation        = false                                  {pd product} {ergonomic}

Logging:
Log output configuration:
 #0: stdout all=warning,jni+resolve=off uptime,level,tags
 #1: stderr all=off uptime,level,tags

Environment Variables:
JAVA_HOME="C:\Program Files\Java\jdk-17"
PATH=D:\PINDAHAN C\jdk-17_windows-x64_bin (1).exe;C:\Program Files\Common Files\Oracle\Java\javapath;C:\Program Files (x86)\Common Files\Oracle\Java\javapath;C:\Program Files (x86)\Common Files\Intel\Shared Files\cpp\bin\Intel64;C:\WINDOWS\system32;C:\WINDOWS;C:\WINDOWS\System32\Wbem;C:\WINDOWS\System32\WindowsPowerShell\v1.0\;C:\WINDOWS\System32\OpenSSH\;C:\Users\LENOVO\MinGW\bin;D:\PINDAHAN C\PuTTY\;C:\Program Files\Git\cmd;;C:\Program Files\Docker\Docker\resources\bin;C:\Program Files\nodejs\;C:\Users\LENOVO\AppData\Local\Programs\Python\Python39\Scripts\;C:\Users\LENOVO\AppData\Local\Programs\Python\Python39\;C:\Users\LENOVO\AppData\Local\Microsoft\WindowsApps;C:\Users\LENOVO\AppData\Local\Programs\Microsoft VS Code\bin;C:\Users\LENOVO\MinGW\bin;C:\Users\LENOVO\flutter\bin;;C:\Users\LENOVO\AppData\Local\Programs\oh-my-posh\bin;D:\PINDAHAN C\IntelliJ IDEA 2023.2.1\bin;;D:\PINDAHAN C\IntelliJ IDEA Educational Edition 2022.2.2\bin;;C:\Users\LENOVO\AppData\Roaming\npm
USERNAME=LENOVO
OS=Windows_NT
PROCESSOR_IDENTIFIER=AMD64 Family 23 Model 32 Stepping 1, AuthenticAMD
TMP=C:\Users\LENOVO\AppData\Local\Temp
TEMP=C:\Users\LENOVO\AppData\Local\Temp



Periodic native trim disabled


---------------  S Y S T E M  ---------------

OS:
 Windows 11 , 64 bit Build 22621 (10.0.22621.3235)
OS uptime: 4 days 17:29 hours
Hyper-V role detected

CPU: total 2 (initial active 2) (2 cores per cpu, 1 threads per core) family 23 model 32 stepping 1 microcode 0x0, cx8, cmov, fxsr, mmx, 3dnowpref, sse, sse2, sse3, ssse3, sse4a, sse4.1, sse4.2, popcnt, lzcnt, tsc, tscinvbit, avx, avx2, aes, clmul, bmi1, bmi2, adx, sha, fma, vzeroupper, clflush, clflushopt, hv
Processor Information for all 2 processors :
  Max Mhz: 1200, Current Mhz: 1200, Mhz Limit: 1200

Memory: 4k page, system-wide physical 6020M (37M free)
TotalPageFile size 24452M (AvailPageFile size 4M)
current process WorkingSet (physical memory assigned to process): 41M, peak: 147M
current process commit charge ("private bytes"): 189M, peak: 191M

vm_info: OpenJDK 64-Bit Server VM (17.0.10+7) for windows-amd64 JRE (17.0.10+7), built on Jan 16 2024 23:25:11 by "admin" with MS VC++ 16.10 / 16.11 (VS2019)

END.
